=== Turn 0: Author generates questions ===
<question>  
Consider the cyclotomic polynomial $\Phi_7(x)$, which is the minimal polynomial over $\mathbb{Q}$ of a primitive 7th root of unity $\zeta_7$. Let $\sigma$ be the Galois automorphism defined by $\sigma(\zeta_7) = \zeta_7^3$. Express the fixed field of the subgroup generated by $\sigma$ as an explicit field extension $\mathbb{Q}(\alpha)$ and give the minimal polynomial of $\alpha$ over $\mathbb{Q}$.  
</question>

<question>  
Let $K/\mathbb{Q}$ be a Galois extension generated by adjoining a root $\theta$ of the polynomial $x^4 - 2$. Define the field automorphism $\tau: K \to K$ such that $\tau(\theta) = i \theta$, where $i^2 = -1$. Determine the order of $\tau$ in the group of field automorphisms $\mathrm{Aut}(K/\mathbb{Q})$.  
</question>

<question>  
Let $F$ be a real closed field, and $K = F(i)$ its algebraic extension with $i^2 = -1$. Define the norm function $N: K \to F$ by $N(a + bi) = a^2 + b^2$ for $a,b \in F$. Given $x = 3 + 4i$, compute the value of $N(x^3)$.  
</question>

<question>  
In the classical setting of ruler and compass constructions starting from points at coordinates $(0,0)$ and $(1,0)$ in the plane, constructible numbers correspond to field extensions of $\mathbb{Q}$ by successive quadratic extensions. Determine the minimal polynomial over $\mathbb{Q}$ of the length $\alpha$ corresponding to the diagonal of a regular pentagon with side length 1, given that $\alpha = 2 \cos \frac{2\pi}{5}$.  
</question>

<question>  
Let $\zeta_{15}$ be a primitive 15th root of unity. The Galois group $G = \mathrm{Gal}(\mathbb{Q}(\zeta_{15})/\mathbb{Q})$ is isomorphic to $(\mathbb{Z}/15\mathbb{Z})^\times$. Considering the automorphism $\sigma_a: \zeta_{15} \mapsto \zeta_{15}^a$ for $a \in (\mathbb{Z}/15\mathbb{Z})^\times$, determine the fixed field of the subgroup generated by $\sigma_4$. Express this fixed field as $\mathbb{Q}(\zeta_n)$ for some divisor $n$ of 15.  
</question>

<question>  
Given the field extension $K = \mathbb{Q}(\sqrt[3]{2}, \zeta_3)$, where $\zeta_3$ is a primitive cube root of unity, define the Galois automorphism $\varphi$ by $\varphi(\sqrt[3]{2}) = \zeta_3 \sqrt[3]{2}$ and $\varphi(\zeta_3) = \zeta_3$. Determine the minimal polynomial of $\sqrt[3]{2} + \varphi(\sqrt[3]{2}) + \varphi^2(\sqrt[3]{2})$ over $\mathbb{Q}$.  
</question>

<question>  
Let $f(x) = x^4 + 1$ in $\mathbb{Q}[x]$ and consider its splitting field $K$. The Galois group $G = \mathrm{Gal}(K/\mathbb{Q})$ contains an element $\sigma$ defined by $\sigma(\zeta_8) = \zeta_8^3$, where $\zeta_8$ is a primitive 8th root of unity. Determine the order of $\sigma$ and the fixed field of the subgroup generated by $\sigma$.  
</question>

<question>  
In the extension $\mathbb{Q}(\sqrt{2}, \sqrt{3})/\mathbb{Q}$, consider the automorphism $\tau$ defined by $\tau(\sqrt{2}) = -\sqrt{2}$ and $\tau(\sqrt{3}) = \sqrt{3}$. Compute the norm $N_{\mathbb{Q}(\sqrt{2},\sqrt{3})/\mathbb{Q}} (1 + \sqrt{2} + \sqrt{3})$.  
</question>

<question>  
Let $K$ be the splitting field of $x^3 - 3x +1$ over $\mathbb{Q}$, which is a Galois extension. Let $\theta$ be a root of $x^3 - 3x + 1$ and $\sigma$ an automorphism permuting the roots cyclically. Define the conjugate element $c = \theta + \sigma(\theta) + \sigma^2(\theta)$. Determine $c$ explicitly in $\mathbb{Q}$.  
</question>

<question>  
Let $F$ be a real closed field and $K = F(i)$ with $i^2 = -1$. For $x = a+bi \in K$, the norm $N(x) = a^2 + b^2$. Given the element $x = (1 + i)^5$, express $N(x)$ as an explicit polynomial in integers.  
</question>
=== Turn 0: Critic feedback ===
