=== Turn 0: Author generates questions ===
<question>  
Consider a scalar field defined in Cartesian coordinates by  
$$ U(x,y,z) = e^{x^2 + y^2 + z^2} $$  
and a vector field  
$$ \mathbf{A}(x,y,z) = (yz, xz, xy). $$  
Calculate the scalar value of the directional derivative of $U$ at the point $(1,0,1)$ in the direction of the vector $\mathbf{A}(1,0,1)$. Express your answer in closed form using $e$.  
</question>

<question>  
In spherical coordinates $(r, \theta, \phi)$ with metric coefficients $h_r=1$, $h_\theta = r$, and $h_\phi = r \sin \theta$, consider a vector field  
$$ \mathbf{V} = \left( r^2,\, r \sin\theta,\, \theta \right). $$  
Compute the divergence $\nabla \cdot \mathbf{V}$ at the point where $r=1$, $\theta = \frac{\pi}{2}$. Provide your answer as a simplified symbolic expression.  
</question>

<question>  
Let $U(x,y,z)$ be a scalar field in $\mathbb{R}^3$ such that  
$$ U = \ln(x^2 + y^2 + z^2). $$  
Evaluate the curl of the gradient of $U$, $\nabla \times (\nabla U)$, at an arbitrary point where $x,y,z \neq 0$. Express your final result in vector form using $x$, $y$, and $z$.  
</question>

<question>  
Define a vector field in cylindrical coordinates $(\rho, \phi, z)$ given by  
$$ \mathbf{F}(\rho, \phi, z) = \left( \rho^2 \cos \phi,\, \rho \sin \phi,\, z^2 \right), $$  
where the metric coefficients are $h_\rho=1$, $h_\phi=\rho$, $h_z=1$. Calculate the scalar quantity $\nabla \cdot (\nabla \times \mathbf{F})$. Express your answer.  
</question>

<question>  
In orthogonal curvilinear coordinates with metric coefficients $h_1=1+u^2$, $h_2=e^v$, and $h_3 = 1$, consider the scalar field  
$$ U(u,v,w) = u^2 v + w e^v $$  
and a vector field  
$$ \mathbf{B} = \left( u v,\, w,\, e^u \right). $$  
Compute the directional derivative of $U$ at $(u,v,w) = (1,0,0)$ in the direction of the unit vector aligned with $\mathbf{B}(1,0,0)$. Present the answer using elementary functions.  
</question>

<question>  
Consider the scalar potential  
$$ U(x,y,z) = \frac{1}{\sqrt{x^2 + y^2 + z^2}} $$  
and define the vector field $\mathbf{C} = \nabla U$. Calculate the divergence $\nabla \cdot \mathbf{C}$ everywhere except the origin. Provide your answer in a simplified symbolic form.  
</question>

<question>  
Given a scalar field  
$$ U(x,y,z) = x y z $$  
calculate the curl of the gradient, $\nabla \times (\nabla U)$, at any point $(x,y,z)$. Provide your answer in vector form.  
</question>

<question>  
In spherical coordinates $(r, \theta, \phi)$ with the metric coefficients $h_r=1$, $h_\theta = r$, $h_\phi = r \sin \theta$, we define the scalar field  
$$ U(r, \theta, \phi) = r^3 \sin \theta \cos \phi. $$  
Determine the directional derivative of $U$ at the point $(r,\theta,\phi) = (2, \frac{\pi}{2}, 0)$ in the direction of the vector  
$$ \mathbf{d} = \nabla U(2, \frac{\pi}{2}, 0). $$  
Express your final result symbolically.  
</question>

<question>  
Consider the Cartesian vector field  
$$ \mathbf{F}(x,y,z) = (x^2 y, yz^2, z x^2). $$  
Calculate the scalar divergence of the curl of $\mathbf{F}$, i.e., compute $\nabla \cdot (\nabla \times \mathbf{F})$ at an arbitrary point $(x,y,z)$. Provide your answer in simplest form.  
</question>

<question>  
Within the orthogonal curvilinear system $(q_1,q_2,q_3)$ with metric coefficients given by  
$$ h_1 = 1+q_1^2, \quad h_2 = \sqrt{1+q_2^2}, \quad h_3 = 1, $$  
a scalar field is defined as  
$$ U(q_1,q_2,q_3) = q_1 e^{q_2} + \sin(q_3). $$  
Express the gradient $\nabla U$ in terms of $(q_1, q_2, q_3)$ and $h$-factors without evaluating derivatives explicitly. Then, compute the value of the dot product of $\nabla U$ with the vector field  
$$ \mathbf{V} = (h_1, 0, h_3) $$  
at the point $(q_1, q_2, q_3) = (0,0,\pi/2)$. Provide the exact symbolic result.  
</question>
=== Turn 0: Critic feedback ===
**General Strengths:**  
- All questions are fully text-based with LaTeX formatting, suitable for a text medium.
- They clearly define scalar/vector fields, coordinates, and what is required.
- Each asks for a concise, symbolic answer (single output).
- No proofs or open-ended requests; all target explicit calculations.
- Multi-step reasoning and manipulations (grad, curl, divergence, etc.) are needed.
- Notation is standard and precise.

**Feedback for Each Guideline:**  

**1. Input Format:**  
- Satisfied. All questions are clear, fully text-based, no diagrams or external references.

**2. Mathematical Structure:**  
- Satisfied. Each problem has a clear, mathematical "setup": definitions of fields, coordinates, points.
- There are no speculative or puzzle-like scenarios.

**3. Solvable Target:**  
- Satisfied. Each question asks for an explicit, symbolic answer or closed-form result.

**4. Multi-Step Reasoning:**  
- Satisfied. All require use of definitions (grad, div, curl), and coordinate transformations; not trivial computations.

**5. Concise and Relevant:**  
- Generally satisfied; details are essential to the computation.
- Minor suggestion: For some fields (e.g., metric coefficients provided each time), you might only need to specify if they differ from standard coordinate metrics, but it is nevertheless useful for clarity and self-containment.

**6. Originality:**  
- Good: most problems (especially involving orthogonal/nonstandard metrics or less obvious vector fields) are non-trivial and not mere textbook rewrites.
- Suggestion: Problems 6 and 7 ask for the divergence/curl of $\nabla U$ (for $1/r$ and $xyz$ respectively), which are standard textbook applications but are distinct enough because of the symbolic point/field detail. To improve further, ensure all setups introduce a small twist or novelty beyond the canonical forms.

**7. Single Output:**  
- Satisfied. Each question leads to a single, unambiguous answer.

**8. Solution Formatting:**  
- Satisfied. All equations/expressions are in proper LaTeX format for Markdown.

**9. Language and Notation:**  
- Satisfied: Reasoning and notation are rigorous, professional, and standard.

**10. Single Solution per Question:**  
- Satisfied: No multiple subparts or ambiguous requests.

**11. Only Question Statements:**  
- Satisfied: No answers, hints, or extraneous information.

---

### Actionable Suggestions:

1. **Ensure Originality:**  
   - Strive for even more novelty in problem context or field definition; for example, experimenting with fields defined via less common functions, or using settings like anisotropic metrics, or coupling more than one operation in a novel order.
2. **Eliminate Redundancy in Metric Coefficient Specification:**  
   - If the coordinate system is standard and metric coefficients are the textbook default, omit stating them unless you intend non-standard metrics (though for standalone problems, clarity may outweigh brevity).
3. **Explicit Uniqueness for Calculus Operations:**  
   - Where possible, specify "at an arbitrary point" or a particular point to ensure a **single** output (already mostly achieved, but confirm for completeness in every item).
4. **Problem 10 ("Express ... without evaluating derivatives"):**  
   - Clarify that 'do not evaluate explicitly' means "write the answer using partial derivative notation"—this instruction is on the edge of the guidelines, but in this context is clear; just ensure this form matches expectations.
5. **Avoid Overlap:**  
   - Problems 6 and 7 are both about divergence and curl of gradient fields. Consider diversifying with different combinations (e.g., Jacobian, Laplacian, vector triple products).

**Summary:**  
These questions mostly **exceed the assessment guidelines** in rigor, clarity, originality, and concise formulation. To further elevate quality:  
- Always introduce subtle novelty or generalization,  
- Be clear and deliberate in metric coefficient specification,  
- Maintain strict single-output clarity,  
- Avoid overlapping concepts across questions within the same assessment.

**No major revisions necessary**; these are highly effective, high-level vector calculus assessment items.
=== Turn 1: Author refines questions ===
<question>  
Consider a scalar field defined in Cartesian coordinates by  
$$ U(x,y,z) = e^{x^2 + y^2 + z^2} $$  
and a vector field  
$$ \mathbf{A}(x,y,z) = (yz, xz, xy). $$  
Calculate the scalar value of the directional derivative of \( U \) at the point \((1,0,1)\) in the direction of the vector \(\mathbf{A}(1,0,1)\). Express your answer in closed form using the constant \( e \).  
</question>

<question>  
In spherical coordinates \((r, \theta, \phi)\) with standard metric coefficients \(h_r=1\), \(h_\theta = r\), and \(h_\phi = r \sin \theta\), consider the vector field  
$$ \mathbf{V}(r,\theta,\phi) = \bigl(r^2,\, r \sin \theta,\, \theta \bigr). $$  
Compute the divergence \(\nabla \cdot \mathbf{V}\) at the point where \( r=1 \) and \( \theta = \frac{\pi}{2} \). Provide your answer as a simplified symbolic expression.  
</question>

<question>  
Let \( U(x,y,z) \) be a scalar field in \(\mathbb{R}^3\) defined by  
$$ U = \ln(x^2 + y^2 + z^2). $$  
Evaluate the curl of the gradient of \( U \), i.e., \(\nabla \times (\nabla U)\), at an arbitrary point with \( x,y,z \neq 0 \). Express your final result in vector form using \(x\), \(y\), and \(z\).  
</question>

<question>  
Define a vector field in cylindrical coordinates \((\rho, \phi, z)\) by  
$$ \mathbf{F}(\rho, \phi, z) = \bigl(\rho^2 \cos \phi,\, \rho \sin \phi,\, z^2 \bigr), $$  
with standard metric coefficients \( h_\rho=1 \), \( h_\phi = \rho \), and \( h_z=1 \). Calculate the scalar quantity \(\nabla \cdot (\nabla \times \mathbf{F})\). Express your answer symbolically.  
</question>

<question>  
In an orthogonal curvilinear coordinate system \((u,v,w)\) with metric coefficients  
$$ h_1 = 1 + u^2, \quad h_2 = e^v, \quad h_3 = 1, $$  
consider the scalar field  
$$ U(u,v,w) = u^2 v + w e^v $$  
and the vector field  
$$ \mathbf{B}(u,v,w) = \bigl(u v,\, w,\, e^u \bigr). $$  
Compute the directional derivative of \( U \) at the point \((u,v,w) = (1,0,0)\) in the direction of the **unit vector** aligned with \(\mathbf{B}(1,0,0)\). Present the answer using elementary functions.  
</question>

<question>  
Consider the scalar potential  
$$ U(x,y,z) = \frac{1}{\sqrt{x^2 + y^2 + z^2}} $$  
and define the vector field \(\mathbf{C} = \nabla U\). Calculate the divergence \(\nabla \cdot \mathbf{C}\) at every point except the origin. Provide your answer in simplified symbolic form.  
</question>

<question>  
Given the scalar field  
$$ U(x,y,z) = x y z, $$  
calculate the curl of the gradient, \(\nabla \times (\nabla U)\), at any point \((x,y,z)\). Provide your answer in vector form.  
</question>

<question>  
In spherical coordinates \((r, \theta, \phi)\) with standard metric coefficients \(h_r=1\), \(h_\theta = r\), and \(h_\phi = r \sin \theta\), define the scalar field  
$$ U(r, \theta, \phi) = r^3 \sin \theta \cos \phi. $$  
Determine the directional derivative of \( U \) at the point \(\bigl(r,\theta,\phi\bigr) = \left( 2, \frac{\pi}{2}, 0 \right) \) in the direction of the vector  
$$ \mathbf{d} = \nabla U\left(2, \frac{\pi}{2}, 0 \right). $$  
Express your final result symbolically.  
</question>

<question>  
Consider the Cartesian vector field  
$$ \mathbf{F}(x,y,z) = (x^2 y,\, y z^2,\, z x^2). $$  
Calculate the scalar divergence of the curl of \(\mathbf{F}\), i.e., compute \(\nabla \cdot (\nabla \times \mathbf{F})\) at an arbitrary point \((x,y,z)\). Provide your answer in simplest form.  
</question>

<question>  
Within an orthogonal curvilinear coordinate system \((q_1,q_2,q_3)\) with metric coefficients  
$$ h_1 = 1 + q_1^2, \quad h_2 = \sqrt{1 + q_2^2}, \quad h_3 = 1, $$  
consider the scalar field  
$$ U(q_1,q_2,q_3) = q_1 e^{q_2} + \sin(q_3). $$  
(a) Express the gradient \(\nabla U\) in terms of the coordinates \((q_1, q_2, q_3)\) and corresponding \(h\)-coefficients without explicitly calculating the partial derivatives (i.e., write \(\nabla U\) using \(\frac{\partial U}{\partial q_i}\) notation).  
(b) Compute the value of the dot product \(\nabla U \cdot \mathbf{V}\) with the vector field  
$$ \mathbf{V} = (h_1,\, 0,\, h_3) $$  
at the point \(\bigl(q_1, q_2, q_3\bigr) = \left(0, 0, \frac{\pi}{2}\right)\). Provide the exact symbolic result.  
</question>
=== Turn 1: Critic feedback ===
Certainly! Here is a question-by-question critique based on your guidelines, followed by overall, actionable improvement points.

---

### Question 1
**Critique:**  
- **Strengths:**  
  - Clear setup of scalar and vector fields.
  - Specifies point and direction for the directional derivative.
  - Output required is single and symbolic.
- **Improvements:**  
  - Wording: “scalar value” is redundant—directional derivative is always scalar.
  - For maximal clarity, consider specifying "unit vector" direction, but as $\mathbf{A}(1,0,1)$ is given, it's sufficient.
  - Overall, meets all listed guidelines.

---

### Question 2
**Critique:**  
- **Strengths:**  
  - Spherical coordinates and metric coefficients defined.
  - Precise specification of the vector field.
  - Target is clear and single: value of divergence at a point.
- **Improvements:**  
  - None significant; question adheres to all criteria.

---

### Question 3
**Critique:**  
- **Strengths:**  
  - Scalar field defined, symbolic curl requested.
  - Vector form required, clear output.
- **Improvements:**  
  - "at an arbitrary point with $x,y,z \neq 0$" is unnecessary, since $\nabla \times (\nabla U)$ will be zero everywhere $U$ is defined (not a trick, but could be more direct).
  - Best to remove the $x,y,z \neq 0$ condition for generality, or explain in the question that the function is undefined at the origin.

---

### Question 4
**Critique:**  
- **Strengths:**  
  - Clear vector field, coordinate system, and target.
- **Improvements:**  
  - The output "scalar quantity" is too generic. Could specify "Express your answer as zero or a symbolic expression" for maximal precision.
  - Otherwise, meets criteria.

---

### Question 5
**Critique:**  
- **Strengths:**  
  - Properly defines both fields, coordinate system, metric, and the desired directional derivative at a specific point.
  - Output is a single symbolic expression.
- **Improvements:**  
  - None significant; meets all criteria.

---

### Question 6
**Critique:**  
- **Strengths:**  
  - Scalar potential well defined, vector field and operation clearly stated.
  - Domain restriction ("except the origin") is explicit.
- **Improvements:**  
  - No issues; meets all guidelines.

---

### Question 7
**Critique:**  
- **Strengths:**  
  - Standard differential vector operation requested.
  - Output is a vector in component form.
- **Improvements:**  
  - Explicitly clarify that the result should be in terms of $x,y,z$; you may want to say "Express your answer in vector form using $x, y, z$."
  - Otherwise, fine.

---

### Question 8
**Critique:**  
- **Strengths:**  
  - Spherical coordinate system, scalar field, and point all fully specified.
  - Vector of direction for derivative specified.
- **Improvements:**  
  - The "direction of $\nabla U$" means the gradient, which is typically straightforward, but for completeness, specify "in the direction of the unit vector $\nabla U$."

---

### Question 9
**Critique:**  
- **Strengths:**  
  - Cartesian field, operation, and domain clear.
  - Target is a single symbolic result.
- **Improvements:**  
  - None; this is concise and unambiguous.

---

### Question 10
**Critique:**  
- **Strengths:**  
  - Curvilinear system specified with metric coefficients and fields.
  - (a) requests a particular expression using notation, not explicit derivative, which may be pedagogically relevant.
- **Improvements:**  
  - **Does not follow guideline #10:** The question asks for two things, violating the guideline that each question should have only one output/solution.
  - To correct: Split (a) and (b) into two entirely separate questions, each asking for only one output.

---

## **General Actionable Feedback**

1. **Single Solution Requirement:** Do not ask for multi-part answers. Each question should require only one output. For example, question 10 should be split into (a) and (b) as independent items.
2. **Explicit Output Forms:** When requesting a result, always specify the form (e.g., "in vector form using $x, y, z$" or "as a single symbolic expression"). Avoid phrases that could introduce ambiguity or allow for multiple interpretations.
3. **Clarity and Redundancy:** Avoid redundant terms (e.g., "scalar value" for the directional derivative). Keep phrasing sharp and concise.
4. **Precision in Variables and Domains:** If you specify restrictions on variables (like $x, y, z \neq 0$), clarify the necessity, or omit unless it impacts the definition.
5. **No Overly Standard Problems:** Most questions are non-trivial—if you were to include more, guard against overly classic textbook questions for uniqueness.
6. **Consistent Notation:** All current notation is consistent.
7. **No Multi-step Outputs:** Each question should produce only one final answer or object.
8. **Question Structure:** Begin with the setting, then present the field(s), the operation required, the point of evaluation (if needed), and conclude with an explicit requirement for the answer form.

---

**Summary:**  
- Avoid multi-part questions.
- Always specify the required form of the answer unambiguously.
- Eliminate redundant phrases and clarify variable restrictions only if needed.
- The current set is largely compliant, but splitting compound questions and tightening output instructions would perfect adherence to your guidelines.
=== Turn 2: Author refines questions ===
<question>  
Consider the scalar field in Cartesian coordinates  
\[ U(x,y,z) = e^{x^2 + y^2 + z^2} \]  
and the vector field  
\[ \mathbf{A}(x,y,z) = (yz,\, xz,\, xy). \]  
Calculate the directional derivative of \( U \) at the point \((1,0,1)\) in the direction of the vector \(\mathbf{A}(1,0,1)\). Express your answer in closed form using the constant \(e\).  
</question>

<question>  
In spherical coordinates \((r, \theta, \phi)\) with metric coefficients \(h_r = 1\), \(h_\theta = r\), and \(h_\phi = r \sin \theta\), consider the vector field  
\[ \mathbf{V}(r,\theta,\phi) = \bigl(r^2,\, r \sin \theta,\, \theta \bigr). \]  
Compute the divergence \(\nabla \cdot \mathbf{V}\) at the point where \(r=1\) and \(\theta = \frac{\pi}{2}\). Provide your answer as a simplified symbolic expression.  
</question>

<question>  
Let \( U(x,y,z) = \ln(x^2 + y^2 + z^2) \) be a scalar field defined on \(\mathbb{R}^3 \setminus \{0\}\). Compute the curl of the gradient of \( U \), i.e., \(\nabla \times (\nabla U)\), at an arbitrary point \((x,y,z)\). Express your result in vector form using coordinates \(x\), \(y\), and \(z\).  
</question>

<question>  
Define a vector field in cylindrical coordinates \((\rho, \phi, z)\) with metric coefficients \(h_\rho = 1\), \(h_\phi = \rho\), and \(h_z = 1\) by  
\[ \mathbf{F}(\rho, \phi, z) = \bigl(\rho^2 \cos \phi,\, \rho \sin \phi,\, z^2 \bigr). \]  
Calculate the scalar quantity \(\nabla \cdot (\nabla \times \mathbf{F})\). Express your answer symbolically.  
</question>

<question>  
In an orthogonal curvilinear coordinate system \((u,v,w)\) with metric coefficients  
\[ h_1 = 1 + u^2, \quad h_2 = e^v, \quad h_3 = 1, \]  
consider the scalar field  
\[ U(u,v,w) = u^2 v + w e^v \]  
and the vector field  
\[ \mathbf{B}(u,v,w) = \bigl(u v,\, w,\, e^u \bigr). \]  
Compute the directional derivative of \( U \) at the point \((u,v,w) = (1,0,0)\) in the direction of the unit vector aligned with \(\mathbf{B}(1,0,0)\). Present your answer using elementary functions.  
</question>

<question>  
Consider the scalar potential  
\[ U(x,y,z) = \frac{1}{\sqrt{x^2 + y^2 + z^2}} \]  
and define the vector field \(\mathbf{C} = \nabla U\). Calculate the divergence \(\nabla \cdot \mathbf{C}\) at all points except the origin. Provide your answer in simplified symbolic form.  
</question>

<question>  
Given the scalar field  
\[ U(x,y,z) = xyz, \]  
calculate the curl of the gradient, \(\nabla \times (\nabla U)\), at any point \((x,y,z)\). Provide your answer in vector form using coordinates \(x,y,z\).  
</question>

<question>  
In spherical coordinates \((r, \theta, \phi)\) with metric coefficients \(h_r = 1\), \(h_\theta = r\), and \(h_\phi = r \sin \theta\), define the scalar field  
\[ U(r, \theta, \phi) = r^3 \sin \theta \cos \phi. \]  
Determine the directional derivative of \( U \) at the point \(\left(2, \frac{\pi}{2}, 0\right)\) in the direction of the unit vector along the gradient \(\nabla U\bigl(2, \frac{\pi}{2}, 0\bigr)\). Express your result symbolically.  
</question>

<question>  
Consider the Cartesian vector field  
\[ \mathbf{F}(x,y,z) = \bigl(x^2 y,\, y z^2,\, z x^2 \bigr). \]  
Calculate the scalar \(\nabla \cdot (\nabla \times \mathbf{F})\) at an arbitrary point \((x,y,z)\). Provide your answer in simplest form.  
</question>

<question>  
Within an orthogonal curvilinear coordinate system \((q_1,q_2,q_3)\) with metric coefficients  
\[ h_1 = 1 + q_1^2, \quad h_2 = \sqrt{1 + q_2^2}, \quad h_3 = 1, \]  
consider the scalar field  
\[ U(q_1, q_2, q_3) = q_1 e^{q_2} + \sin(q_3). \]  
Express the gradient \(\nabla U\) in terms of \(\frac{\partial U}{\partial q_i}\) and the metric coefficients \(h_i\) without explicitly calculating the partial derivatives. Present your answer clearly using standard gradient notation for orthogonal curvilinear coordinates.  
</question>

<question>  
Within the same orthogonal curvilinear coordinate system \((q_1,q_2,q_3)\) with metric coefficients  
\[ h_1 = 1 + q_1^2, \quad h_2 = \sqrt{1 + q_2^2}, \quad h_3 = 1, \]  
and the scalar field  
\[ U(q_1, q_2, q_3) = q_1 e^{q_2} + \sin(q_3), \]  
let the vector field be  
\[ \mathbf{V} = (h_1,\, 0,\, h_3). \]  
Compute the value of the dot product \(\nabla U \cdot \mathbf{V}\) at the point \(\left(0,0,\frac{\pi}{2}\right)\). Provide the exact symbolic result.  
</question>
=== Final questions generated ===
