✅ Downloaded 14.pdf
❌ Failed https://drive.google.com/file/d/1Rv_vuL-ZFmrnNFOSTSru7ejpejWG64A6/view?usp=drive_link: 401 Client Error: Unauthorized for url: https://drive.google.com/file/d/1Rv_vuL-ZFmrnNFOSTSru7ejpejWG64A6/view?usp=drive_link
❌ Failed https://www.sas.com/storefront/aux/en/spmultdatared/56902_excerpt.pdf": 404 Client Error: Not Found for url: https://www.sas.com/storefront/aux/en/spmultdatared/56902_excerpt.pdf%22
✅ Downloaded field.pdf
✅ Downloaded 4_06-28-2021_11-45-05_Theory%20of%20Field%20Extensions_(20MAT22C1).pdf
✅ Downloaded 19poly.pdf
✅ Downloaded probability-theory.pdf
✅ Downloaded view.pdf
✅ Downloaded 3alg1-7.pdf
✅ Downloaded LinearAlgebra.pdf
✅ Downloaded math4120_lecture-4-01_h.pdf
✅ Downloaded VC-4.pdf
✅ Downloaded implicit_function_thm.pdf
✅ Downloaded view.pdf
✅ Downloaded 20200402172056158c70545b.pdf
✅ Downloaded HELM%20Workbook%2042%20Goodness%20of%20Fit%20and%20Contingency%20Tables.pdf
✅ Downloaded viewcontent.cgi.pdf
✅ Downloaded oer-trigonometry.pdf
✅ Downloaded view.pdf
✅ Downloaded view.pdf
✅ Downloaded 12Chap8.pdf
❌ Failed https://drive.google.com/file/d/1T22X1x1V8NTQYuZBVJee5H61hejMn9WT/view?usp=drive_link: 401 Client Error: Unauthorized for url: https://drive.google.com/file/d/1T22X1x1V8NTQYuZBVJee5H61hejMn9WT/view?usp=drive_link
✅ Downloaded ma2730.pdf
❌ Failed https://upload.wikimedia.org/wikipedia/commons/5/54/Analytic_geometry_of_space_%28IA_analygeomspace00snydrich%29.pdf: 403 Client Error: Forbidden. Please comply with the User-Agent policy: https://meta.wikimedia.org/wiki/User-Agent_policy for url: https://upload.wikimedia.org/wikipedia/commons/5/54/Analytic_geometry_of_space_%28IA_analygeomspace00snydrich%29.pdf
✅ Downloaded Week7-9.pdf
✅ Downloaded view.pdf
✅ Downloaded IGNTU-eContent-467281593500-B.Com-4-Prof.ShailendraSinghBhadouriaDean&-BUSINESSSTATISTICS-All.pdf
❌ Failed https://drive.google.com/file/d/1G3YV-M7uubWbMBOd2jDR5DQWaOovDbXw/view?usp=drive_link: 401 Client Error: Unauthorized for url: https://drive.google.com/file/d/1G3YV-M7uubWbMBOd2jDR5DQWaOovDbXw/view?usp=drive_link
✅ Downloaded algebra3-notes.pdf
✅ Downloaded view.pdf
✅ Downloaded advanced-integration-techniques6.pdf
✅ Downloaded TopNotes_Spring10.pdf
✅ Downloaded Unit-12.pdf
✅ Downloaded mit18_702s22_lect19.pdf
✅ Downloaded diffforms.pdf
✅ Downloaded Block-2.pdf
✅ Downloaded An%20Introduction%20to%20Partial%20Differential%20Equations%20-%20Y.%20Pinchover,%20J.%20Rubenstein%20(Cambridge,%202005)%20WW.pdf
✅ Downloaded GaloisEssay1.pdf
✅ Downloaded view.pdf
✅ Downloaded note2.pdf
✅ Downloaded view.pdf
✅ Downloaded linear_systems.pdf
✅ Downloaded AlgebraAndTrigonometry-LR.pdf
✅ Downloaded 202003241550010566rajeev_pandey_Probability_Theory.pdf
❌ Failed https://drive.google.com/file/d/1nH1DL9Xmvc2Smbnbtvz7MZnEPZP0N8uZ/view?usp=drive_link: 401 Client Error: Unauthorized for url: https://drive.google.com/file/d/1nH1DL9Xmvc2Smbnbtvz7MZnEPZP0N8uZ/view?usp=drive_link
✅ Downloaded view.pdf
✅ Downloaded VC-3.pdf
❌ Failed https://drive.google.com/file/d/1GppaS0hhNZ0yOo3dg9Y9GrFIahfk2hWM/view?usp=drive_link: 401 Client Error: Unauthorized for url: https://drive.google.com/file/d/1GppaS0hhNZ0yOo3dg9Y9GrFIahfk2hWM/view?usp=drive_link
✅ Downloaded f15m200notes.pdf
✅ Downloaded view.pdf
✅ Downloaded 2poly.pdf
❌ Failed https://drive.google.com/file/d/1Sl_YaISHQTwuenlTFsZPgXjneJm28pih/view?usp=drive_link: 401 Client Error: Unauthorized for url: https://drive.google.com/file/d/1Sl_YaISHQTwuenlTFsZPgXjneJm28pih/view?usp=drive_link
❌ Failed https://drive.google.com/file/d/1xPls8s0IBNn_ivU2g865ewhMGO_rgj9G/view?usp=drive_link: 401 Client Error: Unauthorized for url: https://drive.google.com/file/d/1xPls8s0IBNn_ivU2g865ewhMGO_rgj9G/view?usp=drive_link
✅ Downloaded IAS-20-04-13.pdf
✅ Downloaded Measures-of-Central-Tendency-2014.pdf
✅ Downloaded Math--Bertsekas_Tsitsiklis_Introduction_to_probability.pdf
✅ Downloaded view.pdf
✅ Downloaded ode.pdf
❌ Failed https://drive.google.com/file/d/1pnkqwKo00GQgIR-ZPU2hZf81Jt8UTuQT/view?usp=drive_link: 401 Client Error: Unauthorized for url: https://drive.google.com/file/d/1pnkqwKo00GQgIR-ZPU2hZf81Jt8UTuQT/view?usp=drive_link
✅ Downloaded view.pdf
