=== Turn 0: Author generates questions ===
Here are some novel university-level mathematics questions based on the provided guidelines:

1. <question>Let $H$ be a Hilbert manifold modeled on the Hilbert space $L^2([0,1])$. Suppose $A: H \to H$ is a Fredholm operator with index 0. Consider a non-linear map $F: H \to H$ such that $F(u) = u + K(u)$, where $K$ is a compact operator. If the moduli space of solutions to $Au + F(u) = 0$ is finite-dimensional, what is the expected dimension of this moduli space?</question>

2. <question>Consider a Hom-Lie algebra $(L, [\cdot, \cdot], \alpha)$ where $L$ is a finite-dimensional vector space, $[\cdot, \cdot] : L \times L \to L$ is a bilinear map, and $\alpha: L \to L$ is a linear map satisfying the twisted Jacobi identity:
$$[\alpha(x), [y, z]] + [\alpha(y), [z, x]] + [\alpha(z), [x, y]] = 0.$$
Let $ad_x(y) = [x, y]$ be the adjoint map. Find an expression for the trace of the map $ad_{\alpha(x)} \circ ad_{\alpha(y)}$, where $x, y \in L$, in terms of the structure constants of the Hom-Lie algebra with respect to a chosen basis $\{e_i\}$.</question>

3. <question>Let $W^{s,p}(\Omega)$ be a Sobolev space, where $\Omega \subset \mathbb{R}^n$ is a bounded domain with smooth boundary, $s$ is a non-negative integer and $1 < p < \infty$. Define the operator $T: W^{s,p}(\Omega) \to W^{s,p}(\Omega)$ by $T(u) = u + \Delta u$, where $\Delta$ is the Laplacian operator. Assume $T$ is Fredholm. Determine the dimension of the kernel of $T$ when $s=2$ and $p=2$, subject to the Dirichlet boundary condition $u|_{\partial \Omega} = 0$ and $\Delta u|_{\partial \Omega} = 0$.</question>

4. <question>Consider a particle moving in a central potential $V(r)$ such that the Hamiltonian is given by $H = \frac{p_r^2}{2m} + \frac{L^2}{2mr^2} + V(r)$, where $p_r$ is the radial momentum and $L$ is the angular momentum. Suppose the potential $V(r)$ is such that the radial action variable $J_r = \frac{1}{2\pi} \oint p_r dr$ is adiabatically invariant. If $V(r) = \frac{k}{r^2}$, and the constant $k$ slowly changes with time as $k(t) = k_0 e^{-\epsilon t}$ with $\epsilon > 0$, determine the leading-order time dependence of $L$ due to the adiabatic change in $k(t)$.</question>

5. <question>Let $M$ be a smooth, compact manifold without boundary. Suppose $\mathcal{A}$ is the space of irreducible connections on a principal $G$-bundle over $M$, where $G$ is a compact Lie group. Let $\mathcal{G}$ be the gauge group. The moduli space of flat connections is given by $\mathcal{M} = \mathcal{A}/\mathcal{G}$. If the dimension of $M$ is 4, and the second Betti number $b_2(M) = 1$, provide a formula for the expected dimension of $\mathcal{M}$ in terms of the dimension of $G$ and the Euler characteristic $\chi(M)$. Assume the action of $\mathcal{G}$ on $\mathcal{A}$ is free.</question>
=== Turn 0: Critic feedback ===
Here's a critique of each question based on the provided guidelines, with actionable feedback for improvement:

---

**Question 1: Hilbert manifold, Fredholm operator, non-linear map, moduli space dimension.**

*   **Critique:**
    *   **Clarity on $K$:** The question states $F(u) = u + K(u)$ where $K$ is a "compact operator" and $F$ is a "non-linear map". For $F$ to be non-linear, $K$ must be a non-linear compact operator. If $K$ were linear, $F$ would be linear. This ambiguity should be removed.
    *   **"Expected Dimension":** For a generic non-linear Fredholm map of index 0, the expected dimension of the moduli space of solutions is 0 (i.e., isolated solutions). If the question implies a more complex scenario where the dimension can be non-zero despite index 0 (e.g., due to specific degeneracies or specific properties of $K$), this should be hinted at. Otherwise, the question might be simpler than intended, relying on a direct application of a known result.

*   **Actionable Feedback:**
    1.  Clarify that $K$ is a **non-linear compact operator** to ensure consistency with $F$ being a non-linear map.
    2.  If the answer is simply 0 based on index theory, consider making the question more intricate to justify its "novel" and "university-level" claim, or accept it as testing a core concept. If it relies on a specific nuance of "expected dimension" beyond the index, this nuance should be subtly indicated.

---

**Question 2: Hom-Lie algebra, trace of adjoint maps.**

*   **Critique:** This question is very well-posed, clear, and adheres to all guidelines. It delves into a specialized but well-defined area of abstract algebra, requiring multi-step reasoning involving definitions, structure constants, and linear algebra.
*   **Actionable Feedback:** No significant improvements needed. This is a strong question.

---

**Question 3: Sobolev space, Laplacian, Fredholm operator, kernel dimension.**

*   **Critique:**
    *   **Redundant Boundary Condition:** For $u \in \ker(T)$, we have $u + \Delta u = 0$. If $u|_{\partial \Omega} = 0$, then it follows that $\Delta u = -u$, so $\Delta u|_{\partial \Omega} = -u|_{\partial \Omega} = 0$. Thus, the second boundary condition $\Delta u|_{\partial \Omega} = 0$ is redundant and adds no new information to the problem statement. This might be a subtle trick, but it could also be misleading.
    *   **Well-definedness of Trace:** For $u \in W^{2,2}(\Omega) = H^2(\Omega)$, the trace $u|_{\partial \Omega}$ is well-defined. However, the trace of the Laplacian, $\Delta u|_{\partial \Omega}$, is generally not well-defined in the strong sense (e.g., as an $L^2$ or $H^{1/2}$ function on the boundary) for arbitrary $u \in H^2(\Omega)$. It typically requires higher regularity ($u \in H^{5/2}(\Omega)$ for $\Delta u|_{\partial \Omega} \in H^1(\partial \Omega)$ or specific conditions. While the redundancy resolves this in practice for solutions to $u + \Delta u = 0$, the initial setup could be more rigorously presented to avoid questions about the well-definedness of the second boundary condition in the specified Sobolev space.

*   **Actionable Feedback:**
    1.  Either explicitly state that the second boundary condition is redundant (making it a test of analytical observation), or modify the question to make both boundary conditions genuinely independent and necessary (e.g., by changing the operator to a fourth-order one, or changing the second boundary condition).
    2.  If the current form is intended, consider adding a phrase like "Assume $u$ is sufficiently regular such that the boundary conditions are well-defined."

---

**Question 4: Hamiltonian mechanics, central potential, adiabatic invariance, angular momentum.**

*   **Critique:**
    *   **Bounded Motion Assumption:** The radial action variable $J_r = \frac{1}{2\pi} \oint p_r dr$ is defined as an integral over a closed orbit (periodic radial motion). For the potential $V(r) = k/r^2$, motion is not always bounded or periodic (e.g., "fall to the center" for certain $k$). For the concept of adiabatic invariance to apply rigorously, the radial motion must be periodic or quasi-periodic, implying bounded motion. This assumption is crucial but not explicitly stated.

*   **Actionable Feedback:**
    1.  Specify that the parameters and initial conditions are such that the radial motion is **bounded and periodic** (or quasi-periodic), ensuring $J_r$ is a well-defined adiabatic invariant.

---

**Question 5: Moduli space of flat connections, 4-manifold, Betti numbers, Euler characteristic.**

*   **Critique:**
    *   **Information Relevance/Consistency:** The question asks for the "moduli space of flat connections" but provides parameters ($M$ is 4-dimensional, $b_2(M)=1$, Euler characteristic $\chi(M)$) that are strongly associated with the dimension formula for moduli spaces of *instantons* (anti-self-dual connections) on a 4-manifold, not typically flat connections. For flat connections on a smooth, compact manifold $M$ with a compact Lie group $G$, the dimension of the moduli space of irreducible flat connections is usually $\dim G \cdot b_1(M)$ (assuming the trivial bundle for simplicity or generic cases). If this is the case, then $b_2(M)$ and $\chi(M)$ are extraneous information, violating the "Concise and Relevant" guideline. If the question indeed intends to ask about flat connections and these parameters are relevant through a deeper, perhaps less common, formula for 4-manifolds (e.g., virtual dimension from an index theorem for the gauge complex for non-generic cases), this context should be hinted at. Otherwise, it risks being a misleading question that provides irrelevant data.

*   **Actionable Feedback:**
    1.  **Clarify Moduli Space Type:** Either change "flat connections" to "anti-self-dual connections" (instantons) if that's the intended target, as the provided parameters are highly relevant for instanton moduli spaces on 4-manifolds.
    2.  **OR, if "flat connections" is precise:** Explain or hint at the specific context (e.g., "virtual dimension in the generic case," or a specific topological invariant connection) where $b_2(M)$ and $\chi(M)$ become relevant for flat connections on a 4-manifold, to avoid them appearing as extraneous information. If they are truly irrelevant for the intended formula, remove $b_2(M)$ and $\chi(M)$ from the question and only include $b_1(M)$.
=== Turn 1: Author refines questions ===
Okay, I've refined the questions based on the feedback provided. Here's the improved numbered list:

1. <question>Let $H$ be a Hilbert manifold modeled on the Hilbert space $L^2([0,1])$. Suppose $A: H \to H$ is a Fredholm operator with index 0. Consider a non-linear map $F: H \to H$ such that $F(u) = u + K(u)$, where $K$ is a non-linear compact operator. Assume the moduli space of solutions to $Au + F(u) = 0$ is finite-dimensional and non-empty. Due to specific degeneracies in the equation $Au + F(u) = 0$, the expected dimension of the moduli space can be greater than zero. Assuming transversality holds, what is the dimension of this moduli space?</question>

2. <question>Consider a Hom-Lie algebra $(L, [\cdot, \cdot], \alpha)$ where $L$ is a finite-dimensional vector space, $[\cdot, \cdot] : L \times L \to L$ is a bilinear map, and $\alpha: L \to L$ is a linear map satisfying the twisted Jacobi identity:
$$[\alpha(x), [y, z]] + [\alpha(y), [z, x]] + [\alpha(z), [x, y]] = 0.$$
Let $ad_x(y) = [x, y]$ be the adjoint map. Find an expression for the trace of the map $ad_{\alpha(x)} \circ ad_{\alpha(y)}$, where $x, y \in L$, in terms of the structure constants $C_{ij}^k$ defined by $[e_i, e_j] = \sum_k C_{ij}^k e_k$ of the Hom-Lie algebra with respect to a chosen basis $\{e_i\}$.</question>

3. <question>Let $W^{2,2}(\Omega)$ be a Sobolev space, where $\Omega \subset \mathbb{R}^n$ is a bounded domain with smooth boundary. Define the operator $T: W^{2,2}(\Omega) \to W^{2,2}(\Omega)$ by $T(u) = u + \Delta u$, where $\Delta$ is the Laplacian operator. Assume $T$ is Fredholm. Determine the dimension of the kernel of $T$, subject to the Dirichlet boundary condition $u|_{\partial \Omega} = 0$.</question>

4. <question>Consider a particle moving in a central potential $V(r)$ such that the Hamiltonian is given by $H = \frac{p_r^2}{2m} + \frac{L^2}{2mr^2} + V(r)$, where $p_r$ is the radial momentum and $L$ is the angular momentum. Suppose the potential $V(r)$ is such that the radial action variable $J_r = \frac{1}{2\pi} \oint p_r dr$ is adiabatically invariant. Assume the potential is $V(r) = \frac{k}{r^2}$ and that the particle's motion is bounded and periodic for initial $k$. If the constant $k$ slowly changes with time as $k(t) = k_0 e^{-\epsilon t}$ with $\epsilon > 0$, determine the leading-order time dependence of $L$ due to the adiabatic change in $k(t)$.</question>

5. <question>Let $M$ be a smooth, compact, oriented 4-manifold without boundary with $b_2(M) = 1$ and Euler characteristic $\chi(M)$. Let $G$ be a compact Lie group. Consider the moduli space $\mathcal{M}$ of anti-self-dual connections (instantons) on a principal $G$-bundle over $M$. Assuming the action of the gauge group $\mathcal{G}$ is free, provide a formula for the expected dimension of $\mathcal{M}$ in terms of the dimension of $G$ and the Euler characteristic $\chi(M)$.</question>
=== Turn 1: Critic feedback ===
Here's a critique of your questions based on the provided guidelines:

**1. Question 1:**
*   **Guideline 3 (Solvable Target) & 5 (Concise and Relevant):** The phrase "Due to specific degeneracies... the expected dimension of the moduli space can be greater than zero" introduces critical information that is left mathematically undefined. To be solvable, the nature of these "specific degeneracies" must be precisely characterized, as they directly impact the expected dimension. As currently stated, the question is ambiguous and cannot lead to a unique symbolic result.
*   **Guideline 7 (Multi-Step Reasoning):** Without a precise definition of the "specific degeneracies," it's impossible to apply a logical sequence of mathematical steps to determine a unique dimension.

**2. Question 2:**
*   **Guideline 6 (Originality):** While the context of Hom-Lie algebras is specialized, the task of expressing the trace of a product of adjoint maps in terms of structure constants is a very common type of exercise in Lie algebra theory. Although adapted to a Hom-Lie algebra, the fundamental approach mirrors standard textbook problems, potentially violating the spirit of originality.

**3. Question 3:**
*   **Guideline 6 (Originality):** Determining the dimension of the kernel of $T(u) = u + \Delta u$ subject to Dirichlet boundary conditions is a very standard problem in the theory of elliptic partial differential equations and Sobolev spaces. For a generic domain $\Omega$, the kernel dimension is often 0 (if $-1$ is not an eigenvalue of $\Delta$), making it a fundamental knowledge recall rather than a unique or non-trivial problem.
*   **Guideline 7 (Multi-Step Reasoning):** For a general domain, the solution typically relies on direct knowledge of spectral properties of the Laplacian, which limits the requirement for extensive multi-step reasoning, making it more of a theoretical recall.

**4. Question 4:**
*   **Guideline 6 (Originality):** This problem describes a classic scenario for adiabatic invariance involving a $1/r^2$ central potential. It is a well-known and often-studied example in advanced classical mechanics textbooks, directly contravening the guideline to "Avoid rewording standard textbook problems."

**5. Question 5:**
*   **Guideline 6 (Originality):** The question asks for the expected dimension of the moduli space of anti-self-dual connections, which is a direct application/recall of a fundamental result derived from the Atiyah-Singer index theorem. It is not an original problem requiring novel derivation.
*   **Guideline 7 (Multi-Step Reasoning):** Providing this formula is a direct recall of a known theorem, not a multi-step derivation or calculation specific to the given parameters. The problem asks for the *formula*, not its derivation, thereby limiting the required reasoning to memory.
=== Turn 2: Author refines questions ===
Okay, I understand the feedback. The key is to ensure the questions are both solvable with reasonable assumptions AND push beyond standard textbook exercises and direct applications of well-known theorems. Here's a revised list, attempting to address these points:

1.  <question>Let $H$ be a Hilbert manifold modeled on the Hilbert space $L^2([0,1])$. Suppose $A: H \to H$ is a Fredholm operator with index 0, and has a one-dimensional kernel spanned by $\phi \in H$. Consider a non-linear map $F: H \to H$ such that $F(u) = u + K(u)$, where $K$ is a non-linear compact operator. Assume $F(0)=0$ and $K'(0) = 0$. Further, assume the equation $Au + F(u) = 0$ admits a one-parameter family of solutions $u(s)$, where $s \in (-\epsilon, \epsilon)$, with $u(0) = 0$. The linearized operator $A + F'(u(s))$ at $s=0$ is therefore not invertible.  Derive an expression for the dimension of the solution space near $u=0$ assuming that $\langle (A+F'(u(s)))'|_{s=0} (\frac{du}{ds}(0)), \phi \rangle \neq 0$.</question>

2.  <question>Consider a Hom-Lie algebra $(L, [\cdot, \cdot], \alpha)$ where $L$ is a finite-dimensional vector space, $[\cdot, \cdot] : L \times L \to L$ is a bilinear map, and $\alpha: L \to L$ is a linear map satisfying the twisted Jacobi identity. Let $ad_x(y) = [x, y]$ be the adjoint map. Assume that $\alpha$ is invertible. Define a new bilinear operation $\{\cdot, \cdot\}$ on $L$ by $\{x, y\} = [\alpha(x), \alpha(y)]$. Find the condition on $\alpha$ such that $(L, \{\cdot, \cdot\})$ is also a Hom-Lie algebra with respect to $\alpha$, and derive the specific twisted Jacobi identity that $\{\cdot, \cdot\}$ satisfies.</question>

3.  <question>Let $\Omega \subset \mathbb{R}^n$ be a bounded domain with smooth boundary. Consider the eigenvalue problem $-\Delta u = \lambda u$ in $\Omega$ with Dirichlet boundary conditions $u|_{\partial \Omega} = 0$. Let $\lambda_1$ be the smallest eigenvalue, and $\phi_1$ be the corresponding normalized eigenfunction.  Let $W = \{u \in H_0^1(\Omega) : \int_\Omega u \phi_1 \, dx = 0 \}$. Consider the minimization problem $\inf_{u \in W} \frac{\int_\Omega |\nabla u|^2 dx}{\int_\Omega u^2 dx}$. Determine the value of this infimum and explain its relationship to other eigenvalues of the Laplacian.</question>

4.  <question>Consider a particle moving in a spherically symmetric potential $V(r)$.  The Hamiltonian is $H = \frac{p_r^2}{2m} + \frac{L^2}{2mr^2} + V(r)$. Assume that the potential $V(r)$ slowly changes in time, specifically its overall strength: $V(r, t) = f(t)V_0(r)$, where $f(t)$ is a slowly varying function with $f(0) = 1$ and $\lim_{t\to\infty} f(t) = 0$. Moreover, assume that the period of the radial motion, $T_r$, is small compared to the characteristic timescale of the function $f(t)$.  Show that the adiabatic invariant $I = \oint p_r \, dr$ evolves such that $dI/dt \sim \frac{df}{dt} \oint \frac{\partial V}{\partial f} \frac{\partial r}{\partial H} dr$ to first order in $\epsilon$, where $\epsilon$ characterizes the slow change of $f(t)$.  Then, simplify this expression as much as possible using properties of Hamiltonian mechanics.</question>

5.  <question>Let $M$ be a smooth, compact, oriented 4-manifold without boundary. Let $G = SU(2)$. Consider the moduli space $\mathcal{M}$ of anti-self-dual connections (instantons) on a principal $G$-bundle over $M$ with instanton number $k$. Suppose we deform the metric $g$ on $M$ to a new metric $g'$. Assume that the moduli space $\mathcal{M}$ is smooth for both metrics. How does the dimension of $\mathcal{M}$ change as we transition from metric $g$ to $g'$ if the signature $\sigma(M)$ changes by $1$? Relate your answer to the Atiyah-Singer index theorem.</question>
=== Final questions generated ===
