=== Turn 0: Author generates questions ===
Here are some novel university-level physics questions based on the given topics, concepts, and guidelines:

1. <question>
Consider an atomless probability space $(\Omega, \Sigma, \mu)$ where $\Omega$ is a measurable space, $\Sigma$ is a $\sigma$-algebra of subsets of $\Omega$, and $\mu: \Sigma \to [0,1]$ is a probability measure. A quantum particle is prepared in a superposition of states described by a density operator $\rho$ acting on a Hilbert space $\mathcal{H}$. The measurement of an observable $A$ with spectral decomposition $A = \int a dE(a)$ projects the particle into an eigenstate of $A$. Suppose that the expectation value of $A$ in the state $\rho$ is given by $\langle A \rangle = \text{Tr}(\rho A)$. If the probability of obtaining a measurement result in the interval $[a, a+da]$ is given by $dP(a) = \text{Tr}(\rho dE(a))$, what is the abstract Lebesgue integral representing the average energy of the particle after measurement, expressed solely in terms of $\langle A \rangle$ and the probability measure $\mu$?
</question>

2. <question>
A gas of $N$ non-interacting particles is confined within a volume $V$. The particles are described by a strongly finitely based theory, where the number of particle types is finite and relationships between particles are determined by a finite number of parameters. Assume that the energy of each particle is given by $\epsilon = \frac{p^2}{2m}$, where $p$ is the momentum and $m$ is the mass. The gas is in thermal equilibrium at temperature $T$. Utilizing quantifier elimination, derive an expression for the partition function $Z$ of the gas in terms of $N$, $V$, $m$, $T$, and fundamental constants, where the theory governing particle interactions allows for the elimination of quantifiers pertaining to particle positions and momenta, effectively reducing the problem to calculating the integral over a finite number of parameters characterizing the particle types.
</question>

3. <question>
Two quantum systems, $S_1$ and $S_2$, are initially described by density matrices $\rho_1$ and $\rho_2$ respectively. The combined system is then subjected to a time evolution described by a unitary operator $U(t) = e^{-iHt/\hbar}$, where $H$ is the Hamiltonian of the combined system. Assume that the interaction between the two systems vanishes after a certain time $t_0$, allowing each system to evolve independently according to its own Hamiltonian, $H_1$ and $H_2$. Let $\rho(t)$ be the density matrix of the combined system at time $t$. Express the trace distance $D(\rho_1(t), \rho_2(t))$ between the reduced density matrices of the two systems at time $t > t_0$ solely as a function of $U(t)$, $H_1$, $H_2$, and the initial density matrices $\rho_1$ and $\rho_2$, assuming quantifier elimination simplifies the evolution equations.
</question>

4. <question>
Consider a classical field theory described by a Lagrangian density $\mathcal{L}(\phi, \partial_\mu \phi)$, where $\phi(x)$ is a scalar field and $\partial_\mu \phi$ is its derivative. Suppose the theory possesses a global symmetry under the transformation $\phi(x) \to \phi(x) + \epsilon$, where $\epsilon$ is a constant. According to Noether's theorem, there exists a conserved current $j^\mu(x)$ such that $\partial_\mu j^\mu(x) = 0$. If, after applying quantifier elimination to simplify the equations of motion derived from $\mathcal{L}$, the conserved charge $Q = \int d^3x j^0(x)$ can be expressed solely in terms of a finite set of parameters characterizing the field configuration, what is the expression for the Poisson bracket $\{Q, \phi(y)\}$ in terms of these parameters and the spatial coordinates $x$ and $y$?
</question>

5. <question>
A relativistic particle with mass $m$ and charge $q$ moves in an external electromagnetic field described by the four-potential $A^\mu(x)$. The particle's trajectory is governed by the Euler-Lagrange equations derived from the Lagrangian $L = -mc^2\sqrt{1 - v^2/c^2} - q\phi + q\mathbf{v} \cdot \mathbf{A}$, where $\phi$ and $\mathbf{A}$ are the scalar and vector potentials, respectively. Assume that the electromagnetic field is static and uniform, and that the theory describing the particle's motion is strongly finitely based. What is the relativistic Hamiltonian $H$ of the particle, expressed as a function of the canonical momentum $\mathbf{p}$, the charge $q$, the vector potential $\mathbf{A}$, the mass $m$, and the speed of light $c$, after quantifier elimination removes dependencies on higher-order derivatives of the coordinates?
</question>
=== Turn 0: Critic feedback ===
Here is a critique of each question against the provided guidelines, with concise, actionable feedback for improvement:

---

**Question 1:**
*   **Critique:** This question attempts to merge quantum mechanics with concepts from measure theory (atomless probability space, abstract Lebesgue integral). However, the inclusion of the "atomless probability space $(\Omega, \Sigma, \mu)$" and the subsequent request to express the average energy "solely in terms of $\langle A \rangle$ and the probability measure $\mu$" is deeply problematic. The given quantum probability measure $dP(a) = \text{Tr}(\rho dE(a))$ lives on the spectrum of the observable $A$, not on the abstract space $\Omega$. There is no clear or standard connection provided between $dP(a)$ and $\mu$. The expectation value $\langle A \rangle = \int a dP(a)$ *is* the average energy, and it's already defined. Asking for the "abstract Lebesgue integral representing the average energy...expressed solely in terms of $\langle A \rangle$ and the probability measure $\mu$" is circular or ill-defined, as $\langle A \rangle$ *is* the target, and $\mu$ is an unlinked, irrelevant concept. The setup is vague and the target is nonsensical due to this conceptual disconnect.
*   **Feedback:**
    1.  **Mathematical Structure/Relevance:** Remove the entirely extraneous and confusing details about the "atomless probability space $(\Omega, \Sigma, \mu)$." These concepts are not connected to the quantum mechanical expectation value in a meaningful way here and only serve to obscure the problem.
    2.  **Solvable Target:** The question is circular or ill-defined. If $A$ represents energy, then $\langle A \rangle$ *is* the average energy. If a non-trivial integral involving $\mu$ is intended, the connection to $dP(a)$ and $\mu$ must be explicitly and rigorously established. As currently stated, the question is not a clear, solvable mathematical problem.

---

**Question 2:**
*   **Critique:** The central flaw lies in the arbitrary and undefined application of "strongly finitely based theory" and "quantifier elimination" from mathematical logic to a statistical mechanics problem. These are highly specialized concepts not generally applied to physical systems in the manner implied. There is no established methodology for "eliminating quantifiers pertaining to particle positions and momenta" to derive a partition function, nor does it typically "reduce the problem to calculating the integral over a finite number of parameters characterizing the particle types." This premise renders the problem unsolvable and fundamentally incoherent within the framework of physics. The question is a word salad of advanced terms from disparate fields.
*   **Feedback:**
    1.  **Mathematical Structure/Relevance:** Remove all references to "strongly finitely based theory" and "quantifier elimination." These are concepts from mathematical logic that are misapplied and undefined in the context of deriving a partition function for a gas of particles. They make the problem nonsensical.
    2.  **Solvable Target:** The problem, as currently framed with "quantifier elimination," is not solvable using standard physical or mathematical methods. It needs to be reformulated as a standard statistical mechanics problem to be viable.
    3.  **Conciseness:** Eliminate the irrelevant and confusing jargon that detracts from the core physics problem.

---

**Question 3:**
*   **Critique:** This question presents a fundamental mathematical error in its target. It asks for the trace distance $D(\rho_1(t), \rho_2(t))$ between "the reduced density matrices of the two systems." $\rho_1(t)$ acts on the Hilbert space $\mathcal{H}_1$ and $\rho_2(t)$ acts on $\mathcal{H}_2$. The trace distance is defined for operators acting on the *same* Hilbert space. Therefore, computing $D(\rho_1(t), \rho_2(t))$ as stated is mathematically ill-defined. Furthermore, the inclusion of "assuming quantifier elimination simplifies the evolution equations" is, once again, an irrelevant and nonsensical imposition from logic that has no place in a physics problem.
*   **Feedback:**
    1.  **Mathematical Structure:** Rectify the fundamental mathematical error regarding the trace distance. Trace distance is defined for operators on the *same* Hilbert space. The question needs to redefine the target, e.g., compare two states of system $S_1$, or map them to a common space if a comparison across systems is truly intended.
    2.  **Conciseness & Relevance:** Remove the phrase "assuming quantifier elimination simplifies the evolution equations." It is an undefined and irrelevant constraint that contributes nothing to the problem's solution.
    3.  **Clarity:** Clarify what "$\rho_1(t)$" and "$\rho_2(t)$" represent if they are meant to be states comparable by trace distance.

---

**Question 4:**
*   **Critique:** Similar to previous questions, the premise hinges on the misapplication of "quantifier elimination." The statement "If, after applying quantifier elimination to simplify the equations of motion...the conserved charge $Q$...can be expressed solely in terms of a finite set of parameters" is entirely undefined and lacks physical or mathematical basis. Quantifier elimination is not a process that "simplifies equations of motion" or transforms conserved charges into functions of finite parameters in this manner. If $Q$ were indeed a function of a *finite set of parameters* (e.g., constants), its Poisson bracket with a field variable $\phi(y)$ would likely be trivially zero, making the problem either trivial or unsolvable due to the ill-defined premise.
*   **Feedback:**
    1.  **Mathematical Structure/Relevance:** Eliminate all references to "quantifier elimination" and the ill-defined premise it introduces. This logical concept is misapplied and renders the question incoherent within a physics context.
    2.  **Solvable Target:** The premise is so ill-defined that it makes the problem either trivial or unsolvable. The question needs to be reformulated to involve a physically meaningful calculation of a Poisson bracket without reliance on undefined mathematical transformations.

---

**Question 5:**
*   **Critique:** This question attempts to introduce complexity through "strongly finitely based theory" and "quantifier elimination removes dependencies on higher-order derivatives of the coordinates." This is problematic for two reasons:
    1.  **Irrelevant Logic:** "Strongly finitely based theory" is irrelevant and adds no value to the problem.
    2.  **Misstatement of Process:** The given Lagrangian $L = -mc^2\sqrt{1 - v^2/c^2} - q\phi + q\mathbf{v} \cdot \mathbf{A}$ *does not* contain higher-order derivatives. The derivation of the Hamiltonian from this Lagrangian via Legendre transformation is a standard process that does not involve "quantifier elimination" or "removing dependencies on higher-order derivatives." The phrasing fundamentally misrepresents the mathematical procedure.
*   **Feedback:**
    1.  **Mathematical Structure/Relevance:** Remove all references to "strongly finitely based theory" and "quantifier elimination." These terms are misapplied and irrelevant to the derivation of the relativistic Hamiltonian from the given Lagrangian.
    2.  **Conciseness & Clarity:** The current phrasing about "removing dependencies on higher-order derivatives" is factually incorrect for the given Lagrangian. Reformulate the question to be a straightforward derivation of the relativistic Hamiltonian, which is a standard and solvable problem.
=== Turn 1: Author refines questions ===
```xml
<question>A quantum particle is prepared in a superposition of states described by a density operator $\rho$ acting on a Hilbert space $\mathcal{H}$. The measurement of an observable $A$ with spectral decomposition $A = \int a dE(a)$ projects the particle into an eigenstate of $A$. Suppose that the expectation value of $A$ in the state $\rho$ is given by $\langle A \rangle = \text{Tr}(\rho A)$. If the probability of obtaining a measurement result in the interval $[a, a+da]$ is given by $dP(a) = \text{Tr}(\rho dE(a))$, express $\langle A \rangle$ as a Lebesgue-Stieltjes integral.  If $A$ represents the energy of the particle, what is the physical interpretation of $\langle A \rangle$?
</question>

<question>
A gas of $N$ non-interacting particles is confined within a volume $V$. The particles are characterized by their mass $m$. Assume that the energy of each particle is given by $\epsilon = \frac{p^2}{2m}$, where $p$ is the momentum. The gas is in thermal equilibrium at temperature $T$. Derive an expression for the partition function $Z$ of the gas in terms of $N$, $V$, $m$, $T$, and fundamental constants. Show explicitly the steps involved in calculating the integral over momenta.
</question>

<question>
Two quantum systems, $S_1$ and $S_2$, are initially described by a product state of density matrices $\rho_1 \otimes \rho_2$. The combined system is then subjected to a time evolution described by a unitary operator $U(t) = e^{-iHt/\hbar}$, where $H$ is the Hamiltonian of the combined system. Assume that the interaction between the two systems vanishes after a certain time $t_0$, allowing each system to evolve independently according to its own Hamiltonian, $H_1$ and $H_2$. Let $\rho(t) = U(t) (\rho_1 \otimes \rho_2) U^\dagger(t)$ be the density matrix of the combined system at time $t$.  Let $\rho_1'(t) = Tr_2[\rho(t)]$ be the reduced density matrix of system $S_1$ at time $t>t_0$. Suppose we evolve system $S_1$ independently with Hamiltonian $H_1$ from time 0, with initial state $\rho_1$.  Call this evolved state $\rho_1(t)=e^{-iH_1 t/\hbar}\rho_1 e^{iH_1 t/\hbar}$. What is the trace distance $D(\rho_1(t),\rho_1'(t))$ in terms of $U(t)$, $H_1$, $H_2$, and the initial density matrices $\rho_1$ and $\rho_2$?
</question>

<question>
Consider a classical field theory described by a Lagrangian density $\mathcal{L}(\phi, \partial_\mu \phi)$, where $\phi(x)$ is a scalar field and $\partial_\mu \phi$ is its derivative. Suppose the theory possesses a global symmetry under the transformation $\phi(x) \to \phi(x) + \epsilon$, where $\epsilon$ is a constant. According to Noether's theorem, there exists a conserved current $j^\mu(x)$ such that $\partial_\mu j^\mu(x) = 0$, and a corresponding conserved charge $Q = \int d^3x j^0(x)$. Assuming canonical quantization, calculate the Poisson bracket $\{Q, \phi(y)\}$ and express the result in terms of a delta function involving the spatial coordinates $x$ and $y$.
</question>

<question>
A relativistic particle with mass $m$ and charge $q$ moves in an external electromagnetic field described by the four-potential $A^\mu(x)$. The particle's trajectory is governed by the Euler-Lagrange equations derived from the Lagrangian $L = -mc^2\sqrt{1 - v^2/c^2} - q\phi + q\mathbf{v} \cdot \mathbf{A}$, where $\phi$ and $\mathbf{A}$ are the scalar and vector potentials, respectively. Derive the relativistic Hamiltonian $H$ of the particle, expressed as a function of the canonical momentum $\mathbf{p}$, the charge $q$, the vector potential $\mathbf{A}$, the mass $m$, and the speed of light $c$.
</question>
```
=== Turn 1: Critic feedback ===
Here's a critique of the provided questions, focusing on conciseness and actionable feedback against your guidelines:

---

**Question 1 Critique:**
*   **Guideline 3 (Solvable Target):** The phrase "express... as a Lebesgue-Stieltjes integral" is acceptable as it asks for a symbolic re-expression. However, "what is the physical interpretation of $\langle A \rangle$?" asks for a descriptive answer, not a symbolic result.
*   **Guideline 4 & 10 (Single Output / No multiple parts):** The question has two distinct parts: expressing an integral and providing a physical interpretation. This violates the single output/part requirement.
*   **Guideline 5 (Concise and Relevant):** The introductory quantum context (superposition, projection into eigenstate) is largely preamble and not strictly essential for the mathematical core of the question.

**Actionable Feedback:**
1.  Remove the second part: "If $A$ represents the energy of the particle, what is the physical interpretation of $\langle A \rangle$?"
2.  Refine the first part to explicitly ask for the symbolic form of $\langle A \rangle$, e.g., "Given the provided definitions, express $\langle A \rangle$ in the form of a Lebesgue-Stieltjes integral."

---

**Question 2 Critique:**
*   **Guideline 3 (Solvable Target):** The phrases "Derive an expression for" and "Show explicitly the steps involved" directly violate the rule that questions must not be proofs or derivations.
*   **Guideline 4 & 10 (Single Output / No multiple parts):** While the ultimate target is $Z$, the explicit request for "steps involved" implicitly demands a multi-part answer (the derivation process alongside the final expression).
*   **Guideline 6 (Originality):** This is a very standard textbook derivation, making it lack originality as per the guidelines.

**Actionable Feedback:**
1.  Remove "Derive an expression for" and "Show explicitly the steps involved in calculating the integral over momenta."
2.  Rephrase to directly ask for the symbolic result: "What is the partition function $Z$ of the gas in terms of $N$, $V$, $m$, $T$, and fundamental constants?"

---

**Question 3 Critique:**
*   This question largely adheres to all guidelines. It asks for a single, unambiguous symbolic result (the trace distance), requires multi-step reasoning, and presents a complex but well-defined scenario without asking for derivations.

**Actionable Feedback:**
1.  No significant changes needed.

---

**Question 4 Critique:**
*   This question largely adheres to all guidelines. It asks for a single, unambiguous symbolic result (the Poisson bracket), requires multi-step reasoning, and is phrased as a calculation of a result rather than a derivation.

**Actionable Feedback:**
1.  No significant changes needed.

---

**Question 5 Critique:**
*   **Guideline 3 (Solvable Target):** The phrase "Derive the relativistic Hamiltonian $H$" directly violates the rule that questions must not be proofs or derivations.
*   **Guideline 4 & 10 (Single Output / No multiple parts):** While the ultimate target is $H$, the explicit request to "Derive" implicitly demands a multi-part answer (the derivation process alongside the final expression).
*   **Guideline 6 (Originality):** This is a very standard textbook derivation, making it lack originality as per the guidelines.

**Actionable Feedback:**
1.  Remove "Derive the relativistic Hamiltonian $H$ of the particle."
2.  Rephrase to directly ask for the symbolic result: "What is the relativistic Hamiltonian $H$ of the particle, expressed as a function of the canonical momentum $\mathbf{p}$, the charge $q$, the vector potential $\mathbf{A}$, the mass $m$, and the speed of light $c$?"
=== Turn 2: Author refines questions ===
```xml
<question>A quantum particle is prepared in a superposition of states described by a density operator $\rho$ acting on a Hilbert space $\mathcal{H}$. The measurement of an observable $A$ with spectral decomposition $A = \int a dE(a)$ projects the particle into an eigenstate of $A$. Suppose that the expectation value of $A$ in the state $\rho$ is given by $\langle A \rangle = \text{Tr}(\rho A)$. If the probability of obtaining a measurement result in the interval $[a, a+da]$ is given by $dP(a) = \text{Tr}(\rho dE(a))$, express $\langle A \rangle$ in the form of a Lebesgue-Stieltjes integral.
</question>

<question>
A gas of $N$ non-interacting particles is confined within a volume $V$. The particles are characterized by their mass $m$. Assume that the energy of each particle is given by $\epsilon = \frac{p^2}{2m}$, where $p$ is the momentum. The gas is in thermal equilibrium at temperature $T$. What is the partition function $Z$ of the gas in terms of $N$, $V$, $m$, $T$, and fundamental constants?
</question>

<question>
Two quantum systems, $S_1$ and $S_2$, are initially described by a product state of density matrices $\rho_1 \otimes \rho_2$. The combined system is then subjected to a time evolution described by a unitary operator $U(t) = e^{-iHt/\hbar}$, where $H$ is the Hamiltonian of the combined system. Assume that the interaction between the two systems vanishes after a certain time $t_0$, allowing each system to evolve independently according to its own Hamiltonian, $H_1$ and $H_2$. Let $\rho(t) = U(t) (\rho_1 \otimes \rho_2) U^\dagger(t)$ be the density matrix of the combined system at time $t$.  Let $\rho_1'(t) = Tr_2[\rho(t)]$ be the reduced density matrix of system $S_1$ at time $t>t_0$. Suppose we evolve system $S_1$ independently with Hamiltonian $H_1$ from time 0, with initial state $\rho_1$.  Call this evolved state $\rho_1(t)=e^{-iH_1 t/\hbar}\rho_1 e^{iH_1 t/\hbar}$. What is the trace distance $D(\rho_1(t),\rho_1'(t))$ in terms of $U(t)$, $H_1$, $H_2$, and the initial density matrices $\rho_1$ and $\rho_2$?
</question>

<question>
Consider a classical field theory described by a Lagrangian density $\mathcal{L}(\phi, \partial_\mu \phi)$, where $\phi(x)$ is a scalar field and $\partial_\mu \phi$ is its derivative. Suppose the theory possesses a global symmetry under the transformation $\phi(x) \to \phi(x) + \epsilon$, where $\epsilon$ is a constant. According to Noether's theorem, there exists a conserved current $j^\mu(x)$ such that $\partial_\mu j^\mu(x) = 0$, and a corresponding conserved charge $Q = \int d^3x j^0(x)$. Assuming canonical quantization, calculate the Poisson bracket $\{Q, \phi(y)\}$ and express the result in terms of a delta function involving the spatial coordinates $x$ and $y$.
</question>

<question>
A relativistic particle with mass $m$ and charge $q$ moves in an external electromagnetic field described by the four-potential $A^\mu(x)$. The particle's trajectory is governed by the Euler-Lagrange equations derived from the Lagrangian $L = -mc^2\sqrt{1 - v^2/c^2} - q\phi + q\mathbf{v} \cdot \mathbf{A}$, where $\phi$ and $\mathbf{A}$ are the scalar and vector potentials, respectively. What is the relativistic Hamiltonian $H$ of the particle, expressed as a function of the canonical momentum $\mathbf{p}$, the charge $q$, the vector potential $\mathbf{A}$, the mass $m$, and the speed of light $c$?
</question>
```
=== Final questions generated ===
