=== Turn 0: Author generates questions ===
Here are the questions:

1.  <question>Consider a quaternionic space where the quaternionic units are denoted by $\mathbf{i}, \mathbf{j}, \mathbf{k}$, satisfying the relations $\mathbf{i}^2 = \mathbf{j}^2 = \mathbf{k}^2 = \mathbf{ijk} = -1$. Let $q = a + b\mathbf{i} + c\mathbf{j} + d\mathbf{k}$ be a quaternion, where $a, b, c, d$ are real numbers. Define a quaternionic differential 1-form as $\omega = dq = da + db\mathbf{i} + dc\mathbf{j} + dd\mathbf{k}$. Calculate the quaternionic norm of the exterior derivative of $\omega$, denoted by $|d\omega|^2$, where $d\omega = d(dq)$. Express the result in terms of the differentials $da, db, dc, dd$ and the quaternionic units.</question>

2.  <question>Let $\nabla$ be a quaternionic connection on a quaternionic vector bundle over a manifold $M$. Suppose the curvature 2-form associated with $\nabla$ is given by $\Omega = d\Gamma + \Gamma \wedge \Gamma$, where $\Gamma$ is the connection 1-form, a quaternion-valued 1-form. Given that $\Gamma = \Gamma_1 \mathbf{i} + \Gamma_2 \mathbf{j} + \Gamma_3 \mathbf{k}$, where $\Gamma_1, \Gamma_2, \Gamma_3$ are real-valued 1-forms, compute the $\mathbf{i}$-component of the curvature 2-form, denoted as $\Omega_{\mathbf{i}}$, assuming $d\mathbf{i} = d\mathbf{j} = d\mathbf{k} = 0$. Express $\Omega_{\mathbf{i}}$ in terms of $d\Gamma_1, d\Gamma_2, d\Gamma_3$ and the wedge products $\Gamma_i \wedge \Gamma_j$.</question>

3.  <question>Consider a quaternion $q = t + x\mathbf{i} + y\mathbf{j} + z\mathbf{k}$, where $t, x, y, z$ are real-valued functions of a parameter $\tau$. Define the angle $\theta$ between two quaternions $q_1$ and $q_2$ as $\cos(\theta) = \frac{\langle q_1, q_2 \rangle}{|q_1||q_2|}$, where $\langle q_1, q_2 \rangle = \frac{1}{2}(\overline{q_1}q_2 + \overline{q_2}q_1)$ is the quaternionic inner product, $\overline{q}$ is the quaternionic conjugate, and $|q|$ is the quaternionic norm. Let $q_1 = \tau + \tau\mathbf{i} + \tau\mathbf{j} + \tau\mathbf{k}$ and $q_2 = 1 + 2\mathbf{i} + 3\mathbf{j} + 4\mathbf{k}$. Find the expression for $\cos(\theta)$ as a function of $\tau$.</question>

4.  <question>Let $q = a + bi + cj + dk$ be a quaternion, where $a, b, c, d \in \mathbb{R}$. Define the symplectic notation of $q$ as a $2 \times 2$ complex matrix:
    $Q = \begin{pmatrix} a+bi & c+di \\ -c+di & a-bi \end{pmatrix}$.
    Consider two quaternions $q_1$ and $q_2$, with their respective symplectic notations $Q_1$ and $Q_2$.
    Let $q_3 = q_1 q_2$. Find the symplectic notation $Q_3$ of the quaternion $q_3$ expressed in terms of $Q_1$ and $Q_2$.</question>

5.  <question>Let $q = a + bi + cj + dk$ be a quaternion. Define the conjugate of $q$ as $\bar{q} = a - bi - cj - dk$, and the norm of $q$ as $|q| = \sqrt{a^2 + b^2 + c^2 + d^2}$. Now, consider a differential form $\omega = p\,dq\,\bar{q}$, where $p$ is a real-valued scalar function and $dq = da + i\,db + j\,dc + k\,dd$. Calculate the real part of the integral $\int \omega$ over a closed 3-dimensional manifold embedded in quaternionic space, i.e., find $\Re\left(\int p\,dq\,\bar{q}\right)$, expressing your answer in terms of integrals involving $a,b,c,d$ and their differentials.</question>
=== Turn 0: Critic feedback ===
Here's a critique of each question, along with actionable feedback for improvement:

**Question 1 Critique:**
*   **Mathematical Structure/Solvable Target:** The definition of the exterior derivative $d(dq)$ is ambiguous in this context. If $a,b,c,d$ are independent variables (coordinates), then $da, db, dc, dd$ are basis 1-forms, and applying the exterior derivative again results in $d(da) = 0$, $d(db) = 0$, etc. Also, $d\mathbf{i}=0$ if $\mathbf{i}$ is a constant basis vector. This would lead to $d\omega = 0$, making the calculation trivial. If a non-zero result is expected, the underlying manifold/variables of which $a,b,c,d$ are functions, or the specific rules for quaternionic exterior derivatives, must be explicitly stated.
*   **Multi-Step Reasoning:** As stated, if $d\omega=0$, it lacks multi-step reasoning.

**Actionable Feedback for Question 1:**
Clarify the interpretation of the exterior derivative $d(dq)$. If $a,b,c,d$ are independent coordinate functions (as implied by $dq=da+db\mathbf{i}+\dots$), then $d(dq)$ is trivially zero in standard differential geometry. To make the problem non-trivial, either specify that $a,b,c,d$ are functions of some other variables (e.g., $x,y,z$) and provide $q(x,y,z)$, or define a non-standard exterior derivative operation specific to this quaternionic space.

---

**Question 2 Critique:**
*   **Overall:** This question is well-posed and adheres to most guidelines. It requires solid understanding of exterior derivatives, wedge products, and quaternionic algebra. It clearly asks for a symbolic result and necessitates multi-step calculation.

**Actionable Feedback for Question 2:**
No specific improvements needed. This question is well-formulated and suitable.

---

**Question 3 Critique:**
*   **Overall:** This question is well-defined and clear. It tests the application of quaternionic arithmetic (conjugate, multiplication, norm) and the use of a provided inner product definition to find a symbolic expression. It requires multi-step calculations.

**Actionable Feedback for Question 3:**
No specific improvements needed. This question is well-formulated and suitable.

---

**Question 4 Critique:**
*   **Multi-Step Reasoning/Originality:** This question asks for a fundamental property of the symplectic representation of quaternions: that it's an algebra homomorphism, meaning $Q_3 = Q_1 Q_2$. If the expected answer is simply $Q_1 Q_2$, it primarily tests recall/recognition rather than multi-step calculation from first principles (violating Guideline 7). If the expectation is to derive this property from the definitions of quaternion multiplication and matrix multiplication, it would be a lengthy derivation, bordering on a "proof" which is disallowed by Guideline 3.

**Actionable Feedback for Question 4:**
Rephrase the question to require a concrete calculation based on the given definition of the symplectic notation, rather than simply stating a known property. For example, provide specific numerical quaternions $q_1, q_2$ and ask for the components of $Q_3$, or ask for a specific component of $Q_3$ expressed in terms of the components of $Q_1$ and $Q_2$ (requiring a calculation of $Q_1 Q_2$ and component identification).

---

**Question 5 Critique:**
*   **Mathematical Structure/Solvable Target/Language and Notation:** The integral $\int \omega$ where $\omega = p\,dq\,\bar{q}$ is a quaternion-valued 1-form over a "closed 3-dimensional manifold" is ill-defined in standard calculus of differential forms. For a 3-dimensional manifold, one typically integrates a 3-form. Integrating a 1-form over a 3-manifold does not have a standard interpretation without further definitions (e.g., as a flux, a line integral over a specific curve within or on the boundary of the manifold, or part of a higher-dimensional Stokes' theorem where the 3-manifold is a boundary). This makes the problem unsolvable as stated.

**Actionable Feedback for Question 5:**
The integral is ill-defined. To make this question solvable, you must:
1.  **Match the degree of the form to the dimension of the manifold:** For example, define $\omega$ as a 3-form (e.g., $dp \wedge dq \wedge d\bar{q}$) or define the manifold as 1-dimensional (a curve).
2.  **Clearly specify the type of integral:** If it's not a standard integral of a $k$-form over a $k$-manifold, explicitly define the integral (e.g., a specific line integral over a path, or a surface integral, or a flux integral involving a specific vector field).
Without clarification, the question is fundamentally flawed.
=== Turn 1: Author refines questions ===
Okay, I've incorporated the feedback and revised the questions. Here's the improved list:

1.  <question>Consider a quaternionic space where the quaternionic units are denoted by $\mathbf{i}, \mathbf{j}, \mathbf{k}$, satisfying the relations $\mathbf{i}^2 = \mathbf{j}^2 = \mathbf{k}^2 = \mathbf{ijk} = -1$. Let $q = a(x,y) + b(x,y)\mathbf{i} + c(x,y)\mathbf{j} + d(x,y)\mathbf{k}$ be a quaternion, where $a, b, c, d$ are real-valued functions of two variables $x$ and $y$. Define a quaternionic differential 1-form as $\omega = dq = da + db\mathbf{i} + dc\mathbf{j} + dd\mathbf{k}$.  Compute the quantity $d\omega \wedge d\bar{\omega}$, where $\bar{\omega}$ is the conjugate of $\omega$ (i.e., $d\bar{\omega} = da - db\mathbf{i} - dc\mathbf{j} - dd\mathbf{k}$), and express the result as a real-valued 2-form multiplied by a quaternion. Identify explicitly the real-valued 2-form in your result. (Remember $da = \frac{\partial a}{\partial x} dx + \frac{\partial a}{\partial y} dy$, etc.)</question>

2.  <question>Let $\nabla$ be a quaternionic connection on a quaternionic vector bundle over a manifold $M$. Suppose the curvature 2-form associated with $\nabla$ is given by $\Omega = d\Gamma + \Gamma \wedge \Gamma$, where $\Gamma$ is the connection 1-form, a quaternion-valued 1-form. Given that $\Gamma = \Gamma_1 \mathbf{i} + \Gamma_2 \mathbf{j} + \Gamma_3 \mathbf{k}$, where $\Gamma_1, \Gamma_2, \Gamma_3$ are real-valued 1-forms, compute the $\mathbf{i}$-component of the curvature 2-form, denoted as $\Omega_{\mathbf{i}}$, assuming $d\mathbf{i} = d\mathbf{j} = d\mathbf{k} = 0$. Express $\Omega_{\mathbf{i}}$ in terms of $d\Gamma_1, d\Gamma_2, d\Gamma_3$ and the wedge products $\Gamma_i \wedge \Gamma_j$.</question>

3.  <question>Consider a quaternion $q = t + x\mathbf{i} + y\mathbf{j} + z\mathbf{k}$, where $t, x, y, z$ are real-valued functions of a parameter $\tau$. Define the angle $\theta$ between two quaternions $q_1$ and $q_2$ as $\cos(\theta) = \frac{\langle q_1, q_2 \rangle}{|q_1||q_2|}$, where $\langle q_1, q_2 \rangle = \frac{1}{2}(\overline{q_1}q_2 + \overline{q_2}q_1)$ is the quaternionic inner product, $\overline{q}$ is the quaternionic conjugate, and $|q|$ is the quaternionic norm. Let $q_1 = \tau + \tau\mathbf{i} + \tau\mathbf{j} + \tau\mathbf{k}$ and $q_2 = 1 + 2\mathbf{i} + 3\mathbf{j} + 4\mathbf{k}$. Find the expression for $\cos(\theta)$ as a function of $\tau$.</question>

4.  <question>Let $q = a + bi + cj + dk$ be a quaternion, where $a, b, c, d \in \mathbb{R}$. Define the symplectic notation of $q$ as a $2 \times 2$ complex matrix:
    $Q = \begin{pmatrix} a+bi & c+di \\ -c+di & a-bi \end{pmatrix}$.
    Consider two quaternions $q_1 = 1 + i - j + k$ and $q_2 = 2 - i + j - k$.  Let $q_3 = q_1 q_2$, and let $Q_3$ be the symplectic notation of $q_3$. Calculate the entry in the first row and first column of the matrix $Q_3$.</question>

5.  <question>Let $q = a + bi + cj + dk$ be a quaternion. Define the conjugate of $q$ as $\bar{q} = a - bi - cj - dk$, and the norm of $q$ as $|q| = \sqrt{a^2 + b^2 + c^2 + d^2}$. Now, consider a differential form $\omega = p\,dq\,\bar{q}$, where $p$ is a real-valued scalar function and $dq = da + i\,db + j\,dc + k\,dd$.  Let $M$ be a smooth curve parameterized by $t$, where $a=t$, $b=t^2$, $c=t^3$, $d=t^4$, and $0 \le t \le 1$.  Calculate the real part of the integral $\int_M \omega$, assuming $p=1$. Express your answer as a definite integral with respect to $t$.</question>
=== Turn 1: Critic feedback ===
Here's a critique of the provided questions, evaluated against your guidelines:

---

**Question 1 Critique:**

1.  **Input Format:** Satisfied.
2.  **Mathematical Structure:** Well-defined setup.
3.  **Solvable Target:** Asks for a clear symbolic result.
4.  **Single Output:** **FAIL.** The question asks for two distinct things: "express the result as a real-valued 2-form multiplied by a quaternion" AND "Identify explicitly the real-valued 2-form in your result." This requires two separate components in the answer, violating the single output guideline.
5.  **Concise and Relevant:** **FAIL.** The parenthetical "Remember $da = \frac{\partial a}{\partial x} dx + \frac{\partial a}{\partial y} dy$, etc." is redundant as it explains a basic concept of differential forms that a student at this level should already know. It acts as a hint.
6.  **Originality:** Good. It combines differential forms with quaternion algebra in a non-trivial way.
7.  **Multi-Step Reasoning:** Satisfied, requires algebraic manipulation of quaternion-valued differential forms and understanding of wedge products.
8.  **Solution Formatting (Question adherence):** The question itself uses LaTeX correctly.
9.  **Language and Notation:** The phrase "real-valued 2-form multiplied by a quaternion" for the output format is slightly ambiguous. It should clarify whether the "quaternion" part is a constant quaternion or a quaternion whose components are functions of $x,y$. Given the context, it likely means a quaternion-valued 2-form where one factor is scalar-valued. A clearer phrasing might be: "Express the result as $\eta \cdot Q$, where $\eta$ is a real-valued 2-form and $Q$ is a quaternion."
10. **No multiple parts:** **FAIL.** See point 4.
11. **Only questions (no hints):** **FAIL.** See point 5.
12. **No numeric approximations:** Satisfied.

**Actionable Feedback for Question 1:**
*   **Combine requests:** Rephrase the question to ask for a single, comprehensive output. For example, "Compute the quantity $d\omega \wedge d\bar{\omega}$ and express the real-valued 2-form component of its scalar part." (assuming that's the intention) or "Compute the quantity $d\omega \wedge d\bar{\omega}$ and write it in the form $\eta \cdot Q$, where $\eta$ is a real-valued 2-form and $Q$ is a quaternion, specifying both $\eta$ and $Q$ in your final answer." (This still leads to multiple components, so ideally, pick one part to ask for explicitly, or ask for the entire expression and *imply* the structure for the student to derive.)
*   **Remove redundancy/hint:** Eliminate "(Remember $da = \frac{\partial a}{\partial x} dx + \frac{\partial a}{\partial y} dy$, etc.)".
*   **Clarify output notation:** Refine the phrasing "real-valued 2-form multiplied by a quaternion" to be more precise about the nature of the quaternion factor (constant or function-dependent).

---

**Question 2 Critique:**

1.  **Input Format:** Satisfied.
2.  **Mathematical Structure:** Well-defined setup, though advanced.
3.  **Solvable Target:** Asks for a clear symbolic result.
4.  **Single Output:** Satisfied. Asks for a single expression for $\Omega_{\mathbf{i}}$.
5.  **Concise and Relevant:** Satisfied. All information provided is essential.
6.  **Originality:** Good. It applies the concept of curvature forms in a quaternionic context, making it non-trivial and specific.
7.  **Multi-Step Reasoning:** Satisfied, requires complex algebraic expansion and component identification.
8.  **Solution Formatting (Question adherence):** The question itself uses LaTeX correctly.
9.  **Language and Notation:** Rigorous and consistent.
10. **No multiple parts:** Satisfied.
11. **Only questions (no hints):** Satisfied.
12. **No numeric approximations:** Satisfied.

**Actionable Feedback for Question 2:**
*   This question is very well-constructed and meets all specified guidelines. No significant improvements are needed.

---

**Question 3 Critique:**

1.  **Input Format:** Satisfied.
2.  **Mathematical Structure:** Well-defined setup and definitions.
3.  **Solvable Target:** Asks for a clear symbolic function.
4.  **Single Output:** Satisfied.
5.  **Concise and Relevant:** Satisfied. All definitions are necessary given the context.
6.  **Originality:** Borderline. While technically unique in the specific values, this problem is a very direct, formula-application type. It serves as a good test of understanding definitions but might not be considered "non-trivial" in a conceptual sense, as it requires mostly careful algebraic calculation rather than deeper insight or combination of complex ideas.
7.  **Multi-Step Reasoning:** Satisfied, requires multiple calculation steps (conjugate, product, norm, division, simplification).
8.  **Solution Formatting (Question adherence):** The question itself uses LaTeX correctly.
9.  **Language and Notation:** Rigorous and consistent.
10. **No multiple parts:** Satisfied.
11. **Only questions (no hints):** Satisfied.
12. **No numeric approximations:** Satisfied.

**Actionable Feedback for Question 3:**
*   Consider making the problem slightly more conceptually challenging to enhance "Originality" if this is for an advanced assessment. For instance, by asking for the rate of change of the angle, or involving more complex quaternions/functions. As it stands, it's a solid, if somewhat routine, calculation problem.

---

**Question 4 Critique:**

1.  **Input Format:** Satisfied.
2.  **Mathematical Structure:** Well-defined setup and notation.
3.  **Solvable Target:** Asks for a clear symbolic/numeric result.
4.  **Single Output:** Satisfied.
5.  **Concise and Relevant:** Satisfied.
6.  **Originality:** **FAIL.** This is a highly standard textbook problem for demonstrating the matrix representation of quaternions. It tests direct application of definitions and multiplication rules, which is useful for basic understanding but lacks uniqueness or non-triviality in problem design.
7.  **Multi-Step Reasoning:** Satisfied, involves quaternion multiplication and then mapping to the matrix representation.
8.  **Solution Formatting (Question adherence):** The question itself uses LaTeX correctly.
9.  **Language and Notation:** Rigorous and consistent.
10. **No multiple parts:** Satisfied.
11. **Only questions (no hints):** Satisfied.
12. **No numeric approximations:** Satisfied.

**Actionable Feedback for Question 4:**
*   To improve "Originality," consider asking for a property of $Q_3$ (e.g., its determinant or inverse), or for a more complex composition of quaternions (e.g., $q_1 q_2 q_1^{-1}$), or relating it to the matrix product $Q_1 Q_2$. The current form is a very basic exercise.

---

**Question 5 Critique:**

1.  **Input Format:** Satisfied.
2.  **Mathematical Structure:** Well-defined. Integrating quaternion-valued forms over curves is a valid concept.
3.  **Solvable Target:** Asks for a clear symbolic definite integral.
4.  **Single Output:** Satisfied.
5.  **Concise and Relevant:** Satisfied.
6.  **Originality:** Good. It combines multivariable calculus (line integrals) with quaternion algebra, providing a non-trivial computation.
7.  **Multi-Step Reasoning:** Satisfied, requires calculating quaternion product, identifying the real part, parameterizing, and setting up an integral.
8.  **Solution Formatting (Question adherence):** The question itself uses LaTeX correctly.
9.  **Language and Notation:** Slightly ambiguous on the term "differential form $\omega = p\,dq\,\bar{q}$." While context usually clarifies this in practice, for strict rigor, it would be clearer to explicitly define $dq$ as a quaternion whose components are differentials, and then define $\omega$ as a quaternion-valued 1-form, e.g., $\omega = F(t) dt$, where $F(t) = p(\frac{da}{dt} + \frac{db}{dt}\mathbf{i} + \frac{dc}{dt}\mathbf{j} + \frac{dd}{dt}\mathbf{k})\bar{q}$.
10. **No multiple parts:** Satisfied.
11. **Only questions (no hints):** Satisfied.
12. **No numeric approximations:** Satisfied.

**Actionable Feedback for Question 5:**
*   **Clarify notation:** Refine the definition of $\omega$ to explicitly state that it's a quaternion-valued 1-form, and how $dq$ relates to the differentials $dt$. For example: "Define the quaternion-valued 1-form $\omega = p\,(da + \mathbf{i}\,db + \mathbf{j}\,dc + \mathbf{k}\,dd)\,\bar{q}$." This phrasing is concise and standard.
=== Turn 2: Author refines questions ===
Okay, I've refined the questions based on your feedback. Here's the improved list:

1.  <question>Consider a quaternionic space where the quaternionic units are denoted by $\mathbf{i}, \mathbf{j}, \mathbf{k}$, satisfying the relations $\mathbf{i}^2 = \mathbf{j}^2 = \mathbf{k}^2 = \mathbf{ijk} = -1$. Let $q = a(x,y) + b(x,y)\mathbf{i} + c(x,y)\mathbf{j} + d(x,y)\mathbf{k}$ be a quaternion, where $a, b, c, d$ are real-valued functions of two variables $x$ and $y$. Define a quaternionic differential 1-form as $\omega = dq = da + db\mathbf{i} + dc\mathbf{j} + dd\mathbf{k}$.  Compute the quantity $d\omega \wedge d\bar{\omega}$ and express the real-valued 2-form component of its scalar part.</question>

2.  <question>Let $\nabla$ be a quaternionic connection on a quaternionic vector bundle over a manifold $M$. Suppose the curvature 2-form associated with $\nabla$ is given by $\Omega = d\Gamma + \Gamma \wedge \Gamma$, where $\Gamma$ is the connection 1-form, a quaternion-valued 1-form. Given that $\Gamma = \Gamma_1 \mathbf{i} + \Gamma_2 \mathbf{j} + \Gamma_3 \mathbf{k}$, where $\Gamma_1, \Gamma_2, \Gamma_3$ are real-valued 1-forms, compute the $\mathbf{i}$-component of the curvature 2-form, denoted as $\Omega_{\mathbf{i}}$, assuming $d\mathbf{i} = d\mathbf{j} = d\mathbf{k} = 0$. Express $\Omega_{\mathbf{i}}$ in terms of $d\Gamma_1, d\Gamma_2, d\Gamma_3$ and the wedge products $\Gamma_i \wedge \Gamma_j$.</question>

3.  <question>Consider a quaternion $q = t + x\mathbf{i} + y\mathbf{j} + z\mathbf{k}$, where $t, x, y, z$ are real-valued functions of a parameter $\tau$. Define the angle $\theta$ between two quaternions $q_1$ and $q_2$ as $\cos(\theta) = \frac{\langle q_1, q_2 \rangle}{|q_1||q_2|}$, where $\langle q_1, q_2 \rangle = \frac{1}{2}(\overline{q_1}q_2 + \overline{q_2}q_1)$ is the quaternionic inner product, $\overline{q}$ is the quaternionic conjugate, and $|q|$ is the quaternionic norm. Let $q_1 = \tau + \tau\mathbf{i} + \tau\mathbf{j} + \tau\mathbf{k}$ and $q_2 = 1 + 2\mathbf{i} + 3\mathbf{j} + 4\mathbf{k}$. Find the expression for the derivative of $\cos(\theta)$ with respect to $\tau$, i.e., compute $\frac{d}{d\tau} \cos(\theta)$.</question>

4.  <question>Let $q = a + bi + cj + dk$ be a quaternion, where $a, b, c, d \in \mathbb{R}$. Define the symplectic notation of $q$ as a $2 \times 2$ complex matrix:
    $Q = \begin{pmatrix} a+bi & c+di \\ -c+di & a-bi \end{pmatrix}$.
    Consider two quaternions $q_1 = 1 + i - j + k$ and $q_2 = 2 - i + j - k$.  Let $q_3 = q_1 q_2$, and let $Q_3$ be the symplectic notation of $q_3$. Find the determinant of the matrix $Q_3$.</question>

5.  <question>Let $q = a + bi + cj + dk$ be a quaternion. Define the conjugate of $q$ as $\bar{q} = a - bi - cj - dk$, and the norm of $q$ as $|q| = \sqrt{a^2 + b^2 + c^2 + d^2}$. Now, consider the quaternion-valued 1-form $\omega = p\,(da + \mathbf{i}\,db + \mathbf{j}\,dc + \mathbf{k}\,dd)\,\bar{q}$, where $p$ is a real-valued scalar function.  Let $M$ be a smooth curve parameterized by $t$, where $a=t$, $b=t^2$, $c=t^3$, $d=t^4$, and $0 \le t \le 1$.  Calculate the real part of the integral $\int_M \omega$, assuming $p=1$. Express your answer as a definite integral with respect to $t$.</question>
=== Final questions generated ===
