=== Turn 0: Author generates questions ===
Here are five novel university-level physics questions:

1.  <question> A system consists of $N$ non-interacting particles of mass $m$ in a one-dimensional potential well $V(x) = \frac{1}{2}kx^2$. Initially, the system is in thermal equilibrium at temperature $T$. Suddenly, the spring constant $k$ is doubled. Assuming the process is adiabatic, what is the final temperature of the system?</question>

2.  <question>A thin, uniformly charged ring of radius $R$ and total charge $Q$ is placed in the $xy$-plane, centered at the origin. A point charge $q$ of mass $m$ is released from rest at the point $(0, 0, z_0)$, where $z_0 > 0$. Assuming $z_0 << R$, find the period of small oscillations of the point charge $q$ along the $z$-axis. </question>

3.  <question>Consider a particle of mass $m$ moving in a two-dimensional potential $V(x, y) = \frac{1}{2}m\omega^2(x^2 + y^2) + \lambda xy$, where $\lambda$ is a small perturbation. Find the first-order correction to the energy of the $n$-th excited state, where $n$ is the principal quantum number. </question>

4.  <question>A relativistic rocket starts from rest and accelerates with a constant proper acceleration $a$ in the $x$-direction. Find the rocket's velocity $v(t)$ as a function of the time $t$ measured by an observer in the initial rest frame. </question>

5.  <question>An electromagnetic wave with electric field $\mathbf{E} = E_0 \cos(kz - \omega t) \hat{\mathbf{x}}$ is incident on a perfectly conducting plane located at $z = 0$. Calculate the radiation pressure exerted on the plane. </question>
=== Turn 0: Critic feedback ===
Here's a critique of the five questions against your guidelines, focusing on areas for improvement, particularly originality.

---

**General Feedback:**
The questions are well-phrased, clear, and adhere to most of the formatting and content guidelines (1, 2, 3, 4, 5, 7, 8, 9, 10, 12). They are indeed university-level and require multi-step reasoning. However, the most significant area for improvement across all questions is **Guideline 6: Originality**. All five questions are canonical problems found in standard university-level physics textbooks for their respective subjects. While they are excellent for assessing fundamental understanding, they are not "novel."

---

**Detailed Critique per Question:**

**Question 1: Statistical Mechanics - Adiabatic Process in Harmonic Potential**

*   **Critique:** This is a standard problem in statistical mechanics, often used to illustrate adiabatic invariants or the scaling of temperature/energy with potential parameters for a harmonic oscillator ensemble. It is not novel.
*   **Actionable Feedback for Improvement (Guideline 6):**
    *   To increase originality, consider changing the potential type (e.g., $V(x) = \alpha |x|^p$) and asking for the final temperature.
    *   Alternatively, introduce quantum effects by asking for the final temperature in the low-temperature quantum limit, or consider particles with internal degrees of freedom.
    *   Explore a scenario with interacting particles, where the interaction strength changes.

**Question 2: Electromagnetism - Small Oscillations of a Charge**

*   **Critique:** This is a very common, almost textbook-staple problem in electromagnetism. Calculating the electric field/potential of a charged ring on its axis and then analyzing small oscillations is a classic application of Taylor expansion and simple harmonic motion. It is not novel.
*   **Actionable Feedback for Improvement (Guideline 6):**
    *   Modify the geometry or charge distribution (e.g., a uniformly charged disk, a charged cylinder, or a non-uniform ring charge density like $\lambda(\phi) = \lambda_0 \cos \phi$).
    *   Introduce a magnetic field or current in the ring and ask about combined electromagnetic forces leading to oscillation.
    *   Consider the motion of a dipole instead of a point charge in the field of the ring.

**Question 3: Quantum Mechanics - Perturbation Theory for 2D Harmonic Oscillator**

*   **Critique:** This is a classic example of degenerate perturbation theory, specifically for the 2D isotropic harmonic oscillator with an off-diagonal perturbation like $xy$. It is a very common problem used to illustrate how to handle degeneracy in quantum mechanics. It is not novel.
*   **Actionable Feedback for Improvement (Guideline 6):**
    *   Change the perturbation to something less common (e.g., $\lambda x^3 y$ or a perturbation with a different functional form like $\lambda e^{-(x^2+y^2)/a^2}$).
    *   Consider a different unperturbed system (e.g., a particle in a 2D box with a perturbation, or a hydrogen atom in a non-uniform external electric field).
    *   Ask for the second-order correction to the energy, or the first-order correction to the wavefunction.

**Question 4: Special Relativity - Relativistic Rocket (Proper Acceleration)**

*   **Critique:** This is a fundamental and very well-known problem in special relativity, often referred to as "hyperbolic motion" or the "relativistic rocket equation." It's a direct application of the definition of proper acceleration and relativistic kinematics, found in almost all advanced SR textbooks. It is not novel.
*   **Actionable Feedback for Improvement (Guideline 6):**
    *   Instead of constant proper acceleration, specify a proper acceleration that is a function of the rocket's proper time or position.
    *   Ask for the total distance traveled by the rocket as a function of observer time, or the time elapsed on the rocket's clock as a function of observer time.
    *   Consider a scenario where the rocket's acceleration is constrained by fuel consumption, or it's moving in a weak gravitational field (approaching General Relativity).

**Question 5: Electrodynamics - Radiation Pressure on a Conductor**

*   **Critique:** This is a standard problem in classical electrodynamics, directly involving the reflection of an electromagnetic wave from a perfectly conducting surface and the calculation of radiation pressure via momentum flux or Maxwell stress tensor. It is not novel.
*   **Actionable Feedback for Improvement (Guideline 6):**
    *   Change the boundary condition: consider a dielectric interface (e.g., water or glass) instead of a perfect conductor, or a partially absorbing surface.
    *   Consider oblique incidence of the electromagnetic wave, which adds complexity to the reflection and momentum transfer.
    *   Ask for the radiation pressure on a thin, current-carrying sheet, or a material with both electric and magnetic properties.
    *   Consider the radiation pressure exerted by a standing wave.
=== Turn 1: Author refines questions ===
Here are five revised physics questions, incorporating the feedback to enhance originality while maintaining university-level rigor and clarity:

1.  <question>A system consists of $N$ non-interacting particles of mass $m$ in a one-dimensional potential well $V(x) = \alpha |x|^3$. Initially, the system is in thermal equilibrium at temperature $T$. Suddenly, the parameter $\alpha$ is doubled. Assuming the process is adiabatic and the system is in the low-temperature quantum limit (where only the ground state is significantly populated initially), what is the final temperature of the system? Express your answer in terms of the initial temperature $T$, the particle number $N$, and fundamental constants.</question>

2.  <question>A thin, uniformly charged disk of radius $R$ and total charge $Q$ is placed in the $xy$-plane, centered at the origin. A small electric dipole with dipole moment $\mathbf{p} = p\hat{\mathbf{z}}$ and mass $m$ is released from rest at the point $(0, 0, z_0)$, where $z_0 > 0$ and $z_0 << R$.  The dipole is constrained to move only along the z-axis. Assuming the dipole's electric field does not significantly alter the charge distribution of the disk, find the period of small oscillations of the dipole along the $z$-axis. Treat the dipole as an ideal dipole (point-like).</question>

3.  <question>Consider a particle of mass $m$ moving in a two-dimensional potential $V(x, y) = \frac{1}{2}m\omega^2(x^2 + y^2) + \lambda x^3 y$, where $\lambda$ is a small perturbation. Find the first-order correction to the energy of the *first* excited state. Note that this state is degenerate and requires careful handling.</question>

4.  <question>A relativistic rocket starts from rest and accelerates with a proper acceleration given by $a(\tau) = a_0 e^{-\tau/T}$, where $a_0$ is the initial proper acceleration, $\tau$ is the rocket's proper time, and $T$ is a constant characteristic time. Find the rocket's velocity $v(t)$ as a function of the time $t$ measured by an observer in the initial rest frame.</question>

5.  <question>An electromagnetic wave with electric field $\mathbf{E} = E_0 \cos(kz - \omega t) \hat{\mathbf{x}}$ is incident normally on a thin, perfectly conducting sheet with surface current density $\mathbf{K} = \sigma \mathbf{E}_{sheet}$, where $\sigma$ is the conductivity and $\mathbf{E}_{sheet}$ is the electric field at the sheet.  The sheet is located at $z = 0$.  Calculate the radiation pressure exerted on the sheet. Assume the conductivity is low enough that the reflected wave has a significant amplitude compared to the incident wave.</question>
=== Turn 1: Critic feedback ===
Here's a critique of each question based on the provided guidelines:

---

**Question 1 Critique:**

*   **Clarity/Ambiguity (Guideline 2, 5, 9):** The phrase "low-temperature quantum limit (where only the ground state is significantly populated initially)" combined with asking for a final "temperature $T$" is highly ambiguous. If the system is strictly in its ground state, its thermodynamic temperature is $0K$, making the question trivial ($T_f=0$). If $T$ is intended as a characteristic energy scale (e.g., $k_B T \propto E_0$), then the final temperature will scale simply with the ground state energy, and the "particle number $N$" and "fundamental constants" might be irrelevant to the required expression, contradicting the prompt for the answer's form.
*   **Relevance (Guideline 5):** The role of "particle number $N$" is unclear given the strong "ground state significantly populated" condition for a system of non-interacting particles. If $T$ refers to an intensive property (temperature), $N$ should not typically appear in the final expression, unless specific total energy/entropy is implied.

**Actionable Feedback for Question 1:**
1.  Clarify the definition of "temperature $T$" in the "low-temperature quantum limit where only the ground state is significantly populated." Specify if it's a true thermodynamic temperature or a characteristic energy scale ($k_B T \approx E_0$).
2.  If $N$ and fundamental constants must appear, rephrase the context to make their relevance explicit for the final temperature (e.g., consider a quantum gas with a specific equation of state at low $T$ that depends on $N$).

---

**Question 2 Critique:**

*   **Physical Consistency (Guideline 2):** The setup for "small oscillations of the dipole along the $z$-axis" is physically inconsistent with the specified dipole moment $\mathbf{p} = p\hat{\mathbf{z}}$. The force on such a dipole from a charged disk is always attractive towards the origin ($z=0$) for $z>0$. There is no equilibrium point at $z_0 > 0$. Furthermore, expanding the force around the stable equilibrium at $z=0$ shows that the linear term is zero ($F_z \propto z^2$ for small $z$), meaning it does not exhibit simple harmonic motion for "small oscillations" around $z=0$. This makes finding a "period of small oscillations" impossible under the given conditions.
*   **Relevance (Guideline 5):** The initial release point "$z_0$" is irrelevant if it's not an equilibrium position.

**Actionable Feedback for Question 2:**
1.  Re-evaluate the desired physical behavior. To enable small oscillations, either:
    a.  Change the dipole orientation (e.g., $\mathbf{p} = p\hat{\mathbf{x}}$ or $\mathbf{p} = p\hat{\mathbf{y}}$).
    b.  Modify the charge distribution of the disk (e.g., a hole in the center, or an oppositely charged central region).
    c.  If small oscillations around $z=0$ are intended, acknowledge that the motion is not simple harmonic and ask for a different characteristic of motion (e.g., finding the dominant behavior for small $z$).

---

**Question 3 Critique:**

*   **Single Output (Guideline 4, 10):** The phrasing "Find the first-order correction" (singular) might be ambiguous. For degenerate perturbation theory, there are typically multiple (equal to the degeneracy) distinct first-order corrections to the energy. While a student is expected to provide all of them, explicitly phrasing it as "Find the first-order corrections" (plural) or "Find all possible first-order corrections..." would improve clarity and align perfectly with the "Single Output" guideline (if interpreted as providing a set of values as the single output).

**Actionable Feedback for Question 3:**
1.  Rephrase "Find the first-order correction" to "Find the first-order corrections" or "Find all possible first-order corrections" to explicitly indicate that multiple values are expected for degenerate states.

---

**Question 4 Critique:**

*   **Solvable Target (Guideline 3, 12):** The integral required to convert the velocity as a function of proper time $v(\tau)$ to velocity as a function of observer time $v(t)$ (i.e., $t(\tau) = \int \gamma(\tau') d\tau'$) for the given proper acceleration $a(\tau) = a_0 e^{-\tau/T}$ does not appear to have a simple closed-form solution in terms of elementary functions. This violates the requirement for a "clear symbolic result (e.g., function, limit, closed-form expression)" using "traditional mathematical methods."

**Actionable Feedback for Question 4:**
1.  Simplify the functional form of the proper acceleration $a(\tau)$ to one that leads to a closed-form solution for $v(t)$. For instance, constant proper acceleration is a standard solvable case.
2.  Alternatively, change the requested output, for example, ask for $v(\tau)$ or $t(\tau)$ (which are solvable in closed form).

---

**Question 5 Critique:**

*   **Contradictory Information (Guideline 2, 5, 9):** The question contains a fundamental contradiction: "perfectly conducting sheet" implies infinite conductivity ($\sigma \to \infty$) and perfect reflection, where the reflected wave amplitude must equal the incident wave amplitude, and no wave is transmitted. This directly conflicts with the statement "Assume the conductivity is low enough that the reflected wave has a significant amplitude compared to the incident wave," which implies finite conductivity and partial reflection/transmission. A perfectly conducting sheet cannot have a finite "conductivity $\sigma$."
*   **Ambiguity in $\mathbf{E}_{sheet}$ (Guideline 9):** If the sheet is intended to be a non-perfect conductor, the meaning of "$\mathbf{E}_{sheet}$" needs clarification. Is it the total electric field *at* the surface, or the electric field *inside* the sheet that drives the current?

**Actionable Feedback for Question 5:**
1.  Resolve the contradiction:
    a.  If it's truly a "perfectly conducting sheet," remove any mention of finite conductivity $\sigma$ and note that incident and reflected amplitudes will be equal.
    b.  If it's intended to be a *finite conductivity* sheet (e.g., a "thin conducting sheet"), remove "perfectly conducting" and clearly state that $\sigma$ is finite.
2.  Clarify the definition of "$\mathbf{E}_{sheet}$" in the context of the surface current density, especially if the sheet is not perfectly conducting.
=== Turn 2: Author refines questions ===
Okay, I've refined the physics questions based on the critique, aiming for originality, rigor, clarity, and solvability within a reasonable timeframe. Here are the revised questions:

```xml
<question>A system consists of $N$ non-interacting particles of mass $m$ in a one-dimensional potential well $V(x) = \alpha |x|^3$. The system is initially in thermal equilibrium at a low temperature $T$, such that $k_BT$ is much smaller than the energy of the first excited state but much larger than the ground state splitting due to any finite-size effects. Suddenly, the parameter $\alpha$ is doubled. Assuming the process is adiabatic, estimate the *change* in the average energy per particle, $\Delta E/N$, in terms of $T$, $N$, $\alpha$, and fundamental constants. Express your answer by relating $\Delta E/N$ to the initial thermal energy $k_B T$ with an appropriate scaling factor derived from the potential's properties.</question>

<question>A thin, uniformly charged disk of radius $R$ and total charge $Q$ is placed in the $xy$-plane, centered at the origin. A small electric dipole with dipole moment $\mathbf{p} = p\hat{\mathbf{x}}$ and mass $m$ is released from rest at the point $(0, 0, z_0)$, where $z_0 > 0$ and $z_0 << R$. The dipole is constrained to move only along the $z$-axis, maintaining its orientation. Assuming the dipole's electric field does not significantly alter the charge distribution of the disk, and considering only small displacements from $z_0$, find the angular frequency of small oscillations of the dipole along the $z$-axis.</question>

<question>Consider a particle of mass $m$ moving in a two-dimensional potential $V(x, y) = \frac{1}{2}m\omega^2(x^2 + y^2) + \lambda x^3 y$, where $\lambda$ is a small perturbation.  Calculate all first-order corrections to the energy of the *first* excited state. Note that this state is degenerate.</question>

<question>A relativistic rocket starts from rest and accelerates with a constant proper acceleration $a(\tau) = a_0$. Find the rocket's velocity $v(t)$ as a function of the time $t$ measured by an observer in the initial rest frame.</question>

<question>An electromagnetic wave with electric field $\mathbf{E} = E_0 \cos(kz - \omega t) \hat{\mathbf{x}}$ is incident normally on a thin conducting sheet with conductivity $\sigma$ located at $z = 0$. Assume the sheet is thin enough that its thickness can be neglected, and that $\sigma$ is large but *finite*. Find the fraction of the incident power that is reflected by the sheet, expressing your answer in terms of $\sigma$, $E_0$, and fundamental constants. You may assume the permeability of the sheet is $\mu_0$.</question>
```
Key changes and rationale:

*   **Question 1:**  Instead of asking for a final temperature (which is problematic in the quantum limit), the question now asks for the *change* in the average energy per particle. The low-temperature condition is clarified to allow for a meaningful initial thermal energy but still be deep in the quantum regime. The emphasis is on scaling and relating to $k_BT$, which is a more appropriate measure of energy at that scale. The particle number should now be irrelevant.

*   **Question 2:** The dipole orientation is changed to $\mathbf{p} = p\hat{\mathbf{x}}$. This creates a stable equilibrium position at $z_0$, since the dipole wants to align with the electric field. The problem is further constrained to only consider small displacements from $z_0$ to ensure oscillations around the equilibrium. The question now asks for the *angular frequency* instead of just "period" to make it more explicit.

*   **Question 3:**  The question is rephrased to explicitly request *all* first-order corrections.

*   **Question 4:** The proper acceleration is simplified to a *constant* $a_0$, which allows for a closed-form solution for $v(t)$.

*   **Question 5:** The contradictory statement about a "perfectly conducting sheet" and finite conductivity is resolved. The question now specifies a *thin conducting sheet* with finite (but large) conductivity $\sigma$. The question asks for the *fraction of power reflected*, which is well-defined for a finite-conductivity sheet.  The student is told to assume a permeability of $\mu_0$ in order to clarify the properties of the sheet.
=== Final questions generated ===
