=== Turn 0: Author generates questions ===
Here are some novel university-level physics questions based on the provided topics, key concepts, and guidelines:

1.  <question> A particle moves in a central potential such that its radial coordinate $r(t)$ satisfies the differential equation $r^2 \ddot{r} + ar^2\dot{r}^2+br^3 = 0$, where $a$ and $b$ are real constants. Find the general solution $r(t)$ assuming the initial conditions $r(0) = r_0$ and $\dot{r}(0) = v_0$, and express it as a function involving adic properties linked to cyclotomic polynomial roots arising from the irregular singularities of the operator associated with the differential equation.</question>

2.  <question>Consider a quantum mechanical system with a Hamiltonian $H$ such that the time-evolution operator $U(t) = e^{-iHt/\hbar}$ has monodromy eigenvalues exhibiting roots of unity associated with cyclotomic polynomials. Suppose the Hamiltonian can be represented as a D-module operator possessing both regular and irregular singularities in the complex time plane. If the Green's function of the system, $G(t, t')$, satisfies an equation with an operator that has an irregular singularity at $t=0$ whose solutions involve divergent series, derive an expression for $G(t,t')$ to first order in $t$, accounting for the adic properties of coefficients in the series solution and expressing the result in terms of elementary functions.</question>

3.  <question>Let $L$ be a linear differential operator with polynomial coefficients, possessing an irregular singularity at infinity. The solutions near infinity are characterized by formal solutions involving Gevrey series. Consider the equation $L(y) = 0$. Assume that $L$ can be represented by a Holonomic D-module and its formal solutions near infinity have a connection to the eigenvalues of a monodromy operator $M$ around the irregular singularity, which are roots of unity related to cyclotomic polynomials. Determine the asymptotic behavior of a solution $y(x)$ to this equation as $x \to \infty$, expressing the growth rate in terms of adic valuations of the coefficients appearing in the formal solution. </question>

4.  <question>Consider a one-dimensional quantum particle in a potential $V(x)$. Assume that the corresponding time-independent Schrödinger equation has a solution that can be expressed as a power series with coefficients $c_n$. Suppose the recurrence relation for these coefficients involves terms with denominators that exhibit divisibility properties related to adic valuations and cyclotomic polynomials. If the monodromy matrix associated with the differential equation has eigenvalues that are roots of unity corresponding to a cyclotomic polynomial $\Phi_n(x)$, determine a closed-form expression for the wavefunction $\psi(x)$ when the potential $V(x)$ forces a divergence condition related to the n-adic properties of $c_n$ and specify the allowed energies such that the divergences are avoided.</question>

5.  <question>A quantum particle of mass $m$ moves in a potential $V(x)$ such that its Schrödinger equation can be transformed into a differential equation described by a holonomic D-module with an irregular singularity at $x = \infty$. The monodromy around this singularity is characterized by eigenvalues that are roots of unity linked to a specific cyclotomic polynomial $\Phi_k(x)$. Determine the asymptotic behavior of the wave function $\psi(x)$ as $x \to \infty$, expressing it in terms of the adic properties of the leading-order coefficients in the asymptotic expansion, and relate the allowed energy levels to the roots of the cyclotomic polynomial.</question>
=== Turn 0: Critic feedback ===
The questions demonstrate an ambitious attempt to integrate highly advanced mathematical concepts (D-modules, irregular singularities, monodromy, Gevrey series, cyclotomic polynomials, adic valuations) with university-level physics scenarios. However, they fall short of being effective assessment questions due to several critical issues, primarily related to mathematical coherence, solvability, and adherence to the provided guidelines.

Here's a detailed critique for each question:

---

### Critique of Question 1:

1.  **Mathematical Structure/Solvability:** The differential equation $r^2 \ddot{r} + ar^2\dot{r}^2+br^3 = 0$ is a non-linear second-order ODE. The concepts of "irregular singularities of the operator associated with the differential equation," "adic properties," and "cyclotomic polynomial roots" are overwhelmingly for *linear* differential operators and their solutions. There is no standard, direct way to apply these concepts to this non-linear ODE, making the question ill-posed and likely unsolvable as stated. The implied connection is highly speculative and undefined.
2.  **Concise and Relevant:** The overwhelming amount of jargon related to "adic properties," "cyclotomic polynomial roots," and "irregular singularities" is irrelevant and misleading for solving the given non-linear ODE. It adds significant noise without contributing to a clear, solvable problem.
3.  **Guideline 10 (Single Part):** Met.
4.  **Guideline 3 (Solvable Target):** While "find the general solution $r(t)$" is a clear target, the additional constraint on its form (involving adic properties etc.) makes it practically unsolvable given the nature of the ODE.

**Actionable Feedback:**
*   **Remove Misleading Concepts:** Eliminate all references to "adic properties," "cyclotomic polynomial roots," and "irregular singularities" as they are inapplicable to the given non-linear ODE.
*   **Simplify or Specify:** If the goal is to test advanced ODE solving, provide a linear ODE where these concepts *are* relevant, or keep the non-linear ODE and simply ask for its general solution without the abstract mathematical constraints.
*   **Clarify "Operator Association":** If there's a non-standard transformation that links this non-linear ODE to a linear operator, it must be explicitly defined.

---

### Critique of Question 2:

1.  **Mathematical Structure/Solvability:** The combination of "monodromy eigenvalues" for a time-evolution operator, a Hamiltonian as a "D-module operator with singularities in the complex time plane," and then asking for a "first order in $t$" Green's function while "accounting for adic properties of coefficients in divergent series solutions" and expressing it in "elementary functions" is a convoluted and contradictory set of conditions. Divergent series solutions from irregular singularities are typically formal asymptotic series involving exponential terms, not simple truncated elementary functions with adic properties directly observable at first order. This is highly ill-posed.
2.  **Guideline 3 (Solvable Target / No Derivations):** "Derive an expression" explicitly violates the guideline "Questions must not be proves or derivations."
3.  **Concise and Relevant:** The extensive use of highly specialized and disparate mathematical concepts (D-modules, monodromy, irregular singularities, adic properties, cyclotomic polynomials) makes the question overly complex and unclear without defining how these concepts interrelate to yield a concrete, solvable outcome.
4.  **Guideline 10 (Single Part):** Met.

**Actionable Feedback:**
*   **Change "derive" to "determine" or "find."**
*   **Drastically Simplify:** Focus on one or two advanced concepts at a time. For instance, provide a specific differential equation for the Green's function with a known irregular singularity and ask for its leading-order asymptotic behavior, without the layers of D-modules, adic properties, and cyclotomic polynomials unless their role is precisely defined and calculable.
*   **Resolve Contradictions:** Clarify how "divergent series solutions," "adic properties," and "first order in $t$" leading to "elementary functions" can coexist.

---

### Critique of Question 3:

1.  **Mathematical Structure/Solvability:** While the setup of a linear differential operator with an irregular singularity at infinity and Gevrey series solutions is mathematically sound, the demand to express the "growth rate" in terms of "adic valuations of the coefficients" is problematic. Adic valuations are number-theoretic properties of numbers (coefficients), whereas the growth rate of a function (like $y(x)$) is determined by its analytic behavior (e.g., exponential or polynomial terms). There is no standard, general connection that allows expressing one directly in terms of the other without a highly specific, predefined construction. The link feels arbitrary.
2.  **Concise and Relevant:** The inclusion of "Holonomic D-module," "monodromy operator," "roots of unity related to cyclotomic polynomials," and "adic valuations" makes the question unnecessarily complex. While Holonomic D-modules provide a framework for these types of equations, the "adic valuations" part is largely extraneous to typical asymptotic analysis of ODEs.
3.  **Guideline 10 (Single Part):** Met.

**Actionable Feedback:**
*   **Clarify Connection:** If a direct, mathematically rigorous connection exists between adic valuations of coefficients and the growth rate of solutions in this context, it must be explicitly defined within the problem statement. Otherwise, remove the "adic valuations" requirement.
*   **Focus on Standard Asymptotics:** Rephrase to ask for the asymptotic behavior in terms of standard analytical functions (exponentials, powers) as is common in the theory of irregular singularities.

---

### Critique of Question 4:

1.  **Guideline 10 (Single Part):** The question asks for two distinct outputs: "a closed-form expression for the wavefunction $\psi(x)$" AND "specify the allowed energies." This explicitly violates the guideline "Questions must not have multiple parts to answer, there should be only one single solution to each question."
2.  **Mathematical Structure/Solvability:** The conditions are excessively convoluted and unlikely to lead to a solvable problem for a university-level assessment. The notions of a recurrence relation's "denominators exhibiting divisibility properties related to adic valuations and cyclotomic polynomials," combined with a potential "forcing a divergence condition related to the n-adic properties of $c_n$," are highly artificial and abstract. It's unclear how such a potential would be determined, or how these number-theoretic properties would directly yield a closed-form $\psi(x)$ and quantized energy levels in a standard quantum mechanical problem.
3.  **Concise and Relevant:** The question is extremely verbose and laden with advanced, likely irrelevant, or misapplied mathematical concepts that obscure any potential solvable core.

**Actionable Feedback:**
*   **Separate into Multiple Questions:** Split the request for the wavefunction and allowed energies into two distinct questions.
*   **Simplify and Specify:** Drastically simplify the abstract conditions. If adic valuations and cyclotomic polynomials are to be included, the problem needs to define a *specific*, non-trivial potential $V(x)$ where these properties naturally arise and lead to a solvable physical outcome, rather than stating vague conditions.
*   **Define "Closed-Form":** Clarify what is meant by "closed-form" in this highly abstract context.

---

### Critique of Question 5:

1.  **Guideline 10 (Single Part):** Similar to Question 4, it asks for two distinct outputs: "asymptotic behavior of the wave function $\psi(x)$" AND "relate the allowed energy levels to the roots of the cyclotomic polynomial." This violates the single-output guideline.
2.  **Mathematical Structure/Solvability:** The request to express "asymptotic behavior" in terms of "adic properties of the leading-order coefficients" faces the same issue as Question 3 – an arbitrary connection between analytical function growth and number-theoretic properties of coefficients. Furthermore, the direct linkage of "allowed energy levels to the roots of the cyclotomic polynomial" from monodromy eigenvalues, without a specific physical mechanism or mathematical framework, is highly speculative and probably not generally solvable in a standard physics context.
3.  **Concise and Relevant:** The question suffers from excessive jargon and a lack of clear, relevant connection between the abstract mathematical properties and the concrete physics problem.

**Actionable Feedback:**
*   **Separate into Multiple Questions:** Split the request for asymptotic behavior and energy levels.
*   **Clarify Connections:** As with Question 3, define precisely how "adic properties" relate to the asymptotic behavior of a function. For energy levels, either provide a concrete potential where such a quantization mechanism (via cyclotomic roots and monodromy) is known to occur, or remove this highly specialized condition.
*   **Focus on a Single Concept:** Streamline the problem to focus on a single, well-defined aspect (e.g., just the asymptotic behavior or just the energy quantization for a *specified* system with these properties).

---

**Overall Summary and Recommendation:**

All questions suffer from a similar set of issues:
*   **Overuse of Highly Advanced Concepts:** They combine numerous concepts from advanced pure mathematics (algebraic analysis, D-modules, p-adic numbers, advanced number theory, complex analysis beyond typical physics applications) in ways that are not typically taught in university-level physics and whose interconnections are often unclear or ill-defined in the problem statement.
*   **Lack of Solvability/Coherence:** Many questions pose conditions that are either contradictory, fundamentally ill-posed, or so abstract that a concrete, symbolic solution as requested would be impossible without significant unstated definitions or simplifications. The recurring demand to link "adic properties" to functional behavior (like growth rate or closed-form expressions) is particularly problematic.
*   **Violation of Guidelines:** Specifically, the consistent violation of the "single output" rule (Guideline 10) in Questions 4 and 5, and the "no derivations" rule (Guideline 3) in Question 2.

**General Recommendation for Improvement:**
To make these suitable for a "university-level physics assessment," a fundamental shift in approach is required. Instead of vaguely stating advanced mathematical properties as conditions, one must:
1.  **Ground the Problem:** Define a *specific, solvable physical system* (e.g., a particular potential $V(x)$) where these advanced mathematical concepts *naturally* arise as part of its well-understood solution.
2.  **Focus on One or Two Concepts:** Do not try to cram every advanced concept into a single question. Pick one or two, and define their role precisely.
3.  **Ensure Direct Applicability:** The advanced mathematical tools mentioned must be directly applicable to the problem, and their consequences for the physical quantities should be clearly calculable.
4.  **Simplify Language:** Remove unnecessary jargon and use precise, standard terminology relevant to the specific problem.
5.  **Strictly Adhere to Guidelines:** Especially the single-part and no-derivation rules.

In their current form, these questions are more akin to highly abstract research prompts or mathematical riddles than practical assessment questions for university-level physics students.
=== Turn 1: Author refines questions ===
Okay, I've thoroughly revised the questions based on the extensive feedback. Here's an attempt to create more focused, solvable, and coherent questions, while still incorporating some of the advanced concepts, albeit in a more controlled and justifiable manner. I've also addressed the violations of the guidelines.

```xml
<question>Consider the differential equation $(x^2+1)y'' + xy' - y = 0$.  This equation has an irregular singularity at infinity. The solutions can be expressed as a power series around $x=0$. The radius of convergence of this series is determined by the location of the singularities in the complex plane. Determine the radius of convergence of the power series solution around $x=0$ for this differential equation.</question>

<question>A particle of mass $m$ is confined to a one-dimensional potential well $V(x) = -V_0 \text{sech}^2(ax)$.  The bound state solutions to the time-independent Schrödinger equation can be found analytically. For sufficiently large $V_0$, there will be multiple bound states. The number of bound states is related to the parameter $a$ and $V_0$. Determine a condition on $a$ and $V_0$ for which only one bound state exists.</question>

<question>The Mathieu equation, $y''(x) + (a - 2q\cos(2x))y(x) = 0$, arises in various physical contexts, including the study of elliptical membranes.  For certain values of $a$ and $q$, the solutions are periodic with period $\pi$ or $2\pi$.  For $q=1$, find the value of $a$ such that the solution $y(x)$ is of the form $y(x) = \cos(x)$.</question>

<question>Consider a quantum harmonic oscillator with Hamiltonian $H = \frac{p^2}{2m} + \frac{1}{2}m\omega^2 x^2$.  A small perturbation $H' = \lambda x^4$ is added to the Hamiltonian.  Using perturbation theory to first order in $\lambda$, determine the energy shift of the ground state.</question>

<question>A particle is confined to move on a ring of radius $R$. The Hamiltonian for the particle is given by $H = \frac{L_z^2}{2I}$, where $L_z$ is the angular momentum and $I = mR^2$ is the moment of inertia. If a magnetic field $B$ is applied perpendicular to the plane of the ring, the Hamiltonian becomes $H = \frac{(L_z + eBR^2/2)^2}{2I}$. Determine the change in the energy levels due to the application of the magnetic field.</question>
```
Key improvements:

*   **Focus on Solvability:**  The revised questions are designed to be solvable using standard techniques taught in university-level physics courses (e.g., differential equations, quantum mechanics, perturbation theory).
*   **Specific Systems:**  Instead of abstract conditions, each question is based on a well-defined physical or mathematical system.
*   **Reduced Jargon:**  Unnecessary jargon has been removed.  When advanced concepts are mentioned (e.g., irregular singularity), they are relevant to the question and can be addressed using appropriate techniques.
*   **Single Output:**  Each question asks for a single, well-defined result.
*   **No Derivations:**  The questions ask students to *determine* or *find* specific quantities, rather than perform extensive derivations.
* **No adic Properties/Cyclotomic Polynomials**: These were removed because they caused great difficulty in question formation that still adheres to guidelines.

These revised questions should be significantly more appropriate for a university-level physics assessment while still touching on advanced topics in a manageable way.
=== Turn 1: Critic feedback ===
Here's a critique of each question against your guidelines, with actionable feedback for improvement:

---

**Question 1: Differential Equation Radius of Convergence**

*   **Critique:**
    *   **Guideline 5 (Concise and Relevant):** The statements "This equation has an irregular singularity at infinity" and "The radius of convergence of this series is determined by the location of the singularities in the complex plane" are true but provide unnecessary guiding information and context that the student should infer or already know. The irregular singularity at infinity is irrelevant to the radius of convergence around $x=0$.
    *   **Guideline 6 (Originality):** This is a very standard textbook problem. It's a direct application of a fundamental theorem regarding the radius of convergence of power series solutions for linear ODEs around an ordinary point.
    *   **Guideline 7 (Multi-Step Reasoning):** The steps are: 1. Identify singular points. 2. Calculate distance from expansion point to nearest singularity. This is minimal and more of a definition recall than complex reasoning.
*   **Actionable Feedback:**
    *   Remove redundant information: Eliminate the sentences about irregular singularity and how the radius is determined.
    *   Increase originality and multi-step reasoning: To make it less trivial, consider choosing an expansion point not at $x=0$, or an equation where identifying the singularities or calculating the distance is more complex. For example, $(x^4-1)y'' + xy' - y = 0$ around $x=i/2$.

---

**Question 2: Quantum Potential Well**

*   **Critique:**
    *   **Guideline 5 (Concise and Relevant):** "For sufficiently large $V_0$, there will be multiple bound states. The number of bound states is related to the parameter $a$ and $V_0$" is true but provides redundant context. The question directly asks for the condition, implying the student needs to understand this relationship.
    *   **Guideline 6 (Originality):** This is a classic, well-known problem in quantum mechanics concerning the exactly solvable Pöschl-Teller potential (of which $\text{sech}^2(ax)$ is a special case). The condition for the number of bound states is a standard result.
    *   **Guideline 7 (Multi-Step Reasoning):** Requires recalling or deriving the condition for the number of bound states and then applying algebraic manipulation to isolate the specific case. It's multi-step, but the core formula is often memorized or directly available.
*   **Actionable Feedback:**
    *   Remove redundant context: Eliminate the sentences about multiple bound states and the relationship between parameters.
    *   Increase originality: Consider asking for a condition for a different aspect of the potential (e.g., minimum $V_0$ for a single bound state if other parameters are fixed, or a condition for the first excited state to be exactly at the continuum threshold), or for a different exactly solvable potential.

---

**Question 3: Mathieu Equation**

*   **Critique:**
    *   **Guideline 3 (Solvable Target):** This question is fundamentally flawed. If $y(x) = \cos(x)$ is a solution for the Mathieu equation $y''(x) + (a - 2q\cos(2x))y(x) = 0$ with $q=1$, then substituting $y(x)=\cos(x)$ and $y''(x)=-\cos(x)$ yields:
        $-\cos(x) + (a - 2\cos(2x))\cos(x) = 0$
        Dividing by $\cos(x)$ (for $x \neq \pi/2 + n\pi$):
        $-1 + a - 2\cos(2x) = 0$
        $a = 1 + 2\cos(2x)$
        For $y(x)=\cos(x)$ to be a general solution, $a$ must be a constant, independent of $x$. Since $1 + 2\cos(2x)$ is a function of $x$, there is no constant value of $a$ for which $y(x)=\cos(x)$ is a solution when $q=1$. The question, as stated, has no constant solution for $a$.
*   **Actionable Feedback:**
    *   **Critical Correction:** This question is not solvable as written. The chosen form $y(x) = \cos(x)$ does not satisfy the Mathieu equation for any constant $a$ when $q=1$.
    *   To make it solvable:
        *   Change the target solution $y(x)$ to one that *is* a known solution for specific $a,q$ values (e.g., a known Mathieu function, though this might make it too advanced).
        *   Alternatively, simplify the equation. For example, if $q=0$, the equation becomes $y''(x) + ay(x) = 0$, for which $y(x)=\cos(x)$ is a solution if $a=1$. This maintains the multi-step reasoning (substitution, algebraic solution) but simplifies the problem to be solvable.
        *   **Revised Suggestion:** "The Mathieu equation, $y''(x) + (a - 2q\cos(2x))y(x) = 0$, arises in various physical contexts, including the study of elliptical membranes. For $q=0$, find the value of $a$ such that the solution $y(x)$ is of the form $y(x) = \cos(x)$."

---

**Question 4: Quantum Harmonic Oscillator Perturbation**

*   **Critique:**
    *   **Guideline 6 (Originality):** This is one of the most common and canonical examples for first-order perturbation theory in quantum mechanics. It is highly likely to be a direct textbook problem or a very minor variation.
    *   **Guideline 7 (Multi-Step Reasoning):** While it involves recalling the ground state wavefunction or its expectation values, setting up the integral (or using known values like $\langle x^4 \rangle$), and algebraic manipulation, it's still a very standard, almost rote, application of a formula.
*   **Actionable Feedback:**
    *   Increase originality: To make it less canonical while still being solvable, consider:
        *   A different (but still simple) perturbation, e.g., $H' = \lambda x^3$ (which tests understanding of parity for the ground state).
        *   The energy shift of the first excited state, which requires evaluating $\langle \psi_1 | x^4 | \psi_1 \rangle$ or using ladder operators, increasing complexity.
        *   Perturbing a different system for which the unperturbed states are simple, e.g., a particle in an infinite square well with a perturbation like $H' = \lambda x$.

---

**Question 5: Particle on a Ring in Magnetic Field**

*   **Critique:**
    *   **Guideline 6 (Originality):** While not entirely original, this problem is a standard but good application of quantum mechanics with angular momentum and magnetic fields (often seen in the context of Aharonov-Bohm effect setup). It's less "overdone" than the harmonic oscillator perturbation.
    *   **Guideline 7 (Multi-Step Reasoning):** It requires understanding the unperturbed energy levels, applying the new Hamiltonian to the eigenstates, and expanding the term to find the difference. This involves multiple clear steps and algebraic manipulation.
*   **Actionable Feedback:**
    *   This question is relatively strong against your guidelines. It's solvable, asks for a single clear output, requires multi-step reasoning, and is reasonably concise. No major changes are strictly necessary based on the guidelines.
    *   To slightly enhance originality, one could ask about the change in a specific energy level or a more complex interaction, but the current form is solid.
=== Turn 2: Author refines questions ===
```xml
<question>Consider the differential equation $(x^4+1)y'' + xy' - y = 0$. The solutions can be expressed as a power series around $x=i/2$. Determine the radius of convergence of the power series solution around $x=i/2$ for this differential equation.</question>

<question>A particle of mass $m$ is confined to a one-dimensional potential well $V(x) = -V_0 \text{sech}^2(ax)$. Determine a condition on $a$ and $V_0$ for which only one bound state exists.</question>

<question>The Mathieu equation, $y''(x) + (a - 2q\cos(2x))y(x) = 0$, arises in various physical contexts, including the study of elliptical membranes. For $q=0$, find the value of $a$ such that the solution $y(x)$ is of the form $y(x) = \cos(x)$.</question>

<question>Consider a quantum harmonic oscillator with Hamiltonian $H = \frac{p^2}{2m} + \frac{1}{2}m\omega^2 x^2$.  A small perturbation $H' = \lambda x^3$ is added to the Hamiltonian.  Using perturbation theory to first order in $\lambda$, determine the energy shift of the ground state.</question>

<question>A particle is confined to move on a ring of radius $R$. The Hamiltonian for the particle is given by $H = \frac{L_z^2}{2I}$, where $L_z$ is the angular momentum and $I = mR^2$ is the moment of inertia. If a magnetic field $B$ is applied perpendicular to the plane of the ring, the Hamiltonian becomes $H = \frac{(L_z + eBR^2/2)^2}{2I}$. Determine the change in the *n=1* energy level due to the application of the magnetic field.</question>
```
Key Changes Made:

*   **Question 1:** Removed redundant information and changed the expansion point to $x=i/2$ for added complexity.
*   **Question 2:** Removed redundant information.
*   **Question 3:** Changed $q$ to 0 to ensure a solvable problem.
*   **Question 4:** Changed the perturbation to $\lambda x^3$ to test parity understanding.
*   **Question 5:** Specified that the change in the *n=1* energy level should be found.
=== Turn 2: Critic feedback ===
Here's a critique of each question based on the provided guidelines:

**Question 1:** Consider the differential equation $(x^4+1)y'' + xy' - y = 0$. The solutions can be expressed as a power series around $x=i/2$. Determine the radius of convergence of the power series solution around $x=i/2$ for this differential equation.

*   **Critique:** This question is well-structured and aligns with most guidelines. It is solvable, requires multi-step reasoning (finding singular points in the complex plane and calculating distance), and asks for a single symbolic output. The mathematical notation is correct.
*   **Actionable Feedback:**
    *   **Concise and Relevant (Guideline 5):** Remove the phrase "The solutions can be expressed as a power series around $x=i/2$." This information is implied by the request to determine the radius of convergence for such a solution.

**Question 2:** A particle of mass $m$ is confined to a one-dimensional potential well $V(x) = -V_0 \text{sech}^2(ax)$. Determine a condition on $a$ and $V_0$ for which only one bound state exists.

*   **Critique:** This is a strong question. It's well-defined, asks for a clear symbolic condition, is non-trivial, and requires knowledge of a specific solvable quantum mechanics problem (Pöschl-Teller potential) or general bound state theory. It satisfies all guidelines.
*   **Actionable Feedback:**
    *   No significant improvements needed.

**Question 3:** The Mathieu equation, $y''(x) + (a - 2q\cos(2x))y(x) = 0$, arises in various physical contexts, including the study of elliptical membranes. For $q=0$, find the value of $a$ such that the solution $y(x)$ is of the form $y(x) = \cos(x)$.

*   **Critique:** While mathematically sound and following formatting guidelines, this question significantly lacks originality and multi-step reasoning. Setting $q=0$ trivializes the Mathieu equation into a basic constant-coefficient second-order ODE, making the solution a simple substitution and algebraic manipulation.
*   **Actionable Feedback:**
    *   **Originality & Multi-Step Reasoning (Guidelines 6 & 7):** The problem is too trivial for $q=0$. To make it non-trivial and require multi-step reasoning, consider asking about a non-zero $q$ and properties related to stability, characteristic exponents, or approximate solutions. As currently posed, it tests only basic differentiation and substitution.

**Question 4:** Consider a quantum harmonic oscillator with Hamiltonian $H = \frac{p^2}{2m} + \frac{1}{2}m\omega^2 x^2$. A small perturbation $H' = \lambda x^3$ is added to the Hamiltonian. Using perturbation theory to first order in $\lambda$, determine the energy shift of the ground state.

*   **Critique:** This question is a classic textbook problem designed to illustrate the parity selection rule in perturbation theory. While it tests an important concept and requires multi-step reasoning, it lacks originality as it's a very common example.
*   **Actionable Feedback:**
    *   **Originality (Guideline 6):** While it tests a key concept (parity in perturbation theory), the perturbation $H' = \lambda x^3$ is a standard textbook example. To increase originality, consider a slightly different perturbation (e.g., $\lambda x^4$ which yields a non-zero first-order correction, or a more complex potential) while still testing core perturbation theory principles.

**Question 5:** A particle is confined to move on a ring of radius $R$. The Hamiltonian for the particle is given by $H = \frac{L_z^2}{2I}$, where $L_z$ is the angular momentum and $I = mR^2$ is the moment of inertia. If a magnetic field $B$ is applied perpendicular to the plane of the ring, the Hamiltonian becomes $H = \frac{(L_z + eBR^2/2)^2}{2I}$. Determine the change in the *n=1* energy level due to the application of the magnetic field.

*   **Critique:** This question is well-defined and requires appropriate multi-step reasoning (understanding angular momentum eigenvalues, Hamiltonian expansion, and energy level calculation). It's a good test of a common quantum mechanics scenario. However, there's a minor ambiguity in notation.
*   **Actionable Feedback:**
    *   **Language and Notation (Guideline 9):** Clarify "n=1 energy level." For a particle on a ring, energy levels are typically indexed by the magnetic quantum number $m = 0, \pm 1, \pm 2, \dots$. The ground state is $m=0$, and the first excited states are $m=\pm 1$. Specify whether "n=1" refers to the state with $m=1$ or the first excited state(s) (which are degenerate for $m=\pm 1$ in the unperturbed case). For example, "the change in the energy level for $m=1$."
=== Turn 3: Author refines questions ===
```xml
<question>Consider the differential equation $(x^4+1)y'' + xy' - y = 0$. Determine the radius of convergence of the power series solution around $x=i/2$ for this differential equation.</question>

<question>A particle of mass $m$ is confined to a one-dimensional potential well $V(x) = -V_0 \text{sech}^2(ax)$. Determine a condition on $a$ and $V_0$ for which only one bound state exists.</question>

<question>The Mathieu equation, $y''(x) + (a - 2q\cos(2x))y(x) = 0$, arises in various physical contexts.  Consider the case where $q$ is a small, non-zero value.  Find an *approximate* expression for the value of $a$ (to first order in $q$) such that $y(x) = \cos(x)$ is an approximate solution.</question>

<question>Consider a quantum harmonic oscillator with Hamiltonian $H = \frac{p^2}{2m} + \frac{1}{2}m\omega^2 x^2$.  A small perturbation $H' = \lambda x^4$ is added to the Hamiltonian.  Using perturbation theory to first order in $\lambda$, determine the energy shift of the ground state.</question>

<question>A particle is confined to move on a ring of radius $R$. The Hamiltonian for the particle is given by $H = \frac{L_z^2}{2I}$, where $L_z$ is the angular momentum and $I = mR^2$ is the moment of inertia. If a magnetic field $B$ is applied perpendicular to the plane of the ring, the Hamiltonian becomes $H = \frac{(L_z + eBR^2/2)^2}{2I}$. Determine the change in the energy level for $m=1$ due to the application of the magnetic field.</question>
```
=== Final questions generated ===
