=== Turn 0: Author generates questions ===
Here are some novel university-level Mathematics questions, formatted according to your specifications:

1.  <question>Consider an algebraifold $\mathcal{A}$ constructed as the quotient of $\mathbb{R}^4$ by the equivalence relation $(x, y, z, w) \sim (x + 1, y, z, w) \sim (x, y + 1, z, w) \sim (x, y, z + 1, w) \sim (x, y, z, w + f(x, y, z))$, where $f(x, y, z) = \sin(2\pi x) + \cos(2\pi y) + \exp(-\pi(x^2 + y^2 + z^2))$. Determine the fundamental group of $\mathcal{A}$.</question>

2.  <question>Let $E$ be a finitely generated projective module over the Einstein algebra $\mathcal{E} = \mathbb{C}[x, y, z]/(x^2 + y^2 + z^2 - 1)$. Determine the rank of $E$ at the point $(0, 0, 1)$.</question>

3.  <question>Let $\mathcal{G}$ be an algebraifold defined by the vanishing of the polynomial $p(x,y,z) = x^3 + y^3 + z^3 - 1$ in $\mathbb{C}^3$. A formal line $L$ on $\mathcal{G}$ is given parametrically by $x(t) = a + bt$, $y(t) = c + dt$, and $z(t) = e + ft$, where $a, b, c, d, e, f \in \mathbb{C}$. Find an algebraic condition that must be satisfied by $a, b, c, d, e, f$ for $L$ to be tangent to $\mathcal{G}$ at the point $(a, c, e)$.</question>

4.  <question>Consider an algebraifold $\mathcal{M}$ defined by the equation $x^4 + y^4 + z^4 = 1$ in $\mathbb{C}^3$. Define a formal geodesic on $\mathcal{M}$ as a curve $\gamma(t) = (x(t), y(t), z(t))$ satisfying $x'(t)^2 + y'(t)^2 + z'(t)^2 = 1$ and lying on $\mathcal{M}$. Determine the curvature of $\mathcal{M}$ along the formal geodesic $\gamma(t)$ at the point $(1, 0, 0)$.</question>

5.  <question>Consider a finitely generated projective module $P$ over an algebraifold $\mathcal{A}$ defined by the polynomial $p(x, y) = x^5 + y^5 - 1 = 0$. If $P$ is locally free of rank $r$ and has a connection $\nabla$, express the Chern character $\text{ch}(P)$ as a differential form on $\mathcal{A}$.</question>
=== Turn 0: Critic feedback ===
Here's a critique of the provided questions, with actionable feedback for improvement:

---

**Question 1:** <question>Consider an algebraifold $\mathcal{A}$ constructed as the quotient of $\mathbb{R}^4$ by the equivalence relation $(x, y, z, w) \sim (x + 1, y, z, w) \sim (x, y + 1, z, w) \sim (x, y, z + 1, w) \sim (x, y, z, w + f(x, y, z))$, where $f(x, y, z) = \sin(2\pi x) + \cos(2\pi y) + \exp(-\pi(x^2 + y^2 + z^2))$. Determine the fundamental group of $\mathcal{A}$.</question>

*   **Critique:** This question is fundamentally ill-posed. The term "algebraifold" is undefined and the construction itself does not result in a manifold. The equivalence relation $(x, y, z, w) \sim (x, y, z, w + f(x, y, z))$ implies that the $w$ coordinate is identified modulo $f(x,y,z)$. Since $f(x,y,z)$ can vary (it can be zero or negative, making the identification problematic or leading to a non-locally Euclidean space), the resulting space $\mathcal{A}$ is generally not a manifold. Without $\mathcal{A}$ being a well-behaved topological space (like a manifold), the standard definition of the fundamental group may not apply or would require a specific redefinition of the space's topology, which is not provided. This violates Guideline 2 (Mathematical Structure).

*   **Actionable Feedback:**
    1.  **Define "algebraifold"**: If it's a novel concept, provide a precise mathematical definition.
    2.  **Ensure Manifold Structure**: Rephrase the equivalence relation to ensure the resulting space is a well-defined manifold. For instance, if $f(x,y,z)$ were a positive constant, it would be a standard torus. If it defines a fiber bundle, ensure the fibers are consistent. A common structure for twisted products is $w \sim w+1$ but with twists applied to $w$ when $x,y,z$ change by integers. For example, $(x+1,y,z,w) \sim (x,y,z,w+g_1(y,z))$ and similar for other directions, while $w \sim w+1$ is a separate identification. The current formulation identifies $w$ with $w+f(x,y,z)$ for *each* $x,y,z$, which is problematic.

---

**Question 2:** <question>Let $E$ be a finitely generated projective module over the Einstein algebra $\mathcal{E} = \mathbb{C}[x, y, z]/(x^2 + y^2 + z^2 - 1)$. Determine the rank of $E$ at the point $(0, 0, 1)$.</question>

*   **Critique:** This question is underspecified and unanswerable as stated. The rank of a finitely generated projective module is an intrinsic property of the module itself, not determined solely by the base ring. While projective modules over a connected variety (which $\mathcal{E}$ defines) have constant rank, the specific rank (e.g., $1, 2, 3, \ldots$) is arbitrary unless more information about the module $E$ is given. The question asks to "determine the rank," implying a unique, specific numerical answer, which is not possible. The term "Einstein algebra" is also non-standard for this ring. This violates Guideline 3 (Solvable Target) and Guideline 5 (Concise and Relevant).

*   **Actionable Feedback:**
    1.  **Specify the module $E$**: Provide a concrete definition for $E$ (e.g., $E$ is the tangent bundle, or $E$ is an ideal generated by specific elements, or $E = \mathcal{E}^{\oplus k}$ for some $k$).
    2.  **Use standard terminology**: Replace "Einstein algebra" with "coordinate ring of the complex sphere $S^2_\mathbb{C}$" or simply refer to it as "the algebra $\mathcal{E}$".

---

**Question 3:** <question>Let $\mathcal{G}$ be an algebraifold defined by the vanishing of the polynomial $p(x,y,z) = x^3 + y^3 + z^3 - 1$ in $\mathbb{C}^3$. A formal line $L$ on $\mathcal{G}$ is given parametrically by $x(t) = a + bt$, $y(t) = c + dt$, and $z(t) = e + ft$, where $a, b, c, d, e, f \in \mathbb{C}$. Find an algebraic condition that must be satisfied by $a, b, c, d, e, f$ for $L$ to be tangent to $\mathcal{G}$ at the point $(a, c, e)$.</question>

*   **Critique:** The question is mostly well-posed, assuming "algebraifold" means algebraic variety and "formal line" means a parameterized line. However, for a line to be tangent to a surface at a point, two conditions are typically required: 1) the point must lie on the surface, and 2) the direction vector of the line must be in the tangent space of the surface at that point. These translate to two algebraic conditions: $a^3+c^3+e^3-1=0$ and $a^2b+c^2d+e^2f=0$. The question asks for "an algebraic condition," which creates ambiguity. If it implies that the point $(a,c,e)$ is *already assumed* to be on $\mathcal{G}$, then only the second condition is sought. If it asks for *all* conditions for tangency, then there are two. This violates Guideline 10 (Single Output).

*   **Actionable Feedback:**
    1.  **Clarify the output**: Rephrase to ask for *all* algebraic conditions, or explicitly state that the point $(a,c,e)$ is assumed to be on $\mathcal{G}$. For example: "Given that the point $(a,c,e)$ lies on $\mathcal{G}$, find the algebraic condition that must be satisfied by $a, b, c, d, e, f$ for $L$ to be tangent to $\mathcal{G}$ at $(a, c, e)$." This would make the output unambiguously single.
    2.  **Use standard terminology**: Replace "algebraifold" with "algebraic variety" or "hypersurface". "Formal line" can simply be "line".

---

**Question 4:** <question>Consider an algebraifold $\mathcal{M}$ defined by the equation $x^4 + y^4 + z^4 = 1$ in $\mathbb{C}^3$. Define a formal geodesic on $\mathcal{M}$ as a curve $\gamma(t) = (x(t), y(t), z(t))$ satisfying $x'(t)^2 + y'(t)^2 + z'(t)^2 = 1$ and lying on $\mathcal{M}$. Determine the curvature of $\mathcal{M}$ along the formal geodesic $\gamma(t)$ at the point $(1, 0, 0)$.</question>

*   **Critique:** This question suffers from multiple ambiguities and non-standard definitions.
    1.  **"Formal geodesic"**: The provided definition $x'(t)^2 + y'(t)^2 + z'(t)^2 = 1$ is simply a unit speed condition in the ambient $\mathbb{C}^3$ (or $\mathbb{R}^6$), not a definition of a geodesic on $\mathcal{M}$ with respect to its induced metric. A geodesic on $\mathcal{M}$ would involve solving geodesic equations.
    2.  **"Curvature of $\mathcal{M}$ along the formal geodesic $\gamma(t)$"**: The term "curvature" is ambiguous for a complex variety. Does it refer to intrinsic curvature (e.g., Gaussian, sectional, Riemann tensor), extrinsic curvature (e.g., principal, mean), or geodesic curvature of the curve on the surface? For a complex 2-dimensional variety (real 4-dimensional), standard "Gaussian curvature" is not directly applicable.
    3.  Without a proper definition of "geodesic" and a precise specification of "curvature," the question is ill-defined and unsolvable. This violates Guideline 2 (Mathematical Structure) and Guideline 3 (Solvable Target).

*   **Actionable Feedback:**
    1.  **Define "geodesic" properly**: If the problem intends for $\gamma(t)$ to be a geodesic *on $\mathcal{M}$* with respect to the induced metric from $\mathbb{C}^3$, state it explicitly and potentially define the metric. If it means a curve of unit speed in the ambient space that happens to lie on $\mathcal{M}$, then the term "geodesic" is misleading.
    2.  **Specify "curvature"**: Be precise about what type of curvature is being asked for (e.g., "Gaussian curvature", "mean curvature", "sectional curvature in the plane spanned by X and Y", or "the scalar curvature of $\mathcal{M}$").
    3.  **Use standard terminology**: Replace "algebraifold" with "algebraic variety" or "hypersurface".

---

**Question 5:** <question>Consider a finitely generated projective module $P$ over an algebraifold $\mathcal{A}$ defined by the polynomial $p(x, y) = x^5 + y^5 - 1 = 0$. If $P$ is locally free of rank $r$ and has a connection $\nabla$, express the Chern character $\text{ch}(P)$ as a differential form on $\mathcal{A}$.</question>

*   **Critique:** This question primarily asks for the recall of a definition rather than requiring multi-step reasoning or a calculation based on specific properties of $P$ or $\mathcal{A}$. The Chern character $\text{ch}(P)$ for a complex vector bundle $P$ with a connection $\nabla$ is generally expressed as $\text{Tr}\left(\exp\left(\frac{i}{2\pi} F_\nabla\right)\right)$, where $F_\nabla$ is the curvature 2-form of the connection. The specific polynomial $p(x,y)$ defining $\mathcal{A}$ and the rank $r$ are irrelevant if the answer is expected to be this general formula. This violates Guideline 7 (Multi-Step Reasoning) and Guideline 6 (Originality).

*   **Actionable Feedback:**
    1.  **Ask for a computation, not a definition**: To make this a problem requiring multi-step reasoning, provide enough information about the module $P$ and its connection $\nabla$ (or define a canonical connection) such that the specific Chern character can be computed in terms of the geometry of $\mathcal{A}$. For example, provide a specific bundle $P$ and ask for its first Chern class, or relate it to specific geometric properties of $\mathcal{A}$.
    2.  **Use standard terminology**: Replace "algebraifold" with "algebraic variety" or "curve".
=== Turn 1: Author refines questions ===
Here's a revised set of questions, incorporating the feedback and aiming for mathematical rigor and well-definedness:

1.  <question>Let $\mathcal{A}$ be the quotient of $\mathbb{R}^4$ by the equivalence relations $(x, y, z, w) \sim (x + 1, y, z, w)$, $(x, y, z, w) \sim (x, y + 1, z, w)$, $(x, y, z, w) \sim (x, y, z + 1, w)$, and $(x, y, z, w) \sim (x, y, z, w + 1)$. Furthermore, consider the action of $\mathbb{Z}^3$ on $\mathbb{R}^4$ given by $(n_1, n_2, n_3) \cdot (x, y, z, w) = (x + n_1, y + n_2, z + n_3, w + n_1 \sin(2\pi y) + n_2 \cos(2\pi z) + n_3 e^{-\pi(x^2+y^2)})$. Define the space $\mathcal{A}' = \mathbb{R}^4 / \mathbb{Z}^3$, where the action above has been applied to $\mathcal{A}$. Determine the fundamental group of $\mathcal{A}'$.</question>

2.  <question>Let $\mathcal{E} = \mathbb{C}[x, y, z]/(x^2 + y^2 + z^2 - 1)$ be the coordinate ring of the complex sphere $S^2_\mathbb{C}$. Let $E$ be the finitely generated projective $\mathcal{E}$-module corresponding to the tangent bundle of $S^2_\mathbb{C}$.  Determine the rank of $E$ at the point $(0, 0, 1)$ and justify your answer.</question>

3.  <question>Let $\mathcal{G}$ be the algebraic variety defined by the vanishing of the polynomial $p(x,y,z) = x^3 + y^3 + z^3 - 1$ in $\mathbb{C}^3$. A line $L$ is given parametrically by $x(t) = a + bt$, $y(t) = c + dt$, and $z(t) = e + ft$, where $a, b, c, d, e, f \in \mathbb{C}$.  Find all algebraic conditions that must be satisfied by $a, b, c, d, e, f$ for $L$ to be tangent to $\mathcal{G}$ at the point $(a, c, e)$.</question>

4.  <question>Consider the algebraic variety $\mathcal{M}$ defined by the equation $x^4 + y^4 + z^4 = 1$ in $\mathbb{C}^3$, equipped with the metric induced from the standard metric on $\mathbb{C}^3 \cong \mathbb{R}^6$. Define a geodesic on $\mathcal{M}$ to be a curve $\gamma(t) = (x(t), y(t), z(t))$ lying on $\mathcal{M}$ that satisfies the Euler-Lagrange equations for the Lagrangian $L = \frac{1}{2} (\dot{x}^2 + \dot{y}^2 + \dot{z}^2)$. Consider a geodesic $\gamma(t)$ on $\mathcal{M}$ such that $\gamma(0) = (1, 0, 0)$ and $\dot{\gamma}(0) = (0, v, w)$, where $v, w \in \mathbb{C}$. Find the geodesic curvature of $\gamma(t)$ at the point $(1, 0, 0)$.</question>

5.  <question>Consider the algebraic curve $\mathcal{A}$ defined by the polynomial $p(x, y) = x^5 + y^5 - 1 = 0$. Let $P = \Omega^1_{\mathcal{A}}$ be the module of Kähler differentials on $\mathcal{A}$.  Define a connection $\nabla: P \to P \otimes_{\mathcal{A}} \Omega^1_{\mathcal{A}}$ by $\nabla(dx) = 0$ and $\nabla(dy) = 0$. Compute the first Chern class $c_1(P)$ of the module $P$ associated with the connection $\nabla$. Express your answer as a differential form.</question>
=== Turn 1: Critic feedback ===
