=== Turn 0: Author generates questions ===
Here are the questions:

1.  <question>A spatial random field $Z(x)$ on $\mathbb{R}^2$ is constructed by interpolating between observation points using a κ-exponential kernel. The κ-exponential kernel is defined as $K(r) = \exp_{\kappa}(-r/\lambda)$, where $\exp_{\kappa}(x) = ( \sqrt{1 + \kappa^2 x^2} + \kappa x )^{1/\kappa}$ is the κ-exponential function, $r$ is the Euclidean distance between two points, and $\lambda$ is a scaling parameter. Given $n$ observations $Z(x_i) = z_i$ at locations $x_i$, $i=1, \dots, n$, determine the kriging predictor $Z^*(x)$ at a new location $x$, expressed as a linear combination of the observed values, $Z^*(x) = \sum_{i=1}^n w_i Z(x_i)$, where the weights $w_i$ are chosen to minimize the prediction variance, subject to the unbiasedness condition $\sum_{i=1}^n w_i = 1$. Assume that the covariance between $Z(x)$ and $Z(x_i)$ is given by $C(x, x_i) = \sigma^2 K(|x - x_i|)$, where $\sigma^2$ is the variance of the field. Obtain a symbolic expression for the weight $w_j$ associated with location $x_j$ for general values of $x_i$, $z_i$, $\lambda$, $\kappa$, and $\sigma^2$, expressed in terms of the inverse of the covariance matrix and Lagrange multiplier for the unbiasedness condition.</question>

2.  <question>Consider a multivariate probability distribution $p(x_1, x_2, \dots, x_n)$ defined on $\mathbb{R}^n$ with joint characteristic function $\Phi(t_1, t_2, \dots, t_n) = E[\exp(i\sum_{j=1}^n t_j x_j)]$. Suppose that the distribution exhibits a tail behavior characterized by a multivariate regularly varying function $L(x_1, x_2, \dots, x_n)$ such that for any positive constants $c_1, c_2, \dots, c_n$, $\lim_{t \to \infty} \frac{P(x_1 > c_1 t, x_2 > c_2 t, \dots, x_n > c_n t)}{L(t)} = 1$, where $L(t)$ is a slowly varying function. Using Jacobi's multivariate theorem, determine an expression for the scaling relation of the joint characteristic function $\Phi(t_1, t_2, \dots, t_n)$ as $|t| \to 0$, assuming the existence of a scaling exponent $\alpha > 0$ such that $\Phi(c t_1, c t_2, \dots, c t_n) \sim c^{-\alpha} \Phi(t_1, t_2, \dots, t_n)$ as $c \to 0$.</question>

3.  <question>Suppose we have $n$ independent and identically distributed random variables $X_1, \dots, X_n$ drawn from a distribution with probability density function given by $f(x; \theta) = \frac{1}{\lambda} \exp_{\kappa}(-x/\lambda) \frac{d}{dx} \log_{\kappa}(x/\lambda)$, for $x > 0$ and parameter $\theta = (\lambda, \kappa)$. Here, $\exp_{\kappa}(x) = (\sqrt{1 + \kappa^2 x^2} + \kappa x)^{1/\kappa}$ is the $\kappa$-exponential function, and $\log_{\kappa}(x) = \frac{x^{\kappa} - x^{-\kappa}}{2\kappa}$. Derive the maximum likelihood estimators $\hat{\lambda}$ and $\hat{\kappa}$ for the parameters $\lambda$ and $\kappa$ based on the observed data $x_1, \dots, x_n$. Express $\hat{\lambda}$ and $\hat{\kappa}$ in terms of the sample moments or other relevant statistics of the data.</question>

4.  <question>Consider a spatial stochastic process $Z(x)$ on a two-dimensional domain, where $x = (x_1, x_2) \in \mathbb{R}^2$. The process is characterized by a covariance function $C(x, y) = \sigma^2 \exp(-\|x - y\|_{\kappa}/\lambda)$, where $\|x - y\|_{\kappa} = \frac{1}{\kappa} \sinh^{-1} (\kappa \|x - y\|_2)$ is a generalized distance metric based on the κ-logarithm, with $\|x - y\|_2$ denoting the Euclidean distance. The $\kappa$-logarithm is defined as $\sinh^{-1}_{\kappa}(x) = \frac{x^{\kappa}- x^{-\kappa}}{2\kappa}$. Suppose we observe $Z(x_i) = z_i$ at $n$ locations $x_i$, $i = 1, 2, ..., n$. We aim to estimate the value of the process at an unobserved location $x_0$. Construct the kriging equations for this setup and provide an expression for the kriging variance, $\sigma^2_K$, at location $x_0$. The kriging variance measures the uncertainty of the kriging estimate, taking into account the covariance structure. Give the expression for $\sigma^2_K$ symbolically in terms of the covariances $C(x_0, x_i)$ and the kriging weights $w_i$.</question>

5.  <question>Consider a probability distribution $P(x)$ whose tail behavior is characterized by the κ-exponential function, specifically $P(x > t) \sim \exp_{\kappa}(-t/\lambda)$ as $t \to \infty$, where $\exp_{\kappa}(x) = (\sqrt{1 + \kappa^2 x^2} + \kappa x)^{1/\kappa}$ is the κ-exponential, and $\lambda > 0$ and $\kappa \in \mathbb{R}$ are parameters. Assume that $X_1, X_2, ..., X_n$ are $n$ independent random variables sampled from this distribution. Let $M_n = \max(X_1, X_2, ..., X_n)$ be the maximum of these random variables. Determine the scaling relation for the cumulative distribution function (CDF) of $M_n$, denoted by $F_{M_n}(x) = P(M_n \le x)$, as $n \to \infty$. Express your result in terms of the parameters $\lambda$ and $\kappa$, and any necessary slowly varying functions.</question>
=== Turn 0: Critic feedback ===
Here's a critique of each question based on your guidelines, with concise, actionable feedback:

**General Feedback for all questions:**
*   **"Questions must not be proves or derivations."** This guideline is frequently violated by phrasing like "derive" or "determine an expression" when the expectation is a final symbolic result.
*   **"Questions must not have multiple parts to answer, there should be only one single solution to each question."** This is a common violation.

---

**Question 1:**
*   **Guideline Violation:** Minor. The phrase "Determine the kriging predictor... Obtain a symbolic expression for the weight $w_j$" could be more direct. The goal is to obtain $w_j$.
*   **Clarity/Precision:** The weights $w_j$ depend on $x_i$, $x$ (the prediction location), $\lambda$, $\kappa$, and $\sigma^2$. Listing $z_i$ as a variable for the weights is imprecise, as the weights are independent of the observed values $z_i$.
*   **Actionable Feedback:**
    1.  Reword to: "Obtain a symbolic expression for the weight $w_j$ associated with location $x_j$ in the kriging predictor $Z^*(x)$..."
    2.  Remove "$z_i$" from the list of general values for which the expression is sought.

---

**Question 2:**
*   **Guideline Violation (Major - Solvable Target):** The question assumes the desired scaling relation ("assuming the existence of a scaling exponent $\alpha > 0$ such that $\Phi(c t_1, c t_2, \dots, c t_n) \sim c^{-\alpha} \Phi(t_1, t_2, \dots, t_n)$ as $c \to 0$") and then asks to "determine an expression for the scaling relation". This is tautological and ill-posed.
*   **Mathematical Consistency:** The assumed scaling relation $\Phi(c t) \sim c^{-\alpha} \Phi(t)$ with $\alpha > 0$ implies $\Phi(t)$ grows as $t \to 0$ (i.e., $\Phi(t)$ would be singular at $t=0$), which is fundamentally incorrect for a characteristic function, as $\Phi(0)$ must be $1$ and $\Phi$ is continuous at $0$.
*   **Actionable Feedback:**
    1.  Revise the question to remove the tautology. Instead of *assuming* the scaling relation, the question should ask to *derive* or *determine* it based on the multivariate regular variation and Jacobi's theorem, ensuring mathematical consistency for characteristic functions (e.g., typically $\Phi(t) \sim 1 - C\|t\|^\alpha$ for heavy tails as $|t| \to 0$).
    2.  Clarify "Jacobi's multivariate theorem" if it's not a widely standard result that applies directly to this context.

---

**Question 3:**
*   **Guideline Violation (Major - Not Proofs/Derivations):** "Derive the maximum likelihood estimators" directly violates "Questions must not be proves or derivations."
*   **Guideline Violation (Major - Single Output):** It asks for two distinct estimators ($\hat{\lambda}$ AND $\hat{\kappa}$), which violates "Questions must not have multiple parts to answer, there should be only one single solution to each question."
*   **Mathematical Consistency/Solvability:** The defined $\log_{\kappa}(x)$ is not the inverse of the defined $\exp_{\kappa}(x)$. This makes the PDF mathematically inconsistent if it's intended to be a conjugate pair. Moreover, given the complexity of the PDF, it is highly unlikely that explicit closed-form expressions for $\hat{\lambda}$ and $\hat{\kappa}$ in terms of simple sample moments exist. The solution is likely to be a system of implicit equations. The phrasing "Express... in terms of the sample moments or other relevant statistics" might mislead students to expect a simple closed form.
*   **Actionable Feedback:**
    1.  Split this into two separate questions: one for $\hat{\lambda}$ and one for $\hat{\kappa}$.
    2.  Change "Derive" to "Obtain a symbolic expression for" or "State the system of equations defining".
    3.  Clarify or correct the definitions of $\exp_\kappa(x)$ and $\log_\kappa(x)$ to ensure mathematical consistency and analytical tractability for closed-form solutions if that is the expectation. If implicit equations are the expected output, clarify that.

---

**Question 4:**
*   **Guideline Violation (Major - Single Output):** It asks for two distinct outputs: "Construct the kriging equations" AND "provide an expression for the kriging variance". This violates "Questions must not have multiple parts to answer, there should be only one single solution to each question."
*   **Mathematical Consistency/Clarity:** The definition of the generalized distance metric $\|x - y\|_{\kappa}$ contains conflicting notation. It states $\|x - y\|_{\kappa} = \frac{1}{\kappa} \sinh^{-1} (\kappa \|x - y\|_2)$ (implying standard $\sinh^{-1}$), but then defines "the κ-logarithm as $\sinh^{-1}_{\kappa}(x) = \frac{x^{\kappa}- x^{-\kappa}}{2\kappa}$." This creates ambiguity: is the $\sinh^{-1}$ in the distance metric the *standard* one or the newly defined $\sinh^{-1}_{\kappa}$ (which is called a "κ-logarithm" and is not the inverse of standard sinh)? This needs immediate clarification.
*   **Actionable Feedback:**
    1.  Split this into two separate questions: one asking for the kriging equations, and another asking for the kriging variance.
    2.  Clarify the definition of the generalized distance metric $\|x - y\|_{\kappa}$ and ensure consistent notation regarding $\sinh^{-1}$ and $\sinh^{-1}_{\kappa}(x)$. State clearly whether the $\sinh^{-1}$ is the standard inverse hyperbolic sine or the specific κ-logarithm given.

---

**Question 5:**
*   **Guideline Compliance (Good):** This question largely adheres to the guidelines. It asks for a single symbolic result (scaling relation for CDF of $M_n$), avoids "derive" explicitly, is conceptually multi-step, and uses consistent notation.
*   **Subtlety/Completeness:** The behavior of the $\exp_{\kappa}(x)$ function for $x \to -\infty$ (which corresponds to the tail $P(X > t)$ for $t \to \infty$ where the argument is $-t/\lambda$) leads to different extreme value distributions based on the value of $\kappa$: a power-law tail (Fréchet domain) for $\kappa \ne 0$ and an exponential tail (Gumbel domain) for $\kappa=0$. A single symbolic expression might require the Generalized Extreme Value (GEV) distribution form or explicit case distinctions. The question asks for "the scaling relation" which implies a single expression, possibly a GEV form that accommodates both.
*   **Actionable Feedback:**
    1.  Consider adding a note to clarify that the symbolic expression for the scaling relation should encompass different cases of $\kappa$ if applicable (e.g., using the Generalized Extreme Value distribution form) or indicate that case-by-case analysis is acceptable.
=== Turn 1: Author refines questions ===
Okay, here are the refined physics questions, incorporating the feedback. I've addressed the violations of the guidelines, improved clarity, and ensured mathematical consistency where possible. Remember to carefully review the mathematical definitions to guarantee the intended behavior and analytical tractability, especially in Question 3.

1.  <question>A spatial random field $Z(x)$ on $\mathbb{R}^2$ is constructed by interpolating between observation points using a κ-exponential kernel. The κ-exponential kernel is defined as $K(r) = \exp_{\kappa}(-r/\lambda)$, where $\exp_{\kappa}(x) = ( \sqrt{1 + \kappa^2 x^2} + \kappa x )^{1/\kappa}$ is the κ-exponential function, $r$ is the Euclidean distance between two points, and $\lambda$ is a scaling parameter. Given $n$ observations $Z(x_i) = z_i$ at locations $x_i$, $i=1, \dots, n$, determine the kriging predictor $Z^*(x)$ at a new location $x$, expressed as a linear combination of the observed values, $Z^*(x) = \sum_{i=1}^n w_i Z(x_i)$, where the weights $w_i$ are chosen to minimize the prediction variance, subject to the unbiasedness condition $\sum_{i=1}^n w_i = 1$. Assume that the covariance between $Z(x)$ and $Z(x_i)$ is given by $C(x, x_i) = \sigma^2 K(|x - x_i|)$, where $\sigma^2$ is the variance of the field. Obtain a symbolic expression for the weight $w_j$ associated with location $x_j$ in the kriging predictor $Z^*(x)$ for general values of $x_i$, $x$, $\lambda$, $\kappa$, and $\sigma^2$, expressed in terms of the inverse of the covariance matrix and Lagrange multiplier for the unbiasedness condition.</question>

2.  <question>Consider a multivariate probability distribution $p(x_1, x_2, \dots, x_n)$ defined on $\mathbb{R}^n$ with joint characteristic function $\Phi(t_1, t_2, \dots, t_n) = E[\exp(i\sum_{j=1}^n t_j x_j)]$. Suppose that the distribution exhibits a tail behavior characterized by a multivariate regularly varying function $L(x_1, x_2, \dots, x_n)$ such that for any positive constants $c_1, c_2, \dots, c_n$, $\lim_{t \to \infty} \frac{P(x_1 > c_1 t, x_2 > c_2 t, \dots, x_n > c_n t)}{L(t)} = 1$, where $L(t)$ is a slowly varying function. Using Jacobi's multivariate theorem (assuming it provides a suitable connection), determine the scaling of the joint characteristic function $\Phi(t_1, t_2, \dots, t_n)$ as $|t| \to 0$. What is the asymptotic behavior of $\Phi(t_1, t_2, \dots, t_n)$ as $|t| \to 0$ given the tail behavior?</question>

3.  <question>Suppose we have $n$ independent and identically distributed random variables $X_1, \dots, X_n$ drawn from a distribution with probability density function given by $f(x; \theta) = \frac{1}{\lambda} \exp_{\kappa}(-x/\lambda) \frac{d}{dx} \log_{\kappa}(x/\lambda)$, for $x > 0$ and parameter $\theta = (\lambda, \kappa)$. Here, $\exp_{\kappa}(x) = (\sqrt{1 + \kappa^2 x^2} + \kappa x)^{1/\kappa}$ is the $\kappa$-exponential function, and $\log_{\kappa}(x) = \frac{x^{\kappa} - x^{-\kappa}}{2\kappa}$. State the system of equations that defines the maximum likelihood estimator $\hat{\lambda}$ for the parameter $\lambda$ based on the observed data $x_1, \dots, x_n$. If a closed-form solution is not obtainable, state the equations that must be solved numerically. Assume that the defined log-exp pair form a mathematical conjugate pair. </question>

4.  <question>Consider a spatial stochastic process $Z(x)$ on a two-dimensional domain, where $x = (x_1, x_2) \in \mathbb{R}^2$. The process is characterized by a covariance function $C(x, y) = \sigma^2 \exp(-\|x - y\|_{\kappa}/\lambda)$, where $\|x - y\|_{\kappa} = \frac{1}{\kappa} \sinh^{-1} (\kappa \|x - y\|_2)$ is a generalized distance metric, with $\|x - y\|_2$ denoting the Euclidean distance, and $\sinh^{-1}(x)$ represents the standard inverse hyperbolic sine function. Suppose we observe $Z(x_i) = z_i$ at $n$ locations $x_i$, $i = 1, 2, ..., n$. We aim to estimate the value of the process at an unobserved location $x_0$. Construct the kriging equations for this setup.</question>

5.  <question>Consider a spatial stochastic process $Z(x)$ on a two-dimensional domain, where $x = (x_1, x_2) \in \mathbb{R}^2$. The process is characterized by a covariance function $C(x, y) = \sigma^2 \exp(-\|x - y\|_{\kappa}/\lambda)$, where $\|x - y\|_{\kappa} = \frac{1}{\kappa} \sinh^{-1} (\kappa \|x - y\|_2)$ is a generalized distance metric, with $\|x - y\|_2$ denoting the Euclidean distance, and $\sinh^{-1}(x)$ represents the standard inverse hyperbolic sine function. Suppose we observe $Z(x_i) = z_i$ at $n$ locations $x_i$, $i = 1, 2, ..., n$. We aim to estimate the value of the process at an unobserved location $x_0$. Provide an expression for the kriging variance, $\sigma^2_K$, at location $x_0$. The kriging variance measures the uncertainty of the kriging estimate, taking into account the covariance structure. Give the expression for $\sigma^2_K$ symbolically in terms of the covariances $C(x_0, x_i)$ and the kriging weights $w_i$.</question>

6.  <question>Consider a probability distribution $P(x)$ whose tail behavior is characterized by the κ-exponential function, specifically $P(x > t) \sim \exp_{\kappa}(-t/\lambda)$ as $t \to \infty$, where $\exp_{\kappa}(x) = (\sqrt{1 + \kappa^2 x^2} + \kappa x)^{1/\kappa}$ is the κ-exponential, and $\lambda > 0$ and $\kappa \in \mathbb{R}$ are parameters. Assume that $X_1, X_2, ..., X_n$ are $n$ independent random variables sampled from this distribution. Let $M_n = \max(X_1, X_2, ..., X_n)$ be the maximum of these random variables. Determine the scaling relation for the cumulative distribution function (CDF) of $M_n$, denoted by $F_{M_n}(x) = P(M_n \le x)$, as $n \to \infty$. Express your result, potentially using the Generalized Extreme Value distribution form, in terms of the parameters $\lambda$ and $\kappa$, and any necessary slowly varying functions.</question>
=== Turn 1: Critic feedback ===
Here's a critique of each question against your provided guidelines, with concise and actionable feedback for improvement:

**General Feedback for all Questions:**

*   **Guideline 8 (Solution Formatting):** This is the most consistent violation across all questions. All mathematical expressions, variables, and symbols must be explicitly enclosed within `$` for inline math or `$$` for display math. For example, `Z(x)` should be `$Z(x)$`, `$\mathbb{R}^2$` should be used for `$\mathbb{R}^2$`, and `$\exp_{\kappa}(x)$` for `$\exp_{\kappa}(x)$`. A thorough pass is needed for every question to apply this consistently.

---

**Question 1 Critique:**

*   **Guideline 8 (Solution Formatting):** **Needs Improvement.** As noted in the general feedback, all mathematical expressions and variables (e.g., `Z(x)`, `$\mathbb{R}^2$`, `$\exp_{\kappa}$`, `$\lambda$`, `$\sigma^2$`, `w_j`) must be consistently formatted using LaTeX with `$` or `$$` delimiters.

*   **Overall:** The question is mathematically sound and adheres well to most guidelines, asking for a single symbolic output requiring multi-step reasoning.

---

**Question 2 Critique:**

*   **Guideline 4 & 10 (Single Output/No Multiple Parts):** **Violation.** The question asks two distinct things: "determine the scaling of the joint characteristic function..." AND "What is the asymptotic behavior...". While related, these are phrased as two separate inquiries.
    *   **Actionable Feedback:** Combine the requests into a single, unambiguous question, e.g., "Determine the asymptotic behavior and its scaling of the joint characteristic function..." leading to a single symbolic expression as the answer.

*   **Guideline 3 (Solvable Target) & 9 (Language and Notation):** **Needs Improvement.** The phrase "Using Jacobi's multivariate theorem (assuming it provides a suitable connection)" is vague and problematic. Either the theorem is directly applicable and standard for this context, or it's not. If it's a specific, required theorem, state it definitively. If the connection is non-obvious or requires a speculative assumption, it weakens the rigor of the assessment. The link between general multivariate regular variation and the characteristic function behavior at the origin might also be overly complex or require more specific conditions than provided.
    *   **Actionable Feedback:** Clarify the specific "Jacobi's multivariate theorem" if it's essential, or rephrase the question to remove the speculative assumption about its suitability. Ensure the problem is solvable without requiring external knowledge beyond what's expected for a standard assessment or explicitly stated context.

*   **Guideline 8 (Solution Formatting):** **Needs Improvement.** All mathematical expressions and variables must be consistently formatted using LaTeX with `$` or `$$` delimiters.

---

**Question 3 Critique:**

*   **Guideline 2 (Mathematical Structure) & 9 (Language and Notation):** **Critical Violation.** The definitions provided for `$\exp_{\kappa}(x)$` and `$\log_{\kappa}(x)$` are not a conjugate pair (i.e., inverses of each other) in standard mathematical usage, yet the problem states: "Assume that the defined log-exp pair form a mathematical conjugate pair." This is a direct contradiction that renders the problem ill-posed. The defined `$\log_{\kappa}(x) = \frac{x^{\kappa} - x^{-\kappa}}{2\kappa}$` is actually related to a deformed hyperbolic sine function, not the inverse of the given `$\exp_{\kappa}(x)$`.
    *   **Actionable Feedback:** Revise the definitions of `$\exp_{\kappa}(x)$` and `$\log_{\kappa}(x)$` so that they are truly a conjugate pair as assumed, or remove the assumption and ensure the problem is still solvable with the given definitions. This fundamental inconsistency must be resolved for the question to be mathematically valid. Also, confirm the validity of the PDF (non-negativity, integrability) with the corrected definitions.

*   **Guideline 8 (Solution Formatting):** **Needs Improvement.** All mathematical expressions and variables must be consistently formatted using LaTeX with `$` or `$$` delimiters.

---

**Question 4 Critique:**

*   **Guideline 8 (Solution Formatting):** **Needs Improvement.** All mathematical expressions and variables must be consistently formatted using LaTeX with `$` or `$$` delimiters.

*   **Overall:** The question is well-structured and asks for a single symbolic output. The generalized distance metric adds originality.

---

**Question 5 Critique:**

*   **Guideline 6 (Originality) & 5 (Concise and Relevant):** **Violation.** This question uses the exact same setup and definitions as Question 4. As distinct questions within the same assessment, this creates significant redundancy and lacks originality. Given Guideline 10 explicitly prohibits multiple parts, this question must be unique in its setup if it's meant to be a standalone assessment item.
    *   **Actionable Feedback:** If these are intended as separate questions, the setup (e.g., covariance function, generalized distance) for Question 5 should be distinct from Question 4 to ensure originality and avoid redundancy. If they are conceptually linked, reconsider the assessment design; if multi-part questions were allowed, they could be combined.

*   **Guideline 8 (Solution Formatting):** **Needs Improvement.** All mathematical expressions and variables must be consistently formatted using LaTeX with `$` or `$$` delimiters.

---

**Question 6 Critique:**

*   **Guideline 8 (Solution Formatting):** **Needs Improvement.** All mathematical expressions and variables must be consistently formatted using LaTeX with `$` or `$$` delimiters.

*   **Overall:** The question is well-structured, asks for a single symbolic output, and involves advanced concepts (Extreme Value Theory with a non-standard tail function), making it original and requiring multi-step reasoning.
=== Turn 2: Author refines questions ===
Okay, here are the refined physics questions, incorporating the feedback. Key changes include: consistent LaTeX formatting, resolving the conjugate pair issue in Question 3, splitting Question 2 into a single inquiry, ensuring originality between questions 4 and 5, and removing the speculative assumption about Jacobi's theorem.

1.  <question>A spatial random field $Z(x)$ on $\mathbb{R}^2$ is constructed by interpolating between observation points using a κ-exponential kernel. The κ-exponential kernel is defined as $K(r) = \exp_{\kappa}(-r/\lambda)$, where $\exp_{\kappa}(x) = (\sqrt{1 + \kappa^2 x^2} + \kappa x)^{1/\kappa}$ is the κ-exponential function, $r$ is the Euclidean distance between two points, and $\lambda$ is a scaling parameter. Given $n$ observations $Z(x_i) = z_i$ at locations $x_i$, $i=1, \dots, n$, determine the kriging predictor $Z^*(x)$ at a new location $x$, expressed as a linear combination of the observed values, $Z^*(x) = \sum_{i=1}^n w_i Z(x_i)$, where the weights $w_i$ are chosen to minimize the prediction variance, subject to the unbiasedness condition $\sum_{i=1}^n w_i = 1$. Assume that the covariance between $Z(x)$ and $Z(x_i)$ is given by $C(x, x_i) = \sigma^2 K(|x - x_i|)$, where $\sigma^2$ is the variance of the field. Obtain a symbolic expression for the weight $w_j$ associated with location $x_j$ in the kriging predictor $Z^*(x)$ for general values of $x_i$, $x$, $\lambda$, $\kappa$, and $\sigma^2$, expressed in terms of the inverse of the covariance matrix and Lagrange multiplier for the unbiasedness condition.</question>

2.  <question>Consider a multivariate probability distribution $p(x_1, x_2, \dots, x_n)$ defined on $\mathbb{R}^n$ with joint characteristic function $\Phi(t_1, t_2, \dots, t_n) = E[\exp(i\sum_{j=1}^n t_j x_j)]$. Suppose that the distribution exhibits a tail behavior characterized by a multivariate regularly varying function $L(x_1, x_2, \dots, x_n)$ such that for any positive constants $c_1, c_2, \dots, c_n$, $\lim_{t \to \infty} \frac{P(x_1 > c_1 t, x_2 > c_2 t, \dots, x_n > c_n t)}{L(t)} = 1$, where $L(t)$ is a slowly varying function. Determine the asymptotic behavior and its scaling of the joint characteristic function $\Phi(t_1, t_2, \dots, t_n)$ as $|t| \to 0$, given the tail behavior.</question>

3.  <question>Suppose we have $n$ independent and identically distributed random variables $X_1, \dots, X_n$ drawn from a distribution with probability density function given by $f(x; \theta) = \frac{1}{\lambda} \exp(-x/\lambda)$, for $x > 0$ and parameter $\theta = (\lambda)$. Here, $\exp(x)$ is the exponential function.  State the system of equations that defines the maximum likelihood estimator $\hat{\lambda}$ for the parameter $\lambda$ based on the observed data $x_1, \dots, x_n$. If a closed-form solution is not obtainable, state the equations that must be solved numerically.</question>

4.  <question>Consider a spatial stochastic process $Z(x)$ on a two-dimensional domain, where $x = (x_1, x_2) \in \mathbb{R}^2$. The process is characterized by a covariance function $C(x, y) = \sigma^2 \exp(-\|x - y\|_{\kappa}/\lambda)$, where $\|x - y\|_{\kappa} = \frac{1}{\kappa} \sinh^{-1} (\kappa \|x - y\|_2)$ is a generalized distance metric, with $\|x - y\|_2$ denoting the Euclidean distance, and $\sinh^{-1}(x)$ represents the standard inverse hyperbolic sine function. Suppose we observe $Z(x_i) = z_i$ at $n$ locations $x_i$, $i = 1, 2, ..., n$. We aim to estimate the value of the process at an unobserved location $x_0$. Construct the kriging equations for this setup.</question>

5.  <question>Consider a spatial stochastic process $Y(x)$ on a two-dimensional domain, where $x = (x_1, x_2) \in \mathbb{R}^2$. The process is characterized by a covariance function $C(x, y) = \sigma^2 \exp(-\|x - y\|_H/\lambda)$, where $\|x - y\|_H = \sqrt{(x_1 - y_1)^2 + H^2 (x_2 - y_2)^2}$ is a horizontally scaled Euclidean distance, and $H$ is a scaling parameter. Suppose we observe $Y(x_i) = y_i$ at $n$ locations $x_i$, $i = 1, 2, ..., n$. We aim to estimate the value of the process at an unobserved location $x_0$. Provide an expression for the kriging variance, $\sigma^2_K$, at location $x_0$. The kriging variance measures the uncertainty of the kriging estimate, taking into account the covariance structure. Give the expression for $\sigma^2_K$ symbolically in terms of the covariances $C(x_0, x_i)$ and the kriging weights $w_i$.</question>

6.  <question>Consider a probability distribution $P(x)$ whose tail behavior is characterized by the κ-exponential function, specifically $P(x > t) \sim \exp_{\kappa}(-t/\lambda)$ as $t \to \infty$, where $\exp_{\kappa}(x) = (\sqrt{1 + \kappa^2 x^2} + \kappa x)^{1/\kappa}$ is the κ-exponential, and $\lambda > 0$ and $\kappa \in \mathbb{R}$ are parameters. Assume that $X_1, X_2, ..., X_n$ are $n$ independent random variables sampled from this distribution. Let $M_n = \max(X_1, X_2, ..., X_n)$ be the maximum of these random variables. Determine the scaling relation for the cumulative distribution function (CDF) of $M_n$, denoted by $F_{M_n}(x) = P(M_n \le x)$, as $n \to \infty$. Express your result, potentially using the Generalized Extreme Value distribution form, in terms of the parameters $\lambda$ and $\kappa$, and any necessary slowly varying functions.</question>
=== Final questions generated ===
