=== Turn 0: Author generates questions ===
Here are the questions:

1.  <question>Let $G$ be a finite group and let $\rho: G \rightarrow GL(V)$ be a representation of $G$ on a finite-dimensional complex vector space $V$. Suppose $\chi$ is the character afforded by $\rho$. Determine the character of the representation $\text{Sym}^2(V)$, the symmetric square of $V$, in terms of $\chi$. Express your answer as a single simplified LaTeX expression.</question>

2.  <question>Let $G = GL_2(\mathbb{F}_q)$ be the general linear group of $2 \times 2$ invertible matrices over the finite field $\mathbb{F}_q$ with $q$ elements. Let $B$ be the Borel subgroup of upper triangular matrices. Consider the principal series representation obtained by inducing the trivial representation from $B$ to $G$. Determine the dimension of the space of $B$-fixed vectors in this representation.</question>

3.  <question>Let $G$ be a finite group and let $H$ be a subgroup of $G$. Let $\text{Ind}_H^G(1_H)$ be the induced representation of the trivial representation $1_H$ of $H$ to $G$. Calculate the number of irreducible representations of $G$ that appear in $\text{Ind}_H^G(1_H)$ in terms of characters of $G$ and $H$.</question>

4.  <question>Let $G$ be a finite group. Let $\mathbb{C}[G]$ be the group algebra of $G$. Consider the regular representation $\rho$ of $G$ acting on $\mathbb{C}[G]$. Determine the character $\chi_{\rho}(g)$ of the regular representation for an element $g \in G$, expressing your answer as a single LaTeX expression without conditional statements (e.g., using the Kronecker delta).</question>

5.  <question>Let $G$ be a finite group and let $\chi$ be an irreducible character of $G$. Define the projector onto the isotypic component corresponding to $\chi$ in the regular representation. What is the dimension of the image of this projector?</question>
=== Turn 0: Critic feedback ===
Here's a critique of each question against the provided guidelines:

**Question 1:**
"Let $G$ be a finite group and let $\rho: G \rightarrow GL(V)$ be a representation of $G$ on a finite-dimensional complex vector space $V$. Suppose $\chi$ is the character afforded by $\rho$. Determine the character of the representation $\text{Sym}^2(V)$, the symmetric square of $V$, in terms of $\chi$. Express your answer as a single simplified LaTeX expression."

*   **Critique:**
    *   **Guideline 6 (Originality):** This is a very standard and frequently asked formula in representation theory. It's a direct recall or immediate derivation from the definitions of symmetric square and character of a tensor product. It lacks significant originality or a multi-step reasoning process beyond direct formula application.
*   **Recommendation:** To enhance originality and multi-step reasoning, consider:
    *   Asking for the character of $\text{Sym}^n(V)$ for a general $n$, or a specific $n > 2$.
    *   Providing a specific non-trivial group and representation and asking for the actual numerical character values for $\text{Sym}^2(V)$.
    *   Relating $\text{Sym}^2(V)$ to $\text{Alt}^2(V)$ (exterior square) and asking for a combined property.

**Question 2:**
"Let $G = GL_2(\mathbb{F}_q)$ be the general linear group of $2 \times 2$ invertible matrices over the finite field $\mathbb{F}_q$ with $q$ elements. Let $B$ be the Borel subgroup of upper triangular matrices. Consider the principal series representation obtained by inducing the trivial representation from $B$ to $G$. Determine the dimension of the space of $B$-fixed vectors in this representation."

*   **Critique:**
    *   This is a well-defined and specific problem. It requires knowledge of induced representations, principal series, and fixed vectors, likely involving Frobenius reciprocity. It is not a trivial recall and demands specific calculation for $GL_2(\mathbb{F}_q)$.
    *   **Guideline 6 (Originality):** While specific, the dimension of $B$-fixed vectors (or the multiplicity of the trivial representation) in principal series representations for $GL_n(\mathbb{F}_q)$ is a known result. However, for a specific case like $GL_2(\mathbb{F}_q)$, it still presents a good challenge.
*   **Recommendation:** The question is generally good. No strong recommendations for improvement, as it already aligns well with requiring specific knowledge and calculation beyond simple recall.

**Question 3:**
"Let $G$ be a finite group and let $H$ be a subgroup of $G$. Let $\text{Ind}_H^G(1_H)$ be the induced representation of the trivial representation $1_H$ of $H$ to $G$. Calculate the number of irreducible representations of $G$ that appear in $\text{Ind}_H^G(1_H)$ in terms of characters of $G$ and $H$."

*   **Critique:**
    *   **Guideline 3 (Solvable Target) & 4 (Single Output):** The phrase "the number of irreducible representations of $G$ that appear" is ambiguous. Does it mean:
        *   The *sum of multiplicities* of all irreducible representations? (This would simply be the dimension of the induced representation, $|G|/|H|$). This answer would make "in terms of characters" somewhat trivial or redundant.
        *   The *number of distinct* irreducible representations? If so, expressing this as a "single simplified LaTeX expression" without conditional statements (as implied by the example in guideline 4 and the explicit instruction in Q4) is problematic. It would typically be a sum over a conditionally defined set (e.g., $\sum_{\chi \in \text{Irr}(G), \langle \chi, \text{Ind}_H^G(1_H) \rangle_G > 0} 1$), which might not fit the "single simplified expression" without conditionals.
    *   **Guideline 6 (Originality):** The calculation of multiplicities in induced representations using Frobenius reciprocity is standard.
*   **Recommendation:**
    *   Clarify the target:
        *   If the goal is the *multiplicity* of an arbitrary irreducible representation $\chi$ in $\text{Ind}_H^G(1_H)$, rephrase as: "For an irreducible character $\chi$ of $G$, determine its multiplicity in $\text{Ind}_H^G(1_H)$ in terms of $\chi$ and $1_H$." This has a clear single character expression as an answer.
        *   If the goal is truly the *number of distinct* irreducible representations, acknowledge that the "single simplified LaTeX expression" might be challenging without conditional statements, or rephrase to ask for a characterization of the set of such representations rather than a count.

**Question 4:**
"Let $G$ be a finite group. Let $\mathbb{C}[G]$ be the group algebra of $G$. Consider the regular representation $\rho$ of $G$ acting on $\mathbb{C}[G]$. Determine the character $\chi_{\rho}(g)$ of the regular representation for an element $g \in G$, expressing your answer as a single LaTeX expression without conditional statements (e.g., using the Kronecker delta)."

*   **Critique:**
    *   **Guideline 6 (Originality) & 7 (Multi-Step Reasoning):** This is one of the most fundamental and basic facts in character theory. The character of the regular representation is typically defined or derived as one of the very first examples. It requires minimal multi-step reasoning; it's more of a direct recall.
*   **Recommendation:** To make it more "unique" and require more reasoning:
    *   Ask for the character of a *permutation representation* for a specific, non-trivial group action (e.g., $G$ acting on its subgroups by conjugation) instead of the regular representation.
    *   Combine it with another concept, e.g., "Determine the character of the representation $\rho \otimes \rho$ where $\rho$ is the regular representation." (Though this could become complex if not simplified).

**Question 5:**
"Let $G$ be a finite group and let $\chi$ be an irreducible character of $G$. Define the projector onto the isotypic component corresponding to $\chi$ in the regular representation. What is the dimension of the image of this projector?"

*   **Critique:**
    *   **Guideline 10 (Questions must not have multiple parts):** This question clearly asks for two distinct pieces of information:
        1.  "Define the projector onto the isotypic component..." (requires an expression for the projector operator).
        2.  "What is the dimension of the image of this projector?" (requires a numerical or symbolic value for the dimension).
    *   **Guideline 6 (Originality):** Both parts are standard results in character theory, fundamental to the decomposition of the regular representation.
*   **Recommendation:** Split this into two separate questions to comply with Guideline 10. For example:
    *   **New Question 5a:** "Let $G$ be a finite group and let $\chi$ be an irreducible character of $G$. Express the projector onto the isotypic component corresponding to $\chi$ in the regular representation as a single simplified LaTeX expression."
    *   **New Question 5b:** "Let $G$ be a finite group and let $\chi$ be an irreducible character of $G$. Determine the dimension of the isotypic component corresponding to $\chi$ in the regular representation."
=== Turn 1: Author refines questions ===
Here's a revised list of questions, addressing the feedback provided:

1.  <question>Let $G$ be a finite group and let $\rho: G \rightarrow GL(V)$ be a representation of $G$ on a finite-dimensional complex vector space $V$ with character $\chi$. Determine the character of the representation $\text{Sym}^3(V)$, the third symmetric power of $V$, in terms of $\chi$. Express your answer as a single simplified LaTeX expression.</question>

2.  <question>Let $G = GL_2(\mathbb{F}_q)$ be the general linear group of $2 \times 2$ invertible matrices over the finite field $\mathbb{F}_q$ with $q$ elements. Let $B$ be the Borel subgroup of upper triangular matrices. Consider the principal series representation obtained by inducing the trivial representation from $B$ to $G$. Calculate the dimension of the space of vectors fixed by the unipotent radical of $B$ in this representation.</question>

3.  <question>Let $G$ be a finite group and let $H$ be a subgroup of $G$. Let $\text{Ind}_H^G(1_H)$ be the induced representation of the trivial representation $1_H$ of $H$ to $G$. For an irreducible character $\chi$ of $G$, determine its multiplicity in $\text{Ind}_H^G(1_H)$ in terms of $\chi$ and $1_H$. Express your answer as a single simplified LaTeX expression.</question>

4.  <question>Let $G$ be a finite group acting on a set $X$. Consider the permutation representation $\rho$ of $G$ acting on the complex vector space with basis indexed by $X$.  Determine the character $\chi_{\rho}(g)$ of this permutation representation for an element $g \in G$, expressing your answer as a single LaTeX expression without conditional statements (e.g., using the Kronecker delta).</question>

5.  <question>Let $G$ be a finite group and let $\chi$ be an irreducible character of $G$. Determine the dimension of the isotypic component corresponding to $\chi$ in the regular representation.</question>
=== Turn 1: Critic feedback ===
Here's a critique of each question based on the provided guidelines, along with actionable feedback for improvement:

**Question 1: Character of Sym^3(V)**

*   **Critique:** This question is well-defined and clearly requests a single LaTeX expression as an answer. It adheres to input format, mathematical structure, solvable target, single output, conciseness, and language. However, determining the character of a symmetric power (or exterior power) is a standard formula application in representation theory, usually derived from Newton's sums or similar identities. This makes it somewhat fall under "rewording standard textbook problems" (Guideline 6) and the multi-step reasoning (Guideline 7) is often a direct application of this formula rather than a derivation from first principles in an assessment context.
*   **Actionable Feedback:** To enhance originality (Guideline 6) and multi-step reasoning (Guideline 7), consider posing a question that requires combining multiple character operations (e.g., characters of tensor products, direct sums, and then symmetric powers) or a problem involving a specific type of group or representation where the direct formula application might need additional contextual understanding.

**Question 2: Dimension of fixed vectors in Principal Series**

*   **Critique:** This question is excellent. It is well-defined, asks for a clear symbolic result, is concise, and uses rigorous notation. It tests a specific, non-trivial concept in the representation theory of finite groups of Lie type, which strongly aligns with the originality (Guideline 6) and multi-step reasoning (Guideline 7) guidelines. It avoids being a mere reworded textbook problem and clearly requires a logical sequence of calculations.
*   **Actionable Feedback:** No significant changes needed. This question effectively meets the assessment criteria.

**Question 3: Multiplicity of irreducible character in induced trivial representation**

*   **Critique:** This question is clear and requests a single LaTeX expression. It satisfies most guidelines regarding format, structure, target, output, conciseness, and notation. However, the multiplicity of an irreducible character in an induced representation of a trivial character is a direct application of Frobenius Reciprocity, which is a fundamental theorem. Similar to Question 1, this direct application limits its originality (Guideline 6) and the depth of multi-step reasoning (Guideline 7).
*   **Actionable Feedback:** To increase originality and demand more complex reasoning, consider modifying the question to involve a non-trivial induced representation, or to require applying Frobenius Reciprocity in conjunction with other character-theoretic techniques for a specific group and subgroup, where the inputs are not immediately obvious.

**Question 4: Character of Permutation Representation**

*   **Critique:** While technically sound in terms of format, output, and notation, this question addresses a very fundamental and commonly known result in representation theory: the character of a permutation representation counts the number of fixed points. This makes it a very standard textbook problem (Guideline 6) and the multi-step reasoning (Guideline 7) is essentially a direct definition recall or a very simple derivation. The instruction to avoid conditional statements is a good constraint.
*   **Actionable Feedback:** To improve originality and require more substantive multi-step reasoning, integrate this concept into a more complex scenario. For example, ask for the character of a permutation representation on a specific G-set (e.g., cosets, subsets) of a particular group, or ask for the character of a tensor product involving a permutation representation.

**Question 5: Dimension of Isotypic Component in Regular Representation**

*   **Critique:** This question is clearly phrased and requests a single symbolic result. It adheres to format, structure, target, output, conciseness, and notation. However, the dimension of the isotypic component corresponding to an irreducible character $\chi$ in the regular representation is a very standard result (it is $(\text{dim}(\chi))^2$). This directness makes it a highly reworded textbook problem (Guideline 6) and significantly limits the required multi-step reasoning (Guideline 7) to a recall of a known theorem.
*   **Actionable Feedback:** To enhance originality and the demand for multi-step reasoning, consider asking for the dimension of an isotypic component in a *different* specific representation (not the regular representation), or require a preliminary calculation of irreducible characters or multiplicities within a specific group context before determining the isotypic component's dimension.
=== Turn 2: Author refines questions ===
Okay, here are the refined questions, incorporating the feedback received. The focus is on reducing reliance on direct formula application and increasing the need for multi-step reasoning and originality.

1.  <question>Let $G$ be the symmetric group $S_4$. Consider the representation $\rho: S_4 \to GL(V)$ arising from the action of $S_4$ on the vertices of a cube in $\mathbb{R}^3$. Let $W$ be the subspace of $V$ spanned by vectors of the form $v_i - v_j$, where $v_i$ and $v_j$ are vertices connected by an edge. Decompose $W$ into its irreducible components and determine their corresponding characters. Express your answer as a table of characters showing the irreducible decomposition of $W$.</question>

2.  <question>Let $G = GL_2(\mathbb{F}_q)$ be the general linear group of $2 \times 2$ invertible matrices over the finite field $\mathbb{F}_q$ with $q$ elements. Let $B$ be the Borel subgroup of upper triangular matrices. Consider the principal series representation obtained by inducing the trivial representation from $B$ to $G$. Let $U$ be the unipotent radical of $B$. Calculate the number of orbits of $B$ acting on the set of $U$-fixed vectors in the induced representation. Justify your answer using representation theoretic arguments. Express the final result as a function of $q$.</question>

3.  <question>Let $G$ be a finite group and let $H$ be a subgroup of $G$.  Let $V$ be a representation of $H$ with character $\phi$. Let $\chi$ be an irreducible character of $G$.  Prove that the multiplicity of $\chi$ in the induced representation $\text{Ind}_H^G(V)$ is equal to the multiplicity of the restriction of $\chi$ to $H$ restricted to *any* representation $W$ such that $V$ is a direct summand of $W$.</question>

4.  <question>Let $G$ be the symmetric group $S_n$ acting on the set of all 2-element subsets of $\{1, 2, ..., n\}$. This action induces a permutation representation $\rho$. Let $\chi$ be the character of $\rho$. Determine the character of the representation $\text{Sym}^2(\rho)$, the second symmetric power of $\rho$.  Express the character of Sym^2(ρ) as a function of the cycle type of elements in S_n.</question>

5.  <question>Let $G$ be the dihedral group $D_n$ of order $2n$. Consider the representation of $D_n$ on $\mathbb{C}^2$ given by rotation by $2\pi/n$. Let $V = \mathbb{C}^2$ and consider $V^{\otimes k}$, the $k$-fold tensor product of $V$ with itself. Determine the dimension of the subspace of $V^{\otimes k}$ that transforms according to the trivial representation of $D_n$. Express your answer in terms of $n$ and $k$, simplifying as much as possible.</question>
=== Final questions generated ===
