=== Turn 0: Author generates questions ===
Here are some novel university-level Mathematics questions, following all the specified guidelines:

1.  <question>Consider a particle moving in a central force field with potential energy $V(r) = kr^2$, where $k$ is a positive constant. The particle has mass $m$ and initial conditions such that its angular momentum is $L$. If the particle's radial coordinate oscillates between $r_{min}$ and $r_{max}$, determine the expression for the period, $T$, of this radial oscillation in terms of $m$, $k$, $L$, $r_{min}$, and $r_{max}$.</question>

2.  <question>A uniform solid cylinder of mass $M$ and radius $R$ is placed on an inclined plane that makes an angle $\theta$ with the horizontal. The cylinder is released from rest and rolls without slipping down the plane. A horizontal string is attached to the highest point of the cylinder and is fixed to a support so that it acts to slow down the cylinder's motion. Calculate the tension $T$ in the string as the cylinder accelerates down the inclined plane, expressing your answer in terms of $M$, $g$, and $\theta$.</question>

3.  <question>A rocket of initial mass $m_0$ (including fuel) moves vertically upwards, expelling fuel at a constant rate $\alpha$ with a constant exhaust velocity $v_e$ relative to the rocket. Assume the gravitational acceleration $g$ is constant. If the rocket starts from rest at time $t=0$, find the height $h(t)$ of the rocket at time $t$, expressed in terms of $m_0$, $\alpha$, $v_e$, $g$, and $t$.</question>

4.  <question>Two identical simple pendulums, each of length $l$ and mass $m$, are coupled by a spring with spring constant $k$. The spring connects the two masses horizontally. Assume small oscillations. Find the angular frequencies, $\omega_1$ and $\omega_2$, of the normal modes of oscillation for this coupled system, expressing them in terms of $l$, $m$, $k$, and the equilibrium separation $d$ between the pendulums.</question>

5.  <question>A thin uniform rod of length $L$ and mass $M$ is pivoted at one end. A particle of mass $m$ strikes the rod at a distance $x$ from the pivot, with velocity $v$ perpendicular to the rod. Assume the collision is perfectly elastic. Determine the velocity $v'$ of the particle immediately after the collision in terms of $M$, $m$, $L$, $x$, and $v$.</question>

6.  <question>Consider a system of $N$ non-interacting, distinguishable particles, each of which can occupy one of two energy levels, $0$ or $\epsilon$. Let the system be in thermal equilibrium at temperature $T$. Determine the Helmholtz free energy, $F$, of this system, expressed in terms of $N$, $\epsilon$, $k_B$, and $T$, where $k_B$ is the Boltzmann constant.</question>

7.  <question>A blackbody radiator has a temperature $T$. According to Wien's displacement law, the wavelength at which the spectral radiance is maximum is given by $\lambda_{max} = b/T$, where $b$ is Wien's displacement constant. If the total power radiated per unit area by the blackbody is given by the Stefan-Boltzmann law as $P = \sigma T^4$, where $\sigma$ is the Stefan-Boltzmann constant, determine the spectral radiance $B(\lambda_{max}, T)$ at the wavelength $\lambda_{max}$ expressed in terms of $\sigma$, $b$ and $T$.</question>

8.  <question>An electron is confined to move in a one-dimensional infinite potential well of width $L$. Determine the energy $E_n$ of the $n$-th excited state for an electron in the well, expressed in terms of $n$, $h$, $m$ and $L$, where $h$ is Planck's constant and $m$ is the mass of the electron.</question>

9.  <question>A hydrogen atom is in its ground state. A photon of energy $E$ interacts with the atom. If the ionization energy of hydrogen is $E_I$, determine the kinetic energy $K$ of the emitted electron if $E > E_I$, expressing your answer in terms of $E$ and $E_I$.</question>

10. <question>Consider a parallel plate capacitor with plates of area $A$ and separation $d$. The capacitor is filled with a dielectric material that has a dielectric constant that varies linearly from $\kappa_1$ at one plate to $\kappa_2$ at the other plate. Calculate the capacitance $C$ of this capacitor, expressing your answer in terms of $A$, $d$, $\kappa_1$, $\kappa_2$, and the permittivity of free space $\epsilon_0$.</question>
=== Turn 0: Critic feedback ===
Here's a critique of the provided questions against your specified guidelines, with actionable feedback for improvement:

---

**Question 1: Central Force Radial Oscillation Period**

*   **Critique:**
    *   **Guideline 6 (Originality):** This is a very standard problem in classical mechanics, typically found in textbooks dealing with central force motion and effective potentials. While multi-step, it is not "unique" or "novel."
*   **Actionable Feedback:**
    *   To improve originality, consider a potential energy function that leads to a less common, but still analytically solvable, radial equation. For example, a sum of two different power laws, or a potential requiring a clever substitution.

---

**Question 2: Rolling Cylinder with Horizontal String**

*   **Critique:**
    *   **Guideline 6 (Originality):** While a variation of a classic rolling problem, the setup with a string at the highest point and its "horizontal" nature is a common exercise in intermediate classical mechanics. It's not truly "novel."
    *   **Guideline 9 (Language and Notation - Precision):** The term "horizontal string" is ambiguous. Does it mean horizontal relative to the ground (i.e., fixed to a wall perpendicular to the incline's projection) or horizontal relative to the inclined plane (i.e., parallel to the incline but pulling opposite to motion)? Clarifying this spatial orientation is crucial for an unambiguous solution. Assuming "horizontal" means parallel to the ground (which is the most common interpretation in such problems), then its components along and perpendicular to the incline would need to be considered, making it a well-defined but standard problem.
*   **Actionable Feedback:**
    *   Clarify the orientation of the string: "A string is attached to the highest point of the cylinder and is pulled horizontally (parallel to the ground)..." or "...and is pulled parallel to the inclined plane, opposing the motion...".
    *   To enhance originality, perhaps introduce a string with a non-constant tension (e.g., connected to a spring) or a non-uniform mass distribution for the cylinder.

---

**Question 3: Rocket Height**

*   **Critique:**
    *   **Guideline 6 (Originality):** This is a direct derivation of the height function from the Tsiolkovsky rocket equation under constant gravity. It is a canonical problem/derivation in classical mechanics, taught in almost every university physics course covering variable mass systems. It severely violates the "unique and non-trivial" guideline.
*   **Actionable Feedback:**
    *   To improve originality, consider variations such as: variable exhaust velocity, gravitational acceleration dependent on height, or a multi-stage rocket scenario where the question asks for a specific outcome (e.g., maximum height given certain parameters).

---

**Question 4: Coupled Pendulums**

*   **Critique:**
    *   **Guideline 6 (Originality):** This is a textbook example for introducing coupled oscillations and normal modes. It is a fundamental problem in intermediate classical mechanics or vibrations courses and is not "unique" or "novel."
*   **Actionable Feedback:**
    *   To increase originality, consider a less common coupling mechanism (e.g., a torsional spring between the pivots, or coupling through a movable support). Alternatively, explore a system with more than two pendulums or different pendulum properties (e.g., different lengths or masses).

---

**Question 5: Particle Striking a Pivoted Rod**

*   **Critique:**
    *   **Guideline 6 (Originality):** This is a very standard problem in rotational dynamics and collisions, commonly used to illustrate conservation of angular momentum and energy for rigid bodies. It is a classic textbook problem and lacks originality.
*   **Actionable Feedback:**
    *   To improve originality, introduce additional complexities: a non-uniform rod, the pivot having friction, the rod being attached to a spring, or the collision being glancing instead of perpendicular.

---

**Question 6: Helmholtz Free Energy of Two-Level System**

*   **Critique:**
    *   **Guideline 6 (Originality):** This is the most basic, introductory problem for calculating thermodynamic potentials in statistical mechanics. It is the first example typically covered in any statistical mechanics course and is far from "unique" or "novel."
*   **Actionable Feedback:**
    *   To enhance originality, consider a system with more energy levels, degenerate energy levels, interacting particles (even if simple interaction), or particles obeying Fermi-Dirac or Bose-Einstein statistics.

---

**Question 7: Blackbody Spectral Radiance at $\lambda_{max}$**

*   **Critique:**
    *   **Guideline 3 (Solvable Target):** The problem asks for $B(\lambda_{max}, T)$ only in terms of $\sigma$, $b$, and $T$. However, the peak spectral radiance $B(\lambda_{max}, T)$ is derived directly from Planck's law and involves fundamental constants like $h$ and $c$ (or $k_B$). While $\sigma$ and $b$ are also derived from Planck's law and involve these constants, expressing $B(\lambda_{max}, T)$ *purely* in terms of $\sigma$, $b$, and $T$ without explicit mention of $h$, $c$, or $k_B$ (which are needed to link them) is problematic and generally not possible as a closed-form expression using *only* these three. $\sigma$ and $b$ are not independent in a way that allows such a direct relation.
    *   This implies a hidden assumption or requires external knowledge beyond what's explicitly given in the problem statement parameters, or that some implicit constant ratio exists (which is usually not the case for such a general relation).
*   **Actionable Feedback:**
    *   To make it solvable as intended, either:
        1.  Specify that the answer can include fundamental constants like $h$, $c$, and $k_B$.
        2.  Rephrase the question to ask for a ratio (e.g., $B(\lambda_{max}, T) / P$) or a relationship that *can* be expressed solely in terms of the given variables.
        3.  Provide additional relationships between the constants $\sigma$, $b$, and the other fundamental constants, if a simpler relation is intended.
    *   If the intent was to challenge students to recognize which constants are truly independent in the problem formulation, then the question is good. But if the goal is a symbolic answer in terms of *only* the listed parameters, it's ill-posed.

---

**Question 8: Energy of Electron in 1D Infinite Potential Well**

*   **Critique:**
    *   **Guideline 6 (Originality):** This is arguably the most fundamental and first analytical solution encountered in quantum mechanics. It is a quintessential textbook example and lacks any originality.
    *   **Guideline 9 (Language and Notation - Precision):** "the $n$-th excited state." It is standard practice to define the ground state as $n=1$. Therefore, the first excited state corresponds to $n=2$, the second excited state to $n=3$, and so on. The $n$-th excited state would correspond to the quantum number $n+1$. This can lead to ambiguity if $n$ is meant to be the quantum number index itself. Clarify this for unambiguous solution.
*   **Actionable Feedback:**
    *   To improve originality, consider variations: a finite potential well, a 2D or 3D well, a well with a different shape (e.g., triangular), or a time-dependent potential.
    *   Clarify the index: "Determine the energy $E_n$ for the state with quantum number $n$ (where $n=1$ for the ground state, $n=2$ for the first excited state, etc.)." Or, "Determine the energy $E_k$ of the $k$-th excited state..." where $k=1, 2, \ldots$.

---

**Question 9: Kinetic Energy of Emitted Electron in Hydrogen Ionization**

*   **Critique:**
    *   **Guideline 6 (Originality):** This is an extremely basic application of the energy conservation principle, specifically the photoelectric effect, applied to a hydrogen atom. It is taught at the high school or introductory university level and is not "unique" or "novel."
    *   **Guideline 7 (Multi-Step Reasoning):** This question requires only a single, straightforward algebraic step (conservation of energy). It lacks the "multi-step reasoning" typically expected for university-level problems.
*   **Actionable Feedback:**
    *   To improve originality and complexity, consider: ionization from an excited state, a relativistic electron, simultaneous absorption of multiple photons, or a more complex atomic system.

---

**Question 10: Capacitance with Linear Dielectric**

*   **Critique:**
    *   **Guideline 6 (Originality):** This is a very common problem in electromagnetism courses, typically introduced to demonstrate how to calculate capacitance for capacitors with non-uniform dielectric materials. It is a standard textbook example and lacks novelty.
*   **Actionable Feedback:**
    *   To enhance originality, consider: a dielectric constant that varies non-linearly (e.g., quadratically), a capacitor with a more complex geometry (e.g., cylindrical or spherical with varying dielectric), or a dielectric with anisotropic properties.

---

**Overall Summary and General Feedback:**

The questions consistently meet most of your guidelines, particularly those related to format, solvable targets, single output, conciseness, formatting, language, single part, and no approximations. However, the most significant and consistent weakness across *all* questions is **Guideline 6: Originality**. All of the questions are standard textbook problems or direct derivations of well-known results.

**Key Actionable Improvement for Future Questions:**

The core challenge is to craft problems that are *truly unique and non-trivial* while remaining solvable with traditional mathematical methods at a university level. This often involves:

1.  **Combining Concepts in Novel Ways:** Integrate two or more different physics principles or mathematical techniques in a way that isn't typically seen as a single problem.
2.  **Unusual Parameters or Boundary Conditions:** Introduce slight variations to standard setups that force a deeper understanding or adaptation of methods rather than rote application.
3.  **Generalization:** Instead of specific numbers, ask for a general case that requires more abstract thinking or leads to a complex but elegant symbolic solution.
4.  **Implicit Information:** Require students to deduce or look up less common but fundamental definitions or constants from physics.
5.  **Focus on the "Why":** While you don't want proofs, a question could be framed such that the *reasoning* behind the setup is slightly unusual, leading to a unique solution path.

By addressing the originality aspect, your questions will genuinely be "novel university-level Mathematics questions."
=== Turn 1: Author refines questions ===
Okay, I understand the feedback and have revised the questions below, focusing on increasing originality and addressing specific points raised. The goal is to create problems that are less directly textbook-derived, while still solvable using standard university-level physics/mathematics techniques.

1.  <question>A particle of mass $m$ moves in a two-dimensional potential given by $V(x, y) = \frac{1}{2}kx^2 + \frac{1}{2}ly^2 + \alpha xy$, where $k$, $l$, and $\alpha$ are positive constants, and $\alpha^2 < kl$.  Find the frequencies of the normal modes of oscillation for this system.  Express your answers in terms of $m$, $k$, $l$, and $\alpha$. Further, determine the condition on initial displacements that will excite only one of the normal modes. </question>

2.  <question>A uniform solid cylinder of mass $M$ and radius $R$ is placed on an inclined plane that makes an angle $\theta$ with the horizontal. The cylinder is released from rest and rolls without slipping down the plane. A light, inextensible string is wrapped around a groove of radius $r < R$ on the cylinder. The string passes over a massless, frictionless pulley at the top of the incline and is attached to a hanging mass $m$. Determine the acceleration of the cylinder down the incline in terms of $M$, $R$, $r$, $m$, $g$, and $\theta$. For what value of $m$ will the cylinder remain stationary?</question>

3.  <question>A rocket of initial mass $m_0$ (including fuel) moves vertically upwards, expelling fuel at a rate given by $\alpha(t) = \alpha_0 e^{-\beta t}$ with a constant exhaust velocity $v_e$ relative to the rocket, where $\alpha_0$ and $\beta$ are constants. Assume the gravitational acceleration $g$ is constant. If the rocket starts from rest at time $t=0$, find the velocity $v(t)$ of the rocket at time $t$, expressed in terms of $m_0$, $\alpha_0$, $\beta$, $v_e$, $g$, and $t$. What is the maximum possible velocity this rocket can achieve?</question>

4.  <question>Two identical simple pendulums, each of length $l$ and mass $m$, are suspended from a horizontal support. Instead of a direct spring connection, they are coupled by a light, rigid rod of length $d$ connecting the pendulum bobs. Assume small oscillations. Find the angular frequencies, $\omega_1$ and $\omega_2$, of the normal modes of oscillation for this coupled system, expressing them in terms of $l$, $m$, $d$, and $g$ (acceleration due to gravity).  Explain qualitatively why one frequency is higher than the other.</question>

5.  <question>A thin uniform rod of length $L$ and mass $M$ is pivoted at one end. A particle of mass $m$ strikes the rod at a distance $x$ from the pivot with velocity $v$ perpendicular to the rod. The coefficient of restitution between the particle and the rod is $e$ (where $0 \le e \le 1$). Determine the velocity $v'$ of the particle immediately after the collision in terms of $M$, $m$, $L$, $x$, $v$, and $e$. What value of x will result in the pivot experiencing no impulse during the collision?</question>

6.  <question>Consider a system of $N$ distinguishable, non-interacting particles. Each particle can occupy one of three energy levels: $0$, $\epsilon$, and $2\epsilon$.  Determine the average energy, $\langle E \rangle$, of the system as a function of temperature $T$. Express your answer in terms of $N$, $\epsilon$, $k_B$, and $T$, where $k_B$ is the Boltzmann constant. In the limit as $T$ approaches infinity, what does the average energy tend to?</question>

7.  <question>A spherical blackbody radiator of radius $R$ has a temperature $T$. The total power radiated is given by the Stefan-Boltzmann law as $P = 4\pi R^2 \sigma T^4$. Instead of a single temperature, suppose the temperature varies across the surface as $T(\theta) = T_0 (1 + a \cos \theta)$, where $\theta$ is the polar angle, $T_0$ is a constant average temperature, and $a$ is a dimensionless constant such that $|a| < 1$. Calculate the total power radiated by the sphere. Express your answer in terms of $R$, $\sigma$, $T_0$, and $a$.</question>

8.  <question>An electron is confined to move in a one-dimensional potential well of width $L$ with the following potential: $V(x) = 0$ for $0 < x < L/2$, $V(x) = V_0$ for $L/2 < x < L$, and $V(x) = \infty$ otherwise. Find the transcendental equation that determines the allowed energy eigenvalues for the electron in this potential well. Clearly define all variables and functions used in your equation.</question>

9.  <question>A hydrogen atom in its ground state absorbs a photon of energy $E$, resulting in the emission of an electron.  However, in the vicinity of the hydrogen atom is a uniform magnetic field of strength $B$.  Assuming the emitted electron is non-relativistic, determine the radius of the electron's subsequent circular path due to the magnetic field. Express your answer in terms of $E$, $E_I$ (ionization energy of hydrogen), $e$ (elementary charge), $m_e$ (mass of electron) and $B$.</question>

10. <question>Consider a parallel plate capacitor with plates of area $A$ and separation $d$. The capacitor is filled with a dielectric material whose dielectric constant varies with the distance $x$ from one plate according to the function $\kappa(x) = \kappa_0 e^{\alpha x/d}$, where $\kappa_0$ and $\alpha$ are constants. Calculate the capacitance $C$ of this capacitor, expressing your answer in terms of $A$, $d$, $\kappa_0$, $\alpha$, and the permittivity of free space $\epsilon_0$.</question>
=== Turn 1: Critic feedback ===
Here's a critique of each question against your guidelines:

**General Feedback Applicable to Many Questions:**
The questions generally present well-defined setups, use appropriate mathematical notation, and require multi-step reasoning. However, a significant number of them violate Guideline #4 (Single Output) and #10 (No multiple parts to answer). This is the most common and critical issue.

---

1.  **Critique:**
    *   **Guideline Violation:** #4 (Not a single output), #10 (Multiple parts to answer). The question asks for "frequencies of the normal modes" (plural, implying two distinct values) *and* "the condition on initial displacements." This requires two separate answers.
    *   **Actionable Feedback:** Rephrase to ask for only one specific frequency (e.g., "the higher frequency of the normal modes") *or* only the condition on initial displacements for a specific mode.

2.  **Critique:**
    *   **Guideline Violation:** #4 (Not a single output), #10 (Multiple parts to answer). The question asks for the "acceleration of the cylinder" *and* "what value of $m$ will the cylinder remain stationary." This requires two separate answers.
    *   **Actionable Feedback:** Rephrase to ask for only the acceleration *or* only the mass $m$ for stationary condition.

3.  **Critique:**
    *   **Guideline Violation:** #4 (Not a single output), #10 (Multiple parts to answer). The question asks for the "velocity $v(t)$" *and* "the maximum possible velocity." This requires two separate answers.
    *   **Actionable Feedback:** Rephrase to ask for only $v(t)$ *or* only the maximum possible velocity.

4.  **Critique:**
    *   **Guideline Violation:** #3 (Not a symbolic result; asks for explanation), #4 (Not a single output), #10 (Multiple parts to answer), #11 (Asks for an explanation). The question asks for "angular frequencies, $\omega_1$ and $\omega_2$" (plural) *and* to "Explain qualitatively why one frequency is higher than the other." The explanation part is explicitly against guidelines #3 and #11.
    *   **Actionable Feedback:** Rephrase to ask for only one specific frequency (e.g., "the higher angular frequency of the normal modes"). Remove the request for a qualitative explanation entirely.

5.  **Critique:**
    *   **Guideline Violation:** #4 (Not a single output), #10 (Multiple parts to answer). The question asks for the "velocity $v'$ of the particle" *and* "What value of $x$ will result in the pivot experiencing no impulse." This requires two separate answers.
    *   **Actionable Feedback:** Rephrase to ask for only $v'$ *or* only the specific value of $x$.

6.  **Critique:**
    *   **Guideline Violation:** #4 (Not a single output), #10 (Multiple parts to answer). The question asks for the "average energy, $\langle E \rangle$, of the system as a function of temperature $T$" *and* "In the limit as $T$ approaches infinity, what does the average energy tend to?" This requires two separate answers.
    *   **Actionable Feedback:** Rephrase to ask for only $\langle E \rangle$ as a function of $T$ *or* only the limiting value of $\langle E \rangle$.

7.  **Critique:**
    *   **Compliance:** This question adheres to all guidelines. It asks for a single, clear symbolic result, is well-defined, and requires multi-step reasoning.
    *   **Actionable Feedback:** None. This question is well-posed.

8.  **Critique:**
    *   **Compliance:** This question adheres to all guidelines. It asks for a single, clear symbolic result (a transcendental equation) and defines its scope. The instruction to "Clearly define all variables..." is a good practice for the question itself, not a separate answer part.
    *   **Actionable Feedback:** None. This question is well-posed.

9.  **Critique:**
    *   **Compliance:** This question adheres to all guidelines. It asks for a single, clear symbolic result and combines concepts from different physics domains.
    *   **Actionable Feedback:** None. This question is well-posed.

10. **Critique:**
    *   **Compliance:** This question adheres to all guidelines. It asks for a single, clear symbolic result, involves a non-trivial spatial variation, and is concisely stated.
    *   **Actionable Feedback:** None. This question is well-posed.
=== Turn 2: Author refines questions ===
Okay, I've taken the feedback to heart and revised the questions to eliminate multiple parts and ensure each seeks a single, symbolic answer. I've kept the successful questions unchanged and modified the others to meet the criteria.

1.  <question>A particle of mass $m$ moves in a two-dimensional potential given by $V(x, y) = \frac{1}{2}kx^2 + \frac{1}{2}ly^2 + \alpha xy$, where $k$, $l$, and $\alpha$ are positive constants, and $\alpha^2 < kl$.  Determine the condition on the *initial displacements* (expressed as a ratio) that will excite only the *lower* frequency normal mode of oscillation for this system.</question>

2.  <question>A uniform solid cylinder of mass $M$ and radius $R$ is placed on an inclined plane that makes an angle $\theta$ with the horizontal. The cylinder is released from rest and rolls without slipping down the plane. A light, inextensible string is wrapped around a groove of radius $r < R$ on the cylinder. The string passes over a massless, frictionless pulley at the top of the incline and is attached to a hanging mass $m$. Determine the value of the hanging mass $m$ that will hold the cylinder stationary on the incline.</question>

3.  <question>A rocket of initial mass $m_0$ (including fuel) moves vertically upwards, expelling fuel at a rate given by $\alpha(t) = \alpha_0 e^{-\beta t}$ with a constant exhaust velocity $v_e$ relative to the rocket, where $\alpha_0$ and $\beta$ are constants. Assume the gravitational acceleration $g$ is constant. If the rocket starts from rest at time $t=0$, determine the *maximum* possible velocity this rocket can achieve, assuming it burns all of its fuel.</question>

4.  <question>Two identical simple pendulums, each of length $l$ and mass $m$, are suspended from a horizontal support. They are coupled by a light, rigid rod of length $d$ connecting the pendulum bobs. Assume small oscillations. Find the *higher* angular frequency, $\omega$, of the normal modes of oscillation for this coupled system, expressing it in terms of $l$, $m$, $d$, and $g$ (acceleration due to gravity).</question>

5.  <question>A thin uniform rod of length $L$ and mass $M$ is pivoted at one end. A particle of mass $m$ strikes the rod at a distance $x$ from the pivot with velocity $v$ perpendicular to the rod. The coefficient of restitution between the particle and the rod is $e$ (where $0 \le e \le 1$). Determine the value of $x$ that will result in the pivot experiencing no impulse during the collision.</question>

6.  <question>Consider a system of $N$ distinguishable, non-interacting particles. Each particle can occupy one of three energy levels: $0$, $\epsilon$, and $2\epsilon$.  Determine the average energy, $\langle E \rangle$, of the system as a function of temperature $T$. Express your answer in terms of $N$, $\epsilon$, $k_B$, and $T$, where $k_B$ is the Boltzmann constant.</question>

7.  <question>A spherical blackbody radiator of radius $R$ has a temperature $T$. The total power radiated is given by the Stefan-Boltzmann law as $P = 4\pi R^2 \sigma T^4$. Instead of a single temperature, suppose the temperature varies across the surface as $T(\theta) = T_0 (1 + a \cos \theta)$, where $\theta$ is the polar angle, $T_0$ is a constant average temperature, and $a$ is a dimensionless constant such that $|a| < 1$. Calculate the total power radiated by the sphere. Express your answer in terms of $R$, $\sigma$, $T_0$, and $a$.</question>

8.  <question>An electron is confined to move in a one-dimensional potential well of width $L$ with the following potential: $V(x) = 0$ for $0 < x < L/2$, $V(x) = V_0$ for $L/2 < x < L$, and $V(x) = \infty$ otherwise. Find the transcendental equation that determines the allowed energy eigenvalues for the electron in this potential well. Clearly define all variables and functions used in your equation.</question>

9.  <question>A hydrogen atom in its ground state absorbs a photon of energy $E$, resulting in the emission of an electron.  However, in the vicinity of the hydrogen atom is a uniform magnetic field of strength $B$.  Assuming the emitted electron is non-relativistic, determine the radius of the electron's subsequent circular path due to the magnetic field. Express your answer in terms of $E$, $E_I$ (ionization energy of hydrogen), $e$ (elementary charge), $m_e$ (mass of electron) and $B$.</question>

10. <question>Consider a parallel plate capacitor with plates of area $A$ and separation $d$. The capacitor is filled with a dielectric material whose dielectric constant varies with the distance $x$ from one plate according to the function $\kappa(x) = \kappa_0 e^{\alpha x/d}$, where $\kappa_0$ and $\alpha$ are constants. Calculate the capacitance $C$ of this capacitor, expressing your answer in terms of $A$, $d$, $\kappa_0$, $\alpha$, and the permittivity of free space $\epsilon_0$.</question>
=== Final questions generated ===
