=== Turn 0: Author generates questions ===
1.  <question>A static, spherically symmetric scalar field $\phi(r)$ exists in Schwarzschild-de Sitter spacetime, characterized by the metric $ds^2 = -f(r)dt^2 + f(r)^{-1}dr^2 + r^2d\Omega^2$, where $f(r) = 1 - \frac{2M}{r} - \frac{\Lambda r^2}{3}$, $M$ is the Arnowitt-Deser-Misner (ADM) mass, and $\Lambda$ is the cosmological constant. The scalar field has a potential $V(\phi)$. Assuming that the scalar field satisfies the equation of motion $\nabla_\mu \nabla^\mu \phi = \frac{dV}{d\phi}$, and given a static bounce solution where $\phi(r)$ approaches constant values $\phi_+$ as $r \to \infty$ and $\phi_-$ as $r \to 0$, determine the value of the scalar field gradient squared, $f(r) (\frac{d\phi}{dr})^2$, at the horizon radius $r_h$ defined by $f(r_h) = 0$.</question>

2.  <question>Consider a particle of mass $m$ tunneling through a potential barrier $V(x)$ in a uniform gravitational field $g$. The potential barrier is given by $V(x) = V_0 - mgx$ for $0 < x < a$ and $V(x)=0$ otherwise. Using the WKB approximation, calculate the tunneling probability $T$ as a function of $m$, $g$, $V_0$, and $a$. Find the approximate expression for $T$ in the limit where $V_0 \gg mga$.</question>

3.  <question>A Coleman-De Luccia (CDL) instanton mediates the decay of a false vacuum in a Schwarzschild-de Sitter spacetime. The instanton action is given by $S = S_E - S_{dS}$, where $S_E$ is the Euclidean action of the instanton and $S_{dS}$ is the Euclidean action of the de Sitter space. Assuming the thin-wall approximation, where the difference in energy density between the true and false vacua is small, $\Delta \epsilon \ll 1$, determine the critical bubble radius $R_c$ at which the decay rate is maximized, expressed in terms of the surface tension $\sigma$ of the bubble and the false vacuum energy density $\epsilon_f$, given that the cosmological constant is $\Lambda$.</question>

4.  <question>In Schwarzschild-de Sitter spacetime with a cosmological constant $\Lambda$ and black hole mass $M$, a thermalon is defined as a periodic solution in Euclidean time with period $\beta$.  Consider a massless scalar field $\psi$ obeying the equation $\Box \psi = 0$ subject to the boundary condition $\psi(\tau, x) = \psi(\tau + \beta, x)$. Find the general solution for $\psi(\tau, r)$ in the static patch of Schwarzschild-de Sitter spacetime, where the metric is given by $ds^2 = f(r)d\tau^2 + f(r)^{-1}dr^2 + r^2 d\Omega^2$, and $f(r) = 1 - \frac{2M}{r} - \frac{\Lambda r^2}{3}$. Express your answer in terms of appropriate special functions and constants of integration.</question>

5.  <question>Consider an oscillating bounce solution in Schwarzschild-de Sitter spacetime, where a scalar field $\phi(t,r)$ oscillates between two minima of its potential $V(\phi)$.  Assume that the spacetime is asymptotically de Sitter with cosmological constant $\Lambda$.  The ADM mass, $M$, of the spacetime is conserved.  The scalar field satisfies the equation of motion $\nabla_{\mu} \nabla^{\mu} \phi = -V'(\phi)$, where $V'(\phi) = dV/d\phi$. If the scalar field's initial amplitude is $\phi_0$ and the potential's local maximum (separating the two minima) is at $\phi = 0$ with $V(0) = V_0$, determine the condition on $\phi_0$ and $V_0$ such that the oscillating bounce solution transitions to a collapsing black hole formation.</question>
=== Turn 0: Critic feedback ===
Here's a critique of the provided questions, focusing on the guidelines:

**Overall Assessment:**
The questions are generally too complex and specialized for typical mathematics assessments, venturing into active research areas in theoretical physics (General Relativity, Quantum Field Theory in Curved Spacetime). Many lack a readily derivable symbolic solution using "multi-step reasoning" as expected from assessment problems.

---

**Question 1 Critique:**

*   **Guideline 2 (Mathematical Structure):** The setup is well-defined. However, the limit $\phi_-$ as $r \to 0$ for a scalar field in Schwarzschild coordinates is problematic due to the singularity at $r=0$. A regular field cannot approach a constant value at a singularity. This needs clarification or rephrasing of the boundary conditions.
*   **Guideline 3 (Solvable Target) & 7 (Multi-Step Reasoning):** If the scalar field is assumed to be regular across the horizon $r_h$, then $\frac{d\phi}{dr}$ must be finite at $r_h$. Since $f(r_h)=0$, the value of $f(r_h) (\frac{d\phi}{dr})^2$ would necessarily be $0$. This makes the question trivial if it relies solely on regularity, not requiring multi-step reasoning. If a non-zero answer is expected, the question is significantly more advanced than implied by the phrasing and would require highly specific properties of "static bounce solutions" that are not provided.
*   **Actionable Feedback:**
    1.  Clarify the meaning of $\phi(r)$ approaching a constant value as $r \to 0$ in Schwarzschild-de Sitter spacetime due to the singularity at $r=0$.
    2.  If the intended answer is $0$ due to regularity, the question is too basic for "multi-step reasoning" and should be modified to require more complex calculation. If a non-zero answer is expected, provide necessary additional context or equations to make it solvable analytically.

---

**Question 2 Critique:**

*   **Guideline 5 (Concise and Relevant):** The particle's energy $E$ is a crucial missing piece of information required to calculate the tunneling probability. Without it, the problem is underspecified.
*   **Guideline 10 (Single Output):** The question asks for two distinct symbolic results: the general tunneling probability $T$ and then an approximate expression for $T$ under a specific limit. This violates the "single output" rule.
*   **Actionable Feedback:**
    1.  Specify the energy $E$ of the particle (e.g., "Consider a particle of energy $E=0$..." or "A particle with energy $E < V_0 - mga$...").
    2.  Split this into two separate questions to ensure a single output for each.

---

**Question 3 Critique:**

*   **Guideline 3 (Solvable Target) & 7 (Multi-Step Reasoning):** This question delves into advanced topics in vacuum decay (Coleman-De Luccia instantons in curved spacetime), which often requires knowledge of specific, complex action formulas not easily derivable from first principles in a general assessment. While the thin-wall approximation simplifies things, the critical radius in Schwarzschild-de Sitter spacetime is generally not a simple expression in terms of the given parameters, especially if the black hole mass $M$ plays a role.
*   **Guideline 5 (Concise and Relevant):** The mention of "Schwarzschild-de Sitter spacetime" and "black hole mass $M$" is potentially irrelevant if $M$ is not expected in the final expression for $R_c$. If $M$ *should* influence $R_c$, then it must be included in the list of variables for the answer. If not, its mention is extraneous information that can confuse the solver. The condition "$\Delta \epsilon \ll 1$" is also vague without a clear reference scale.
*   **Actionable Feedback:**
    1.  Clarify the precise meaning of "$\Delta \epsilon \ll 1$".
    2.  Clarify if the black hole mass $M$ affects the critical radius in this context. If not, remove the mention of Schwarzschild-de Sitter and $M$ for conciseness. If it does, list $M$ as a required variable for the answer.
    3.  Consider simplifying the scenario (e.g., pure de Sitter space) if the intent is for a solvable symbolic expression derivable with reasonable effort. As currently phrased, it might require recall of a highly specific formula rather than multi-step reasoning.

---

**Question 4 Critique:**

*   **Guideline 3 (Solvable Target) & 7 (Multi-Step Reasoning):** The radial equation resulting from separation of variables, $\frac{1}{r^2} \frac{d}{dr} (r^2 f(r) \frac{dR}{dr}) + \frac{\omega_n^2}{f(r)} R = 0$, where $f(r) = 1 - \frac{2M}{r} - \frac{\Lambda r^2}{3}$, is a highly complex second-order ordinary differential equation. It is generally not solvable analytically in terms of "appropriate special functions" for arbitrary $M$ and $\Lambda$. Solving such equations is often a topic of active research, typically relying on numerical methods or perturbative expansions.
*   **Actionable Feedback:**
    1.  The radial ODE is too complex for a general analytical solution in terms of known special functions. The question is likely unsolvable in the requested form.
    2.  Modify the question to ask for the form of the separated equations, or specify values of $M$ and $\Lambda$ that simplify the radial equation to a solvable form, or change the spacetime background to one where the wave equation is known to have exact special function solutions.

---

**Question 5 Critique:**

*   **Guideline 3 (Solvable Target) & 7 (Multi-Step Reasoning):** This question describes a highly non-linear, dynamic problem involving coupled scalar field and spacetime evolution, culminating in black hole formation. Determining a simple analytical "condition on $\phi_0$ and $V_0$" for this transition is an extremely complex, cutting-edge research problem in numerical relativity and gravitational collapse, not something solvable in an assessment context with symbolic "multi-step reasoning".
*   **Actionable Feedback:**
    1.  This question is beyond the scope of a typical mathematics assessment and represents a complex research problem. It does not have a simple symbolic condition as an answer.
    2.  Drastically simplify the physical scenario or change the nature of the question to ask for a theoretical concept related to black hole formation or scalar field dynamics, rather than a quantitative condition.
=== Turn 1: Author refines questions ===
```xml
<question>A static, spherically symmetric scalar field $\phi(r)$ exists in Schwarzschild-de Sitter spacetime, characterized by the metric $ds^2 = -f(r)dt^2 + f(r)^{-1}dr^2 + r^2d\Omega^2$, where $f(r) = 1 - \frac{2M}{r} - \frac{\Lambda r^2}{3}$, $M$ is the Arnowitt-Deser-Misner (ADM) mass, and $\Lambda$ is the cosmological constant.  The scalar field has a potential $V(\phi)$. Assuming that the scalar field satisfies the equation of motion $\nabla_\mu \nabla^\mu \phi = \frac{dV}{d\phi}$, and given a static solution where $\phi(r)$ is finite at the horizon $r_h$ (defined by $f(r_h)=0$), and that $\frac{dV}{d\phi}=0$ implies $\phi=\phi_{\pm}$, show that at the horizon $r_h$,  $f(r) (\frac{d\phi}{dr})^2$ vanishes. Justify each step.</question>

<question>Consider a particle of mass $m$ and energy $E$ tunneling through a potential barrier $V(x)$ in a uniform gravitational field $g$. The potential barrier is given by $V(x) = V_0 - mgx$ for $0 < x < a$ and $V(x)=0$ otherwise, where $V_0 > 0$. Assume $0 < E < V_0 - mga$. Using the WKB approximation, calculate the exponent in the tunneling probability, i.e., find $\theta = \frac{1}{\hbar} \int_{x_1}^{x_2} \sqrt{2m(V(x) - E)} dx$, where $x_1$ and $x_2$ are the classical turning points.</question>

<question>Consider the decay of a false vacuum with energy density $\epsilon_f$ in de Sitter space with cosmological constant $\Lambda$, mediated by a bubble of true vacuum.  In the thin-wall approximation (where the bubble wall has negligible thickness compared to its radius), the action is dominated by the surface tension $\sigma$ of the bubble wall. Assume the difference in energy density between the false and true vacua, $\Delta \epsilon = \epsilon_f - \epsilon_t$, is small compared to $\epsilon_f$.  Derive an expression for the critical radius $R_c$ of the bubble in terms of $\sigma$ and $\Delta \epsilon$. The energy inside the bubble is given by $-\frac{4}{3} \pi R^3 \Delta \epsilon$ and the surface energy is given by $4 \pi R^2 \sigma$.</question>

<question>In de Sitter spacetime (with a cosmological constant $\Lambda$), consider a massless scalar field $\psi$ obeying the equation $\Box \psi = 0$.  Assume a static, spherically symmetric solution of the form $\psi(r) = A + B/r$, where $r$ is the radial coordinate in static de Sitter coordinates.  Show that this solution satisfies the scalar field equation, given that the metric is approximately $ds^2 = -(1 - \frac{\Lambda r^2}{3})dt^2 + (1 - \frac{\Lambda r^2}{3})^{-1}dr^2 + r^2 d\Omega^2$. (You can neglect the spatial derivative of $\sqrt{-g}$ inside the d'Alembertian).</question>

<question>Consider a scalar field $\phi(t,r)$ in a spacetime with an event horizon. The scalar field satisfies the equation of motion $\nabla_{\mu} \nabla^{\mu} \phi = -V'(\phi)$, where $V'(\phi) = dV/d\phi$.  Assume that at late times, the scalar field approaches a constant value $\phi_0$ outside the event horizon. Explain why, based on the field equations,  $\phi_0$ must be a critical point of the potential $V(\phi)$, i.e., $V'(\phi_0)=0$.</question>
```
=== Turn 1: Critic feedback ===
Here's a critique of each question against the provided guidelines:

---

**Question 1:**
"A static, spherically symmetric scalar field $\phi(r)$ exists in Schwarzschild-de Sitter spacetime, characterized by the metric $ds^2 = -f(r)dt^2 + f(r)^{-1}dr^2 + r^2d\Omega^2$, where $f(r) = 1 - \frac{2M}{r} - \frac{\Lambda r^2}{3}$, $M$ is the Arnowitt-Deser-Misner (ADM) mass, and $\Lambda$ is the cosmological constant. The scalar field has a potential $V(\phi)$. Assuming that the scalar field satisfies the equation of motion $\nabla_\mu \nabla^\mu \phi = \frac{dV}{d\phi}$, and given a static solution where $\phi(r)$ is finite at the horizon $r_h$ (defined by $f(r_h)=0$), and that $\frac{dV}{d\phi}=0$ implies $\phi=\phi_{\pm}$, show that at the horizon $r_h$, $f(r) (\frac{d\phi}{dr})^2$ vanishes. Justify each step."

*   **Critique:**
    *   **Guideline 3 (Solvable Target - No proofs/derivations):** **Violation.** The question asks to "show that" and "justify each step," which explicitly makes it a proof or derivation. The guidelines state, "Questions must not be proves or derivations."
    *   **Guideline 4 (Single Output - Symbolic result):** **Violation.** The expected output is a proof, not a single, unambiguous symbolic answer.
*   **Actionable Feedback:** Rephrase the question to ask for a specific calculation or a numerical value, rather than a proof. For example, "Calculate the value of $f(r) (\frac{d\phi}{dr})^2$ at the horizon $r_h$ under the given conditions."

---

**Question 2:**
"Consider a particle of mass $m$ and energy $E$ tunneling through a potential barrier $V(x)$ in a uniform gravitational field $g$. The potential barrier is given by $V(x) = V_0 - mgx$ for $0 < x < a$ and $V(x)=0$ otherwise, where $V_0 > 0$. Assume $0 < E < V_0 - mga$. Using the WKB approximation, calculate the exponent in the tunneling probability, i.e., find $\theta = \frac{1}{\hbar} \int_{x_1}^{x_2} \sqrt{2m(V(x) - E)} dx$, where $x_1$ and $x_2$ are the classical turning points."

*   **Critique:** This question largely adheres to all guidelines. It clearly asks for a symbolic result (an expression for $\theta$) that requires multi-step reasoning (finding turning points, performing an integral).
*   **Actionable Feedback:** No improvements needed based on the given guidelines.

---

**Question 3:**
"Consider the decay of a false vacuum with energy density $\epsilon_f$ in de Sitter space with cosmological constant $\Lambda$, mediated by a bubble of true vacuum. In the thin-wall approximation (where the bubble wall has negligible thickness compared to its radius), the action is dominated by the surface tension $\sigma$ of the bubble wall. Assume the difference in energy density between the false and true vacua, $\Delta \epsilon = \epsilon_f - \epsilon_t$, is small compared to $\epsilon_f$. Derive an expression for the critical radius $R_c$ of the bubble in terms of $\sigma$ and $\Delta \epsilon$. The energy inside the bubble is given by $-\frac{4}{3} \pi R^3 \Delta \epsilon$ and the surface energy is given by $4 \pi R^2 \sigma$."

*   **Critique:**
    *   **Guideline 3 (Solvable Target - No proofs/derivations):** **Violation.** The question asks to "Derive an expression," which constitutes a derivation, explicitly forbidden by the guidelines.
*   **Actionable Feedback:** Rephrase the question to "Calculate an expression for the critical radius $R_c$" or "Find the critical radius $R_c$ of the bubble in terms of $\sigma$ and $\Delta \epsilon$."

---

**Question 4:**
"In de Sitter spacetime (with a cosmological constant $\Lambda$), consider a massless scalar field $\psi$ obeying the equation $\Box \psi = 0$. Assume a static, spherically symmetric solution of the form $\psi(r) = A + B/r$, where $r$ is the radial coordinate in static de Sitter coordinates. Show that this solution satisfies the scalar field equation, given that the metric is approximately $ds^2 = -(1 - \frac{\Lambda r^2}{3})dt^2 + (1 - \frac{\Lambda r^2}{3})^{-1}dr^2 + r^2 d\Omega^2$. (You can neglect the spatial derivative of $\sqrt{-g}$ inside the d'Alembertian)."

*   **Critique:**
    *   **Guideline 3 (Solvable Target - No proofs/derivations):** **Violation.** The question asks to "Show that this solution satisfies," which is a verification or proof, explicitly forbidden by the guidelines.
    *   **Guideline 4 (Single Output - Symbolic result):** **Violation.** The expected output is a verification, not a single, unambiguous symbolic answer.
*   **Actionable Feedback:** Rephrase the question to ask for a specific calculation. For example, "Calculate the d'Alembertian $\Box \psi$ for the scalar field $\psi(r) = A + B/r$ in the given de Sitter metric, neglecting the spatial derivative of $\sqrt{-g}$."

---

**Question 5:**
"Consider a scalar field $\phi(t,r)$ in a spacetime with an event horizon. The scalar field satisfies the equation of motion $\nabla_{\mu} \nabla^{\mu} \phi = -V'(\phi)$, where $V'(\phi) = dV/d\phi$. Assume that at late times, the scalar field approaches a constant value $\phi_0$ outside the event horizon. Explain why, based on the field equations, $\phi_0$ must be a critical point of the potential $V(\phi)$, i.e., $V'(\phi_0)=0$."

*   **Critique:**
    *   **Guideline 3 (Solvable Target - No proofs/derivations):** **Violation.** The question asks to "Explain why," which requires a conceptual justification or a short argument/proof. This is explicitly forbidden.
    *   **Guideline 4 (Single Output - Symbolic result):** **Violation.** The expected output is an explanation, not a single, unambiguous symbolic answer.
*   **Actionable Feedback:** This question is fundamentally conceptual/explanatory and does not fit the "calculate a symbolic result" criterion well. To comply, it would need significant re-design. For instance: "If a scalar field $\phi(t,r)$ approaches a constant value $\phi_0$ at late times in a spacetime, calculate the value of $V'(\phi_0)$ from the equation of motion $\nabla_{\mu} \nabla^{\mu} \phi = -V'(\phi)$." (The expected answer would then be $V'(\phi_0)=0$).
=== Turn 2: Author refines questions ===
```xml
<question>A static, spherically symmetric scalar field $\phi(r)$ exists in Schwarzschild-de Sitter spacetime, characterized by the metric $ds^2 = -f(r)dt^2 + f(r)^{-1}dr^2 + r^2d\Omega^2$, where $f(r) = 1 - \frac{2M}{r} - \frac{\Lambda r^2}{3}$, $M$ is the Arnowitt-Deser-Misner (ADM) mass, and $\Lambda$ is the cosmological constant. The scalar field has a potential $V(\phi)$. Assuming that the scalar field satisfies the equation of motion $\nabla_\mu \nabla^\mu \phi = \frac{dV}{d\phi}$, given a static solution where $\phi(r)$ is finite at the horizon $r_h$ (defined by $f(r_h)=0$), and that $\frac{dV}{d\phi}=0$ implies $\phi=\phi_{\pm}$, calculate the limit of $f(r) (\frac{d\phi}{dr})^2$ as $r$ approaches $r_h$.</question>

<question>Consider a particle of mass $m$ and energy $E$ tunneling through a potential barrier $V(x)$ in a uniform gravitational field $g$. The potential barrier is given by $V(x) = V_0 - mgx$ for $0 < x < a$ and $V(x)=0$ otherwise, where $V_0 > 0$. Assume $0 < E < V_0 - mga$. Using the WKB approximation, calculate the exponent in the tunneling probability, i.e., find $\theta = \frac{1}{\hbar} \int_{x_1}^{x_2} \sqrt{2m(V(x) - E)} dx$, where $x_1$ and $x_2$ are the classical turning points.</question>

<question>Consider the decay of a false vacuum with energy density $\epsilon_f$ in de Sitter space with cosmological constant $\Lambda$, mediated by a bubble of true vacuum. In the thin-wall approximation (where the bubble wall has negligible thickness compared to its radius), the action is dominated by the surface tension $\sigma$ of the bubble wall. Assume the difference in energy density between the false and true vacua, $\Delta \epsilon = \epsilon_f - \epsilon_t$, is small compared to $\epsilon_f$. Find the critical radius $R_c$ of the bubble in terms of $\sigma$ and $\Delta \epsilon$, given that the energy inside the bubble is $-\frac{4}{3} \pi R^3 \Delta \epsilon$ and the surface energy is $4 \pi R^2 \sigma$.</question>

<question>In de Sitter spacetime (with a cosmological constant $\Lambda$), consider a massless scalar field $\psi$ obeying the equation $\Box \psi = 0$. Assume a static, spherically symmetric solution of the form $\psi(r) = A + B/r$, where $r$ is the radial coordinate in static de Sitter coordinates. Calculate the d'Alembertian $\Box \psi$ for the scalar field $\psi(r) = A + B/r$, given that the metric is approximately $ds^2 = -(1 - \frac{\Lambda r^2}{3})dt^2 + (1 - \frac{\Lambda r^2}{3})^{-1}dr^2 + r^2 d\Omega^2$, and neglecting the spatial derivative of $\sqrt{-g}$ inside the d'Alembertian.</question>

<question>Consider a scalar field $\phi(t,r)$ in a spacetime with an event horizon. The scalar field satisfies the equation of motion $\nabla_{\mu} \nabla^{\mu} \phi = -V'(\phi)$, where $V'(\phi) = dV/d\phi$. Assume that at late times, the scalar field approaches a constant value $\phi_0$ outside the event horizon. Calculate the value of $V'(\phi_0)$ based on the equation of motion and the late-time behavior of the scalar field.</question>
```
=== Final questions generated ===
