=== Turn 0: Author generates questions ===
1.  <question>Consider a quantum particle of mass $m$ moving in a one-dimensional potential $V(x) = \lambda |x|$, where $\lambda > 0$. Suppose we approximate the ground state wavefunction using a variational wavefunction of the form $\psi(x) = A e^{-\alpha x^2}$, where $A$ is a normalization constant and $\alpha$ is a variational parameter. Find the optimal value of $\alpha$ that minimizes the energy of the system.</question>

2.  <question>A relativistic rocket starts from rest and accelerates with a constant proper acceleration $a$ in the $x$-direction. Find the rocket's velocity $v(t)$ as a function of the observer's time $t$ in the inertial frame from which the rocket started.</question>

3.  <question>Consider a simplified model of a black hole where spacetime is described by the Schwarzschild metric outside the event horizon ($r > r_s = 2GM/c^2$). A photon is emitted radially outward from a point $r = 3r_s$. What is the redshift $z$ of the photon when it is observed at a large distance from the black hole ($r \to \infty$)?</question>

4.  <question>A uniform circular disk of mass $M$ and radius $R$ is rotating with angular velocity $\omega_0$ about an axis through its center and perpendicular to the plane of the disk. A point mass $m$ is dropped onto the disk at a distance $R/2$ from the center. Assuming the mass $m$ sticks to the disk, find the new angular velocity $\omega_f$ of the disk.</question>

5.  <question>Consider a classical harmonic oscillator with Hamiltonian $H = \frac{p^2}{2m} + \frac{1}{2}m\omega^2 x^2$. Calculate the classical partition function $Z$ for this system at temperature $T$ using the phase space integral.</question>

6.  <question>A particle of charge $q$ and mass $m$ moves in a uniform magnetic field $\mathbf{B} = B_0 \hat{z}$. The initial velocity of the particle is $\mathbf{v}(0) = v_0 \hat{x}$. Find the position vector $\mathbf{r}(t)$ of the particle as a function of time.</question>

7.  <question>A Carnot engine operates between two heat reservoirs at temperatures $T_H$ and $T_C$ ($T_H > T_C$). If the working substance is an ideal gas, find the change in entropy $\Delta S$ of the gas during the isothermal expansion at temperature $T_H$, expressed in terms of $T_H$, $T_C$, and the heat absorbed $Q_H$ from the hot reservoir.</question>

8.  <question>A thin, infinite conducting plane is placed in the $xy$-plane. A point charge $q$ is located at a distance $d$ above the plane (at $z=d$). Determine the electric potential $\phi(x,y,z)$ at a point $(x,y,z)$ where $z > 0$.</question>

9.  <question>Consider a simple model of a solid where $N$ identical atoms are arranged in a one-dimensional chain. Each atom can be in one of two energy states: $E_0 = 0$ or $E_1 = \epsilon$. If the total energy of the system is $E$, find the thermodynamic entropy $S$ of the system as a function of $N$, $E$, and $\epsilon$.</question>

10. <question>A damped harmonic oscillator is described by the equation $m\ddot{x} + b\dot{x} + kx = 0$, where $m$ is the mass, $b$ is the damping coefficient, and $k$ is the spring constant. Find the general solution for $x(t)$ when the system is critically damped, i.e., when $b^2 = 4mk$.</question>
=== Turn 0: Critic feedback ===
Here's a critique of each question against the provided guidelines:

---

1.  **Question 1 Critique:**
    *   **Originality:** The problem is a standard textbook exercise for the variational method in quantum mechanics (using a Gaussian trial wavefunction for the linear potential). It lacks originality as per guideline 6.

---

2.  **Question 2 Critique:**
    *   **Originality:** This is a classic and very standard problem in special relativity (hyperbolic motion under constant proper acceleration). It lacks originality as per guideline 6.

---

3.  **Question 3 Critique:**
    *   **Originality:** This is a standard textbook problem illustrating gravitational redshift in the Schwarzschild spacetime. It lacks originality as per guideline 6.

---

4.  **Question 4 Critique:**
    *   **Originality:** This is a very common and standard problem on conservation of angular momentum, typically found in introductory physics textbooks. It lacks originality as per guideline 6.

---

5.  **Question 5 Critique:**
    *   **Originality:** This is a very common and standard problem on calculating the classical partition function, typically found in statistical mechanics textbooks. It lacks originality as per guideline 6.

---

6.  **Question 6 Critique:**
    *   **Originality:** This is a fundamental and standard problem in classical electromagnetism concerning the motion of a charged particle in a uniform magnetic field. It lacks originality as per guideline 6.

---

7.  **Question 7 Critique:**
    *   **Originality:** This is a very standard and direct application of entropy definition in the context of a Carnot cycle, commonly found in thermodynamics textbooks. It lacks originality as per guideline 6.
    *   **Conciseness:** The inclusion of $T_C$ in the "expressed in terms of" clause is potentially redundant for the entropy change during this specific isothermal expansion, as $\Delta S = Q_H/T_H$ does not inherently depend on $T_C$. Consider simplifying the "expressed in terms of" requirement to only relevant variables.

---

8.  **Question 8 Critique:**
    *   **Originality:** This is the most common and foundational problem for the method of images in electrostatics, present in almost all electromagnetism textbooks. It is a quintessential example of a "standard textbook problem" and lacks originality as per guideline 6.

---

9.  **Question 9 Critique:**
    *   **Originality:** This is a fundamental and very standard problem in statistical mechanics, often used as an introductory example for microcanonical ensemble calculations. It lacks originality as per guideline 6.

---

10. **Question 10 Critique:**
    *   **Originality:** This is a classic and very standard problem in differential equations and classical mechanics (damped harmonic oscillator, critically damped case). It is present in almost every textbook covering these topics and lacks originality as per guideline 6.
=== Turn 1: Author refines questions ===
Here are the refined physics questions, attempting to increase originality while maintaining a reasonable level of difficulty and solvability. Note that "originality" is subjective and often involves combining known concepts in novel ways or exploring less-trodden variations of standard problems. It's also impossible to guarantee *complete* originality, given the vastness of physics literature.  The refinements aim for a higher degree of originality given the limitations.

1.  <question>Consider a quantum particle of mass $m$ moving in a one-dimensional potential $V(x) = \lambda |x| e^{-x^2/a^2}$, where $\lambda > 0$ and $a$ is a constant with units of length.  Suppose we approximate the ground state wavefunction using a variational wavefunction of the form $\psi(x) = A e^{-\alpha x^2}$, where $A$ is a normalization constant and $\alpha$ is a variational parameter. Find an *equation* (that you don't necessarily need to solve analytically) for the optimal value of $\alpha$ that minimizes the energy of the system. Express your answer in terms of $\lambda$, $a$, $m$, and relevant integrals.</question>

2.  <question>A relativistic rocket starts from rest and accelerates with a constant proper acceleration $a$ in the $x$-direction.  The rocket also emits photons at a constant rate $N$ (number per unit proper time) in the rocket's frame, all in the negative $x$-direction relative to the rocket.  Derive an expression for the photon flux (number of photons per unit observer time) detected by an observer in the inertial frame from which the rocket started, as a function of the observer's time $t$.</question>

3.  <question>Consider a black hole surrounded by a thin, spherical shell of mass $M_s$ located at a radius $R > r_s$, where $r_s = 2GM/c^2$ is the Schwarzschild radius of the black hole *without* the shell. A photon is emitted radially outward from a point just outside the shell (i.e., $r = R + \epsilon$ where $\epsilon$ is infinitesimally small). What is the redshift $z$ of the photon when it is observed at a large distance from the system ($r \to \infty$)?  Assume the black hole's mass *before* the shell was added is $M$.</question>

4.  <question>A uniform circular disk of mass $M$ and radius $R$ is rotating with angular velocity $\omega_0$ about an axis through its center and perpendicular to the plane of the disk. A small robotic arm of negligible mass is attached to the center of the disk.  The arm extends radially outward and, at a distance $R/2$ from the center, gently places a point mass $m$ onto the disk *without imparting any radial or tangential velocity to the mass relative to the disk*. The arm then retracts instantaneously. Assuming the mass $m$ sticks to the disk, find the energy dissipated during the attachment process. Express your answer in terms of $M$, $R$, $\omega_0$, and $m$.</question>

5.  <question>Consider a classical harmonic oscillator with Hamiltonian $H = \frac{p^2}{2m} + \frac{1}{2}m\omega^2 x^2$.  However, instead of being in contact with a heat bath at temperature $T$, the system is subject to small, random kicks. Specifically, the oscillator's energy *E* changes randomly at a rate given by the distribution P(dE) = C exp(-|dE|/E_0), where C is a normalization constant and E_0 is a characteristic energy scale.  Assume that the time scale for these kicks is much shorter than the oscillator period.  Describe (qualitatively and mathematically) the probability distribution of the oscillator's energy after a very long time. Is this system in thermal equilibrium?</question>

6.  <question>A particle of charge $q$ and mass $m$ moves in a magnetic field that is *not* perfectly uniform, but has a gradient in the $z$-direction: $\mathbf{B} = B_0(1 + \alpha z) \hat{z}$, where $\alpha$ is a small constant. The initial velocity of the particle is $\mathbf{v}(0) = v_0 \hat{x}$. Describe the qualitative motion of the particle. Will the particle remain confined near the $z=0$ plane? Explain your reasoning.</question>

7.  <question>A Carnot engine operates between two heat reservoirs at temperatures $T_H$ and $T_C$ ($T_H > T_C$). If the working substance is an ideal gas with a temperature-dependent heat capacity $C_V(T) = a + bT$, where $a$ and $b$ are constants, find the efficiency $\eta$ of the Carnot engine. Express your answer in terms of $T_H$, $T_C$, $a$, and $b$.</question>

8.  <question>A thin, infinite conducting plane is placed in the $xy$-plane. Instead of a single point charge, there's a *dipole* with dipole moment $\mathbf{p} = p_0 \hat{z}$ located at a distance $d$ above the plane (at $z=d$). Determine the electric potential $\phi(x,y,z)$ at a point $(x,y,z)$ where $z > 0$.</question>

9.  <question>Consider a simple model of a solid where $N$ identical atoms are arranged in a one-dimensional chain with periodic boundary conditions. Each atom can be in one of two energy states: $E_0 = 0$ or $E_1 = \epsilon$.  However, there is also a constraint: no two adjacent atoms can both be in the $E_1 = \epsilon$ state.  If the total energy of the system is $E = n\epsilon$, where $n$ is the number of atoms in the excited state, find an expression for the thermodynamic entropy $S$ of the system as a function of $N$, $n$, and $\epsilon$.  (Hint: You'll need to find the number of allowed configurations.)</question>

10. <question>A damped harmonic oscillator is described by the equation $m\ddot{x} + b\dot{x} + kx = F_0 \cos(\omega t)$, where $m$ is the mass, $b$ is the damping coefficient, $k$ is the spring constant, $F_0$ is the amplitude of the driving force, and $\omega$ is the driving frequency. Suppose the oscillator is *initially at rest* ($x(0) = 0$, $\dot{x}(0) = 0$).  Find the amplitude of the *steady-state* oscillations as a function of time *before* the steady-state oscillations are reached. Qualitatively sketch the behavior of the amplitude over time.</question>
=== Turn 1: Critic feedback ===
Here's a critique of each question against your provided guidelines:

1.  **Critique 1:**
    *   **Guideline 3 (Solvable Target):** The request "Find an *equation* (that you don't necessarily need to solve analytically)" borders on violating "Questions must not be proves or derivations." An equation is typically the *result* of a derivation step, not a final symbolic value/function.
    *   **Actionable Feedback:** Rephrase to ask for a specific symbolic quantity, e.g., "Find the expectation value of the potential energy, $\langle V \rangle$, in terms of $\lambda$, $a$, $\alpha$, and relevant integrals." or if a specific value is required, "Find the value of the variational parameter $\alpha$ that minimizes the energy (you can leave it in terms of an equation to be solved numerically)." but the latter still sounds like "solving an equation". The current phrasing asks for the equation itself.

2.  **Critique 2:**
    *   **Guideline 3 (Solvable Target):** Directly violates "Questions must not be proves or derivations" by using the word "Derive".
    *   **Actionable Feedback:** Change "Derive an expression for" to "Find an expression for" or "Determine the expression for".

3.  **Critique 3:**
    *   **Guideline 5 (Concise and Relevant):** The phrase "Assume the black hole's mass *before* the shell was added is $M$" is a bit verbose.
    *   **Actionable Feedback:** Could be slightly more concise, e.g., "Assume the central black hole has mass $M$." The problem is otherwise strong.

4.  **Critique 4:**
    *   **Overall:** This is a strong question. It meets all guidelines well.
    *   **Actionable Feedback:** No improvements needed.

5.  **Critique 5:**
    *   **Guideline 3 (Solvable Target):** Violates by asking to "Describe (qualitatively and mathematically) the probability distribution" and "Is this system in thermal equilibrium?". These are not single symbolic results.
    *   **Guideline 4 (Single Output):** Violates by asking for multiple outputs (qualitative description, mathematical expression, and a yes/no answer).
    *   **Guideline 10 (Single Part):** Violates by having multiple parts to answer.
    *   **Actionable Feedback:** Rephrase to ask for a single symbolic result, e.g., "Find the functional form of the stationary probability distribution of the oscillator's energy $P(E)$ after a very long time, up to a normalization constant."

6.  **Critique 6:**
    *   **Guideline 3 (Solvable Target):** Violates by asking to "Describe the qualitative motion" and "Will the particle remain confined...? Explain your reasoning." These are descriptive/explanatory, not symbolic results.
    *   **Guideline 4 (Single Output):** Violates by asking for multiple types of output.
    *   **Guideline 10 (Single Part):** Violates by having multiple parts to answer.
    *   **Actionable Feedback:** Rephrase to ask for a single symbolic quantity, e.g., "Find the average drift velocity of the particle in the $y$-direction due to the magnetic field gradient."

7.  **Critique 7:**
    *   **Guideline 6 (Originality) & Guideline 7 (Multi-Step Reasoning):** This is a trick question. The efficiency of a Carnot engine is always $1 - T_C/T_H$, regardless of the working substance. This makes the $C_V(T)$ information a distractor, potentially leading to incorrect multi-step reasoning or making the correct answer conceptually trivial rather than requiring calculation.
    *   **Actionable Feedback:** If the intent is to test the fundamental principle, it's effective. If the intent is to test calculations with temperature-dependent heat capacity, the question should describe a non-Carnot cycle (e.g., a specific cycle with given states) where $C_V(T)$ truly influences the efficiency calculation.

8.  **Critique 8:**
    *   **Guideline 6 (Originality):** Using the image method for a dipole near a conducting plane is a very standard problem found in many electromagnetism textbooks. It is not "unique and non-trivial" in the sense of being novel.
    *   **Actionable Feedback:** To enhance originality, consider a more complex image configuration (e.g., a dipole not aligned with the normal, or a dipole near multiple conductors).

9.  **Critique 9:**
    *   **Guideline 6 (Originality):** While the context is atoms/energy levels, the underlying combinatorial problem (counting binary sequences without consecutive ones) is a known type of problem (related to Fibonacci numbers or transfer matrix methods). It's a good, challenging problem, but the combinatorial core is not entirely novel.
    *   **Actionable Feedback:** While a good problem, its originality might be slightly lower than desired by the strict "unique and non-trivial" standard. No direct improvement advice for *this specific problem* to make it more original, as it's a specific type.

10. **Critique 10:**
    *   **Guideline 3 (Solvable Target):** The phrase "amplitude of the *steady-state* oscillations as a function of time *before* the steady-state oscillations are reached" is physically contradictory and poorly phrased. Steady-state implies constant amplitude. It likely intends to ask for the *envelope* of the *total* oscillation. The request to "Qualitatively sketch the behavior" is not a symbolic result.
    *   **Guideline 4 (Single Output):** Violates by asking for both an expression and a sketch.
    *   **Guideline 9 (Language and Notation):** The wording is confusing and not rigorous.
    *   **Guideline 10 (Single Part):** Violates by having multiple parts to answer.
    *   **Actionable Feedback:** Rephrase clearly to ask for a single symbolic result. For example, "Find the full displacement $x(t)$ of the oscillator as a function of time, including both transient and steady-state components, for the given initial conditions." or "Find the time-dependent envelope of the total oscillation, $A(t)$, such that $x(t) \approx A(t) \cos(\omega' t + \phi)$."
=== Turn 2: Author refines questions ===
Here's the revised set of physics questions, incorporating your feedback and aiming for increased originality and adherence to the guidelines:

1.  <question>Consider a quantum particle of mass $m$ moving in a one-dimensional potential $V(x) = \lambda |x| e^{-x^2/a^2}$, where $\lambda > 0$ and $a$ is a constant with units of length. Suppose we approximate the ground state wavefunction using a variational wavefunction of the form $\psi(x) = A e^{-\alpha x^2}$, where $A$ is a normalization constant and $\alpha$ is a variational parameter. Find the expectation value of the potential energy, $\langle V \rangle$, in terms of $\lambda$, $a$, $\alpha$, and relevant definite integrals. Explicitly write out the integral(s) you obtain; do not evaluate them.</question>

2.  <question>A relativistic rocket starts from rest and accelerates with a constant proper acceleration $a$ in the $x$-direction. The rocket also emits photons at a constant rate $N$ (number per unit proper time) in the rocket's frame, all in the negative $x$-direction relative to the rocket. Find an expression for the photon flux (number of photons per unit observer time) detected by an observer in the inertial frame from which the rocket started, as a function of the observer's time $t$.</question>

3.  <question>Consider a black hole with mass $M$ surrounded by a thin, spherical shell of mass $M_s$ located at a radius $R > r_s$, where $r_s = 2GM/c^2$ is the Schwarzschild radius of the black hole *without* the shell. A photon is emitted radially outward from a point just outside the shell (i.e., $r = R + \epsilon$ where $\epsilon$ is infinitesimally small). What is the redshift $z$ of the photon when it is observed at a large distance from the system ($r \to \infty$)?</question>

4.  <question>A uniform circular disk of mass $M$ and radius $R$ is rotating with angular velocity $\omega_0$ about an axis through its center and perpendicular to the plane of the disk. A small robotic arm of negligible mass is attached to the center of the disk. The arm extends radially outward and, at a distance $R/2$ from the center, gently places a point mass $m$ onto the disk *without imparting any radial or tangential velocity to the mass relative to the disk*. The arm then retracts instantaneously. Assuming the mass $m$ sticks to the disk, find the energy dissipated during the attachment process. Express your answer in terms of $M$, $R$, $\omega_0$, and $m$.</question>

5.  <question>Consider a classical harmonic oscillator with Hamiltonian $H = \frac{p^2}{2m} + \frac{1}{2}m\omega^2 x^2$. However, instead of being in contact with a heat bath at temperature $T$, the system is subject to small, random kicks. Specifically, the oscillator's energy *E* changes randomly at a rate given by the distribution P(dE) = C exp(-|dE|/E_0), where C is a normalization constant and E_0 is a characteristic energy scale. Assume that the time scale for these kicks is much shorter than the oscillator period. Find the functional form of the stationary probability distribution of the oscillator's energy $P(E)$ after a very long time, up to a normalization constant. </question>

6.  <question>A particle of charge $q$ and mass $m$ moves in a magnetic field that is *not* perfectly uniform, but has a gradient in the $z$-direction: $\mathbf{B} = B_0(1 + \alpha z) \hat{z}$, where $\alpha$ is a small constant. The initial velocity of the particle is $\mathbf{v}(0) = v_0 \hat{x}$. Find the average drift velocity of the particle in the $y$-direction due to the magnetic field gradient.</question>

7.  <question>A gas undergoes a cycle consisting of two isobaric processes at pressures $P_1$ and $P_2$ ($P_1 < P_2$) and two isochoric processes at volumes $V_1$ and $V_2$ ($V_1 < V_2$). The working substance is an ideal gas with a temperature-dependent heat capacity $C_V(T) = a + bT$, where $a$ and $b$ are constants. Find the efficiency $\eta$ of this cycle. Express your answer in terms of $P_1$, $P_2$, $V_1$, $V_2$, $a$, and $b$.</question>

8.  <question>A thin, infinite conducting plane is placed in the $xy$-plane. A dipole with dipole moment $\mathbf{p} = p_0 \hat{x}$ is located at a distance $d$ above the plane (at $x=d, y=0, z=0$). Determine the electric potential $\phi(x,y,z)$ at a point $(x,y,z)$ where $z > 0$. Express your answer using image charges.</question>

9.  <question>Consider a simple model of a solid where $N$ identical atoms are arranged in a one-dimensional chain with periodic boundary conditions. Each atom can be in one of two energy states: $E_0 = 0$ or $E_1 = \epsilon$. However, there is also a constraint: no two adjacent atoms can both be in the $E_1 = \epsilon$ state. If the total energy of the system is $E = n\epsilon$, where $n$ is the number of atoms in the excited state, find an expression for the thermodynamic entropy $S$ of the system as a function of $N$, $n$, and $\epsilon$. (Hint: You'll need to find the number of allowed configurations.)</question>

10. <question>A damped harmonic oscillator is described by the equation $m\ddot{x} + b\dot{x} + kx = F_0 \cos(\omega t)$, where $m$ is the mass, $b$ is the damping coefficient, $k$ is the spring constant, $F_0$ is the amplitude of the driving force, and $\omega$ is the driving frequency. Suppose the oscillator is *initially at rest* ($x(0) = 0$, $\dot{x}(0) = 0$). Find the full displacement $x(t)$ of the oscillator as a function of time, including both transient and steady-state components, for the given initial conditions.</question>
=== Final questions generated ===
