=== Turn 0: Author generates questions ===
Here are some novel university-level physics questions based on the provided guidelines:

1.  <question>Consider a swarm of $N$ robots moving in a two-dimensional plane, governed by a leader-follower approach. The leader's position is given by $\vec{r}_L(t)$, and each follower $i$ aims to maintain a formation defined by a desired distance $d_i$ from the leader and a relative angle $\theta_i$. The actual position of the $i$-th follower is $\vec{r}_i(t)$. The control law for each follower is designed to minimize the error between the desired and actual relative positions with respect to the leader. Assuming each robot has a limited energy supply $E_i$, and the energy consumption rate is proportional to the square of the control force applied, derive an expression for the total energy consumed by the swarm as a function of time, $E_{total}(t)$, considering that the leader's trajectory is a circle of radius $R$ with angular velocity $\omega$. Express your answer using the Thin-Plate Spline interpolation technique to model the desired formation geometry, where the radial basis function is given by $r^2 \log(r)$, and the control force is proportional to the gradient of the Thin-Plate Spline interpolant.</question>

2.  <question>A swarm of $N$ robots operates in a potential field $U(\vec{r})$ where $\vec{r}$ represents the position in a 2D space. The robots are programmed to perform dynamic swarm reformation while maintaining a constant center of mass. The total potential energy of the swarm is given by $U_{total} = \sum_{i=1}^{N} U(\vec{r}_i)$, where $\vec{r}_i$ is the position of the $i$-th robot. The robots redistribute themselves based on a fitness function derived from a Genetic Algorithm designed to minimize total energy consumption while preserving the center of mass. The genetic algorithm evolves populations of robot positions over time, with each robot's position being a gene. The cost function to be minimized incorporates the total potential energy and a penalty term to maintain the constant center of mass constraint. Formulate an expression for the swarm's average potential energy, $\langle U_{total} \rangle$, after $t$ generations of the Genetic Algorithm, assuming the selection, crossover, and mutation operators are defined such that the center of mass is conserved at each step, and the potential field is given by $U(\vec{r}) = A(x^2 + y^2)$, where $A$ is a constant.</question>

3.  <question>Consider $N$ robots forming a swarm, each equipped with sensors that allow them to estimate the density of a resource field $\rho(\vec{r})$ at their current location $\vec{r}$. The robots employ a leader-follower strategy to navigate through the environment. The leader moves towards the region of highest resource density, while followers maintain a formation around the leader. The swarm aims to maximize the average resource intake rate, which depends on the robots' speed and the resource density at their location. Formulate a mathematical expression for the optimal swarm formation that maximizes the total resource intake rate, given that the resource density is described by a Gaussian distribution, $\rho(\vec{r}) = \rho_0 e^{-\frac{(\vec{r}-\vec{r}_c)^2}{2\sigma^2}}$, where $\vec{r}_c$ is the center of the distribution and $\sigma$ is the standard deviation. Assume the robots use Thin-Plate Splines to coordinate their relative positions around the leader to minimize energy expenditure, where the energy consumption is proportional to the squared distance between the current and desired positions.</question>

4.  <question>A swarm of $N$ robots is tasked with exploring an unknown 2D environment. The robots use a Genetic Algorithm to optimize their exploration strategy, with the fitness function being the area covered by the swarm within a given time $T$. Each robot's trajectory is represented as a sequence of waypoints, and the Genetic Algorithm evolves populations of these waypoint sequences. Considering that each robot consumes energy at a rate proportional to the square of its velocity, and the robots must return to their starting point at time $T$, derive an expression for the optimal distribution of the total energy budget $E_{total}$ among the $N$ robots that maximizes the explored area, taking into account the constraint that the total energy consumed by the swarm must equal $E_{total}$. Express your answer in terms of the robot trajectories $\vec{r}_i(t)$ obtained from the Genetic Algorithm after convergence, and the environment's characteristics are unknown a priori.</question>

5.  <question>A swarm of $N$ robots is performing a cooperative manipulation task. The robots are connected by virtual springs, forming a deformable structure. The goal is to move an object of mass $M$ along a desired trajectory $\vec{R}(t)$. The robots use a leader-follower approach, with the leader applying a force $\vec{F}_L(t)$ to the object. The followers adjust their positions to maintain the structure's integrity and minimize the total potential energy of the virtual springs. Formulate an expression for the control force applied by each follower, $\vec{F}_i(t)$, such that the object follows the desired trajectory $\vec{R}(t)$ while minimizing the energy consumption of the swarm. Assume the system is subject to a drag force proportional to the object's velocity, and use the concept of the center of mass to relate the individual robot forces to the overall motion of the object.</question>
=== Turn 0: Critic feedback ===
Here's a critique of the provided questions, focusing on the specified guidelines:

---

**Question 1 Critique:**

1.  **Input Format:** OK.
2.  **Mathematical Structure:** **Needs Improvement.** The setup introduces Thin-Plate Splines (TPS) and their gradient but doesn't rigorously define how they are used to calculate the "control force" from "minimizing the error between desired and actual relative positions." It's vague how the TPS interpolation of "desired formation geometry" (what are the data points being interpolated?) relates to a control force proportional to its gradient. This makes the problem analytically intractable as stated.
3.  **Solvable Target:** **Fails.** The instruction states "Questions must not be proves or derivations." The question asks to "derive an expression."
4.  **Single Output:** OK.
5.  **Concise and Relevant:** **Needs Improvement.** "Limited energy supply $E_i$" is mentioned but not used as a constraint or variable in the final expression, making it irrelevant. The core definitions of how TPS links to the control law are missing.
6.  **Originality:** High.
7.  **Multi-Step Reasoning:** If solvable, it would require multiple steps, but the initial mathematical link is too weak.
8.  **Solution Formatting:** OK (for the question itself).
9.  **Language and Notation:** **Needs Improvement.** The connection between "Thin-Plate Spline interpolation technique to model the desired formation geometry" and "control force is proportional to the gradient of the Thin-Plate Spline interpolant" is not mathematically rigorous enough to define the control law.
10. **Single Part:** OK.
11. **No solutions:** OK.
12. **No numeric approximations:** OK.

**Actionable Feedback for Q1:**
*   **Replace "derive"**: Change "derive an expression" to "Formulate an expression" or "Determine an expression."
*   **Define Control Law Rigorously**: Explicitly state how the control force is defined using the TPS. For example: "The control force for follower $i$, $\vec{F}_i$, is given by $\vec{F}_i = -k \nabla S(\vec{r}_i - \vec{r}_{L, desired})$, where $S(\vec{x})$ is a Thin-Plate Spline interpolant of a potential field defined by the desired formation, and $k$ is a constant." Or, clarify what specific points the TPS interpolates and how that directly translates into forces.
*   **Remove Irrelevant Information**: Delete "Assuming each robot has a limited energy supply $E_i$" if it's not used.

---

**Question 2 Critique:**

1.  **Input Format:** OK.
2.  **Mathematical Structure:** **Fails.** The use of a "Genetic Algorithm" (GA) for optimization means the "average potential energy after $t$ generations" cannot be expressed as a closed-form symbolic result using "traditional mathematical methods." GAs are stochastic, computational heuristics; their exact state after $t$ generations is not analytically determinable.
3.  **Solvable Target:** **Fails.** Asking for an analytical expression for the outcome of a Genetic Algorithm is not a solvable target via traditional mathematical methods.
4.  **Single Output:** OK (if it were solvable).
5.  **Concise and Relevant:** The description of GA operators is relevant to the GA, but the GA itself is the problem.
6.  **Originality:** Unique, but analytically unsolvable.
7.  **Multi-Step Reasoning:** The reasoning pathway relies on a computational algorithm, not analytical steps.
8.  **Solution Formatting:** OK.
9.  **Language and Notation:** OK, but the fundamental premise is flawed for an analytical question.
10. **Single Part:** OK.
11. **No solutions:** OK.
12. **No numeric approximations. Do not rely on computational tools - use traditional mathematical methods.** **Fails.** This guideline is directly violated by the reliance on a Genetic Algorithm.

**Actionable Feedback for Q2:**
*   **Remove Genetic Algorithm**: Replace the GA with a deterministic, analytically tractable optimization method (e.g., gradient descent, or an explicit control law that achieves the objective).
*   **Reframe the Target**: Instead of "average potential energy after $t$ generations," ask for the equilibrium configuration, the steady-state energy, or an expression for the *rate of change* of energy under a deterministic control law.

---

**Question 3 Critique:**

1.  **Input Format:** OK.
2.  **Mathematical Structure:** **Needs Improvement.** The question sets up two potentially conflicting objectives: "maximize the average resource intake rate" AND "minimize energy expenditure... using Thin-Plate Splines." Without a clear weighting or hierarchical prioritization of these objectives, the "optimal swarm formation" is not uniquely defined.
3.  **Solvable Target:** OK (if objectives are clarified).
4.  **Single Output:** **Needs Improvement.** "Optimal swarm formation" is vague. Clarify if it refers to a set of $N$ position vectors $\{\vec{r}_i\}$ or relative positions $\{\vec{r}_i - \vec{r}_L\}$, or a function describing the formation.
5.  **Concise and Relevant:** The dual objectives are confusing.
6.  **Originality:** High.
7.  **Multi-Step Reasoning:** Yes.
8.  **Solution Formatting:** OK.
9.  **Language and Notation:** **Needs Improvement.** "Optimal swarm formation" needs precise definition of the expected mathematical form.
10. **Single Part:** **Needs Improvement.** Due to the ambiguity of objectives, it could imply multiple solutions or interpretations.
11. **No solutions:** OK.
12. **No numeric approximations:** OK.

**Actionable Feedback for Q3:**
*   **Clarify Objective Function**: Combine the two objectives into a single, clear objective function. For example:
    *   **Option A (Weighted):** "Formulate an expression for the optimal swarm formation that maximizes a weighted sum of the total resource intake rate and the negative of the energy expenditure..."
    *   **Option B (Hierarchical):** "Assuming the robots maintain relative positions defined by Thin-Plate Splines to minimize energy expenditure, formulate a mathematical expression for the swarm formation that then maximizes the total resource intake rate given this coordination mechanism."
*   **Specify Output Format**: Clearly state what mathematical entity is expected for the "optimal swarm formation" (e.g., "the set of optimal relative positions $\{\vec{r}_i - \vec{r}_L\}$").

---

**Question 4 Critique:**

1.  **Input Format:** OK.
2.  **Mathematical Structure:** **Fails.** Similar to Q2, the reliance on a "Genetic Algorithm" to find optimal trajectories in an "unknown 2D environment" makes it impossible to derive an analytical, symbolic expression for the "optimal distribution of total energy budget" using "traditional mathematical methods." The explored area cannot be analytically maximized if the environment is unknown.
3.  **Solvable Target:** **Fails.** Asking for an analytical expression based on the outcome of a GA in an unknown environment is not a solvable target by traditional methods. "Derive" is also forbidden.
4.  **Single Output:** OK (if solvable).
5.  **Concise and Relevant:** The core premise (GA, unknown environment) renders it unsolvable analytically.
6.  **Originality:** Unique, but analytically unsolvable.
7.  **Multi-Step Reasoning:** The reasoning pathway relies on a computational algorithm.
8.  **Solution Formatting:** OK.
9.  **Language and Notation:** OK, but the fundamental premise is flawed for an analytical question.
10. **Single Part:** OK.
11. **No solutions:** OK.
12. **No numeric approximations. Do not rely on computational tools - use traditional mathematical methods.** **Fails.** This guideline is directly violated.

**Actionable Feedback for Q4:**
*   **Replace "derive"**: Change to "Formulate" or "Determine."
*   **Remove Genetic Algorithm and "Unknown Environment"**: To make this analytically solvable, you must remove the GA and either define the environment analytically (e.g., a simple geometric space) or define the properties of the "optimal" trajectories without relying on a GA. For instance, "Assuming the optimal trajectories $\vec{r}_i(t)$ maximize a given analytical area coverage function, formulate an expression for the optimal energy distribution..." This would require a very specific analytical definition of "explored area."

---

**Question 5 Critique:**

1.  **Input Format:** OK.
2.  **Mathematical Structure:** **Needs Improvement.** The question sets up two distinct minimization objectives: "minimize the total potential energy of the virtual springs" AND "minimizing the energy consumption of the swarm." Without a clear weighting, a hierarchical structure, or an explicit combination into a single cost function, the "control force" is not uniquely defined as "optimal."
3.  **Solvable Target:** OK (if objectives are clarified).
4.  **Single Output:** OK (a set of N force expressions).
5.  **Concise and Relevant:** The multiple objectives are confusing. The role of the "leader applying a force $\vec{F}_L(t)$" needs clarification. Is $\vec{F}_L(t)$ a given input? Or is the leader also a robot whose force is part of the optimization?
6.  **Originality:** High.
7.  **Multi-Step Reasoning:** Yes.
8.  **Solution Formatting:** OK.
9.  **Language and Notation:** OK.
10. **Single Part:** **Needs Improvement.** Due to ambiguity in objectives.
11. **No solutions:** OK.
12. **No numeric approximations:** OK.

**Actionable Feedback for Q5:**
*   **Clarify or Combine Objectives**: Explicitly define how the two minimization objectives are reconciled.
    *   **Option A (Single Weighted Objective):** "Formulate an expression for the control force applied by each follower, $\vec{F}_i(t)$, that minimizes a cost function $J = w_1 (\text{swarm energy consumption}) + w_2 (\text{total potential energy of virtual springs})$, such that the object follows the desired trajectory $\vec{R}(t)$."
    *   **Option B (Hierarchical):** "Formulate an expression for the control force applied by each follower, $\vec{F}_i(t)$, such that the object follows the desired trajectory $\vec{R}(t)$, while minimizing the energy consumption of the swarm, *subject to the constraint* that the total potential energy of the virtual springs is minimized or kept below a certain threshold."
*   **Clarify Leader's Role**: Specify whether $\vec{F}_L(t)$ is a given, external input, or if the leader is also an agent within the swarm whose force is part of the overall optimization and energy consumption.
=== Turn 1: Author refines questions ===
Here's an improved set of questions, addressing the feedback provided, and adhering to the given guidelines:

1.  <question>Consider a swarm of $N$ robots moving in a two-dimensional plane, governed by a leader-follower approach. The leader's position is given by $\vec{r}_L(t)$, and each follower $i$ aims to maintain a formation defined by a desired distance $d_i$ from the leader and a relative angle $\theta_i$. The actual position of the $i$-th follower is $\vec{r}_i(t)$.  Let $\vec{r}_{L,i,desired} = d_i (\cos(\theta_i), \sin(\theta_i))$ be the desired relative position of follower *i* with respect to the leader. The control force for follower $i$, $\vec{F}_i$, is given by $\vec{F}_i = -k \nabla S(\vec{r}_i - \vec{r}_L(t) - \vec{r}_{L,i,desired})$, where $S(\vec{x})$ is a Thin-Plate Spline interpolant of a potential field defined by the desired formation locations, and $k$ is a constant. The energy consumption rate is proportional to the square of the control force applied. Determine an expression for the total energy consumed by the swarm as a function of time, $E_{total}(t)$, given that the leader's trajectory is a circle of radius $R$ with angular velocity $\omega$. Express your answer using the Thin-Plate Spline interpolation technique to model the desired formation geometry, where the radial basis function is given by $r^2 \log(r)$.</question>

2.  <question>A swarm of $N$ robots operates in a potential field $U(\vec{r}) = A(x^2 + y^2)$, where $\vec{r}$ represents the position in a 2D space and $A$ is a constant. The robots are programmed to perform dynamic swarm reformation while maintaining a constant center of mass, $\vec{R}_{CM}$. The total potential energy of the swarm is given by $U_{total} = \sum_{i=1}^{N} U(\vec{r}_i)$, where $\vec{r}_i$ is the position of the $i$-th robot. The robots redistribute themselves based on a control law that minimizes the time derivative of the potential energy while strictly enforcing the center of mass constraint using Lagrange multipliers.  Specifically, the velocity of each robot is given by $\dot{\vec{r}}_i = -\nabla U(\vec{r}_i) + \lambda \vec{I}$, where $\vec{I}$ is a vector that ensures the center of mass constraint is satisfied, and $\lambda$ is a Lagrange multiplier. Determine an expression for the swarm's average potential energy, $\langle U_{total} \rangle$, as a function of time, assuming the initial positions of the robots are given.</question>

3.  <question>Consider $N$ robots forming a swarm, each equipped with sensors that allow them to estimate the density of a resource field $\rho(\vec{r})$ at their current location $\vec{r}$. The robots employ a leader-follower strategy to navigate through the environment. The leader moves towards the region of highest resource density, while followers maintain a formation around the leader. The swarm aims to maximize a weighted sum of the average resource intake rate and the negative of the energy expenditure, where the resource intake rate depends on the robots' speed and the resource density at their location. Let the objective function be $J = w_1 \sum_{i=1}^N \rho(\vec{r}_i) |\vec{v}_i| - w_2 \sum_{i=1}^N |\vec{r}_i - \vec{r}_{i,desired}|^2$, where $w_1$ and $w_2$ are weighting constants. Assume the robots use Thin-Plate Splines to coordinate their relative positions around the leader to minimize energy expenditure, using a radial basis function of $r^2\log(r)$. Formulate an expression for the set of optimal relative positions $\{\vec{r}_i - \vec{r}_L\}$, where $\vec{r}_L$ is the leader's position, that maximizes the objective function $J$, given that the resource density is described by a Gaussian distribution, $\rho(\vec{r}) = \rho_0 e^{-\frac{(\vec{r}-\vec{r}_c)^2}{2\sigma^2}}$, where $\vec{r}_c$ is the center of the distribution and $\sigma$ is the standard deviation.</question>

4.  <question>A swarm of $N$ robots is tasked with exploring a 2D environment defined by a circular region of radius $A$. Assume the optimal trajectories for each robot, $\vec{r}_i(t)$, are straight lines from the origin to a point on the circumference and back to the origin within a time $T$. Each robot consumes energy at a rate proportional to the square of its velocity, and the robots must return to their starting point at time $T$. Formulate an expression for the optimal distribution of the total energy budget $E_{total}$ among the $N$ robots that maximizes the explored area, taking into account the constraint that the total energy consumed by the swarm must equal $E_{total}$. Express your answer in terms of the distances traveled by each robot and the angular separation between their final positions on the circumference.</question>

5.  <question>A swarm of $N$ robots is performing a cooperative manipulation task. The robots are connected by virtual springs, forming a deformable structure. The goal is to move an object of mass $M$ along a desired trajectory $\vec{R}(t)$. The robots use a leader-follower approach, with the leader applying a force $\vec{F}_L(t)$ to the object. The followers adjust their positions to maintain the structure's integrity and minimize a cost function that combines the total potential energy of the virtual springs *and* the energy consumption of the swarm. The cost function is given by $J = w_1 U_{springs} + w_2 E_{consumption}$, where $U_{springs} = \frac{1}{2} \sum_{i=1}^{N-1} k_i |\vec{r}_{i+1} - \vec{r}_i|^2$ is the total potential energy of the virtual springs, $E_{consumption} = \frac{1}{2} \sum_{i=1}^{N} m_i |\dot{\vec{r}}_i|^2$ is the total kinetic energy of the swarm (representing energy consumption), and $w_1$ and $w_2$ are weighting constants. The position of robot *i* is $\vec{r}_i$, and the spring constant between robots *i* and *i+1* is *k\_i*. Assume the leader's force is a known external input, $\vec{F}_L(t)$. Formulate an expression for the control force applied by each follower, $\vec{F}_i(t)$, such that the object follows the desired trajectory $\vec{R}(t)$ while minimizing the cost function $J$. Assume the system is subject to a drag force proportional to the object's velocity, and use the concept of the center of mass to relate the individual robot forces to the overall motion of the object.</question>
=== Turn 1: Critic feedback ===
Here's a critique of the provided questions:

---

**Question 1 Critique:**

*   **Overall Assessment:** The question introduces complex concepts but lacks the necessary mathematical rigor to be solvable. The definition of the Thin-Plate Spline (TPS) function is incomplete.
*   **Violations/Areas for Improvement:**
    *   **G2 (Mathematical Structure):** The TPS interpolant $S(\vec{x})$ is not sufficiently defined. A TPS interpolates known values at specific data points. The problem states it's "of a potential field defined by the desired formation locations," but does not specify the *values* of this potential field at any points, making $S(\vec{x})$ and its gradient undeterminable.
    *   **G3 (Solvable Target):** As $S(\vec{x})$ cannot be explicitly constructed without defined interpolation points and values, the control force $\vec{F}_i$ and thus the total energy $E_{total}(t)$ cannot be determined symbolically.
    *   **G9 (Language and Notation):** "Thin-Plate Spline interpolant of a potential field defined by the desired formation locations" is not a rigorous definition for constructing the function $S(\vec{x})$.
*   **Actionable Advice:**
    *   **Clarify $S(\vec{x})$:** Explicitly define the data points and their corresponding values (e.g., potential values of $0$ at desired formation locations, or other specified values at specific control points) that the Thin-Plate Spline interpolates. This allows for the unique construction of $S(\vec{x})$ and computation of its gradient.

---

**Question 2 Critique:**

*   **Overall Assessment:** The problem has a solvable core but uses a non-standard and ill-defined term for the Lagrange multiplier, preventing immediate solvability.
*   **Violations/Areas for Improvement:**
    *   **G2 (Mathematical Structure):** The term "$\lambda \vec{I}$, where $\vec{I}$ is a vector that ensures the center of mass constraint is satisfied" is ill-defined. In standard Lagrange multiplier formulations for vector constraints, $\vec{I}$ would typically be a specific partial derivative (e.g., $\frac{\partial C}{\partial \vec{r}_i}$), or $\lambda$ itself would be a vector multiplier.
    *   **G9 (Language and Notation):** The definition of $\vec{I}$ is ambiguous and non-rigorous.
    *   **G10 (No Multiple Parts):** While not explicitly multiple parts, the phrase "average potential energy, $\langle U_{total} \rangle$" can be ambiguous. It typically means $U_{total}/N$ (average per robot) or a time average. Given "as a function of time," it most likely means $U_{total}(t)/N$. This should be clarified to ensure a single, unambiguous target.
*   **Actionable Advice:**
    *   **Redefine Lagrange Multiplier Term:** Replace "$\lambda \vec{I}$" with a standard and explicit representation for the Lagrange multiplier, e.g., $\dot{\vec{r}}_i = -\nabla U(\vec{r}_i) + \vec{\lambda}$, and then state how $\vec{\lambda}$ is determined by the constraint $\sum \dot{\vec{r}}_i = \vec{0}$. (For this specific problem, $\vec{\lambda}$ would be $\frac{1}{N} \sum_j \nabla U(\vec{r}_j)$).
    *   **Clarify "average potential energy":** Specify if $\langle U_{total} \rangle$ means $U_{total}/N$ or a time average, to ensure a unique answer.

---

**Question 3 Critique:**

*   **Overall Assessment:** This question attempts to combine several concepts but suffers from an ill-defined objective function and an unclear role for Thin-Plate Splines.
*   **Violations/Areas for Improvement:**
    *   **G2 (Mathematical Structure):**
        *   The objective function $J = w_1 \sum \rho(\vec{r}_i) |\vec{v}_i| - w_2 \sum |\vec{r}_i - \vec{r}_{i,desired}|^2$ is problematic for maximization. The first term depends on $|\vec{v}_i|$, which would tend to infinity without a velocity constraint, making the problem unbounded.
        *   The energy expenditure is ambiguously defined. It's stated as "proportional to the robots' speed and the resource density," but then the term $w_2 \sum |\vec{r}_i - \vec{r}_{i,desired}|^2$ is used, which is a positional error, not a typical energy consumption based on speed or force.
        *   The role of Thin-Plate Splines is mentioned ("robots use Thin-Plate Splines to coordinate... to minimize energy expenditure") but is not mathematically integrated into the objective function or constraints. It appears as an extraneous detail.
    *   **G3 (Solvable Target):** Due to the issues above (unbounded velocity term, unclear energy definition, disconnect from TPS), the problem is not solvable for "optimal relative positions."
    *   **G5 (Concise and Relevant):** The TPS mention is confusing and irrelevant unless its role is clearly defined within the objective function or optimization process.
    *   **G9 (Language and Notation):** The description of energy expenditure and the role of TPS lack mathematical rigor.
*   **Actionable Advice:**
    *   **Redefine Objective Function & Energy:** Clearly define the energy expenditure term (e.g., $w_2 \sum |\vec{v}_i|^2$ or $w_2 \sum |\dot{\vec{F}}_i|^2$). If the objective is to maximize resource intake *for a given energy budget*, or *subject to speed limits*, state that explicitly.
    *   **Integrate TPS:** If TPS is essential, define how it contributes to the objective function (e.g., if $\vec{r}_{i,desired}$ are positions determined by TPS interpolation, or if the energy cost is derived from a TPS potential field). Otherwise, remove the TPS mention.
    *   **Clarify Optimization:** Clearly state what variables are being optimized (e.g., positions, velocities, control parameters) and any constraints.

---

**Question 4 Critique:**

*   **Overall Assessment:** The problem's objective function ("explored area") is ill-defined, preventing a clear formulation of the optimization problem.
*   **Violations/Areas for Improvement:**
    *   **G2 (Mathematical Structure):** The term "explored area" is ambiguous. For robots moving along radial lines, it could mean the total length of paths, the area of a polygon connecting endpoint on the circumference to the origin, or something else entirely. Without a precise definition, the objective function to be maximized cannot be formulated.
    *   **G3 (Solvable Target):** The ambiguity of "explored area" makes the problem unsolvable.
    *   **G9 (Language and Notation):** "Explored area" and "angular separation between their final positions" need a rigorous mathematical definition in the context of the given trajectories.
*   **Actionable Advice:**
    *   **Define "explored area" explicitly:** Specify the exact mathematical formula for the "explored area" that needs to be maximized. For example, "the area of the polygon formed by connecting the origin to each robot's final position on the circumference, and then connecting these positions sequentially."
    *   **Clarify requested output:** "Formulate an expression for the optimal distribution of the total energy budget $E_{total}$ among the $N$ robots... Express your answer in terms of the distances traveled by each robot and the angular separation..." is slightly circular. It would be clearer to ask for the optimal values of $E_i$ (or equivalent parameters like $R_i$) directly.

---

**Question 5 Critique:**

*   **Overall Assessment:** This question suffers from multiple severe ambiguities regarding the system's definition, the nature of forces, and the method of optimization.
*   **Violations/Areas for Improvement:**
    *   **G2 (Mathematical Structure):**
        *   **Object/Swarm Relationship:** It's unclear if the swarm *is* the object of mass $M$ or if it's manipulating a *separate* object. This fundamentally changes the dynamics and mass properties.
        *   **Control Force Meaning:** The "control force applied by each follower, $\vec{F}_i(t)$" is ambiguous. Is it the force applied by robot $i$ to itself to move, or the force robot $i$ exerts on the "object"?
        *   **Cost Function Minimization:** The cost function $J$ is instantaneous ($J = w_1 U_{springs} + w_2 E_{consumption}$). Minimizing an instantaneous cost function to derive time-varying forces (which depend on accelerations, not just positions/velocities) is not standard optimal control. Typically, an integral of $J$ over time would be minimized, or $J$ would be a Lagrangian.
        *   **Leader's Force:** How $\vec{F}_L(t)$ (applied "to the object") integrates with follower forces to move the object, given the constraint that "the object follows the desired trajectory $\vec{R}(t)$," is unclear.
    *   **G3 (Solvable Target):** Due to the pervasive ambiguities, the problem is not solvable in its current form for a single symbolic expression without making major, unstated assumptions. It resembles a complex optimal control problem.
    *   **G9 (Language and Notation):** Lack of rigor in defining system components, forces, and optimization principle.
*   **Actionable Advice:**
    *   **Clarify System Definition:** Explicitly state if the swarm constitutes the object being moved (i.e., $M = \sum m_i$ and $\vec{R}_{CM} = \vec{R}(t)$) or if it's manipulating a separate object.
    *   **Define Control Forces:** Clearly specify the role and application point of $\vec{F}_i(t)$ (e.g., force on robot $i$, or force exerted by robot $i$ on the common object).
    *   **Specify Optimization Principle:** State how $J$ is to be minimized over time to derive the forces. E.g., "minimize the integral of $J$ over time using variational calculus," or "determine $\vec{F}_i(t)$ that satisfy the trajectory constraint while minimizing $J$ instantaneously under quasi-static conditions."
    *   **Clarify Drag Force:** Specify if drag acts on individual robots or the object's center of mass.
=== Turn 2: Author refines questions ===
Okay, here's an improved set of physics questions based on the feedback provided. Each question aims to address the noted weaknesses by clarifying definitions, refining mathematical structures, and ensuring solvability within a reasonable scope.

1.  <question>A swarm of $N$ robots moves in a two-dimensional plane using a leader-follower strategy. The leader's position is given by $\vec{r}_L(t)$, following a circular trajectory of radius $R$ with constant angular velocity $\omega$, i.e., $\vec{r}_L(t) = R(\cos(\omega t), \sin(\omega t))$. Each follower $i$ attempts to maintain a formation defined by a desired relative position $\vec{r}_{L,i,desired} = d_i (\cos(\theta_i), \sin(\theta_i))$ with respect to the leader, where $d_i$ is the desired distance and $\theta_i$ the desired angle. A potential field is defined such that $U(\vec{r}) = \frac{1}{2} k |\vec{r}|^2$, where $k$ is a positive constant.  The Thin-Plate Spline interpolant $S(\vec{x})$ is constructed such that $S(\vec{r}_{L,i,desired}) = U(\vec{r}_{L,i,desired})$ for all $i$, using the radial basis function $r^2 \log(r)$. The control force for follower $i$ is given by $\vec{F}_i = - \nabla S(\vec{r}_i - \vec{r}_L(t))$. Assuming the robots move at low speeds where inertial forces are negligible, the energy consumption rate is approximated by $P_i = \eta |\vec{F}_i|^2$, where $\eta$ is a constant.  Determine an expression for the *average* total energy consumption rate of the swarm over one period of the leader's trajectory, $\langle P_{total} \rangle = \frac{1}{T} \int_0^T \sum_{i=1}^N P_i(t) dt$, where $T = 2\pi/\omega$. You do not need to explicitly calculate the TPS coefficients; leave your answer in terms of $S(\vec{x})$.</question>

2.  <question>A swarm of $N$ robots operates in a potential field $U(\vec{r}) = A(x^2 + y^2)$, where $\vec{r} = (x, y)$ represents the position in a 2D space, and $A$ is a constant. The swarm is programmed to perform dynamic reformation while strictly maintaining a constant center of mass, $\vec{R}_{CM} = \frac{1}{N} \sum_{i=1}^{N} \vec{r}_i(t) = \vec{0}$ (initially at the origin). The velocity of each robot is governed by the equation $\dot{\vec{r}}_i = -\nabla U(\vec{r}_i) + \vec{\lambda}$, where $\vec{\lambda}$ is a Lagrange multiplier vector chosen to enforce the center of mass constraint.  Specifically, $\vec{\lambda}$ is chosen such that $\sum_{i=1}^N \dot{\vec{r}}_i = \vec{0}$ for all time. Given the initial positions of the robots, $\vec{r}_i(0)$, determine an expression for the *per-robot average* potential energy of the swarm as a function of time, $\langle U(t) \rangle = \frac{1}{N} \sum_{i=1}^N U(\vec{r}_i(t))$. Show how $\vec{\lambda}$ is derived to ensure the center of mass constraint is satisfied. </question>

3.  <question>Consider $N$ robots forming a swarm, each equipped with sensors that allow them to estimate the density of a resource field $\rho(\vec{r})$ at their current location $\vec{r}$. The resource density is given by a Gaussian distribution, $\rho(\vec{r}) = \rho_0 e^{-\frac{(\vec{r}-\vec{r}_c)^2}{2\sigma^2}}$, where $\vec{r}_c$ is the center of the distribution and $\sigma$ is the standard deviation. The robots employ a leader-follower strategy. The leader moves towards the region of highest resource density, while followers maintain a formation around the leader. The objective is to maximize the total resource intake rate of the swarm *subject to a constraint on the total kinetic energy*.  Specifically, maximize $J = \sum_{i=1}^N \rho(\vec{r}_i)  $ subject to $\sum_{i=1}^N \frac{1}{2}m |\vec{v}_i|^2 = E_{budget}$, where $E_{budget}$ is a fixed total kinetic energy budget for the swarm, $m$ is the mass of each robot, and $\vec{v}_i$ is the velocity of robot *i*.  Assume the robots can instantaneously adjust their velocities. Using Lagrange multipliers, formulate an expression for the optimal velocity of each robot, $\vec{v}_i^*$, that maximizes the objective function $J$ subject to the energy constraint. Express your answer in terms of $\rho(\vec{r}_i)$, $\vec{r}_i$, and $E_{budget}$.</question>

4.  <question>A swarm of $N$ robots is tasked with exploring a 2D environment defined by a circular region of radius $A$. Each robot starts at the origin and moves along a radial line to a point on the circumference and back to the origin within a fixed time $T$. The robots must return to their starting point at time $T$. The distance traveled by robot *i* is $2R_i$, where $R_i$ is the radial distance to its endpoint on the circumference. Each robot consumes energy at a rate proportional to the square of its velocity. Define the "explored area" as the area of the polygon formed by connecting the origin to each robot's endpoint on the circumference, and then connecting these endpoints sequentially. Given a total energy budget $E_{total}$, formulate an expression for the values of $R_i$ that maximize the explored area, subject to the constraint that the total energy consumed by the swarm equals $E_{total}$. You may assume uniform angular separation between adjacent robots on the circumference.  Express your answer in terms of $E_{total}$, $T$, and any relevant constants.</question>

5.  <question>A swarm of $N$ robots is performing a cooperative manipulation task, acting *as* a deformable object of total mass $M = \sum_{i=1}^N m_i$. The robots are connected by virtual springs, forming a deformable structure. The goal is to move the *swarm's* center of mass, $\vec{R}_{CM}(t) = \frac{1}{M} \sum_{i=1}^N m_i \vec{r}_i(t)$, along a desired trajectory $\vec{R}(t)$.  The robots apply forces to themselves to achieve this. A desired force, $\vec{F}_{des}(t) = M\ddot{\vec{R}}(t) + b\dot{\vec{R}}(t)$, is required to move the center of mass along $\vec{R}(t)$ against a drag force proportional to the object's velocity (drag coefficient *b*). The robots minimize the *instantaneous* cost function $J = w_1 U_{springs} + w_2 E_{consumption}$, where $U_{springs} = \frac{1}{2} \sum_{i=1}^{N-1} k_i |\vec{r}_{i+1} - \vec{r}_i|^2$ is the total potential energy of the virtual springs, $E_{consumption} = \frac{1}{2} \sum_{i=1}^{N} m_i |\dot{\vec{r}}_i|^2$ is the total kinetic energy of the swarm, and $w_1$ and $w_2$ are weighting constants.  The goal is to determine the forces applied by the robots on themselves to achieve the desired net force $\vec{F}_{des}(t)$ while minimizing J. Assuming the system is in a quasi-static state (i.e., accelerations are small), formulate an expression for the force $\vec{F}_i$ applied by each robot *i* on itself such that $\sum_{i=1}^N \vec{F}_i = \vec{F}_{des}(t)$ and $J$ is minimized. (Note that $\vec{F}_i = m_i \ddot{\vec{r}}_i$, and since we are quasi-static, we are essentially minimizing the sum of squared forces.)</question>
=== Final questions generated ===
