=== Turn 0: Author generates questions ===
```
<question>
Consider a system of interacting spins described by the Sherrington-Kirkpatrick (SK) model at a temperature $T$. The Hamiltonian of the system is given by $$\mathcal{H} = -\sum_{i<j} J_{ij} S_i S_j$$, where $S_i = \pm 1$ are the spins and $J_{ij}$ are random couplings drawn from a Gaussian distribution with zero mean and variance $\frac{J^2}{N}$, where $N$ is the number of spins. Assuming replica symmetry breaking (RSB) holds at a certain temperature, the Parisi solution describes the order parameter $q_{\alpha \beta}$ as a function $q(x)$, where $x$ ranges from 0 to 1. Assume a simple one-step replica symmetry breaking (1-RSB) scheme, where $q(x) = q_0$ for $0 < x < m$ and $q(x) = q_1$ for $m < x < 1$. Given that the temperature $T$ is such that $q_0 = 0.2$, $q_1 = 0.8$, and $m = 0.5$, what is the average value of the squared order parameter, $\langle q_{\alpha \beta}^2 \rangle$, where the average is taken over all pairs of replicas $(\alpha, \beta)$?
</question>

<question>
Consider a relaxor ferroelectric material exhibiting ultrametricity in its energy landscape. Assume that the system can be represented by a hierarchical tree structure, where each level represents a different length scale of correlated regions. At the top level (level 0), the system is divided into $N$ clusters. Each of these clusters is further divided into $N$ sub-clusters at level 1, and so on. Let the energy barrier separating states at level $k$ be given by $E_k = k \cdot E_0$, where $E_0$ is a characteristic energy scale. Suppose the system starts in a configuration at level 0. Assuming that the system has been blocked in a given level after $t_0$ is proportional to the Boltzmann factor $exp(E_k/k_B T)$, such that the system takes $t_0 = 1 \cdot 10^{-9} s$ to explore its configuration when at level 0. If $E_0 = 0.01 \, \mathrm{eV}$, $k_B = 8.617 \times 10^{-5} \, \mathrm{eV/K}$, and the temperature is $T = 100 \, \mathrm{K}$, calculate the time it would take to escape level 2, assuming that the system's dynamics at each level is dominated by thermal activation over the corresponding energy barrier.
</question>

<question>
In the context of non-self-averaging systems, consider an SK model with $N$ spins. Assume that the free energy $F$ of a particular sample (i.e., a particular realization of the random couplings $J_{ij}$) fluctuates from sample to sample. The variance of the free energy, denoted as $\text{Var}(F)$, is a measure of the non-self-averaging behavior. Suppose that for a large system size $N$, the variance scales as $\text{Var}(F) \propto N^{\theta}$, where $\theta$ is a non-self-averaging exponent. Furthermore, assume that at a certain temperature $T$ and a specific magnetic field, the variance is observed to be $5 \cdot 10^{-3} \, \mathrm{J^2}$ for a system with $N = 10^4$ spins, and $2 \cdot 10^{-2} \, \mathrm{J^2}$ for a system with $N = 4 \cdot 10^4$ spins. Estimate the value of the non-self-averaging exponent $\theta$.
</question>
```
=== Turn 0: Critic feedback ===
Here's a critique of each question against your guidelines, along with actionable feedback for improvement:

---

### **Question 1 Critique:**

```
<question>
Consider a system of interacting spins described by the Sherrington-Kirkpatrick (SK) model at a temperature $T$. The Hamiltonian of the system is given by $$\mathcal{H} = -\sum_{i<j} J_{ij} S_i S_j$$, where $S_i = \pm 1$ are the spins and $J_{ij}$ are random couplings drawn from a Gaussian distribution with zero mean and variance $\frac{J^2}{N}$, where $N$ is the number of spins. Assuming replica symmetry breaking (RSB) holds at a certain temperature, the Parisi solution describes the order parameter $q_{\alpha \beta}$ as a function $q(x)$, where $x$ ranges from 0 to 1. Assume a simple one-step replica symmetry breaking (1-RSB) scheme, where $q(x) = q_0$ for $0 < x < m$ and $q(x) = q_1$ for $m < x < 1$. Given that the temperature $T$ is such that $q_0 = 0.2$, $q_1 = 0.8$, and $m = 0.5$, what is the average value of the squared order parameter, $\langle q_{\alpha \beta}^2 \rangle$, where the average is taken over all pairs of replicas $(\alpha, \beta)$?
</question>
```

**Evaluation:**

1.  **Model a Physics Scenario:** Excellent. It models a specific and advanced concept in statistical mechanics (SK model, RSB, Parisi solution).
2.  **Expect answers as symbolic/numerical:** Expects a single numerical value (dimensionless).
3.  **Force Multi-Step Reasoning:** Good. The interpretation of $\langle q_{\alpha \beta}^2 \rangle$ in the context of the Parisi function $q(x)$ is the main conceptual step (it is typically understood as $\int_0^1 q(x)^2 dx$), followed by the calculation using the given piecewise function. This involves conceptual understanding and calculation.
4.  **Be Unique:** Excellent. This is a very specific and novel application of the SK model concepts.
5.  **Single Solution:** Yes, assuming the standard interpretation of $\langle q_{\alpha \beta}^2 \rangle = \int_0^1 q(x)^2 dx$, the solution is unique.
6.  **Use rigorous, concise phrasing:** **Needs improvement.** The sentence "the Parisi solution describes the order parameter $q_{\alpha \beta}$ as a function $q(x)$" is slightly awkward. $q(x)$ *is* the Parisi order parameter function, not a function of $q_{\alpha \beta}$. While advanced students might infer the intended meaning, it could be phrased more precisely. However, given the guideline to avoid ambiguity and hints, clarifying the integral interpretation *could* be seen as a hint. For advanced learners, this might be a known convention.
7.  **All assumptions must be clearly stated, and all variables must be defined:** Yes, all variables are defined.
8.  **Units must be consistent:** All quantities are dimensionless; units are consistent.
9.  **Questions must not be multipart:** Yes, it asks for a single quantity.
10. **Question Formatting:** Excellent. Correct LaTeX syntax for inline and block math.

**Concise, Actionable Feedback:**

*   **Phrasing Clarity:** Rephrase the description of $q(x)$. Instead of "describes the order parameter $q_{\alpha \beta}$ as a function $q(x)$," consider "the Parisi solution introduces a continuous order parameter function $q(x)$ for $x \in [0,1]$ that characterizes the distribution of replica overlaps." Then, for the calculation, it implicitly asks for $\int_0^1 q(x)^2 dx$. If this interpretation needs to be explicit, you might add "(i.e., $\int_0^1 q(x)^2 dx$)". However, this might be considered a hint depending on the target audience's familiarity with the Parisi scheme. For a truly advanced audience, this might be assumed knowledge.

---

### **Question 2 Critique:**

```
<question>
Consider a relaxor ferroelectric material exhibiting ultrametricity in its energy landscape. Assume that the system can be represented by a hierarchical tree structure, where each level represents a different length scale of correlated regions. At the top level (level 0), the system is divided into $N$ clusters. Each of these clusters is further divided into $N$ sub-clusters at level 1, and so on. Let the energy barrier separating states at level $k$ be given by $E_k = k \cdot E_0$, where $E_0$ is a characteristic energy scale. Suppose the system starts in a configuration at level 0. Assuming that the system has been blocked in a given level after $t_0$ is proportional to the Boltzmann factor $exp(E_k/k_B T)$, such that the system takes $t_0 = 1 \cdot 10^{-9} s$ to explore its configuration when at level 0. If $E_0 = 0.01 \, \mathrm{eV}$, $k_B = 8.617 \times 10^{-5} \, \mathrm{eV/K}$, and the temperature is $T = 100 \, \mathrm{K}$, calculate the time it would take to escape level 2, assuming that the system's dynamics at each level is dominated by thermal activation over the corresponding energy barrier.
</question>
```

**Evaluation:**

1.  **Model a Physics Scenario:** Excellent. Very unique and specific, linking relaxor ferroelectrics, ultrametricity, hierarchical structures, and thermal activation.
2.  **Expect answers as symbolic/numerical:** Expects a single numerical value with units ($s$).
3.  **Force Multi-Step Reasoning:** Good. Requires interpreting the relationship between time and energy barriers (Arrhenius law), setting up a ratio or determining the prefactor, and then calculating for the target level.
4.  **Be Unique:** Excellent. Truly novel and conceptually rich.
5.  **Single Solution:** **Needs improvement.** The phrasing leads to ambiguity in the interpretation of the base time $t_0$ and the proportionality, potentially leading to different answers.
6.  **Use rigorous, concise phrasing:** **Needs significant improvement.** This is the weakest point.
    *   "Assuming that the system has been blocked in a given level after $t_0$ is proportional to the Boltzmann factor $exp(E_k/k_B T)$" is grammatically awkward and physically misleading. Time is not directly proportional to the Boltzmann factor in this context; it's typically an exponential (Arrhenius law) $t \propto \exp(E/k_B T)$. This sentence makes the intended relationship unclear.
    *   "such that the system takes $t_0 = 1 \cdot 10^{-9} s$ to explore its configuration when at level 0." This implies $t_0$ is either the *attempt time* (prefactor in Arrhenius law) or the *escape time for level 0*. The current wording implies the latter, but the preceding sentence suggests a direct proportionality, not the standard exponential relation.
7.  **All assumptions must be clearly stated, and all variables must be defined:** Variables are defined, but the crucial relationship between time and energy barrier is ambiguously stated.
8.  **Units must be consistent:** Yes, units are consistent.
9.  **Questions must not be multipart:** Yes, it asks for a single quantity.
10. **Question Formatting:** Excellent. Correct LaTeX syntax.

**Concise, Actionable Feedback:**

*   **Clarify Time-Energy Relationship:** Completely rewrite the problematic sentence: "Assuming that the system has been blocked in a given level after $t_0$ is proportional to the Boltzmann factor $exp(E_k/k_B T)$". This should clearly state an Arrhenius law for escape times.
    *   *Example rephrasing:* "Assume that the time $t_k$ required to escape a configuration at level $k$ is given by an Arrhenius law, $t_k = \tau_0 \exp(E_k / k_B T)$, where $\tau_0$ is a characteristic attempt time. Given that the system takes $t_0 = 1 \cdot 10^{-9} s$ to escape level 0 (i.e., $t_0$ is the escape time for level 0, $t_{escape, 0} = t_0$)..."
    *   *Alternative (if $t_0$ is attempt time):* "...Let the characteristic attempt time be $\tau_0 = 1 \cdot 10^{-9} s$ (representing the time to explore configurations within a level before thermal activation over barriers)..." (This interpretation fits "explore its configuration when at level 0" better). The current phrasing is ambiguous between these two. **Choose one clear interpretation.**

---

### **Question 3 Critique:**

```
<question>
In the context of non-self-averaging systems, consider an SK model with $N$ spins. Assume that the free energy $F$ of a particular sample (i.e., a particular realization of the random couplings $J_{ij}$) fluctuates from sample to sample. The variance of the free energy, denoted as $\text{Var}(F)$, is a measure of the non-self-averaging behavior. Suppose that for a large system size $N$, the variance scales as $\text{Var}(F) \propto N^{\theta}$, where $\theta$ is a non-self-averaging exponent. Furthermore, assume that at a certain temperature $T$ and a specific magnetic field, the variance is observed to be $5 \cdot 10^{-3} \, \mathrm{J^2}$ for a system with $N = 10^4$ spins, and $2 \cdot 10^{-2} \, \mathrm{J^2}$ for a system with $N = 4 \cdot 10^4$ spins. Estimate the value of the non-self-averaging exponent $\theta$.
</question>
```

**Evaluation:**

1.  **Model a Physics Scenario:** Excellent. Addresses a core concept in disordered systems (non-self-averaging, scaling of free energy variance).
2.  **Expect answers as symbolic/numerical:** Expects a single numerical value (dimensionless exponent).
3.  **Force Multi-Step Reasoning:** Excellent. Requires setting up a scaling relationship, using given data points to form equations, and solving for the exponent, typically using logarithms. This is a clear multi-step process.
4.  **Be Unique:** Excellent. This is a very specific and novel problem design.
5.  **Single Solution:** Excellent. The solution for $\theta$ is unique.
6.  **Use rigorous, concise phrasing:** Excellent. The phrasing is clear, professional, and provides all necessary context without hints.
7.  **All assumptions must be clearly stated, and all variables must be defined:** Excellent. All variables and assumptions (scaling law) are clearly stated.
8.  **Units must be consistent:** Excellent. Units of variance are consistent ($\mathrm{J^2}$), and the exponent is dimensionless.
9.  **Questions must not be multipart:** Excellent. It asks for a single quantity.
10. **Question Formatting:** Excellent. Correct LaTeX syntax for inline and block math.

**Concise, Actionable Feedback:**

*   **No significant improvements needed.** This question is very well-structured and meets all guidelines effectively.
=== Turn 1: Author refines questions ===
```xml
<question>
Consider a system of interacting spins described by the Sherrington-Kirkpatrick (SK) model at a temperature $T$. The Hamiltonian of the system is given by $$\mathcal{H} = -\sum_{i<j} J_{ij} S_i S_j$$, where $S_i = \pm 1$ are the spins and $J_{ij}$ are random couplings drawn from a Gaussian distribution with zero mean and variance $\frac{J^2}{N}$, where $N$ is the number of spins. Assuming replica symmetry breaking (RSB) holds at a certain temperature, the Parisi solution introduces a continuous order parameter function $q(x)$ for $x \in [0,1]$ that characterizes the distribution of replica overlaps. Assume a simple one-step replica symmetry breaking (1-RSB) scheme, where $q(x) = q_0$ for $0 < x < m$ and $q(x) = q_1$ for $m < x < 1$. Given that the temperature $T$ is such that $q_0 = 0.2$, $q_1 = 0.8$, and $m = 0.5$, what is the average value of the squared order parameter, $\langle q_{\alpha \beta}^2 \rangle = \int_0^1 q(x)^2 dx$, where the average is taken over all pairs of replicas $(\alpha, \beta)$?
</question>

<question>
Consider a relaxor ferroelectric material exhibiting ultrametricity in its energy landscape. Assume that the system can be represented by a hierarchical tree structure, where each level represents a different length scale of correlated regions. At the top level (level 0), the system is divided into $N$ clusters. Each of these clusters is further divided into $N$ sub-clusters at level 1, and so on. Let the energy barrier separating states at level $k$ be given by $E_k = k \cdot E_0$, where $E_0$ is a characteristic energy scale. Suppose the system starts in a configuration at level 0. Assume that the time $t_k$ required to escape a configuration at level $k$ is given by an Arrhenius law, $t_k = \tau_0 \exp(E_k / k_B T)$, where $\tau_0$ is a characteristic attempt time. Let the characteristic attempt time be $\tau_0 = 1 \cdot 10^{-9} s$ (representing the time to explore configurations within a level before thermal activation over barriers). If $E_0 = 0.01 \, \mathrm{eV}$, $k_B = 8.617 \times 10^{-5} \, \mathrm{eV/K}$, and the temperature is $T = 100 \, \mathrm{K}$, calculate the time it would take to escape level 2, assuming that the system's dynamics at each level is dominated by thermal activation over the corresponding energy barrier.
</question>

<question>
In the context of non-self-averaging systems, consider an SK model with $N$ spins. Assume that the free energy $F$ of a particular sample (i.e., a particular realization of the random couplings $J_{ij}$) fluctuates from sample to sample. The variance of the free energy, denoted as $\text{Var}(F)$, is a measure of the non-self-averaging behavior. Suppose that for a large system size $N$, the variance scales as $\text{Var}(F) \propto N^{\theta}$, where $\theta$ is a non-self-averaging exponent. Furthermore, assume that at a certain temperature $T$ and a specific magnetic field, the variance is observed to be $5 \cdot 10^{-3} \, \mathrm{J^2}$ for a system with $N = 10^4$ spins, and $2 \cdot 10^{-2} \, \mathrm{J^2}$ for a system with $N = 4 \cdot 10^4$ spins. Estimate the value of the non-self-averaging exponent $\theta$.
</question>
```
=== Turn 1: Critic feedback ===
Here's a critique of the provided questions:

---

**Question 1 Critique:**

```xml
<question>
Consider a system of interacting spins described by the Sherrington-Kirkpatrick (SK) model at a temperature $T$. The Hamiltonian of the system is given by $$\mathcal{H} = -\sum_{i<j} J_{ij} S_i S_j$$, where $S_i = \pm 1$ are the spins and $J_{ij}$ are random couplings drawn from a Gaussian distribution with zero mean and variance $\frac{J^2}{N}$, where $N$ is the number of spins. Assuming replica symmetry breaking (RSB) holds at a certain temperature, the Parisi solution introduces a continuous order parameter function $q(x)$ for $x \in [0,1]$ that characterizes the distribution of replica overlaps. Assume a simple one-step replica symmetry breaking (1-RSB) scheme, where $q(x) = q_0$ for $0 < x < m$ and $q(x) = q_1$ for $m < x < 1$. Given that the temperature $T$ is such that $q_0 = 0.2$, $q_1 = 0.8$, and $m = 0.5$, what is the average value of the squared order parameter, $\langle q_{\alpha \beta}^2 \rangle = \int_0^1 q(x)^2 dx$, where the average is taken over all pairs of replicas $(\alpha, \beta)$?
</question>
```

**Critique:**

*   **Guideline 3 (Force Multi-Step Reasoning):** This question primarily tests the ability to perform a definite integral of a piecewise function. While the context is advanced physics (SK model, RSB), the actual task is a direct application of a mathematical definition. It doesn't clearly involve multiple distinct *physical* principles or reasoning steps beyond the initial understanding of the order parameter definition.
*   **Overall:** The question correctly identifies a specific, advanced physics scenario and follows most formatting and definition guidelines. However, it falls short on requiring multi-step *physical* reasoning.

**Actionable Feedback:**
To improve, modify the question to require more than a direct calculation from a definition. For example, ask how the calculated quantity relates to another physical observable or how it changes under a perturbation, necessitating an additional physical principle or conceptual step.

---

**Question 2 Critique:**

```xml
<question>
Consider a relaxor ferroelectric material exhibiting ultrametricity in its energy landscape. Assume that the system can be represented by a hierarchical tree structure, where each level represents a different length scale of correlated regions. At the top level (level 0), the system is divided into $N$ clusters. Each of these clusters is further divided into $N$ sub-clusters at level 1, and so on. Let the energy barrier separating states at level $k$ be given by $E_k = k \cdot E_0$, where $E_0$ is a characteristic energy scale. Suppose the system starts in a configuration at level 0. Assume that the time $t_k$ required to escape a configuration at level $k$ is given by an Arrhenius law, $t_k = \tau_0 \exp(E_k / k_B T)$, where $\tau_0$ is a characteristic attempt time. Let the characteristic attempt time be $\tau_0 = 1 \cdot 10^{-9} s$ (representing the time to explore configurations within a level before thermal activation over barriers). If $E_0 = 0.01 \, \mathrm{eV}$, $k_B = 8.617 \times 10^{-5} \, \mathrm{eV/K}$, and the temperature is $T = 100 \, \mathrm{K}$, calculate the time it would take to escape level 2, assuming that the system's dynamics at each level is dominated by thermal activation over the corresponding energy barrier.
</question>
```

**Critique:**

*   This question meets all specified guidelines excellently. It presents a novel, conceptually rich scenario, requires multi-step physical reasoning (first determining the energy barrier for the specific level, then applying the Arrhenius law), and adheres to all formatting, definition, and clarity requirements.

**Actionable Feedback:**
No specific improvements needed; this question is well-designed.

---

**Question 3 Critique:**

```xml
<question>
In the context of non-self-averaging systems, consider an SK model with $N$ spins. Assume that the free energy $F$ of a particular sample (i.e., a particular realization of the random couplings $J_{ij}$) fluctuates from sample to sample. The variance of the free energy, denoted as $\text{Var}(F)$, is a measure of the non-self-averaging behavior. Suppose that for a large system size $N$, the variance scales as $\text{Var}(F) \propto N^{\theta}$, where $\theta$ is a non-self-averaging exponent. Furthermore, assume that at a certain temperature $T$ and a specific magnetic field, the variance is observed to be $5 \cdot 10^{-3} \, \mathrm{J^2}$ for a system with $N = 10^4$ spins, and $2 \cdot 10^{-2} \, \mathrm{J^2}$ for a system with $N = 4 \cdot 10^4$ spins. Estimate the value of the non-self-averaging exponent $\theta$.
</question>
```

**Critique:**

*   This question meets all specified guidelines excellently. It presents a novel scenario involving an advanced concept (non-self-averaging), requires multi-step reasoning (setting up scaling relations, solving for the exponent using given data), and adheres to all formatting, definition, and clarity requirements.

**Actionable Feedback:**
No specific improvements needed; this question is well-designed.
=== Turn 2: Author refines questions ===
```xml
<question>
Consider a system of interacting spins described by the Sherrington-Kirkpatrick (SK) model at a temperature $T$. The Hamiltonian of the system is given by $$\mathcal{H} = -\sum_{i<j} J_{ij} S_i S_j$$, where $S_i = \pm 1$ are the spins and $J_{ij}$ are random couplings drawn from a Gaussian distribution with zero mean and variance $\frac{J^2}{N}$, where $N$ is the number of spins. Assuming replica symmetry breaking (RSB) holds at a certain temperature, the Parisi solution introduces a continuous order parameter function $q(x)$ for $x \in [0,1]$ that characterizes the distribution of replica overlaps. Assume a simple one-step replica symmetry breaking (1-RSB) scheme, where $q(x) = q_0$ for $0 < x < m$ and $q(x) = q_1$ for $m < x < 1$. Given that the temperature $T$ is such that $q_0 = 0.2$, $q_1 = 0.8$, and $m = 0.5$, calculate the average value of the squared order parameter, $\langle q_{\alpha \beta}^2 \rangle = \int_0^1 q(x)^2 dx$.  Further, if the free energy scales as $F \sim -N(1 - q_1^2)$, how does the average squared order parameter affect the magnitude of the free energy *per spin* in this 1-RSB scheme, compared to a replica-symmetric solution where $q(x) = q_1$ for all $x$? Explain your reasoning.
</question>

<question>
Consider a relaxor ferroelectric material exhibiting ultrametricity in its energy landscape. Assume that the system can be represented by a hierarchical tree structure, where each level represents a different length scale of correlated regions. At the top level (level 0), the system is divided into $N$ clusters. Each of these clusters is further divided into $N$ sub-clusters at level 1, and so on. Let the energy barrier separating states at level $k$ be given by $E_k = k \cdot E_0$, where $E_0$ is a characteristic energy scale. Suppose the system starts in a configuration at level 0. Assume that the time $t_k$ required to escape a configuration at level $k$ is given by an Arrhenius law, $t_k = \tau_0 \exp(E_k / k_B T)$, where $\tau_0$ is a characteristic attempt time. Let the characteristic attempt time be $\tau_0 = 1 \cdot 10^{-9} s$ (representing the time to explore configurations within a level before thermal activation over barriers). If $E_0 = 0.01 \, \mathrm{eV}$, $k_B = 8.617 \times 10^{-5} \, \mathrm{eV/K}$, and the temperature is $T = 100 \, \mathrm{K}$, calculate the time it would take to escape level 2, assuming that the system's dynamics at each level is dominated by thermal activation over the corresponding energy barrier.  If the temperature were doubled, how would this affect the escape time from level 2? Explain your reasoning.
</question>

<question>
In the context of non-self-averaging systems, consider an SK model with $N$ spins. Assume that the free energy $F$ of a particular sample (i.e., a particular realization of the random couplings $J_{ij}$) fluctuates from sample to sample. The variance of the free energy, denoted as $\text{Var}(F)$, is a measure of the non-self-averaging behavior. Suppose that for a large system size $N$, the variance scales as $\text{Var}(F) \propto N^{\theta}$, where $\theta$ is a non-self-averaging exponent. Furthermore, assume that at a certain temperature $T$ and a specific magnetic field, the variance is observed to be $5 \cdot 10^{-3} \, \mathrm{J^2}$ for a system with $N = 10^4$ spins, and $2 \cdot 10^{-2} \, \mathrm{J^2}$ for a system with $N = 4 \cdot 10^4$ spins. Estimate the value of the non-self-averaging exponent $\theta$.  Predict the variance of the free energy for a system with $N=1.6 \times 10^5$ spins, assuming the same temperature and magnetic field, based on your calculated value of $\theta$.
</question>
```
=== Final questions generated ===
