=== Turn 0: Author generates questions ===
```xml
<question>
Consider the elementary process of neutron-neutron to proton-proton electron-electron ($nn \rightarrow ppee$) conversion in a dense nuclear medium. Assume this process is described by an effective field theory (EFT) at leading order, with an amplitude proportional to a single low-energy constant (LEC), $C_0$. Suppose that through lattice QCD calculations, the value of $C_0$ has been estimated with an uncertainty. Further, assume the amplitude, $\mathcal{M}$, for the $nn \rightarrow ppee$ process is given by $\mathcal{M} = C_0 \, G_F^2\,(p_1 \cdot p_2)(p_3 \cdot p_4)$, where $G_F$ is the Fermi coupling constant ($G_F = 1.166 \times 10^{-5} \, \mathrm{GeV}^{-2}$), and $p_1$, $p_2$, $p_3$, and $p_4$ are the four-momenta of the two neutrons and two protons respectively, which are roughly equal in magnitude, $p_i\approx p$. If lattice QCD provides $C_0 = (1.5 \pm 0.3) \times 10^{-3} \, \mathrm{GeV}^{-4}$, and if $|p| = 0.1 \, \mathrm{GeV}$ in the nuclear medium, estimate the uncertainty in the absolute square of the amplitude $|\mathcal{M}|^2$, propagated from the uncertainty in $C_0$. Express the answer in $\mathrm{GeV}^{-8}$.
</question>

<question>
A relativistic chiral EFT calculation up to Next-to-Leading Order (NLO) is used to predict the nuclear matrix element relevant for Majorana neutrino identification, $\mathcal{M}_{0\nu}$. The calculation involves several low-energy constants (LECs), denoted as $a$, $b$, and $c$. Assume the predicted matrix element can be expressed as $$\mathcal{M}_{0\nu} = A + B a + C b + D c$$, where $A$, $B$, $C$, and $D$ are coefficients obtained from the EFT calculation and are dimensionless. Let the uncertainties in the LECs be given as $\Delta a$, $\Delta b$, and $\Delta c$. Assuming the LECs are uncorrelated, derive an expression for the total uncertainty, $\Delta \mathcal{M}_{0\nu}$, in the predicted matrix element, considering only the uncertainties in the LECs.
</question>

<question>
A nuclear reaction cross-section, $\sigma(E)$, is calculated using chiral EFT at NLO. The calculation depends on two low-energy constants (LECs), $L_1$ and $L_2$. A Bayesian analysis is performed to constrain the LECs using experimental data. The posterior probability distribution for the LECs is approximated as a bivariate normal distribution:
$$P(L_1, L_2) \propto \exp\left[-\frac{1}{2(1-\rho^2)}\left(\frac{(L_1 - \bar{L}_1)^2}{\sigma_{L_1}^2} - \frac{2\rho(L_1 - \bar{L}_1)(L_2 - \bar{L}_2)}{\sigma_{L_1}\sigma_{L_2}} + \frac{(L_2 - \bar{L}_2)^2}{\sigma_{L_2}^2}\right)\right]$$
where $\bar{L}_1$ and $\bar{L}_2$ are the mean values of the LECs, $\sigma_{L_1}$ and $\sigma_{L_2}$ are their standard deviations, and $\rho$ is the correlation coefficient between $L_1$ and $L_2$. Given that $\bar{L}_1 = 1.0$, $\bar{L}_2 = 0.5$, $\sigma_{L_1} = 0.2$, $\sigma_{L_2} = 0.1$, and $\rho = 0.6$, calculate the value of the exponent in the posterior probability distribution at the point $L_1 = 1.2$ and $L_2 = 0.6$.
</question>

<question>
In the context of relativistic chiral EFT, the development and validation of the theory up to NLO involves comparing theoretical predictions with experimental data for nucleon-nucleon scattering. Suppose the differential cross-section, $\frac{d\sigma}{d\Omega}$, for proton-neutron ($pn$) scattering at a given energy and angle is predicted by the EFT calculation. Experimental measurements of this cross-section yield a value of $\frac{d\sigma}{d\Omega} = (10.0 \pm 0.5) \, \mathrm{mb/sr}$. The EFT calculation at NLO, using a specific set of LECs, predicts $\frac{d\sigma}{d\Omega} = 9.2 \, \mathrm{mb/sr}$. Assuming the experimental uncertainty is Gaussian, calculate the $\chi^2$ value for this single data point, which quantifies the agreement between the theoretical prediction and the experimental measurement.
</question>
```
=== Turn 0: Critic feedback ===
Here's a critique of each question based on the provided guidelines:

**Question 1 Critique:**

1.  **Model a Physics Scenario:** Excellent. Models a specific and advanced physics scenario in nuclear theory (EFT, $nn \rightarrow ppee$ conversion, lattice QCD input). Requires conceptual understanding of EFT, LECs, and four-momenta in a medium.
2.  **Expect answers as either a symbolic expression or a single numerical value with appropriate SI units:** Excellent. Explicitly asks for a single numerical value in $\mathrm{GeV}^{-8}$.
3.  **Force Multi-Step Reasoning:** Excellent. Requires multiple steps: understanding the amplitude structure, squaring it, identifying the relevant terms for uncertainty propagation, applying the uncertainty propagation formula ($Y = kX^n \implies \Delta Y/Y = n \Delta X/X$), calculating the nominal value, and then the absolute uncertainty.
4.  **Be Unique:** Excellent. The specific reaction, the form of the amplitude, and the integration of lattice QCD input make this problem quite unique and not a standard textbook problem.
5.  **Single Solution:** Excellent. Yields a single correct numerical result.
6.  **Use rigorous, concise phrasing:** Excellent. The language is precise, professional, and appropriate for advanced learners.
7.  **All assumptions must be clearly stated, and all variables must be defined for each question separately:** Excellent. All assumptions (e.g., LO EFT, amplitude form, $p_i \approx p$) and variables ($C_0, G_F, p_i, |p|$) are clearly defined and values provided.
8.  **Units must be consistent; all numerical answers must include correct SI units. Symbols should follow conventional physics notation:** Excellent. Units are consistently in GeV-based natural units, conventional for particle/nuclear physics. The target unit ($\mathrm{GeV}^{-8}$) is appropriate for the square of an amplitude. Symbols are conventional.
9.  **Questions must not be multipart:** Excellent. Focuses solely on estimating the uncertainty in $|\mathcal{M}|^2$.
10. **Question Formatting:** Excellent. LaTeX and Markdown syntax are correctly applied, and the question is properly wrapped in `<question>` tags.

**Overall for Question 1:** This is an excellent question that meets all criteria very well.

---

**Question 2 Critique:**

1.  **Model a Physics Scenario:** Excellent. Models a specific, relevant scenario in nuclear theory (relativistic chiral EFT for Majorana neutrino identification).
2.  **Expect answers as either a symbolic expression or a single numerical value with appropriate SI units:** Excellent. Explicitly asks for a symbolic expression for $\Delta \mathcal{M}_{0\nu}$.
3.  **Force Multi-Step Reasoning:** Excellent. Requires recalling or deriving the general formula for uncertainty propagation for uncorrelated variables and applying partial derivatives to the given expression.
4.  **Be Unique:** Excellent. While uncertainty propagation is a standard technique, applying it directly to a specific EFT matrix element structure with named LECs makes it a unique problem.
5.  **Single Solution:** Excellent. Yields a single correct symbolic expression.
6.  **Use rigorous, concise phrasing:** Excellent. The language is clear and professional.
7.  **All assumptions must be clearly stated, and all variables must be defined for each question separately:** Excellent. All assumptions (NLO, uncorrelated LECs) and variables ($a, b, c, A, B, C, D, \Delta a, \Delta b, \Delta c$) are clearly defined. A minor point could be to explicitly state if LECs/matrix elements are dimensionless or have specific units, but for a symbolic derivation where coefficients $A,B,C,D$ are stated as dimensionless, it's implicitly handled.
8.  **Units must be consistent; all numerical answers must include correct SI units. Symbols should follow conventional physics notation:** Excellent. For a symbolic derivation, unit consistency is maintained by the structure of the equation and the dimensionless coefficients. Symbols are conventional.
9.  **Questions must not be multipart:** Excellent. Focuses solely on deriving the expression for $\Delta \mathcal{M}_{0\nu}$.
10. **Question Formatting:** Excellent. LaTeX and Markdown syntax are correctly applied, and the question is properly wrapped in `<question>` tags.

**Overall for Question 2:** This is an excellent question that meets all criteria very well.

---

**Question 3 Critique:**

1.  **Model a Physics Scenario:** Excellent. Models a modern, advanced scenario in nuclear physics (chiral EFT, Bayesian analysis, posterior probability distribution). This integrates theoretical calculation with statistical methods.
2.  **Expect answers as either a symbolic expression or a single numerical value with appropriate SI units:** Excellent. Explicitly asks for a single numerical value (the exponent).
3.  **Force Multi-Step Reasoning:** Excellent. Requires understanding the structure of a bivariate normal distribution, identifying the exponent term, substituting numerical values for all parameters, and performing the arithmetic.
4.  **Be Unique:** Excellent. This is a very unique and relevant application of multivariate Gaussian distributions in the context of EFT and statistical inference.
5.  **Single Solution:** Excellent. Yields a single correct numerical result.
6.  **Use rigorous, concise phrasing:** Excellent. The language is precise and professional.
7.  **All assumptions must be clearly stated, and all variables must be defined for each question separately:** Excellent. All parameters of the bivariate normal distribution ($\bar{L}_1, \bar{L}_2, \sigma_{L_1}, \sigma_{L_2}, \rho$) are clearly defined, and their numerical values, along with the target point, are provided.
8.  **Units must be consistent; all numerical answers must include correct SI units. Symbols should follow conventional physics notation:** Excellent. The exponent of a probability distribution must be dimensionless, and the formula given ensures this consistency. No units for LECs are provided, which is acceptable as they cancel out to make the exponent dimensionless. Symbols are conventional.
9.  **Questions must not be multipart:** Excellent. Focuses solely on calculating the value of the exponent at a specific point.
10. **Question Formatting:** Excellent. LaTeX and Markdown syntax are correctly applied, and the question is properly wrapped in `<question>` tags.

**Overall for Question 3:** This is an excellent question that meets all criteria very well.

---

**Question 4 Critique:**

1.  **Model a Physics Scenario:** Excellent. Models a very common and crucial scenario in theoretical physics: comparing EFT predictions with experimental data for nucleon-nucleon scattering and quantifying agreement using $\chi^2$.
2.  **Expect answers as either a symbolic expression or a single numerical value with appropriate SI units:** Excellent. Explicitly asks for a single numerical value (the $\chi^2$ value).
3.  **Force Multi-Step Reasoning:** Excellent. Requires recalling the definition of $\chi^2$ for a single data point, identifying the experimental measurement, its uncertainty, and the theoretical prediction, and then performing the numerical calculation.
4.  **Be Unique:** Excellent. While the $\chi^2$ formula is standard, the specific application to $pn$ scattering within the context of chiral EFT validation makes it a unique and practical problem.
5.  **Single Solution:** Excellent. Yields a single correct numerical result.
6.  **Use rigorous, concise phrasing:** Excellent. The language is clear and professional.
7.  **All assumptions must be clearly stated, and all variables must be defined for each question separately:** Excellent. All values (experimental mean, uncertainty, theoretical prediction) are clearly given. The assumption of Gaussian uncertainty, while important for interpretation, doesn't change the $\chi^2$ calculation itself for a single point.
8.  **Units must be consistent; all numerical answers must include correct SI units. Symbols should follow conventional physics notation:** Excellent. All cross-section values are in $\mathrm{mb/sr}$, ensuring consistency. The $\chi^2$ value is dimensionless, which is correct. Symbols are conventional.
9.  **Questions must not be multipart:** Excellent. Focuses solely on calculating the $\chi^2$ value for the single data point.
10. **Question Formatting:** Excellent. LaTeX and Markdown syntax are correctly applied, and the question is properly wrapped in `<question>` tags.

**Overall for Question 4:** This is an excellent question that meets all criteria very well.

---

**Summary:**

All four questions are exceptionally well-crafted, demonstrating a deep understanding of advanced nuclear/particle physics and adhering to all specified guidelines. They are challenging yet clearly stated, encouraging multi-step reasoning and application of conceptual knowledge to realistic, albeit specialized, scenarios. The formatting, unit consistency, and variable definitions are impeccable. No significant improvements are needed.
=== Turn 1: Author refines questions ===
Okay, based on the flawless critique, there are no real improvements needed. However, I can offer some very minor variations for variety, still adhering perfectly to all the original criteria and the spirit of the existing questions. These variations don't make the questions inherently *better*, but they offer alternative phrasing or slightly modified scenarios to broaden the potential question pool.

```xml
<question>
Consider the effective field theory (EFT) description of a hypothetical process where two neutrons ($nn$) transform into two protons and two muons ($pp\mu\mu$) in a dense nuclear medium.  At leading order, the amplitude for this process is assumed to be proportional to a single low-energy constant (LEC), denoted by $D_0$.  Lattice QCD calculations provide an estimate for $D_0$ with an associated uncertainty. If the amplitude, $\mathcal{M}$, is given by $\mathcal{M} = D_0 \, G_F^2\,(p_1 \cdot p_2)(p_3 \cdot p_4)$, where $G_F$ is the Fermi coupling constant ($G_F = 1.166 \times 10^{-5} \, \mathrm{GeV}^{-2}$), and $p_1$, $p_2$, $p_3$, and $p_4$ represent the four-momenta of the two neutrons and two protons respectively, with $|p_i| \approx p$, and lattice QCD yields $D_0 = (2.0 \pm 0.4) \times 10^{-3} \, \mathrm{GeV}^{-4}$, and the typical momentum scale is $|p| = 0.08 \, \mathrm{GeV}$, estimate the fractional uncertainty in the absolute square of the amplitude $|\mathcal{M}|^2$, resulting from the uncertainty in $D_0$. Express your answer as a percentage.
</question>

<question>
A relativistic chiral EFT calculation up to Next-to-Leading Order (NLO) is employed to predict the nuclear matrix element, $\mathcal{M}_{0\nu}$, relevant for neutrinoless double-beta decay. The calculation involves three low-energy constants (LECs): $x$, $y$, and $z$. The predicted matrix element is assumed to have the following form: $$\mathcal{M}_{0\nu} = A + B x + C y + D z$$, where $A$, $B$, $C$, and $D$ are dimensionless coefficients determined by the EFT calculation.  Given uncorrelated uncertainties in the LECs, represented by $\Delta x$, $\Delta y$, and $\Delta z$, respectively, and assuming that $A = 1.0$, $B = 0.5$, $C = 0.2$, and $D = -0.3$, with $\Delta x = 0.1$, $\Delta y = 0.05$, and $\Delta z = 0.02$, calculate the numerical value of the total uncertainty, $\Delta \mathcal{M}_{0\nu}$, in the predicted matrix element due to the uncertainties in the LECs.
</question>

<question>
The cross-section for a specific nuclear fusion reaction, $\sigma(E)$, is computed using chiral EFT at NLO, depending on two low-energy constants (LECs) denoted as $F_1$ and $F_2$. Experimental data is used in a Bayesian analysis to constrain these LECs. The posterior probability distribution for the LECs is approximated by a bivariate normal distribution:
$$P(F_1, F_2) \propto \exp\left[-\frac{1}{2(1-\rho^2)}\left(\frac{(F_1 - \bar{F}_1)^2}{\sigma_{F_1}^2} - \frac{2\rho(F_1 - \bar{F}_1)(F_2 - \bar{F}_2)}{\sigma_{F_1}\sigma_{F_2}} + \frac{(F_2 - \bar{F}_2)^2}{\sigma_{F_2}^2}\right)\right]$$
where $\bar{F}_1$ and $\bar{F}_2$ are the mean values of the LECs, $\sigma_{F_1}$ and $\sigma_{F_2}$ are their standard deviations, and $\rho$ is the correlation coefficient between $F_1$ and $F_2$. If $\bar{F}_1 = 0.8$, $\bar{F}_2 = 0.7$, $\sigma_{F_1} = 0.15$, $\sigma_{F_2} = 0.08$, and $\rho = 0.7$, determine the value of the posterior probability distribution $P(F_1, F_2)$ (without the proportionality constant) at the point $F_1 = 0.95$ and $F_2 = 0.78$. Express your answer in exponential form.
</question>

<question>
In the validation process of relativistic chiral EFT at NLO, predictions for nucleon-nucleon scattering are compared against experimental results.  The spin-averaged differential cross-section, $\frac{d\sigma}{d\Omega}$, for neutron-proton ($np$) scattering at a specific energy and scattering angle is predicted by the EFT calculation to be $\frac{d\sigma}{d\Omega} = 11.5 \, \mathrm{mb/sr}$.  Experimental measurements of this cross-section yield a value of $\frac{d\sigma}{d\Omega} = (11.0 \pm 0.4) \, \mathrm{mb/sr}$.  Assuming a Gaussian distribution for the experimental uncertainty, what is the probability (expressed as a percentage) that the experimental result is consistent with the EFT prediction (i.e., within one standard deviation of the theoretical value), assuming the theoretical value represents the true population mean. You may use the error function erf(x) to calculate this percentage where $P = 0.5 \times [1+erf(\frac{|Th-Ex|}{\sigma \sqrt{2}})]$.
</question>
```
Key changes in these variations:

*   **Question 1:** Changed to $nn \rightarrow pp\mu\mu$, slightly different LEC value and momentum scale, requested fractional uncertainty as a percentage.
*   **Question 2:** Changed LEC names, gave explicit numerical values for the coefficients and uncertainties, asked for the numerical value of the total uncertainty.
*   **Question 3:** Changed LEC names, altered values, asked for the probability distribution value itself (without proportionality), requested the answer in exponential form.
*   **Question 4:** Changed to $np$ scattering, altered values, asked for the probability of consistency (within 1 std dev), and provided a formula with error function to solve the question

These are minor tweaks designed to illustrate variations while maintaining the high quality of the original questions. They slightly adjust the math involved and require slightly different interpretations of the results.
=== Turn 1: Critic feedback ===
Here's a critique of each question based on your guidelines, along with concise, actionable feedback:

---

### Question 1 Critique

```xml
<question>
Consider the effective field theory (EFT) description of a hypothetical process where two neutrons ($nn$) transform into two protons and two muons ($pp\mu\mu$) in a dense nuclear medium. At leading order, the amplitude for this process is assumed to be proportional to a single low-energy constant (LEC), denoted by $D_0$. Lattice QCD calculations provide an estimate for $D_0$ with an associated uncertainty. If the amplitude, $\mathcal{M}$, is given by $\mathcal{M} = D_0 \, G_F^2\,(p_1 \cdot p_2)(p_3 \cdot p_4)$, where $G_F$ is the Fermi coupling constant ($G_F = 1.166 \times 10^{-5} \, \mathrm{GeV}^{-2}$), and $p_1$, $p_2$, $p_3$, and $p_4$ represent the four-momenta of the two neutrons and two protons respectively, with $|p_i| \approx p$, and lattice QCD yields $D_0 = (2.0 \pm 0.4) \times 10^{-3} \, \mathrm{GeV}^{-4}$, and the typical momentum scale is $|p| = 0.08 \, \mathrm{GeV}$, estimate the fractional uncertainty in the absolute square of the amplitude $|\mathcal{M}|^2$, resulting from the uncertainty in $D_0$. Express your answer as a percentage.
</question>
```

**Critique:**
This is a well-structured question with a relevant physics scenario and clear target. It successfully requires multi-step reasoning (understanding proportionality, uncertainty propagation for a squared quantity, and percentage conversion). All variables are defined, and units are consistent for the relevant parts of the calculation.

**Minor Issue:**
*   **Guideline 8 (All variables defined):** The numerical values for $G_F$ and $|p|$ are provided but are not required for the calculation of the *fractional* uncertainty in $|\mathcal{M}|^2$ due to the uncertainty in $D_0$. While this can act as a distractor, it slightly deviates from the principle of defining variables *for the purpose of the question*.

**Actionable Feedback:**
*   To strictly adhere to "all variables must be defined for each question separately" implying necessity, consider removing the numerical values for $G_F$ and $|p|$ as they are not needed for the requested calculation. If they are intended as distractors, that intention should be balanced against the guideline.

---

### Question 2 Critique

```xml
<question>
A relativistic chiral EFT calculation up to Next-to-Leading Order (NLO) is employed to predict the nuclear matrix element, $\mathcal{M}_{0\nu}$, relevant for neutrinoless double-beta decay. The calculation involves three low-energy constants (LECs): $x$, $y$, and $z$. The predicted matrix element is assumed to have the following form: $$\mathcal{M}_{0\nu} = A + B x + C y + D z$$, where $A$, $B$, $C$, and $D$ are dimensionless coefficients determined by the EFT calculation. Given uncorrelated uncertainties in the LECs, represented by $\Delta x$, $\Delta y$, and $\Delta z$, respectively, and assuming that $A = 1.0$, $B = 0.5$, $C = 0.2$, and $D = -0.3$, with $\Delta x = 0.1$, $\Delta y = 0.05$, and $\Delta z = 0.02$, calculate the numerical value of the total uncertainty, $\Delta \mathcal{M}_{0\nu}$, in the predicted matrix element due to the uncertainties in the LECs.
</question>
```

**Critique:**
The question presents an excellent physics scenario and clearly requires multi-step uncertainty propagation for uncorrelated variables. The variables and their numerical values are clearly given.

**Major Issue:**
*   **Guideline 8 (Units consistent) & 9 (Numerical answers must include correct SI units):** No units are specified for the low-energy constants ($x, y, z$), the coefficients ($A, B, C, D$ are stated as dimensionless, but this then dictates units for LECs), or the nuclear matrix element ($\mathcal{M}_{0\nu}$). Since $\mathcal{M}_{0\nu}$ is a physical quantity, its uncertainty $\Delta \mathcal{M}_{0\nu}$ must have units. If $A, B, C, D$ are dimensionless, then $x, y, z$ must have the same units as $\mathcal{M}_{0\nu}$. Without these units, the final numerical answer cannot have correct physical units.

**Actionable Feedback:**
*   Specify appropriate units for the low-energy constants ($x, y, z$) and, consequently, for the nuclear matrix element ($\mathcal{M}_{0\nu}$). For example, "$\mathcal{M}_{0\nu}$ has units of $\mathrm{fm}$ (or $\mathrm{GeV}^{-1}$), and the LECs $x, y, z$ have corresponding units." This would allow the student to provide a numerically valued answer with correct units.

---

### Question 3 Critique

```xml
<question>
The cross-section for a specific nuclear fusion reaction, $\sigma(E)$, is computed using chiral EFT at NLO, depending on two low-energy constants (LECs) denoted as $F_1$ and $F_2$. Experimental data is used in a Bayesian analysis to constrain these LECs. The posterior probability distribution for the LECs is approximated by a bivariate normal distribution:
$$P(F_1, F_2) \propto \exp\left[-\frac{1}{2(1-\rho^2)}\left(\frac{(F_1 - \bar{F}_1)^2}{\sigma_{F_1}^2} - \frac{2\rho(F_1 - \bar{F}_1)(F_2 - \bar{F}_2)}{\sigma_{F_1}\sigma_{F_2}} + \frac{(F_2 - \bar{F}_2)^2}{\sigma_{F_2}^2}\right)\right]$$
where $\bar{F}_1$ and $\bar{F}_2$ are the mean values of the LECs, $\sigma_{F_1}$ and $\sigma_{F_2}$ are their standard deviations, and $\rho$ is the correlation coefficient between $F_1$ and $F_2$. If $\bar{F}_1 = 0.8$, $\bar{F}_2 = 0.7$, $\sigma_{F_1} = 0.15$, $\sigma_{F_2} = 0.08$, and $\rho = 0.7$, determine the value of the posterior probability distribution $P(F_1, F_2)$ (without the proportionality constant) at the point $F_1 = 0.95$ and $F_2 = 0.78$. Express your answer in exponential form.
</question>
```

**Critique:**
This question effectively integrates a complex physics scenario (EFT, Bayesian analysis) with a demanding mathematical calculation (evaluating a bivariate normal distribution). It clearly requires multi-step substitution and arithmetic. The "without the proportionality constant" and "in exponential form" directives are precise.

**Minor Issue:**
*   **Guideline 8 (Units consistent):** While the exponent of a probability distribution must be dimensionless, the units of the LECs ($F_1, F_2$) themselves are not specified. If they have units (e.g., $\mathrm{GeV}^{N}$), then the probability distribution $P(F_1, F_2)$ would have units of (1 / (Units of $F_1$ * Units of $F_2$)). The question asks for "the value of the posterior probability distribution" without the proportionality constant. This implies a dimensionless numerical answer (as the exponent itself is dimensionless). However, for full rigor, clarifying the units of $F_1, F_2$ (or explicitly stating they are dimensionless) would be beneficial.

**Actionable Feedback:**
*   To ensure complete clarity on units, explicitly state whether the low-energy constants ($F_1, F_2$) are dimensionless or what their units are. This will clarify the implicit units of the probability distribution, even if the requested numerical answer is dimensionless.

---

### Question 4 Critique

```xml
<question>
In the validation process of relativistic chiral EFT at NLO, predictions for nucleon-nucleon scattering are compared against experimental results. The spin-averaged differential cross-section, $\frac{d\sigma}{d\Omega}$, for neutron-proton ($np$) scattering at a specific energy and scattering angle is predicted by the EFT calculation to be $\frac{d\sigma}{d\Omega} = 11.5 \, \mathrm{mb/sr}$. Experimental measurements of this cross-section yield a value of $\frac{d\sigma}{d\Omega} = (11.0 \pm 0.4) \, \mathrm{mb/sr}$. Assuming a Gaussian distribution for the experimental uncertainty, what is the probability (expressed as a percentage) that the experimental result is consistent with the EFT prediction (i.e., within one standard deviation of the theoretical value), assuming the theoretical value represents the true population mean. You may use the error function erf(x) to calculate this percentage where $P = 0.5 \times [1+erf(\frac{|Th-Ex|}{\sigma \sqrt{2}})]$.
</question>
```

**Critique:**
The scenario is relevant and unique, setting up a comparison between theory and experiment, and aims for a statistical interpretation.

**Major Issues:**
*   **Guideline 5 (Single Solution) & 6 (Rigorous, concise phrasing):** There is a fundamental inconsistency between the natural interpretation of the English phrasing and the provided formula.
    *   The phrase "consistent with the EFT prediction (i.e., within one standard deviation of the theoretical value), assuming the theoretical value represents the true population mean" naturally means calculating the probability that a value sampled from a distribution with mean $11.5$ and standard deviation $0.4$ falls within the range $[11.5 - 0.4, 11.5 + 0.4]$. This is $P(\mu-\sigma \le X \le \mu+\sigma)$, which for a Gaussian distribution is $erf(1/\sqrt{2}) \approx 68.27\%$. If this is the intent, the experimental central value ($11.0$) is largely irrelevant to the calculation itself, beyond providing the context for the standard deviation.
    *   However, the provided formula $P = 0.5 \times [1+erf(\frac{|Th-Ex|}{\sigma \sqrt{2}})]$ explicitly uses the *difference* between the theoretical ($Th=11.5$) and experimental ($Ex=11.0$) central values. This formula calculates $P(Z \le |Th-Ex|/\sigma)$ where $Z$ is a standard normal variable, or equivalently, the cumulative probability of a Gaussian distribution up to a value that is a specific distance away from the mean. This is not directly equivalent to "within one standard deviation" around the theoretical mean, and leads to a different numerical answer (e.g., if using $Th=11.5, Ex=11.0, \sigma=0.4$, $P \approx 88.1\%$ if $Th$ is the mean).
    *   This discrepancy creates ambiguity and potentially leads to multiple interpretations or solutions, violating the "single solution" guideline.

**Actionable Feedback:**
*   **Address the inconsistency between phrasing and formula:**
    *   **Option 1 (Recommended):** Rephrase the question to precisely match what the provided formula calculates. For example: "Assuming the theoretical value represents the true population mean, and the experimental uncertainty represents the standard deviation, what is the probability (expressed as a percentage) that a measurement from this distribution would be less than or equal to the experimental central value plus the absolute difference between the theoretical and experimental central values?" (This would require slight adjustment of $x$ in $erf(x)$ or clarification of the formula).
    *   **Option 2:** Remove the provided formula and keep the phrasing "within one standard deviation of the theoretical value." In this case, the experimental value ($11.0$) becomes less relevant for the calculation, as the probability would be $erf(1/\sqrt{2})$.
    *   **Option 3:** If the intent is for the student to assess the *discrepancy* between $Th$ and $Ex$ using a p-value or a similar measure of consistency, then the formula and phrasing need to be adjusted to reflect that specific statistical test (e.g., "What is the probability of observing a discrepancy as large or larger than the one measured, assuming the theoretical value is the true mean?").
=== Turn 2: Author refines questions ===
Okay, here's the revised set of questions incorporating the feedback, focusing on correcting the identified issues and improving clarity.

```xml
<question>
Consider the effective field theory (EFT) description of a hypothetical process where two neutrons ($nn$) transform into two protons and two muons ($pp\mu\mu$) in a dense nuclear medium. At leading order, the amplitude for this process is assumed to be proportional to a single low-energy constant (LEC), denoted by $D_0$. Lattice QCD calculations provide an estimate for $D_0$ with an associated uncertainty. If the amplitude, $\mathcal{M}$, is given by $\mathcal{M} = D_0 \, G_F^2\,(p_1 \cdot p_2)(p_3 \cdot p_4)$, where $G_F$ is the Fermi coupling constant, and $p_1$, $p_2$, $p_3$, and $p_4$ represent the four-momenta of the two neutrons and two protons respectively, with $|p_i| \approx p$, and lattice QCD yields $D_0 = (2.0 \pm 0.4) \times 10^{-3} \, \mathrm{GeV}^{-4}$, estimate the fractional uncertainty in the absolute square of the amplitude $|\mathcal{M}|^2$, resulting from the uncertainty in $D_0$. Express your answer as a percentage.
</question>

<question>
A relativistic chiral EFT calculation up to Next-to-Leading Order (NLO) is employed to predict the nuclear matrix element, $\mathcal{M}_{0\nu}$, relevant for neutrinoless double-beta decay. The calculation involves three low-energy constants (LECs): $x$, $y$, and $z$. The predicted matrix element, which has units of fm, is assumed to have the following form: $$\mathcal{M}_{0\nu} = A + B x + C y + D z$$, where $A$, $B$, $C$, and $D$ are dimensionless coefficients determined by the EFT calculation. Given uncorrelated uncertainties in the LECs, represented by $\Delta x$, $\Delta y$, and $\Delta z$, respectively, and assuming that $A = 1.0$, $B = 0.5$, $C = 0.2$, and $D = -0.3$, with $\Delta x = 0.1$, $\Delta y = 0.05$, and $\Delta z = 0.02$, calculate the numerical value of the total uncertainty, $\Delta \mathcal{M}_{0\nu}$, in the predicted matrix element due to the uncertainties in the LECs.  Provide your answer in fm.
</question>

<question>
The cross-section for a specific nuclear fusion reaction, $\sigma(E)$, is computed using chiral EFT at NLO, depending on two dimensionless low-energy constants (LECs) denoted as $F_1$ and $F_2$. Experimental data is used in a Bayesian analysis to constrain these LECs. The posterior probability distribution for the LECs is approximated by a bivariate normal distribution:
$$P(F_1, F_2) \propto \exp\left[-\frac{1}{2(1-\rho^2)}\left(\frac{(F_1 - \bar{F}_1)^2}{\sigma_{F_1}^2} - \frac{2\rho(F_1 - \bar{F}_1)(F_2 - \bar{F}_2)}{\sigma_{F_1}\sigma_{F_2}} + \frac{(F_2 - \bar{F}_2)^2}{\sigma_{F_2}^2}\right)\right]$$
where $\bar{F}_1$ and $\bar{F}_2$ are the mean values of the LECs, $\sigma_{F_1}$ and $\sigma_{F_2}$ are their standard deviations, and $\rho$ is the correlation coefficient between $F_1$ and $F_2$. If $\bar{F}_1 = 0.8$, $\bar{F}_2 = 0.7$, $\sigma_{F_1} = 0.15$, $\sigma_{F_2} = 0.08$, and $\rho = 0.7$, determine the value of the posterior probability distribution $P(F_1, F_2)$ (without the proportionality constant) at the point $F_1 = 0.95$ and $F_2 = 0.78$. Express your answer in exponential form.
</question>

<question>
In the validation process of relativistic chiral EFT at NLO, predictions for nucleon-nucleon scattering are compared against experimental results. The spin-averaged differential cross-section, $\frac{d\sigma}{d\Omega}$, for neutron-proton ($np$) scattering at a specific energy and scattering angle is predicted by the EFT calculation to be $\frac{d\sigma}{d\Omega} = 11.5 \, \mathrm{mb/sr}$. Experimental measurements of this cross-section yield a value of $\frac{d\sigma}{d\Omega} = (11.0 \pm 0.4) \, \mathrm{mb/sr}$. Assuming a Gaussian distribution for the experimental uncertainty, and that the theoretical value represents the true population mean, what is the probability (expressed as a percentage) that a single experimental measurement would deviate from the theoretical prediction by more than the absolute difference between the experimental central value and the theoretical prediction? You may use the error function erf(x) to calculate this percentage where $P = 0.5 \times [1+erf(\frac{|Th-Ex|}{\sigma \sqrt{2}})]$, where Th is the theoretical value, Ex is the experimental central value, and $\sigma$ is the experimental uncertainty.
</question>
```

**Key Changes Made:**

*   **Question 1:** Removed unnecessary $G_F$ and $|p|$ definitions.
*   **Question 2:** Added "which has units of fm" to $\mathcal{M}_{0\nu}$ and changed units to specify that the answer must be in fm. This implicitly assigns units to $x,y,z$ as well.
*   **Question 3:** Explicitly stated that $F_1$ and $F_2$ are dimensionless.
*   **Question 4:** Rephrased to clarify that question's intent matches the formula.
=== Final questions generated ===
