=== Turn 0: Author generates questions ===
```xml
<question>
Consider the radiative decay of a vector meson $V$ into a pseudoscalar meson $P$ and a photon $\gamma$, described by the process $V \rightarrow P\gamma$. Assume the vector meson is composed of a heavy quark and a light antiquark ($\bar{q}Q$), and the pseudoscalar meson is composed of light quarks ($q\bar{q}$).  The decay amplitude can be modeled by an effective interaction Hamiltonian proportional to $g_{VP\gamma} \epsilon_{\mu\nu\alpha\beta} \partial^\mu A^\nu V^\alpha P^\beta$, where $A^\nu$ is the photon field, $V^\alpha$ is the vector meson field, $P^\beta$ is the pseudoscalar meson field, and $g_{VP\gamma}$ is the effective coupling constant.  Assume the masses of the vector and pseudoscalar mesons are $m_V$ and $m_P$, respectively.  The polarization vector of the vector meson is $\epsilon^\alpha$, and the photon's polarization vector is $\epsilon^\nu$. Assuming that $g_{VP\gamma}$ is known to be $0.01 \, \mathrm{GeV}^{-1}$, $m_V = 3.1 \, \mathrm{GeV}/c^2$, and $m_P = 0.14 \, \mathrm{GeV}/c^2$, calculate the decay width $\Gamma(V \rightarrow P\gamma)$ in MeV, assuming a simplified expression for the decay width: $$\Gamma(V \rightarrow P\gamma) = \frac{g_{VP\gamma}^2}{3} \frac{|\vec{p}_\gamma|^3}{4\pi} $$, where $|\vec{p}_\gamma|$ is the magnitude of the photon's momentum in the rest frame of the vector meson.
</question>

<question>
Consider the two-photon decay of the neutral pion, $\pi^0 \rightarrow \gamma\gamma$. Assume the decay amplitude is dominated by the axial anomaly and can be expressed as $$\mathcal{M}(\pi^0 \rightarrow \gamma\gamma) = \frac{\alpha}{\pi f_\pi} F_{\mu\nu} \tilde{F}^{\mu\nu}$$, where $\alpha$ is the fine-structure constant, $f_\pi = 93 \, \mathrm{MeV}$ is the pion decay constant, $F_{\mu\nu}$ is the electromagnetic field strength tensor, and $\tilde{F}^{\mu\nu} = \frac{1}{2} \epsilon^{\mu\nu\rho\sigma} F_{\rho\sigma}$ is its dual. The decay width is given by $$\Gamma(\pi^0 \rightarrow \gamma\gamma) = \frac{|\mathcal{M}|^2}{64\pi m_{\pi^0}}$$ where $|\mathcal{M}| =  \frac{\alpha}{\pi f_\pi} m_{\pi^0}^3$ and $m_{\pi^0} = 135 \, \mathrm{MeV}$. Calculate the decay width $\Gamma(\pi^0 \rightarrow \gamma\gamma)$ in eV.
</question>

<question>
Consider a simplified Bethe-Salpeter equation for a meson, assuming a separable interaction kernel $K(p, q) = \lambda g(p)g(q)$, where $p$ and $q$ are the relative momenta of the quark and antiquark, $\lambda$ is a coupling constant, and $g(p)$ is a form factor given by $g(p) = \frac{1}{p^2 + \Lambda^2}$, with $\Lambda = 1 \, \mathrm{GeV}$. The Bethe-Salpeter equation for the bound state amplitude $\Gamma(p)$ can be written as $$\Gamma(p) = \int \frac{d^4q}{(2\pi)^4} S_1(p_1)S_2(p_2) K(p, q) \Gamma(q)$$, where $S_1$ and $S_2$ are the quark and antiquark propagators, and $p_1$ and $p_2$ are the quark and antiquark momenta.  Assume that after performing the angular integration and Wick rotation, you arrive at a simplified algebraic equation: $$\Gamma(p) = \lambda g(p) I$$, where $I = \int_0^\infty dq \, q^2 g(q) \Gamma(q)$.  Suppose the self-consistency condition leads to the equation $1 = \lambda \int \frac{d^4q}{(2\pi)^4} S_1(p_1) S_2(p_2) g(q)^2$.  After evaluating the integral (which requires knowledge of $S_1$ and $S_2$), you find that the condition for a bound state to exist is given by $\lambda = A$. Given that $A = 16 \pi^2 \Lambda^2$, calculate the numerical value of the coupling constant $\lambda$ in $\mathrm{GeV}^2$.
</question>

<question>
A heavy quarkonium state (e.g., $J/\psi$ or $\Upsilon$) decays radiatively to a lighter state plus a photon, i.e., $Q\bar{Q} \rightarrow Q'\bar{Q'} + \gamma$. Consider the decay $\Upsilon(1S) \rightarrow \eta_b(1S) + \gamma$. Assume that the masses of the $\Upsilon(1S)$ and $\eta_b(1S)$ are $m_{\Upsilon} = 9.46 \, \mathrm{GeV}/c^2$ and $m_{\eta_b} = 9.40 \, \mathrm{GeV}/c^2$, respectively. The magnetic dipole transition amplitude is proportional to $\langle \eta_b | \vec{J} | \Upsilon \rangle \cdot \vec{k}_\gamma$, where $\vec{J}$ is the magnetic current operator and $\vec{k}_\gamma$ is the photon momentum. Using the non-relativistic quark model and assuming that the matrix element $\langle \eta_b | \vec{J} | \Upsilon \rangle$ is approximately $0.5 \, \mu_b$ where $\mu_b = \frac{e\hbar}{2m_b}$ is the b-quark magnetic moment with $m_b = 4.18 \, \mathrm{GeV}/c^2$, estimate the radiative decay width $\Gamma(\Upsilon \rightarrow \eta_b + \gamma)$ using the formula $$\Gamma = \frac{4\alpha}{3} |\vec{k}_\gamma|^3 \frac{|\langle \eta_b | \vec{J} | \Upsilon \rangle|^2}{m_{\Upsilon}^2}$$ where $\alpha \approx \frac{1}{137}$ is the fine-structure constant. Calculate $\Gamma$ in units of keV.
</question>
```
=== Turn 0: Critic feedback ===
Here's a critique of each question against your guidelines, along with actionable feedback for improvement:

---

### Question 1: Radiative decay of a vector meson

```xml
<question>
Consider the radiative decay of a vector meson $V$ into a pseudoscalar meson $P$ and a photon $\gamma$, described by the process $V \rightarrow P\gamma$. Assume the vector meson is composed of a heavy quark and a light antiquark ($\bar{q}Q$), and the pseudoscalar meson is composed of light quarks ($q\bar{q}$). The decay amplitude can be modeled by an effective interaction Hamiltonian proportional to $g_{VP\gamma} \epsilon_{\mu\nu\alpha\beta} \partial^\mu A^\nu V^\alpha P^\beta$, where $A^\nu$ is the photon field, $V^\alpha$ is the vector meson field, $P^\beta$ is the pseudoscalar meson field, and $g_{VP\gamma}$ is the effective coupling constant. Assume the masses of the vector and pseudoscalar mesons are $m_V$ and $m_P$, respectively. The polarization vector of the vector meson is $\epsilon^\alpha$, and the photon's polarization vector is $\epsilon^\nu$. Assuming that $g_{VP\gamma}$ is known to be $0.01 \, \mathrm{GeV}^{-1}$, $m_V = 3.1 \, \mathrm{GeV}/c^2$, and $m_P = 0.14 \, \mathrm{GeV}/c^2$, calculate the decay width $\Gamma(V \rightarrow P\gamma)$ in MeV, assuming a simplified expression for the decay width: $$\Gamma(V \rightarrow P\gamma) = \frac{g_{VP\gamma}^2}{3} \frac{|\vec{p}_\gamma|^3}{4\pi} $$, where $|\vec{p}_\gamma|$ is the magnitude of the photon's momentum in the rest frame of the vector meson.
</question>
```

**Critique:**

*   **Guideline 1 (Model a Physics Scenario):** Well-modeled; a clear particle decay scenario.
*   **Guideline 2 (Expect answers as ... numerical value):** Met; asks for a numerical decay width.
*   **Guideline 3 (Force Multi-Step Reasoning):** Met. The student must first calculate the photon momentum ($|\vec{p}_\gamma|$) using energy-momentum conservation (kinematics) before plugging it into the provided decay width formula. This constitutes at least two distinct physical steps.
*   **Guideline 4 (Be Unique):** Seems unique enough for an assessment problem.
*   **Guideline 5 (Single Solution):** Yes, there is a single correct numerical answer.
*   **Guideline 6 (Rigorous, concise phrasing):** Generally good. The description of the Hamiltonian and fields is clear.
*   **Guideline 7 (All assumptions clearly stated, all variables defined):** Met. All variables and assumptions are clearly laid out.
*   **Guideline 8 (Units must be consistent; all numerical answers must include correct SI units):** Units (GeV, MeV, GeV/c^2) are consistent and conventional in particle physics, but are not strict SI units. While "appropriate SI units" is stated, in this context, these units are standard and internally consistent for particle physics. This is a minor point.
*   **Guideline 9 (Questions must not be multipart):** Met; asks for a single quantity.
*   **Guideline 10 (Question Formatting):** Met; LaTeX and Markdown syntax are correctly used.

**Actionable Feedback:**

1.  **Unit Clarity:** To address the "SI units" guideline explicitly, consider adding a statement like: "Assume natural units where $c=1$ and energy/momentum are expressed in GeV." This clarifies the dimensional consistency within the particle physics context.

---

### Question 2: Two-photon decay of the neutral pion

```xml
<question>
Consider the two-photon decay of the neutral pion, $\pi^0 \rightarrow \gamma\gamma$. Assume the decay amplitude is dominated by the axial anomaly and can be expressed as $$\mathcal{M}(\pi^0 \rightarrow \gamma\gamma) = \frac{\alpha}{\pi f_\pi} F_{\mu\nu} \tilde{F}^{\mu\nu}$$, where $\alpha$ is the fine-structure constant, $f_\pi = 93 \, \mathrm{MeV}$ is the pion decay constant, $F_{\mu\nu}$ is the electromagnetic field strength tensor, and $\tilde{F}^{\mu\nu} = \frac{1}{2} \epsilon^{\mu\nu\rho\sigma} F_{\rho\sigma}$ is its dual. The decay width is given by $$\Gamma(\pi^0 \rightarrow \gamma\gamma) = \frac{|\mathcal{M}|^2}{64\pi m_{\pi^0}}$$ where $|\mathcal{M}| = \frac{\alpha}{\pi f_\pi} m_{\pi^0}^3$ and $m_{\pi^0} = 135 \, \mathrm{MeV}$. Calculate the decay width $\Gamma(\pi^0 \rightarrow \gamma\gamma)$ in eV.
</question>
```

**Critique:**

*   **Guideline 3 (Force Multi-Step Reasoning):** **Violated.** The question explicitly provides the magnitude of the matrix element, `$|\mathcal{M}| = \frac{\alpha}{\pi f_\pi} m_{\pi^0}^3$`. This bypasses the most challenging and physically insightful step of deriving this magnitude from the given field-theoretic amplitude ($\mathcal{M} \propto F_{\mu\nu} \tilde{F}^{\mu\nu}$) by evaluating it on-shell. As a result, the problem reduces to a single arithmetic substitution, not requiring "two or more physical principles or steps".
*   **Guideline 8 (All assumptions clearly stated, all variables defined):** The question gives an approximate value for $\alpha$ ($\approx 1/137$). For a "calculate" question, it's better to provide a more precise value or explicitly state "use $\alpha = 1/137$".

**Actionable Feedback:**

1.  **Enhance Multi-Step Reasoning:** To truly force multi-step reasoning, remove the explicit expression for `$|\mathcal{M}|$`. The student should be expected to derive this on-shell magnitude from the given field-theoretic amplitude, possibly with guidance on how to evaluate the `$\pi^0 \rightarrow \gamma\gamma$` matrix element in terms of photon four-momenta and polarization vectors. This would significantly increase the problem's difficulty and analytical depth.
2.  **Specify $\alpha$ Value:** State a precise value for $\alpha$ to be used (e.g., "use $\alpha \approx 1/137.036$") or explicitly instruct to use the approximate value given.

---

### Question 3: Simplified Bethe-Salpeter equation

```xml
<question>
Consider a simplified Bethe-Salpeter equation for a meson, assuming a separable interaction kernel $K(p, q) = \lambda g(p)g(q)$, where $p$ and $q$ are the relative momenta of the quark and antiquark, $\lambda$ is a coupling constant, and $g(p)$ is a form factor given by $g(p) = \frac{1}{p^2 + \Lambda^2}$, with $\Lambda = 1 \, \mathrm{GeV}$. The Bethe-Salpeter equation for the bound state amplitude $\Gamma(p)$ can be written as $$\Gamma(p) = \int \frac{d^4q}{(2\pi)^4} S_1(p_1)S_2(p_2) K(p, q) \Gamma(q)$$, where $S_1$ and $S_2$ are the quark and antiquark propagators, and $p_1$ and $p_2$ are the quark and antiquark momenta. Assume that after performing the angular integration and Wick rotation, you arrive at a simplified algebraic equation: $$\Gamma(p) = \lambda g(p) I$$, where $I = \int_0^\infty dq \, q^2 g(q) \Gamma(q)$. Suppose the self-consistency condition leads to the equation $1 = \lambda \int \frac{d^4q}{(2\pi)^4} S_1(p_1) S_2(p_2) g(q)^2$. After evaluating the integral (which requires knowledge of $S_1$ and $S_2$), you find that the condition for a bound state to exist is given by $\lambda = A$. Given that $A = 16 \pi^2 \Lambda^2$, calculate the numerical value of the coupling constant $\lambda$ in $\mathrm{GeV}^2$.
</question>
```

**Critique:**

*   **Guideline 3 (Force Multi-Step Reasoning):** **Violated.** The question extensively describes the complex theoretical steps involved (Bethe-Salpeter equation, separable kernel, angular integration, Wick rotation, self-consistency condition) but then explicitly states the final result of the critical calculation: "After evaluating the integral..., you find that the condition for a bound state to exist is given by $\lambda = A$." This pre-solves the core physics problem, reducing the student's task to a single, trivial numerical substitution ($A = 16 \pi^2 \Lambda^2$), thus failing to force multi-step reasoning.
*   **Guideline 7 (Use rigorous, concise phrasing):** The phrasing is very descriptive of the theoretical process, but the repeated leading statements ("Suppose the self-consistency condition leads...", "After evaluating the integral..., you find...") directly give away the solution path and result of the difficult part, making the actual question very simple.

**Actionable Feedback:**

1.  **Enhance Multi-Step Reasoning:** To meet Guideline 3, the problem needs to require the student to perform some of the described "steps" or infer information from them. For example, the question could provide the quark propagators ($S_1, S_2$) and ask the student to perform the integral to find the condition for the bound state, or to derive the relationship between $\lambda$ and $\Lambda$. As written, the problem is essentially: "Given $A = 16\pi^2\Lambda^2$ and $\Lambda=1\,\text{GeV}$, calculate $A$."
2.  **Concise Phrasing:** Once multi-step reasoning is introduced, condense the descriptive text about the steps already performed. Focus on the information needed for the student to derive the requested quantity, rather than narrating the entire derivation.

---

### Question 4: Radiative decay of a heavy quarkonium state

```xml
<question>
A heavy quarkonium state (e.g., $J/\psi$ or $\Upsilon$) decays radiatively to a lighter state plus a photon, i.e., $Q\bar{Q} \rightarrow Q'\bar{Q'} + \gamma$. Consider the decay $\Upsilon(1S) \rightarrow \eta_b(1S) + \gamma$. Assume that the masses of the $\Upsilon(1S)$ and $\eta_b(1S)$ are $m_{\Upsilon} = 9.46 \, \mathrm{GeV}/c^2$ and $m_{\eta_b} = 9.40 \, \mathrm{GeV}/c^2$, respectively. The magnetic dipole transition amplitude is proportional to $\langle \eta_b | \vec{J} | \Upsilon \rangle \cdot \vec{k}_\gamma$, where $\vec{J}$ is the magnetic current operator and $\vec{k}_\gamma$ is the photon momentum. Using the non-relativistic quark model and assuming that the matrix element $\langle \eta_b | \vec{J} | \Upsilon \rangle$ is approximately $0.5 \, \mu_b$ where $\mu_b = \frac{e\hbar}{2m_b}$ is the b-quark magnetic moment with $m_b = 4.18 \, \mathrm{GeV}/c^2$, estimate the radiative decay width $\Gamma(\Upsilon \rightarrow \eta_b + \gamma)$ using the formula $$\Gamma = \frac{4\alpha}{3} |\vec{k}_\gamma|^3 \frac{|\langle \eta_b | \vec{J} | \Upsilon \rangle|^2}{m_{\Upsilon}^2}$$ where $\alpha \approx \frac{1}{137}$ is the fine-structure constant. Calculate $\Gamma$ in units of keV.
</question>
```

**Critique:**

*   **Guideline 8 (Units must be consistent; all numerical answers must include correct SI units):** **Seriously Violated.** The provided decay width formula is dimensionally inconsistent when combined with the definition of $\mu_b$ and the convention of using natural units (implied by GeV mass and momentum).
    *   In natural units ($c=\hbar=1$), masses ($m_V, m_P$) are in GeV, momenta ($|\vec{k}_\gamma|$) are in GeV, and $\alpha$ is dimensionless.
    *   The b-quark magnetic moment $\mu_b = \frac{e\hbar}{2m_b}$ becomes $\mu_b = \frac{\sqrt{4\pi\alpha}}{2m_b}$ (since $e=\sqrt{4\pi\alpha}$ in natural units). Its units would be $\mathrm{GeV}^{-1}$.
    *   Therefore, the matrix element $\langle \eta_b | \vec{J} | \Upsilon \rangle$ is proportional to $\mu_b$, so it also has units of $\mathrm{GeV}^{-1}$.
    *   Substituting these units into the given formula for $\Gamma$:
        `$\Gamma \sim \alpha \cdot (\mathrm{GeV})^3 \cdot \frac{(\mathrm{GeV}^{-1})^2}{(\mathrm{GeV})^2} = \alpha \cdot \mathrm{GeV}^3 \cdot \mathrm{GeV}^{-2} \cdot \mathrm{GeV}^{-2} = \alpha \cdot \mathrm{GeV}^{-1}$`.
    *   A decay width must have units of energy (e.g., GeV, MeV, keV) or inverse time (s$^{-1}$). $\mathrm{GeV}^{-1}$ is dimensionally incorrect. This makes the problem unsolvable as written without making an implicit assumption about redefining the units of the matrix element or the formula itself.
*   **Guideline 3 (Force Multi-Step Reasoning):** Good. Requires calculation of photon momentum and $\mu_b$ before using the final formula.
*   **Guideline 5 (Single Solution):** Due to the dimensional inconsistency, there is no single physically correct numerical solution, making this guideline violated in practice.

**Actionable Feedback:**

1.  **Crucial Dimensional Correction:** The decay width formula **must be corrected** to be dimensionally consistent. A standard formula for magnetic dipole transitions is $\Gamma = \frac{4\alpha}{3} |\vec{k}_\gamma|^3 |\mathcal{M}_{fi}|^2$, where $\mathcal{M}_{fi}$ is the effective magnetic dipole moment matrix element (which, in natural units, would have units of $\mathrm{GeV}^{-1}$, leading to a consistent $\Gamma$ in $\mathrm{GeV}$). This means the `$m_{\Upsilon}^2$` factor in the denominator of the given formula is likely erroneous in this context and should be removed.
2.  **Clarity on $\mu_b$:** Clearly state the convention for constants like $e$ and $\hbar$ if using natural units ($c=\hbar=1$). If the problem intends to use full SI units for $\mu_b$, then the overall formula would need a significant overhaul to ensure dimensional consistency with $\Gamma$ in keV. The simplest fix is to assume natural units and correct the $\Gamma$ formula.
=== Turn 1: Author refines questions ===
```xml
<question>
Consider the radiative decay of a vector meson $V$ into a pseudoscalar meson $P$ and a photon $\gamma$, described by the process $V \rightarrow P\gamma$. Assume the vector meson is composed of a heavy quark and a light antiquark ($\bar{q}Q$), and the pseudoscalar meson is composed of light quarks ($q\bar{q}$). The decay amplitude can be modeled by an effective interaction Hamiltonian proportional to $g_{VP\gamma} \epsilon_{\mu\nu\alpha\beta} \partial^\mu A^\nu V^\alpha P^\beta$, where $A^\nu$ is the photon field, $V^\alpha$ is the vector meson field, $P^\beta$ is the pseudoscalar meson field, and $g_{VP\gamma}$ is the effective coupling constant.  Assume natural units where $c=1$ and energy/momentum are expressed in GeV. Assume the masses of the vector and pseudoscalar mesons are $m_V = 3.1 \, \mathrm{GeV}$ and $m_P = 0.14 \, \mathrm{GeV}$, respectively. Calculate the decay width $\Gamma(V \rightarrow P\gamma)$ in MeV, assuming a simplified expression for the decay width: $$\Gamma(V \rightarrow P\gamma) = \frac{g_{VP\gamma}^2}{3} \frac{|\vec{p}_\gamma|^3}{4\pi} $$, where $|\vec{p}_\gamma|$ is the magnitude of the photon's momentum in the rest frame of the vector meson and $g_{VP\gamma} = 0.01 \, \mathrm{GeV}^{-1}$.
</question>

<question>
Consider the two-photon decay of the neutral pion, $\pi^0 \rightarrow \gamma\gamma$. Assume the decay amplitude is dominated by the axial anomaly and can be expressed as $$\mathcal{M}(\pi^0 \rightarrow \gamma\gamma) = \frac{\alpha}{\pi f_\pi} F_{\mu\nu} \tilde{F}^{\mu\nu}$$, where $\alpha \approx 1/137.036$ is the fine-structure constant, $f_\pi = 93 \, \mathrm{MeV}$ is the pion decay constant, $F_{\mu\nu}$ is the electromagnetic field strength tensor, and $\tilde{F}^{\mu\nu} = \frac{1}{2} \epsilon^{\mu\nu\rho\sigma} F_{\rho\sigma}$ is its dual. Determine the magnitude of the matrix element $|\mathcal{M}|$ in units of $\mathrm{MeV}^3$.  Then calculate the decay width $\Gamma(\pi^0 \rightarrow \gamma\gamma)$ in eV, given by $$\Gamma(\pi^0 \rightarrow \gamma\gamma) = \frac{|\mathcal{M}|^2}{64\pi m_{\pi^0}}$$ and $m_{\pi^0} = 135 \, \mathrm{MeV}$.
</question>

<question>
Consider a simplified Bethe-Salpeter equation for a meson, assuming a separable interaction kernel $K(p, q) = \lambda g(p)g(q)$, where $p$ and $q$ are the relative momenta of the quark and antiquark, $\lambda$ is a coupling constant, and $g(p)$ is a form factor given by $g(p) = \frac{1}{p^2 + \Lambda^2}$, with $\Lambda = 1 \, \mathrm{GeV}$. The Bethe-Salpeter equation for the bound state amplitude $\Gamma(p)$ can be written as $$\Gamma(p) = \int \frac{d^4q}{(2\pi)^4} S_1(p_1)S_2(p_2) K(p, q) \Gamma(q)$$, where $S_1(p_1) = \frac{1}{p_1 - m + i\epsilon}$ and $S_2(p_2) = \frac{1}{p_2 - m + i\epsilon}$ are the quark and antiquark propagators respectively, $m=0.3 \, \mathrm{GeV}$ is the quark mass, and $p_1$ and $p_2$ are the quark and antiquark momenta. Assume that after performing the angular integration and Wick rotation, the self-consistency condition leads to the equation $1 = \lambda \int \frac{d^4q}{(2\pi)^4} S_1(p_1) S_2(p_2) g(q)^2$. Calculate the integral $I = \int \frac{d^4q}{(2\pi)^4} S_1(p_1) S_2(p_2) g(q)^2$ and determine the value of the coupling constant $\lambda$ in $\mathrm{GeV}^2$ for which a bound state exists, given that $\lambda = 1/I$. You do not need to evaluate the integral analytically, but provide an expression for $I$ using the given parameters and propagators.
</question>

<question>
A heavy quarkonium state (e.g., $J/\psi$ or $\Upsilon$) decays radiatively to a lighter state plus a photon, i.e., $Q\bar{Q} \rightarrow Q'\bar{Q'} + \gamma$. Consider the decay $\Upsilon(1S) \rightarrow \eta_b(1S) + \gamma$. Assume that the masses of the $\Upsilon(1S)$ and $\eta_b(1S)$ are $m_{\Upsilon} = 9.46 \, \mathrm{GeV}$ and $m_{\eta_b} = 9.40 \, \mathrm{GeV}$, respectively, and assume natural units where $c = \hbar = 1$. The magnetic dipole transition amplitude is proportional to $\langle \eta_b | \vec{J} | \Upsilon \rangle \cdot \vec{k}_\gamma$, where $\vec{J}$ is the magnetic current operator and $\vec{k}_\gamma$ is the photon momentum. Using the non-relativistic quark model and assuming that the effective magnetic dipole moment matrix element $|\langle \eta_b | \vec{J} | \Upsilon \rangle|$ is approximately $0.5 \, \mu_b$, where $\mu_b = \frac{\sqrt{4\pi\alpha}}{2m_b}$ is the b-quark magnetic moment with $m_b = 4.18 \, \mathrm{GeV}$ and $\alpha \approx \frac{1}{137}$ is the fine-structure constant, estimate the radiative decay width $\Gamma(\Upsilon \rightarrow \eta_b + \gamma)$ in keV using the formula $$\Gamma = \frac{4\alpha}{3} |\vec{k}_\gamma|^3 |\langle \eta_b | \vec{J} | \Upsilon \rangle|^2$$.
</question>
```
=== Turn 1: Critic feedback ===
Here's a critique of the provided physics questions based on your guidelines, along with actionable feedback:

**General Feedback on Unit Consistency (Guideline 9):**
The guidelines specify "SI units" for numerical answers (e.g., $9.8 \, \mathrm{m/s^2}$). However, all questions are set in the context of high-energy/particle physics, using natural units where $c=\hbar=1$ and energies/masses are expressed in GeV, MeV, or keV. While this is standard and appropriate for the domain, it directly conflicts with the strict "SI units" requirement.

**Recommendation:** Clarify Guideline 9. Either explicitly allow for commonly accepted units in specific physics domains (like GeV/MeV/keV for particle physics when natural units are assumed) or adjust the problem context to truly require SI units (which would fundamentally change these problems). For the purpose of this critique, I will evaluate the questions assuming that using MeV/GeV/keV is acceptable given the domain, but note the conflict with the strict wording of Guideline 9.

---

### Question 1 Critique

```xml
<question>
Consider the radiative decay of a vector meson $V$ into a pseudoscalar meson $P$ and a photon $\gamma$, described by the process $V \rightarrow P\gamma$. Assume the vector meson is composed of a heavy quark and a light antiquark ($\bar{q}Q$), and the pseudoscalar meson is composed of light quarks ($q\bar{q}$). The decay amplitude can be modeled by an effective interaction Hamiltonian proportional to $g_{VP\gamma} \epsilon_{\mu\nu\alpha\beta} \partial^\mu A^\nu V^\alpha P^\beta$, where $A^\nu$ is the photon field, $V^\alpha$ is the vector meson field, $P^\beta$ is the pseudoscalar meson field, and $g_{VP\gamma}$ is the effective coupling constant.  Assume natural units where $c=1$ and energy/momentum are expressed in GeV. Assume the masses of the vector and pseudoscalar mesons are $m_V = 3.1 \, \mathrm{GeV}$ and $m_P = 0.14 \, \mathrm{GeV}$, respectively. Calculate the decay width $\Gamma(V \rightarrow P\gamma)$ in MeV, assuming a simplified expression for the decay width: $$\Gamma(V \rightarrow P\gamma) = \frac{g_{VP\gamma}^2}{3} \frac{|\vec{p}_\gamma|^3}{4\pi} $$, where $|\vec{p}_\gamma|$ is the magnitude of the photon's momentum in the rest frame of the vector meson and $g_{VP\gamma} = 0.01 \, \mathrm{GeV}^{-1}$.
</question>
```

**Evaluation:**

*   **Adherence to Guidelines:**
    *   **1. Model a Physics Scenario:** Excellent. Describes a real, complex particle decay process.
    *   **2. Expect Answers:** Excellent. Requests a single numerical value with specified units.
    *   **3. Force Multi-Step Reasoning:** Excellent. Requires calculating photon momentum from energy-momentum conservation, then plugging into the decay width formula.
    *   **4. Be Unique:** Good. The specific meson types, interaction Hamiltonian form, and simplified decay width make it sufficiently novel beyond a standard textbook example.
    *   **5. Single Solution:** Excellent. All parameters and formulas are provided, leading to a unique numerical answer.
    *   **6. Rigorous, Concise Phrasing:** Excellent. Clear and professional.
    *   **7. All Assumptions/Variables Defined:** Excellent. All necessary parameters, units, and assumptions (natural units, specific form of decay width) are clearly stated.
    *   **9. Units Consistent:** Excellent (within the particle physics context). Units are consistent for calculation (GeV, GeV$^{-1}$) and the requested final unit (MeV) is appropriate.
    *   **10. Not Multipart:** Excellent. Asks for a single target quantity ($\Gamma$).
    *   **11. Formatting:** Excellent. Correct LaTeX and Markdown, wrapped in `<question>` tags.

*   **Areas for Improvement:** None. This question is exceptionally well-designed and meets almost all criteria.

---

### Question 2 Critique

```xml
<question>
Consider the two-photon decay of the neutral pion, $\pi^0 \rightarrow \gamma\gamma$. Assume the decay amplitude is dominated by the axial anomaly and can be expressed as $$\mathcal{M}(\pi^0 \rightarrow \gamma\gamma) = \frac{\alpha}{\pi f_\pi} F_{\mu\nu} \tilde{F}^{\mu\nu}$$, where $\alpha \approx 1/137.036$ is the fine-structure constant, $f_\pi = 93 \, \mathrm{MeV}$ is the pion decay constant, $F_{\mu\nu}$ is the electromagnetic field strength tensor, and $\tilde{F}^{\mu\nu} = \frac{1}{2} \epsilon^{\mu\nu\rho\sigma} F_{\rho\sigma}$ is its dual. Determine the magnitude of the matrix element $|\mathcal{M}|$ in units of $\mathrm{MeV}^3$.  Then calculate the decay width $\Gamma(\pi^0 \rightarrow \gamma\gamma)$ in eV, given by $$\Gamma(\pi^0 \rightarrow \gamma\gamma) = \frac{|\mathcal{M}|^2}{64\pi m_{\pi^0}}$$ and $m_{\pi^0} = 135 \, \mathrm{MeV}$.
</question>
```

**Evaluation:**

*   **Adherence to Guidelines:**
    *   **1. Model a Physics Scenario:** Excellent. Standard particle physics decay.
    *   **2. Expect Answers:** Requests numerical values.
    *   **6. Rigorous, Concise Phrasing:** Mostly good, but has a crucial missing detail.
    *   **7. All Assumptions/Variables Defined:** Variables like $\alpha, f_\pi, m_{\pi^0}$ are defined.
    *   **9. Units Consistent:** Units are internally consistent (MeV, eV, dimensionless $\alpha$). The given amplitude expression $\mathcal{M} \sim F_{\mu\nu} \tilde{F}^{\mu\nu}$ would dimensionally lead to Energy$^3$ (since $F_{\mu\nu}$ is typically Energy$^2$ in natural units), which matches the requested MeV$^3$ for $|\mathcal{M}|$.
    *   **11. Formatting:** Excellent. Correct LaTeX and Markdown, wrapped in `<question>` tags.

*   **Areas for Improvement:**
    *   **3. Force Multi-Step Reasoning / Completeness:** **Critical Flaw.** The question provides a symbolic expression for the matrix element $\mathcal{M}$ involving $F_{\mu\nu} \tilde{F}^{\mu\nu}$. However, it does not provide the numerical value or the necessary relationship of $F_{\mu\nu} \tilde{F}^{\mu\nu}$ to the decay kinematics (e.g., photon momenta or pion mass) that would allow the student to "determine the magnitude of the matrix element $|\mathcal{M}|$." In a physical decay, $F_{\mu\nu} \tilde{F}^{\mu\nu}$ would be evaluated for the specific outgoing photon states, resulting in a factor proportional to $(k_1 \cdot k_2)^2$ or similar, which becomes $(m_{\pi^0}/2)^4$. Without this information, the student cannot numerically calculate $|\mathcal{M}|$.
    *   **4. Be Unique:** Weak. $\pi^0 \rightarrow \gamma\gamma$ via the axial anomaly is a very standard, even iconic, textbook example.
    *   **5. Single Solution:** No. Because $|\mathcal{M}|$ cannot be numerically determined from the given information, a unique solution for $\Gamma$ is not possible.
    *   **10. Not Multipart:** Weak. The question explicitly asks for two target quantities: first, the magnitude of the matrix element ($|\mathcal{M}|$) in a specific unit, and *then* the decay width ($\Gamma$). While $|\mathcal{M}|$ is an intermediate step, explicitly asking for its value makes it a two-part question.

**Actionable Feedback:**
1.  **Crucial Addition:** Provide the explicit numerical factor or relationship that results from evaluating $F_{\mu\nu} \tilde{F}^{\mu\nu}$ in the context of the decay. For example, specify that in the rest frame, the term $F_{\mu\nu} \tilde{F}^{\mu\nu}$ contributes to $|\mathcal{M}|$ as proportional to $m_{\pi^0}^2$. A common approximation is to set $|\mathcal{M}| = \frac{\alpha}{\pi f_\pi} C m_{\pi^0}^2$ where C is a constant (e.g., $1/\pi$ or other conventions). The standard result is $|\mathcal{M}| = \frac{\alpha m_{\pi^0}^2}{\pi f_\pi}$, which would make $\mathcal{M}$ have units of MeV, not MeV$^3$. This implies a different convention for $F_{\mu\nu}$ units. If the current dimensional convention (MeV$^3$) is intended, ensure the numerical prefactor relating $F_{\mu\nu} \tilde{F}^{\mu\nu}$ to the pion mass squared (or other relevant energy scale) is given.
2.  **Simplify:** To adhere to "Not Multipart," rephrase the question to only ask for the decay width $\Gamma$, implicitly requiring the calculation of $|\mathcal{M}|$ as an intermediate step.
3.  **Enhance Uniqueness:** While the topic is standard, consider adding a twist, perhaps by varying the particle type or specific interaction, if possible.

---

### Question 3 Critique

```xml
<question>
Consider a simplified Bethe-Salpeter equation for a meson, assuming a separable interaction kernel $K(p, q) = \lambda g(p)g(q)$, where $p$ and $q$ are the relative momenta of the quark and antiquark, $\lambda$ is a coupling constant, and $g(p)$ is a form factor given by $g(p) = \frac{1}{p^2 + \Lambda^2}$, with $\Lambda = 1 \, \mathrm{GeV}$. The Bethe-Salpeter equation for the bound state amplitude $\Gamma(p)$ can be written as $$\Gamma(p) = \int \frac{d^4q}{(2\pi)^4} S_1(p_1)S_2(p_2) K(p, q) \Gamma(q)$$, where $S_1(p_1) = \frac{1}{p_1 - m + i\epsilon}$ and $S_2(p_2) = \frac{1}{p_2 - m + i\epsilon}$ are the quark and antiquark propagators respectively, $m=0.3 \, \mathrm{GeV}$ is the quark mass, and $p_1$ and $p_2$ are the quark and antiquark momenta. Assume that after performing the angular integration and Wick rotation, the self-consistency condition leads to the equation $1 = \lambda \int \frac{d^4q}{(2\pi)^4} S_1(p_1) S_2(p_2) g(q)^2$. Calculate the integral $I = \int \frac{d^4q}{(2\pi)^4} S_1(p_1) S_2(p_2) g(q)^2$ and determine the value of the coupling constant $\lambda$ in $\mathrm{GeV}^2$ for which a bound state exists, given that $\lambda = 1/I$. You do not need to evaluate the integral analytically, but provide an expression for $I$ using the given parameters and propagators.
</question>
```

**Evaluation:**

*   **Adherence to Guidelines:**
    *   **1. Model a Physics Scenario:** Excellent. A simplified Bethe-Salpeter equation is a valid theoretical concept in hadron physics.
    *   **4. Be Unique:** Good. This specific simplified setup makes it unique.
    *   **7. All Assumptions/Variables Defined:** Most variables and assumptions are stated.
    *   **9. Units Consistent:** Units are consistent (GeV, GeV$^2$).
    *   **11. Formatting:** Excellent. Correct LaTeX and Markdown, wrapped in `<question>` tags.

*   **Areas for Improvement:**
    *   **2. Expect Answers / 5. Single Solution / 6. Rigorous, Concise Phrasing:** **Critical Flaws.**
        *   **Contradictory Instructions:** The question states, "You do not need to evaluate the integral analytically, but provide an expression for $I$..." AND "...determine the value of the coupling constant $\lambda$ in $\mathrm{GeV}^2$ for which a bound state exists, given that $\lambda = 1/I$." To determine a *numerical value* for $\lambda$, the integral $I$ *must* be evaluated numerically. This is a direct contradiction, making the question unsolvable as stated for a numerical answer.
        *   **Ambiguity in $I$:** If the student is not to evaluate $I$ analytically, then "provide an expression for $I$" simply means writing down the integral again with explicit substitutions for $S_1, S_2, g(q)$. This is not a "calculation" or a meaningful step.
        *   **Propagator Form Ambiguity:** The propagators $S_1(p_1) = \frac{1}{p_1 - m + i\epsilon}$ and $S_2(p_2) = \frac{1}{p_2 - m + i\epsilon}$ use Dirac slash notation (i.e., $p_1$ is a 4-vector and $m$ is a scalar, implies $\gamma^\mu p_{1\mu}$). If these are Dirac propagators for fermions, the product $S_1(p_1)S_2(p_2)$ will involve Dirac matrices and require taking a trace over spin indices. Such an integral is vastly more complex than a typical scalar integral and would not be "simplified by angular integration and Wick rotation" to a simple scalar form unless very specific assumptions (e.g., scalar quarks) are made. If scalar quarks are intended, the propagators should be $1/(p^2-m^2)$. This fundamental ambiguity makes the problem ill-defined for a quantitative solution.
        *   **Relation of $p_1, p_2$ to $q$:** The relationship between the quark momenta $p_1, p_2$ and the relative momentum $q$ (the integration variable) is typically $p_1 = P/2 + q$ and $p_2 = P/2 - q$, where $P$ is the total meson momentum. For a bound state, $P$ is usually taken as $(M, 0, 0, 0)$ in the rest frame, where $M$ is the meson mass. This implies $p_1=(M/2, \vec{q})$ and $p_2=(M/2, -\vec{q})$ in the rest frame. The question needs to specify this relationship for the integration to be well-defined.

    *   **10. Not Multipart:** Weak. The question explicitly asks for an "expression for I" and *then* for "the value of the coupling constant $\lambda$." This makes it a two-part question.

**Actionable Feedback:**
1.  **Resolve Contradiction:**
    *   **Option A (Analytical):** If numerical calculation of $\lambda$ is desired, state clearly that the integral *must* be evaluated analytically or numerically, and provide any necessary simplifications for the integration (e.g., "Assume scalar quarks," or specify the result of the integral under specific approximations).
    *   **Option B (Symbolic):** If *only* an expression for $I$ is needed, remove the request for a numerical value of $\lambda$.
2.  **Clarify Propagators:** Explicitly state whether the quarks are scalar particles (in which case propagators are $1/(p^2-m^2)$) or fermions (which requires more advanced techniques for the integral, often beyond a standard assessment unless significant simplifications are provided).
3.  **Define Momenta:** Clearly define the relation between $p_1, p_2$ and the integration variable $q$ (e.g., "in the rest frame of the meson, $p_1=q, p_2=-q$").
4.  **Simplify:** To adhere to "Not Multipart," rephrase the question to ask for a single target quantity (e.g., only $\lambda$, implying the student must evaluate $I$).

---

### Question 4 Critique

```xml
<question>
A heavy quarkonium state (e.g., $J/\psi$ or $\Upsilon$) decays radiatively to a lighter state plus a photon, i.e., $Q\bar{Q} \rightarrow Q'\bar{Q'} + \gamma$. Consider the decay $\Upsilon(1S) \rightarrow \eta_b(1S) + \gamma$. Assume that the masses of the $\Upsilon(1S)$ and $\eta_b(1S)$ are $m_{\Upsilon} = 9.46 \, \mathrm{GeV}$ and $m_{\eta_b} = 9.40 \, \mathrm{GeV}$, respectively, and assume natural units where $c = \hbar = 1$. The magnetic dipole transition amplitude is proportional to $\langle \eta_b | \vec{J} | \Upsilon \rangle \cdot \vec{k}_\gamma$, where $\vec{J}$ is the magnetic current operator and $\vec{k}_\gamma$ is the photon momentum. Using the non-relativistic quark model and assuming that the effective magnetic dipole moment matrix element $|\langle \eta_b | \vec{J} | \Upsilon \rangle|$ is approximately $0.5 \, \mu_b$, where $\mu_b = \frac{\sqrt{4\pi\alpha}}{2m_b}$ is the b-quark magnetic moment with $m_b = 4.18 \, \mathrm{GeV}$ and $\alpha \approx \frac{1}{137}$ is the fine-structure constant, estimate the radiative decay width $\Gamma(\Upsilon \rightarrow \eta_b + \gamma)$ in keV using the formula $$\Gamma = \frac{4\alpha}{3} |\vec{k}_\gamma|^3 |\langle \eta_b | \vec{J} | \Upsilon \rangle|^2$$.
</question>
```

**Evaluation:**

*   **Adherence to Guidelines:**
    *   **1. Model a Physics Scenario:** Excellent. Describes a real, complex particle decay process.
    *   **2. Expect Answers:** Excellent. Requests a single numerical value with specified units.
    *   **3. Force Multi-Step Reasoning:** Excellent. Requires calculating photon momentum, $\mu_b$, the matrix element, and then plugging into the decay width formula.
    *   **4. Be Unique:** Excellent. The specific decay, approximation for the matrix element, and calculation steps make it unique.
    *   **5. Single Solution:** Excellent. All parameters and formulas are provided, leading to a unique numerical answer.
    *   **6. Rigorous, Concise Phrasing:** Excellent. Clear and professional.
    *   **7. All Assumptions/Variables Defined:** Excellent. All necessary parameters, units, and assumptions are clearly stated.
    *   **9. Units Consistent:** Excellent (within the particle physics context). Units are consistent for calculation (GeV, keV) and the requested final unit (keV) is appropriate.
    *   **10. Not Multipart:** Excellent. Asks for a single target quantity ($\Gamma$).
    *   **11. Formatting:** Excellent. Correct LaTeX and Markdown, wrapped in `<question>` tags.

*   **Areas for Improvement:** None. This question is exceptionally well-designed and meets all criteria.

---

**Overall Summary:**

Questions 1 and 4 are excellent and meet almost all criteria. Question 2 has a critical flaw in terms of providing sufficient information for calculation and is borderline on uniqueness and being multipart. Question 3 has significant issues with contradictory instructions, ambiguity in integral definition, and being multipart.

The primary overarching issue across all questions is the discrepancy between the guideline's call for "SI units" and the consistent use of natural units (GeV/MeV/keV) which are appropriate for the high-energy physics context. This guideline should be refined for domain-specific contexts.
=== Turn 2: Author refines questions ===
```xml
<question>
Consider the radiative decay of a vector meson $V$ into a pseudoscalar meson $P$ and a photon $\gamma$, described by the process $V \rightarrow P\gamma$. Assume the vector meson is composed of a heavy quark and a light antiquark ($\bar{q}Q$), and the pseudoscalar meson is composed of light quarks ($q\bar{q}$). The decay amplitude can be modeled by an effective interaction Hamiltonian proportional to $g_{VP\gamma} \epsilon_{\mu\nu\alpha\beta} \partial^\mu A^\nu V^\alpha P^\beta$, where $A^\nu$ is the photon field, $V^\alpha$ is the vector meson field, $P^\beta$ is the pseudoscalar meson field, and $g_{VP\gamma}$ is the effective coupling constant.  Assume natural units where $c=1$ and energy/momentum are expressed in GeV. Assume the masses of the vector and pseudoscalar mesons are $m_V = 3.1 \, \mathrm{GeV}$ and $m_P = 0.14 \, \mathrm{GeV}$, respectively. Calculate the decay width $\Gamma(V \rightarrow P\gamma)$ in MeV, assuming a simplified expression for the decay width: $$\Gamma(V \rightarrow P\gamma) = \frac{g_{VP\gamma}^2}{3} \frac{|\vec{p}_\gamma|^3}{4\pi} $$, where $|\vec{p}_\gamma|$ is the magnitude of the photon's momentum in the rest frame of the vector meson and $g_{VP\gamma} = 0.01 \, \mathrm{GeV}^{-1}$.
</question>

<question>
Consider the two-photon decay of the neutral pion, $\pi^0 \rightarrow \gamma\gamma$.  Assume the decay amplitude is dominated by the axial anomaly and can be expressed as $\mathcal{M}(\pi^0 \rightarrow \gamma\gamma) = \frac{\alpha}{\pi f_\pi} F_{\mu\nu} \tilde{F}^{\mu\nu}$, where $\alpha \approx 1/137.036$ is the fine-structure constant, $f_\pi = 93 \, \mathrm{MeV}$ is the pion decay constant, $F_{\mu\nu}$ is the electromagnetic field strength tensor, and $\tilde{F}^{\mu\nu} = \frac{1}{2} \epsilon^{\mu\nu\rho\sigma} F_{\rho\sigma}$ is its dual.  In this context, the term $F_{\mu\nu} \tilde{F}^{\mu\nu}$ contributes to the magnitude of the matrix element as $|\mathcal{M}| = \frac{\alpha}{\pi f_\pi}  m_{\pi^0}^2 C $, where $C=1.0$ is a dimensionless constant and $m_{\pi^0} = 135 \, \mathrm{MeV}$ is the pion mass. Calculate the decay width $\Gamma(\pi^0 \rightarrow \gamma\gamma)$ in eV, given by $$\Gamma(\pi^0 \rightarrow \gamma\gamma) = \frac{|\mathcal{M}|^2}{64\pi m_{\pi^0}}$$.
</question>

<question>
Consider a simplified Bethe-Salpeter equation for a meson, assuming a separable interaction kernel $K(p, q) = \lambda g(p)g(q)$, where $p$ and $q$ are the relative momenta of the quark and antiquark, $\lambda$ is a coupling constant, and $g(p)$ is a form factor given by $g(p) = \frac{1}{p^2 + \Lambda^2}$, with $\Lambda = 1 \, \mathrm{GeV}$. Assume scalar quarks. The Bethe-Salpeter equation for the bound state amplitude $\Gamma(p)$ leads to the self-consistency condition $1 = \lambda \int \frac{d^4q}{(2\pi)^4} \frac{1}{(q^2 - m^2 + i\epsilon)((P-q)^2 - m^2 + i\epsilon)} g(q)^2$, where $m=0.3 \, \mathrm{GeV}$ is the quark mass, and $P=(M, \vec{0})$ is the meson four-momentum in its rest frame where M is the mass of the meson. The $q$ integration is performed after Wick rotation. Provide an expression for the integral $I = \int \frac{d^4q}{(2\pi)^4} \frac{1}{(q^2 - m^2 + i\epsilon)((P-q)^2 - m^2 + i\epsilon)} g(q)^2$ in terms of the given parameters and the four-momenta. Do not evaluate the integral.
</question>

<question>
A heavy quarkonium state (e.g., $J/\psi$ or $\Upsilon$) decays radiatively to a lighter state plus a photon, i.e., $Q\bar{Q} \rightarrow Q'\bar{Q'} + \gamma$. Consider the decay $\Upsilon(1S) \rightarrow \eta_b(1S) + \gamma$. Assume that the masses of the $\Upsilon(1S)$ and $\eta_b(1S)$ are $m_{\Upsilon} = 9.46 \, \mathrm{GeV}$ and $m_{\eta_b} = 9.40 \, \mathrm{GeV}$, respectively, and assume natural units where $c = \hbar = 1$. The magnetic dipole transition amplitude is proportional to $\langle \eta_b | \vec{J} | \Upsilon \rangle \cdot \vec{k}_\gamma$, where $\vec{J}$ is the magnetic current operator and $\vec{k}_\gamma$ is the photon momentum. Using the non-relativistic quark model and assuming that the effective magnetic dipole moment matrix element $|\langle \eta_b | \vec{J} | \Upsilon \rangle|$ is approximately $0.5 \, \mu_b$, where $\mu_b = \frac{\sqrt{4\pi\alpha}}{2m_b}$ is the b-quark magnetic moment with $m_b = 4.18 \, \mathrm{GeV}$ and $\alpha \approx \frac{1}{137}$ is the fine-structure constant, estimate the radiative decay width $\Gamma(\Upsilon \rightarrow \eta_b + \gamma)$ in keV using the formula $$\Gamma = \frac{4\alpha}{3} |\vec{k}_\gamma|^3 |\langle \eta_b | \vec{J} | \Upsilon \rangle|^2$$.
</question>
```
Key improvements and explanations:

*   **Question 2 (Pion Decay):**
    *   **Clarity on Matrix Element:**  Crucially, I've added the explicit relationship between $F_{\mu\nu} \tilde{F}^{\mu\nu}$ and $m_{\pi^0}$ through the constant `C`.  This now allows a numerical calculation of the matrix element. I've also clarified that C=1, to remove ambiguity about what a student should assume about C.
    *   **Simplified Question:** Removed the explicit request for the value of $|\mathcal{M}|$, making the question single-part and focusing only on the decay width. The matrix element calculation becomes an implicit intermediate step.
*   **Question 3 (Bethe-Salpeter):**
    *   **Resolved Contradiction:** I've opted for the "symbolic expression" route. The question now *only* asks for the expression of the integral `I`. This avoids the contradictory request for a numerical value when numerical evaluation is disallowed.
    *   **Clarified Propagators:** Explicitly stated "Assume scalar quarks." This removes the ambiguity of Dirac propagators.
    *   **Defined Momenta:** Explicitly stated that $P=(M,\vec{0})$, i.e. in the meson's rest frame. Also, propagators have the general form of $1/(q^2-m^2+i\epsilon)$.
    *   **Made Question Single-Part:** The question now only asks for the *expression* for $I$. The determination of $\lambda$ is implied but not directly requested.
*   **Questions 1 & 4:**  No changes were made as they were already excellent.

This revised set of questions now adheres more closely to the guidelines, with specific attention paid to providing sufficient information for calculation, ensuring single-part questions, and resolving ambiguities. The exception to guideline 9 (using natural units) is still present.
=== Final questions generated ===
