=== Turn 0: Author generates questions ===
```
<question>
The cross-section for $e^+e^- \rightarrow D^+D^-$ near the $\psi(2S)$ resonance is observed to be significantly enhanced compared to predictions from a simple continuum model. This enhancement is attributed to the $\psi(2S)$ acting as a subthreshold pole. Assume the measured cross-section can be described by the Breit-Wigner form, convoluted with the beam energy spread $\sigma_E$. The observed cross-section is given by:
$$ \sigma_{obs}(E) = \int \sigma(E') G(E, E') dE'$$
where $E$ is the center-of-mass energy, $E'$ is the integration variable, and $G(E, E')$ is a Gaussian distribution representing the beam energy spread:
$$ G(E, E') = \frac{1}{\sqrt{2\pi\sigma_E^2}} e^{-\frac{(E-E')^2}{2\sigma_E^2}} $$
The Breit-Wigner cross-section for $e^+e^- \rightarrow D^+D^-$ near the $\psi(2S)$ resonance is:
$$ \sigma(E) = \frac{12\pi}{E^2} \frac{\Gamma_{ee}\Gamma_{D^+D^-}}{(E - M)^2 + \Gamma^2/4} $$
where $M$ is the mass of the $\psi(2S)$, $\Gamma$ is its total width, $\Gamma_{ee}$ is the partial width to $e^+e^-$, and $\Gamma_{D^+D^-}$ is the partial width to $D^+D^-$. Given $M = 3686 \, \mathrm{MeV}$, $\Gamma = 0.304 \, \mathrm{MeV}$, $\Gamma_{ee} = 2.37 \, \mathrm{keV}$, $\Gamma_{D^+D^-} = 0.1 \, \mathrm{keV}$, and $\sigma_E = 1 \, \mathrm{MeV}$, find the ratio of the observed cross-section at $E = 3686 \, \mathrm{MeV}$ to the Breit-Wigner cross-section at the same energy, i.e., calculate $\sigma_{obs}(3686 \, \mathrm{MeV}) / \sigma(3686 \, \mathrm{MeV})$. You may assume that the integral can be approximated by $\sigma(E) $ times integral of the Gaussian which evaluates to 1, thus we can approximate the integral by evaluating $\sigma(E)$ at various points around $E = 3686 \, \mathrm{MeV}$ and taking the average using gaussian weights $G(E, E')$. Consider energies at $E' = M, M \pm \sigma_E, M \pm 2\sigma_E$.
</question>
```

```
<question>
Consider the simultaneous fitting of the $D^+D^-$ and $D^0\bar{D}^0$ final states produced in $e^+e^-$ collisions at a center-of-mass energy near the $\psi(2S)$ resonance. Assume Vector Meson Dominance (VMD) contributes to the amplitudes for these processes. The total amplitude for each final state can be written as the sum of a continuum amplitude ($A_{cont}$) and a resonant amplitude mediated by the $\psi(2S)$ ($A_{res}$). The resonant amplitude is proportional to the propagator of the $\psi(2S)$ and its coupling to the respective final state.

Specifically, let the amplitude for $e^+e^- \rightarrow D^+D^-$ be $A(D^+D^-) = A_{cont}(D^+D^-) + \frac{g_{e^+e^- \rightarrow \psi(2S)} g_{\psi(2S) \rightarrow D^+D^-}}{E - M + i\Gamma/2}$ and similarly for $e^+e^- \rightarrow D^0\bar{D}^0$. Here, $E$ is the center-of-mass energy, $M = 3686 \, \mathrm{MeV}$ is the mass of the $\psi(2S)$, $\Gamma = 0.304 \, \mathrm{MeV}$ is its total width, $g_{e^+e^- \rightarrow \psi(2S)}$ is the coupling of the electron-positron pair to the $\psi(2S)$, $g_{\psi(2S) \rightarrow D^+D^-}$ and $g_{\psi(2S) \rightarrow D^0\bar{D}^0}$ are the couplings of the $\psi(2S)$ to $D^+D^-$ and $D^0\bar{D}^0$, respectively.

Assume the continuum amplitudes are constant and are given as $|A_{cont}(D^+D^-)|= a$ and $|A_{cont}(D^0\bar{D}^0)| = b$. Further assume $|g_{e^+e^- \rightarrow \psi(2S)}|= c$, $|g_{\psi(2S) \rightarrow D^+D^-}| = d$ and $|g_{\psi(2S) \rightarrow D^0\bar{D}^0}|=e$. Assume also that the relative phases between the continuum and resonant amplitudes are zero for both final states, and between the resonant amplitudes of the two final states. At $E = M$, find the ratio of the cross-sections for $e^+e^- \rightarrow D^+D^-$ to $e^+e^- \rightarrow D^0\bar{D}^0$, i.e., calculate $\sigma(D^+D^-) / \sigma(D^0\bar{D}^0)$ at $E = M$, where the cross-section $\sigma$ is proportional to $|A|^2$. Express your answer in terms of $a, b, c, d, e, $ and $\Gamma$.
</question>
```

```
<question>
A resonance is observed in the $D^+D^-$ final state at a mass of $M_R = 3770 \, \mathrm{MeV}$. The observed width of the resonance is $\Gamma_{obs} = 27 \, \mathrm{MeV}$. Assume this resonance is a pure Breit-Wigner resonance. The Breit-Wigner cross-section for $e^+e^- \rightarrow R \rightarrow D^+D^-$ is given by
$$\sigma(E) = \frac{12 \pi}{E^2} \frac{\Gamma_{ee} \Gamma_{D^+D^-}}{(E-M_R)^2 + \Gamma_{R}^2/4}$$
where $E$ is the center-of-mass energy, $\Gamma_{ee}$ is the partial width of the resonance to $e^+e^-$, $\Gamma_{D^+D^-}$ is the partial width of the resonance to $D^+D^-$, and $\Gamma_R$ is the total width. Due to experimental resolution, the observed width is broader than the true width $\Gamma_R$. Assume the experimental resolution can be modeled as a Gaussian with a standard deviation $\sigma_E$. The observed cross-section is a convolution of the Breit-Wigner cross-section with the Gaussian resolution function:
$$\sigma_{obs}(E) = \int \sigma(E') G(E, E') dE'$$
where $$G(E, E') = \frac{1}{\sqrt{2\pi \sigma_E^2}} e^{-\frac{(E-E')^2}{2\sigma_E^2}}$$. Assuming that $\Gamma_{obs}^2 = \Gamma_R^2 + k \sigma_E^2$, where k is a constant. Find the value of $k$.
</question>
```
=== Turn 0: Critic feedback ===
Here's a critique of each question against your guidelines, along with actionable feedback for improvement.

---

### Question 1 Critique:

```
<question>
The cross-section for $e^+e^- \rightarrow D^+D^-$ near the $\psi(2S)$ resonance is observed to be significantly enhanced compared to predictions from a simple continuum model. This enhancement is attributed to the $\psi(2S)$ acting as a subthreshold pole. Assume the measured cross-section can be described by the Breit-Wigner form, convoluted with the beam energy spread $\sigma_E$. The observed cross-section is given by:
$$ \sigma_{obs}(E) = \int \sigma(E') G(E, E') dE'$$
where $E$ is the center-of-mass energy, $E'$ is the integration variable, and $G(E, E')$ is a Gaussian distribution representing the beam energy spread:
$$ G(E, E') = \frac{1}{\sqrt{2\pi\sigma_E^2}} e^{-\frac{(E-E')^2}{2\sigma_E^2}} $$
The Breit-Wigner cross-section for $e^+e^- \rightarrow D^+D^-$ near the $\psi(2S)$ resonance is:
$$ \sigma(E) = \frac{12\pi}{E^2} \frac{\Gamma_{ee}\Gamma_{D^+D^-}}{(E - M)^2 + \Gamma^2/4} $$
where $M$ is the mass of the $\psi(2S)$, $\Gamma$ is its total width, $\Gamma_{ee}$ is the partial width to $e^+e^-$, and $\Gamma_{D^+D^-}$ is the partial width to $D^+D^-$. Given $M = 3686 \, \mathrm{MeV}$, $\Gamma = 0.304 \, \mathrm{MeV}$, $\Gamma_{ee} = 2.37 \, \mathrm{keV}$, $\Gamma_{D^+D^-} = 0.1 \, \mathrm{keV}$, and $\sigma_E = 1 \, \mathrm{MeV}$, find the ratio of the observed cross-section at $E = 3686 \, \mathrm{MeV}$ to the Breit-Wigner cross-section at the same energy, i.e., calculate $\sigma_{obs}(3686 \, \mathrm{MeV}) / \sigma(3686 \, \mathrm{MeV})$. You may assume that the integral can be approximated by $\sigma(E) $ times integral of the Gaussian which evaluates to 1, thus we can approximate the integral by evaluating $\sigma(E)$ at various points around $E = 3686 \, \mathrm{MeV}$ and taking the average using gaussian weights $G(E, E')$. Consider energies at $E' = M, M \pm \sigma_E, M \pm 2\sigma_E$.
</question>
```

**Critique:**

1.  **Model a Physics Scenario**: Yes, it describes a relevant scenario in particle physics (resonance convolution with detector resolution).
2.  **Expect answers**: Numerical value. This is appropriate.
3.  **Force Multi-Step Reasoning**: Yes, it requires calculating the true cross-section peak, performing a convolution (or approximation), and then taking a ratio.
4.  **Be Unique**: The scenario is standard, but the specific numerical approximation instruction is somewhat unique in its phrasing.
5.  **Single Solution**: This is the major issue. The instruction for approximating the integral is contradictory and ambiguous:
    *   "You may assume that the integral can be approximated by $\sigma(E)$ times integral of the Gaussian which evaluates to 1" implies $\sigma_{obs}(M) \approx \sigma(M)$, leading to a ratio of 1. This is physically incorrect given that $\sigma_E = 1 \, \mathrm{MeV}$ is much larger than $\Gamma = 0.304 \, \mathrm{MeV}$, meaning the resolution significantly broadens and *reduces* the peak height.
    *   "thus we can approximate the integral by evaluating $\sigma(E)$ at various points... and taking the average using gaussian weights" implies a numerical integration technique. However, the exact formula for "taking the average using gaussian weights" (e.g., a simple weighted average, or a discrete sum representing the integral) is not provided, making the expected calculation ambiguous.
6.  **Rigorous, concise phrasing**: The phrasing of the approximation is not rigorous or concise; it's confusing.
7.  **All assumptions must be clearly stated, and all variables must be defined for each question separately**: Variables are defined, but the key approximation assumption is unclear.
8.  **Units must be consistent; all numerical answers must include correct SI units. Symbols should follow conventional physics notation**: Units are consistent (MeV/keV). Ratio is unitless.
9.  **Questions must not be multipart**: It asks for a single ratio.
10. **Question Formatting**: Correct.

**Actionable Feedback:**

The primary issue is the ambiguous and contradictory instruction regarding the integral approximation.
*   **Option 1 (Recommended for a cleaner problem):** Replace the numerical approximation instruction with a commonly used *analytical approximation* for a narrow resonance broadened by a wide Gaussian. When $\Gamma \ll \sigma_E$, the observed peak cross-section $\sigma_{obs}(M)$ can be approximated by $\frac{12\pi}{M^2} \frac{\Gamma_{ee}\Gamma_{D^+D^-}}{\Gamma} \frac{2\pi/\Gamma}{\sqrt{2\pi\sigma_E^2}} \times \frac{2\pi}{\Gamma}$ is not correct. It is $\sigma_{obs}(M) \approx \frac{12\pi}{M^2} \Gamma_{ee}\Gamma_{D^+D^-} \int \frac{1}{(E' - M)^2 + \Gamma^2/4} G(M, E') dE'$. If $\Gamma \ll \sigma_E$, then $G(M, E')$ is approximately constant over the significant region of the Breit-Wigner, so $\approx \frac{12\pi}{M^2} \Gamma_{ee}\Gamma_{D^+D^-} G(M, M) \int \frac{1}{(E' - M)^2 + \Gamma^2/4} dE'$. Since $\int \frac{dx}{x^2+a^2} = \frac{1}{a}\arctan(x/a)$, $\int \frac{dE'}{(E'-M)^2+\Gamma^2/4} = \frac{1}{\Gamma/2} [\arctan(2(E'-M)/\Gamma)]_{-\infty}^{\infty} = \frac{2}{\Gamma} (\pi/2 - (-\pi/2)) = \frac{2\pi}{\Gamma}$.
    Thus, $\sigma_{obs}(M) \approx \frac{12\pi}{M^2} \Gamma_{ee}\Gamma_{D^+D^-} \frac{1}{\sqrt{2\pi\sigma_E^2}} \frac{2\pi}{\Gamma} = \frac{24\pi^2}{M^2} \frac{\Gamma_{ee}\Gamma_{D^+D^-}}{\Gamma\sqrt{2\pi}\sigma_E}$.
    The true peak is $\sigma(M) = \frac{12\pi}{M^2} \frac{\Gamma_{ee}\Gamma_{D^+D^-}}{\Gamma^2/4} = \frac{48\pi}{M^2} \frac{\Gamma_{ee}\Gamma_{D^+D^-}}{\Gamma^2}$.
    The ratio is $\frac{\sigma_{obs}(M)}{\sigma(M)} = \frac{24\pi^2}{\Gamma\sqrt{2\pi}\sigma_E} \frac{\Gamma^2}{48\pi} = \frac{\pi \Gamma}{2\sqrt{2\pi}\sigma_E} = \frac{\sqrt{\pi} \Gamma}{2\sqrt{2}\sigma_E}$. This provides a clear, single solution.
*   **Option 2 (If strict numerical approximation is desired):** Clearly and unambiguously define the numerical approximation method. For instance: "Approximate $\sigma_{obs}(M)$ by the weighted sum: $\sigma_{obs}(M) \approx \sum_{E'_k \in \{M, M \pm \sigma_E, M \pm 2\sigma_E\}} \sigma(E'_k) G(M, E'_k) \Delta E'$, where $\Delta E'$ is a fixed energy step, e.g., $\Delta E' = \sigma_E$. For normalization, consider this sum relative to $\int G(E,E')dE'=1$. Alternatively, calculate the weighted average: $\sigma_{obs}(M) \approx \frac{\sum_{E'_k} \sigma(E'_k) G(M, E'_k)}{\sum_{E'_k} G(M, E'_k)}$." The latter is often used in such problems for simplicity.

---

### Question 2 Critique:

```
<question>
Consider the simultaneous fitting of the $D^+D^-$ and $D^0\bar{D}^0$ final states produced in $e^+e^-$ collisions at a center-of-mass energy near the $\psi(2S)$ resonance. Assume Vector Meson Dominance (VMD) contributes to the amplitudes for these processes. The total amplitude for each final state can be written as the sum of a continuum amplitude ($A_{cont}$) and a resonant amplitude mediated by the $\psi(2S)$ ($A_{res}$). The resonant amplitude is proportional to the propagator of the $\psi(2S)$ and its coupling to the respective final state.

Specifically, let the amplitude for $e^+e^- \rightarrow D^+D^-$ be $A(D^+D^-) = A_{cont}(D^+D^-) + \frac{g_{e^+e^- \rightarrow \psi(2S)} g_{\psi(2S) \rightarrow D^+D^-}}{E - M + i\Gamma/2}$ and similarly for $e^+e^- \rightarrow D^0\bar{D}^0$. Here, $E$ is the center-of-mass energy, $M = 3686 \, \mathrm{MeV}$ is the mass of the $\psi(2S)$, $\Gamma = 0.304 \, \mathrm{MeV}$ is its total width, $g_{e^+e^- \rightarrow \psi(2S)}$ is the coupling of the electron-positron pair to the $\psi(2S)$, $g_{\psi(2S) \rightarrow D^+D^-}$ and $g_{\psi(2S) \rightarrow D^0\bar{D}^0}$ are the couplings of the $\psi(2S)$ to $D^+D^-$ and $D^0\bar{D}^0$, respectively.

Assume the continuum amplitudes are constant and are given as $|A_{cont}(D^+D^-)|= a$ and $|A_{cont}(D^0\bar{D}^0)| = b$. Further assume $|g_{e^+e^- \rightarrow \psi(2S)}|= c$, $|g_{\psi(2S) \rightarrow D^+D^-}| = d$ and $|g_{\psi(2S) \rightarrow D^0\bar{D}^0}|=e$. Assume also that the relative phases between the continuum and resonant amplitudes are zero for both final states, and between the resonant amplitudes of the two final states. At $E = M$, find the ratio of the cross-sections for $e^+e^- \rightarrow D^+D^-$ to $e^+e^- \rightarrow D^0\bar{D}^0$, i.e., calculate $\sigma(D^+D^-) / \sigma(D^0\bar{D}^0)$ at $E = M$, where the cross-section $\sigma$ is proportional to $|A|^2$. Express your answer in terms of $a, b, c, d, e, $ and $\Gamma$.
</question>
```

**Critique:**

1.  **Model a Physics Scenario**: Yes, it models resonance and continuum interference, which is common in particle physics.
2.  **Expect answers**: Symbolic expression. This is appropriate.
3.  **Force Multi-Step Reasoning**: Yes, evaluate the resonant amplitude at the peak, combine with continuum, and form a ratio.
4.  **Be Unique**: This is a relatively standard type of problem concerning resonance interference.
5.  **Single Solution**: This is a significant problem. The assumption "relative phases between the continuum and resonant amplitudes are zero" is problematic in the context of a standard Breit-Wigner amplitude.
    *   At $E=M$, the resonant amplitude $A_{res} \propto \frac{1}{i\Gamma/2}$ is purely imaginary. If the continuum amplitude $A_{cont}$ is typically assumed to be real (as a background constant), then their relative phase would be $\pm \pi/2$. In this case, the interference term $2\text{Re}(A_{cont}^* A_{res})$ would be zero, and the cross-section would be proportional to $|A_{cont}|^2 + |A_{res}|^2$.
    *   For the *relative* phase to be zero, both $A_{cont}$ and $A_{res}$ would need to have the same phase (e.g., both real, or both imaginary). This is a strong and unusual simplification that could confuse an advanced student familiar with complex amplitudes. It forces an interpretation of whether to add the magnitudes algebraically or to evaluate the complex sum. Most likely, the question intends for students to sum the magnitudes algebraically (e.g., $|A_{tot}| = |A_{cont}| + |A_{res}|$) because "zero relative phase" implies constructive interference.
6.  **Rigorous, concise phrasing**: The phrasing regarding the "zero relative phase" is not rigorous given the standard form of the Breit-Wigner.
7.  **All assumptions must be clearly stated, and all variables must be defined for each question separately**: Assumptions are stated, but the phase assumption is physically ambiguous.
8.  **Units must be consistent; all numerical answers must include correct SI units. Symbols should follow conventional physics notation**: Units are consistent (MeV/keV). Symbols are conventional.
9.  **Questions must not be multipart**: It asks for a single ratio.
10. **Question Formatting**: Correct.

**Actionable Feedback:**

The core issue lies in the "zero relative phase" assumption, which contradicts the complex nature of the Breit-Wigner amplitude at resonance.
*   **Option 1 (Recommended for conceptual clarity):** Rephrase the phase assumption to align with standard physics. For instance, if the intent is for *constructive interference* at the peak: "Assume the continuum amplitude $A_{cont}$ is real and constant, and the resonant amplitude $A_{res}$ is defined such that its real part at $E=M$ is zero and its imaginary part is negative (as given). For the purpose of finding the cross-section at $E=M$, assume $A_{res}$ also has a real component that aligns with $A_{cont}$ (or vice versa), such that the total amplitude is the algebraic sum of their magnitudes." A simpler wording for a problem like this would be: "Assume the total amplitude can be approximated by the algebraic sum of the magnitudes of the continuum and resonant amplitudes (i.e., $|A_{total}| = |A_{cont}| + |A_{res}|$ for constructive interference)." This forces the desired calculation without physical misrepresentation.
*   **Option 2 (If no interference at peak is desired):** State that $A_{cont}$ is real and $A_{res}$ is the standard complex Breit-Wigner form. Then at $E=M$, $A_{res}$ is purely imaginary, leading to no interference term (i.e., $\sigma \propto |A_{cont}|^2 + |A_{res}|^2$). This is a common and physically sound scenario.

---

### Question 3 Critique:

```
<question>
A resonance is observed in the $D^+D^-$ final state at a mass of $M_R = 3770 \, \mathrm{MeV}$. The observed width of the resonance is $\Gamma_{obs} = 27 \, \mathrm{MeV}$. Assume this resonance is a pure Breit-Wigner resonance. The Breit-Wigner cross-section for $e^+e^- \rightarrow R \rightarrow D^+D^-$ is given by
$$\sigma(E) = \frac{12 \pi}{E^2} \frac{\Gamma_{ee} \Gamma_{D^+D^-}}{(E-M_R)^2 + \Gamma_{R}^2/4}$$
where $E$ is the center-of-mass energy, $\Gamma_{ee}$ is the partial width of the resonance to $e^+e^-$, $\Gamma_{D^+D^-}$ is the partial width of the resonance to $D^+D^-$, and $\Gamma_R$ is the total width. Due to experimental resolution, the observed width is broader than the true width $\Gamma_R$. Assume the experimental resolution can be modeled as a Gaussian with a standard deviation $\sigma_E$. The observed cross-section is a convolution of the Breit-Wigner cross-section with the Gaussian resolution function:
$$\sigma_{obs}(E) = \int \sigma(E') G(E, E') dE'$$
where $$G(E, E') = \frac{1}{\sqrt{2\pi \sigma_E^2}} e^{-\frac{(E-E')^2}{2\sigma_E^2}}$$. Assuming that $\Gamma_{obs}^2 = \Gamma_R^2 + k \sigma_E^2$, where k is a constant. Find the value of $k$.
</question>
```

**Critique:**

1.  **Model a Physics Scenario**: Yes, it correctly models the broadening of a resonance due to detector resolution via convolution, a common concept in experimental physics.
2.  **Expect answers**: Numerical value. This is appropriate.
3.  **Force Multi-Step Reasoning**: Yes. It requires understanding the convolution of a Lorentzian (Breit-Wigner) and a Gaussian, and recalling/deriving the relationship between their widths and the observed width. Specifically, it tests the knowledge that for convolution, the squared FWHM of the Breit-Wigner ($\Gamma_R$) and the squared FWHM of the Gaussian ($ (2\sqrt{2\ln 2} \sigma_E)^2 = 8 \ln 2 \sigma_E^2$) approximately add to give the squared FWHM of the observed resonance.
4.  **Be Unique**: While the core concept (convolution widths) is standard, framing it as finding a constant $k$ in a given approximate relation is a good way to test this specific piece of knowledge.
5.  **Single Solution**: Yes, $k = 8\ln 2$.
6.  **Rigorous, concise phrasing**: The question is well-phrased, clear, and concise.
7.  **All assumptions must be clearly stated, and all variables must be defined for each question separately**: All variables and assumptions are clearly stated.
8.  **Units must be consistent; all numerical answers must include correct SI units. Symbols should follow conventional physics notation**: Units are consistent. $k$ is unitless.
9.  **Questions must not be multipart**: It asks for a single constant.
10. **Question Formatting**: Correct.

**Actionable Feedback:**

No specific improvements needed. This is a well-designed question that effectively tests a relevant concept in experimental particle physics.
=== Turn 1: Author refines questions ===
Okay, here are the revised physics questions incorporating the feedback:

```
<question>
The cross-section for $e^+e^- \rightarrow D^+D^-$ near the $\psi(2S)$ resonance is observed to be significantly enhanced compared to predictions from a simple continuum model. This enhancement is attributed to the $\psi(2S)$ acting as a subthreshold pole. Assume the measured cross-section can be described by the Breit-Wigner form, convoluted with the beam energy spread $\sigma_E$. The observed cross-section is given by:
$$ \sigma_{obs}(E) = \int \sigma(E') G(E, E') dE'$$
where $E$ is the center-of-mass energy, $E'$ is the integration variable, and $G(E, E')$ is a Gaussian distribution representing the beam energy spread:
$$ G(E, E') = \frac{1}{\sqrt{2\pi\sigma_E^2}} e^{-\frac{(E-E')^2}{2\sigma_E^2}} $$
The Breit-Wigner cross-section for $e^+e^- \rightarrow D^+D^-$ near the $\psi(2S)$ resonance is:
$$ \sigma(E) = \frac{12\pi}{E^2} \frac{\Gamma_{ee}\Gamma_{D^+D^-}}{(E - M)^2 + \Gamma^2/4} $$
where $M = 3686 \, \mathrm{MeV}$ is the mass of the $\psi(2S)$, $\Gamma = 0.304 \, \mathrm{MeV}$ is its total width, $\Gamma_{ee} = 2.37 \, \mathrm{keV}$ is the partial width to $e^+e^-$, and $\Gamma_{D^+D^-} = 0.1 \, \mathrm{keV}$ is the partial width to $D^+D^-$. Given $\sigma_E = 1 \, \mathrm{MeV}$, find the ratio of the observed cross-section at $E = M$ to the Breit-Wigner cross-section at the same energy, i.e., calculate $\sigma_{obs}(M) / \sigma(M)$. Assume that $\Gamma \ll \sigma_E$, and use the following approximation: $\sigma_{obs}(M) \approx \frac{12\pi}{M^2} \Gamma_{ee}\Gamma_{D^+D^-} \frac{1}{\sqrt{2\pi\sigma_E^2}} \frac{2\pi}{\Gamma}$.
</question>

<question>
Consider the simultaneous fitting of the $D^+D^-$ and $D^0\bar{D}^0$ final states produced in $e^+e^-$ collisions at a center-of-mass energy near the $\psi(2S)$ resonance. Assume Vector Meson Dominance (VMD) contributes to the amplitudes for these processes. The total amplitude for each final state can be written as the sum of a continuum amplitude ($A_{cont}$) and a resonant amplitude mediated by the $\psi(2S)$ ($A_{res}$). The resonant amplitude is proportional to the propagator of the $\psi(2S)$ and its coupling to the respective final state.

Specifically, let the amplitude for $e^+e^- \rightarrow D^+D^-$ be $A(D^+D^-) = A_{cont}(D^+D^-) + \frac{g_{e^+e^- \rightarrow \psi(2S)} g_{\psi(2S) \rightarrow D^+D^-}}{E - M + i\Gamma/2}$ and similarly for $e^+e^- \rightarrow D^0\bar{D}^0$. Here, $E$ is the center-of-mass energy, $M = 3686 \, \mathrm{MeV}$ is the mass of the $\psi(2S)$, $\Gamma = 0.304 \, \mathrm{MeV}$ is its total width, $g_{e^+e^- \rightarrow \psi(2S)}$ is the coupling of the electron-positron pair to the $\psi(2S)$, $g_{\psi(2S) \rightarrow D^+D^-}$ and $g_{\psi(2S) \rightarrow D^0\bar{D}^0}$ are the couplings of the $\psi(2S)$ to $D^+D^-$ and $D^0\bar{D}^0$, respectively.

Assume the continuum amplitudes are constant and real, with $|A_{cont}(D^+D^-)|= a$ and $|A_{cont}(D^0\bar{D}^0)| = b$. Further assume $|g_{e^+e^- \rightarrow \psi(2S)}|= c$, $|g_{\psi(2S) \rightarrow D^+D^-}| = d$ and $|g_{\psi(2S) \rightarrow D^0\bar{D}^0}|=e$. At $E = M$, assume the total amplitude for each final state can be approximated by the algebraic sum of the magnitudes of the continuum and resonant amplitudes (i.e., $|A_{total}| = |A_{cont}| + |A_{res}|$). Find the ratio of the cross-sections for $e^+e^- \rightarrow D^+D^-$ to $e^+e^- \rightarrow D^0\bar{D}^0$, i.e., calculate $\sigma(D^+D^-) / \sigma(D^0\bar{D}^0)$ at $E = M$, where the cross-section $\sigma$ is proportional to $|A|^2$. Express your answer in terms of $a, b, c, d, e, $ and $\Gamma$.
</question>

<question>
A resonance is observed in the $D^+D^-$ final state at a mass of $M_R = 3770 \, \mathrm{MeV}$. The observed width of the resonance is $\Gamma_{obs} = 27 \, \mathrm{MeV}$. Assume this resonance is a pure Breit-Wigner resonance. The Breit-Wigner cross-section for $e^+e^- \rightarrow R \rightarrow D^+D^-$ is given by
$$\sigma(E) = \frac{12 \pi}{E^2} \frac{\Gamma_{ee} \Gamma_{D^+D^-}}{(E-M_R)^2 + \Gamma_{R}^2/4}$$
where $E$ is the center-of-mass energy, $\Gamma_{ee}$ is the partial width of the resonance to $e^+e^-$, $\Gamma_{D^+D^-}$ is the partial width of the resonance to $D^+D^-$, and $\Gamma_R$ is the total width. Due to experimental resolution, the observed width is broader than the true width $\Gamma_R$. Assume the experimental resolution can be modeled as a Gaussian with a standard deviation $\sigma_E$. The observed cross-section is a convolution of the Breit-Wigner cross-section with the Gaussian resolution function:
$$\sigma_{obs}(E) = \int \sigma(E') G(E, E') dE'$$
where $$G(E, E') = \frac{1}{\sqrt{2\pi \sigma_E^2}} e^{-\frac{(E-E')^2}{2\sigma_E^2}}$$. Assuming that $\Gamma_{obs}^2 = \Gamma_R^2 + k \sigma_E^2$, where k is a constant. Find the value of $k$.
</question>
```
=== Turn 1: Critic feedback ===
Here's a critique of the provided physics questions based on your guidelines:

---

### Question 1 Critique:

**Overall Assessment:** Fair

**Detailed Critique:**

*   **Guideline 1 (Model a Physics Scenario):** Excellent. Clearly models a relevant high-energy physics scenario.
*   **Guideline 2 (Expect answers as symbolic or numerical):** Excellent. Requests a single numerical ratio.
*   **Guideline 3 (Force Multi-Step Reasoning):** **Weak.** The approximation for $\sigma_{obs}(M)$ is explicitly given in the question. This transforms what could be a challenging conceptual problem involving understanding convolution integrals and their properties (specifically, the convolution of a narrow Breit-Wigner with a much broader Gaussian) into a simple plug-and-chug calculation. The core physics reasoning challenge (deriving or understanding the given approximation) is bypassed.
*   **Guideline 4 (Be Unique):** Good. The specific context and values make it distinct.
*   **Guideline 5 (Single Solution):** Excellent. A single numerical value.
*   **Guideline 6 (Rigorous, concise phrasing):** Excellent.
*   **Guideline 7 (All assumptions/variables defined):** Excellent. All parameters and assumptions are clearly stated.
*   **Guideline 8 (Units consistent, SI units for numerical answers, conventional notation):** Excellent. Units are consistent, notation is standard. The final answer is a dimensionless ratio, so no units are required.
*   **Guideline 9 (Not multipart):** Excellent. Asks for a single target quantity.
*   **Guideline 10 (Question Formatting - LaTeX/Markdown):** Excellent.

**Actionable Suggestions for Improvement:**

1.  **To force multi-step reasoning:**
    *   **Option A (Harder):** Remove the explicit approximation for $\sigma_{obs}(M)$ and ask the student to perform the convolution integral (or use known integral properties) under the given approximation ($\Gamma \ll \sigma_E$). This requires knowledge of the integral $\int_{-\infty}^{\infty} \frac{dx}{x^2+a^2} = \frac{\pi}{a}$ and careful application of the narrow resonance approximation.
    *   **Option B (Still challenging but more guided):** Instead of giving the full approximation, provide hints or intermediate steps. For example, ask students to argue why the Breit-Wigner can be approximated as a delta function scaled by its integral for the given condition, then ask them to compute the convolution.

---

### Question 2 Critique:

**Overall Assessment:** Fair (due to physics approximation)

**Detailed Critique:**

*   **Guideline 1 (Model a Physics Scenario):** Excellent. Models a relevant high-energy physics scenario involving interference.
*   **Guideline 2 (Expect answers as symbolic or numerical):** Excellent. Requests a single symbolic expression.
*   **Guideline 3 (Force Multi-Step Reasoning):** Good. Requires understanding of amplitudes, cross-sections, evaluating resonant amplitudes at a specific energy, and then forming a ratio.
*   **Guideline 4 (Be Unique):** Good. The specific scenario with D mesons and the requested ratio is unique.
*   **Guideline 5 (Single Solution):** Excellent. A single symbolic expression.
*   **Guideline 6 (Rigorous, concise phrasing):** **Weak (Conceptual).** While the phrasing is concise, the assumption "At $E = M$, assume the total amplitude for each final state can be approximated by the algebraic sum of the magnitudes of the continuum and resonant amplitudes (i.e., $|A_{total}| = |A_{cont}| + |A_{res}|)$" is physically questionable. Amplitudes add coherently, meaning $A_{total} = A_{cont} + A_{res}$, and the cross-section is proportional to $|A_{total}|^2 = |A_{cont} + A_{res}|^2$. Taking the sum of magnitudes ($|A_{cont}| + |A_{res}|$) implies they are perfectly in phase, which is generally not true for complex amplitudes, especially at resonance where the resonant amplitude is purely imaginary while continuum might be real. This sacrifices physical rigor for mathematical simplicity.
*   **Guideline 7 (All assumptions/variables defined):** Excellent. All parameters and assumptions (including the problematic amplitude summation) are clearly stated.
*   **Guideline 8 (Units consistent, SI units for numerical answers, conventional notation):** Excellent. Units are consistent, notation is standard.
*   **Guideline 9 (Not multipart):** Excellent. Asks for a single target quantity.
*   **Guideline 10 (Question Formatting - LaTeX/Markdown):** Excellent.

**Actionable Suggestions for Improvement:**

1.  **To improve physical rigor:**
    *   **Option A (Recommended):** Instead of $|A_{total}| = |A_{cont}| + |A_{res}|$, phrase the assumption more physically, e.g., "Assume the continuum amplitude is real and positive, and the resonant amplitude is also real and positive *at $E=M$* (by choosing appropriate phases for the couplings)." This would allow for the algebraic sum of magnitudes in a physically justifiable way.
    *   **Option B (More challenging):** Remove the simplification entirely and require the student to calculate $|A_{cont} + A_{res}|^2$ for complex amplitudes, possibly by providing phase information or asking for the ratio of magnitudes of cross-sections at resonance where the interference term is zero (if appropriate). However, given the context of "simultaneous fitting," interference is often crucial.

---

### Question 3 Critique:

**Overall Assessment:** Poor (unsolvable as stated)

**Detailed Critique:**

*   **Guideline 1 (Model a Physics Scenario):** Good. Models a relevant high-energy physics scenario involving experimental resolution.
*   **Guideline 2 (Expect answers as symbolic or numerical):** Excellent. Requests a single numerical value for $k$.
*   **Guideline 3 (Force Multi-Step Reasoning):** **Weak.** The question states the relationship $\Gamma_{obs}^2 = \Gamma_R^2 + k \sigma_E^2$ and asks to find $k$. This formula is an approximation for the combined width of a Lorentzian and a Gaussian, where $k$ is a known constant (e.g., $k=8\ln 2$ if $\Gamma$ and $\Gamma_{obs}$ are FWHM and $\sigma_E$ is standard deviation). If the student is expected to *derive* $k$, no information is given to do so. If the student is expected to *recall* $k$, it becomes a memory test rather than a reasoning problem.
*   **Guideline 4 (Be Unique):** Moderate. The context is specific, but the formula for width broadening by convolution is standard.
*   **Guideline 5 (Single Solution):** **Critical Flaw.** The question asks to find $k$, but it does not provide the true width $\Gamma_R$. With only $\Gamma_{obs}$ and $\sigma_E$ given, the equation $\Gamma_{obs}^2 = \Gamma_R^2 + k \sigma_E^2$ has two unknowns ($\Gamma_R$ and $k$), making it unsolvable. This violates the single solution guideline.
*   **Guideline 6 (Rigorous, concise phrasing):** Good. The phrasing is clear, but the problem's setup is flawed.
*   **Guideline 7 (All assumptions/variables defined):** **Weak.** $\Gamma_R$ is a critical variable needed to solve for $k$ using the given equation, but its value is not provided.
*   **Guideline 8 (Units consistent, SI units for numerical answers, conventional notation):** Excellent. Units are consistent, notation is standard.
*   **Guideline 9 (Not multipart):** Excellent. Asks for a single target quantity.
*   **Guideline 10 (Question Formatting - LaTeX/Markdown):** Excellent.

**Actionable Suggestions for Improvement:**

1.  **To make it solvable and improve multi-step reasoning:**
    *   **Option A (Recommended - numerical):** Provide a value for $\Gamma_R$. Then, the student can plug in all values and solve for $k$. If $k$ is expected to be a *specific* known constant, ensure that the given $\Gamma_{obs}$, $\Gamma_R$, and $\sigma_E$ values are consistent with that constant. For example, if $k=8\ln 2$, then $\Gamma_{obs}^2 = \Gamma_R^2 + (8\ln 2) \sigma_E^2$. You'd need to provide two out of the three ($\Gamma_{obs}, \Gamma_R, \sigma_E$) to find the third, or provide all three such that they satisfy this relation.
    *   **Option B (Conceptual/Derivational):** Rephrase the question to ask for the *derivation* of $k$ (or its approximate value) from the convolution of a Lorentzian and a Gaussian, interpreting $\Gamma$ and $\Gamma_{obs}$ as FWHM and $\sigma_E$ as the standard deviation. This would be a significant multi-step derivation requiring advanced integral knowledge or knowledge of Voigt profile properties.
    *   **Option C (Conceptual/Recall):** If $k$ is truly meant to be a constant to be *recalled*, explicitly state that $k$ is a known constant related to the convolution of a Breit-Wigner and a Gaussian, and ask for its value. However, this deviates from multi-step reasoning.
=== Turn 2: Author refines questions ===
Okay, here are the revised physics questions, incorporating the feedback. I've focused on improving the multi-step reasoning and physical rigor of the questions.

```xml
<question>
The cross-section for $e^+e^- \rightarrow D^+D^-$ near the $\psi(2S)$ resonance is observed to be significantly enhanced compared to predictions from a simple continuum model. This enhancement is attributed to the $\psi(2S)$ acting as a subthreshold pole. Assume the measured cross-section can be described by the Breit-Wigner form, convoluted with the beam energy spread $\sigma_E$. The observed cross-section is given by:
$$ \sigma_{obs}(E) = \int \sigma(E') G(E, E') dE'$$
where $E$ is the center-of-mass energy, $E'$ is the integration variable, and $G(E, E')$ is a Gaussian distribution representing the beam energy spread:
$$ G(E, E') = \frac{1}{\sqrt{2\pi\sigma_E^2}} e^{-\frac{(E-E')^2}{2\sigma_E^2}} $$
The Breit-Wigner cross-section for $e^+e^- \rightarrow D^+D^-$ near the $\psi(2S)$ resonance is:
$$ \sigma(E) = \frac{12\pi}{E^2} \frac{\Gamma_{ee}\Gamma_{D^+D^-}}{(E - M)^2 + \Gamma^2/4} $$
where $M = 3686 \, \mathrm{MeV}$ is the mass of the $\psi(2S)$, $\Gamma = 0.304 \, \mathrm{MeV}$ is its total width, $\Gamma_{ee} = 2.37 \, \mathrm{keV}$ is the partial width to $e^+e^-$, and $\Gamma_{D^+D^-} = 0.1 \, \mathrm{keV}$ is the partial width to $D^+D^-$. Given $\sigma_E = 1 \, \mathrm{MeV}$, and assuming that $\Gamma \ll \sigma_E$, demonstrate that the observed cross-section at $E = M$ can be approximated by $\sigma_{obs}(M) \approx \frac{12\pi}{M^2} \Gamma_{ee}\Gamma_{D^+D^-} \frac{1}{\sqrt{2\pi\sigma_E^2}} \frac{2\pi}{\Gamma}$.  Then, calculate the ratio of the observed cross-section at $E = M$ to the Breit-Wigner cross-section at the same energy, i.e., calculate $\sigma_{obs}(M) / \sigma(M)$.
</question>

<question>
Consider the simultaneous fitting of the $D^+D^-$ and $D^0\bar{D}^0$ final states produced in $e^+e^-$ collisions at a center-of-mass energy near the $\psi(2S)$ resonance. Assume Vector Meson Dominance (VMD) contributes to the amplitudes for these processes. The total amplitude for each final state can be written as the sum of a continuum amplitude ($A_{cont}$) and a resonant amplitude mediated by the $\psi(2S)$ ($A_{res}$). The resonant amplitude is proportional to the propagator of the $\psi(2S)$ and its coupling to the respective final state.

Specifically, let the amplitude for $e^+e^- \rightarrow D^+D^-$ be $A(D^+D^-) = A_{cont}(D^+D^-) + \frac{g_{e^+e^- \rightarrow \psi(2S)} g_{\psi(2S) \rightarrow D^+D^-}}{E - M + i\Gamma/2}$ and similarly for $e^+e^- \rightarrow D^0\bar{D}^0$. Here, $E$ is the center-of-mass energy, $M = 3686 \, \mathrm{MeV}$ is the mass of the $\psi(2S)$, $\Gamma = 0.304 \, \mathrm{MeV}$ is its total width, $g_{e^+e^- \rightarrow \psi(2S)}$ is the coupling of the electron-positron pair to the $\psi(2S)$, $g_{\psi(2S) \rightarrow D^+D^-}$ and $g_{\psi(2S) \rightarrow D^0\bar{D}^0}$ are the couplings of the $\psi(2S)$ to $D^+D^-$ and $D^0\bar{D}^0$, respectively.

Assume the continuum amplitudes are real and positive, with $|A_{cont}(D^+D^-)|= a$ and $|A_{cont}(D^0\bar{D}^0)| = b$. Further assume $|g_{e^+e^- \rightarrow \psi(2S)}|= c$, $|g_{\psi(2S) \rightarrow D^+D^-}| = d$ and $|g_{\psi(2S) \rightarrow D^0\bar{D}^0}|=e$. Also assume that by convention, the phases of $g_{\psi(2S) \rightarrow D^+D^-}$ and $g_{\psi(2S) \rightarrow D^0\bar{D}^0}$ are chosen such that the resonant amplitudes are real and positive at $E = M$. Find the ratio of the cross-sections for $e^+e^- \rightarrow D^+D^-$ to $e^+e^- \rightarrow D^0\bar{D}^0$, i.e., calculate $\sigma(D^+D^-) / \sigma(D^0\bar{D}^0)$ at $E = M$, where the cross-section $\sigma$ is proportional to $|A|^2$. Express your answer in terms of $a, b, c, d, e, $ and $\Gamma$.
</question>

<question>
A resonance is observed in the $D^+D^-$ final state at a mass of $M_R = 3770 \, \mathrm{MeV}$. The observed width of the resonance is $\Gamma_{obs} = 27 \, \mathrm{MeV}$. Assume this resonance is a pure Breit-Wigner resonance. The Breit-Wigner cross-section for $e^+e^- \rightarrow R \rightarrow D^+D^-$ is given by
$$\sigma(E) = \frac{12 \pi}{E^2} \frac{\Gamma_{ee} \Gamma_{D^+D^-}}{(E-M_R)^2 + \Gamma_{R}^2/4}$$
where $E$ is the center-of-mass energy, $\Gamma_{ee}$ is the partial width of the resonance to $e^+e^-$, $\Gamma_{D^+D^-}$ is the partial width of the resonance to $D^+D^-$, and $\Gamma_R$ is the total width. Due to experimental resolution, the observed width is broader than the true width $\Gamma_R$. Assume the experimental resolution can be modeled as a Gaussian with a standard deviation $\sigma_E = 10 \, \mathrm{MeV}$. Given that the observed width is related to the true width and the experimental resolution by $\Gamma_{obs}^2 = \Gamma_R^2 + k \sigma_E^2$, find the value of $k$.
</question>
```
=== Final questions generated ===
