=== Turn 0: Author generates questions ===
<question>Consider a relaxion field $\phi$ coupled to the Standard Model Higgs field $H$ via an interaction term $g \phi |H|^2$ in the effective potential. Assuming a cutoff scale $\Lambda$, derive an expression for the shift $\delta \lambda_H$ in the Higgs self-coupling constant $\lambda_H$ induced at one-loop level by the relaxion coupling $g$, including leading logarithmic corrections up to scale $\Lambda$, in terms of $g$, $\Lambda$, and the Higgs vacuum expectation value $v$.</question>

<question>In a neutral naturalness model where the Higgs is a pseudo Nambu-Goldstone boson of a spontaneously broken global symmetry $G \to H$, derive the parametric expression for the deviation $\Delta \kappa$ of the Higgs coupling to fermions from the Standard Model value, given that the Higgs decay constant is $f$ and the vacuum misalignment angle is $\theta$, where $\theta = v/f$ and $v$ is the electroweak scale.</question>

<question>Consider UV/IR mixing in a noncommutative field theory characterized by a noncommutativity parameter $\theta^{\mu\nu}$. If an effective cutoff $\Lambda_{\text{UV}}$ is imposed for the ultraviolet sector, derive an expression for the induced infrared scale $\Lambda_{\text{IR}}$ in terms of $\Lambda_{\text{UV}}$ and the magnitude of $\theta^{\mu \nu}$ defined as $\theta = \sqrt{\theta_{\mu \nu}\theta^{\mu \nu}}$, using leading-order scaling relations.</question>

<question>A composite Higgs model features a resonant top partner of mass $M_T$ that cancels quadratic divergences in the Higgs mass. Given the top Yukawa coupling $y_t$ and the compositeness scale $f$, derive the symbolic expression for the correction $\delta m_H^2$ to the Higgs mass parameter arising at one loop from the top partner, expressed in terms of $y_t$, $M_T$, $f$, and the cutoff $\Lambda$.</question>

<question>Within the framework of the cosmological constant problem treated by a sequestering mechanism, consider a scalar field $\sigma$ coupled to the Einstein-Hilbert action such that the effective vacuum energy density $\rho_\Lambda$ depends on a global field average $\langle T \rangle$ through a coupling constant $\alpha$. Derive the symbolic expression relating $\rho_\Lambda$ to $\alpha$, $\langle T \rangle$, and the bare cosmological constant $\Lambda_0$ after integrating out $\sigma$ under the constraint $\partial_\mu \sigma=0$.</question>
=== Turn 0: Critic feedback ===
Certainly! Here is a **concise, actionable critique** of each question, referencing your guidelines by number.

---

### 1. Relaxion-Higgs Loop Correction

> **Feedback:**
- **Strengths:** Models a real BSM physical scenario (1), targets a well-defined symbolic result (2, 7), uses correct LaTeX in Markdown (3), requires multi-step quantum field theory (QFT) reasoning (4), employs standard notation (10).
- **Improvements:**
  - **Assumptions:** The phrase "Assuming a cutoff $\Lambda$" is vague—specify if this is a hard cutoff in the loop integral, as required for an unambiguous answer (12).
  - **Redundancy:** Higgs vacuum expectation value $v$ isn’t needed for the leading-log correction to $\lambda_H$ unless the question intends broken electroweak symmetry. Clarify whether calculation is in broken or unbroken phase (5, 12).
  - **Unambiguity:** State that you want the **leading order** and **leading log** **correction** only, not the finite parts (7, 12).
  - **Phrasing:** Instead of "derive an expression for the shift", say "derive the symbolic leading-logarithmic one-loop correction $\delta \lambda_H$ to the Higgs quartic coupling $\lambda_H$ from the interaction $g\phi|H|^2$, in terms of $g$ and a hard momentum cutoff $\Lambda$" (8).

---

### 2. Neutral Naturalness—Higgs Coupling

>**Feedback:**
- **Strengths:** Realistic scenario, asks for a unique deviation in couplings (1, 2, 7), requires multi-step derivation involving group theory and effective field theory (4), notation is standard (10).
- **Improvements:**
  - **Clarity:** "Deviation $\Delta \kappa$" is not fully defined. Specify: "the relative deviation of the Higgs coupling to fermions from the Standard Model value, $\Delta \kappa = g_{hf}/g_{hf}^{\text{SM}}-1$" (7, 8).
  - **Phrasing:** Instead of "derive the parametric expression," specify "derive the leading parametric dependence of $\Delta\kappa$ on the misalignment angle $\theta$ or ratio $v/f$" (8).
  - **Assumptions:** State which fermion generation you are referring to, or if the result is general (12).
---

### 3. Noncommutative Field Theory UV/IR Mixing

> **Feedback:**
- **Strengths:** Physical scenario is clear (1), variable definitions are mathematically exact (3, 10), multi-step QFT derivation (4).
- **Improvements:**
  - **Clarity:** The definition of $\theta$ is correct and unambiguous.
  - **Solution Target:** State "derive the leading-order scaling (symbolic) relation for $\Lambda_{\mathrm{IR}}$ in terms of $\Lambda_{\mathrm{UV}}$ and $\theta$" (2, 7).
  - **Redundancy:** Phrase "imposed for the ultraviolet sector" could be omitted (5).
  - **Phrasing:** Prefer "leading-order scaling" to "scaling relations" for precision (8).
  - **Assumptions:** Make explicit that the question focuses on the dominant one-loop, planar/non-planar correction (12).

---

### 4. Composite Higgs—Top Partner Correction

> **Feedback:**
- **Strengths:** Physical, advanced scenario (1), clear target (2, 7).
- **Improvements:**
  - **Solution Definition:** "Correction $\delta m_H^2$" is ambiguous—state you want the dominant one-loop quadratic divergence canceled by the top partner (7, 12).
  - **Redundancy:** The compositeness scale $f$ may be extraneous unless it directly enters the symbolic answer (5); clarify if only $M_T$, $y_t$, and $\Lambda$ are needed (12).
  - **Assumptions/Clarity:** Specify if the cutoff $\Lambda$ is above $M_T$, and whether only the leading quadratic or logarithmic pieces are required (12).
  - **Phrasing:** Use explicit language: "derive the symbolic expression for the leading one-loop correction..." (8).

---

### 5. Cosmological Constant—Sequestering Mechanism

> **Feedback:**
- **Strengths:** Sophisticated, original scenario; asks for explicit symbolic outcome (1, 2, 7); variables are defined; correct units and notation (10).
- **Improvements:**
  - **Redundancy:** "Such that the effective vacuum energy density $\rho_\Lambda$ depends on a global field average..." is tautological with the rest; just state the dependence is via $\alpha$ and $\langle T \rangle$ (5).
  - **Ambiguity:** The physical context—how $\sigma$ is coupled, the specific constraint—may require further explicitness for a unique solution (12).
  - **Solution Uniqueness:** Specify whether to neglect kinetic terms due to the constraint $\partial_\mu \sigma=0$, and if answer should only include leading-order effects (7, 12).
  - **Phrasing:** Be more concise: "Derive the symbolic relation for the effective vacuum energy $\rho_\Lambda$ in terms of $\alpha$, $\langle T \rangle$, and $\Lambda_0$ after integrating out a constant $\sigma$ field." (8)

---

## **General Suggestions**

- **Be explicit** about assumptions, definitions, and which regime (broken/unbroken, leading log, etc.) (12).
- **Clarify targets** with explicit definitions or formulae symbols, and instruct to present the answer in standard symbolic form (7, 8).
- **Remove or clarify any redundant context or variables**, ensuring all details are necessary for the derivation (5).
- **Avoid possible ambiguity** by restating in a way that leads to a unique derivation with a single symbolic expression (7, 12).
- **Maintain rigorous, concise phrasing** throughout (8).

---

**Summary Table of Major Issues:**

| Q# | Main Issues (Guideline)                      | Actionable Fix                       |
|----|----------------------------------------------|--------------------------------------|
| 1  | Slight ambiguity, minor redundancy           | Clarify assumptions, eliminate extra $v$ unless needed |
| 2  | $\Delta \kappa$ definition unclear           | Define explicitly, clarify parametric dependence       |
| 3  | Redundant phrase, minor ambiguity            | Remove excess verbiage, clarify dominant correction   |
| 4  | Solution ambiguity, possible extraneous $f$  | Specify leading term, clarify if $f$ appears         |
| 5  | Redundant phrasing, implicit assumptions     | State coupling, clarify result form, emphasize unique solution |

---

**Apply these improvements** to ensure alignment with your rigorous assessment standards.
=== Turn 1: Author refines questions ===
<question>
Consider a relaxion field \(\phi\) coupled to the Standard Model Higgs doublet \(H\) via an interaction term \(g \phi |H|^2\) in the scalar potential. Assuming electroweak symmetry is unbroken, and imposing a hard momentum cutoff \(\Lambda\) for loop integrals, derive the symbolic expression for the leading-logarithmic one-loop correction \(\delta \lambda_H\) to the Higgs quartic coupling \(\lambda_H\) induced by this coupling. Express \(\delta \lambda_H\) in terms of \(g\) and \(\Lambda\), neglecting finite parts.
</question>

<question>
In a neutral naturalness scenario where the Higgs arises as a pseudo Nambu-Goldstone boson from the spontaneous global symmetry breaking \(G \to H\), the physical Higgs couplings to fermions deviate from the Standard Model values due to vacuum misalignment. Defining the Higgs decay constant \(f\) and vacuum misalignment angle \(\theta = v/f\) with electroweak scale \(v\), derive the leading parametric expression for the relative deviation \(\Delta \kappa = \frac{g_{hf}}{g_{hf}^{\mathrm{SM}}} - 1\) of the Higgs-fermion coupling as a function of \(\theta\). Assume this applies universally to the third-generation fermions.
</question>

<question>
Consider UV/IR mixing effects in a noncommutative field theory characterized by the antisymmetric parameter \(\theta^{\mu\nu}\). Given a hard ultraviolet cutoff \(\Lambda_{\mathrm{UV}}\), derive the leading-order scaling relation for the induced infrared scale \(\Lambda_{\mathrm{IR}}\) in terms of \(\Lambda_{\mathrm{UV}}\) and \(\theta = \sqrt{\theta_{\mu\nu} \theta^{\mu\nu}}\), considering the dominant one-loop non-planar contributions.
</question>

<question>
In a composite Higgs model featuring a resonant top partner of mass \(M_T\) that cancels the Standard Model top-quark quadratic divergences, and given the top Yukawa coupling \(y_t\) and a hard cutoff \(\Lambda > M_T\), derive the symbolic expression for the leading one-loop correction \(\delta m_H^2\) to the Higgs mass parameter arising from the top partner. Express \(\delta m_H^2\) in terms of \(y_t\), \(M_T\), and \(\Lambda\). Specify if and how the compositeness scale \(f\) enters the expression.
</question>

<question>
Within a sequestering mechanism addressing the cosmological constant problem, consider a scalar field \(\sigma\) that couples globally to the Einstein-Hilbert action such that the effective vacuum energy density \(\rho_\Lambda\) depends on a global average \(\langle T \rangle\) of the trace of the energy-momentum tensor through a coupling constant \(\alpha\). Under the assumption that \(\sigma\) is spatially constant (\(\partial_\mu \sigma = 0\)) and integrating out \(\sigma\), derive the symbolic relation expressing \(\rho_\Lambda\) in terms of \(\alpha\), \(\langle T \rangle\), and the bare cosmological constant \(\Lambda_0\), showing only leading-order contributions.
</question>
=== Turn 1: Critic feedback ===
**Assessment of Questions Against Guidelines**

---

### **Question 1 (Relaxion-Higgs one-loop correction):**

**Strengths:**
- **Physical scenario:** Clearly stated (relaxion-Higgs interaction in a potential).
- **Solvable quantity:** Asks for $\delta \lambda_H$ symbolically in terms of $g,\,\Lambda$.
- **LaTeX:** Properly formatted.
- **Multi-step reasoning:** Requires Feynman diagram analysis, calculation of 1-loop corrections with cutoff regularization, identification of leading log, neglecting finite parts.
- **Unique scenario:** Not a textbook standard.
- **Single solution:** The expected answer is a single symbolic expression.

**Issues:**
- **Assumptions:** "Electroweak symmetry is unbroken" is clear and justified.
- **Avoid redundancy:** The "leading-logarithmic" and "neglecting finite parts" phrase is good for focus; avoid further elaboration.
- **Clarity:** Might clarify "induced by this coupling" refers specifically to the $g \phi |H|^2$ term alone, and specify that other potential contributions can be neglected.
- **Units and symbols:** All symbols are standard.

**Actionable Improvements:**
- Explicitly mention if only the $g \phi |H|^2$ term is considered and other interactions are neglected.
- Consider removing "symbolic" unless it's critical—it is standard that they expect a symbolic result.
- Slightly sharpen by saying "Show that to leading order in $g$..."

**Revised prompt:**
> Consider a scalar relaxion field $\phi$ coupled to the Standard Model Higgs doublet $H$ via an interaction term $g \phi |H|^2$ in the scalar potential. Assuming electroweak symmetry is unbroken and employing a hard momentum cutoff $\Lambda$ for loop integrals, derive the leading-logarithmic one-loop correction $\delta \lambda_H$ to the Higgs quartic coupling $\lambda_H$ induced solely by this interaction. Express $\delta \lambda_H$ in terms of $g$ and $\Lambda$, neglecting finite parts.

---

### **Question 2 (pNGB Higgs coupling deviation):**

**Strengths:**
- **Physical scenario:** pNGB Higgs in neutral naturalness, well set up.
- **Solvable quantity:** $\Delta \kappa$ as a function of $\theta$.
- **LaTeX:** All math is correct.
- **Multi-step:** Involves symmetry-breaking, vacuum misalignment, relating couplings.
- **Unique context:** Not a textbook exercise, suitable for advanced students.
- **Single solution:** Yes.
- **Assumptions:** Universal to third generation is acceptable.
- **Clarity:** The relevant group structure $G\to H$ is general but precise enough because only the general form of the coupling deviation is asked.

**Issues:**
- The phrase "leading parametric expression" is a bit vague; consider "leading order in $\theta$" or "to leading order in $v/f$".
- It is not totally unambiguous what "relative deviation" means until you give the formula, but you define it clearly.
- Units and variables consistent.

**Actionable Improvements:**
- Specify “to leading order in $\theta$” for clarity.
- Briefly state that higher order corrections are neglected.

**Revised prompt:**
> In a neutral naturalness scenario where the Higgs arises as a pseudo Nambu-Goldstone boson from spontaneous global symmetry breaking $G \to H$, the physical Higgs-fermion couplings deviate from the Standard Model values due to vacuum misalignment. Let $f$ be the Higgs decay constant and $\theta = v/f$ the vacuum misalignment angle, with electroweak scale $v$. Derive the leading-order expression for the relative deviation $\Delta \kappa = \frac{g_{hf}}{g_{hf}^{\mathrm{SM}}} - 1$ of the Higgs-fermion coupling as a function of $\theta$, neglecting higher-order terms.

---

### **Question 3 (Noncommutative UV/IR mixing):**

**Strengths:**
- **Physical scenario:** Clear, noncommutative field theory.
- **Solvable quantity:** $\Lambda_{\mathrm{IR}}$ in terms of $\Lambda_{\mathrm{UV}}$ and $\theta$.
- **LaTeX:** Correctly formatted.
- **Multi-step:** Requires understanding of UV/IR mixing and 1-loop calculation.
- **Original:** Not a textbook problem.
- **Single solution:** Yes.
- **Units and variables:** Notation $\theta = \sqrt{\theta_{\mu\nu} \theta^{\mu\nu}}$ is clear.

**Issues:**
- Slight ambiguity in notation: $\theta$ is usually a tensor, but here you're taking its contraction. Clarify this as "the characteristic magnitude of $\theta^{\mu\nu}$".
- State that "dominant non-planar one-loop corrections" refers to the relevant leading scaling.

**Actionable Improvements:**
- Clarify what is meant by $\theta$ as a scalar.
- State any necessary assumption (e.g. "in four dimensions", "neglecting numerical coefficients").

**Revised prompt:**
> In a noncommutative quantum field theory characterized by a constant antisymmetric parameter $\theta^{\mu\nu}$, let $\Lambda_{\mathrm{UV}}$ be a hard ultraviolet cutoff. Let $\theta = \sqrt{ \theta_{\mu\nu} \theta^{\mu\nu} }$ denote the characteristic magnitude of the noncommutativity. Considering the dominant one-loop non-planar contribution, derive the leading-order scaling relation for the induced infrared scale $\Lambda_{\mathrm{IR}}$ in terms of $\Lambda_{\mathrm{UV}}$ and $\theta$, neglecting numerical coefficients.

---

### **Question 4 (Top partner correction to Higgs mass):**

**Strengths:**
- **Physical scenario:** Composite Higgs with top partner.
- **Solvable quantity:** $\delta m_H^2$ as a function of $y_t$, $M_T$, $\Lambda$.
- **LaTeX:** Precise.
- **Multi-step:** Involves loop correction, cancellation structure, model implications.
- **Unique:** Not from a textbook.
- **Single solution:** Yes.
- **Units:** Standard.

**Issues:**
- The phrase "specify if and how the compositeness scale $f$ enters" violates guideline 11 (single answer; no multiple sub-questions).
- The presence of "and" in "Express...and specify..." makes it a two-part question.
- Instead, ask for the expression including $f$ if relevant, or state in the setup under what conditions $f$ appears.

**Actionable Improvements:**
- Remove "specify if and how..." Don’t ask for an analysis of $f$’s relevance in the answer—choose to include or exclude it in the question statement.
- If $f$ only appears if the model is more detailed, either specify the model more or explicitly say "neglect possible $f$-dependence unless it appears at leading order".

**Revised prompt:**
> In a composite Higgs model, a resonant top partner of mass $M_T$ cancels the Standard Model top-quark quadratic divergence. Given the top Yukawa coupling $y_t$ and a hard cutoff $\Lambda > M_T$, derive the leading-order one-loop correction $\delta m_H^2$ to the Higgs mass parameter from the top partner. Express $\delta m_H^2$ symbolically in terms of $y_t$, $M_T$, and $\Lambda$, neglecting subleading terms.

---

### **Question 5 (Sequestering and cosmological constant):**

**Strengths:**
- **Physical scenario:** Modern physics (sequestering mechanism), clear context.
- **Solvable quantity:** Expression for $\rho_\Lambda$ in terms of $\alpha$, $\langle T \rangle$, $\Lambda_0$.
- **LaTeX:** Well formatted.
- **Multi-step:** Integration out field, connection to energy-momentum tensor, manipulation of action.
- **Unique:** Not a textbook problem.
- **Single solution:** Yes.
- **Assumptions:** Clearly stated about $\sigma$ being spatially constant.

**Issues:**
- Possibly wordy in the action description (“couples globally to the Einstein-Hilbert action such that the effective vacuum energy density... through a coupling constant $\alpha$”). Try to state more concisely.
- "Showing only leading-order contributions" is okay, but might specify with respect to what small parameter.
- Remove unnecessary repetition ("derive the symbolic relation expressing" could be just "derive an expression for").

**Actionable Improvements:**
- Streamline the phrasing and ensure only one symbolic relation is sought.

**Revised prompt:**
> Consider a scalar field $\sigma$, spatially constant ($\partial_\mu \sigma = 0$), which couples globally to the Einstein-Hilbert action such that the effective vacuum energy density $\rho_\Lambda$ depends on the global average $\langle T \rangle$ of the trace of the energy-momentum tensor through a coupling constant $\alpha$. After integrating out $\sigma$, derive the leading-order relation for $\rho_\Lambda$ in terms of $\alpha$, $\langle T \rangle$, and the bare cosmological constant $\Lambda_0$.

---

**Summary Table**

| **Criteria**     | Q1   | Q2   | Q3   | Q4   | Q5   |
|------------------|------|------|------|------|------|
| Physical Scenario | +    | +    | +    | +    | +    |
| Solvable Quantity | +    | +    | +    | +    | +    |
| LaTeX             | +    | +    | +    | +    | +    |
| Multi-Step        | +    | +    | +    | +    | +    |
| Originality       | +    | +    | +    | +    | +    |
| Avoid Redundancy  | $\simeq$ | $\simeq$ | $\simeq$ | -    | $\simeq$ |
| Single Solution   | +    | +    | +    | -    | +    |
| No Colloquialism  | +    | +    | +    | +    | +    |
| Consistent Units  | +    | +    | +    | +    | +    |
| No Multiparts     | +    | +    | +    | -    | +    |
| Stated Assumptions| +    | +    | $\simeq$ | +    | +    |

Legend:  
+ = Meets criterion  
$\simeq$ = Minor issue  
- = Does not meet criterion

---

## **Summary of Actionable Tips (For All Questions):**

1. **Ensure each question expects only one symbolic expression.** Avoid multi-part queries.
2. **State all necessary assumptions up front.** Ensure no ambiguity that could lead to multiple interpretations.
3. **Streamline question phrasing.** Remove redundant or unnecessary words.
4. **Clarify variables and terms.** Especially when summarizing or contracting tensors (e.g., $\theta^{\mu\nu}$ to scalar $\theta$).
5. **Specify order of approximation.** Use phrases like "to leading order in..." to avoid ambiguity.

**Overall:**  
The questions are rigorous, original, and mostly well-phrased. Care should be taken on single-solution structure and phrasing to ensure they meet your guidelines exactly.
=== Turn 2: Author refines questions ===
<question>
Consider a scalar relaxion field \(\phi\) coupled to the Standard Model Higgs doublet \(H\) via an interaction term \(g\, \phi\, |H|^2\) in the scalar potential. Assuming electroweak symmetry is unbroken and employing a hard momentum cutoff \(\Lambda\) for loop integrals, derive the leading-logarithmic one-loop correction \(\delta \lambda_H\) to the Higgs quartic coupling \(\lambda_H\) induced solely by this interaction. Express \(\delta \lambda_H\) in terms of \(g\) and \(\Lambda\), neglecting finite parts.
</question>

<question>
In a neutral naturalness scenario where the Higgs arises as a pseudo Nambu-Goldstone boson from spontaneous global symmetry breaking \(G \to H\), the physical Higgs-fermion couplings deviate from the Standard Model values due to vacuum misalignment. Let \(f\) be the Higgs decay constant and \(\theta = v/f\) the vacuum misalignment angle, with electroweak scale \(v\). Derive the leading-order expression for the relative deviation \(\Delta \kappa = \frac{g_{hf}}{g_{hf}^{\mathrm{SM}}} - 1\) of the Higgs-fermion coupling as a function of \(\theta\), neglecting higher-order terms.
</question>

<question>
In a noncommutative quantum field theory characterized by a constant antisymmetric parameter \(\theta^{\mu\nu}\), let \(\Lambda_{\mathrm{UV}}\) be a hard ultraviolet cutoff. Define \(\theta = \sqrt{\theta_{\mu\nu} \theta^{\mu\nu}}\) as the characteristic magnitude of the noncommutativity. Considering the dominant one-loop non-planar contribution, derive the leading-order scaling relation for the induced infrared scale \(\Lambda_{\mathrm{IR}}\) in terms of \(\Lambda_{\mathrm{UV}}\) and \(\theta\), neglecting numerical coefficients.
</question>

<question>
In a composite Higgs model, a resonant top partner of mass \(M_T\) cancels the Standard Model top-quark quadratic divergence. Given the top Yukawa coupling \(y_t\) and a hard cutoff \(\Lambda > M_T\), derive the leading-order one-loop correction \(\delta m_H^2\) to the Higgs mass parameter arising from the top partner. Express \(\delta m_H^2\) symbolically in terms of \(y_t\), \(M_T\), and \(\Lambda\), neglecting subleading terms.
</question>

<question>
Consider a scalar field \(\sigma\), spatially constant (\(\partial_\mu \sigma = 0\)), that couples globally to the Einstein-Hilbert action such that the effective vacuum energy density \(\rho_\Lambda\) depends on the global average \(\langle T \rangle\) of the trace of the energy-momentum tensor through a coupling constant \(\alpha\). After integrating out \(\sigma\), derive the leading-order relation expressing \(\rho_\Lambda\) in terms of \(\alpha\), \(\langle T \rangle\), and the bare cosmological constant \(\Lambda_0\).
</question>
=== Turn 2: Critic feedback ===
Here is a concise, actionable critique of each question, assessed by your provided guidelines:

---

**Question 1: Scalar Relaxion–Higgs Quartic Correction**
- **Strengths:** Models a concrete, modern scenario; asks for a symbolic, unambiguous result; uses LaTeX and targets one variable; requires multi-step reasoning through one-loop effective potential.
- **Weaknesses:** Uses “neglecting finite parts” phrase—that is extraneous; "Assuming electroweak symmetry is unbroken" could be replaced with “$⟨H⟩ = 0$” for clarity.
- **Actionable Improvements:**  
  - State $⟨H⟩ = 0$ explicitly.
  - Instead of "neglecting finite parts," say "retain only the leading logarithmic dependence on $\Lambda$."
  - Remove unnecessary verbosity.

---

**Question 2: Neutral Naturalness Higgs-Fermion Coupling**
- **Strengths:** Physical scenario is relevant, nonstandard (composite Higgs), asks for a single symbolic deviation, uses LaTeX, single-solution, clear variable.
- **Weaknesses:** “Neglecting higher-order terms” is a bit open-ended—be explicit (“expand to leading order in $\theta$”).
- **Actionable Improvements:**
  - Replace “neglecting higher-order terms” with “expand to leading order in $\theta$.”
  - Remove “physical” in “physical Higgs-fermion couplings” unless needed.
  - Specify whether to assume $f \gg v$ if that is implied.

---

**Question 3: Noncommutative QFT—Induced IR Scale**
- **Strengths:** Models a distinctive scenario; asks for scaling of a clear physical quantity; uses LaTeX; single step.
- **Weaknesses:** “Neglecting numerical coefficients” is fine, but “dominant one-loop non-planar contribution” could be made more concrete by saying e.g., “for a massless scalar field”, to avoid ambiguity.
- **Actionable Improvements:**
  - Specify the nature of the field (e.g., scalar) to avoid ambiguity.
  - Phrase as “derive the leading-order dependence of $\Lambda_{\mathrm{IR}}$ on $\Lambda_{\mathrm{UV}}$ and $\theta$.”
  - Remove undefined terminology like “induced infrared scale” and clarify what $\Lambda_{\mathrm{IR}}$ refers to (e.g., “at which non-local effects become significant”).

---

**Question 4: Composite Higgs—Top Partner Correction**
- **Strengths:** Modern physical scenario; symbolic, clear solution; emphasizes multi-step calculation.
- **Weaknesses:** “Neglecting subleading terms” is vague—specify “retain only the leading term in $\Lambda$.”
- **Actionable Improvements:**
  - Replace “neglecting subleading terms” with “retain the leading term in $\Lambda$.”
  - State any relevant assumptions (e.g., $M_T \ll \Lambda$).
  - Make the role of the top partner explicit in the phrasing.

---

**Question 5: Scalar-Vacuum Energy Coupling**
- **Strengths:** Models a nontrivial (though speculative) scenario; asks for a symbolic relationship; uses clear variables.
- **Weaknesses:** Somewhat ambiguous—“after integrating out $\sigma$” could mean several things; “global average of $T$” is not a standard notation, and it’s unclear how $\rho_\Lambda$ is determined without specifying the form of the coupling in the action.
- **Actionable Improvements:**
  - Specify explicitly the coupling in the action (e.g., “of the form $\alpha \sigma \int d^4 x \sqrt{-g} T$”) to remove ambiguity.
  - Define $\langle T \rangle$ clearly (e.g., spacetime or spatial average).
  - Avoid “after integrating out $\sigma$”—say “assuming $\sigma$ is integrated out at tree-level, express $\rho_\Lambda$...”

---

**General Feedback & Synthesis:**
- **Strengths:** All questions are unique, non-textbook, multi-step, derivation-oriented, and LaTeX-formatted. Each asks for a single, well-defined quantity, in line with advanced assessment goals.
- **Improvements (General):**
  - Remove phrases like “neglecting finite parts/higher order terms/subleading terms”—replace with explicit statements about order and what to retain.
  - State all assumptions precisely in the setup.
  - Clarify any ambiguous variables or nonstandard notation.
  - Remove redundancy and tighten language for conciseness.
  - Ensure units and all symbols are defined in the question body.

**Summary Table:**

| Q# | Main Issues | Actionable Fix |
|----|-------------|---------------|
|1| Vague language, assumptions could be explicit | State $⟨H⟩ = 0$, clarify what to retain |
|2| "Neglecting higher-order terms" vague | Say "expand to leading order in $\theta$" |
|3| Field nature & scale definition unclear | Specify field, define $\Lambda_{\mathrm{IR}}$ clearly |
|4| "Neglecting subleading terms" vague | Say "retain leading term in $\Lambda$"; state H.O. assumptions |
|5| Coupling and averaging ambiguous | Write coupling explicitly, define averaging |
=== Turn 3: Author refines questions ===
<question>
Consider a scalar relaxion field \(\phi\) coupled to the Standard Model Higgs doublet \(H\) via an interaction term \(g\, \phi\, |H|^2\) in the scalar potential. Assuming the electroweak vacuum expectation value \(\langle H \rangle = 0\) and using a hard momentum cutoff \(\Lambda\) for loop integrals, derive the leading-logarithmic one-loop correction \(\delta \lambda_H\) to the Higgs quartic coupling \(\lambda_H\) induced solely by this interaction. Express \(\delta \lambda_H\) in terms of \(g\) and \(\Lambda\), retaining only the leading logarithmic dependence on \(\Lambda\).
</question>

<question>
In a neutral naturalness scenario where the Higgs arises as a pseudo Nambu-Goldstone boson from spontaneous global symmetry breaking \(G \to H\), the Higgs vacuum is misaligned by an angle \(\theta = v / f\), where \(v\) is the electroweak scale and \(f\) the Higgs decay constant. Derive the leading-order expression, expanded to first order in \(\theta\), for the relative deviation \(\Delta \kappa = \frac{g_{hf}}{g_{hf}^{\mathrm{SM}}} - 1\) of the Higgs-fermion coupling from its Standard Model value.
</question>

<question>
In a noncommutative quantum field theory defined by a constant antisymmetric parameter \(\theta^{\mu\nu}\), consider a massless scalar field with a hard ultraviolet cutoff \(\Lambda_{\mathrm{UV}}\). Define \(\theta = \sqrt{\theta_{\mu\nu} \theta^{\mu\nu}}\) as the characteristic magnitude of the noncommutativity. Considering the dominant one-loop non-planar contribution, derive the leading-order dependence of the induced infrared scale \(\Lambda_{\mathrm{IR}}\)—the scale where non-local effects become significant—on \(\Lambda_{\mathrm{UV}}\) and \(\theta\), neglecting numerical coefficients.
</question>

<question>
In a composite Higgs model, a resonant top partner of mass \(M_T\) cancels the Standard Model top-quark quadratic divergence. Given the top Yukawa coupling \(y_t\), assume \(M_T \ll \Lambda\), where \(\Lambda\) is a hard cutoff scale. Derive the leading one-loop correction \(\delta m_H^2\) to the Higgs mass parameter arising from the top partner, expressing \(\delta m_H^2\) symbolically in terms of \(y_t\), \(M_T\), and \(\Lambda\), and retaining only the leading term in \(\Lambda\).
</question>

<question>
Consider a scalar field \(\sigma\), assumed spatially constant (\(\partial_\mu \sigma = 0\)), that couples globally to the Einstein-Hilbert action via a term \(\alpha \sigma \int d^4 x \sqrt{-g} \, T\), where \(T = T^\mu_{~\mu}\) is the trace of the energy-momentum tensor. Define \(\langle T \rangle\) as the spacetime average of \(T\). Assuming \(\sigma\) is integrated out at tree level, derive the leading-order expression relating the effective vacuum energy density \(\rho_\Lambda\) to the coupling constant \(\alpha\), \(\langle T \rangle\), and the bare cosmological constant \(\Lambda_0\).
</question>
=== Final questions generated ===
