=== Turn 0: Author generates questions ===
```
<question>Consider a heavy-ion collision where the transverse flow velocity, $\beta$, exhibits Gaussian fluctuations around a mean value $\langle \beta \rangle$. These fluctuations are characterized by a standard deviation $\sigma_\beta$. Assume the freeze-out temperature, $T$, also fluctuates independently with Gaussian fluctuations around a mean value $\langle T \rangle$, with a standard deviation $\sigma_T$. A particle species with mass $m$ is emitted from this system. Derive an expression for the observed transverse momentum ($p_T$) spectrum of this particle, taking into account the fluctuations in both $\beta$ and $T$. Assume a Boltzmann distribution for the particle's energy in the local rest frame of the emitting source, and integrate over the Gaussian distributions of $\beta$ and $T$. Express your final answer in terms of $\langle \beta \rangle$, $\sigma_\beta$, $\langle T \rangle$, $\sigma_T$, $m$, and $p_T$.</question>

<question>In a relativistic heavy-ion collision, the radial flow velocity profile is given by $\beta(r) = \beta_{max} (r/R)^n$, where $r$ is the radial distance from the center of the collision, $R$ is the radius of the fireball, $\beta_{max}$ is the maximum flow velocity at $r=R$, and $n$ is a parameter characterizing the flow profile. Assuming that pions ($\pi$) and protons ($p$) are emitted from this source, and that resonance decays contribute significantly to the pion yield, calculate the difference in the mean transverse momentum, $\langle p_T \rangle$, between pions and protons, i.e., $\langle p_T \rangle_\pi - \langle p_T \rangle_p$, due solely to the radial flow, given $\beta_{max} = 0.6$, $R = 10$ fm, $n = 2$, and assuming a common freeze-out temperature $T = 120$ MeV before resonance decay. Use $m_\pi = 140$ MeV and $m_p = 938$ MeV. Ignore the effect of resonance decays on the proton spectra.</question>

<question>A quark-gluon plasma created in a heavy-ion collision exhibits both radial flow and a temperature gradient. Assume the temperature decreases linearly with the radial distance from the center, such that $T(r) = T_0 - \alpha r$, where $T_0$ is the central temperature, $\alpha$ is the temperature gradient, and $r$ is the radial distance. The radial flow velocity is given by $\beta(r) = \beta_{max} \frac{r}{R}$, where $\beta_{max}$ is the maximum flow velocity at the edge ($r=R$) of the plasma. Calculate the average transverse momentum, $\langle p_T \rangle$, of direct photons emitted from this plasma. Assume that the photon emission rate is proportional to $T^2$ and that the photons are emitted isotropically in the local rest frame of the emitting source. Express your answer in terms of $T_0$, $\alpha$, $R$, $\beta_{max}$, and any relevant physical constants. (Assume that the average transverse momentum of a thermal photon can be approximated by $3T$).</question>

<question>In a heavy-ion collision, the measured elliptic flow, $v_2$, of charged particles is affected by both genuine collective flow and non-flow effects such as jet-particle correlations. Assume that the observed $v_2^{obs}$ can be decomposed into a flow component, $v_2^{flow}$, and a non-flow component, $v_2^{non-flow}$, such that $v_2^{obs} = v_2^{flow} + v_2^{non-flow}$. The non-flow component is estimated using a two-particle correlation method, yielding $v_2^{non-flow} = A/\sqrt{N}$, where $A$ is a constant and $N$ is the number of particles used in the correlation. The observed $v_2$ is measured as a function of centrality, and it is found that $v_2^{obs} = 0.15$ for peripheral collisions with $N = 100$, and $v_2^{obs} = 0.25$ for central collisions with $N = 1000$. Assuming that the true flow component, $v_2^{flow}$, is linear with centrality (i.e. $v_2^{flow}=kC$, where $C$ represents the centrality percentile (0 to 100)), determine the flow component of the elliptic flow, $v_2^{flow}$, for a centrality of 50. Note, for these collisions, N=500.</question>

<question>Consider a scenario where the freeze-out temperature, $T$, in a heavy-ion collision fluctuates event-by-event according to a Gaussian distribution with a mean value $\langle T \rangle$ and a standard deviation $\sigma_T$. Furthermore, the transverse flow velocity $\beta$ fluctuates according to an independent Gaussian distribution with a mean $\langle \beta \rangle$ and standard deviation $\sigma_\beta$. A particle with mass $m$ is emitted. Assuming that the particle's transverse momentum distribution follows a Boltzmann distribution in the local rest frame and using a saddle-point approximation to evaluate the integral over the Gaussian fluctuations, calculate the relative change in the inverse slope parameter, $\Delta I/I$, of the transverse momentum spectrum due to these fluctuations. Express your answer in terms of $\langle T \rangle$, $\sigma_T$, $\langle \beta \rangle$, $\sigma_\beta$ and $m$. Assume $\sigma_T \ll \langle T \rangle$ and $\sigma_\beta \ll \langle \beta \rangle$. The inverse slope parameter I is equivalent to the effective temperature, T_eff, of the Boltzmann distribution: $dN/dp_T \propto exp(-p_T/T_{eff})$.</question>
```
=== Turn 0: Critic feedback ===
Here's a critique of each question against your guidelines, followed by concise, actionable feedback for improvement.

---

**Question 1:**
`<question>Consider a heavy-ion collision where the transverse flow velocity, $\beta$, exhibits Gaussian fluctuations around a mean value $\langle \beta \rangle$. These fluctuations are characterized by a standard deviation $\sigma_\beta$. Assume the freeze-out temperature, $T$, also fluctuates independently with Gaussian fluctuations around a mean value $\langle T \rangle$, with a standard deviation $\sigma_T$. A particle species with mass $m$ is emitted from this system. Derive an expression for the observed transverse momentum ($p_T$) spectrum of this particle, taking into account the fluctuations in both $\beta$ and $T$. Assume a Boltzmann distribution for the particle's energy in the local rest frame of the emitting source, and integrate over the Gaussian distributions of $\beta$ and $T$. Express your final answer in terms of $\langle \beta \rangle$, $\sigma_\beta$, $\langle T \rangle$, $\sigma_T$, $m$, and $p_T$.</question>`

*   **Critique:**
    *   **Guideline 1 (Model a Physics Scenario):** Excellent. Models a realistic scenario with relevant physical concepts.
    *   **Guideline 2 (Symbolic/Numerical Answer):** Good, expects a symbolic expression.
    *   **Guideline 3 (Multi-Step Reasoning):** Yes, involves Lorentz transformation, Boltzmann distribution, and integration over two fluctuating parameters.
    *   **Guideline 4 (Unique):** Very unique and advanced.
    *   **Guideline 5 (Single Solution):** Yes, if solvable analytically.
    *   **Guideline 6 (Rigorous, concise, no hints):** Phrasing is rigorous. "Integrate over the Gaussian distributions" is an instruction for the derivation, not a hint.
    *   **Guideline 7 (Assumptions/Variables):** All assumptions and variables are clearly stated and defined.
    *   **Guideline 8 (Units/Notation):** Symbols are conventional. No numerical answer requested.
    *   **Guideline 9 (Not Multipart, no hints):** Single target quantity. No hints.
    *   **Guideline 10 (Formatting):** Mostly good. Ensure all numbers are in math mode, e.g., "transverse flow velocity, $\beta$,". (Minor, self-corrected in thought process).

*   **Key Issue & Actionable Feedback:**
    *   **Mathematical Tractability:** This problem is *extremely* difficult and likely analytically intractable without significant approximations (e.g., saddle-point, small fluctuations, Taylor expansion around mean values) or resorting to special functions that may not yield a compact "expression." For an advanced learner, this might be a research-level problem.
    *   **Actionable Feedback:** Clarify the expected level of mathematical solution. Specify if approximations are allowed/required (e.g., "assuming small fluctuations" or "use a saddle-point approximation" similar to Q5), or if a solution involving unevaluated integrals is acceptable. Without such clarification, students may find it unsolvable in a closed analytical form.

---

**Question 2:**
`<question>In a relativistic heavy-ion collision, the radial flow velocity profile is given by $\beta(r) = \beta_{max} (r/R)^n$, where $r$ is the radial distance from the center of the collision, $R$ is the radius of the fireball, $\beta_{max}$ is the maximum flow velocity at $r=R$, and $n$ is a parameter characterizing the flow profile. Assuming that pions ($\pi$) and protons ($p$) are emitted from this source, and that resonance decays contribute significantly to the pion yield, calculate the difference in the mean transverse momentum, $\langle p_T \rangle$, between pions and protons, i.e., $\langle p_T \rangle_\pi - \langle p_T \rangle_p$, due solely to the radial flow, given $\beta_{max} = 0.6$, $R = 10$ fm, $n = 2$, and assuming a common freeze-out temperature $T = 120$ MeV before resonance decay. Use $m_\pi = 140$ MeV and $m_p = 938$ MeV. Ignore the effect of resonance decays on the proton spectra.</question>`

*   **Critique:**
    *   **Guideline 1 (Model a Physics Scenario):** Good, relevant scenario.
    *   **Guideline 2 (Symbolic/Numerical Answer):** Good, expects a numerical value.
    *   **Guideline 3 (Multi-Step Reasoning):** Yes, involves calculating mean $p_T$ for two species under flow and taking a difference.
    *   **Guideline 4 (Unique):** Unique flow profile and comparison.
    *   **Guideline 5 (Single Solution):** **NO.** This is critically flawed.
    *   **Guideline 6 (Rigorous, concise, no hints):** Not rigorous due to the internal contradiction.
    *   **Guideline 7 (Assumptions/Variables):** Ambiguity regarding resonance decays.
    *   **Guideline 8 (Units/Notation):** Uses non-SI units (MeV, fm) for input values, while expecting a numerical answer. Guideline 9 states "all numerical answers must include correct SI units." This is a conflict.
    *   **Guideline 9 (Not Multipart, no hints):** Single quantity.
    *   **Guideline 10 (Formatting):** All math and variables are correctly formatted using `$...$` and within `<question>` tags.

*   **Key Issues & Actionable Feedback:**
    *   **Contradiction on Resonance Decays:** The statement "resonance decays contribute significantly to the pion yield" directly contradicts "due solely to the radial flow." If "solely due to radial flow" is the constraint, then resonance decays *must be ignored* for pions as well. If resonance decays are to be included, the problem is incomplete (needs information on resonance $p_T$ distribution, decay kinematics, etc.) and the "solely due to radial flow" constraint is misleading.
    *   **Actionable Feedback:** Resolve the ambiguity: Either explicitly state "Ignore the effect of resonance decays for both pions and protons," or provide sufficient information about resonance decays (which would significantly increase complexity).
    *   **Unit Consistency:** The problem provides values in MeV and fm, but asks for a numerical answer and guideline 9 specifies SI units.
    *   **Actionable Feedback:** Either convert all input values to SI units or explicitly state the expected units for the final answer (e.g., "in MeV/c"). If MeV/c is accepted, consider relaxing guideline 9 for domain-specific units for final answers if contextually appropriate for heavy-ion physics.

---

**Question 3:**
`<question>A quark-gluon plasma created in a heavy-ion collision exhibits both radial flow and a temperature gradient. Assume the temperature decreases linearly with the radial distance from the center, such that $T(r) = T_0 - \alpha r$, where $T_0$ is the central temperature, $\alpha$ is the temperature gradient, and $r$ is the radial distance. The radial flow velocity is given by $\beta(r) = \beta_{max} \frac{r}{R}$, where $\beta_{max}$ is the maximum flow velocity at the edge ($r=R$) of the plasma. Calculate the average transverse momentum, $\langle p_T \rangle$, of direct photons emitted from this plasma. Assume that the photon emission rate is proportional to $T^2$ and that the photons are emitted isotropically in the local rest frame of the emitting source. Express your answer in terms of $T_0$, $\alpha$, $R$, $\beta_{max}$, and any relevant physical constants. (Assume that the average transverse momentum of a thermal photon can be approximated by $3T$).</question>`

*   **Critique:**
    *   **Guideline 1 (Model a Physics Scenario):** Excellent, a realistic and complex scenario.
    *   **Guideline 2 (Symbolic/Numerical Answer):** Good, expects a symbolic expression.
    *   **Guideline 3 (Multi-Step Reasoning):** Yes, involves integrating over a spatially varying temperature and flow profile, considering emission rate and boosting.
    *   **Guideline 4 (Unique):** Very unique.
    *   **Guideline 5 (Single Solution):** Yes.
    *   **Guideline 6 (Rigorous, concise, no hints):** Not fully rigorous due to the inclusion of a hint.
    *   **Guideline 7 (Assumptions/Variables):** All assumptions and variables are clearly stated and defined.
    *   **Guideline 8 (Units/Notation):** Symbols are conventional. No numerical answer requested.
    *   **Guideline 9 (Not Multipart, no hints):** Single target quantity. Violates the "no hints" clause.
    *   **Guideline 10 (Formatting):** All math and variables are correctly formatted using `$...$` and within `<question>` tags.

*   **Key Issue & Actionable Feedback:**
    *   **Direct Hint:** The phrase "(Assume that the average transverse momentum of a thermal photon can be approximated by $3T$)" is a direct hint for a crucial step in the solution, violating guideline 7. Additionally, for *thermal* photons (massless, Bose-Einstein distribution), the average transverse momentum is commonly approximated as $2T$, not $3T$. $3T$ is more common for massive particles or a simplified classical gas.
    *   **Actionable Feedback:** Remove the direct hint. Students at an advanced level should either know how to calculate $\langle p_T \rangle$ for thermal photons or be provided with the information as a given fact (e.g., "The mean transverse momentum of thermal photons at temperature $T$ is $\langle p_T \rangle = 2T$"). If $3T$ is explicitly desired, state the physical context/approximation that leads to $3T$ for photons, or acknowledge that it's a rough approximation.

---

**Question 4:**
`<question>In a heavy-ion collision, the measured elliptic flow, $v_2$, of charged particles is affected by both genuine collective flow and non-flow effects such as jet-particle correlations. Assume that the observed $v_2^{obs}$ can be decomposed into a flow component, $v_2^{flow}$, and a non-flow component, $v_2^{non-flow}$, such that $v_2^{obs} = v_2^{flow} + v_2^{non-flow}$. The non-flow component is estimated using a two-particle correlation method, yielding $v_2^{non-flow} = A/\sqrt{N}$, where $A$ is a constant and $N$ is the number of particles used in the correlation. The observed $v_2$ is measured as a function of centrality, and it is found that $v_2^{obs} = 0.15$ for peripheral collisions with $N = 100$, and $v_2^{obs} = 0.25$ for central collisions with $N = 1000$. Assuming that the true flow component, $v_2^{flow}$, is linear with centrality (i.e. $v_2^{flow}=kC$, where $C$ represents the centrality percentile (0 to 100)), determine the flow component of the elliptic flow, $v_2^{flow}$, for a centrality of 50. Note, for these collisions, N=500.</question>`

*   **Critique:**
    *   **Guideline 1 (Model a Physics Scenario):** Excellent, highly relevant and complex scenario.
    *   **Guideline 2 (Symbolic/Numerical Answer):** Good, expects a numerical value.
    *   **Guideline 3 (Multi-Step Reasoning):** Yes, involves setting up and solving a system of equations.
    *   **Guideline 4 (Unique):** Very unique.
    *   **Guideline 5 (Single Solution):** **NO.** This is critically flawed.
    *   **Guideline 6 (Rigorous, concise, no hints):** Not fully rigorous due to missing information.
    *   **Guideline 7 (Assumptions/Variables):** Crucial information (specific centrality values) is missing.
    *   **Guideline 8 (Units/Notation):** All good.
    *   **Guideline 9 (Not Multipart, no hints):** Single target quantity.
    *   **Guideline 10 (Formatting):** Mostly good. Ensure all numerical values are in math mode, e.g., "a centrality of $50$."

*   **Key Issues & Actionable Feedback:**
    *   **Missing Centrality Values:** The terms "peripheral collisions" and "central collisions" are descriptive but do not provide specific numerical values for the centrality percentile $C$. Since $v_2^{flow}=kC$, the constant $k$ cannot be uniquely determined without these values, leading to multiple possible solutions.
    *   **Actionable Feedback:** Explicitly define the numerical centrality percentiles for the two given data points. For example: "for $C=70\%$ (peripheral collisions) with $N=100$, and $v_2^{obs} = 0.25$ for $C=10\%$ (central collisions) with $N=1000$."
    *   **Consistency of Linear Model:** If $C$ ranges from $0$ (most central) to $100$ (most peripheral), $v_2^{flow}=kC$ implies $v_2^{flow}$ is 0 at $C=0$ and maximal at $C=100$. This contradicts the typical behavior of elliptic flow (which peaks at mid-centrality and is small for very central or very peripheral). Also, the given $v_2^{obs}$ values ($0.15$ for peripheral, $0.25$ for central) imply a higher flow component in central collisions, which would mean $k$ must be negative if $C=0$ is central and $C=100$ is peripheral, or $C$ must be defined differently.
    *   **Actionable Feedback:** Re-evaluate the linearity assumption or define $C$ in a way that is consistent with typical $v_2$ behavior (e.g., $v_2^{flow} = k(C_{peak} - |C - C_{peak}|)$ for a simplified peaked behavior, or simply provide specific $v_2^{flow}$ values at the two given centralities and then linearly interpolate to $C=50$). The simplest fix is to just provide the exact $C$ values for the two measurement points.

---

**Question 5:**
`<question>Consider a scenario where the freeze-out temperature, $T$, in a heavy-ion collision fluctuates event-by-event according to a Gaussian distribution with a mean value $\langle T \rangle$ and a standard deviation $\sigma_T$. Furthermore, the transverse flow velocity $\beta$ fluctuates according to an independent Gaussian distribution with a mean $\langle \beta \rangle$ and standard deviation $\sigma_\beta$. A particle with mass $m$ is emitted. Assuming that the particle's transverse momentum distribution follows a Boltzmann distribution in the local rest frame and using a saddle-point approximation to evaluate the integral over the Gaussian fluctuations, calculate the relative change in the inverse slope parameter, $\Delta I/I$, of the transverse momentum spectrum due to these fluctuations. Express your answer in terms of $\langle T \rangle$, $\sigma_T$, $\langle \beta \rangle$, $\sigma_\beta$ and $m$. Assume $\sigma_T \ll \langle T \rangle$ and $\sigma_\beta \ll \langle \beta \rangle$. The inverse slope parameter I is equivalent to the effective temperature, T_eff, of the Boltzmann distribution: $dN/dp_T \propto exp(-p_T/T_{eff})$.</question>`

*   **Critique:**
    *   **Guideline 1 (Model a Physics Scenario):** Excellent, highly relevant and complex scenario.
    *   **Guideline 2 (Symbolic/Numerical Answer):** Good, expects a symbolic expression.
    *   **Guideline 3 (Multi-Step Reasoning):** Yes, involves Lorentz transformation, Boltzmann distribution, integration over two fluctuating parameters, saddle-point approximation, and identifying the slope parameter.
    *   **Guideline 4 (Unique):** Extremely unique, research-level problem.
    *   **Guideline 5 (Single Solution):** Yes.
    *   **Guideline 6 (Rigorous, concise, no hints):** Not fully rigorous due to the inclusion of a hint.
    *   **Guideline 7 (Assumptions/Variables):** All assumptions and variables are clearly stated and defined.
    *   **Guideline 8 (Units/Notation):** All good.
    *   **Guideline 9 (Not Multipart, no hints):** Single target quantity. Violates the "no hints" clause.
    *   **Guideline 10 (Formatting):** All math and variables are correctly formatted using `$...$` and within `<question>` tags.

*   **Key Issues & Actionable Feedback:**
    *   **Extreme Difficulty & Hint:** This problem is exceptionally challenging, requiring advanced mathematical techniques (saddle-point approximation) that are typically taught in specialized graduate courses or encountered in research. Explicitly stating "using a saddle-point approximation" provides a direct method, which is a "hint" per guideline 7. While this hint makes the problem solvable for an advanced student familiar with the method, it violates the strict "no hints" rule. Without this hint, the problem would be intractable for most students.
    *   **Actionable Feedback:** Re-evaluate the intended audience. If this is for highly specialized students, it might be acceptable. If strictly adhering to "no hints," remove the phrase "using a saddle-point approximation to evaluate the integral over the Gaussian fluctuations," but be aware that this will make the problem significantly harder and potentially unsolvable within typical assessment constraints. Alternatively, consider a simpler approximation (e.g., Taylor expansion for small fluctuations) if the goal is not to test the saddle-point method specifically.

---
**Summary of Major Recommendations:**

1.  **Resolve Ambiguity/Contradiction:** This is the most critical fix for Questions 2 and 4. Lack of specific values or contradictory statements makes the questions ill-posed.
2.  **Address "No Hints" Guideline:** For Questions 3 and 5, decide how strictly to interpret "no hints." If the hints are critical for tractability, consider rephrasing the guideline or acknowledging that certain instructions (like specifying an approximation method) are necessary for complex problems.
3.  **Manage Difficulty:** Questions 1 and 5 are very high-level. Ensure they align with the target audience's expected knowledge.
4.  **Unit Consistency:** For Question 2, clarify units for numerical answers as per guideline 9.
=== Turn 1: Author refines questions ===
Okay, I've analyzed your questions and incorporated the feedback to refine them. Here's the improved list of physics questions:

```xml
<question>Consider a heavy-ion collision where the transverse flow velocity, $\beta$, exhibits Gaussian fluctuations around a mean value $\langle \beta \rangle$. These fluctuations are characterized by a standard deviation $\sigma_\beta$. Assume the freeze-out temperature, $T$, also fluctuates independently with Gaussian fluctuations around a mean value $\langle T \rangle$, with a standard deviation $\sigma_T$. A particle species with mass $m$ is emitted from this system. Derive an expression for the observed transverse momentum ($p_T$) spectrum of this particle, taking into account the fluctuations in both $\beta$ and $T$. Assume a Boltzmann distribution for the particle's energy in the local rest frame of the emitting source, and integrate over the Gaussian distributions of $\beta$ and $T$. Assume also that the fluctuations are small, i.e. $\sigma_\beta \ll \langle \beta \rangle$ and $\sigma_T \ll \langle T \rangle$. Express your final answer in terms of $\langle \beta \rangle$, $\sigma_\beta$, $\langle T \rangle$, $\sigma_T$, $m$, and $p_T$. You may leave unevaluated integrals in your solution if a closed-form expression is not achievable.</question>

<question>In a relativistic heavy-ion collision, the radial flow velocity profile is given by $\beta(r) = \beta_{max} (r/R)^n$, where $r$ is the radial distance from the center of the collision, $R$ is the radius of the fireball, $\beta_{max}$ is the maximum flow velocity at $r=R$, and $n$ is a parameter characterizing the flow profile. Assuming that pions ($\pi$) and protons ($p$) are emitted from this source, calculate the difference in the mean transverse momentum, $\langle p_T \rangle$, between pions and protons, i.e., $\langle p_T \rangle_\pi - \langle p_T \rangle_p$, due solely to the radial flow, given $\beta_{max} = 0.6$, $R = 10$ fm, $n = 2$, and assuming a common freeze-out temperature $T = 120$ MeV. Ignore the effect of resonance decays for both pions and protons. Use $m_\pi = 140$ MeV and $m_p = 938$ MeV. Express your answer in units of MeV/c.</question>

<question>A quark-gluon plasma created in a heavy-ion collision exhibits both radial flow and a temperature gradient. Assume the temperature decreases linearly with the radial distance from the center, such that $T(r) = T_0 - \alpha r$, where $T_0$ is the central temperature, $\alpha$ is the temperature gradient, and $r$ is the radial distance. The radial flow velocity is given by $\beta(r) = \beta_{max} \frac{r}{R}$, where $\beta_{max}$ is the maximum flow velocity at the edge ($r=R$) of the plasma. Calculate the average transverse momentum, $\langle p_T \rangle$, of direct photons emitted from this plasma. Assume that the photon emission rate is proportional to $T^2$ and that the photons are emitted isotropically in the local rest frame of the emitting source. Assume that the mean transverse momentum of thermal photons at temperature T is $\langle p_T \rangle = 2T$. Express your answer in terms of $T_0$, $\alpha$, $R$, $\beta_{max}$, and any relevant physical constants.</question>

<question>In a heavy-ion collision, the measured elliptic flow, $v_2$, of charged particles is affected by both genuine collective flow and non-flow effects such as jet-particle correlations. Assume that the observed $v_2^{obs}$ can be decomposed into a flow component, $v_2^{flow}$, and a non-flow component, $v_2^{non-flow}$, such that $v_2^{obs} = v_2^{flow} + v_2^{non-flow}$. The non-flow component is estimated using a two-particle correlation method, yielding $v_2^{non-flow} = A/\sqrt{N}$, where $A$ is a constant and $N$ is the number of particles used in the correlation. The observed $v_2$ is measured as a function of centrality, and it is found that $v_2^{obs} = 0.15$ for peripheral collisions with $N = 100$ at a centrality of $C=70$, and $v_2^{obs} = 0.25$ for central collisions with $N = 1000$ at a centrality of $C=10$. Assuming that the true flow component, $v_2^{flow}$, is linear with centrality (i.e. $v_2^{flow}=kC$), determine the flow component of the elliptic flow, $v_2^{flow}$, for a centrality of $50$. Note, for these collisions, $N=500$.</question>

<question>Consider a scenario where the freeze-out temperature, $T$, in a heavy-ion collision fluctuates event-by-event according to a Gaussian distribution with a mean value $\langle T \rangle$ and a standard deviation $\sigma_T$. Furthermore, the transverse flow velocity $\beta$ fluctuates according to an independent Gaussian distribution with a mean $\langle \beta \rangle$ and standard deviation $\sigma_\beta$. A particle with mass $m$ is emitted. Assuming that the particle's transverse momentum distribution follows a Boltzmann distribution in the local rest frame, calculate the relative change in the inverse slope parameter, $\Delta I/I$, of the transverse momentum spectrum due to these fluctuations. Use the saddle-point approximation to evaluate the integral over the Gaussian fluctuations. Express your answer in terms of $\langle T \rangle$, $\sigma_T$, $\langle \beta \rangle$, $\sigma_\beta$ and $m$. Assume $\sigma_T \ll \langle T \rangle$ and $\sigma_\beta \ll \langle \beta \rangle$. The inverse slope parameter I is equivalent to the effective temperature, T_eff, of the Boltzmann distribution: $dN/dp_T \propto exp(-p_T/T_{eff})$.</question>
```
**Key Changes Made:**

*   **Question 1:** Added the assumption about small fluctuations to make the problem more tractable. Clarified that unevaluated integrals are acceptable as a solution.
*   **Question 2:** Explicitly stated that resonance decays are ignored for both pions and protons. Specified that the answer should be in MeV/c.
*   **Question 3:** Removed the direct hint about $3T$ and instead provided the mean transverse momentum of thermal photons ($\langle p_T \rangle = 2T$) as a given fact.
*   **Question 4:** Added specific centrality values for peripheral and central collisions.
*   **Question 5:** Left "using saddle-point approximation" as part of the prompt because removing it would make the problem too difficult. This acknowledges the practical need to guide students on this particularly challenging question.
=== Turn 1: Critic feedback ===
Here's a detailed critique of each question against your guidelines, with concise, actionable feedback:

---

### Question 1 Critique

```xml
<question>Consider a heavy-ion collision where the transverse flow velocity, $\beta$, exhibits Gaussian fluctuations around a mean value $\langle \beta \rangle$. These fluctuations are characterized by a standard deviation $\sigma_\beta$. Assume the freeze-out temperature, $T$, also fluctuates independently with Gaussian fluctuations around a mean value $\langle T \rangle$, with a standard deviation $\sigma_T$. A particle species with mass $m$ is emitted from this system. Derive an expression for the observed transverse momentum ($p_T$) spectrum of this particle, taking into account the fluctuations in both $\beta$ and $T$. Assume a Boltzmann distribution for the particle's energy in the local rest frame of the emitting source, and integrate over the Gaussian distributions of $\beta$ and $T$. Assume also that the fluctuations are small, i.e. $\sigma_\beta \ll \langle \beta \rangle$ and $\sigma_T \ll \langle T \rangle$. Express your final answer in terms of $\langle \beta \rangle$, $\sigma_\beta$, $\langle T \rangle$, $\sigma_T$, $m$, and $p_T$. You may leave unevaluated integrals in your solution if a closed-form expression is not achievable.</question>
```

**Critique:**

1.  **Model Physics Scenario:** Excellent. Models a complex, realistic scenario in heavy-ion physics.
2.  **Answer Type:** Correctly asks for a symbolic expression.
3.  **Multi-Step Reasoning:** Yes, highly multi-step. Involves Boltzmann statistics, relativistic kinematics (Lorentz boost), and probability theory (integration over Gaussian distributions).
4.  **Unique:** Very unique and non-standard.
5.  **Single Solution:** Yes, should yield a unique symbolic form.
6.  **Rigorous, Concise Phrasing / No Hints:** Generally rigorous. **However, "You may leave unevaluated integrals in your solution if a closed-form expression is not achievable" is a direct hint about the problem's complexity and the expected form of the answer. This violates the "no hints" guideline.**
7.  **Assumptions/Variables Defined:** All variables are defined, and assumptions (Gaussian fluctuations, independence, small fluctuations, Boltzmann distribution) are clearly stated.
8.  **Units/Notation:** Consistent notation. No numerical answer required, so SI unit constraint is not directly applicable.
9.  **Not Multipart / No Hints:** Single target quantity. The "unevaluated integrals" phrase is a hint.
10. **Question Formatting:** Correct LaTeX syntax and `<question>` tags.

**Actionable Feedback:**

*   **Remove Hint:** Delete the sentence: "You may leave unevaluated integrals in your solution if a closed-form expression is not achievable." The problem statement should simply ask for the derivation, and the student should determine if a closed-form solution exists.
*   **Clarify Boltzmann distribution:** For full rigor, specify the form of the Boltzmann distribution in the local rest frame, e.g., $dN/d^3p \propto \exp(-E/T)$. This sets a clearer starting point for the derivation.

---

### Question 2 Critique

```xml
<question>In a relativistic heavy-ion collision, the radial flow velocity profile is given by $\beta(r) = \beta_{max} (r/R)^n$, where $r$ is the radial distance from the center of the collision, $R$ is the radius of the fireball, $\beta_{max}$ is the maximum flow velocity at $r=R$, and $n$ is a parameter characterizing the flow profile. Assuming that pions ($\pi$) and protons ($p$) are emitted from this source, calculate the difference in the mean transverse momentum, $\langle p_T \rangle$, between pions and protons, i.e., $\langle p_T \rangle_\pi - \langle p_T \rangle_p$, due solely to the radial flow, given $\beta_{max} = 0.6$, $R = 10$ fm, $n = 2$, and assuming a common freeze-out temperature $T = 120$ MeV. Ignore the effect of resonance decays for both pions and protons. Use $m_\pi = 140$ MeV and $m_p = 938$ MeV. Express your answer in units of MeV/c.</question>
```

**Critique:**

1.  **Model Physics Scenario:** Excellent, a standard heavy-ion collision scenario.
2.  **Answer Type:** Correctly asks for a numerical value.
3.  **Multi-Step Reasoning:** Yes. Requires calculation of $\langle p_T \rangle$ for two particle species, integration over a spatially dependent flow profile, and then finding the difference. This implicitly requires knowledge of how to compute $\langle p_T \rangle$ given a temperature and flow velocity (e.g., from a blast-wave model or fundamental derivation).
4.  **Unique:** The specific profile and calculation of the difference make it unique.
5.  **Single Solution:** Yes, should yield a unique numerical answer.
6.  **Rigorous, Concise Phrasing / No Hints:** Good. "Ignore resonance decays" is a necessary simplification, not a hint.
7.  **Assumptions/Variables Defined:** All variables are defined, and assumptions are clear.
8.  **Units/Notation:** Notation is conventional. **However, there is a conflict with Guideline 9: "all numerical answers must include correct SI units." The question asks for MeV/c, which is not an SI unit. Also, particle masses are given in MeV, which are energy units, strictly requiring MeV/c² for mass.** While MeV/c and MeV for mass are standard in high-energy physics, this violates the strict SI unit guideline.
9.  **Not Multipart / No Hints:** Single target quantity. No hints.
10. **Question Formatting:** Correct LaTeX syntax and `<question>` tags.

**Actionable Feedback:**

*   **Units Consistency (Critical):**
    *   **Option 1 (Strict SI):** Rewrite the question to require the answer in SI units (kg m/s) and provide masses in kg. This would make the problem much more cumbersome.
    *   **Option 2 (Contextual Units - Recommended for HEP):** If the intention is for high-energy physics context, explicitly state in the overall assessment guidelines that "MeV," "MeV/c," and "fm" are acceptable conventional units for this domain, overriding the strict SI requirement.
    *   For rigor, state masses as $m_\pi = 140 \, \mathrm{MeV/c^2}$ and $m_p = 938 \, \mathrm{MeV/c^2}$.
*   **Clarify $\langle p_T \rangle$ calculation method:** The problem implies the student should know how to calculate $\langle p_T \rangle$ given a thermal distribution and a flow profile. This often refers to a specific model (e.g., "blast-wave model"). If this model is assumed, it should be stated. If students are expected to derive it from first principles (integrating a boosted Boltzmann distribution over the volume), the problem becomes significantly more complex than typical assessment for a single numerical value.

---

### Question 3 Critique

```xml
<question>A quark-gluon plasma created in a heavy-ion collision exhibits both radial flow and a temperature gradient. Assume the temperature decreases linearly with the radial distance from the center, such that $T(r) = T_0 - \alpha r$, where $T_0$ is the central temperature, $\alpha$ is the temperature gradient, and $r$ is the radial distance. The radial flow velocity is given by $\beta(r) = \beta_{max} \frac{r}{R}$, where $\beta_{max}$ is the maximum flow velocity at the edge ($r=R$) of the plasma. Calculate the average transverse momentum, $\langle p_T \rangle$, of direct photons emitted from this plasma. Assume that the photon emission rate is proportional to $T^2$ and that the photons are emitted isotropically in the local rest frame of the emitting source. Assume that the mean transverse momentum of thermal photons at temperature T is $\langle p_T \rangle = 2T$. Express your answer in terms of $T_0$, $\alpha$, $R$, $\beta_{max}$, and any relevant physical constants.</question>
```

**Critique:**

1.  **Model Physics Scenario:** Excellent, models a QGP with spatial gradients and flow.
2.  **Answer Type:** Correctly asks for a symbolic expression.
3.  **Multi-Step Reasoning:** Yes. Involves integrating over a spatially varying source (temperature, flow, and emission rate), and applying the effect of flow (Doppler shift) on the photon $p_T$.
4.  **Unique:** Very unique and conceptually rich.
5.  **Single Solution:** Yes, should yield a unique symbolic form.
6.  **Rigorous, Concise Phrasing / No Hints:** Good. The provided $\langle p_T \rangle = 2T$ is a necessary piece of information for calculation, not a hint about the solution method.
7.  **Assumptions/Variables Defined:** All variables are defined, and assumptions are clearly stated.
8.  **Units/Notation:** Consistent notation. No numerical answer required, so SI unit constraint is not directly applicable.
9.  **Not Multipart / No Hints:** Single target quantity. No hints.
10. **Question Formatting:** Correct LaTeX syntax and `<question>` tags.

**Actionable Feedback:**

*   **Clarify Flow Effect on Photon $p_T$:** For massless particles like photons, the flow primarily causes a Doppler shift. The prompt gives $\langle p_T \rangle = 2T$ *in the local rest frame*. Students need to know how to transform this average $p_T$ to the lab frame in the presence of flow. This transformation (e.g., $\langle p_T \rangle_{lab} = \gamma \langle p_T \rangle_{source} (1 + \beta \cos\phi)$ where $\phi$ is the angle between $\vec{\beta}$ and $\vec{p}_T$, averaged over angle) is non-trivial. Explicitly stating how flow affects the average $p_T$ of massless particles or guiding towards a standard approach (e.g., integrating the boosted photon spectrum) would be beneficial. Without this, the problem could lead to multiple interpretations of how flow modifies $\langle p_T \rangle$.

---

### Question 4 Critique

```xml
<question>In a heavy-ion collision, the measured elliptic flow, $v_2$, of charged particles is affected by both genuine collective flow and non-flow effects such as jet-particle correlations. Assume that the observed $v_2^{obs}$ can be decomposed into a flow component, $v_2^{flow}$, and a non-flow component, $v_2^{non-flow}$, such that $v_2^{obs} = v_2^{flow} + v_2^{non-flow}$. The non-flow component is estimated using a two-particle correlation method, yielding $v_2^{non-flow} = A/\sqrt{N}$, where $A$ is a constant and $N$ is the number of particles used in the correlation. The observed $v_2$ is measured as a function of centrality, and it is found that $v_2^{obs} = 0.15$ for peripheral collisions with $N = 100$ at a centrality of $C=70$, and $v_2^{obs} = 0.25$ for central collisions with $N = 1000$ at a centrality of $C=10$. Assuming that the true flow component, $v_2^{flow}$, is linear with centrality (i.e. $v_2^{flow}=kC$), determine the flow component of the elliptic flow, $v_2^{flow}$, for a centrality of $50$. Note, for these collisions, $N=500$.</question>
```

**Critique:**

1.  **Model Physics Scenario:** Excellent, models a practical data analysis scenario in heavy-ion physics.
2.  **Answer Type:** Correctly asks for a numerical value.
3.  **Multi-Step Reasoning:** Yes. Involves setting up and solving a system of two linear equations for constants $A$ and $k$, and then calculating the desired quantity.
4.  **Unique:** The specific parameters and functional forms make it unique.
5.  **Single Solution:** Yes, should yield a unique numerical answer.
6.  **Rigorous, Concise Phrasing / No Hints:** Good. "Note, for these collisions, $N=500$" is a necessary data point, not a hint.
7.  **Assumptions/Variables Defined:** All variables are defined, and assumptions (decomposition, functional forms) are clear. **However, the definition of centrality $C$ needs clarification.** Is $C=70$ to be used as $70$, or $0.70$ (normalized percentage)? This impacts the value of $k$ and the final answer.
8.  **Units/Notation:** Consistent notation. $v_2$ is dimensionless. No SI units needed as it's a dimensionless quantity. All numbers are correctly within `$`.
9.  **Not Multipart / No Hints:** Single target quantity. No hints.
10. **Question Formatting:** Correct LaTeX syntax and `<question>` tags.

**Actionable Feedback:**

*   **Clarify Centrality Scale:** Specify whether centrality $C$ is a percentage (e.g., $0-100\%$) or a normalized fraction (e.g., $0-1$). For instance: "where $C$ is centrality as a percentage (e.g., $C=70$ means $70\%$)." Or, if $C$ is to be used as a fraction: "where $C$ is the normalized centrality (e.g., $C=0.70$ for $70\%$ peripheral collisions)." This prevents ambiguity in the solution.

---

### Question 5 Critique

```xml
<question>Consider a scenario where the freeze-out temperature, $T$, in a heavy-ion collision fluctuates event-by-event according to a Gaussian distribution with a mean value $\langle T \rangle$ and a standard deviation $\sigma_T$. Furthermore, the transverse flow velocity $\beta$ fluctuates according to an independent Gaussian distribution with a mean $\langle \beta \rangle$ and standard deviation $\sigma_\beta$. A particle with mass $m$ is emitted. Assuming that the particle's transverse momentum distribution follows a Boltzmann distribution in the local rest frame, calculate the relative change in the inverse slope parameter, $\Delta I/I$, of the transverse momentum spectrum due to these fluctuations. Use the saddle-point approximation to evaluate the integral over the Gaussian fluctuations. Express your answer in terms of $\langle T \rangle$, $\sigma_T$, $\langle \beta \rangle$, $\sigma_\beta$ and $m$. Assume $\sigma_T \ll \langle T \rangle$ and $\sigma_\beta \ll \langle \beta \rangle$. The inverse slope parameter I is equivalent to the effective temperature, T_eff, of the Boltzmann distribution: $dN/dp_T \propto exp(-p_T/T_{eff})$.</question>
```

**Critique:**

1.  **Model Physics Scenario:** Excellent, highly relevant to current research in fluctuations.
2.  **Answer Type:** Correctly asks for a symbolic expression.
3.  **Multi-Step Reasoning:** Yes, extremely multi-step. Involves Boltzmann statistics, relativistic kinematics, integration over probability distributions, and the advanced mathematical technique of saddle-point approximation.
4.  **Unique:** Extremely unique and challenging.
5.  **Single Solution:** Yes, should yield a unique symbolic form within the specified approximation.
6.  **Rigorous, Concise Phrasing / No Hints:** Phrasing is good. **However, "Use the saddle-point approximation to evaluate the integral over the Gaussian fluctuations" is a direct hint about the mathematical method to be used, violating the "no hints" guideline.**
7.  **Assumptions/Variables Defined:** All variables are defined, and assumptions (Gaussian fluctuations, independence, small fluctuations, Boltzmann distribution, saddle-point approximation) are clearly stated. The definition of the inverse slope parameter is also given.
8.  **Units/Notation:** Consistent notation. No numerical answer required, so SI unit constraint is not directly applicable.
9.  **Not Multipart / No Hints:** Single target quantity. The saddle-point approximation instruction is a hint.
10. **Question Formatting:** Correct LaTeX syntax and `<question>` tags.

**Actionable Feedback:**

*   **Remove Hint (Critical):** Delete the sentence: "Use the saddle-point approximation to evaluate the integral over the Gaussian fluctuations." If the problem is deemed unsolvable without this guidance, then the problem's scope or target audience should be reconsidered.
*   **Clarify Inverse Slope Parameter / Boltzmann Form:** The definition $dN/dp_T \propto \exp(-p_T/T_{eff})$ is a simplification. For a relativistic Boltzmann distribution with mass $m$, the actual form is typically $dN/p_T dp_T dy \propto m_T K_1(m_T/T_{eff}) \approx \exp(-m_T/T_{eff})$ for large $p_T$, where $m_T = \sqrt{m^2 + p_T^2}$. Using $p_T$ directly in the exponential implies a non-relativistic approximation or a specific kinematic range. For a rigorous problem, specify the full form of the Boltzmann distribution or clearly state that the "inverse slope parameter" refers to the effective temperature obtained from an exponential fit to $dN/dp_T$ at high $p_T$.

---

**Overall Recommendations:**

*   **"No Hints" Guideline:** This is the most consistently violated guideline, particularly for the more difficult questions. If the goal is strict adherence, any instruction guiding the solution method (e.g., "Use saddle-point approximation," "You may leave unevaluated integrals") must be removed. This might necessitate adjusting the complexity of some questions or ensuring that the assumed knowledge for the target audience is very high.
*   **SI Units vs. Domain-Specific Units:** The conflict between requiring strict SI units and using conventional high-energy physics units (MeV, fm, MeV/c) is significant.
    *   **Recommendation:** Clarify Guideline 9. For advanced physics domains where non-SI units are conventional (like HEP), allow these units provided they are consistently applied and explicitly stated in the question. If SI conversion is a specific learning objective, then the question should explicitly state "Express your answer in SI units."
*   **Implicit Assumptions/Required Background:** For complex derivations (like in Questions 2 and 3 regarding $\langle p_T \rangle$ and flow effects), consider adding a specific sentence like "Assume the standard blast-wave model for $\langle p_T \rangle$ in the presence of radial flow" or provide the necessary derived formula if it's not a fundamental derivation expected from the student. This ensures a single intended solution path.
=== Turn 2: Author refines questions ===
```xml
<question>Consider a heavy-ion collision where the transverse flow velocity, $\beta$, exhibits Gaussian fluctuations around a mean value $\langle \beta \rangle$. These fluctuations are characterized by a standard deviation $\sigma_\beta$. Assume the freeze-out temperature, $T$, also fluctuates independently with Gaussian fluctuations around a mean value $\langle T \rangle$, with a standard deviation $\sigma_T$. A particle species with mass $m$ is emitted from this system. Derive an expression for the observed transverse momentum ($p_T$) spectrum of this particle, taking into account the fluctuations in both $\beta$ and $T$. Assume a Boltzmann distribution, $dN/d^3p \propto \exp(-E/T)$, for the particle's energy in the local rest frame of the emitting source, and integrate over the Gaussian distributions of $\beta$ and $T$. Assume also that the fluctuations are small, i.e. $\sigma_\beta \ll \langle \beta \rangle$ and $\sigma_T \ll \langle T \rangle$. Express your final answer in terms of $\langle \beta \rangle$, $\sigma_\beta$, $\langle T \rangle$, $\sigma_T$, $m$, and $p_T$.</question>

<question>In a relativistic heavy-ion collision, the radial flow velocity profile is given by $\beta(r) = \beta_{max} (r/R)^n$, where $r$ is the radial distance from the center of the collision, $R$ is the radius of the fireball, $\beta_{max}$ is the maximum flow velocity at $r=R$, and $n$ is a parameter characterizing the flow profile. Assuming that pions ($\pi$) and protons ($p$) are emitted from this source, calculate the difference in the mean transverse momentum, $\langle p_T \rangle$, between pions and protons, i.e., $\langle p_T \rangle_\pi - \langle p_T \rangle_p$, due solely to the radial flow, given $\beta_{max} = 0.6$, $R = 10$ fm, $n = 2$, and assuming a common freeze-out temperature $T = 120$ MeV. Ignore the effect of resonance decays for both pions and protons. Use $m_\pi = 140 \, \mathrm{MeV/c^2}$ and $m_p = 938 \, \mathrm{MeV/c^2}$. Express your answer in units of MeV/c.</question>

<question>A quark-gluon plasma created in a heavy-ion collision exhibits both radial flow and a temperature gradient. Assume the temperature decreases linearly with the radial distance from the center, such that $T(r) = T_0 - \alpha r$, where $T_0$ is the central temperature, $\alpha$ is the temperature gradient, and $r$ is the radial distance. The radial flow velocity is given by $\beta(r) = \beta_{max} \frac{r}{R}$, where $\beta_{max}$ is the maximum flow velocity at the edge ($r=R$) of the plasma. Calculate the average transverse momentum, $\langle p_T \rangle$, of direct photons emitted from this plasma. Assume that the photon emission rate is proportional to $T^2$ and that the photons are emitted isotropically in the local rest frame of the emitting source. Assume that the mean transverse momentum of thermal photons at temperature $T$ is $\langle p_T \rangle = 2T$ in the local rest frame. Express your answer in terms of $T_0$, $\alpha$, $R$, $\beta_{max}$, and any relevant physical constants.</question>

<question>In a heavy-ion collision, the measured elliptic flow, $v_2$, of charged particles is affected by both genuine collective flow and non-flow effects such as jet-particle correlations. Assume that the observed $v_2^{obs}$ can be decomposed into a flow component, $v_2^{flow}$, and a non-flow component, $v_2^{non-flow}$, such that $v_2^{obs} = v_2^{flow} + v_2^{non-flow}$. The non-flow component is estimated using a two-particle correlation method, yielding $v_2^{non-flow} = A/\sqrt{N}$, where $A$ is a constant and $N$ is the number of particles used in the correlation. The observed $v_2$ is measured as a function of centrality, and it is found that $v_2^{obs} = 0.15$ for peripheral collisions with $N = 100$ at a centrality of $C=70$, and $v_2^{obs} = 0.25$ for central collisions with $N = 1000$ at a centrality of $C=10$. Assuming that the true flow component, $v_2^{flow}$, is linear with centrality (i.e. $v_2^{flow}=kC$), determine the flow component of the elliptic flow, $v_2^{flow}$, for a centrality of $50$. Note, for these collisions, $N=500$, and $C$ represents the centrality as a percentage (e.g., $C=70$ means $70\%$).</question>

<question>Consider a scenario where the freeze-out temperature, $T$, in a heavy-ion collision fluctuates event-by-event according to a Gaussian distribution with a mean value $\langle T \rangle$ and a standard deviation $\sigma_T$. Furthermore, the transverse flow velocity $\beta$ fluctuates according to an independent Gaussian distribution with a mean $\langle \beta \rangle$ and standard deviation $\sigma_\beta$. A particle with mass $m$ is emitted. Assuming that the particle's transverse momentum distribution follows a Boltzmann distribution in the local rest frame, calculate the relative change in the inverse slope parameter, $\Delta I/I$, of the transverse momentum spectrum due to these fluctuations. Express your answer in terms of $\langle T \rangle$, $\sigma_T$, $\langle \beta \rangle$, $\sigma_\beta$ and $m$. Assume $\sigma_T \ll \langle T \rangle$ and $\sigma_\beta \ll \langle \beta \rangle$. The inverse slope parameter $I$ is equivalent to the effective temperature, $T_{eff}$, obtained from an exponential fit to $dN/dp_T$ at high $p_T$, where the distribution in the local rest frame is approximately  $dN/p_T dp_T dy \propto m_T K_1(m_T/T) \approx \exp(-m_T/T)$ for large $p_T$ and $m_T = \sqrt{m^2 + p_T^2}$.</question>
```
=== Final questions generated ===
