=== Turn 0: Author generates questions ===
<question>  
Consider a composite Higgs model where the Higgs boson emerges as a pseudo-Nambu-Goldstone boson of a global symmetry breaking pattern $G \to H$, with decay constant $f$. The Higgs potential is radiatively generated and, near the minimum, can be approximated as  
$$ V(h) = -\alpha f^2 \sin^2\left(\frac{h}{f}\right) + \beta f^2 \sin^4\left(\frac{h}{f}\right), $$  
where $\alpha, \beta > 0$ are dimensionless parameters. Given the vacuum expectation value $v$ defined by  
$$ v = f \sin\left(\frac{\langle h \rangle}{f}\right), $$  
derive a closed-form expression for the physical Higgs mass squared $m_h^2 = \left.\frac{d^2 V}{dh^2}\right|_{h=\langle h \rangle}$ in terms of $v$, $f$, $\alpha$, and $\beta$.  
</question>

<question>  
In a relaxion mechanism addressing the cosmological constant problem, the scalar relaxion field $\phi$ evolves in a potential of the form  
$$ V(\phi) = -\mu^2(\phi) |H|^2 + \lambda |H|^4 + \Lambda_b^4 \cos\left(\frac{\phi}{f}\right), $$  
where the Higgs mass parameter depends on $\phi$ as  
$$ \mu^2(\phi) = M^2 - g \Lambda \phi, $$  
with constants $M$, $g$, $\Lambda$, $f$, and barrier scale $\Lambda_b$. Assuming the relaxion stops rolling where the Higgs acquires its vacuum expectation value $v = \sqrt{\frac{\mu^2}{\lambda}}$, derive the self-consistency condition for the relaxion stopping point $\phi = \phi_*$ by equating the slope of the linear part to the slope of the periodic barrier, leading to an explicit expression for $\phi_*$ in terms of the parameters $M$, $g$, $\Lambda$, $f$, and $\Lambda_b$.  
</question>

<question>  
In a theory demonstrating UV/IR mixing, consider a scalar field theory where the dispersion relation is modified to  
$$ \omega^2 = k^2 + \frac{\mu^4}{k^2}, $$  
with $\mu$ a mass scale and $k=|\mathbf{k}|$ the spatial momentum. Compute the group velocity $v_g = \frac{d\omega}{dk}$ as a function of $k$, and find the momentum $k_0$ at which $v_g$ is minimized. Provide $k_0$ and the minimal group velocity $v_g(k_0)$ in closed form.  
</question>

<question>  
Consider a minimal neutral naturalness model where the Higgs boson couples to a twin QCD sector through a portal coupling parametrized by  
$$ \mathcal{L} \supset \kappa |H|^2 \text{Tr}(G'_{\mu\nu} G'^{\mu\nu}), $$  
where $G'_{\mu\nu}$ is the twin gluon field strength tensor. Given that the twin confinement scale $\Lambda_{\text{twin}}$ depends on $\kappa$ as  
$$ \Lambda_{\text{twin}} = \mu \exp\left(-\frac{8\pi^2}{b_0 \alpha_s(\mu)}\right), $$  
with the effective coupling $\alpha_s(\mu)$ satisfying  
$$ \alpha_s^{-1}(\mu) = \alpha_0^{-1} + \kappa v^2, $$  
derive an explicit expression for $\frac{d\Lambda_{\text{twin}}}{d\kappa}$ in terms of $b_0$, $\alpha_0$, $v$, $\kappa$, and $\Lambda_{\text{twin}}$.  
</question>

<question>  
Within the context of Higgs coupling deviations from a composite Higgs scenario, the modification to the Higgs coupling to vector bosons $g_{hVV}$ is parametrized as  
$$ \frac{g_{hVV}}{g_{hVV}^{\text{SM}}} = \sqrt{1-\xi}, $$  
where $\xi = \frac{v^2}{f^2}$ and $f$ is the compositeness scale. Assuming experimental bounds fix this ratio to be $r$ (with $0 < r < 1$), derive an expression for the scale $f$ as a function of $v$ and $r$.  
</question>
=== Turn 0: Critic feedback ===
Here’s a critique of each question, referencing your guidelines and LaTeX/Markdown formatting:

---

#### **Question 1** (Composite Higgs, mass from potential)

- **Strengths:**  
    - Realistic model used, physical scenario well-motivated.  
    - Clear symbolic target for the solution.  
    - Proper use of LaTeX with Markdown syntax in equations and variables.  
    - Requires multi-step reasoning (potential, VEV structure, differentiation).  
    - Phrasing is concise and rigorous.

- **Areas for Improvement:**  
    - "Near the minimum" is somewhat vague—specify that the second derivative is to be evaluated at $h = \langle h \rangle$.  
    - "Closed-form" is slightly redundant; just "derive an explicit expression" suffices, but not a real flaw.  
    - There is minor redundancy in defining VEV $v$, as this is implicit in the minimum of $V(h)$. This helps the calculation, but you may condense by omitting the phrase "Given the vacuum expectation value $v$ defined by…", start with "Derive…"

- **Actionable edit:**  
    - Make "near the minimum" explicit as "at $h = \langle h \rangle$".

---

#### **Question 2** (Relaxion, stopping condition)

- **Strengths:**  
    - Physically motivated scenario (relaxion physics).  
    - Clear target for symbolic solution ($\phi_*$ in terms of parameters only).  
    - Multi-step reasoning: extremizing potential, evolving VEV.  
    - Proper LaTeX usage.

- **Areas for Improvement:**  
    - The phrase "self-consistency condition" is a bit ambiguous. Instead, say "derive an explicit expression for the stopping point $\phi_*$".
    - When defining $v$, "the Higgs acquires its vacuum expectation value $v = ..." could be rephrased as "Assume the Higgs obtains its VEV $v = \sqrt{\mu^2(\phi)/\lambda}$ at the relaxion stopping point."
    - The equation for $v$ uses absolute value $|\mu^2|$, but $\mu^2 > 0$ for spontaneous symmetry breaking; clarify the sign convention.

- **Actionable edit:**  
    - Streamline phrasing for directness and clarify the sign of $\mu^2$ at stopping.

---

#### **Question 3** (UV/IR mixing, group velocity extremum)

- **Strengths:**  
    - Unique, non-standard dispersion relation.
    - Focused on a single physical quantity (location and value of minimum group velocity).
    - Multi-step reasoning required (differentiate, solve extremum condition).
    - Concise wording.

- **Areas for Improvement:**  
    - The scenario description is minimal; briefly state "Consider a scalar field with dispersion...".
    - You're asking for both $k_0$ and $v_g(k_0)$—which is acceptable if both are symbolic and derived together as the one answer expected.
    - Otherwise, clear and compliant.

- **Actionable edit:**  
    - Possibly preface with "Consider a scalar field with modified dispersion..." for clarity.

---

#### **Question 4** (Twin Higgs, portal effect on $\Lambda$)

- **Strengths:**  
    - Advanced, original question.
    - All variables defined, clear target: derivative with respect to $\kappa$.
    - Requires chain rule, symbolic manipulation.
    - LaTeX and Markdown correct.

- **Areas for Improvement:**  
    - The scenario preamble is slightly wordy; can be tightened.
    - The final expression for $\frac{d\Lambda_{\text{twin}}}{d\kappa}$ should be asked explicitly.
    - Redundancy: the twin confinement scale formula is potentially more general than needed—could specify that $\mu$, $b_0$ are constants here, for clarity.
    - Ensure no implicit assumptions regarding the running of $\alpha_s$, unless justified.

- **Actionable edit:**  
    - Clarify that all parameters ($b_0$, $\alpha_0$, $v$) are constants.

---

#### **Question 5** (Composite Higgs, coupling deviation)

- **Strengths:**  
    - Focuses on a standard phenomenological parameter.
    - Asks for a direct, symbolic answer for $f$ in terms of $v$ and $r$.
    - Single-stage algebraic manipulation required, though trivial.
    - Proper Markdown LaTeX.

- **Areas for Improvement:**  
    - The question is a little too simple; does not force significant multi-step reasoning (Guideline 4).  
    - “Assuming experimental bounds fix this ratio…” is a bit wordy; more direct phrasing possible.
    - The parameters should be carefully defined; "experimental bounds" could simply be "Suppose this ratio..."

- **Actionable edit:**  
    - Consider integrating the coupling modification into a more extended calculation or adding a subtlety (e.g., inversion for $f$ subject to constraint) to increase complexity.

---

### **General feedback on all questions**
- **Equations**: All equations are wrapped in proper Markdown LaTeX format.  
- **<question> tags**: All questions were wrapped correctly in `<question>...</question>`.  
- **Single solution**: All questions appear to lead to a single, unique algebraic answer.  
- **Conciseness**: Wording is mostly rigorous and concise, though a few questions could be further streamlined.
- **Originality**: All problems are unique and non-standard.
- **No unnecessary variables**: No clear extraneous or unused variables.

---

### **Summary Table**

| # | Strength | Weakness | Actionable Fix |
|---|----------|----------|-------------|
| 1 | Good model; symbolic answer, multi-step, LaTeX | "Near the minimum" imprecise | Specify evaluation point, streamline VEV definition |
| 2 | Physical, unique, multi-step | Terminology ("self-consistency"), VEV phrase | Clarify stopping condition, sign conventions |
| 3 | Unique, concise, clear goal | Minimal context | Add short scenario intro; check "single solution" vs. two outputs |
| 4 | Advanced, chain-rule derivation | Slight redundancy, assumption clarity | Shorten description, declare constants |
| 5 | Simple, unique | Not multi-step, too simple | Integrate extra algebraic step or context; streamline wording |

---

**General recommendations:**  
- Always specify evaluation points precisely.  
- Use the most direct and unambiguous phrasing.  
- If trivial, add complexity by including an extra step or subtlety.  
- Double-check that all symbols used in the answer are defined in the question.  
- When specifying a unique answer, avoid two-quantity requests unless explicitly stated as "and", not "or".

**LaTeX and Markdown usage is correct across all questions, and <question> tags are present.**

**Conclusion:**  
These questions are advanced and well-constructed but can be improved for clarity, specificity, and—when appropriate—complexity, to ensure all are equally rigorous and demand true multi-step reasoning.
=== Turn 1: Author refines questions ===
<question>  
Consider a composite Higgs model where the Higgs boson emerges as a pseudo-Nambu-Goldstone boson associated with a global symmetry breaking pattern \( G \to H \), characterized by a decay constant \( f \). The radiatively generated Higgs potential can be approximated by  
\[
V(h) = -\alpha f^{2} \sin^{2}\left(\frac{h}{f}\right) + \beta f^{2} \sin^{4}\left(\frac{h}{f}\right),
\]
with dimensionless positive parameters \(\alpha, \beta > 0\). Given that the Higgs vacuum expectation value satisfies  
\[
v = f \sin\left(\frac{\langle h \rangle}{f}\right),
\]
derive an explicit expression for the physical Higgs mass squared  
\[
m_h^{2} = \left.\frac{d^{2}V}{dh^{2}}\right|_{h = \langle h \rangle}
\]
in terms of \(v\), \(f\), \(\alpha\), and \(\beta\).  
</question>

<question>  
In a relaxion mechanism addressing the cosmological constant problem, the scalar relaxion field \(\phi\) evolves under the potential  
\[
V(\phi) = -\mu^{2}(\phi) |H|^{2} + \lambda |H|^{4} + \Lambda_{b}^{4} \cos\left(\frac{\phi}{f}\right),
\]
where the Higgs mass parameter depends linearly on \(\phi\) as  
\[
\mu^{2}(\phi) = M^{2} - g \Lambda \phi,
\]
and \(M, g, \Lambda, f, \Lambda_b\) are constants. Assume the relaxion stops rolling at \(\phi = \phi_*\), where the Higgs obtains its vacuum expectation value  
\[
v = \sqrt{\frac{\mu^{2}(\phi_*)}{\lambda}},
\]
with \(\mu^{2}(\phi_*) > 0\). Derive an explicit equation for \(\phi_*\) by equating the slope of the linear potential term to the slope of the periodic barrier. Express \(\phi_*\) in terms of the parameters \(M, g, \Lambda, f,\) and \(\Lambda_b\).  
</question>

<question>  
Consider a scalar field theory with a modified dispersion relation exhibiting UV/IR mixing:  
\[
\omega^{2} = k^{2} + \frac{\mu^{4}}{k^{2}},
\]
where \(\mu\) is a mass scale and \(k = |\mathbf{k}|\) is the spatial momentum magnitude.  
\begin{itemize}
  \item[(a)] Compute the group velocity \(v_g(k) = \frac{d\omega}{dk}\) as a function of \(k\).  
  \item[(b)] Find the momentum \(k_0\) at which the group velocity \(v_g(k)\) attains its minimum value, and provide a closed-form expression for both \(k_0\) and the minimal group velocity \(v_g(k_0)\).  
\end{itemize}  
</question>

<question>  
In a minimal neutral naturalness model, the Standard Model Higgs couples to a twin QCD sector via a portal interaction:  
\[
\mathcal{L} \supset \kappa |H|^{2} \operatorname{Tr}(G'_{\mu\nu} G'^{\mu\nu}),
\]
where \(G'_{\mu\nu}\) is the twin gluon field strength tensor and \(\kappa\) parametrizes the portal coupling. The twin confinement scale \(\Lambda_{\mathrm{twin}}\) depends on \(\kappa\) through the running coupling \(\alpha_s(\mu)\) as  
\[
\Lambda_{\mathrm{twin}} = \mu \exp\left(-\frac{8\pi^{2}}{b_0 \alpha_s(\mu)}\right),
\]
with  
\[
\alpha_s^{-1}(\mu) = \alpha_0^{-1} + \kappa v^{2},
\]
where \(\mu, b_0, \alpha_0,\) and \(v\) are constants. Derive an explicit expression for the derivative \(\frac{d\Lambda_{\mathrm{twin}}}{d\kappa}\) in terms of \(b_0\), \(\alpha_0\), \(v\), \(\kappa\), and \(\Lambda_{\mathrm{twin}}\).  
</question>

<question>  
Within a composite Higgs framework, the modification to the Higgs coupling to electroweak vector bosons is parametrized as  
\[
\frac{g_{hVV}}{g_{hVV}^{\mathrm{SM}}} = \sqrt{1 - \xi},
\]
where  
\[
\xi = \frac{v^{2}}{f^{2}},
\]
with \(v\) the electroweak vacuum expectation value and \(f > v\) the compositeness scale. Suppose that experimental measurements constrain this ratio to be exactly  
\[
r = \frac{g_{hVV}}{g_{hVV}^{\mathrm{SM}}} \quad \text{with} \quad 0 < r < 1.
\]  
Derive an explicit formula for the compositeness scale \(f\) in terms of \(v\) and the measured ratio \(r\).  
</question>
=== Turn 1: Critic feedback ===
Here is a question-by-question critique relative to your 12 guidelines. For each, I identify actionable improvements and Markdown/LaTeX issues.

---

### Question 1 (Composite Higgs Mass)

#### Strengths:
- **Physical scenario**: Composite Higgs, symmetry breaking, explicit potential.
- **Solvable quantity**: $m_h^2$ in terms of $v$, $f$, $\alpha$, $\beta$.
- **Format**: Equations are properly rendered (could improve for strict Markdown).
- **Forces multi-step reasoning**: Yes.
- **Unique and non-textbook**: Yes.
- **Single solution**: Yes.
- **Conciseness/Rigor**: Satisfactory.

#### Issues:
- **Guideline 3**: In a strict Markdown context, use single `$...$` for inline and block equations—your initial question did this, but when copy-pasting, ensure this is always true (no `\(` or `\[`).
- **Guideline 11**: Only one answer is required, and that's respected.

#### Minor Suggestions:
- Confirm that all symbols are defined upfront (e.g., explain that $\langle h \rangle$ is the Higgs VEV).
- Could be more concise by eliminating the duplicate expression for $v$ ("Given that... satisfies" is sufficient).

**Actionable Feedback**:  
✓ Only minor edits needed. Use only Markdown-style `$...$` for math exclusively. Confirm symbol definitions.

---

### Question 2 (Relaxion Stop Condition)

#### Strengths:
- **Physical scenario**: Relaxion with Higgs portal addressing CC problem.
- **Solvable quantity**: Equation for $\phi_*$ in terms of parameters.
- **Format**: Proper, but see markdown note below.
- **Multi-step reasoning**: Yes.

#### Issues:
- **Two-step calculation**: Reader must equate force balance and link to $v$, but the relationship between $\mu^2(\phi_*)$ and $v$ is only relevant if plugging for $\mu^2$—could be extraneous if not used.
- **Markdown**: Stick to `$...$` only.
- **Single solution**: Satisfied.
- **Rigorous phrasing**: "Derive an explicit equation" could specify: "Find a symbolic expression for $\phi_*$..."

#### Minor Suggestions:
- Clarify whether to solve explicitly for $\phi_*$ (as a function), or just write an equation involving it. (The latter is easier; the former may be impossible without inversion.)
- "The slope of the linear potential term"—imprecise. Say: "Equate the derivative of the linear term with respect to $\phi$ to the derivative of the periodic term".

**Actionable Feedback**:  
✓ Minor: Be more explicit about what to solve for (i.e., for $\phi_*$ in terms of the parameters). State which terms to take derivatives of, and maintain strict Markdown LaTeX.

---

### Question 3 (Modified Dispersion—Group Velocity)

#### Strengths:
- **Physical scenario**: Modified dispersion.
- **Solvable quantity**: Group velocity and its extremum.
- **Multi-step reasoning**: Yes.
- **Concise/rigorous**: The physical steps are clear.
- **Single solution**: *Violated*—this is a two-part question.

#### Issues:
- **Guideline 11**: Multi-part (a), (b) questions are not allowed—must request only a single variable/expression.
- **Format**: Small point—use `$` for all math. You currently use `\(...\)` and `\[...\]` for answers and equations, but the wrapping should always be with `$`.

#### Actionable Feedback:
✗ **Major:** Must break this into two separate questions, or focus on only one (e.g., just the $k_0$ that gives minimal $v_g$).  
✓ Otherwise, just ensure Markdown LaTeX compliance.

---

### Question 4 (Twin QCD Portal Derivative)

#### Strengths:
- **Physical scenario**: Minimal neutral naturalness, twin QCD, and RG running.
- **Solvable quantity**: $\frac{d\Lambda_{\rm twin}}{d\kappa}$.
- **Multi-step reasoning**: Yes.
- **Variables and scope**: Only relevant parameters given.
- **Single solution**: Yes.

#### Issues:
- **LaTeX**: Use strict Markdown "$...$".
- **Rigorous/concise**: Could shorten: "Derive an explicit expression for $\frac{d\Lambda_{\rm twin}}{d\kappa}$ in terms of $b_0, \alpha_0, v, \kappa, \Lambda_{\rm twin}$."

#### Actionable Feedback:  
✓ Only edit for strict Markdown LaTeX; otherwise solid.

---

### Question 5 (Composite Higgs Coupling Bound)

#### Strengths:
- **Physical scenario**: Composite Higgs, modified coupling.
- **Solvable quantity**: $f$ in terms of $v, r$.
- **Reasoning**: Direct but requires algebraic manipulation.
- **Single solution**: Yes.
- **Concise/rigorous**: Satisfactory.

#### Issues:
- **LaTeX**: Use only "$...$".
- **Variables**: The phrase "Suppose that..." could read "Suppose experimental measurement yields..." for clarity.
- **Conciseness**: A little wordy—can remove some background.

#### Actionable Feedback:
✓ Minor: Refine for conciseness and ensure strict use of "$...$" for math everywhere.

---

## Summary Table

| Q# | Meets All Guidelines?     | Main Edits Needed |
|----|--------------------------|-------------------|
| 1  | Yes (minor issue)        | Strict Markdown math |
| 2  | Yes (minor issue)        | Explicit derivative instruction, strict Markdown, clarify symbolic form |
| 3  | **No** (multi-part)      | **Split/choose only one part, strict Markdown** |
| 4  | Yes (minor issue)        | Strict Markdown math, slight conciseness |
| 5  | Yes (minor issue)        | Strict Markdown math, concise wording |

---

## General Feedback

1. **Never include multiple sub-questions**; only ask for one quantity per question (see Q3).
2. **Always use `$...$` for all math, both inline and block, per Markdown best practice.**
3. **Frame the requested calculation as one unambiguous symbolic expression.**
4. **Remove all non-contributing variables or details.** All included parameters should play a role in the final expression.
5. **Be consistent in variable definitions.** State what symbols mean the first time they're used.
6. **Maintain concise, rigorous, and formal language.**

---

**Example (corrected) format for one question:**

```markdown
<question>
Consider a composite Higgs model with potential
$$
V(h) = -\alpha f^{2} \sin^{2}\left(\frac{h}{f}\right) + \beta f^{2} \sin^{4}\left(\frac{h}{f}\right).
$$
The Higgs vacuum expectation value satisfies $v = f \sin\left(\frac{\langle h \rangle}{f}\right)$.
Derive a symbolic expression for the physical Higgs mass squared
$$
m_h^{2} = \left.\frac{d^{2}V}{dh^{2}}\right|_{h = \langle h \rangle}
$$
in terms of $v$, $f$, $\alpha$, and $\beta$.
</question>
```

Repeat for all, ensuring only one answerable expression is required per question.
=== Turn 2: Author refines questions ===
```markdown
<question>
Consider a composite Higgs model with global symmetry breaking scale $f$ and potential
$$
V(h) = -\alpha f^{2} \sin^{2}\left(\frac{h}{f}\right) + \beta f^{2} \sin^{4}\left(\frac{h}{f}\right),
$$
where $\alpha, \beta > 0$ are dimensionless parameters. The Higgs vacuum expectation value (VEV) satisfies
$$
v = f \sin\left(\frac{\langle h \rangle}{f}\right).
$$
Derive a symbolic expression for the physical Higgs mass squared
$$
m_h^{2} = \left.\frac{d^{2}V}{dh^{2}}\right|_{h=\langle h \rangle}
$$
in terms of $v$, $f$, $\alpha$, and $\beta$.
</question>

<question>
In a relaxion mechanism, the scalar field $\phi$ evolves under the potential
$$
V(\phi) = -\mu^{2}(\phi) |H|^{2} + \lambda |H|^{4} + \Lambda_{b}^{4} \cos\left(\frac{\phi}{f}\right),
$$
with the Higgs mass parameter depending on $\phi$ as
$$
\mu^{2}(\phi) = M^{2} - g \Lambda \phi,
$$
where $M$, $g$, $\Lambda$, $f$, and $\Lambda_b$ are constants. Assume the relaxion stops rolling at $\phi = \phi_*$, where the Higgs VEV satisfies $v^{2} = \mu^{2}(\phi_*)/\lambda$.  
By equating the derivatives with respect to $\phi$ of the linear term $-g \Lambda \phi |H|^{2}$ and the periodic barrier $\Lambda_b^{4} \cos(\phi/f)$ at $\phi_*$, derive an explicit symbolic expression for $\phi_*$ in terms of $M, g, \Lambda, f,$ and $\Lambda_b$.
</question>

<question>
Consider a scalar field with modified dispersion relation exhibiting UV/IR mixing:
$$
\omega^{2} = k^{2} + \frac{\mu^{4}}{k^{2}},
$$
where $\mu$ is a mass scale and $k = |\mathbf{k}|$ is the momentum magnitude.  
Derive a symbolic expression for the group velocity
$$
v_{g}(k) = \frac{d\omega}{dk}
$$
as a function of $k$.
</question>

<question>
In a minimal neutral naturalness model, the twin QCD confinement scale depends on the portal coupling $\kappa$ via
$$
\Lambda_{\mathrm{twin}} = \mu \exp\left(-\frac{8\pi^{2}}{b_0 \alpha_s(\mu)}\right),
$$
where
$$
\alpha_s^{-1}(\mu) = \alpha_0^{-1} + \kappa v^{2},
$$
and $\mu$, $b_0$, $\alpha_0$, and $v$ are constants.  
Derive an explicit expression for the derivative
$$
\frac{d\Lambda_{\mathrm{twin}}}{d\kappa}
$$
in terms of $b_0$, $\alpha_0$, $v$, $\kappa$, and $\Lambda_{\mathrm{twin}}$.
</question>

<question>
Within a composite Higgs framework, the modification of the Higgs coupling to electroweak vectors is parametrized as
$$
\frac{g_{hVV}}{g_{hVV}^{\mathrm{SM}}} = \sqrt{1 - \xi},
$$
where
$$
\xi = \frac{v^{2}}{f^{2}},
$$
with $v$ the electroweak VEV and $f > v$ the compositeness scale. Given a measured coupling ratio
$$
r = \frac{g_{hVV}}{g_{hVV}^{\mathrm{SM}}}, \quad 0 < r < 1,
$$
derive an explicit formula for the compositeness scale $f$ in terms of $v$ and the measured ratio $r$.
</question>
```
=== Turn 2: Critic feedback ===
Below is a critique of each question in context of your guidelines. For each, I address both strengths and concrete actionable improvements where needed:

---

### Question 1 (Composite Higgs potential and $m_h^2$)
**Strengths:**
- Scenario is well-motivated and not a standard textbook problem.
- The requested symbolic quantity ($m_h^2$) is clear and unique.
- Phrasing is rigorous and concise.
- Requires multi-step reasoning (differentiate, substitute).

**Weaknesses & Improvements:**
- The equation for $v$ is repeated (once in text, once in formula); could condense for conciseness.
- Units are consistent and all variables defined.
- The question could specify more clearly: "Express $m_h^2$ in terms of $v, f, \alpha, \beta$ alone (not $\langle h\rangle$) for clarity."

**Actionable Suggestion:**  
No major changes needed; optional: clarify that the final answer should not include $\langle h\rangle$.

---

### Question 2 (Relaxion and $\phi_*$)
**Strengths:**
- Scenario is original and research-inspired.
- Seeks a single, unique symbolic solution.
- Requires multi-step reasoning (Higgs VEV, derive, solve for $\phi_*$).

**Weaknesses & Improvements:**
- The phrase "equating the derivatives with respect to $\phi$ of the linear term ... and the periodic barrier at $\phi_*$" is slightly awkward. Clarify that this refers to the stopping condition for $\phi$ due to the periodic barrier.
- The mention of $|H|^2$ in the linear term derivative is slightly confusing since it is replaced by $v^2$; can clarify dependence.
- Unambiguously specify: "Express $\phi_*$ symbolically in terms of $M, g, \Lambda, f, \Lambda_b,$ and constants only."

**Actionable Suggestion:**  
Replace
> "By equating the derivatives with respect to $\phi$ of the linear term $-g \Lambda \phi |H|^{2}$ and the periodic barrier $\Lambda_b^{4} \cos(\phi/f)$ at $\phi_*$,..."
with:  
> "Impose the condition $dV/d\phi = 0$ at $\phi = \phi_*$, using $|H|^2 = v^2$, and solve for $\phi_*$ symbolically in terms of $M, g, \Lambda, f, \Lambda_b$."

---

### Question 3 (UV/IR mixing, group velocity)
**Strengths:**
- Concise, unique, and about an advanced scenario.
- Solvable: asks for $v_g(k)$.
- Multi-step: requires differentiating a nontrivial dispersion relation.
- Variables defined; symbols standard.

**Weaknesses & Improvements:**
- Absolutely clear and well-posed.
- Final result should specify: "Express $v_g(k)$ in terms of $k$ and $\mu$ only."

**Actionable Suggestion:**  
No significant changes needed.

---

### Question 4 (Twin QCD, derivative of $\Lambda_{\rm twin}$)
**Strengths:**
- Realistic, models a scenario from BSM physics.
- Variables and equations are clearly defined.
- Target solution is unique and symbolic.
- Requires multi-step reasoning.

**Weaknesses & Improvements:**
- The chain $\alpha_s(\mu)^{-1}$ in terms of $\kappa$ could clarify that $\alpha_s(\mu)$ depends on $\kappa$ only through the given linear relation.
- Should explicitly specify to express derivative in terms of only given quantities, to avoid confusion.
- Final answer is expected in terms of the variables as listed, but perhaps emphasize: "Express $\frac{d\Lambda_{\mathrm{twin}}}{d\kappa}$ in terms of $b_0$, $\alpha_0$, $v$, $\kappa$, and $\Lambda_{\mathrm{twin}}$ only."

**Actionable Suggestion:**  
No major changes, just consider clarifying the dependence as above.

---

### Question 5 (Composite Higgs, $f$ in terms of $r$, $v$)
**Strengths:**
- Well-posed, variable definitions are clear.
- Solves for a unique, well-defined parameter.
- Concise and rigorous.

**Weaknesses & Improvements:**
- The domain restriction for $r$ is given, but $f>v$ is not enforced in the expression.  
- Could specify: “Express $f$ in terms of $v$ and $r$ for $0 < r < 1$.”

**Actionable Suggestion:**  
Specify: "Find an explicit expression for $f$ in terms of $v$ and $r$ for $0 < r < 1$."

---

## General Syntax Comments

- All equations are properly LaTeX formatted for Markdown (block and inline).
- All questions use <question>...</question> tags correctly.
- Units and symbols are standard.

---

## General Feedback

- **Positive:** Questions consistently model advanced, unique scenarios requiring multi-step symbolic derivations; phrasing is generally concise and rigorous.
- **Actionable:** Minor rewording for clarity in questions 2 and 5. In all questions, consider explicitly stating that the final answer should involve *only* the variables listed in the final instruction, to avoid ambiguity.
- **No extraneous variables** or parts detected.
- All questions expect a single, unique solution.

---

### Summary Table

| Q# | Improvement                                                  |
|----|-------------------------------------------------------------|
| 1  | Optionally clarify answer should not involve $\langle h\rangle$ |
| 2  | Clarify stopping condition wording; specify allowed variables |
| 3  | Good as is                                                 |
| 4  | Clarify allowed variables in final expression               |
| 5  | Specify domain for $r$ and allowed variables                |
=== Turn 3: Author refines questions ===
```markdown
<question>
Consider a composite Higgs model with global symmetry breaking scale $f$ and potential
$$
V(h) = -\alpha f^{2} \sin^{2}\left(\frac{h}{f}\right) + \beta f^{2} \sin^{4}\left(\frac{h}{f}\right),
$$
where $\alpha, \beta > 0$ are dimensionless parameters. The Higgs vacuum expectation value (VEV) satisfies
$$
v = f \sin\left(\frac{\langle h \rangle}{f}\right).
$$
Derive a symbolic expression for the physical Higgs mass squared
$$
m_h^{2} = \left.\frac{d^{2}V}{dh^{2}}\right|_{h=\langle h \rangle}
$$
expressed solely in terms of $v$, $f$, $\alpha$, and $\beta$ (i.e., without explicit dependence on $\langle h \rangle$).
</question>

<question>
In a relaxion mechanism, the scalar field $\phi$ evolves under the potential
$$
V(\phi) = -\mu^{2}(\phi) |H|^{2} + \lambda |H|^{4} + \Lambda_{b}^{4} \cos\left(\frac{\phi}{f}\right),
$$
with the Higgs mass parameter depending on $\phi$ as
$$
\mu^{2}(\phi) = M^{2} - g \Lambda \phi,
$$
where $M$, $g$, $\Lambda$, $f$, and $\Lambda_b$ are constants. Assume the relaxion stops rolling at $\phi = \phi_*$, where the Higgs VEV satisfies
$$
v^{2} = \frac{\mu^{2}(\phi_*)}{\lambda}.
$$  
Impose the condition that the total potential is stationary at $\phi = \phi_*$,
i.e.,
$$
\left.\frac{dV}{d\phi}\right|_{\phi = \phi_*} = 0,
$$
using $|H|^{2} = v^{2}$ at this point, and derive an explicit symbolic expression for $\phi_*$ in terms of $M, g, \Lambda, f$, and $\Lambda_b$. Your expression should involve only these parameters and constants.
</question>

<question>
Consider a scalar field with modified dispersion relation exhibiting UV/IR mixing:
$$
\omega^{2} = k^{2} + \frac{\mu^{4}}{k^{2}},
$$
where $\mu$ is a mass scale and $k = |\mathbf{k}|$ is the momentum magnitude.  
Derive a symbolic expression for the group velocity
$$
v_{g}(k) = \frac{d\omega}{dk}
$$
expressed solely as a function of $k$ and $\mu$.
</question>

<question>
In a minimal neutral naturalness model, the twin QCD confinement scale depends on the portal coupling $\kappa$ via
$$
\Lambda_{\mathrm{twin}} = \mu \exp\left(-\frac{8\pi^{2}}{b_0 \alpha_s(\mu)}\right),
$$
where
$$
\alpha_s^{-1}(\mu) = \alpha_0^{-1} + \kappa v^{2},
$$
and $\mu$, $b_0$, $\alpha_0$, and $v$ are constants.  
Derive an explicit symbolic expression for the derivative
$$
\frac{d\Lambda_{\mathrm{twin}}}{d\kappa}
$$
expressed solely in terms of $b_0$, $\alpha_0$, $v$, $\kappa$, and $\Lambda_{\mathrm{twin}}$.
</question>

<question>
Within a composite Higgs framework, the modification of the Higgs coupling to electroweak vectors is parametrized as
$$
\frac{g_{hVV}}{g_{hVV}^{\mathrm{SM}}} = \sqrt{1 - \xi},
$$
where
$$
\xi = \frac{v^{2}}{f^{2}},
$$
with $v$ the electroweak VEV and $f > v$ the compositeness scale. Given a measured coupling ratio
$$
r = \frac{g_{hVV}}{g_{hVV}^{\mathrm{SM}}}, \quad 0 < r < 1,
$$
derive an explicit formula for the compositeness scale $f$ in terms of $v$ and $r$ valid for $0 < r < 1$. Your expression should involve only $v$ and $r$.
</question>
```
=== Final questions generated ===
