=== Turn 0: Author generates questions ===
```
<question>A new physics analysis requires simulating $10^{12}$ proton-proton collisions at the LHC with a center-of-mass energy of $13 \, \mathrm{TeV}$. A volunteer computing grid provides computational resources at an average rate of $10^7$ simulated collisions per day. Due to network latency, each simulation batch of $10^5$ collisions experiences an overhead of $10 \, \mathrm{seconds}$. Neglecting any other sources of inefficiency, calculate the total time (in days) required to complete the simulation, accounting for the network latency overhead.</question>
```

```
<question>A community-developed generator is used to simulate $B^0 \rightarrow K^{*0} \mu^+ \mu^-$ decays. The generator initially assumes a flat angular distribution for the $K^{*0}$ decay products. However, experimental data suggests an angular dependence described by $f(\cos\theta) = 1 + \alpha \cos^2\theta$, where $\alpha = 0.5$ and $\theta$ is the angle between the $K^+$ and the $B^0$ meson direction in the $K^{*0}$ rest frame. To reweight the generated events to match the experimental distribution, each event is assigned a weight $w = \frac{f(\cos\theta)}{f_{flat}}$. If $f_{flat}$ is the flat angular distribution normalized to unity, what is the value of $w$ for an event with $\cos\theta = 0.8$?</question>
```

```
<question>A new analysis targets events with missing transverse energy, $E_T^{miss}$, arising from weakly interacting dark matter candidates. To optimize the signal selection, phase-space cuts are applied to $E_T^{miss}$ and the transverse momentum of the leading jet, $p_T^{jet}$. Assume the signal efficiency increases linearly with the $E_T^{miss}$ cut as $\epsilon_{signal}(E_T^{miss}) = 0.01 \cdot E_T^{miss}$ (where $E_T^{miss}$ is in $\mathrm{GeV}$), and the background events decrease exponentially with the same cut as $N_{background}(E_T^{miss}) = 1000 \cdot e^{-0.005 \cdot E_T^{miss}}$. Find the optimal $E_T^{miss}$ cut (in $\mathrm{GeV}$) that maximizes the signal significance, defined as $S = \frac{\epsilon_{signal}}{\sqrt{N_{background}}}$.</question>
```

```
<question>A novel analysis of top quark pair production ($t\bar{t}$) uses a boosted decision tree (BDT) to discriminate between signal and background events. The BDT output score ranges from -1 to 1, with higher scores indicating a higher likelihood of being a signal event. To assess the impact of a new systematic uncertainty, a new BDT is trained incorporating this uncertainty. The mean BDT output score for signal events shifts from 0.6 to 0.55, while the standard deviation remains constant at 0.2. Assuming Gaussian distributions for the BDT output score, calculate the fractional change in the area under the signal curve above a BDT score threshold of 0.7, due to the shift in the mean. (Express the answer as a percentage, $\frac{Area_{new} - Area_{old}}{Area_{old}} \cdot 100\%$).</question>
```

```
<question>A new generator for simulating parton showers incorporates a modified strong coupling constant, $\alpha_s(Q^2) = \frac{12\pi}{(33 - 2N_f)\ln(Q^2/\Lambda^2)}$, where $N_f = 5$ is the number of active quark flavors, $\Lambda = 0.2 \, \mathrm{GeV}$ is the QCD scale, and $Q^2$ is the momentum transfer squared. To compare with the standard generator, the average value of $\alpha_s$ is calculated over the range $Q^2 = [10, 100] \, \mathrm{GeV}^2$. Assuming a uniform distribution of $Q^2$ in this range, calculate the difference between the new generator's average $\alpha_s$ and the standard generator’s average $\alpha_s$, given that the standard generator uses a fixed $\alpha_s = 0.118$.</question>
```
=== Turn 0: Critic feedback ===
This is an excellent set of questions, demonstrating a deep understanding of modern physics analysis techniques and strong adherence to the provided guidelines. Each question is well-crafted, requiring multi-step reasoning and applying concepts relevant to contemporary experimental and theoretical particle physics.

Here's a detailed critique of each question against your guidelines:

---

### Critique of Question 1: Computational Resource Planning

```
<question>A new physics analysis requires simulating $10^{12}$ proton-proton collisions at the LHC with a center-of-mass energy of $13 \, \mathrm{TeV}$. A volunteer computing grid provides computational resources at an average rate of $10^7$ simulated collisions per day. Due to network latency, each simulation batch of $10^5$ collisions experiences an overhead of $10 \, \mathrm{seconds}$. Neglecting any other sources of inefficiency, calculate the total time (in days) required to complete the simulation, accounting for the network latency overhead.</question>
```

**Evaluation:**

1.  **Model a Physics Scenario:** **Excellent.** This models a realistic computational challenge in large-scale physics experiments like the LHC.
2.  **Expect answers as symbolic or numerical with appropriate SI units:** **Good.** Asks for a numerical value in `days`, which is clearly specified. While `days` is not an SI unit, it's a common and practical unit for time in such scenarios, and the question specifically asks for it. $\mathrm{TeV}$ is also standard in particle physics.
3.  **Force Multi-Step Reasoning:** **Excellent.** Requires calculating base simulation time, number of batches, total overhead time, converting overhead to days, and summing times.
4.  **Be Unique:** **Excellent.** This is a practical, applied problem that is not a standard textbook exercise.
5.  **Single Solution:** **Excellent.** Clearly leads to a single numerical answer.
6.  **Rigorous, Concise Phrasing:** **Excellent.** The language is clear, professional, and free of hints.
7.  **All assumptions clearly stated, all variables defined:** **Excellent.** All necessary numerical values and the "neglecting other inefficiencies" assumption are stated.
8.  **Units consistent; all numerical answers must include correct SI units; symbols should follow conventional physics notation:** **Good.** Units are consistent for calculation (e.g., collisions, seconds, days). `TeV` is standard in particle physics. The final unit `days` is specified by the question. All numbers and units are correctly formatted in LaTeX.
9.  **Questions must not be multipart:** **Excellent.** Targets a single quantity: total time.
10. **Question Formatting:** **Excellent.** Adheres perfectly to LaTeX and `<question>` tag formatting.

**Concise, actionable feedback:**

*   **No significant improvements needed.** This is a very strong question.

---

### Critique of Question 2: Event Reweighting

```
<question>A community-developed generator is used to simulate $B^0 \rightarrow K^{*0} \mu^+ \mu^-$ decays. The generator initially assumes a flat angular distribution for the $K^{*0}$ decay products. However, experimental data suggests an angular dependence described by $f(\cos\theta) = 1 + \alpha \cos^2\theta$, where $\alpha = 0.5$ and $\theta$ is the angle between the $K^+$ and the $B^0$ meson direction in the $K^{*0}$ rest frame. To reweight the generated events to match the experimental distribution, each event is assigned a weight $w = \frac{f(\cos\theta)}{f_{flat}}$. If $f_{flat}$ is the flat angular distribution normalized to unity, what is the value of $w$ for an event with $\cos\theta = 0.8$?</question>
```

**Evaluation:**

1.  **Model a Physics Scenario:** **Excellent.** This describes a fundamental technique in experimental particle physics: reweighting simulated events to match observed distributions.
2.  **Expect answers as symbolic or numerical with appropriate SI units:** **Excellent.** Asks for a numerical value of $w$, which is a dimensionless weight. No units are required, which is correct.
3.  **Force Multi-Step Reasoning:** **Excellent.** Requires understanding of distribution normalization (to find $f_{flat}$), evaluating the given function $f(\cos\theta)$, and then calculating the weight.
4.  **Be Unique:** **Excellent.** While reweighting is common, the specific decay, angular distribution, and context make it a novel problem.
5.  **Single Solution:** **Excellent.** Leads to a single numerical answer.
6.  **Rigorous, Concise Phrasing:** **Excellent.** Clear, professional, and no hints.
7.  **All assumptions clearly stated, all variables defined:** **Excellent.** All functions, variables, and the definition of $f_{flat}$ are clearly provided.
8.  **Units consistent; all numerical answers must include correct SI units; symbols should follow conventional physics notation:** **Excellent.** All symbols follow conventional particle physics notation ($B^0, K^{*0}, \mu^\pm, \theta, \alpha, \cos\theta$). Dimensionless weight is appropriate. All numbers and variables are correctly formatted in LaTeX.
9.  **Questions must not be multipart:** **Excellent.** Targets a single quantity: $w$.
10. **Question Formatting:** **Excellent.** Adheres perfectly to LaTeX and `<question>` tag formatting.

**Concise, actionable feedback:**

*   **No improvements needed.** This is an outstanding question.

---

### Critique of Question 3: Signal Significance Optimization

```
<question>A new analysis targets events with missing transverse energy, $E_T^{miss}$, arising from weakly interacting dark matter candidates. To optimize the signal selection, phase-space cuts are applied to $E_T^{miss}$ and the transverse momentum of the leading jet, $p_T^{jet}$. Assume the signal efficiency increases linearly with the $E_T^{miss}$ cut as $\epsilon_{signal}(E_T^{miss}) = 0.01 \cdot E_T^{miss}$ (where $E_T^{miss}$ is in $\mathrm{GeV}$), and the background events decrease exponentially with the same cut as $N_{background}(E_T^{miss}) = 1000 \cdot e^{-0.005 \cdot E_T^{miss}}$. Find the optimal $E_T^{miss}$ cut (in $\mathrm{GeV}$) that maximizes the signal significance, defined as $S = \frac{\epsilon_{signal}}{\sqrt{N_{background}}}$.</question>
```

**Evaluation:**

1.  **Model a Physics Scenario:** **Excellent.** This is a classic, yet highly relevant, problem in experimental particle physics: optimizing cuts for signal extraction in searches for new physics (like dark matter).
2.  **Expect answers as symbolic or numerical with appropriate SI units:** **Excellent.** Asks for a numerical value in `GeV`, which is the standard unit for energy in particle physics contexts.
3.  **Force Multi-Step Reasoning:** **Excellent.** Requires substituting expressions into the significance formula, then using calculus (differentiation and setting to zero) to find the optimum.
4.  **Be Unique:** **Excellent.** While the concept of optimizing significance is standard, the specific functional forms and scenario make it a novel problem.
5.  **Single Solution:** **Excellent.** Clearly leads to a single numerical answer.
6.  **Rigorous, Concise Phrasing:** **Excellent.** Clear, professional, and free of hints.
7.  **All assumptions clearly stated, all variables defined:** **Excellent.** All functional forms, variables, units, and the definition of significance are clearly stated. The mention of $p_T^{jet}$ but its exclusion from the problem implies optimization only w.r.t. $E_T^{miss}$, which is clear enough.
8.  **Units consistent; all numerical answers must include correct SI units; symbols should follow conventional physics notation:** **Excellent.** Units are internally consistent ($\mathrm{GeV}$ for $E_T^{miss}$, $\mathrm{GeV}^{-1}$ implied for $0.005$). All symbols follow conventional particle physics notation ($E_T^{miss}, p_T^{jet}, \epsilon_{signal}, N_{background}, S$). All numbers and units are correctly formatted in LaTeX.
9.  **Questions must not be multipart:** **Excellent.** Targets a single quantity: optimal $E_T^{miss}$.
10. **Question Formatting:** **Excellent.** Adheres perfectly to LaTeX and `<question>` tag formatting.

**Concise, actionable feedback:**

*   **No improvements needed.** This is an outstanding question.

---

### Critique of Question 4: Systematic Uncertainty Impact on BDT Score

```
<question>A novel analysis of top quark pair production ($t\bar{t}$) uses a boosted decision tree (BDT) to discriminate between signal and background events. The BDT output score ranges from -1 to 1, with higher scores indicating a higher likelihood of being a signal event. To assess the impact of a new systematic uncertainty, a new BDT is trained incorporating this uncertainty. The mean BDT output score for signal events shifts from 0.6 to 0.55, while the standard deviation remains constant at 0.2. Assuming Gaussian distributions for the BDT output score, calculate the fractional change in the area under the signal curve above a BDT score threshold of 0.7, due to the shift in the mean. (Express the answer as a percentage, $\frac{Area_{new} - Area_{old}}{Area_{old}} \cdot 100\%$).</question>
```

**Evaluation:**

1.  **Model a Physics Scenario:** **Excellent.** This models a crucial aspect of modern particle physics analyses: the use of machine learning (BDT) and the assessment of systematic uncertainties on their performance.
2.  **Expect answers as symbolic or numerical with appropriate SI units:** **Excellent.** Asks for a numerical percentage, which is a dimensionless quantity.
3.  **Force Multi-Step Reasoning:** **Excellent.** Requires knowledge of Gaussian distributions (or standard normal Z-scores/CDF), calculating two areas under the curve (one for old mean, one for new mean), and then computing the fractional change.
4.  **Be Unique:** **Excellent.** While the underlying statistical calculation is standard, the specific application to BDTs and systematic uncertainty in particle physics makes it a novel and relevant problem.
5.  **Single Solution:** **Excellent.** Clearly leads to a single numerical answer.
6.  **Rigorous, Concise Phrasing:** **Excellent.** Clear, professional, and free of hints.
7.  **All assumptions clearly stated, all variables defined:** **Excellent.** All parameters of the Gaussian distributions, the threshold, and the formula for fractional change are clearly stated.
8.  **Units consistent; all numerical answers must include correct SI units; symbols should follow conventional physics notation:** **Excellent.** Percentages are dimensionless. Notation ($t\bar{t}$, BDT, mean, standard deviation) is conventional. All numbers and variables are correctly formatted in LaTeX.
9.  **Questions must not be multipart:** **Excellent.** Targets a single quantity: fractional change in area.
10. **Question Formatting:** **Excellent.** Adheres perfectly to LaTeX and `<question>` tag formatting.

**Concise, actionable feedback:**

*   **No improvements needed.** This is an outstanding question.

---

### Critique of Question 5: Average Strong Coupling Constant

```
<question>A new generator for simulating parton showers incorporates a modified strong coupling constant, $\alpha_s(Q^2) = \frac{12\pi}{(33 - 2N_f)\ln(Q^2/\Lambda^2)}$, where $N_f = 5$ is the number of active quark flavors, $\Lambda = 0.2 \, \mathrm{GeV}$ is the QCD scale, and $Q^2$ is the momentum transfer squared. To compare with the standard generator, the average value of $\alpha_s$ is calculated over the range $Q^2 = [10, 100] \, \mathrm{GeV}^2$. Assuming a uniform distribution of $Q^2$ in this range, calculate the difference between the new generator's average $\alpha_s$ and the standard generator’s average $\alpha_s$, given that the standard generator uses a fixed $\alpha_s = 0.118$.</question>
```

**Evaluation:**

1.  **Model a Physics Scenario:** **Excellent.** This models a core concept in Quantum Chromodynamics (QCD) and Monte Carlo event generation: the running of the strong coupling constant and comparing different theoretical/implementation choices.
2.  **Expect answers as symbolic or numerical with appropriate SI units:** **Excellent.** Asks for a numerical value, which is a difference between dimensionless quantities ($\alpha_s$). No units are required, which is correct.
3.  **Force Multi-Step Reasoning:** **Excellent.** Requires understanding how to calculate an average value of a function over a range (using integration), substituting given parameters, and then calculating the difference.
4.  **Be Unique:** **Excellent.** This is a very specific and challenging problem, highly relevant to QCD phenomenology and Monte Carlo development.
5.  **Single Solution:** **Excellent.** Clearly leads to a single numerical answer.
6.  **Rigorous, Concise Phrasing:** **Excellent.** Clear, professional, and free of hints.
7.  **All assumptions clearly stated, all variables defined:** **Excellent.** The function, all parameters ($N_f, \Lambda$), the integration range, the assumption of uniform distribution, and the reference value are all clearly defined.
8.  **Units consistent; all numerical answers must include correct SI units; symbols should follow conventional physics notation:** **Excellent.** Units within the $\alpha_s$ formula ($\mathrm{GeV}$ for $\Lambda$, $\mathrm{GeV}^2$ for $Q^2$) are consistent, making the argument of the logarithm dimensionless. All symbols ($\alpha_s, Q^2, N_f, \Lambda, \pi, \ln$) follow conventional physics notation. All numbers and units are correctly formatted in LaTeX.
9.  **Questions must not be multipart:** **Excellent.** Targets a single quantity: the difference in average $\alpha_s$.
10. **Question Formatting:** **Excellent.** Adheres perfectly to LaTeX and `<question>` tag formatting.

**Concise, actionable feedback:**

*   **No improvements needed.** This is an outstanding question.

---

### Overall Assessment and Recommendations

This set of questions is of exceptionally high quality. They cover diverse aspects of modern particle physics analysis (computation, statistics, phenomenology, detector effects, QCD), requiring a blend of conceptual understanding, mathematical rigor (calculus, statistics), and practical problem-solving. All questions adhere remarkably well to your detailed guidelines.

The consistent use of LaTeX for all mathematical expressions, variables, and numbers, and the correct wrapping in `<question>` tags, further enhances their professionalism and usability.

If forced to find the *most minor* point of discussion, it would be the strict interpretation of "SI units" versus "context-appropriate units" (e.g., `TeV`, `GeV`, `days`). However, for an advanced physics assessment, using units conventional in the specific subfield (particle physics) is often more appropriate and expected, as long as internal consistency is maintained, which it is here. This is not a flaw in the questions themselves, but rather a potential nuance in the guideline interpretation depending on the target audience.

In summary, this is a strong set of questions that would effectively assess advanced physics learners.
=== Turn 1: Author refines questions ===
Okay, based on the feedback that no significant improvements are needed, I will simply re-present the same questions, wrapped in `<question>` tags and numbered, to explicitly fulfill the request:

1. <question>A new physics analysis requires simulating $10^{12}$ proton-proton collisions at the LHC with a center-of-mass energy of $13 \, \mathrm{TeV}$. A volunteer computing grid provides computational resources at an average rate of $10^7$ simulated collisions per day. Due to network latency, each simulation batch of $10^5$ collisions experiences an overhead of $10 \, \mathrm{seconds}$. Neglecting any other sources of inefficiency, calculate the total time (in days) required to complete the simulation, accounting for the network latency overhead.</question>

2. <question>A community-developed generator is used to simulate $B^0 \rightarrow K^{*0} \mu^+ \mu^-$ decays. The generator initially assumes a flat angular distribution for the $K^{*0}$ decay products. However, experimental data suggests an angular dependence described by $f(\cos\theta) = 1 + \alpha \cos^2\theta$, where $\alpha = 0.5$ and $\theta$ is the angle between the $K^+$ and the $B^0$ meson direction in the $K^{*0}$ rest frame. To reweight the generated events to match the experimental distribution, each event is assigned a weight $w = \frac{f(\cos\theta)}{f_{flat}}$. If $f_{flat}$ is the flat angular distribution normalized to unity, what is the value of $w$ for an event with $\cos\theta = 0.8$?</question>

3. <question>A new analysis targets events with missing transverse energy, $E_T^{miss}$, arising from weakly interacting dark matter candidates. To optimize the signal selection, phase-space cuts are applied to $E_T^{miss}$ and the transverse momentum of the leading jet, $p_T^{jet}$. Assume the signal efficiency increases linearly with the $E_T^{miss}$ cut as $\epsilon_{signal}(E_T^{miss}) = 0.01 \cdot E_T^{miss}$ (where $E_T^{miss}$ is in $\mathrm{GeV}$), and the background events decrease exponentially with the same cut as $N_{background}(E_T^{miss}) = 1000 \cdot e^{-0.005 \cdot E_T^{miss}}$. Find the optimal $E_T^{miss}$ cut (in $\mathrm{GeV}$) that maximizes the signal significance, defined as $S = \frac{\epsilon_{signal}}{\sqrt{N_{background}}}$.</question>

4. <question>A novel analysis of top quark pair production ($t\bar{t}$) uses a boosted decision tree (BDT) to discriminate between signal and background events. The BDT output score ranges from -1 to 1, with higher scores indicating a higher likelihood of being a signal event. To assess the impact of a new systematic uncertainty, a new BDT is trained incorporating this uncertainty. The mean BDT output score for signal events shifts from 0.6 to 0.55, while the standard deviation remains constant at 0.2. Assuming Gaussian distributions for the BDT output score, calculate the fractional change in the area under the signal curve above a BDT score threshold of 0.7, due to the shift in the mean. (Express the answer as a percentage, $\frac{Area_{new} - Area_{old}}{Area_{old}} \cdot 100\%$).</question>

5. <question>A new generator for simulating parton showers incorporates a modified strong coupling constant, $\alpha_s(Q^2) = \frac{12\pi}{(33 - 2N_f)\ln(Q^2/\Lambda^2)}$, where $N_f = 5$ is the number of active quark flavors, $\Lambda = 0.2 \, \mathrm{GeV}$ is the QCD scale, and $Q^2$ is the momentum transfer squared. To compare with the standard generator, the average value of $\alpha_s$ is calculated over the range $Q^2 = [10, 100] \, \mathrm{GeV}^2$. Assuming a uniform distribution of $Q^2$ in this range, calculate the difference between the new generator's average $\alpha_s$ and the standard generator’s average $\alpha_s$, given that the standard generator uses a fixed $\alpha_s = 0.118$.</question>
=== Turn 1: Critic feedback ===
These questions are exceptionally well-crafted, demonstrating a strong understanding of high-energy physics assessment design. They are realistic, require multi-step reasoning, and adhere to all specified guidelines with remarkable consistency. My critique will be very minor, focusing on precision, which is a testament to the quality of the questions.

Here's a breakdown for each question:

---

**Question 1:**
<question>A new physics analysis requires simulating $10^{12}$ proton-proton collisions at the LHC with a center-of-mass energy of $13 \, \mathrm{TeV}$. A volunteer computing grid provides computational resources at an average rate of $10^7$ simulated collisions per day. Due to network latency, each simulation batch of $10^5$ collisions experiences an overhead of $10 \, \mathrm{seconds}$. Neglecting any other sources of inefficiency, calculate the total time (in days) required to complete the simulation, accounting for the network latency overhead.</question>

*   **Critique:** This question is excellent and meets all criteria perfectly. It models a realistic computational scenario in high-energy physics, requiring careful unit conversion and multi-step arithmetic.
*   **Recommendation:** No improvements needed.

---

**Question 2:**
<question>A community-developed generator is used to simulate $B^0 \rightarrow K^{*0} \mu^+ \mu^-$ decays. The generator initially assumes a flat angular distribution for the $K^{*0}$ decay products. However, experimental data suggests an angular dependence described by $f(\cos\theta) = 1 + \alpha \cos^2\theta$, where $\alpha = 0.5$ and $\theta$ is the angle between the $K^+$ and the $B^0$ meson direction in the $K^{*0}$ rest frame. To reweight the generated events to match the experimental distribution, each event is assigned a weight $w = \frac{f(\cos\theta)}{f_{flat}}$. If $f_{flat}$ is the flat angular distribution normalized to unity, what is the value of $w$ for an event with $\cos\theta = 0.8$?</question>

*   **Critique:** This question is very good and models a core concept in event reweighting. The phrasing "normalized to unity" for $f_{flat}$ is standard, but for absolute rigor, it could be made explicitly clear over what domain this normalization applies. Given $\cos\theta$ is typically in $[-1, 1]$, a flat distribution normalized to unity over this range would be $f_{flat} = 1/2 = 0.5$. The question implicitly relies on this standard interpretation.
*   **Recommendation:** To remove any infinitesimal ambiguity, consider adding: "If $f_{flat}$ is the flat angular distribution normalized to unity over the kinematic range $\cos\theta \in [-1, 1]$..."

---

**Question 3:**
<question>A new analysis targets events with missing transverse energy, $E_T^{miss}$, arising from weakly interacting dark matter candidates. To optimize the signal selection, phase-space cuts are applied to $E_T^{miss}$ and the transverse momentum of the leading jet, $p_T^{jet}$. Assume the signal efficiency increases linearly with the $E_T^{miss}$ cut as $\epsilon_{signal}(E_T^{miss}) = 0.01 \cdot E_T^{miss}$ (where $E_T^{miss}$ is in $\mathrm{GeV}$), and the background events decrease exponentially with the same cut as $N_{background}(E_T^{miss}) = 1000 \cdot e^{-0.005 \cdot E_T^{miss}}$. Find the optimal $E_T^{miss}$ cut (in $\mathrm{GeV}$) that maximizes the signal significance, defined as $S = \frac{\epsilon_{signal}}{\sqrt{N_{background}}}$.</question>

*   **Critique:** This question is outstanding. It directly tests the ability to perform an optimization relevant to experimental high-energy physics, requiring the application of calculus in a practical scenario. All variables are clearly defined and units are consistent.
*   **Recommendation:** No improvements needed.

---

**Question 4:**
<question>A novel analysis of top quark pair production ($t\bar{t}$) uses a boosted decision tree (BDT) to discriminate between signal and background events. The BDT output score ranges from -1 to 1, with higher scores indicating a higher likelihood of being a signal event. To assess the impact of a new systematic uncertainty, a new BDT is trained incorporating this uncertainty. The mean BDT output score for signal events shifts from 0.6 to 0.55, while the standard deviation remains constant at 0.2. Assuming Gaussian distributions for the BDT output score, calculate the fractional change in the area under the signal curve above a BDT score threshold of 0.7, due to the shift in the mean. (Express the answer as a percentage, $\frac{Area_{new} - Area_{old}}{Area_{old}} \cdot 100\%$).</question>

*   **Critique:** This question is excellent. It models a realistic scenario in machine learning applications within HEP, requiring an understanding of Gaussian distributions and calculating probabilities or areas under the curve. The formulation for the answer (fractional change as a percentage) is clear.
*   **Recommendation:** No improvements needed.

---

**Question 5:**
<question>A new generator for simulating parton showers incorporates a modified strong coupling constant, $\alpha_s(Q^2) = \frac{12\pi}{(33 - 2N_f)\ln(Q^2/\Lambda^2)}$, where $N_f = 5$ is the number of active quark flavors, $\Lambda = 0.2 \, \mathrm{GeV}$ is the QCD scale, and $Q^2$ is the momentum transfer squared. To compare with the standard generator, the average value of $\alpha_s$ is calculated over the range $Q^2 = [10, 100] \, \mathrm{GeV}^2$. Assuming a uniform distribution of $Q^2$ in this range, calculate the difference between the new generator's average $\alpha_s$ and the standard generator’s average $\alpha_s$, given that the standard generator uses a fixed $\alpha_s = 0.118$.</question>

*   **Critique:** This question is excellent. It applies fundamental QCD concepts to a practical generator comparison, requiring integral calculus to find an average value. All parameters are clearly defined and units are consistent.
*   **Recommendation:** No improvements needed.

---

**Overall Summary:**
These five questions are exemplary for assessing advanced physics knowledge in a computational and data analysis context. They adhere rigorously to all stated guidelines, offering realistic scenarios that demand multi-step reasoning, clear definitions, and consistent units. The level of detail and conceptual depth is appropriate for advanced learners. You have successfully created novel, conceptually rich problems.
=== Turn 2: Author refines questions ===
Okay, based on the excellent feedback, here is the improved numbered list of physics questions, each wrapped in `<question>` tags, incorporating the suggested refinement to Question 2:

1.  <question>A new physics analysis requires simulating $10^{12}$ proton-proton collisions at the LHC with a center-of-mass energy of $13 \, \mathrm{TeV}$. A volunteer computing grid provides computational resources at an average rate of $10^7$ simulated collisions per day. Due to network latency, each simulation batch of $10^5$ collisions experiences an overhead of $10 \, \mathrm{seconds}$. Neglecting any other sources of inefficiency, calculate the total time (in days) required to complete the simulation, accounting for the network latency overhead.</question>

2.  <question>A community-developed generator is used to simulate $B^0 \rightarrow K^{*0} \mu^+ \mu^-$ decays. The generator initially assumes a flat angular distribution for the $K^{*0}$ decay products. However, experimental data suggests an angular dependence described by $f(\cos\theta) = 1 + \alpha \cos^2\theta$, where $\alpha = 0.5$ and $\theta$ is the angle between the $K^+$ and the $B^0$ meson direction in the $K^{*0}$ rest frame. To reweight the generated events to match the experimental distribution, each event is assigned a weight $w = \frac{f(\cos\theta)}{f_{flat}}$. If $f_{flat}$ is the flat angular distribution normalized to unity over the kinematic range $\cos\theta \in [-1, 1]$, what is the value of $w$ for an event with $\cos\theta = 0.8$?</question>

3.  <question>A new analysis targets events with missing transverse energy, $E_T^{miss}$, arising from weakly interacting dark matter candidates. To optimize the signal selection, phase-space cuts are applied to $E_T^{miss}$ and the transverse momentum of the leading jet, $p_T^{jet}$. Assume the signal efficiency increases linearly with the $E_T^{miss}$ cut as $\epsilon_{signal}(E_T^{miss}) = 0.01 \cdot E_T^{miss}$ (where $E_T^{miss}$ is in $\mathrm{GeV}$), and the background events decrease exponentially with the same cut as $N_{background}(E_T^{miss}) = 1000 \cdot e^{-0.005 \cdot E_T^{miss}}$. Find the optimal $E_T^{miss}$ cut (in $\mathrm{GeV}$) that maximizes the signal significance, defined as $S = \frac{\epsilon_{signal}}{\sqrt{N_{background}}}$.</question>

4.  <question>A novel analysis of top quark pair production ($t\bar{t}$) uses a boosted decision tree (BDT) to discriminate between signal and background events. The BDT output score ranges from -1 to 1, with higher scores indicating a higher likelihood of being a signal event. To assess the impact of a new systematic uncertainty, a new BDT is trained incorporating this uncertainty. The mean BDT output score for signal events shifts from 0.6 to 0.55, while the standard deviation remains constant at 0.2. Assuming Gaussian distributions for the BDT output score, calculate the fractional change in the area under the signal curve above a BDT score threshold of 0.7, due to the shift in the mean. (Express the answer as a percentage, $\frac{Area_{new} - Area_{old}}{Area_{old}} \cdot 100\%$).</question>

5.  <question>A new generator for simulating parton showers incorporates a modified strong coupling constant, $\alpha_s(Q^2) = \frac{12\pi}{(33 - 2N_f)\ln(Q^2/\Lambda^2)}$, where $N_f = 5$ is the number of active quark flavors, $\Lambda = 0.2 \, \mathrm{GeV}$ is the QCD scale, and $Q^2$ is the momentum transfer squared. To compare with the standard generator, the average value of $\alpha_s$ is calculated over the range $Q^2 = [10, 100] \, \mathrm{GeV}^2$. Assuming a uniform distribution of $Q^2$ in this range, calculate the difference between the new generator's average $\alpha_s$ and the standard generator’s average $\alpha_s$, given that the standard generator uses a fixed $\alpha_s = 0.118$.</question>
=== Final questions generated ===
