=== Turn 0: Author generates questions ===
```
<question>
Consider a dilute pion gas at temperature $T$. The $\pi\pi$ scattering amplitude can be parameterized using low-energy constants (LECs) $l_3$ and $l_4$ from chiral perturbation theory (ChPT). The $s$-wave isospin-0 ($\ell=0, I=0$) phase shift, $\delta_0^0(s)$, is dominant at low energies and can be approximated by $\delta_0^0(s) \approx \sqrt{s - 4m_\pi^2} f(s)$, where $m_\pi$ is the pion mass, and $s$ is the Mandelstam variable representing the square of the center-of-mass energy. The function $f(s)$ is related to the LECs. Assume $f(s) = a + b(s - 4m_\pi^2)$ where $a$ and $b$ are functions of $l_3$ and $l_4$. The pion mass is $m_\pi = 139.6$ MeV. If, from lattice QCD calculations and amplitude matching, we find that $l_3 = -3.5$ and $l_4 = 4.6$ (dimensionless), and we know that $a = \frac{m_\pi^2}{8\pi f_\pi^2}(7l_4+4l_3+1)$ and $b = \frac{1}{32\pi f_\pi^4}$, where $f_\pi = 92.4$ MeV is the pion decay constant, find the value of the phase shift $\delta_0^0(s)$ (in radians) at $s = (2m_\pi)^2 + (0.1 m_\pi)^2$.
</question>

<question>
The spectral density of an unstable particle with mass $M$ and width $\Gamma$ can be parameterized using a Breit-Wigner form: $\rho(s) = N \frac{M^2 \Gamma^2}{(s - M^2)^2 + M^2 \Gamma^2}$, where $s$ is the Mandelstam variable representing the square of the center-of-mass energy, and $N$ is a normalization constant. To respect low-energy behavior dictated by chiral perturbation theory (ChPT), a modification is proposed: $\rho'(s) = \rho(s) \cdot (1 + c_1 s + c_2 s^2)$, where $c_1$ and $c_2$ are constants related to low energy constants (LECs). Assume that unitarity imposes a constraint on the integrated spectral density, specifically that $\int_{0}^{\infty} \rho'(s) ds = C$, where $C$ is a known constant derived from unitarity bounds on partial waves. Given $M = 770$ MeV, $\Gamma = 150$ MeV, $c_1 = 1 \times 10^{-6} \text{ MeV}^{-2}$, $c_2 = -5 \times 10^{-12} \text{ MeV}^{-4}$ and $C = 1000 \text{ MeV}$, determine the normalization constant $N$ (in units of $\text{MeV}^{-1}$) required to satisfy the unitarity constraint, assuming the lower limit of integration can be approximated to 0, and the upper limit can be approximated to $\infty$. You may use computational tools to solve the integral.
</question>

<question>
Consider the $\pi K$ scattering amplitude. The $K^*(892)$ resonance contributes significantly to the $P$-wave scattering. Near the resonance, the $T$-matrix element for the $P$-wave can be written as $T(s) = \frac{g^2}{M^2 - s - iM\Gamma(s)}$, where $M$ is the resonance mass, $\Gamma(s)$ is the energy-dependent width, and $g$ is the coupling constant. The energy-dependent width can be expressed as $\Gamma(s) = \Gamma_0 (\frac{p(s)}{p(M^2)}) (\frac{M^2}{s})$, where $\Gamma_0$ is the width at the resonance pole, and $p(s) = \frac{1}{2\sqrt{s}}\sqrt{[s - (m_K + m_\pi)^2][s - (m_K - m_\pi)^2]}$ is the magnitude of the center-of-mass momentum in the $\pi K$ system. Here, $m_K = 494$ MeV and $m_\pi = 139.6$ MeV are the masses of the kaon and pion, respectively. Assume that the $K^*(892)$ resonance mass is extracted from the real part of the pole position in the complex s-plane, defined by $M^2 - s - iM\Gamma(s) = 0$. Further, the width is extracted from the imaginary part such that $\Gamma_0 = \Gamma(M^2)$. Given that from experimental data and dispersion relation analyses, we extract a coupling constant $g = 6.0$ GeV, determine the magnitude of the T-matrix $|T(s)|$ (in units of GeV$^{-1}$) at $s = M^2$, where $M = 892$ MeV.
</question>

<question>
In the context of Gauge Theory Bootstrap (GTB) methodology, consider a four-point scattering amplitude $A(s, t, u)$ of massless particles in a conformal field theory (CFT). Assume that the amplitude can be decomposed into a sum of conformal blocks $G_{\Delta, \ell}(z, \bar{z})$, where $\Delta$ is the conformal dimension and $\ell$ is the spin. Close to the Regge limit, where $s \rightarrow \infty$ and $t$ is fixed, the leading Regge trajectory is governed by the exchange of a "Pomeron" with intercept $\alpha(0) = 1 + \epsilon$. Assume that this Pomeron exchange can be approximated by a single conformal block with $\Delta = 1 + \epsilon + \ell$ (where $\ell = 0$), and where $\epsilon$ is a small parameter related to the anomalous dimension. The four-point function then can be described by $A(s,t) = g^2 (\frac{s}{s_0})^{\epsilon}F(t)$, where $g$ is the coupling strength, $s_0$ is an arbitrary energy scale, and $F(t)$ is a form factor dependent only on $t$.

Assume that the low energy constant (LEC) corresponding to the strength of a particular chiral Lagrangian interaction term is related to this Regge behavior by amplitude matching. Assume further that the LEC, denoted as $L$, is given by $L =  \frac{g^2}{s_0^{\epsilon}} \int_{t_{min}}^{0} F(t) dt$, where $t_{min}$ is the kinematic lower limit for $t$.  If $g = 5$, $s_0 = 1 \text{ GeV}^2$, $\epsilon = 0.1$, and $F(t) = e^{t/\Lambda^2}$ where $\Lambda = 0.5 \text{ GeV}$, and $t_{min} = -0.1 \text{ GeV}^2$, calculate the value of the LEC, $L$ (in dimensionless units).
</question>
```
=== Turn 0: Critic feedback ===
Here's a detailed critique of each question against your guidelines, with actionable feedback for improvement.

---

**Question 1 Critique:**

**Overall Impression:** Excellent. This question demonstrates a strong understanding of the assessment guidelines and a good balance of conceptual depth and calculability.

*   **Guideline 1 (Model a Physics Scenario):** Pass. Clearly models a relevant scenario in particle physics using Chiral Perturbation Theory for pion scattering.
*   **Guideline 2 (Expect answers as symbolic or numerical with units):** Pass. Asks for a single numerical value in radians.
*   **Guideline 3 (Force Multi-Step Reasoning):** Pass. Requires calculating intermediate quantities ($a$, $b$, then $f(s)$) before the final phase shift $\delta_0^0(s)$.
*   **Guideline 4 (Be Unique):** Pass. This problem setup is highly specific, combining theoretical formalism with concrete numerical values derived from advanced calculations (lattice QCD, amplitude matching), making it unique.
*   **Guideline 5 (Single Solution):** Pass. All necessary parameters are provided, leading to a unique numerical solution.
*   **Guideline 6 (Rigorous, concise phrasing):** Pass. The language is professional, clear, and appropriate for advanced learners.
*   **Guideline 7 (All assumptions must be clearly stated, and all variables must be defined):** Pass. All variables ($T$, $m_\pi$, $s$, $l_3$, $l_4$, $f_\pi$, $a$, $b$) are defined, and key assumptions (low-energy dominance, form of $f(s)$) are stated.
*   **Guideline 8 (Units must be consistent; all numerical answers must include correct SI units. Symbols should follow conventional physics notation):** Pass. Units (MeV, dimensionless for LECs, radians for phase shift) are consistent throughout the problem. Symbols are conventional. The final answer requires a dimensionless result for radians, which is correctly achieved by the given formulas' dimensional consistency.
*   **Guideline 9 (Questions must not be multipart):** Pass. Asks for a single target quantity: $\delta_0^0(s)$.
*   **Guideline 10 (Question Formatting - LaTeX/Markdown):** Pass. All equations and variables are correctly formatted using inline LaTeX with Markdown syntax.

**Actionable Feedback:**
*   No significant issues. For an even higher level of rigor, one *could* explicitly state the ChPT order (e.g., NLO for the given $a$ and $b$ forms), but it's not strictly necessary for the problem's solvability.

---

**Question 2 Critique:**

**Overall Impression:** Good, but contains a significant pedagogical flaw related to the use of computational tools.

*   **Guideline 1 (Model a Physics Scenario):** Pass. Effectively models an advanced particle physics scenario involving spectral densities, Breit-Wigner forms, ChPT modifications, and unitarity constraints.
*   **Guideline 2 (Expect answers as symbolic or numerical with units):** Pass. Asks for a single numerical value with specified units.
*   **Guideline 3 (Force Multi-Step Reasoning):** Pass, in principle. It requires setting up an integral and solving for a normalization constant.
*   **Guideline 4 (Be Unique):** Pass. The modification of a Breit-Wigner with ChPT-motivated polynomial terms and a unitarity constraint is a novel and conceptually rich problem.
*   **Guideline 5 (Single Solution):** Pass. All parameters are provided, and assuming the integral can be solved, a unique numerical solution for $N$ exists.
*   **Guideline 6 (Rigorous, concise phrasing):** Pass. The language is clear and professional.
*   **Guideline 7 (All assumptions must be clearly stated, and all variables must be defined):** Pass. All variables and assumptions (e.g., integral limits) are clearly stated.
*   **Guideline 8 (Units must be consistent; all numerical answers must include correct SI units. Symbols should follow conventional physics notation):** Pass. Units (MeV, MeV$^{-1}$, MeV$^{-2}$, MeV$^{-4}$) are consistent, and symbols are conventional.
*   **Guideline 9 (Questions must not be multipart):** Pass. Asks for a single quantity: $N$.
*   **Guideline 10 (Question Formatting - LaTeX/Markdown):** Pass. All equations and variables are correctly formatted.

**Actionable Feedback:**
*   **Major Issue - Guideline 3 (Multi-Step Reasoning) and Assessment Focus:** The instruction "You may use computational tools to solve the integral" is problematic for a physics assessment intended to test conceptual understanding and analytical problem-solving skills. If the integral is not analytically tractable for a student at the target level, or if its solution is computationally intensive, then:
    *   It shifts the focus from physics knowledge/mathematical derivation to tool proficiency.
    *   It doesn't clearly test the student's ability to *perform* the necessary mathematical steps.
    *   **Recommendation 1 (Preferred):** Rephrase the question so the integral is either analytically solvable (perhaps with common approximations like a narrow-width approximation, or by leveraging known Breit-Wigner integral identities and then integrating the polynomial over $s$) or *provide the value of the integral* to the student, and then ask them to determine $N$. For instance, "If $\int_{0}^{\infty} \rho'(s) ds = C$, and the value of the integral for $\rho'(s)$ (excluding N) is $X$, determine $N$."
    *   **Recommendation 2 (Alternative, if testing computation is intended):** Clearly state that the problem aims to test computational skills in addition to physics, and ensure appropriate tools/environment are available. However, this is less ideal for a "physics assessment expert" focus on physical reasoning.
*   The phrase "approximated to 0, and the upper limit can be approximated to $\infty$" for integration limits is generally acceptable for spectral densities, but "approximated" can imply imprecision for a single numerical answer. Usually, one would state these are the adopted limits.

---

**Question 3 Critique:**

**Overall Impression:** Fair, but contains a critical missing piece of information, rendering it unsolvable.

*   **Guideline 1 (Model a Physics Scenario):** Pass. Models a standard but advanced particle physics scenario involving resonance contributions to scattering amplitudes with an energy-dependent width.
*   **Guideline 2 (Expect answers as symbolic or numerical with units):** Pass. Asks for a single numerical value with specified units.
*   **Guideline 3 (Force Multi-Step Reasoning):** Pass, in principle. It requires evaluating $p(M^2)$, then $\Gamma(M^2)$ (which is $\Gamma_0$), and finally $|T(M^2)|$.
*   **Guideline 4 (Be Unique):** Pass. The specific functional forms for the width and the evaluation point make it a unique application rather than a standard textbook problem.
*   **Guideline 5 (Single Solution):** Fail. The value for $\Gamma_0$ (the width at the resonance pole) is defined as $\Gamma(M^2)$ but is not given numerically. Calculating $\Gamma(M^2)$ requires $p(M^2)$ and $\Gamma_0$ itself from the formula $\Gamma(s) = \Gamma_0 (\frac{p(s)}{p(M^2)}) (\frac{M^2}{s})$. This is a circular dependency. Without a numerical value for $\Gamma_0$ (or a different way to determine it), the question cannot be solved.
*   **Guideline 6 (Rigorous, concise phrasing):** Pass, but the missing information impacts its effectiveness.
*   **Guideline 7 (All assumptions must be clearly stated, and all variables must be defined):** Fail. $\Gamma_0$ is a crucial variable needed for the calculation, but its numerical value is missing.
*   **Guideline 8 (Units must be consistent; all numerical answers must include correct SI units. Symbols should follow conventional physics notation):** Pass. Units (MeV, GeV, GeV$^{-1}$) are consistent. Symbols are conventional.
*   **Guideline 9 (Questions must not be multipart):** Pass. Asks for a single quantity: $|T(s)|$.
*   **Guideline 10 (Question Formatting - LaTeX/Markdown):** Pass. All equations and variables are correctly formatted.

**Actionable Feedback:**
*   **Critical Issue:** You *must* provide a numerical value for $\Gamma_0$. The question implies $\Gamma_0$ is a known experimental quantity ("extracted from the imaginary part"), but it is not given in the problem statement.
    *   **Recommendation:** Add a line providing $\Gamma_0$, for example: "Given that from experimental data and dispersion relation analyses, we extract a coupling constant $g = 6.0$ GeV and a width $\Gamma_0 = 50$ MeV, determine the magnitude of the T-matrix..."

---

**Question 4 Critique:**

**Overall Impression:** Good, but contains a unit inconsistency that needs to be addressed.

*   **Guideline 1 (Model a Physics Scenario):** Pass. Models a highly advanced theoretical physics scenario, combining Gauge Theory Bootstrap, Conformal Field Theory, Regge theory, and ChPT.
*   **Guideline 2 (Expect answers as symbolic or numerical with units):** Pass. Asks for a single numerical value with specified units.
*   **Guideline 3 (Force Multi-Step Reasoning):** Pass. Requires performing a definite integral of $F(t)$ and then substituting numerical values into the expression for $L$.
*   **Guideline 4 (Be Unique):** Pass. This problem is at the cutting edge of theoretical physics and is certainly novel.
*   **Guideline 5 (Single Solution):** Pass. All parameters are provided, and the integral is analytically solvable, leading to a unique numerical solution.
*   **Guideline 6 (Rigorous, concise phrasing):** Pass. The language is highly technical but concise and appropriate for very advanced learners. The double "Assume further" could be slightly rephrased, but it's a minor point.
*   **Guideline 7 (All assumptions must be clearly stated, and all variables must be defined):** Pass. All variables and assumptions are clearly stated.
*   **Guideline 8 (Units must be consistent; all numerical answers must include correct SI units. Symbols should follow conventional physics notation):** Fail (minor but important).
    *   Let's check the units for $L = \frac{g^2}{s_0^{\epsilon}} \int_{t_{min}}^{0} F(t) dt$:
        *   $g$ is dimensionless.
        *   $s_0 = 1 \text{ GeV}^2$. So $s_0^{\epsilon} = (1 \text{ GeV}^2)^{0.1} = 1^{0.1} \text{ GeV}^{0.2} = \text{GeV}^{0.2}$.
        *   The integral $\int dt F(t)$ has units of $t$, which is GeV$^2$ (since $t_{min} = -0.1 \text{ GeV}^2$).
        *   Therefore, the units of $L$ are $\frac{\text{dimensionless}}{\text{GeV}^{0.2}} \times \text{GeV}^2 = \text{GeV}^{1.8}$.
    *   The question asks for $L$ in "dimensionless units," which is inconsistent with the derived units from the provided formula and parameters.
*   **Guideline 9 (Questions must not be multipart):** Pass. Asks for a single quantity: $L$.
*   **Guideline 10 (Question Formatting - LaTeX/Markdown):** Pass. All equations and variables are correctly formatted.

**Actionable Feedback:**
*   **Unit Inconsistency:** This is the primary issue. The requested unit for $L$ ("dimensionless units") does not match the actual unit derived from the given formula and parameters (GeV$^{1.8}$).
    *   **Recommendation 1 (Preferred):** Modify the formula for $L$ to include an appropriate energy scale factor to make it dimensionless. For example, $L = \frac{g^2}{s_0^{\epsilon}} \frac{1}{\Lambda_c^{1.8}} \int_{t_{min}}^{0} F(t) dt$ where $\Lambda_c$ is some characteristic energy scale (e.g., 1 GeV or $m_\pi$). Or, explicitly state the units of $g$ such that $g^2$ has units of GeV$^{1.8}$.
    *   **Recommendation 2:** Simply ask for $L$ in the correct derived units (GeV$^{1.8}$). This is less ideal if the goal is for LECs to be dimensionless.
*   Consider clarifying the connection between "Regge behavior" (high energy) and "low energy constant" (LEC). While "amplitude matching" is stated, for clarity in an assessment, it might be beneficial to briefly mention that certain high-energy behaviors can constrain low-energy parameters, or vice-versa, depending on the specific theoretical framework. However, for advanced learners already familiar with these fields, the current phrasing might be acceptable.
=== Turn 1: Author refines questions ===
```
<question>
Consider a dilute pion gas at temperature $T$. The $\pi\pi$ scattering amplitude can be parameterized using low-energy constants (LECs) $l_3$ and $l_4$ from chiral perturbation theory (ChPT) at next-to-leading order (NLO). The $s$-wave isospin-0 ($\ell=0, I=0$) phase shift, $\delta_0^0(s)$, is dominant at low energies and can be approximated by $\delta_0^0(s) \approx \sqrt{s - 4m_\pi^2} f(s)$, where $m_\pi$ is the pion mass, and $s$ is the Mandelstam variable representing the square of the center-of-mass energy. The function $f(s)$ is related to the LECs. Assume $f(s) = a + b(s - 4m_\pi^2)$ where $a$ and $b$ are functions of $l_3$ and $l_4$. The pion mass is $m_\pi = 139.6$ MeV. If, from lattice QCD calculations and amplitude matching, we find that $l_3 = -3.5$ and $l_4 = 4.6$ (dimensionless), and we know that $a = \frac{m_\pi^2}{8\pi f_\pi^2}(7l_4+4l_3+1)$ and $b = \frac{1}{32\pi f_\pi^4}$, where $f_\pi = 92.4$ MeV is the pion decay constant, find the value of the phase shift $\delta_0^0(s)$ (in radians) at $s = (2m_\pi)^2 + (0.1 m_\pi)^2$.
</question>

<question>
The spectral density of an unstable particle with mass $M$ and width $\Gamma$ can be parameterized using a Breit-Wigner form: $\rho(s) = N \frac{M^2 \Gamma^2}{(s - M^2)^2 + M^2 \Gamma^2}$, where $s$ is the Mandelstam variable representing the square of the center-of-mass energy, and $N$ is a normalization constant. To respect low-energy behavior dictated by chiral perturbation theory (ChPT), a modification is proposed: $\rho'(s) = \rho(s) \cdot (1 + c_1 s + c_2 s^2)$, where $c_1$ and $c_2$ are constants related to low energy constants (LECs). Assume that unitarity imposes a constraint on the integrated spectral density, specifically that $\int_{0}^{\infty} \rho'(s) ds = C$, where $C$ is a known constant derived from unitarity bounds on partial waves. Given $M = 770$ MeV, $\Gamma = 150$ MeV, $c_1 = 1 \times 10^{-6} \text{ MeV}^{-2}$, $c_2 = -5 \times 10^{-12} \text{ MeV}^{-4}$ and $C = 1000 \text{ MeV}$, and that the integral of the *modified* spectral density *without* the normalization constant is given by $\int_{0}^{\infty} \frac{M^2 \Gamma^2}{(s - M^2)^2 + M^2 \Gamma^2} \cdot (1 + c_1 s + c_2 s^2) ds = 0.85 \times 10^{10} \text{ MeV}^3$, determine the normalization constant $N$ (in units of $\text{MeV}^{-1}$) required to satisfy the unitarity constraint. Note that the integration limits represent approximations.
</question>

<question>
Consider the $\pi K$ scattering amplitude. The $K^*(892)$ resonance contributes significantly to the $P$-wave scattering. Near the resonance, the $T$-matrix element for the $P$-wave can be written as $T(s) = \frac{g^2}{M^2 - s - iM\Gamma(s)}$, where $M$ is the resonance mass, $\Gamma(s)$ is the energy-dependent width, and $g$ is the coupling constant. The energy-dependent width can be expressed as $\Gamma(s) = \Gamma_0 (\frac{p(s)}{p(M^2)}) (\frac{M^2}{s})$, where $\Gamma_0$ is the width at the resonance pole, and $p(s) = \frac{1}{2\sqrt{s}}\sqrt{[s - (m_K + m_\pi)^2][s - (m_K - m_\pi)^2]}$ is the magnitude of the center-of-mass momentum in the $\pi K$ system. Here, $m_K = 494$ MeV and $m_\pi = 139.6$ MeV are the masses of the kaon and pion, respectively. Assume that the $K^*(892)$ resonance mass is extracted from the real part of the pole position in the complex s-plane, defined by $M^2 - s - iM\Gamma(s) = 0$. Further, the width is extracted from the imaginary part such that $\Gamma_0 = \Gamma(M^2)$. Given that from experimental data and dispersion relation analyses, we extract a coupling constant $g = 6.0$ GeV and a resonance width $\Gamma_0 = 50$ MeV, determine the magnitude of the T-matrix $|T(s)|$ (in units of GeV$^{-1}$) at $s = M^2$, where $M = 892$ MeV.
</question>

<question>
In the context of Gauge Theory Bootstrap (GTB) methodology, consider a four-point scattering amplitude $A(s, t, u)$ of massless particles in a conformal field theory (CFT). Assume that the amplitude can be decomposed into a sum of conformal blocks $G_{\Delta, \ell}(z, \bar{z})$, where $\Delta$ is the conformal dimension and $\ell$ is the spin. Close to the Regge limit, where $s \rightarrow \infty$ and $t$ is fixed, the leading Regge trajectory is governed by the exchange of a "Pomeron" with intercept $\alpha(0) = 1 + \epsilon$. Assume that this Pomeron exchange can be approximated by a single conformal block with $\Delta = 1 + \epsilon + \ell$ (where $\ell = 0$), and where $\epsilon$ is a small parameter related to the anomalous dimension. The four-point function then can be described by $A(s,t) = g^2 (\frac{s}{s_0})^{\epsilon}F(t)$, where $g$ is the coupling strength, $s_0$ is an arbitrary energy scale, and $F(t)$ is a form factor dependent only on $t$.

Assume that the low energy constant (LEC) corresponding to the strength of a particular chiral Lagrangian interaction term is related to this Regge behavior by amplitude matching. Assume further that the LEC, denoted as $L$, is given by $L = \frac{g^2}{\Lambda_c^{1.8}s_0^{\epsilon}} \int_{t_{min}}^{0} F(t) dt$, where $\Lambda_c=1 \text{ GeV}$ is a characteristic energy scale, and $t_{min}$ is the kinematic lower limit for $t$. The constant $\Lambda_c$ has been introduced so that the LEC, $L$, is dimensionless.  If $g = 5$, $s_0 = 1 \text{ GeV}^2$, $\epsilon = 0.1$, and $F(t) = e^{t/\Lambda^2}$ where $\Lambda = 0.5 \text{ GeV}$, and $t_{min} = -0.1 \text{ GeV}^2$, calculate the value of the dimensionless LEC, $L$.
</question>
```
=== Turn 1: Critic feedback ===
Here's a critique of each question based on the provided guidelines:

---

**Question 1 Critique:**

*   **1. Model a Physics Scenario:** **Pass.** This is an advanced scenario in Chiral Perturbation Theory (ChPT) applied to pion-pion scattering, requiring knowledge of phase shifts, LECs, and Mandelstam variables.
*   **2. Expected Answer:** **Pass.** A single numerical value with appropriate units (radians, dimensionless).
*   **3. Force Multi-Step Reasoning:** **Pass.** The solution involves calculating $a$ and $b$, then $f(s)$, then $\sqrt{s - 4m_\pi^2}$, and finally $\delta_0^0(s)$. This is a clear multi-step calculation.
*   **4. Be Unique:** **Pass.** This is a specific, applied problem with given constants and a non-trivial functional form, making it unique and not a standard textbook problem.
*   **5. Single Solution:** **Pass.** A direct calculation will yield a single numerical result.
*   **6. Rigorous, Concise Phrasing:** **Minor Issue.** The phrase "Consider a dilute pion gas at temperature $T$" introduces a variable $T$ which is never used in the problem, making it a slight red herring. Otherwise, the phrasing is clear and professional.
*   **7. All Assumptions/Variables Defined:** **Pass.** All variables ($m_\pi, s, l_3, l_4, f_\pi, a, b, \delta_0^0(s)$) are defined, and their specific values or functional dependencies are provided.
*   **8. Consistent Units & Notation:** **CRITICAL FAILURE.** This is a fundamental flaw.
    *   Phase shift $\delta_0^0(s)$ is dimensionless (radians).
    *   The factor $\sqrt{s - 4m_\pi^2}$ has units of energy (e.g., MeV).
    *   Therefore, $f(s)$ must have units of $\text{MeV}^{-1}$ for the product $\sqrt{s - 4m_\pi^2} f(s)$ to be dimensionless.
    *   Now, let's check $f(s) = a + b(s - 4m_\pi^2)$.
        *   The term $a = \frac{m_\pi^2}{8\pi f_\pi^2}(7l_4+4l_3+1)$ is dimensionless (since $m_\pi^2/f_\pi^2$ is dimensionless and LECs are dimensionless).
        *   The term $b = \frac{1}{32\pi f_\pi^4}$ has units of $\text{MeV}^{-4}$.
        *   The term $(s - 4m_\pi^2)$ has units of $\text{MeV}^2$.
        *   So, $b(s - 4m_\pi^2)$ has units of $\text{MeV}^{-4} \times \text{MeV}^2 = \text{MeV}^{-2}$.
    *   This means $f(s)$ is defined as a dimensionless quantity plus a quantity with units of $\text{MeV}^{-2}$. These cannot be added. This is a severe unit inconsistency that makes the problem ill-posed and unanswerable in a physically meaningful way.
*   **9. Not Multipart:** **Pass.** Asks for a single quantity.
*   **10. Question Formatting:** **Pass.** Correct LaTeX and Markdown syntax used.
*   **11. Wrapping:** **Pass.** Correctly wrapped.

**Actionable Feedback for Question 1:**
*   **Critical:** Correct the unit inconsistency in the definition of $f(s)$. The terms $a$ and $b(s - 4m_\pi^2)$ must have the same units, and those units must be $\text{MeV}^{-1}$ for $f(s)$ to produce a dimensionless phase shift. This requires re-evaluating the given formulas for $a$ and/or $b$. For example, $a$ might need an overall $1/f_\pi$ or $1/m_\pi$ factor, and $b$ would need to be $\propto 1/(f_\pi^2 m_\pi^2)$ or similar.

---

**Question 2 Critique:**

*   **1. Model a Physics Scenario:** **Pass.** A relevant and advanced physics scenario involving spectral densities, Breit-Wigner forms, ChPT modifications, and unitarity constraints.
*   **2. Expected Answer:** **Pass.** A single numerical value with specified units ($\text{MeV}^{-1}$).
*   **3. Force Multi-Step Reasoning:** **Pass.** Requires understanding the integral equation, isolating the normalization constant, and performing a unit conversion. It is an algebraic problem rather than a derivation, but still multi-step.
*   **4. Be Unique:** **Pass.** Specific parameterization and values make it unique.
*   **5. Single Solution:** **Pass.** A direct calculation will yield a single numerical result.
*   **6. Rigorous, Concise Phrasing:** **Pass.** Clear and professional. "Note that the integration limits represent approximations" is a good clarifying remark.
*   **7. All Assumptions/Variables Defined:** **Pass.** All variables ($M, \Gamma, s, N, c_1, c_2, C$) are clearly defined, and all numerical values are provided.
*   **8. Consistent Units & Notation:** **CRITICAL FAILURE.** This is a fundamental flaw.
    *   The spectral density integrand part (without $N$): $\frac{M^2 \Gamma^2}{(s - M^2)^2 + M^2 \Gamma^2}$ is dimensionless.
    *   The modification factor $(1 + c_1 s + c_2 s^2)$ is dimensionless (since $c_1 s$ is $\text{MeV}^{-2} \cdot \text{MeV}^2 = 1$ and $c_2 s^2$ is $\text{MeV}^{-4} \cdot \text{MeV}^4 = 1$).
    *   Therefore, the integrand (the part inside the integral given numerically) is dimensionless.
    *   The integral is performed with respect to $s$, which has units of $\text{MeV}^2$.
    *   Thus, the result of the integral $\int_{0}^{\infty} [\text{dimensionless integrand}] ds$ must have units of $\text{MeV}^2$.
    *   However, the problem states the integral value is $0.85 \times 10^{10} \text{ MeV}^3$. This unit ($\text{MeV}^3$) is inconsistent with the integrand being dimensionless and $ds$ being $\text{MeV}^2$. This makes the problem unsolvable as written.
*   **9. Not Multipart:** **Pass.** Asks for a single quantity.
*   **10. Question Formatting:** **Pass.** Correct LaTeX and Markdown syntax used.
*   **11. Wrapping:** **Pass.** Correctly wrapped.

**Actionable Feedback for Question 2:**
*   **Critical:** Correct the unit of the given numerical integral value from $\text{MeV}^3$ to $\text{MeV}^2$. This is the primary unit inconsistency.

---

**Question 3 Critique:**

*   **1. Model a Physics Scenario:** **Pass.** Models $\pi K$ scattering with a $K^*(892)$ resonance, including energy-dependent width and coupling, a very realistic high-energy physics scenario.
*   2. **Expected Answer:** **Pass.** A single numerical value with specified units ($\text{GeV}^{-1}$).
*   3. **Force Multi-Step Reasoning:** **Pass.** Requires substituting $s=M^2$, recognizing that $\Gamma(M^2) = \Gamma_0$, simplifying the $T$-matrix expression, and performing unit conversions for the final calculation. This involves multiple conceptual steps and calculations.
*   4. **Be Unique:** **Pass.** Specific resonance, parameters, and scenario make it unique.
*   5. **Single Solution:** **Pass.** A direct calculation will yield a single numerical result.
*   6. **Rigorous, Concise Phrasing:** **Pass.** The phrasing is clear, professional, and provides relevant context about pole positions.
*   7. **All Assumptions/Variables Defined:** **Pass.** All variables ($M, \Gamma(s), g, \Gamma_0, p(s), m_K, m_\pi$) are defined, and all numerical values provided.
*   **8. Consistent Units & Notation:** **CRITICAL FAILURE.** This is a fundamental flaw.
    *   The formula for the T-matrix is $T(s) = \frac{g^2}{M^2 - s - iM\Gamma(s)}$.
    *   The denominator $M^2 - s - iM\Gamma(s)$ has units of $\text{MeV}^2$ (or $\text{GeV}^2$).
    *   The coupling constant $g$ is given as $6.0 \text{ GeV}$. So $g^2$ has units of $\text{GeV}^2$.
    *   Therefore, $T(s)$ has units of $\frac{\text{GeV}^2}{\text{MeV}^2} = \frac{\text{GeV}^2}{(10^{-3} \text{ GeV})^2} = \frac{\text{GeV}^2}{10^{-6} \text{ GeV}^2} = 10^6$. This means $T(s)$ is dimensionless (or has units of $\text{GeV}^0$).
    *   However, the question asks for $|T(s)|$ in units of $\text{GeV}^{-1}$. This is a direct contradiction. A dimensionless quantity cannot have units of $\text{GeV}^{-1}$.
*   **9. Not Multipart:** **Pass.** Asks for a single quantity.
*   **10. Question Formatting:** **Pass.** Correct LaTeX and Markdown syntax used.
*   **11. Wrapping:** **Pass.** Correctly wrapped.

**Actionable Feedback for Question 3:**
*   **Critical:** Reconcile the units of $g$ with the requested units of $T(s)$.
    *   **Most likely intended fix:** If $g=6.0$ GeV is meant to be a dimensionful coupling, then $T(s)$ as defined is dimensionless. Change the request to find $|T(s)|$ as a dimensionless number.
    *   **Alternative fix:** If $T(s)$ *must* be in $\text{GeV}^{-1}$, then $g^2$ must have units of $\text{GeV} \cdot \text{MeV}^2$, meaning $g$ would have very unusual units, which is unlikely to be the intent.

---

**Question 4 Critique:**

*   **1. Model a Physics Scenario:** **Pass.** Excellent, highly advanced scenario combining CFT, Regge theory (Pomeron exchange), and LECs from Chiral Lagrangian, suitable for cutting-edge theoretical physics.
*   **2. Expected Answer:** **Pass.** A single numerical value, specified as dimensionless.
*   **3. Force Multi-Step Reasoning:** **Pass.** Involves performing an integral, substituting multiple given numerical values, and careful unit tracking to obtain the final dimensionless LEC.
*   **4. Be Unique:** **Pass.** Highly unique and specific, clearly not a standard textbook problem.
*   **5. Single Solution:** **Pass.** A direct calculation will yield a single numerical result.
*   **6. Rigorous, Concise Phrasing:** **Minor Issue.** The phrase "Assume further that the LEC, denoted as $L$, is given by..." is repeated twice in quick succession. This can be streamlined.
*   **7. All Assumptions/Variables Defined:** **Pass.** All variables and constants are clearly defined, including their role in the theoretical framework and their numerical values.
*   **8. Consistent Units & Notation:** **Pass.** All units are consistent throughout the calculation. $g$ is dimensionless, and all factors correctly combine to make $L$ dimensionless as stated. The introduction of $\Lambda_c^{1.8}$ correctly serves to manage units to make $L$ dimensionless.
*   **9. Not Multipart:** **Pass.** Asks for a single quantity.
*   **10. Question Formatting:** **Pass.** Correct LaTeX and Markdown syntax used.
*   **11. Wrapping:** **Pass.** Correctly wrapped.

**Actionable Feedback for Question 4:**
*   **Minor:** Streamline the phrasing to avoid repeating "Assume further that the LEC, denoted as $L$, is given by...". Combine the two sentences or rephrase for better flow.

---

**Overall Summary:**

These questions are designed for a very high level of physics assessment, demonstrating expertise in advanced theoretical concepts. They are highly unique and succeed in demanding multi-step reasoning.

However, the primary and most critical flaw across the first three questions is **unit inconsistency**. This issue renders them unanswerable as written and needs to be resolved for them to function as valid assessment tools. Question 4 stands out as exemplary, with only a minor phrasing suggestion.

Rectifying the unit issues in Questions 1, 2, and 3 would transform them into excellent and challenging problems for advanced learners.
=== Turn 2: Author refines questions ===
```
<question>
Consider a dilute pion gas at temperature $T$. The $\pi\pi$ scattering amplitude can be parameterized using low-energy constants (LECs) $l_3$ and $l_4$ from chiral perturbation theory (ChPT) at next-to-leading order (NLO). The $s$-wave isospin-0 ($\ell=0, I=0$) phase shift, $\delta_0^0(s)$, is dominant at low energies and can be approximated by $\delta_0^0(s) \approx \sqrt{s - 4m_\pi^2} f(s)$, where $m_\pi$ is the pion mass, and $s$ is the Mandelstam variable representing the square of the center-of-mass energy. The function $f(s)$ is related to the LECs. Assume $f(s) = a + b(s - 4m_\pi^2)$ where $a$ and $b$ are functions of $l_3$ and $l_4$. The pion mass is $m_\pi = 139.6$ MeV. If, from lattice QCD calculations and amplitude matching, we find that $l_3 = -3.5$ and $l_4 = 4.6$ (dimensionless), and we know that $a = \frac{m_\pi^2}{8\pi f_\pi^3}(7l_4+4l_3+1)$ and $b = \frac{1}{32\pi f_\pi^4}$, where $f_\pi = 92.4$ MeV is the pion decay constant, find the value of the phase shift $\delta_0^0(s)$ (in radians) at $s = (2m_\pi)^2 + (0.1 m_\pi)^2$.
</question>

<question>
The spectral density of an unstable particle with mass $M$ and width $\Gamma$ can be parameterized using a Breit-Wigner form: $\rho(s) = N \frac{M^2 \Gamma^2}{(s - M^2)^2 + M^2 \Gamma^2}$, where $s$ is the Mandelstam variable representing the square of the center-of-mass energy, and $N$ is a normalization constant. To respect low-energy behavior dictated by chiral perturbation theory (ChPT), a modification is proposed: $\rho'(s) = \rho(s) \cdot (1 + c_1 s + c_2 s^2)$, where $c_1$ and $c_2$ are constants related to low energy constants (LECs). Assume that unitarity imposes a constraint on the integrated spectral density, specifically that $\int_{0}^{\infty} \rho'(s) ds = C$, where $C$ is a known constant derived from unitarity bounds on partial waves. Given $M = 770$ MeV, $\Gamma = 150$ MeV, $c_1 = 1 \times 10^{-6} \text{ MeV}^{-2}$, $c_2 = -5 \times 10^{-12} \text{ MeV}^{-4}$ and $C = 1000 \text{ MeV}^2$, and that the integral of the *modified* spectral density *without* the normalization constant is given by $\int_{0}^{\infty} \frac{M^2 \Gamma^2}{(s - M^2)^2 + M^2 \Gamma^2} \cdot (1 + c_1 s + c_2 s^2) ds = 0.85 \times 10^{10} \text{ MeV}^2$, determine the normalization constant $N$ (in units of $\text{MeV}^{-2}$) required to satisfy the unitarity constraint. Note that the integration limits represent approximations.
</question>

<question>
Consider the $\pi K$ scattering amplitude. The $K^*(892)$ resonance contributes significantly to the $P$-wave scattering. Near the resonance, the $T$-matrix element for the $P$-wave can be written as $T(s) = \frac{g^2}{M^2 - s - iM\Gamma(s)}$, where $M$ is the resonance mass, $\Gamma(s)$ is the energy-dependent width, and $g$ is the coupling constant. The energy-dependent width can be expressed as $\Gamma(s) = \Gamma_0 (\frac{p(s)}{p(M^2)}) (\frac{M^2}{s})$, where $\Gamma_0$ is the width at the resonance pole, and $p(s) = \frac{1}{2\sqrt{s}}\sqrt{[s - (m_K + m_\pi)^2][s - (m_K - m_\pi)^2]}$ is the magnitude of the center-of-mass momentum in the $\pi K$ system. Here, $m_K = 494$ MeV and $m_\pi = 139.6$ MeV are the masses of the kaon and pion, respectively. Assume that the $K^*(892)$ resonance mass is extracted from the real part of the pole position in the complex s-plane, defined by $M^2 - s - iM\Gamma(s) = 0$. Further, the width is extracted from the imaginary part such that $\Gamma_0 = \Gamma(M^2)$. Given that from experimental data and dispersion relation analyses, we extract a coupling constant $g = 6.0$, determine the magnitude of the T-matrix $|T(s)|$ (as a dimensionless number) at $s = M^2$, where $M = 892$ MeV and $\Gamma_0 = 50$ MeV.
</question>

<question>
In the context of Gauge Theory Bootstrap (GTB) methodology, consider a four-point scattering amplitude $A(s, t, u)$ of massless particles in a conformal field theory (CFT). Assume that the amplitude can be decomposed into a sum of conformal blocks $G_{\Delta, \ell}(z, \bar{z})$, where $\Delta$ is the conformal dimension and $\ell$ is the spin. Close to the Regge limit, where $s \rightarrow \infty$ and $t$ is fixed, the leading Regge trajectory is governed by the exchange of a "Pomeron" with intercept $\alpha(0) = 1 + \epsilon$. Assume that this Pomeron exchange can be approximated by a single conformal block with $\Delta = 1 + \epsilon + \ell$ (where $\ell = 0$), and where $\epsilon$ is a small parameter related to the anomalous dimension. The four-point function can then be described by $A(s,t) = g^2 (\frac{s}{s_0})^{\epsilon}F(t)$, where $g$ is the coupling strength, $s_0$ is an arbitrary energy scale, and $F(t)$ is a form factor dependent only on $t$.

Assume that the low energy constant (LEC) corresponding to the strength of a particular chiral Lagrangian interaction term is related to this Regge behavior by amplitude matching. Assume the LEC, denoted as $L$, is given by $L = \frac{g^2}{\Lambda_c^{1.8}s_0^{\epsilon}} \int_{t_{min}}^{0} F(t) dt$, where $\Lambda_c=1 \text{ GeV}$ is a characteristic energy scale, and $t_{min}$ is the kinematic lower limit for $t$. The constant $\Lambda_c$ has been introduced so that the LEC, $L$, is dimensionless.  If $g = 5$, $s_0 = 1 \text{ GeV}^2$, $\epsilon = 0.1$, and $F(t) = e^{t/\Lambda^2}$ where $\Lambda = 0.5 \text{ GeV}$, and $t_{min} = -0.1 \text{ GeV}^2$, calculate the value of the dimensionless LEC, $L$.
</question>
```
=== Final questions generated ===
