=== Turn 0: Author generates questions ===
```python
questions = [
    """<question>
Consider a low-energy neutron-neutron ($nn$) scattering experiment analyzed within the framework of Relativistic Chiral Effective Field Theory (EFT). Assume that the leading order (LO) amplitude for the process $nn \rightarrow ppee$ (where $p$ denotes proton and $e$ denotes electron) is calculated. At next-to-leading order (NLO), additional terms contribute to the amplitude, potentially reducing the theoretical uncertainty. Suppose that at LO, the predicted amplitude squared, averaged over relevant degrees of freedom, is found to be $|\mathcal{M}_{LO}|^2 = A^2 \pm \sigma_{LO}^2$, where $A = 1.0 \times 10^{-12} \, \text{fm}^2$ and $\sigma_{LO} = 0.5 \times 10^{-12} \, \text{fm}^2$. After including NLO corrections, the amplitude squared becomes $|\mathcal{M}_{NLO}|^2 = B^2 \pm \sigma_{NLO}^2$, where $B = 1.2 \times 10^{-12} \, \text{fm}^2$. Assume the uncertainty reduction from LO to NLO is proportional to the change in the amplitude. Given $\sigma_{NLO} = k \cdot \sigma_{LO}$, where $k = \frac{|A - B|}{|A + B|}$, calculate the numerical value of the reduced uncertainty $\sigma_{NLO}$ in $\text{fm}^2$.
</question>""",
    """<question>
Within the context of Relativistic Chiral Effective Field Theory (EFT) for low-energy nuclear physics, consider the elementary process $nn \rightarrow ppee$. Assume two theoretical predictions for the differential cross-section, $d\sigma/d\Omega$, exist: one derived from a purely relativistic EFT calculation, $(d\sigma/d\Omega)_{Rel}$, and another from a non-relativistic EFT calculation, $(d\sigma/d\Omega)_{NonRel}$. Assume that at a specific kinematic point (neutron kinetic energy $T_n = 5 \, \text{MeV}$, scattering angle $\theta = 30^\circ$), the relativistic calculation yields $(d\sigma/d\Omega)_{Rel} = 2.5 \times 10^{-15} \, \text{fm}^2/\text{sr}$, while the non-relativistic calculation gives $(d\sigma/d\Omega)_{NonRel} = 2.0 \times 10^{-15} \, \text{fm}^2/\text{sr}$. Furthermore, suppose an experimental measurement at the same kinematic point provides a value of $(d\sigma/d\Omega)_{Exp} = 2.3 \times 10^{-15} \, \text{fm}^2/\text{sr}$. Define a "deviation factor" for each calculation relative to the experimental value as $\delta_i = |(d\sigma/d\Omega)_i - (d\sigma/d\Omega)_{Exp}| / (d\sigma/d\Omega)_{Exp}$, where $i$ represents either "Rel" or "NonRel". Calculate the absolute difference between the deviation factors for the relativistic and non-relativistic calculations, i.e., $|\delta_{Rel} - \delta_{NonRel}|$.
</question>""",
    """<question>
In the Bayesian Uncertainty Quantification framework applied to Relativistic Chiral Effective Field Theory (EFT), consider a parameter-free prediction for the $nn \rightarrow ppee$ amplitude. Suppose that at leading order (LO), the predicted amplitude, denoted by $\mathcal{M}_{LO}$, has a prior probability distribution that is uniform between $a$ and $b$, where $a = 0.8 \times 10^{-12} \, \text{fm}$ and $b = 1.2 \times 10^{-12} \, \text{fm}$. After incorporating experimental data and applying Bayes' theorem, the posterior distribution for the amplitude becomes a Gaussian distribution with mean $\mu = 1.0 \times 10^{-12} \, \text{fm}$ and standard deviation $\sigma = 0.1 \times 10^{-12} \, \text{fm}$.  Define the "information gain" as the Kullback-Leibler divergence $D_{KL}$ between the prior and posterior distributions. While calculating the full $D_{KL}$ is complex for a uniform to Gaussian transition, approximate the information gain by considering only the variance change. Assume that the effective variance of the prior is $\sigma_{prior}^2 = (b-a)^2/12$. The effective variance of the posterior is given as $\sigma^2$. Approximate $D_{KL} \approx \frac{1}{2} \left( \ln \frac{\sigma_{prior}^2}{\sigma^2} - 1 + \frac{\sigma^2}{\sigma_{prior}^2} \right)$. Calculate the approximate value of $D_{KL}$.
</question>""",
    """<question>
Consider a scenario involving the $nn \rightarrow ppee$ reaction analyzed using Relativistic Chiral Effective Field Theory (EFT). At a particular kinematic configuration, the leading order (LO) calculation of the reaction amplitude, $|\mathcal{M}_{LO}|$, has a theoretical uncertainty arising from the truncation of the EFT expansion. Assume a Bayesian analysis is performed to quantify this uncertainty. Suppose the LO amplitude is estimated as $|\mathcal{M}_{LO}| = (1.0 \pm 0.3) \times 10^{-12} \text{fm}$. At next-to-leading order (NLO), the amplitude is refined to $|\mathcal{M}_{NLO}| = (1.1 \pm 0.1) \times 10^{-12} \text{fm}$. Assume the experimental amplitude is know with negligible error, as $|\mathcal{M}_{Exp}| = 1.15 \times 10^{-12} \text{fm}$. Estimate the "Z-score" for both LO and NLO calculation. The "Z-score" is defined as the number of standard deviations the predicted amplitude is away from the experimental. That is $Z_{LO} = \frac{|\mathcal{M}_{LO}| - |\mathcal{M}_{Exp}|}{\Delta \mathcal{M}_{LO}}$ and $Z_{NLO} = \frac{|\mathcal{M}_{NLO}| - |\mathcal{M}_{Exp}|}{\Delta \mathcal{M}_{NLO}}$. Find the value of $|Z_{LO} - Z_{NLO}|$
</question>"""
]
```
=== Turn 0: Critic feedback ===
Here's a critique of each question against the provided guidelines, with actionable feedback for improvement.

---

### **Critique for Question 1**

```python
"""<question>
Consider a low-energy neutron-neutron ($nn$) scattering experiment analyzed within the framework of Relativistic Chiral Effective Field Theory (EFT). Assume that the leading order (LO) amplitude for the process $nn \rightarrow ppee$ (where $p$ denotes proton and $e$ denotes electron) is calculated. At next-to-leading order (NLO), additional terms contribute to the amplitude, potentially reducing the theoretical uncertainty. Suppose that at LO, the predicted amplitude squared, averaged over relevant degrees of freedom, is found to be $|\mathcal{M}_{LO}|^2 = A^2 \pm \sigma_{LO}^2$, where $A = 1.0 \times 10^{-12} \, \text{fm}^2$ and $\sigma_{LO} = 0.5 \times 10^{-12} \, \text{fm}^2$. After including NLO corrections, the amplitude squared becomes $|\mathcal{M}_{NLO}|^2 = B^2 \pm \sigma_{NLO}^2$, where $B = 1.2 \times 10^{-12} \, \text{fm}^2$. Assume the uncertainty reduction from LO to NLO is proportional to the change in the amplitude. Given $\sigma_{NLO} = k \cdot \sigma_{LO}$, where $k = \frac{|A - B|}{|A + B|}$, calculate the numerical value of the reduced uncertainty $\sigma_{NLO}$ in $\text{fm}^2$.
</question>"""
```

**Critique:**

1.  **Model a Physics Scenario (Guideline 1):** The scenario is highly specialized and abstract, relying on advanced concepts like EFT and LO/NLO calculations. While it models a physics setup, the question primarily tests numerical calculation within a defined framework rather than conceptual understanding or physical reasoning *about* the underlying physics of EFT.
2.  **Expect answers as symbolic or numerical with units (Guideline 2):** Satisfied. Asks for a numerical value with units.
3.  **Force Multi-Step Reasoning (Guideline 3):** Satisfied. Requires calculating `k` and then `$\sigma_{NLO}$`.
4.  **Be Unique (Guideline 5):** Satisfied. The definition of `k` is specific to this problem.
5.  **Single Solution (Guideline 6):** Satisfied.
6.  **Rigorous, concise phrasing; no hints (Guideline 7):**
    *   **Major Issue (Ambiguous Notation):** The notation for the amplitude squared and its uncertainty is highly ambiguous: `$|\mathcal{M}_{LO}|^2 = A^2 \pm \sigma_{LO}^2$`.
        *   If `$A$` is the *value* of the amplitude squared, then it should be `$|\mathcal{M}_{LO}|^2 = A \pm \sigma_{LO}$`. Given the units of `$A$` and `$\sigma_{LO}$` are both `$\text{fm}^2$`, this interpretation is most likely intended. In this case, `$A^2$` in the expression is confusing.
        *   If `$A$` is the *amplitude* (in `$\text{fm}$`), then `$A^2$` would be the amplitude squared (in `$\text{fm}^2$`), and `$\sigma_{LO}^2$` would be the *variance* of the amplitude squared. However, `$\sigma_{LO}$` is defined as `$\text{fm}^2$`, which makes `$\sigma_{LO}^2$` have units of `$\text{fm}^4$`, which is inconsistent for an uncertainty of an amplitude squared.
    *   The phrase "potentially reducing the theoretical uncertainty" is a minor hint about the expected outcome, though not critical.
7.  **All assumptions must be clearly stated, and all variables must be defined (Guideline 8):** Variables are defined, but the definition of `$A$` and `$B$` in relation to the uncertainty notation (`$A^2 \pm \sigma_{LO}^2$`) is problematic.
8.  **Units must be consistent; all numerical answers must include correct SI units; Symbols should follow conventional physics notation (Guideline 9):**
    *   Units are consistently `$\text{fm}^2$` for `A`, `B`, and `$\sigma$`. However, this reinforces the notational ambiguity of `$A^2$` vs `$A$` for the mean value.
    *   The unit `fm^2` for `A` and `B` implies they are already values of the amplitude squared. If so, then the notation should be `$A \pm \sigma_{LO}$` instead of `$A^2 \pm \sigma_{LO}^2$`.
9.  **Questions must not be multipart (Guideline 10):** Satisfied.
10. **Question Formatting (Guideline 11):** Satisfied. LaTeX for math, numbers, and variables is correct.

**Actionable Feedback:**

*   **Clarify Notation for Amplitude Squared:** Change `$|\mathcal{M}_{LO}|^2 = A^2 \pm \sigma_{LO}^2$` to `$|\mathcal{M}_{LO}|^2 = A \pm \sigma_{LO}$` (and similarly for NLO). This implies `A` and `B` are the central values of the amplitude squared, and `$\sigma_{LO}$` and `$\sigma_{NLO}$` are their uncertainties. This resolves the ambiguity and unit inconsistency.
*   **Minor Edit for Conciseness:** Remove "potentially reducing the theoretical uncertainty" as it's a minor hint.

---

### **Critique for Question 2**

```python
"""<question>
Within the context of Relativistic Chiral Effective Field Theory (EFT) for low-energy nuclear physics, consider the elementary process $nn \rightarrow ppee$. Assume two theoretical predictions for the differential cross-section, $d\sigma/d\Omega$, exist: one derived from a purely relativistic EFT calculation, $(d\sigma/d\Omega)_{Rel}$, and another from a non-relativistic EFT calculation, $(d\sigma/d\Omega)_{NonRel}$. Assume that at a specific kinematic point (neutron kinetic energy $T_n = 5 \, \text{MeV}$, scattering angle $\theta = 30^\circ$), the relativistic calculation yields $(d\sigma/d\Omega)_{Rel} = 2.5 \times 10^{-15} \, \text{fm}^2/\text{sr}$, while the non-relativistic calculation gives $(d\sigma/d\Omega)_{NonRel} = 2.0 \times 10^{-15} \, \text{fm}^2/\text{sr}$. Furthermore, suppose an experimental measurement at the same kinematic point provides a value of $(d\sigma/d\Omega)_{Exp} = 2.3 \times 10^{-15} \, \text{fm}^2/\text{sr}$. Define a "deviation factor" for each calculation relative to the experimental value as $\delta_i = |(d\sigma/d\Omega)_i - (d\sigma/d\Omega)_{Exp}| / (d\sigma/d\Omega)_{Exp}$, where $i$ represents either "Rel" or "NonRel". Calculate the absolute difference between the deviation factors for the relativistic and non-relativistic calculations, i.e., $|\delta_{Rel} - \delta_{NonRel}|$.
</question>"""
```

**Critique:**

1.  **Model a Physics Scenario (Guideline 1):** Satisfied. It sets up a plausible scenario for comparing theoretical models with experimental data. Similar to Q1, the physics context is a backdrop for a quantitative calculation.
2.  **Expect answers as symbolic or numerical with units (Guideline 2):** Satisfied. The deviation factor is dimensionless.
3.  **Force Multi-Step Reasoning (Guideline 3):** Satisfied. Requires calculating `$\delta_{Rel}$`, `$\delta_{NonRel}$`, and then their absolute difference.
4.  **Be Unique (Guideline 5):** Satisfied. The "deviation factor" definition is specific to this problem.
5.  **Single Solution (Guideline 6):** Satisfied.
6.  **Rigorous, concise phrasing; no hints (Guideline 7):** Satisfied. Phrasing is clear and direct.
7.  **All assumptions must be clearly stated, and all variables must be defined (Guideline 8):** Satisfied. All values and definitions are clear.
8.  **Units must be consistent; all numerical answers must include correct SI units; Symbols should follow conventional physics notation (Guideline 9):** Satisfied. Units are consistent (`$\text{fm}^2/\text{sr}$`, `$\text{MeV}$`, `$\text{sr}$`).
9.  **Questions must not be multipart (Guideline 10):** Satisfied.
10. **Question Formatting (Guideline 11):** Satisfied. All math, numbers, and variables are correctly enclosed in `$`.

**Actionable Feedback:**

*   No significant issues found. This question is well-structured and adheres to the guidelines.

---

### **Critique for Question 3**

```python
"""<question>
In the Bayesian Uncertainty Quantification framework applied to Relativistic Chiral Effective Field Theory (EFT), consider a parameter-free prediction for the $nn \rightarrow ppee$ amplitude. Suppose that at leading order (LO), the predicted amplitude, denoted by $\mathcal{M}_{LO}$, has a prior probability distribution that is uniform between $a$ and $b$, where $a = 0.8 \times 10^{-12} \, \text{fm}$ and $b = 1.2 \times 10^{-12} \, \text{fm}$. After incorporating experimental data and applying Bayes' theorem, the posterior distribution for the amplitude becomes a Gaussian distribution with mean $\mu = 1.0 \times 10^{-12} \, \text{fm}$ and standard deviation $\sigma = 0.1 \times 10^{-12} \, \text{fm}$.  Define the "information gain" as the Kullback-Leibler divergence $D_{KL}$ between the prior and posterior distributions. While calculating the full $D_{KL}$ is complex for a uniform to Gaussian transition, approximate the information gain by considering only the variance change. Assume that the effective variance of the prior is $\sigma_{prior}^2 = (b-a)^2/12$. The effective variance of the posterior is given as $\sigma^2$. Approximate $D_{KL} \approx \frac{1}{2} \left( \ln \frac{\sigma_{prior}^2}{\sigma^2} - 1 + \frac{\sigma^2}{\sigma_{prior}^2} \right)$. Calculate the approximate value of $D_{KL}$.
</question>"""
```

**Critique:**

1.  **Model a Physics Scenario (Guideline 1):** Satisfied. Models a scenario in Bayesian Uncertainty Quantification relevant to theoretical physics. The physics context is again a scaffold for applying a statistical formula.
2.  **Expect answers as symbolic or numerical with units (Guideline 2):** Satisfied. Asks for a numerical value (dimensionless for $D_{KL}$).
3.  **Force Multi-Step Reasoning (Guideline 3):** Satisfied. Requires calculating `$\sigma_{prior}^2$` and then plugging into the `D_{KL}` formula.
4.  **Be Unique (Guideline 5):** Satisfied. The specific approximation of $D_{KL}$ and its application make it unique.
5.  **Single Solution (Guideline 6):** Satisfied.
6.  **Rigorous, concise phrasing; no hints (Guideline 7):**
    *   **Minor Issue (Hint/Unnecessary Detail):** The sentence "While calculating the full $D_{KL}$ is complex for a uniform to Gaussian transition, approximate the information gain by considering only the variance change." provides unnecessary background information and a slight hint about the problem's nature. This could be omitted for conciseness and to avoid hints. The problem statement could just say "Approximate the information gain as..." or "Use the given approximation for $D_{KL}$".
7.  **All assumptions must be clearly stated, and all variables must be defined (Guideline 8):** Satisfied. All variables and assumptions are clearly stated.
8.  **Units must be consistent; all numerical answers must include correct SI units; Symbols should follow conventional physics notation (Guideline 9):** Satisfied. Units are consistent (`$\text{fm}$`).
9.  **Questions must not be multipart (Guideline 10):** Satisfied.
10. **Question Formatting (Guideline 11):** Satisfied. All math, numbers, and variables are correctly enclosed in `$`.

**Actionable Feedback:**

*   **Remove Unnecessary Detail/Hint:** Rephrase or remove the sentence "While calculating the full $D_{KL}$ is complex for a uniform to Gaussian transition, approximate the information gain by considering only the variance change." to make the problem more concise and avoid unintentional hints.

---

### **Critique for Question 4**

```python
"""<question>
Consider a scenario involving the $nn \rightarrow ppee$ reaction analyzed using Relativistic Chiral Effective Field Theory (EFT). At a particular kinematic configuration, the leading order (LO) calculation of the reaction amplitude, $|\mathcal{M}_{LO}|$, has a theoretical uncertainty arising from the truncation of the EFT expansion. Assume a Bayesian analysis is performed to quantify this uncertainty. Suppose the LO amplitude is estimated as $|\mathcal{M}_{LO}| = (1.0 \pm 0.3) \times 10^{-12} \text{fm}$. At next-to-leading order (NLO), the amplitude is refined to $|\mathcal{M}_{NLO}| = (1.1 \pm 0.1) \times 10^{-12} \text{fm}$. Assume the experimental amplitude is know with negligible error, as $|\mathcal{M}_{Exp}| = 1.15 \times 10^{-12} \text{fm}$. Estimate the "Z-score" for both LO and NLO calculation. The "Z-score" is defined as the number of standard deviations the predicted amplitude is away from the experimental. That is $Z_{LO} = \frac{|\mathcal{M}_{LO}| - |\mathcal{M}_{Exp}|}{\Delta \mathcal{M}_{LO}}$ and $Z_{NLO} = \frac{|\mathcal{M}_{NLO}| - |\mathcal{M}_{Exp}|}{\Delta \mathcal{M}_{NLO}}$. Find the value of $|Z_{LO} - Z_{NLO}|$
</question>"""
```

**Critique:**

1.  **Model a Physics Scenario (Guideline 1):** Satisfied. Models a scenario for comparing theoretical predictions with experimental data using Z-scores, relevant to theoretical physics.
2.  **Expect answers as symbolic or numerical with units (Guideline 2):** Satisfied. Asks for a numerical value (dimensionless for Z-score).
3.  **Force Multi-Step Reasoning (Guideline 3):** Satisfied. Requires calculating `Z_{LO}`, `Z_{NLO}`, and then their absolute difference.
4.  **Be Unique (Guideline 5):** Satisfied. The specific application and calculation of the difference of Z-scores is unique.
5.  **Single Solution (Guideline 6):** Satisfied.
6.  **Rigorous, concise phrasing; no hints (Guideline 7):**
    *   The instruction "Estimate the 'Z-score' for both LO and NLO calculation" explicitly tells the student to calculate intermediate steps, which is a minor deviation from "no hints." However, it's immediately followed by the specific target quantity "Find the value of $|Z_{LO} - Z_{NLO}|$," which clarifies the ultimate goal.
7.  **All assumptions must be clearly stated, and all variables must be defined (Guideline 8):** Satisfied. Variables and assumptions are clear.
8.  **Units must be consistent; all numerical answers must include correct SI units; Symbols should follow conventional physics notation (Guideline 9):**
    *   Units are consistent (`$\text{fm}$`).
9.  **Questions must not be multipart (Guideline 10):** Satisfied.
10. **Question Formatting (Guideline 11):**
    *   **Minor Issue (Unit Formatting):** The unit `\text{fm}` is not consistently enclosed in `$`. For example, in `$(1.0 \pm 0.3) \times 10^{-12} \text{fm}$`, the `\text{fm}` is outside the dollar signs. It should be `$(1.0 \pm 0.3) \times 10^{-12} \, \text{fm}$`. This needs to be applied consistently for all numerical values with units.

**Actionable Feedback:**

*   **Correct Unit Formatting:** Ensure all units appearing with numerical values (e.g., `$\text{fm}$`) are enclosed within the math environment (`$`) as per Guideline 11. For example, change `$\text{fm}$` to `$\text{fm}$` within the `$ ... $` block if it's currently outside. The correct way to write `1.0 fm` would be `$1.0 \, \text{fm}$`.

---

**General Summary:**

The questions consistently target a very advanced and specific domain (Relativistic Chiral EFT, $nn \rightarrow ppee$ reaction), which is suitable for advanced learners. They successfully force multi-step numerical reasoning. The main areas for improvement are:

*   **Ambiguous Notation (Q1):** The notation for amplitude squared and its uncertainty needs clarification to be mathematically rigorous.
*   **Minor Hinting/Verbosity (Q3, Q4):** Some phrases provide slightly unnecessary context or hint at intermediate steps.
*   **Consistent LaTeX Formatting (Q4):** Ensure all units are properly enclosed within math delimiters (`$`) when they appear with numerical values.

Overall, with these minor adjustments, the questions would be very strong, particularly for assessing quantitative skills within specialized physics contexts.
=== Turn 1: Author refines questions ===
```python
improved_questions = [
    """<question>
Consider a low-energy neutron-neutron ($nn$) scattering experiment analyzed within the framework of Relativistic Chiral Effective Field Theory (EFT). Assume that the leading order (LO) amplitude for the process $nn \rightarrow ppee$ (where $p$ denotes proton and $e$ denotes electron) is calculated. At next-to-leading order (NLO), additional terms contribute to the amplitude. Suppose that at LO, the predicted amplitude squared, averaged over relevant degrees of freedom, is found to be $|\mathcal{M}_{LO}|^2 = A \pm \sigma_{LO}$, where $A = 1.0 \times 10^{-12} \, \text{fm}^2$ and $\sigma_{LO} = 0.5 \times 10^{-12} \, \text{fm}^2$. After including NLO corrections, the amplitude squared becomes $|\mathcal{M}_{NLO}|^2 = B \pm \sigma_{NLO}$, where $B = 1.2 \times 10^{-12} \, \text{fm}^2$. Assume the uncertainty reduction from LO to NLO is proportional to the change in the amplitude. Given $\sigma_{NLO} = k \cdot \sigma_{LO}$, where $k = \frac{|A - B|}{|A + B|}$, calculate the numerical value of the reduced uncertainty $\sigma_{NLO}$ in $\text{fm}^2$.
</question>""",
    """<question>
Within the context of Relativistic Chiral Effective Field Theory (EFT) for low-energy nuclear physics, consider the elementary process $nn \rightarrow ppee$. Assume two theoretical predictions for the differential cross-section, $d\sigma/d\Omega$, exist: one derived from a purely relativistic EFT calculation, $(d\sigma/d\Omega)_{Rel}$, and another from a non-relativistic EFT calculation, $(d\sigma/d\Omega)_{NonRel}$. Assume that at a specific kinematic point (neutron kinetic energy $T_n = 5 \, \text{MeV}$, scattering angle $\theta = 30^\circ$), the relativistic calculation yields $(d\sigma/d\Omega)_{Rel} = 2.5 \times 10^{-15} \, \text{fm}^2/\text{sr}$, while the non-relativistic calculation gives $(d\sigma/d\Omega)_{NonRel} = 2.0 \times 10^{-15} \, \text{fm}^2/\text{sr}$. Furthermore, suppose an experimental measurement at the same kinematic point provides a value of $(d\sigma/d\Omega)_{Exp} = 2.3 \times 10^{-15} \, \text{fm}^2/\text{sr}$. Define a "deviation factor" for each calculation relative to the experimental value as $\delta_i = |(d\sigma/d\Omega)_i - (d\sigma/d\Omega)_{Exp}| / (d\sigma/d\Omega)_{Exp}$, where $i$ represents either "Rel" or "NonRel". Calculate the absolute difference between the deviation factors for the relativistic and non-relativistic calculations, i.e., $|\delta_{Rel} - \delta_{NonRel}|$.
</question>""",
    """<question>
In the Bayesian Uncertainty Quantification framework applied to Relativistic Chiral Effective Field Theory (EFT), consider a parameter-free prediction for the $nn \rightarrow ppee$ amplitude. Suppose that at leading order (LO), the predicted amplitude, denoted by $\mathcal{M}_{LO}$, has a prior probability distribution that is uniform between $a$ and $b$, where $a = 0.8 \times 10^{-12} \, \text{fm}$ and $b = 1.2 \times 10^{-12} \, \text{fm}$. After incorporating experimental data and applying Bayes' theorem, the posterior distribution for the amplitude becomes a Gaussian distribution with mean $\mu = 1.0 \times 10^{-12} \, \text{fm}$ and standard deviation $\sigma = 0.1 \times 10^{-12} \, \text{fm}$. Define the "information gain" as the Kullback-Leibler divergence $D_{KL}$ between the prior and posterior distributions. Approximate the information gain as $D_{KL} \approx \frac{1}{2} \left( \ln \frac{\sigma_{prior}^2}{\sigma^2} - 1 + \frac{\sigma^2}{\sigma_{prior}^2} \right)$, where the effective variance of the prior is $\sigma_{prior}^2 = (b-a)^2/12$ and the effective variance of the posterior is given as $\sigma^2$. Calculate the approximate value of $D_{KL}$.
</question>""",
    """<question>
Consider a scenario involving the $nn \rightarrow ppee$ reaction analyzed using Relativistic Chiral Effective Field Theory (EFT). At a particular kinematic configuration, the leading order (LO) calculation of the reaction amplitude, $|\mathcal{M}_{LO}|$, has a theoretical uncertainty arising from the truncation of the EFT expansion. Assume a Bayesian analysis is performed to quantify this uncertainty. Suppose the LO amplitude is estimated as $|\mathcal{M}_{LO}| = (1.0 \pm 0.3) \times 10^{-12} \, \text{fm}$. At next-to-leading order (NLO), the amplitude is refined to $|\mathcal{M}_{NLO}| = (1.1 \pm 0.1) \times 10^{-12} \, \text{fm}$. Assume the experimental amplitude is known with negligible error, as $|\mathcal{M}_{Exp}| = 1.15 \times 10^{-12} \, \text{fm}$. Estimate the "Z-score" for both LO and NLO calculation, where the "Z-score" is defined as the number of standard deviations the predicted amplitude is away from the experimental. That is $Z_{LO} = \frac{|\mathcal{M}_{LO}| - |\mathcal{M}_{Exp}|}{\Delta \mathcal{M}_{LO}}$ and $Z_{NLO} = \frac{|\mathcal{M}_{NLO}| - |\mathcal{M}_{Exp}|}{\Delta \mathcal{M}_{NLO}}$. Find the value of $|Z_{LO} - Z_{NLO}|$.
</question>"""
]
```
=== Turn 1: Critic feedback ===
Overall, these questions are very well-crafted and adhere to almost all guidelines. They present complex, unique scenarios within the domain of Relativistic Chiral Effective Field Theory and Bayesian Uncertainty Quantification, requiring multi-step quantitative reasoning. The use of LaTeX for formatting is excellent.

Here's a detailed critique for each question:

### Question 1

```python
"""<question>
Consider a low-energy neutron-neutron ($nn$) scattering experiment analyzed within the framework of Relativistic Chiral Effective Field Theory (EFT). Assume that the leading order (LO) amplitude for the process $nn \rightarrow ppee$ (where $p$ denotes proton and $e$ denotes electron) is calculated. At next-to-leading order (NLO), additional terms contribute to the amplitude. Suppose that at LO, the predicted amplitude squared, averaged over relevant degrees of freedom, is found to be $|\mathcal{M}_{LO}|^2 = A \pm \sigma_{LO}$, where $A = 1.0 \times 10^{-12} \, \text{fm}^2$ and $\sigma_{LO} = 0.5 \times 10^{-12} \, \text{fm}^2$. After including NLO corrections, the amplitude squared becomes $|\mathcal{M}_{NLO}|^2 = B \pm \sigma_{NLO}$, where $B = 1.2 \times 10^{-12} \, \text{fm}^2$. Assume the uncertainty reduction from LO to NLO is proportional to the change in the amplitude. Given $\sigma_{NLO} = k \cdot \sigma_{LO}$, where $k = \frac{|A - B|}{|A + B|}$, calculate the numerical value of the reduced uncertainty $\sigma_{NLO}$ in $\text{fm}^2$.
</question>"""
```

**Critique:**
*   **Guideline 1 (Model a Physics Scenario):** The scenario is highly specific and relevant to advanced nuclear physics, modeling a theoretical calculation workflow. However, the rule for uncertainty reduction ($k = \frac{|A - B|}{|A + B|}$) is a specific, arbitrary rule given for the problem, rather than a standard physical principle that needs to be deduced or understood conceptually. It makes the "physics reasoning" primarily about applying a given formula.
*   **Guideline 3 (Multi-Step Reasoning):** Yes, calculate $k$ first, then $\sigma_{NLO}$.
*   **Guideline 4 (Unique):** Yes, the specific proportionality factor $k$ makes it unique.
*   **Guideline 8 (Units/Notation):** All inline math and variables are correctly enclosed in `$`. The units are consistent. The question explicitly asks for the answer "in $\text{fm}^2$", so the final numerical answer should have these units.

**Suggestions for Improvement:**
*   The question is largely good. The main point for improvement would be if the uncertainty reduction rule could be tied more directly to a common physics principle (e.g., related to the order of EFT expansion or a more standard statistical measure). However, as is, it's a valid calculation problem within a physics context. No critical changes are needed for adherence to guidelines.

### Question 2

```python
"""<question>
Within the context of Relativistic Chiral Effective Field Theory (EFT) for low-energy nuclear physics, consider the elementary process $nn \rightarrow ppee$. Assume two theoretical predictions for the differential cross-section, $d\sigma/d\Omega$, exist: one derived from a purely relativistic EFT calculation, $(d\sigma/d\Omega)_{Rel}$, and another from a non-relativistic EFT calculation, $(d\sigma/d\Omega)_{NonRel}$. Assume that at a specific kinematic point (neutron kinetic energy $T_n = 5 \, \text{MeV}$, scattering angle $\theta = 30^\circ$), the relativistic calculation yields $(d\sigma/d\Omega)_{Rel} = 2.5 \times 10^{-15} \, \text{fm}^2/\text{sr}$, while the non-relativistic calculation gives $(d\sigma/d\Omega)_{NonRel} = 2.0 \times 10^{-15} \, \text{fm}^2/\text{sr}$. Furthermore, suppose an experimental measurement at the same kinematic point provides a value of $(d\sigma/d\Omega)_{Exp} = 2.3 \times 10^{-15} \, \text{fm}^2/\text{sr}$. Define a "deviation factor" for each calculation relative to the experimental value as $\delta_i = |(d\sigma/d\Omega)_i - (d\sigma/d\Omega)_{Exp}| / (d\sigma/d\Omega)_{Exp}$, where $i$ represents either "Rel" or "NonRel". Calculate the absolute difference between the deviation factors for the relativistic and non-relativistic calculations, i.e., $|\delta_{Rel} - \delta_{NonRel}|$.
</question>"""
```

**Critique:**
*   **Excellent adherence to all guidelines.**
*   **Guideline 1 (Model a Physics Scenario):** Clearly models the comparison of theoretical models with experimental data, a crucial aspect of physics.
*   **Guideline 3 (Multi-Step Reasoning):** Yes, requires calculating two deviation factors and then their absolute difference.
*   **Guideline 4 (Unique):** Yes, defines a specific metric for comparison, making it unique.
*   **Guideline 8 (Units/Notation):** All math and variables are correctly formatted using LaTeX. Units are consistent, and the final answer is a dimensionless ratio, as expected.

**Suggestions for Improvement:**
*   No significant issues. This question is well-designed.

### Question 3

```python
"""<question>
In the Bayesian Uncertainty Quantification framework applied to Relativistic Chiral Effective Field Theory (EFT), consider a parameter-free prediction for the $nn \rightarrow ppee$ amplitude. Suppose that at leading order (LO), the predicted amplitude, denoted by $\mathcal{M}_{LO}$, has a prior probability distribution that is uniform between $a$ and $b$, where $a = 0.8 \times 10^{-12} \, \text{fm}$ and $b = 1.2 \times 10^{-12} \, \text{fm}$. After incorporating experimental data and applying Bayes' theorem, the posterior distribution for the amplitude becomes a Gaussian distribution with mean $\mu = 1.0 \times 10^{-12} \, \text{fm}$ and standard deviation $\sigma = 0.1 \times 10^{-12} \, \text{fm}$. Define the "information gain" as the Kullback-Leibler divergence $D_{KL}$ between the prior and posterior distributions. Approximate the information gain as $D_{KL} \approx \frac{1}{2} \left( \ln \frac{\sigma_{prior}^2}{\sigma^2} - 1 + \frac{\sigma^2}{\sigma_{prior}^2} \right)$, where the effective variance of the prior is $\sigma_{prior}^2 = (b-a)^2/12$ and the effective variance of the posterior is given as $\sigma^2$. Calculate the approximate value of $D_{KL}$.
</question>"""
```

**Critique:**
*   **Excellent adherence to all guidelines.**
*   **Guideline 1 (Model a Physics Scenario):** Integrates advanced concepts like Bayesian UQ and KL divergence directly into a physics context, representing information gain from experimental data. This is conceptually rich.
*   **Guideline 3 (Multi-Step Reasoning):** Yes, calculate $\sigma_{prior}^2$ then $D_{KL}$.
*   **Guideline 4 (Unique):** Yes, applying KL divergence in this specific context is unique and insightful.
*   **Guideline 8 (Units/Notation):** All math and variables are correctly formatted using LaTeX. Units are consistent, and the final answer for $D_{KL}$ is dimensionless (in nats).

**Suggestions for Improvement:**
*   No significant issues. This question is exemplary.

### Question 4

```python
"""<question>
Consider a scenario involving the $nn \rightarrow ppee$ reaction analyzed using Relativistic Chiral Effective Field Theory (EFT). At a particular kinematic configuration, the leading order (LO) calculation of the reaction amplitude, $|\mathcal{M}_{LO}|$, has a theoretical uncertainty arising from the truncation of the EFT expansion. Assume a Bayesian analysis is performed to quantify this uncertainty. Suppose the LO amplitude is estimated as $|\mathcal{M}_{LO}| = (1.0 \pm 0.3) \times 10^{-12} \, \text{fm}$. At next-to-leading order (NLO), the amplitude is refined to $|\mathcal{M}_{NLO}| = (1.1 \pm 0.1) \times 10^{-12} \, \text{fm}$. Assume the experimental amplitude is known with negligible error, as $|\mathcal{M}_{Exp}| = 1.15 \times 10^{-12} \, \text{fm}$. Estimate the "Z-score" for both LO and NLO calculation, where the "Z-score" is defined as the number of standard deviations the predicted amplitude is away from the experimental. That is $Z_{LO} = \frac{|\mathcal{M}_{LO}| - |\mathcal{M}_{Exp}|}{\Delta \mathcal{M}_{LO}}$ and $Z_{NLO} = \frac{|\mathcal{M}_{NLO}| - |\mathcal{M}_{Exp}|}{\Delta \mathcal{M}_{NLO}}$. Find the value of $|Z_{LO} - Z_{NLO}|$.
</question>"""
```

**Critique:**
*   **Excellent adherence to all guidelines.**
*   **Guideline 1 (Model a Physics Scenario):** Models the comparison of theoretical calculations at different orders (LO vs NLO) against experimental data using a well-known statistical measure (Z-score), assessing theoretical progress.
*   **Guideline 3 (Multi-Step Reasoning):** Yes, calculate $Z_{LO}$, $Z_{NLO}$, then their absolute difference.
*   **Guideline 4 (Unique):** Yes, applying Z-score in this specific theoretical comparison context is unique.
*   **Guideline 8 (Units/Notation):** All math and variables are correctly formatted using LaTeX. Units are consistent, and the final answer is a dimensionless Z-score.

**Suggestions for Improvement:**
*   No significant issues. This question is also exemplary.

---
**Summary of Strengths Across All Questions:**

*   **Strong Physics Context:** All questions successfully embed mathematical calculations within a highly specific and advanced physics context (Relativistic Chiral EFT for $nn \rightarrow ppee$), which is commendable.
*   **Multi-Step Reasoning:** Each question genuinely requires multiple calculational steps, preventing trivial answers.
*   **Uniqueness:** None of these appear to be standard textbook problems; they are novel applications of quantitative methods to a specialized physics domain.
*   **Clarity and Rigor:** The phrasing is precise, assumptions are stated, and variables are clearly defined for each question.
*   **LaTeX Formatting:** The consistent and correct use of LaTeX for all mathematical expressions and numerical values is outstanding.
*   **Single Solution:** Each question leads to a single, unambiguous numerical result.
*   **Not Multipart:** Each question asks for one specific final quantity.

These are exceptionally well-designed questions for an advanced physics assessment.
=== Turn 2: Author refines questions ===
```python
improved_questions = [
    """<question>
Consider a low-energy neutron-neutron ($nn$) scattering experiment analyzed within the framework of Relativistic Chiral Effective Field Theory (EFT). Assume that the leading order (LO) amplitude for the process $nn \rightarrow ppee$ (where $p$ denotes proton and $e$ denotes electron) is calculated. At next-to-leading order (NLO), additional terms contribute to the amplitude, improving the theoretical prediction. Suppose that at LO, the predicted amplitude squared, averaged over relevant degrees of freedom, is found to be $|\mathcal{M}_{LO}|^2 = A \pm \sigma_{LO}$, where $A = 1.0 \times 10^{-12} \, \text{fm}^2$ and $\sigma_{LO} = 0.5 \times 10^{-12} \, \text{fm}^2$. After including NLO corrections, the amplitude squared becomes $|\mathcal{M}_{NLO}|^2 = B \pm \sigma_{NLO}$, where $B = 1.2 \times 10^{-12} \, \text{fm}^2$.  Assuming that the relative uncertainty is reduced proportionally to the size of the correction, calculate the reduced uncertainty $\sigma_{NLO}$ using the relation $\sigma_{NLO} = \sigma_{LO} \cdot \frac{|A - B|}{A}$. Report your answer in $\text{fm}^2$.
</question>""",
    """<question>
Within the context of Relativistic Chiral Effective Field Theory (EFT) for low-energy nuclear physics, consider the elementary process $nn \rightarrow ppee$. Assume two theoretical predictions for the differential cross-section, $d\sigma/d\Omega$, exist: one derived from a purely relativistic EFT calculation, $(d\sigma/d\Omega)_{Rel}$, and another from a non-relativistic EFT calculation, $(d\sigma/d\Omega)_{NonRel}$. Assume that at a specific kinematic point (neutron kinetic energy $T_n = 5 \, \text{MeV}$, scattering angle $\theta = 30^\circ$), the relativistic calculation yields $(d\sigma/d\Omega)_{Rel} = 2.5 \times 10^{-15} \, \text{fm}^2/\text{sr}$, while the non-relativistic calculation gives $(d\sigma/d\Omega)_{NonRel} = 2.0 \times 10^{-15} \, \text{fm}^2/\text{sr}$. Furthermore, suppose an experimental measurement at the same kinematic point provides a value of $(d\sigma/d\Omega)_{Exp} = 2.3 \times 10^{-15} \, \text{fm}^2/\text{sr}$. Define a "deviation factor" for each calculation relative to the experimental value as $\delta_i = |(d\sigma/d\Omega)_i - (d\sigma/d\Omega)_{Exp}| / (d\sigma/d\Omega)_{Exp}$, where $i$ represents either "Rel" or "NonRel". Calculate the absolute difference between the deviation factors for the relativistic and non-relativistic calculations, i.e., $|\delta_{Rel} - \delta_{NonRel}|$.
</question>""",
    """<question>
In the Bayesian Uncertainty Quantification framework applied to Relativistic Chiral Effective Field Theory (EFT), consider a parameter-free prediction for the $nn \rightarrow ppee$ amplitude. Suppose that at leading order (LO), the predicted amplitude, denoted by $\mathcal{M}_{LO}$, has a prior probability distribution that is uniform between $a$ and $b$, where $a = 0.8 \times 10^{-12} \, \text{fm}$ and $b = 1.2 \times 10^{-12} \, \text{fm}$. After incorporating experimental data and applying Bayes' theorem, the posterior distribution for the amplitude becomes a Gaussian distribution with mean $\mu = 1.0 \times 10^{-12} \, \text{fm}$ and standard deviation $\sigma = 0.1 \times 10^{-12} \, \text{fm}$. Define the "information gain" as the Kullback-Leibler divergence $D_{KL}$ between the prior and posterior distributions. Approximate the information gain as $D_{KL} \approx \frac{1}{2} \left( \ln \frac{\sigma_{prior}^2}{\sigma^2} - 1 + \frac{\sigma^2}{\sigma_{prior}^2} \right)$, where the effective variance of the prior is $\sigma_{prior}^2 = (b-a)^2/12$ and the effective variance of the posterior is given as $\sigma^2$. Calculate the approximate value of $D_{KL}$.
</question>""",
    """<question>
Consider a scenario involving the $nn \rightarrow ppee$ reaction analyzed using Relativistic Chiral Effective Field Theory (EFT). At a particular kinematic configuration, the leading order (LO) calculation of the reaction amplitude, $|\mathcal{M}_{LO}|$, has a theoretical uncertainty arising from the truncation of the EFT expansion. Assume a Bayesian analysis is performed to quantify this uncertainty. Suppose the LO amplitude is estimated as $|\mathcal{M}_{LO}| = (1.0 \pm 0.3) \times 10^{-12} \, \text{fm}$. At next-to-leading order (NLO), the amplitude is refined to $|\mathcal{M}_{NLO}| = (1.1 \pm 0.1) \times 10^{-12} \, \text{fm}$. Assume the experimental amplitude is known with negligible error, as $|\mathcal{M}_{Exp}| = 1.15 \times 10^{-12} \, \text{fm}$. Estimate the "Z-score" for both LO and NLO calculation, where the "Z-score" is defined as the number of standard deviations the predicted amplitude is away from the experimental. That is $Z_{LO} = \frac{|\mathcal{M}_{LO}| - |\mathcal{M}_{Exp}|}{\Delta \mathcal{M}_{LO}}$ and $Z_{NLO} = \frac{|\mathcal{M}_{NLO}| - |\mathcal{M}_{Exp}|}{\Delta \mathcal{M}_{NLO}}$. Find the value of $|Z_{LO} - Z_{NLO}|$.
</question>"""
]
```
=== Final questions generated ===
