=== Turn 0: Author generates questions ===
```
<question>
Consider a quantum experiment designed to demonstrate quantum interference with time-frequency modes. Two photons, A and B, are generated through spontaneous parametric down-conversion (SPDC). Photon A undergoes electro-optic phase modulation, resulting in a frequency shift of $\Delta \omega$. Both photons then pass through a beam splitter and are detected by single-photon detectors D1 and D2. Assume the initial joint state is $|\psi\rangle = | \omega_A, \omega_B \rangle$, where $\omega_A$ and $\omega_B$ are the initial frequencies. The electro-optic modulator applies a time-dependent phase $\phi(t) = \alpha \sin(\Omega t)$, where $\alpha$ is the modulation amplitude and $\Omega$ is the modulation frequency. The frequency shift $\Delta \omega$ is small compared to the initial frequencies. Assuming that the modulation introduces sidebands at $\omega_A \pm n\Omega$, with $n$ being an integer, and considering only the first-order sidebands ($n = 1$), what is the probability, $P_{D1,D2}$, of detecting one photon at D1 with frequency $\omega_A + \Omega$ and the other at D2 with frequency $\omega_B - \Omega$ (resulting from frequency mixing due to the beam splitter and electro-optic modulation)? Express your answer symbolically in terms of $\alpha$, $\Omega$, $\omega_A$, $\omega_B$, and the beam splitter's transmissivity $T$ and reflectivity $R$, assuming the beam splitter is symmetric. Assume the detectors have perfect efficiency.
</question>

<question>
In a four-photon experiment designed to simulate collision-free interactions using time-frequency modes, four photons (A, B, C, and D) are generated. Photons A and B are prepared in a joint time-frequency entangled state. Photons C and D act as ancillary photons. Assume that electro-optic modulators (EOMs) are used to manipulate the frequencies of photons A and C. The EOM on photon A shifts its frequency by $+\Delta \omega$, while the EOM on photon C shifts its frequency by $-\Delta \omega$. All four photons are then combined using a series of beam splitters. Assuming that the initial state is a product state $|\psi\rangle = |\omega_A, \omega_B, \omega_C, \omega_D \rangle$, and that the beam splitters are lossless and symmetric (50:50 splitting ratio), calculate the probability, $P_{ABCD}$, that all four photons are detected at separate detectors, each corresponding to one of the initial photons (A, B, C, D) after their frequency shifts and beam splitter interactions. Provide your answer as a single numerical value.
</question>

<question>
A source generates photon pairs via Spontaneous Parametric Down-Conversion (SPDC). One photon (signal) is directed to a spectrometer with a resolution bandwidth $\Delta \nu$, while the other photon (idler) is subjected to electro-optic phase modulation. The electro-optic modulator (EOM) introduces a sinusoidal phase modulation $\phi(t) = A \sin(2\pi f_m t)$, where $A$ is the modulation index and $f_m$ is the modulation frequency. Assuming the initial joint spectral amplitude of the photon pair is a Gaussian function with a spectral width $\sigma$, and considering only the first-order sidebands generated by the EOM, calculate the ratio, $R$, of the power in the first-order sideband ($f_m$) of the idler photon to the power in the carrier frequency (original idler frequency) after the EOM. Express your answer in terms of $A$. Assume that $A << 1$.
</question>

<question>
Consider a quantum experiment involving the generation of photons using a pulsed laser. These photons are passed through a spectral filter with a Gaussian transmission profile $T(\omega) = \exp\left(-\frac{(\omega - \omega_0)^2}{2\sigma^2}\right)$, where $\omega_0$ is the central frequency of the filter and $\sigma$ is its spectral width. Assume the initial spectral distribution of the photons emitted by the source is also Gaussian, centered at $\omega_s$ with a width $\sigma_s$. To ensure high spectral purity of the generated photons, the filter width $\sigma$ is much smaller than the source bandwidth $\sigma_s$ (i.e., $\sigma << \sigma_s$). Calculate the reduction factor, $RF$, in the number of photons after passing through the filter, relative to the number of photons that would have passed if there were no filter (i.e., $T(\omega) = 1$ for all $\omega$). Give your answer in terms of $\sigma$, $\sigma_s$, $\omega_0$ and $\omega_s$. Assume that both $\sigma$ and $\sigma_s$ are much smaller than $\omega_0$ and $\omega_s$.
</question>
```
=== Turn 0: Critic feedback ===
Here's a critique of the provided questions against your guidelines:

---

### Question 1 Critique

**Guidelines Evaluation:**

1.  **Model a Physics Scenario:** **Pass.** It describes a quantum interference experiment involving SPDC, EOM, and beam splitters, which is a relevant physics setup.
2.  **Expect answers as either a symbolic expression or a single numerical value:** **Pass.** It asks for a symbolic expression $P_{D1,D2}$.
3.  **Force Multi-Step Reasoning:** **Pass.** Requires understanding of SPDC photon properties, EOM effect on frequency, beam splitter interference, and probability calculations for specific detection events.
4.  **Be Unique:** **Pass.** The scenario is specific enough to be considered novel compared to standard textbook problems, focusing on time-frequency modes and specific sideband detection.
5.  **Single Solution:** **Pass.** A single symbolic expression should be derivable if the ambiguities are resolved.
6.  **Use rigorous, concise phrasing:** **Needs Improvement.**
7.  **All assumptions must be clearly stated, and all variables must be defined:** **Needs Improvement.**
8.  **Units must be consistent; all numerical answers must include correct SI units. Symbols should follow conventional physics notation:** **Pass.** Symbols are conventional. No numerical values, so no units issue.
9.  **Questions must not be multipart: Each question must focus on solving for a single target quantity only. and no hints should be provided:** **Needs Improvement.**
10. **Question Formatting:** **Pass.** LaTeX formatting is used correctly.

**Specific Feedback and Actionable Improvements:**

*   **Conceptual Ambiguity (Guideline 7):** The initial state description is contradictory and potentially confusing. "Assume the initial joint state is $|\psi\rangle = | \omega_A, \omega_B \rangle$" implies a product state of specific, monochromatic frequencies. However, SPDC typically generates *entangled* photon pairs with a joint spectral amplitude, often represented as an integral over continuous frequency variables. If the intent is to simplify to specific modes, it should be phrased as "Assume the source generates photons in specific frequency modes $\omega_A$ and $\omega_B$..." or more accurately, define the joint spectral amplitude.
*   **Conflicting Information / Variable Definition (Guideline 7):** The question states "Photon A undergoes electro-optic phase modulation, resulting in a frequency shift of $\Delta \omega$." followed by "Assuming that the modulation introduces sidebands at $\omega_A \pm n\Omega$". This is confusing. A sinusoidal phase modulation $\phi(t) = \alpha \sin(\Omega t)$ *produces* sidebands at multiples of $\Omega$. It does not *first* apply a static $\Delta \omega$ shift *and then* sidebands. It is likely $\Delta \omega$ is meant to be $\Omega$, or the wording about $\Delta \omega$ is entirely superfluous and misleading. Clarify if $\Delta \omega$ is the modulation frequency $\Omega$, or if it's a separate, static frequency shift applied *in addition* to the phase modulation. If it's the latter, the mechanism for $\Delta \omega$ needs to be explained. Given the context, $\Delta \omega$ seems redundant.
*   **Hint Provided (Guideline 9):** The parenthetical phrase "(resulting from frequency mixing due to the beam splitter and electro-optic modulation)" is a hint that guides the student towards the mechanism. This should be removed.
*   **Clarity on EOM Application (Guideline 7):** While "Photon A undergoes electro-optic phase modulation" implies it's only on photon A, it's good practice to be explicitly clear, e.g., "The EOM is applied to the path of photon A."

**Revised Prompt Suggestion (incorporating feedback):**

```
<question>
Consider a quantum experiment designed to demonstrate quantum interference with time-frequency modes. Two photons, A and B, are generated through spontaneous parametric down-conversion (SPDC). Assume that initially, photon A is in a frequency mode $\omega_A$ and photon B is in a frequency mode $\omega_B$. Photon A then passes through an electro-optic modulator (EOM), which applies a time-dependent phase $\phi(t) = \alpha \sin(\Omega t)$, where $\alpha$ is the modulation amplitude and $\Omega$ is the modulation frequency. This modulation introduces first-order sidebands at $\omega_A \pm \Omega$. Both photons then pass through a symmetric beam splitter (transmissivity $T$, reflectivity $R$) and are detected by single-photon detectors D1 and D2. Assume the detectors have perfect efficiency. What is the probability, $P_{D1,D2}$, of detecting one photon at D1 with frequency $\omega_A + \Omega$ and the other at D2 with frequency $\omega_B - \Omega$? Express your answer symbolically in terms of $\alpha$, $\Omega$, $T$, and $R$.
</question>
```

---

### Question 2 Critique

**Guidelines Evaluation:**

1.  **Model a Physics Scenario:** **Needs Improvement.** While it describes a setup, crucial details are missing or contradictory, making it ill-defined.
2.  **Expect answers as either a symbolic expression or a single numerical value:** **Pass.** It asks for a single numerical value.
3.  **Force Multi-Step Reasoning:** **Pass.** If well-defined, it would involve multiple steps (EOM effects, multi-photon beam splitter interference).
4.  **Be Unique:** **Pass.** The concept of "collision-free interactions" and a four-photon setup is unique.
5.  **Single Solution:** **Fail.** Due to contradictions and missing information, no single correct solution can be derived.
6.  **Use rigorous, concise phrasing:** **Fail.** Contains contradictory statements and ambiguous phrasing.
7.  **All assumptions must be clearly stated, and all variables must be defined:** **Fail.** Contains contradictions and missing critical information.
8.  **Units must be consistent; all numerical answers must include correct SI units. Symbols should follow conventional physics notation:** **Pass.** Probability is dimensionless. Symbols are conventional.
9.  **Questions must not be multipart: Each question must focus on solving for a single target quantity only. and no hints should be provided:** **Pass.** It asks for a single quantity.
10. **Question Formatting:** **Pass.** LaTeX formatting is used correctly.

**Specific Feedback and Actionable Improvements:**

*   **Major Contradiction (Guideline 7):** The question states "Photons A and B are prepared in a joint time-frequency entangled state" and then immediately after, "Assuming that the initial state is a product state $|\psi\rangle = |\omega_A, \omega_B, \omega_C, \omega_D \rangle$". These two statements are mutually exclusive. This needs to be resolved. For a product state of specific frequencies, entanglement is not present. If entanglement is desired, the initial state should be described as an entangled state, not a product state.
*   **Missing Critical Information (Guideline 7):** "All four photons are then combined using a series of beam splitters." This is fatally ambiguous. The *topology* of the beam splitters (e.g., a Mach-Zehnder, a multi-port interferometer, a sequence of pairwise mergers) is absolutely critical for determining the final photon detection probabilities. Without this, the problem is unsolvable.
*   **Ambiguity in Detection (Guideline 7):** "calculate the probability, $P_{ABCD}$, that all four photons are detected at separate detectors, each corresponding to one of the initial photons (A, B, C, D) after their frequency shifts". What does "corresponding to" mean here? Does it mean the detector that *would* have received photon A if no other photons were present, or does it mean a detector that registers a photon with frequency $\omega_A + \Delta \omega$? Since photons are indistinguishable after interference, this phrasing is problematic. It usually refers to specific output ports.
*   **Complexity for Numerical Answer (Guideline 2):** Even if well-defined, a four-photon interference problem leading to a single numerical value (beyond trivial cases like a 50:50 chance for indistinguishable photons at a single BS) is often very complex. It usually suggests a specific, highly idealized scenario where many terms cancel or contribute trivially. Without more context or simplification, this is likely beyond a reasonable scope for a single numerical answer from first principles for an assessment. It might be suitable for a symbolic answer, allowing for the complexity to be expressed.

**Revised Prompt Suggestion (incorporating feedback - significantly restructured for solvability):**

```
<question>
In a quantum experiment, four photons (A, B, C, and D) are generated. Assume the initial state is a product state of specific frequency modes: $|\psi\rangle = |\omega_A\rangle |\omega_B\rangle |\omega_C\rangle |\omega_D\rangle$. Electro-optic modulators (EOMs) are used to manipulate the frequencies of photons A and C. The EOM on photon A shifts its frequency to $\omega_A' = \omega_A + \Delta \omega$, while the EOM on photon C shifts its frequency to $\omega_C' = \omega_C - \Delta \omega$. Photons B and D retain their initial frequencies $\omega_B$ and $\omega_D$. All four photons are then combined in a symmetric four-port beam splitter (e.g., a quantum circuit equivalent to a permutation matrix, or a series of 50:50 beam splitters arranged to equally distribute input modes to output modes, which results in a balanced interferometer). Assume the beam splitter network is lossless and symmetric (i.e., each input mode is equally likely to exit any output port, and the phases are such that all paths are equivalent for indistinguishable particles). Calculate the probability, $P_{D1,D2,D3,D4}$, that *one photon* is detected at each of four separate detectors (D1, D2, D3, D4) if the detected frequencies are $\omega_A'$, $\omega_B$, $\omega_C'$, and $\omega_D$ respectively, and assuming all photons are distinguishable by their frequency. Provide your answer as a single numerical value.
</question>
```
*Self-correction:* The previous suggestion for a numerical value for a 4-photon problem might still be too complex for a standard test unless very specific assumptions simplify it to a known result (e.g., if all photons are identical and indistinguishable). The problem asks for *distinguishable by frequency* at the output, which simplifies the photon statistics (no bunching required if frequencies are distinct), but the "series of beam splitters" remains problematic. If "series of beam splitters" is interpreted as a fully connected, symmetric network (like a quantum Fourier transform or similar), the probability of finding *any* four distinct photons in *any* four distinct detectors is usually 1, if lossless. The problem then boils down to: what is the probability that the specific frequencies are found at specific detectors. If all frequencies are distinct, and detection is simultaneous, it's just about the intensity.
Let's refine the prompt further to make it solvable as a *numerical value*. The only way for a numerical value to be something other than 0 or 1 for this kind of problem is if some indistinguishability or specific path interference leads to a non-trivial result. The current setup makes it hard. A numerical value often implies a specific known quantum phenomenon (e.g., Hong-Ou-Mandel dip).

**Revised Prompt Suggestion (to make it a solvable numerical value problem, if possible for a generic assessment):**

To get a numerical value, this must be a very specific setup, often involving indistinguishability or specific path interference. If "all photons are detected at separate detectors, each corresponding to one of the initial photons (A, B, C, D) after their frequency shifts", and frequencies are *distinct*, then this is essentially asking for a probability of finding a specific frequency at a specific detector. This requires the beam splitter network to be fully specified and for the output state to be well-defined.

Let's simplify to a more manageable numerical value:
**Revised Prompt Suggestion 2 (more suitable for a numerical value, focusing on indistinguishability):**

```
<question>
In a quantum experiment, two pairs of photons are generated: (A, B) and (C, D). Initially, photons A and B are indistinguishable in frequency and polarization, both at $\omega_0$. Photons C and D are also indistinguishable, both at $\omega_1$. An electro-optic modulator (EOM) is used to shift the frequency of photon A to $\omega_A' = \omega_0 + \Delta \omega$, and photon C to $\omega_C' = \omega_1 - \Delta \omega$. Photons B and D retain their original frequencies $\omega_0$ and $\omega_1$. All four photons are then mixed on a single symmetric 50:50 beam splitter. Two photons (A and B) enter one input port, and two photons (C and D) enter the other input port. What is the probability, $P_{4}$, that all four photons exit through the same output port (i.e., two photons at D1 and two photons at D2, or vice versa)? Assume the photons are distinguishable by their frequencies after modulation, but indistinguishable if their frequencies are identical. Provide your answer as a single numerical value.
</question>
```
*Critique of the above suggestion*: This is still very complex for a single numerical answer without more specific context (e.g., are they bosonic? What specific interference occurs?). The original problem is too broad. Let's stick to pointing out the flaws rather than rewriting entirely. The fundamental issue is the lack of beam splitter topology and the contradiction.

---

### Question 3 Critique

**Guidelines Evaluation:**

1.  **Model a Physics Scenario:** **Pass.** It describes a realistic SPDC-EOM setup for spectral manipulation.
2.  **Expect answers as either a symbolic expression or a single numerical value:** **Pass.** It asks for a symbolic expression $R$.
3.  **Force Multi-Step Reasoning:** **Pass.** Requires knowledge of EOM effect on photon spectrum (Bessel functions), power calculation, and ratio definition.
4.  **Be Unique:** **Pass.** Specific setup for SPDC and EOM.
5.  **Single Solution:** **Pass.** Should yield a single symbolic expression.
6.  **Use rigorous, concise phrasing:** **Needs Improvement.**
7.  **All assumptions must be clearly stated, and all variables must be defined:** **Needs Improvement.**
8.  **Units must be consistent; all numerical answers must include correct SI units. Symbols should follow conventional physics notation:** **Pass.** Symbols are conventional. Ratio $R$ is dimensionless.
9.  **Questions must not be multipart: Each question must focus on solving for a single target quantity only. and no hints should be provided:** **Pass.** It asks for a single quantity.
10. **Question Formatting:** **Pass.** LaTeX formatting is used correctly.

**Specific Feedback and Actionable Improvements:**

*   **Distractor Information (Guideline 7):** The mention of "spectrometer with a resolution bandwidth $\Delta \nu$" seems to be irrelevant to the requested calculation. The question asks for the ratio of power in sidebands to carrier *after the EOM*, not *after detection by the spectrometer*. If the spectrometer plays no role in the calculation of $R$, it should be removed. If it does, its function needs to be clearly defined in relation to $R$.
*   **Clarity on "Power" (Guideline 6):** "Power in the first-order sideband" and "power in the carrier frequency" refers to the intensity of the light at those spectral components. This is generally understood, but for utmost precision, one could phrase it as "spectral power density" or "intensity in the spectral component." However, in this context, it's widely accepted.
*   **Unnecessary assumption (Guideline 7):** "Assuming the initial joint spectral amplitude of the photon pair is a Gaussian function with a spectral width $\sigma$". While this is common for SPDC, for the calculation of the *ratio* of power in sidebands to carrier *after* the EOM on the *idler* photon, the specific functional form of the initial JSA (Gaussian, spectral width $\sigma$) and the mention of "signal" photon are irrelevant. The EOM acts on the *idler* photon, and its spectral distribution *before* EOM is relevant only for the *total* power, not the *ratio* of sideband to carrier generated by the EOM, assuming the EOM works uniformly across the idler's bandwidth. This information acts as a distractor if not used. If it *is* meant to be used (e.g., if the EOM's effect depends on the spectral distribution, which is not stated), then that dependency needs to be specified. Given the $A \ll 1$ approximation, the ratio is typically independent of the source spectral shape.

**Revised Prompt Suggestion (incorporating feedback):**

```
<question>
A source generates photon pairs via Spontaneous Parametric Down-Conversion (SPDC). One photon (idler) is subjected to electro-optic phase modulation (EOM). The EOM introduces a sinusoidal phase modulation $\phi(t) = A \sin(2\pi f_m t)$, where $A$ is the modulation index and $f_m$ is the modulation frequency. Considering only the first-order sidebands generated by the EOM, calculate the ratio, $R$, of the power in the first-order sideband ($f_m$) of the idler photon to the power in the carrier frequency (original idler frequency) after the EOM. Express your answer in terms of $A$. Assume that $A \ll 1$.
</question>
```

---

### Question 4 Critique

**Guidelines Evaluation:**

1.  **Model a Physics Scenario:** **Pass.** It describes a realistic scenario of filtering photons from a pulsed laser.
2.  **Expect answers as either a symbolic expression or a single numerical value:** **Pass.** It asks for a symbolic expression $RF$.
3.  **Force Multi-Step Reasoning:** **Pass.** Requires integration of Gaussian functions, understanding of spectral filtering, and ratio calculation.
4.  **Be Unique:** **Pass.** While filtering Gaussian distributions is a common mathematical task, the context of photon generation, spectral purity, and "reduction factor" makes it a suitable physics problem.
5.  **Single Solution:** **Pass.** A single symbolic expression should be derivable.
6.  **Use rigorous, concise phrasing:** **Pass.** Phrasing is clear and professional.
7.  **All assumptions must be clearly stated, and all variables must be defined:** **Pass.** All variables and assumptions are clearly stated.
8.  **Units must be consistent; all numerical answers must include correct SI units. Symbols should follow conventional physics notation:** **Pass.** Symbols are conventional. $RF$ is dimensionless.
9.  **Questions must not be multipart: Each question must focus on solving for a single target quantity only. and no hints should be provided:** **Pass.** It asks for a single quantity.
10. **Question Formatting:** **Pass.** LaTeX formatting is used correctly.

**Specific Feedback and Actionable Improvements:**

*   **Minor Clarification (Optional, Guideline 6):** "Number of photons" implicitly relies on the spectral distribution being a probability distribution or an intensity distribution. It is understood in this context, but for absolute rigor, one might specify "spectral intensity distribution" or "spectral photon probability density." However, this is a minor point for advanced learners.

**Revised Prompt Suggestion (incorporating feedback - very minor, largely just reaffirming its good quality):**

```
<question>
Consider a quantum experiment involving the generation of photons using a pulsed laser. These photons are passed through a spectral filter with a Gaussian transmission profile $T(\omega) = \exp\left(-\frac{(\omega - \omega_0)^2}{2\sigma^2}\right)$, where $\omega_0$ is the central frequency of the filter and $\sigma$ is its spectral width. Assume the initial spectral distribution of the photons emitted by the source is also Gaussian, centered at $\omega_s$ with a width $\sigma_s$. To ensure high spectral purity of the generated photons, the filter width $\sigma$ is much smaller than the source bandwidth $\sigma_s$ (i.e., $\sigma \ll \sigma_s$). Calculate the reduction factor, $RF$, in the number of photons after passing through the filter, relative to the number of photons that would have passed if there were no filter (i.e., $T(\omega) = 1$ for all $\omega$). Give your answer in terms of $\sigma$, $\sigma_s$, $\omega_0$ and $\omega_s$. Assume that both $\sigma$ and $\sigma_s$ are much smaller than $\omega_0$ and $\omega_s$.
</question>
```
=== Turn 1: Author refines questions ===
```
<question>
Consider a quantum experiment designed to demonstrate quantum interference with time-frequency modes. Two photons, A and B, are generated through spontaneous parametric down-conversion (SPDC). Assume that initially, photon A is in a frequency mode $\omega_A$ and photon B is in a frequency mode $\omega_B$. Photon A then passes through an electro-optic modulator (EOM), which applies a time-dependent phase $\phi(t) = \alpha \sin(\Omega t)$, where $\alpha$ is the modulation amplitude and $\Omega$ is the modulation frequency. This modulation introduces first-order sidebands at $\omega_A \pm \Omega$. Both photons then pass through a symmetric beam splitter (transmissivity $T$, reflectivity $R$) and are detected by single-photon detectors D1 and D2. Assume the detectors have perfect efficiency. What is the probability, $P_{D1,D2}$, of detecting one photon at D1 with frequency $\omega_A + \Omega$ and the other at D2 with frequency $\omega_B$? Express your answer symbolically in terms of $\alpha$, $\Omega$, $T$, and $R$.
</question>

<question>
In a quantum experiment, four photons (A, B, C, and D) are generated. Assume the initial state is a product state of specific frequency modes: $|\psi\rangle = |\omega_A\rangle |\omega_B\rangle |\omega_C\rangle |\omega_D\rangle$. Electro-optic modulators (EOMs) are used to manipulate the frequencies of photons A and C. The EOM on photon A shifts its frequency to $\omega_A' = \omega_A + \Delta \omega$, while the EOM on photon C shifts its frequency to $\omega_C' = \omega_C - \Delta \omega$. Photons B and D retain their initial frequencies $\omega_B$ and $\omega_D$. All four photons are then combined in a symmetric four-port beam splitter (e.g., a quantum circuit equivalent to a permutation matrix, or a series of 50:50 beam splitters arranged to equally distribute input modes to output modes, which results in a balanced interferometer). Assume the beam splitter network is lossless and symmetric (i.e., each input mode is equally likely to exit any output port, and the phases are such that all paths are equivalent for indistinguishable particles). Calculate the probability, $P_{D1,D2,D3,D4}$, that *one photon* is detected at each of four separate detectors (D1, D2, D3, D4) if the detected frequencies are $\omega_A'$, $\omega_B$, $\omega_C'$, and $\omega_D$ respectively, and assuming all photons are distinguishable by their frequency. Provide your answer as a single numerical value.
</question>

<question>
A source generates photon pairs via Spontaneous Parametric Down-Conversion (SPDC). One photon (idler) is subjected to electro-optic phase modulation (EOM). The EOM introduces a sinusoidal phase modulation $\phi(t) = A \sin(2\pi f_m t)$, where $A$ is the modulation index and $f_m$ is the modulation frequency. Considering only the first-order sidebands generated by the EOM, calculate the ratio, $R$, of the power in the first-order sideband ($f_m$) of the idler photon to the power in the carrier frequency (original idler frequency) after the EOM. Express your answer in terms of $A$. Assume that $A \ll 1$.
</question>

<question>
Consider a quantum experiment involving the generation of photons using a pulsed laser. These photons are passed through a spectral filter with a Gaussian transmission profile $T(\omega) = \exp\left(-\frac{(\omega - \omega_0)^2}{2\sigma^2}\right)$, where $\omega_0$ is the central frequency of the filter and $\sigma$ is its spectral width. Assume the initial spectral distribution of the photons emitted by the source is also Gaussian, centered at $\omega_s$ with a width $\sigma_s$. To ensure high spectral purity of the generated photons, the filter width $\sigma$ is much smaller than the source bandwidth $\sigma_s$ (i.e., $\sigma \ll \sigma_s$). Calculate the reduction factor, $RF$, in the number of photons after passing through the filter, relative to the number of photons that would have passed if there were no filter (i.e., $T(\omega) = 1$ for all $\omega$). Give your answer in terms of $\sigma$, $\sigma_s$, $\omega_0$ and $\omega_s$. Assume that both $\sigma$ and $\sigma_s$ are much smaller than $\omega_0$ and $\omega_s$.
</question>
```
=== Turn 1: Critic feedback ===
Here's a critique of the provided questions against your guidelines:

---

### **Question 1 Critique**

```
<question>
Consider a quantum experiment designed to demonstrate quantum interference with time-frequency modes. Two photons, A and B, are generated through spontaneous parametric down-conversion (SPDC). Assume that initially, photon A is in a frequency mode $\omega_A$ and photon B is in a frequency mode $\omega_B$. Photon A then passes through an electro-optic modulator (EOM), which applies a time-dependent phase $\phi(t) = \alpha \sin(\Omega t)$, where $\alpha$ is the modulation amplitude and $\Omega$ is the modulation frequency. This modulation introduces first-order sidebands at $\omega_A \pm \Omega$. Both photons then pass through a symmetric beam splitter (transmissivity $T$, reflectivity $R$) and are detected by single-photon detectors D1 and D2. Assume the detectors have perfect efficiency. What is the probability, $P_{D1,D2}$, of detecting one photon at D1 with frequency $\omega_A + \Omega$ and the other at D2 with frequency $\omega_B$? Express your answer symbolically in terms of $\alpha$, $\Omega$, $T$, and $R$.
</question>
```

**Strong Points:**
*   **Models a Physics Scenario (1):** Clearly describes a quantum optics experiment involving SPDC, EOM, and a beam splitter, requiring conceptual understanding of these components.
*   **Forces Multi-Step Reasoning (3):** Requires understanding the EOM's effect on frequency modes, beam splitter action on multi-photon states, and probability calculations.
*   **Single Solution (6):** Expects a single symbolic expression.
*   **Rigorous, Concise Phrasing (7):** Language is appropriate for advanced learners.
*   **Assumptions and Variables (8):** Most variables are defined, and key assumptions like "perfect efficiency" are stated.
*   **Units Consistent (9):** Symbols are conventional, and units are not required for a probability.
*   **Not Multipart (10):** Focuses on a single target quantity.
*   **Formatting (11):** Correctly uses `$` for inline math.

**Areas for Improvement:**

1.  **Clarity on EOM Output and Hint (7, 10):** The statement "This modulation introduces first-order sidebands at $\omega_A \pm \Omega$" is a significant hint. A sinusoidal phase modulation applied to a single frequency mode $\omega_A$ generally results in a superposition of many frequency components (carrier and all orders of sidebands), with amplitudes given by Bessel functions $J_k(\alpha)$. The problem *should not* simplify this for the student. If only first-order sidebands are to be considered, this needs to be an explicit assumption or implied by the conditions, not stated as an outcome. Removing this hint would force students to apply their knowledge of EOMs.
    *   **Actionable Feedback:** Remove the sentence "This modulation introduces first-order sidebands at $\omega_A \pm \Omega$." If you intend for students to only consider first-order sidebands, add a clear assumption like "Assume only the carrier and first-order sidebands contribute significantly to the detected frequencies."

2.  **Distinguishability and "Quantum Interference" (1, 7):** The problem setup states "quantum interference" but then asks for the probability of detecting $\omega_A + \Omega$ at D1 and $\omega_B$ at D2. If the photons are distinguishable by frequency *at the input* to the beam splitter (which they are, as one has undergone EOM and the other has not, and the EOM creates different frequency components), then they will not exhibit typical HOM interference (bunching/antibunching). Each photon propagates independently through the beam splitter based on its mode. This might confuse students expecting HOM-type interference effects.
    *   **Actionable Feedback:** Clarify the indistinguishability assumption at the beam splitter for the specific scenario described. For example, "Assuming the frequency difference makes the photons distinguishable at the beam splitter inputs, calculate..." or rephrase if interference is meant to be a result of the EOM's superposition itself.

3.  **Beam Splitter Parameters (8):** "transmissivity $T$, reflectivity $R$" for a "symmetric beam splitter" is slightly ambiguous. For a *lossless* symmetric beam splitter in quantum optics, $T$ and $R$ typically refer to amplitude coefficients, and it's understood that $|T|^2 + |R|^2 = 1$, with phase relations ($T=R=1/\sqrt{2}$ for 50:50, or $R = iT$ for the common phase convention). The question should specify whether $T$ and $R$ are amplitude or power coefficients, and what relationship holds for a symmetric, lossless beam splitter.
    *   **Actionable Feedback:** Specify if $T$ and $R$ are amplitude or power coefficients. For example, "a symmetric beam splitter with amplitude transmissivity $T$ and amplitude reflectivity $R$, such that $|T|^2+|R|^2=1$."

---

### **Question 2 Critique**

```
<question>
In a quantum experiment, four photons (A, B, C, and D) are generated. Assume the initial state is a product state of specific frequency modes: $|\psi\rangle = |\omega_A\rangle |\omega_B\rangle |\omega_C\rangle |\omega_D\rangle$. Electro-optic modulators (EOMs) are used to manipulate the frequencies of photons A and C. The EOM on photon A shifts its frequency to $\omega_A' = \omega_A + \Delta \omega$, while the EOM on photon C shifts its frequency to $\omega_C' = \omega_C - \Delta \omega$. Photons B and D retain their initial frequencies $\omega_B$ and $\omega_D$. All four photons are then combined in a symmetric four-port beam splitter (e.g., a quantum circuit equivalent to a permutation matrix, or a series of 50:50 beam splitters arranged to equally distribute input modes to output modes, which results in a balanced interferometer). Assume the beam splitter network is lossless and symmetric (i.e., each input mode is equally likely to exit any output port, and the phases are such that all paths are equivalent for indistinguishable particles). Calculate the probability, $P_{D1,D2,D3,D4}$, that *one photon* is detected at each of four separate detectors (D1, D2, D3, D4) if the detected frequencies are $\omega_A'$, $\omega_B$, $\omega_C'$, and $\omega_D$ respectively, and assuming all photons are distinguishable by their frequency. Provide your answer as a single numerical value.
</question>
```

**Strong Points:**
*   **Models a Physics Scenario (1):** Novel setup involving multiple photons and a multi-port beam splitter.
*   **Expects Numerical Answer (2):** Good, as requested.
*   **Forces Multi-Step Reasoning (3):** Requires understanding the initial state, the effect of frequency manipulation, the action of a multi-port beam splitter, and crucially, the implication of distinguishability.
*   **Single Solution (6):** Expects a single numerical value.
*   **Assumptions and Variables (8):** Most assumptions are clearly stated ("lossless and symmetric," "distinguishable by their frequency").
*   **Units Consistent (9):** Probability is unitless.
*   **Not Multipart (10):** Single target quantity.
*   **Formatting (11):** Correctly uses `$` for inline math.

**Areas for Improvement:**

1.  **EOM Description (7):** The description "The EOM on photon A shifts its frequency to $\omega_A' = \omega_A + \Delta \omega$" is misleading for a standard EOM, which generates multiple sidebands. If the intention is a clean frequency shift, an Acousto-Optic Modulator (AOM) or similar device would be more appropriate terminology, or an explicit statement that only the shifted frequency component is considered. Given that a numerical answer is expected, this simplification is likely intended.
    *   **Actionable Feedback:** Clarify that the EOM *effectively* shifts the frequency to a single new value, e.g., "The EOMs are configured to shift the frequency to a single new value, such that photon A has frequency $\omega_A' = \omega_A + \Delta \omega$ and photon C has frequency $\omega_C' = \omega_C - \Delta \omega$." Alternatively, replace "EOM" with a device that provides a clean frequency shift, like "Acousto-optic modulators (AOMs)".

2.  **Hint in Beam Splitter Description (7, 10):** The parenthetical explanation for the four-port beam splitter ("e.g., a quantum circuit equivalent to a permutation matrix, or a series of 50:50 beam splitters arranged to equally distribute input modes to output modes, which results in a balanced interferometer") provides too much guidance on how to model the device. The essential information is that "each input mode is equally likely to exit any output port".
    *   **Actionable Feedback:** Shorten the beam splitter description to "All four photons are then combined in a lossless, symmetric four-port beam splitter, where each input mode is equally likely to exit any output port." Remove the extensive parenthetical explanation.

3.  **Uniqueness (5):** While the 4-photon setup is somewhat novel, the core physics, given the "distinguishable by frequency" assumption, reduces to a relatively straightforward classical probability calculation for independent events. Each photon has a $1/4$ chance of going to a specific output port. This is a good test of understanding distinguishability, but the problem's solution pathway isn't as "unique" in its underlying physics as it could be, once the hints are removed.
    *   **Actionable Feedback:** Consider if this problem could be made more unique by, for example, making some photons indistinguishable or asking about correlations rather than specific detection probabilities.

---

### **Question 3 Critique**

```
<question>
A source generates photon pairs via Spontaneous Parametric Down-Conversion (SPDC). One photon (idler) is subjected to electro-optic phase modulation (EOM). The EOM introduces a sinusoidal phase modulation $\phi(t) = A \sin(2\pi f_m t)$, where $A$ is the modulation index and $f_m$ is the modulation frequency. Considering only the first-order sidebands generated by the EOM, calculate the ratio, $R$, of the power in the first-order sideband ($f_m$) of the idler photon to the power in the carrier frequency (original idler frequency) after the EOM. Express your answer in terms of $A$. Assume that $A \ll 1$.
</question>
```

**Strong Points:**
*   **Models a Physics Scenario (1):** Good setup involving EOM and spectral power distribution.
*   **Expects Symbolic Answer (2):** Clearly defined.
*   **Forces Multi-Step Reasoning (3):** Requires knowledge of EOM spectral output (Bessel functions) and the small-angle approximation.
*   **Single Solution (6):** Expects a single symbolic expression.
*   **Rigorous, Concise Phrasing (7):** Clear and professional.
*   **Assumptions and Variables (8):** All variables defined, and the crucial "Assume that $A \ll 1$" is explicitly stated.
*   **Units Consistent (9):** Symbols are conventional; ratio is unitless.
*   **Not Multipart (10):** Focuses on a single target quantity.
*   **Formatting (11):** Correctly uses `$` for inline math.

**Areas for Improvement:**

1.  **Uniqueness (5):** This problem is a very standard textbook derivation of EOM power distribution using Bessel functions and their small-argument approximations. While it's a fundamental concept, it's not a "novel, conceptually rich scenario" as per guideline 5. The "quantum experiment" context (SPDC photon) doesn't add any quantum mechanics beyond the notion of a photon; the EOM physics remains classical.
    *   **Actionable Feedback:** To enhance uniqueness, consider integrating the EOM effect into a larger quantum optical setup that requires more advanced quantum mechanical principles (e.g., how the EOM affects entanglement, or a measurement where sidebands contribute to an interference pattern in a non-trivial way).

---

### **Question 4 Critique**

```
<question>
Consider a quantum experiment involving the generation of photons using a pulsed laser. These photons are passed through a spectral filter with a Gaussian transmission profile $T(\omega) = \exp\left(-\frac{(\omega - \omega_0)^2}{2\sigma^2}\right)$, where $\omega_0$ is the central frequency of the filter and $\sigma$ is its spectral width. Assume the initial spectral distribution of the photons emitted by the source is also Gaussian, centered at $\omega_s$ with a width $\sigma_s$. To ensure high spectral purity of the generated photons, the filter width $\sigma$ is much smaller than the source bandwidth $\sigma_s$ (i.e., $\sigma \ll \sigma_s$). Calculate the reduction factor, $RF$, in the number of photons after passing through the filter, relative to the number of photons that would have passed if there were no filter (i.e., $T(\omega) = 1$ for all $\omega$). Give your answer in terms of $\sigma$, $\sigma_s$, $\omega_0$ and $\omega_s$. Assume that both $\sigma$ and $\sigma_s$ are much smaller than $\omega_0$ and $\omega_s$.
</question>
```

**Strong Points:**
*   **Models a Physics Scenario (1):** Describes a common experimental setup involving spectral filtering.
*   **Expects Symbolic Answer (2):** Clearly defined.
*   **Forces Multi-Step Reasoning (3):** Requires multiplying two Gaussian functions, integrating them to find total "power" (number of photons), and comparing the filtered vs. unfiltered results. This involves knowledge of Gaussian integrals and approximations.
*   **Single Solution (6):** Expects a single symbolic expression.
*   **Rigorous, Concise Phrasing (7):** Clear and professional.
*   **Assumptions and Variables (8):** All variables defined, and crucial approximations ($\sigma \ll \sigma_s$, $\sigma, \sigma_s \ll \omega_0, \omega_s$) are clearly stated.
*   **Units Consistent (9):** Symbols are conventional; reduction factor is unitless.
*   **Not Multipart (10):** Focuses on a single target quantity.

**Areas for Improvement:**

1.  **Uniqueness (5):** Similar to Question 3, this is a very standard problem in signal processing or optics, specifically involving the multiplication and integration of Gaussian functions. The "quantum experiment" context adds little; the physics of the filter and spectrum is purely classical. The approximation $\sigma \ll \sigma_s$ simplifies the integral calculation significantly, making it a test of knowing the properties of Gaussians under multiplication/integration with disparate widths.
    *   **Actionable Feedback:** To improve uniqueness, consider introducing a non-Gaussian filter, a more complex spectral profile, or connecting the filtering to a more distinct quantum effect (e.g., how spectral filtering affects quantum correlations, entanglement, or indistinguishability in a quantum interference experiment beyond just photon count).

2.  **Formatting (11):** The transmission profile equation `$T(\omega) = \exp\left(-\frac{(\omega - \omega_0)^2}{2\sigma^2}\right)$` was originally provided using `$$...$$` (block math syntax) but rendered inline. While my corrected output uses `$`, the original input violated the guideline that *inline* math must use `$`.
    *   **Actionable Feedback:** Ensure that all inline mathematical expressions, variables, and numbers are strictly enclosed by `$...$` and only block equations use `$$...$$`.

---
=== Turn 2: Author refines questions ===
Okay, here are the revised physics questions, incorporating the feedback provided. I have focused on increasing the "uniqueness" of the problems where possible, clarifying ambiguities, and ensuring consistent formatting.

```
<question>
Consider a quantum experiment designed to investigate time-frequency entanglement. Two photons, A and B, are generated through spontaneous parametric down-conversion (SPDC) in a type-I crystal. Assume that initially, photon A is in a frequency mode $\omega_A$ and photon B is in a frequency mode $\omega_B$. Photon A then passes through an electro-optic modulator (EOM), which applies a time-dependent phase $\phi(t) = \alpha \sin(\Omega t)$, where $\alpha$ is the modulation amplitude and $\Omega$ is the modulation frequency. Assume only the carrier and first-order sidebands contribute significantly to the detected frequencies. Both photons then pass through a symmetric beam splitter with amplitude transmissivity $T$ and amplitude reflectivity $R$, such that $|T|^2+|R|^2=1$. Assuming the frequency difference makes the photons distinguishable at the beam splitter inputs, calculate the probability, $P_{D1,D2}$, of detecting one photon at detector D1 with frequency $\omega_A + \Omega$ and the other at detector D2 with frequency $\omega_B$. Express your answer symbolically in terms of $\alpha$, $\Omega$, $T$, and $R$.
</question>

<question>
In a quantum experiment, four photons (A, B, C, and D) are generated. Assume the initial state is a product state of specific frequency modes: $|\psi\rangle = |\omega_A\rangle |\omega_B\rangle |\omega_C\rangle |\omega_D\rangle$. Acousto-optic modulators (AOMs) are used to manipulate the frequencies of photons A and C. The AOMs are configured to shift the frequency to a single new value, such that photon A has frequency $\omega_A' = \omega_A + \Delta \omega$ and photon C has frequency $\omega_C' = \omega_C - \Delta \omega$. Photons B and D retain their initial frequencies $\omega_B$ and $\omega_D$. All four photons are then combined in a lossless, symmetric four-port beam splitter, where each input mode is equally likely to exit any output port. Assuming all photons are distinguishable by their frequency, calculate the probability, $P_{D1,D2,D3,D4}$, that *one photon* is detected at each of four separate detectors (D1, D2, D3, D4) if the detected frequencies are $\omega_A'$, $\omega_B$, $\omega_C'$, and $\omega_D$ respectively. Provide your answer as a single numerical value.
</question>

<question>
A source generates photon pairs via Spontaneous Parametric Down-Conversion (SPDC). One photon (idler) is subjected to electro-optic phase modulation (EOM). The EOM introduces a sinusoidal phase modulation $\phi(t) = A \sin(2\pi f_m t)$, where $A$ is the modulation index and $f_m$ is the modulation frequency. The signal photon passes directly to a detector D1. The idler photon passes through the EOM and then to detector D2. Both detectors are frequency selective, with D1 only registering photons at the signal frequency $\omega_s$, and D2 only registering photons at the first-order sideband frequency $\omega_i + f_m$, where $\omega_i$ is the original idler frequency.  Considering only the first-order sidebands generated by the EOM, and assuming $A \ll 1$, calculate the coincidence rate, $CR$, (number of coincident detections at D1 and D2 per unit time) relative to the rate without the EOM (i.e. $A=0$). Express your answer in terms of $A$. You can assume the SPDC source produces a constant flux of photon pairs.
</question>

<question>
Consider a quantum experiment involving the generation of photons using a pulsed laser. These photons are passed through a spectral filter with a transmission profile $T(\omega) = \exp\left(-\frac{(\omega - \omega_0)^4}{2\sigma^4}\right)$, where $\omega_0$ is the central frequency of the filter and $\sigma$ is a parameter related to its spectral width. Assume the initial spectral distribution of the photons emitted by the source is Gaussian, centered at $\omega_s$ with a width $\sigma_s$, given by $S(\omega) = \exp\left(-\frac{(\omega - \omega_s)^2}{2\sigma_s^2}\right)$.  To ensure high spectral purity of the generated photons, the filter width $\sigma$ is much smaller than the source bandwidth $\sigma_s$ (i.e., $\sigma \ll \sigma_s$). Calculate the reduction factor, $RF$, in the number of photons after passing through the filter, relative to the number of photons that would have passed if there were no filter (i.e., $T(\omega) = 1$ for all $\omega$). Give your answer in terms of $\sigma$, $\sigma_s$, $\omega_0$ and $\omega_s$. Assume that both $\sigma$ and $\sigma_s$ are much smaller than $\omega_0$ and $\omega_s$.  You may leave your answer in terms of definite integrals, as the analytical solution is not straightforward.
</question>
```
=== Final questions generated ===
