=== Turn 0: Author generates questions ===
```
<question>
Consider a system of $N$ non-interacting bosons confined to a three-dimensional harmonic trap with angular frequency $\omega$. The system is in thermal equilibrium with a reservoir at temperature $T$. Assume that the number of bosons is large enough such that the system can undergo Bose-Einstein condensation (BEC) below a critical temperature $T_c$. Calculate the variance of the number of particles in the ground state, $\Delta N_0^2 = \langle N_0^2 \rangle - \langle N_0 \rangle^2$, in the grand canonical ensemble at a temperature $T = 0.9T_c$, assuming that the chemical potential $\mu$ is negligibly small compared to $\hbar \omega$ for temperatures below $T_c$. Express your answer in terms of $N$ and numerical constants.
</question>
```

```
<question>
A small, isolated system consists of $N$ identical bosons. The energy levels of a single boson are given by $\epsilon_n = n\epsilon_0$, where $n = 0, 1, 2, ...$ and $\epsilon_0$ is a constant energy. The system is in contact with a particle and energy reservoir, such that its temperature is $T$ and chemical potential is $\mu$. Assume that $N$ is sufficiently large for Bose-Einstein condensation to be considered. Determine the average number of particles $\langle N_1 \rangle$ occupying the first excited state ($n=1$) when $T = 1.1 T_c$, where $T_c$ is the critical temperature for BEC in the thermodynamic limit. Express your answer in terms of $N$. Neglect quantum fluctuations in the vicinity of the critical point.
</question>
```

```
<question>
Consider $N$ non-interacting bosons in a cubic box of side length $L$ at temperature $T$, in equilibrium with a particle and energy reservoir. Assuming the particles are non-relativistic and have mass $m$, calculate the relative fluctuation in the number of particles, $\frac{\Delta N}{N}$, within a small subvolume $V = (L/10)^3$ located far from the boundaries of the box at a temperature $T = 2T_c$, where $T_c$ is the Bose-Einstein condensation critical temperature. Assume that the particles in the subvolume are also in equilibrium with the reservoir, and use the classical approximation. Express your result in terms of $N$.
</question>
```

```
<question>
A system contains $N$ spin-0 bosons confined to a two-dimensional isotropic harmonic oscillator potential $V(r) = \frac{1}{2}m\omega^2 r^2$, where $r$ is the radial distance from the origin. The system is in contact with a particle and energy reservoir, allowing for fluctuations in particle number and energy. Determine the critical temperature $T_c$ for Bose-Einstein condensation to occur in this two-dimensional harmonic trap. Give your answer in terms of $N$, $\hbar$, $\omega$, and the Boltzmann constant $k_B$. Assume $N$ is sufficiently large.
</question>
```

```
<question>
Consider a gas of $N$ non-interacting bosons of mass $m$ confined to a one-dimensional box of length $L$. The system is in thermal equilibrium with a reservoir at temperature $T$ and chemical potential $\mu$. Suppose an external potential $V(x) = \alpha x^2$ is introduced to the box, where $\alpha$ is a small positive constant. Calculate the change in the number of particles in the ground state, $\Delta N_0$, due to this potential at $T=0$. Assume that the original number of particles in the ground state was $N_0$, and that the system was close to Bose-Einstein condensation before the potential was applied. Express your answer as a function of $N_0$, $m$, $L$, $\hbar$ and $\alpha$.
</question>
```
=== Turn 0: Critic feedback ===
Here's a critique of each question against your guidelines, followed by actionable feedback:

---

### Question 1 Critique

```
<question>
Consider a system of $N$ non-interacting bosons confined to a three-dimensional harmonic trap with angular frequency $\omega$. The system is in thermal equilibrium with a reservoir at temperature $T$. Assume that the number of bosons is large enough such that the system can undergo Bose-Einstein condensation (BEC) below a critical temperature $T_c$. Calculate the variance of the number of particles in the ground state, $\Delta N_0^2 = \langle N_0^2 \rangle - \langle N_0 \rangle^2$, in the grand canonical ensemble at a temperature $T = 0.9T_c$, assuming that the chemical potential $\mu$ is negligibly small compared to $\hbar \omega$ for temperatures below $T_c$. Express your answer in terms of $N$ and numerical constants.
</question>
```

**Critique:**

*   **1. Model a Physics Scenario:** Excellent. BEC in a 3D harmonic trap is a standard and physically relevant idealized system.
*   **2. Expect answers as symbolic/numerical with units:** Expects a symbolic expression. No units are required for a variance of a number.
*   **3. Force Multi-Step Reasoning:** Yes. This question requires a deep understanding of the grand canonical ensemble, particle number fluctuations for bosons ($\Delta N_k^2 = \langle N_k \rangle (1 + \langle N_k \rangle)$), and the unique properties of the ground state below $T_c$ where $\mu \to 0^-$ and $\langle N_0 \rangle \approx N$. Recognizing that for a macroscopically occupied state, the variance scales as $\langle N_0 \rangle^2$ (and thus $N^2$), is the key.
*   **4. Be Unique:** While fluctuations are a standard topic, asking for the ground state particle number variance *below* $T_c$ in the GCE is a less common and conceptually challenging variant.
*   **5. Single Solution:** Yes, given the standard approximations for BEC.
*   **6. Rigorous, concise phrasing:** Yes, clear and professional.
*   **7. All assumptions/variables defined:** All assumptions (non-interacting, large N, GCE, $T=0.9T_c$, $\mu$ small) and variables ($N, \omega, T, T_c, \mu, \hbar$) are clearly defined.
*   **8. Units consistent; conventional notation:** Yes, consistent and conventional.
*   **9. Not multipart:** Asks for a single quantity ($\Delta N_0^2$).
*   **10. Question Formatting:** Correct LaTeX and Markdown syntax.

**Actionable Feedback:**
This is an excellent question. No significant improvements are needed.

---

### Question 2 Critique

```
<question>
A small, isolated system consists of $N$ identical bosons. The energy levels of a single boson are given by $\epsilon_n = n\epsilon_0$, where $n = 0, 1, 2, ...$ and $\epsilon_0$ is a constant energy. The system is in contact with a particle and energy reservoir, such that its temperature is $T$ and chemical potential is $\mu$. Assume that $N$ is sufficiently large for Bose-Einstein condensation to be considered. Determine the average number of particles $\langle N_1 \rangle$ occupying the first excited state ($n=1$) when $T = 1.1 T_c$, where $T_c$ is the critical temperature for BEC in the thermodynamic limit. Express your answer in terms of $N$. Neglect quantum fluctuations in the vicinity of the critical point.
</question>
```

**Critique:**

*   **1. Model a Physics Scenario:** **Flawed.**
    *   **Contradiction:** An "isolated system" cannot simultaneously be "in contact with a particle and energy reservoir". This violates guideline 1. Assuming it's in the Grand Canonical Ensemble, it is an open system, not isolated.
    *   **Physical Impossibility of BEC:** The energy levels $\epsilon_n = n\epsilon_0$ (for $n=0, 1, 2, ...$) represent a 1D system (e.g., a 1D particle in a box or 1D harmonic oscillator without degeneracy). Bose-Einstein condensation does *not* occur at any finite temperature in a 1D ideal gas (i.e., $T_c=0$). The premise that "Bose-Einstein condensation can be considered" and a "critical temperature $T_c$" exists at finite temperature is physically inconsistent. This violates guideline 1 (physical reasoning). If $T_c=0$, then $T=1.1T_c$ is also $0$, making the question ill-defined or trivial.
*   **2. Expect answers as symbolic/numerical with units:** Expects a symbolic expression. No units are required for a number of particles.
*   **3. Force Multi-Step Reasoning:** **Problematic.** Due to the physical inconsistency, a meaningful multi-step calculation is impossible without making implicit, unjustified assumptions. Even if one were to assume BEC occurs, calculating $\mu$ at $T=1.1T_c$ for this specific energy spectrum would be a very complex task, likely not yielding a simple expression in terms of $N$ alone.
*   **4. Be Unique:** The combination is unique, but problematic due to its physical inconsistencies.
*   **5. Single Solution:** **No.** The physical inconsistencies make a single, correct, and meaningful solution impossible.
*   **6. Rigorous, concise phrasing:** **Flawed.** The "isolated system" vs "in contact with reservoir" is a direct contradiction.
*   **7. All assumptions/variables defined:** Most variables defined, but the system's nature is contradictory.
*   **8. Units consistent; conventional notation:** Yes.
*   **9. Not multipart:** Asks for a single quantity ($\langle N_1 \rangle$).
*   **10. Question Formatting:** Correct LaTeX and Markdown syntax.

**Actionable Feedback:**
This question requires fundamental revision:
1.  **Resolve Contradiction:** Remove "small, isolated system" and simply state it's in contact with a reservoir (implying Grand Canonical Ensemble).
2.  **Ensure BEC occurs:** Change the system to one where BEC genuinely occurs at a finite temperature. This means changing the dimensionality (e.g., to a 3D box or 3D harmonic trap) or specifying appropriate degeneracies to ensure a sufficiently high density of states at low energies. For example, if it's meant to be a 3D system, typical energy levels are proportional to $n^{2/3}$ for a box or $n$ for a harmonic trap, but with different degeneracies.
3.  **Feasibility of Calculation:** If the system is corrected, ensure that the calculation of $\mu$ and then $\langle N_1 \rangle$ is analytically tractable to yield an expression in terms of $N$ (and other fundamental constants like $\epsilon_0$ or $k_B T_c$, which are needed to define $T_c$).

---

### Question 3 Critique

```
<question>
Consider $N$ non-interacting bosons in a cubic box of side length $L$ at temperature $T$, in equilibrium with a particle and energy reservoir. Assuming the particles are non-relativistic and have mass $m$, calculate the relative fluctuation in the number of particles, $\frac{\Delta N}{N}$, within a small subvolume $V = (L/10)^3$ located far from the boundaries of the box at a temperature $T = 2T_c$, where $T_c$ is the Bose-Einstein condensation critical temperature. Assume that the particles in the subvolume are also in equilibrium with the reservoir, and use the classical approximation. Express your result in terms of $N$.
</question>
```

**Critique:**

*   **1. Model a Physics Scenario:** Excellent. Bosons in a box, subvolume fluctuations, and equilibrium with a reservoir are all standard and well-defined concepts.
*   **2. Expect answers as symbolic/numerical with units:** Expects a symbolic expression. No units are required for a relative fluctuation.
*   **3. Force Multi-Step Reasoning:** Yes. This requires understanding:
    *   Particle number fluctuations in the Grand Canonical Ensemble.
    *   The condition for using the classical approximation (Maxwell-Boltzmann statistics), which is justified by $T=2T_c$ (system is above BEC).
    *   How particle number fluctuates in a subvolume within a larger system.
    *   The relative fluctuation for a classical ideal gas ($\frac{\Delta N}{\langle N \rangle} = \frac{1}{\sqrt{\langle N \rangle}}$).
    *   Relating the average number of particles in the subvolume to the total $N$ and volumes.
*   **4. Be Unique:** This specific combination of subvolume fluctuation *above* $T_c$ using the classical approximation is a novel and effective way to test understanding.
*   **5. Single Solution:** Yes, a single correct symbolic result.
*   **6. Rigorous, concise phrasing:** Yes, clear and professional.
*   **7. All assumptions/variables defined:** All assumptions (non-interacting, non-relativistic, classical approximation, subvolume equilibrium) and variables ($N, L, T, T_c, m, V$) are clearly defined. The "far from boundaries" is a good simplifying assumption.
*   **8. Units consistent; conventional notation:** Yes.
*   **9. Not multipart:** Asks for a single quantity ($\frac{\Delta N}{N}$ for the subvolume).
*   **10. Question Formatting:** Correct LaTeX and Markdown syntax.

**Actionable Feedback:**
This is an excellent question. A very minor suggestion for absolute clarity, though the context makes it clear: change "$\frac{\Delta N}{N}$" to "$\frac{\Delta N_{sub}}{N_{sub}}$" to explicitly denote it refers to the subvolume. However, the current phrasing is acceptable given the clear preceding text.

---

### Question 4 Critique

```
<question>
A system contains $N$ spin-0 bosons confined to a two-dimensional isotropic harmonic oscillator potential $V(r) = \frac{1}{2}m\omega^2 r^2$, where $r$ is the radial distance from the origin. The system is in contact with a particle and energy reservoir, allowing for fluctuations in particle number and energy. Determine the critical temperature $T_c$ for Bose-Einstein condensation to occur in this two-dimensional harmonic trap. Give your answer in terms of $N$, $\hbar$, $\omega$, and the Boltzmann constant $k_B$. Assume $N$ is sufficiently large.
</question>
```

**Critique:**

*   **1. Model a Physics Scenario:** Excellent. BEC in a 2D harmonic trap is a well-understood and relevant scenario, distinct from 2D free particle systems where BEC doesn't occur.
*   **2. Expect answers as symbolic/numerical with units:** Expects a symbolic expression in units of temperature.
*   **3. Force Multi-Step Reasoning:** Yes. This requires:
    *   Knowledge of energy levels and their degeneracies for a 2D isotropic harmonic oscillator ($\epsilon_k = (k+1)\hbar\omega$ with degeneracy $g_k = k+1$).
    *   Setting up the number equation $N = \sum_k g_k \langle n_k \rangle$ in the grand canonical ensemble.
    *   Applying the condition for BEC (chemical potential $\mu \to \epsilon_0$ at $T_c$, where $\epsilon_0$ is the ground state energy, often set to 0 for convenience by shifting energy levels).
    *   Properly evaluating the sum for the number of particles in excited states at $T_c$, which is a non-trivial sum/integral that yields $N \propto (k_B T_c / \hbar\omega)^2$.
*   **4. Be Unique:** While calculation of $T_c$ for different potentials is standard, 2D harmonic traps are less common than 3D systems and correctly test the dimensional dependence of BEC.
*   **5. Single Solution:** Yes, a single correct symbolic result.
*   **6. Rigorous, concise phrasing:** Yes, clear and professional.
*   **7. All assumptions/variables defined:** All assumptions ($N$ large, spin-0, in contact with reservoir) and variables ($N, m, \omega, r, T_c, \hbar, k_B$) are clearly defined.
*   **8. Units consistent; conventional notation:** Yes, consistent and conventional.
*   **9. Not multipart:** Asks for a single quantity ($T_c$).
*   **10. Question Formatting:** Correct LaTeX and Markdown syntax.

**Actionable Feedback:**
This is an excellent question. No improvements are needed.

---

### Question 5 Critique

```
<question>
Consider a gas of $N$ non-interacting bosons of mass $m$ confined to a one-dimensional box of length $L$. The system is in thermal equilibrium with a reservoir at temperature $T$ and chemical potential $\mu$. Suppose an external potential $V(x) = \alpha x^2$ is introduced to the box, where $\alpha$ is a small positive constant. Calculate the change in the number of particles in the ground state, $\Delta N_0$, due to this potential at $T=0$. Assume that the original number of particles in the ground state was $N_0$, and that the system was close to Bose-Einstein condensation before the potential was applied. Express your answer as a function of $N_0$, $m$, $L$, $\hbar$ and $\alpha$.
</question>
```

**Critique:**

*   **1. Model a Physics Scenario:** **Severely flawed.**
    *   **Physical Impossibility of BEC:** A 1D ideal gas of non-interacting bosons in a box does not undergo BEC at finite temperature ($T_c=0$). The statement "close to Bose-Einstein condensation" combined with "$T=0$" is contradictory. At $T=0$, all particles are *always* in the ground state (assuming a unique ground state), so it is *always* in BEC.
    *   **Contradiction for $T=0$**: At $T=0$, for a system with a fixed number of particles $N$, all particles occupy the ground state. So, initially, $N_0=N$. After introducing the potential (which effectively changes the trap but keeps the ground state unique for 1D), all particles will still occupy the *new* ground state, meaning $N_0' = N$. Therefore, $\Delta N_0 = N_0' - N_0 = N - N = 0$. This makes the question trivial.
    *   **Grand Canonical Ensemble Ambiguity:** The mention of "chemical potential $\mu$" implies the Grand Canonical Ensemble, where $N$ fluctuates. However, if $N$ fluctuates, how is "$N_0$" (original number of particles in ground state) defined as a fixed starting point? At $T=0$ in GCE, if $\mu < E_g$, $N_0=0$. If $\mu = E_g$, $N_0 \to \infty$. A finite, non-zero $N_0$ is only possible if $\mu$ is precisely tuned, which is not usually the setup for "change in $N_0$".
*   **2. Expect answers as symbolic/numerical with units:** Expects a symbolic expression. No units for change in number of particles.
*   **3. Force Multi-Step Reasoning:** **Problematic.** If $T=0$, the result is trivially $\Delta N_0 = 0$, which requires no multi-step reasoning. If it's intended to be more complex, the question is physically ill-defined.
*   **4. Be Unique:** The combination of 1D, BEC, $T=0$, and a potential is unique, but in a way that creates fundamental issues.
*   **5. Single Solution:** **No.** Due to the physical inconsistencies and the trivial outcome of $\Delta N_0=0$ at $T=0$, there isn't a meaningful non-trivial single solution.
*   **6. Rigorous, concise phrasing:** **Flawed.** The phrasing implies conflicting physical conditions ("1D box + BEC", "$T=0$" + "close to BEC", "fixed $N_0$" in GCE).
*   **7. All assumptions/variables defined:** Most variables are defined, but the underlying physical assumptions lead to contradictions.
*   **8. Units consistent; conventional notation:** Yes.
*   **9. Not multipart:** Asks for a single quantity ($\Delta N_0$).
*   **10. Question Formatting:** Correct LaTeX and Markdown syntax.

**Actionable Feedback:**
This question requires extensive revision to be salvageable:
1.  **Change Dimensionality for BEC:** If BEC is central, change the system to 2D or 3D (e.g., 3D box or 3D harmonic trap) so that finite-temperature BEC is possible.
2.  **Avoid $T=0$ for $\Delta N_0$:** To make $\Delta N_0$ non-trivial, the temperature must be $T > 0$. For instance, choose a temperature *above* $T_c$ where the ground state occupation $N_0$ is small, and then analyze how the potential changes the energies and thus $N_0$. Or, choose a temperature *below* $T_c$ where $N_0$ is macroscopically large but not equal to $N$.
3.  **Clarify Ensemble and Fixed Quantities:** Explicitly state if $N$ is fixed (canonical ensemble) or if $\mu$ is fixed (grand canonical ensemble). This fundamentally changes how $\Delta N_0$ is calculated. If $N$ is fixed, $\Delta N_0$ would typically imply a fluctuation from $N_0$ (which is a different calculation) or a change in a small fraction of particles near the critical point, not the total particle count.
4.  **Clarify Effect of Potential:** For "small $\alpha$", clarify if the potential is a perturbation to the box states or if it changes the problem into a (truncated) harmonic oscillator.
5.  **Re-evaluate "close to BEC":** This phrase is only relevant when $T>0$. If $T=0$, the system is fully condensed.

---
=== Turn 1: Author refines questions ===
```
<question>
Consider a system of $N$ non-interacting bosons confined to a three-dimensional harmonic trap with angular frequency $\omega$. The system is in thermal equilibrium with a reservoir at temperature $T$. Assume that the number of bosons is large enough such that the system can undergo Bose-Einstein condensation (BEC) below a critical temperature $T_c$. Calculate the variance of the number of particles in the ground state, $\Delta N_0^2 = \langle N_0^2 \rangle - \langle N_0 \rangle^2$, in the grand canonical ensemble at a temperature $T = 0.9T_c$, assuming that the chemical potential $\mu$ is negligibly small compared to $\hbar \omega$ for temperatures below $T_c$. Express your answer in terms of $N$ and numerical constants.
</question>

<question>
Consider a system of $N$ identical bosons confined to a three-dimensional isotropic harmonic trap with angular frequency $\omega$. The system is in contact with a particle and energy reservoir, such that its temperature is $T$ and chemical potential is $\mu$. Assume that $N$ is sufficiently large for Bose-Einstein condensation to be considered. Determine the average number of particles $\langle N_1 \rangle$ occupying the first excited state when $T = 1.1 T_c$, where $T_c$ is the critical temperature for BEC in the thermodynamic limit. Express your answer in terms of $N$. Neglect quantum fluctuations in the vicinity of the critical point, and assume that $\mu$ is close to zero near $T_c$.
</question>

<question>
Consider $N$ non-interacting bosons in a cubic box of side length $L$ at temperature $T$, in equilibrium with a particle and energy reservoir. Assuming the particles are non-relativistic and have mass $m$, calculate the relative fluctuation in the number of particles within a small subvolume $V = (L/10)^3$ located far from the boundaries of the box at a temperature $T = 2T_c$, where $T_c$ is the Bose-Einstein condensation critical temperature. Assume that the particles in the subvolume are also in equilibrium with the reservoir, and use the classical approximation. Express your result in terms of $N$, where $N$ is the *total* number of particles in the *entire* box. Report the relative fluctuation as $\frac{\Delta N_{sub}}{N_{sub}}$.
</question>

<question>
A system contains $N$ spin-0 bosons confined to a two-dimensional isotropic harmonic oscillator potential $V(r) = \frac{1}{2}m\omega^2 r^2$, where $r$ is the radial distance from the origin. The system is in contact with a particle and energy reservoir, allowing for fluctuations in particle number and energy. Determine the critical temperature $T_c$ for Bose-Einstein condensation to occur in this two-dimensional harmonic trap. Give your answer in terms of $N$, $\hbar$, $\omega$, and the Boltzmann constant $k_B$. Assume $N$ is sufficiently large.
</question>

<question>
Consider a gas of $N$ non-interacting bosons of mass $m$ confined to a three-dimensional cubic box of side length $L$. The system is in the canonical ensemble (fixed $N$) and at temperature $T=0.8 T_c$, where $T_c$ is the Bose-Einstein condensation critical temperature in the *absence* of any external potential. Assume that the ground state is macroscopically occupied, with $N_0$ particles. Suppose an external potential $V(x, y, z) = \alpha (x^2 + y^2 + z^2)$ is introduced to the box, where $\alpha$ is a small positive constant. Calculate the *approximate* change in the number of particles in the ground state, $\Delta N_0$, due to this potential. Assume that the potential can be treated as a small perturbation. Express your answer as a function of $N_0$, $m$, $L$, $\hbar$, $\alpha$ and $T_c$.
</question>
```
=== Turn 1: Critic feedback ===
