=== Turn 0: Author generates questions ===
```python
questions = [
    """<question>
    Consider a hypothetical universe where electromagnetism emerges from a more fundamental field theory. The emergent electromagnetic field tensor, $F_{\mu\nu}$, is related to a fundamental scalar field, $\phi$, and a four-vector field, $A_\mu$, via the modified constitutive relation: $F_{\mu\nu} = \partial_\mu A_\nu - \partial_\nu A_\mu + \theta \epsilon_{\mu\nu\rho\sigma} \partial^\rho \phi \partial^\sigma \phi$, where $\theta$ is a constant with dimensions of inverse action. Assuming $\phi(x, y, z, t) = \alpha t$, where $\alpha$ is a constant with dimensions of mass squared, and given that $A_\mu = (0, B z, 0, 0)$ where $B$ is a constant magnetic field, and using SI units (i.e., $[\epsilon_0]=F/m$ where $F$ is Farad, $m$ is meter), calculate the emergent electric field, $E_x$, at the point $(x, y, z, t) = (1, 1, 1, 1)$. Assume the Levi-Civita tensor $\epsilon_{\mu\nu\rho\sigma}$ has $\epsilon_{0123} = +1$. Express your answer in terms of $\theta$, $\alpha$ and $B$.
    </question>""",
    """<question>
    A Schwarzschild black hole of mass $M$ is immersed in a region with a topological $\theta$ term that modifies the gravitational action. The spacetime outside the event horizon is described by a modified metric where the time component is $g_{tt} = -(1 - \frac{2GM}{rc^2}) + \frac{\theta^2 c^4}{r^4}$, where $G$ is the gravitational constant and $c$ is the speed of light. Assume $\theta$ has units of length squared. Determine the location of the event horizon, $r_H$, defined as the largest real root of $g_{tt} = 0$, expressed in terms of $G$, $M$, $c$, and $\theta$.
    </question>""",
    """<question>
    Consider a quantum particle moving in a curved spacetime near a black hole, where the curvature induces a modified Wilson loop. The holonomy around a closed loop, $C$, in this spacetime is given by $W(C) = \exp\left(i \oint_C A_\mu dx^\mu + i \beta \oint_C R_{\mu\nu\rho\sigma} x^\rho x^\sigma dx^\mu dx^\nu\right)$, where $A_\mu$ is the electromagnetic potential, $R_{\mu\nu\rho\sigma}$ is the Riemann curvature tensor, and $\beta$ is a constant with units of inverse length squared. Suppose the loop $C$ is a square in the $x-y$ plane with side length $L$ centered at the origin. In a region close to the black hole singularity the Riemann tensor can be approximated by $R_{xyxy} \approx \frac{\gamma}{r^2}$, where $\gamma$ is a dimensionless constant that characterizes the curvature strength and $r = \sqrt{x^2 + y^2}$. If $A_\mu = (0,Ax,0,0)$ , calculate the phase shift due to the modified Wilson loop, given by $\Delta \phi = \oint_C A_\mu dx^\mu + \beta \oint_C R_{\mu\nu\rho\sigma} x^\rho x^\sigma dx^\mu dx^\nu$, in terms of $A$, $\beta$, $\gamma$ and $L$.
    </question>""",
    """<question>
    In a model of emergent electromagnetism, the electric charge, $q$, of a particle is not fundamental but arises from the winding number, $n$, of a fundamental scalar field, $\varphi$, around a compactified extra dimension. Assume the emergent charge is given by $q = \frac{n \hbar c}{R}$, where $R$ is the radius of the extra dimension, and $n$ is an integer. Given that the fine-structure constant is $\alpha = \frac{q^2}{4\pi\epsilon_0 \hbar c} \approx \frac{1}{137}$, calculate the required radius $R$ of the extra dimension in meters, if $n = 1$. Assume $\hbar = 1.054 \times 10^{-34} \, \mathrm{J \cdot s}$, $c = 3 \times 10^8 \, \mathrm{m/s}$, and $\epsilon_0 = 8.854 \times 10^{-12} \, \mathrm{F/m}$.
    </question>""",
    """<question>
    Consider a modified black hole metric arising from quantum gravity effects, where the usual singularity at $r=0$ is replaced by a de Sitter core. The metric component $g_{rr}$ is given by $g_{rr} = \left(1 - \frac{2GM}{rc^2} + \frac{L^2}{r^2}\right)^{-1}$, where $G$ is the gravitational constant, $M$ is the black hole mass, $c$ is the speed of light, and $L$ is a quantum gravity parameter with units of length. Assume that the apparent horizon $r_A$ exists where $g_{rr}$ diverges, i.e., $1 - \frac{2GM}{r_Ac^2} + \frac{L^2}{r_A^2} = 0$. Find the minimum mass $M_{min}$ for which an apparent horizon exists. Express your answer in terms of $L$ and fundamental constants.
    </question>"""
]
```
=== Turn 0: Critic feedback ===
Here's a critique of each question against your guidelines, along with concise, actionable feedback for improvement.

---

**Question 1 Critique:**

```python
<question>
Consider a hypothetical universe where electromagnetism emerges from a more fundamental field theory. The emergent electromagnetic field tensor, $F_{\mu\nu}$, is related to a fundamental scalar field, $\phi$, and a four-vector field, $A_\mu$, via the modified constitutive relation: $F_{\mu\nu} = \partial_\mu A_\nu - \partial_\nu A_\mu + \theta \epsilon_{\mu\nu\rho\sigma} \partial^\rho \phi \partial^\sigma \phi$, where $\theta$ is a constant with dimensions of inverse action. Assuming $\phi(x, y, z, t) = \alpha t$, where $\alpha$ is a constant with dimensions of mass squared, and given that $A_\mu = (0, B z, 0, 0)$ where $B$ is a constant magnetic field, and using SI units (i.e., $[\epsilon_0]=F/m$ where $F$ is Farad, $m$ is meter), calculate the emergent electric field, $E_x$, at the point $(x, y, z, t) = (1, 1, 1, 1)$. Assume the Levi-Civita tensor $\epsilon_{\mu\nu\rho\sigma}$ has $\epsilon_{0123} = +1$. Express your answer in terms of $\theta$, $\alpha$ and $B$.
</question>
```

**Critique:**

*   **Guideline 1 (Model Physics Scenario):** Excellent. Novel and conceptually rich.
*   **Guideline 2 (Answer Type):** Symbolic expression, correct.
*   **Guideline 3 (Multi-Step Reasoning):** Yes, involves tensor component calculation, partial derivatives, and combination of terms.
*   **Guideline 4 (Unique):** Yes, highly unique.
*   **Guideline 5 (Single Solution):** **FLAW.** Ambiguity in the definition of $E_x$ from $F_{\mu\nu}$ in SI units. Standard conventions vary (e.g., $E_i = -c F_{0i}$ or $E_i = -F_{0i}$). This needs explicit clarification.
*   **Guideline 6 (Rigorous, Concise):** Generally good.
*   **Guideline 7 (Assumptions/Variables):** Mostly clear. The SI units mention for $\epsilon_0$ is slightly vague about the inclusion of $c$ in field definitions.
*   **Guideline 8 (Consistent Units/Notation):** **MAJOR FLAW.** Significant dimensional inconsistency.
    *   $F_{\mu\nu}$ has dimensions of $E/c$ or $B$ (e.g., $V/m$ or $T$).
    *   $\theta$ is inverse action ($1/(J \cdot s)$).
    *   $\phi = \alpha t$, with $\alpha$ as mass squared ($kg^2$). This implies $\phi$ has units of $kg^2 \cdot s$.
    *   Then $\partial^\rho \phi$ would have units of $kg^2 \cdot s/m$ (if $\partial^0 = \frac{1}{c}\partial_t$).
    *   The term $\theta \epsilon_{\mu\nu\rho\sigma} \partial^\rho \phi \partial^\sigma \phi$ would have dimensions: $[1/(J \cdot s)] \cdot (kg^2 \cdot s/m)^2 = \frac{kg^4 \cdot s}{J \cdot m^2}$. This does not match the dimensions of $F_{\mu\nu}$. This makes the question physically inconsistent as stated.
*   **Guideline 9 (Not Multipart):** Correct.
*   **Guideline 10 (Formatting):** Correct.

**Actionable Feedback:**

1.  **Resolve Dimensional Inconsistency:** Crucially, re-evaluate the dimensions of $\theta$ and $\alpha$ or the form of the modified term to ensure dimensional consistency with $F_{\mu\nu}$. For example, if $\phi$ is dimensionless (as is common in natural units) and $\alpha$ has units of $1/s$, then $\partial^0 \phi \sim 1/(c \cdot s)$. For the term to match $F_{\mu\nu}$ (units of $V/m$), $\theta$ must have appropriate units. As written, the physics is inconsistent.
2.  **Clarify $E_x$ Convention:** Explicitly state the relationship between the electric field $E_x$ and the field tensor components $F_{\mu\nu}$ (e.g., "where $E_i = -c F_{0i}$" or similar, specifying the metric signature and conventions).

---

**Question 2 Critique:**

```python
<question>
A Schwarzschild black hole of mass $M$ is immersed in a region with a topological $\theta$ term that modifies the gravitational action. The spacetime outside the event horizon is described by a modified metric where the time component is $g_{tt} = -(1 - \frac{2GM}{rc^2}) + \frac{\theta^2 c^4}{r^4}$, where $G$ is the gravitational constant and $c$ is the speed of light. Assume $\theta$ has units of length squared. Determine the location of the event horizon, $r_H$, defined as the largest real root of $g_{tt} = 0$, expressed in terms of $G$, $M$, $c$, and $\theta$.
</question>
```

**Critique:**

*   **Guideline 1 (Model Physics Scenario):** Excellent. Novel and conceptually rich.
*   **Guideline 2 (Answer Type):** Symbolic expression, correct.
*   **Guideline 3 (Multi-Step Reasoning):** Yes, setting $g_{tt}=0$ leads to a quartic equation in $r_H$.
*   **Guideline 4 (Unique):** Yes, highly unique.
*   **Guideline 5 (Single Solution):** **FLAW.** Solving a general quartic equation symbolically for "the largest real root" is exceptionally complex and typically not expected in a physics assessment without significant simplification or numerical tools. It would lead to a very cumbersome, non-simplifiable symbolic expression.
*   **Guideline 6 (Rigorous, Concise):** Good.
*   **Guideline 7 (Assumptions/Variables):** All clearly defined.
*   **Guideline 8 (Consistent Units/Notation):** **MAJOR FLAW.** Significant dimensional inconsistency.
    *   $g_{tt}$ must be dimensionless. The term $1 - \frac{2GM}{rc^2}$ is dimensionless.
    *   The term $\frac{\theta^2 c^4}{r^4}$ must also be dimensionless.
    *   Given $\theta$ has units of length squared ($[L^2]$), then $[\theta^2] = [L^4]$.
    *   So $[\frac{\theta^2 c^4}{r^4}] = \frac{[L^4] [L^4 T^{-4}]}{[L^4]} = [L^4 T^{-4}]$. This is not dimensionless.
    *   This implies the physical form of the metric term or the dimensions of $\theta$ are incorrect. A common form for such terms to be dimensionless would be $\frac{\theta^2}{r^4}$ if $\theta$ has units of length squared.
*   **Guideline 9 (Not Multipart):** Correct.
*   **Guideline 10 (Formatting):** Correct.

**Actionable Feedback:**

1.  **Resolve Dimensional Inconsistency:** Crucially, re-evaluate the dimensions of $\theta$ or the form of the $\theta$ term in the metric to ensure dimensional consistency (i.e., the term $\frac{\theta^2 c^4}{r^4}$ must be dimensionless). For example, changing the term to $\frac{\theta^2}{r^4}$ (with $\theta$ in $L^2$) would fix this.
2.  **Simplify Mathematical Complexity:** The quartic equation is too complex for a standard symbolic solution. Consider simplifying the problem, perhaps by asking for a condition under which *any* horizon exists (i.e., when the discriminant is non-negative), or by providing a specific scenario where the quartic simplifies, or by asking for a numerical solution given specific values.

---

**Question 3 Critique:**

```python
<question>
Consider a quantum particle moving in a curved spacetime near a black hole, where the curvature induces a modified Wilson loop. The holonomy around a closed loop, $C$, in this spacetime is given by $W(C) = \exp\left(i \oint_C A_\mu dx^\mu + i \beta \oint_C R_{\mu\nu\rho\sigma} x^\rho x^\sigma dx^\mu dx^\nu\right)$, where $A_\mu$ is the electromagnetic potential, $R_{\mu\nu\rho\sigma}$ is the Riemann curvature tensor, and $\beta$ is a constant with units of inverse length squared. Suppose the loop $C$ is a square in the $x-y$ plane with side length $L$ centered at the origin. In a region close to the black hole singularity the Riemann tensor can be approximated by $R_{xyxy} \approx \frac{\gamma}{r^2}$, where $\gamma$ is a dimensionless constant that characterizes the curvature strength and $r = \sqrt{x^2 + y^2}$. If $A_\mu = (0,Ax,0,0)$ , calculate the phase shift due to the modified Wilson loop, given by $\Delta \phi = \oint_C A_\mu dx^\mu + \beta \oint_C R_{\mu\nu\rho\sigma} x^\rho x^\sigma dx^\mu dx^\nu$, in terms of $A$, $\beta$, $\gamma$ and $L$.
</question>
```

**Critique:**

*   **Guideline 1 (Model Physics Scenario):** Excellent. Novel and conceptually rich.
*   **Guideline 2 (Answer Type):** Symbolic expression, correct.
*   **Guideline 3 (Multi-Step Reasoning):** Yes, involves path integrals and careful handling of tensor indices.
*   **Guideline 4 (Unique):** Yes, highly unique.
*   **Guideline 5 (Single Solution):** **MAJOR FLAW.**
    *   **Ambiguous Notation:** The integral notation $\oint_C \dots dx^\mu dx^\nu$ is highly unconventional for a line integral. If it implies a surface integral over the area enclosed by $C$, the notation is incorrect. This ambiguity prevents a single clear solution.
    *   **Divergent Integral:** The approximation $R_{xyxy} \approx \frac{\gamma}{r^2}$ means the integrand contains $1/r^2$. Integrating this over a square centered at the origin (which includes $r=0$) will lead to a divergent integral. Thus, no finite solution exists.
*   **Guideline 6 (Rigorous, Concise):** The phrasing of the integral is not rigorous.
*   **Guideline 7 (Assumptions/Variables):** The interpretation of $x^\rho x^\sigma$ in the integrand is not fully clear (e.g., is it $x^2+y^2$ or some component product?).
*   **Guideline 8 (Consistent Units/Notation):** **MAJOR FLAW.**
    *   A phase shift $\Delta \phi$ must be dimensionless.
    *   The first term $\oint_C A_\mu dx^\mu$: If $A_\mu$ is the electromagnetic potential (units of $V \cdot s/m$ or $J \cdot s/C \cdot m$), then $\oint A_\mu dx^\mu$ has units of $(V \cdot s/m) \cdot m = V \cdot s$ or $J \cdot s/C$. This is **not dimensionless**. For a phase shift, it typically appears as $\frac{q}{\hbar} \oint A_\mu dx^\mu$.
    *   The second term $\beta \oint_C R_{\mu\nu\rho\sigma} x^\rho x^\sigma dx^\mu dx^\nu$:
        *   $[\beta] = [1/L^2]$.
        *   $[R_{\mu\nu\rho\sigma}] = [1/L^2]$.
        *   $[x^\rho x^\sigma]$ is typically $[L^2]$.
        *   If "$\oint_C \dots dx^\mu dx^\nu$" implicitly means a surface integral $\int_S \dots dS^{\mu\nu}$ then $[dS^{\mu\nu}] = [L^2]$.
        *   Thus, the dimensions would be $[1/L^2] \cdot [1/L^2] \cdot [L^2] \cdot [L^2] = 1$. This term *could* be dimensionless.
    *   However, the first term definitely is not dimensionless as written.
*   **Guideline 9 (Not Multipart):** Correct.
*   **Guideline 10 (Formatting):** Correct.

**Actionable Feedback:**

1.  **Resolve Dimensional Inconsistency for Phase:** Add factors like $q/\hbar$ or similar to make the phase shift $\Delta \phi$ dimensionless.
2.  **Clarify Integral Notation:** Specify the meaning of $\oint_C \dots dx^\mu dx^\nu$. If it's a surface integral, use appropriate notation like $\int_S \dots dS^{\mu\nu}$ and state that $S$ is the surface bounded by $C$.
3.  **Address Divergence:** Modify the geometry of the loop (e.g., a square *not* centered at the origin, but offset from it) or the approximation of $R_{xyxy}$ to avoid divergence at $r=0$. Alternatively, acknowledge the divergence and ask for a limit or specific treatment (e.g. cutoff).
4.  **Clarify Tensor Product:** Explicitly state the interpretation of $x^\rho x^\sigma$ in the context of the integral (e.g., $x^2+y^2$ or a specific component product).

---

**Question 4 Critique:**

```python
<question>
In a model of emergent electromagnetism, the electric charge, $q$, of a particle is not fundamental but arises from the winding number, $n$, of a fundamental scalar field, $\varphi$, around a compactified extra dimension. Assume the emergent charge is given by $q = \frac{n \hbar c}{R}$, where $R$ is the radius of the extra dimension, and $n$ is an integer. Given that the fine-structure constant is $\alpha = \frac{q^2}{4\pi\epsilon_0 \hbar c} \approx \frac{1}{137}$, calculate the required radius $R$ of the extra dimension in meters, if $n = 1$. Assume $\hbar = 1.054 \times 10^{-34} \, \mathrm{J \cdot s}$, $c = 3 \times 10^8 \, \mathrm{m/s}$, and $\epsilon_0 = 8.854 \times 10^{-12} \, \mathrm{F/m}$.
</question>
```

**Critique:**

*   **Guideline 1 (Model Physics Scenario):** Excellent. Novel and conceptually rich.
*   **Guideline 2 (Answer Type):** Numerical value with SI units, correct.
*   **Guideline 3 (Multi-Step Reasoning):** Yes, involves algebraic substitution and numerical calculation.
*   **Guideline 4 (Unique):** Yes, highly unique.
*   **Guideline 5 (Single Solution):** Yes, a single numerical value.
*   **Guideline 6 (Rigorous, Concise):** Good.
*   **Guideline 7 (Assumptions/Variables):** All clearly defined.
*   **Guideline 8 (Consistent Units/Notation):** **MAJOR FLAW.** Significant dimensional inconsistency in the formula for emergent charge.
    *   $[q] = [C]$ (Coulombs).
    *   The given formula $q = \frac{n \hbar c}{R}$ has dimensions:
        *   $[n]$ is dimensionless.
        *   $[\hbar c / R] = [\text{Joule} \cdot \text{second} \cdot (\text{meter}/\text{second}) / \text{meter}] = [\text{Joule}]$.
    *   So, the right-hand side of the equation has dimensions of Energy (Joules), not Charge (Coulombs). This makes the problem physically inconsistent.
    *   A common form for fundamental charge ($e$) in relation to extra dimensions is $e \sim \frac{\hbar c}{R_{KK}}$ (where $e$ is in natural units) or $e \sim \frac{\hbar}{R_{KK}}$ (where $R_{KK}$ could be length). To relate it to SI units $q$, the formula needs to include appropriate constants like $4\pi\epsilon_0$. For instance, $e^2 = \frac{\hbar c}{4\pi\epsilon_0 \alpha}$. If $q$ is to emerge from $n$, then $q \propto n$. So perhaps $q^2 = \frac{n^2 \hbar c}{R^2}$ or $q = \frac{n}{R} \sqrt{\hbar c}$.
*   **Guideline 9 (Not Multipart):** Correct.
*   **Guideline 10 (Formatting):** Correct.

**Actionable Feedback:**

1.  **Resolve Dimensional Inconsistency:** Crucially, correct the dimensional consistency of the emergent charge formula $q = \frac{n \hbar c}{R}$. It must yield units of charge (Coulombs). For instance, if the formula was intended to be $q = n \sqrt{\frac{\hbar c}{4\pi\epsilon_0}} \frac{1}{R'}$ for some dimensionless length $R'$, it would require careful reformulation. Or simply $q = n \frac{\hbar}{R}$ is common in natural units where $\hbar/R$ would have units of momentum (which is energy, not charge). The best approach is to re-evaluate the source of this formula and ensure it's dimensionally sound for SI units.

---

**Question 5 Critique:**

```python
<question>
Consider a modified black hole metric arising from quantum gravity effects, where the usual singularity at $r=0$ is replaced by a de Sitter core. The metric component $g_{rr}$ is given by $g_{rr} = \left(1 - \frac{2GM}{rc^2} + \frac{L^2}{r^2}\right)^{-1}$, where $G$ is the gravitational constant, $M$ is the black hole mass, $c$ is the speed of light, and $L$ is a quantum gravity parameter with units of length. Assume that the apparent horizon $r_A$ exists where $g_{rr}$ diverges, i.e., $1 - \frac{2GM}{r_Ac^2} + \frac{L^2}{r_A^2} = 0$. Find the minimum mass $M_{min}$ for which an apparent horizon exists. Express your answer in terms of $L$ and fundamental constants.
</question>
```

**Critique:**

*   **Guideline 1 (Model Physics Scenario):** Excellent. Novel and conceptually rich.
*   **Guideline 2 (Answer Type):** Symbolic expression, correct.
*   **Guideline 3 (Multi-Step Reasoning):** Yes, involves setting the denominator to zero, forming a quadratic equation, and finding the condition for real roots using the discriminant. Well-defined multi-step reasoning.
*   **Guideline 4 (Unique):** Yes, highly unique.
*   **Guideline 5 (Single Solution):** Yes, a single symbolic expression.
*   **Guideline 6 (Rigorous, Concise):** Excellent.
*   **Guideline 7 (Assumptions/Variables):** All clearly defined.
*   **Guideline 8 (Consistent Units/Notation):** **EXCELLENT.** All terms are dimensionally consistent. $g_{rr}$ is dimensionless, and all terms in the denominator $(1 - \frac{2GM}{rc^2} + \frac{L^2}{r^2})$ are dimensionless.
*   **Guideline 9 (Not Multipart):** Correct.
*   **Guideline 10 (Formatting):** Correct.

**Actionable Feedback:**

1.  **No significant issues found.** This question is very well-formulated and adheres to all guidelines.

---

**Overall Summary and Recommendation:**

Questions 1, 2, 3, and 4 suffer from fundamental flaws related to dimensional inconsistency and/or mathematical ambiguity/divergence, rendering them unsolvable or ill-posed as stated. These are critical issues that need to be addressed before they can be used as assessment questions.

Question 5 is an excellent example that meets all specified guidelines. It is conceptually rich, mathematically solvable, dimensionally consistent, and clearly phrased.
=== Turn 1: Author refines questions ===
```python
improved_questions = [
    """<question>
    Consider a hypothetical universe where electromagnetism emerges from a more fundamental field theory. The emergent electromagnetic field tensor, $F_{\mu\nu}$, is related to a fundamental scalar field, $\phi$, and a four-vector field, $A_\mu$, via the modified constitutive relation: $F_{\mu\nu} = \partial_\mu A_\nu - \partial_\nu A_\mu + \theta \epsilon_{\mu\nu\rho\sigma} \partial^\rho \phi \partial^\sigma \phi$, where $\theta$ is a constant with dimensions of inverse length squared times inverse electric charge (i.e., $[\theta]= m^{-2} C^{-1}$). Assuming $\phi(x, y, z, t) = \alpha t$, where $\alpha$ is a constant with dimensions of inverse time (i.e. $[\alpha]=s^{-1}$), and given that $A_\mu = (0, B z, 0, 0)$ where $B$ is a constant magnetic field, calculate the emergent electric field, $E_x$, at the point $(x, y, z, t) = (1, 1, 1, 1)$ in SI units, where $E_i = -F_{0i}$. Assume the Levi-Civita tensor $\epsilon_{\mu\nu\rho\sigma}$ has $\epsilon_{0123} = +1$. Express your answer in terms of $\theta$, $\alpha$ and $B$.
    </question>""",
    """<question>
    A Schwarzschild black hole of mass $M$ is immersed in a region with a topological $\theta$ term that modifies the gravitational action. The spacetime outside the event horizon is described by a modified metric where the time component is $g_{tt} = -(1 - \frac{2GM}{rc^2}) + \frac{\theta^2}{r^4}$, where $G$ is the gravitational constant and $c$ is the speed of light. Assume $\theta$ has units of length squared. Determine a condition on $M$ in terms of $G$, $c$ and $\theta$ such that an event horizon exists.
    </question>""",
    """<question>
    Consider a quantum particle with charge $q$ moving in a curved spacetime near a black hole, where the curvature induces a modified Wilson loop. The holonomy around a closed loop, $C$, in this spacetime is given by $W(C) = \exp\left(\frac{i q}{\hbar} \oint_C A_\mu dx^\mu + i \beta \int_S R_{\mu\nu\rho\sigma} x^\rho x^\sigma dS^{\mu\nu}\right)$, where $A_\mu$ is the electromagnetic potential, $R_{\mu\nu\rho\sigma}$ is the Riemann curvature tensor, $\beta$ is a constant with units of inverse length squared, and $S$ is the surface enclosed by $C$. Suppose the loop $C$ is a square in the $x-y$ plane with side length $L$ centered at $(x_0, 0)$ where $x_0 > L/2$.  In this region the Riemann tensor can be approximated by $R_{xyxy} \approx \frac{\gamma}{r^2}$, where $\gamma$ is a dimensionless constant that characterizes the curvature strength and $r = \sqrt{x^2 + y^2}$. If $A_\mu = (0,Ax,0,0)$ , calculate the phase shift due to the modified Wilson loop, given by $\Delta \phi = \frac{q}{\hbar}\oint_C A_\mu dx^\mu + \beta \int_S R_{\mu\nu\rho\sigma} x^\rho x^\sigma dS^{\mu\nu}$, in terms of $A$, $q$, $\hbar$, $\beta$, $\gamma$, $L$ and $x_0$, assuming $dS^{12}=dxdy$.
    </question>""",
    """<question>
    In a model of emergent electromagnetism, the electric charge, $q$, of a particle is not fundamental but arises from the winding number, $n$, of a fundamental scalar field, $\varphi$, around a compactified extra dimension. Assume the emergent charge squared is given by $q^2 = \frac{n^2 \hbar c}{R^2}$, where $R$ is the radius of the extra dimension, and $n$ is an integer. Given that the fine-structure constant is $\alpha = \frac{q^2}{4\pi\epsilon_0 \hbar c} \approx \frac{1}{137}$, calculate the required radius $R$ of the extra dimension in meters, if $n = 1$. Assume $\hbar = 1.054 \times 10^{-34} \, \mathrm{J \cdot s}$, $c = 3 \times 10^8 \, \mathrm{m/s}$, and $\epsilon_0 = 8.854 \times 10^{-12} \, \mathrm{F/m}$.
    </question>""",
    """<question>
    Consider a modified black hole metric arising from quantum gravity effects, where the usual singularity at $r=0$ is replaced by a de Sitter core. The metric component $g_{rr}$ is given by $g_{rr} = \left(1 - \frac{2GM}{rc^2} + \frac{L^2}{r^2}\right)^{-1}$, where $G$ is the gravitational constant, $M$ is the black hole mass, $c$ is the speed of light, and $L$ is a quantum gravity parameter with units of length. Assume that the apparent horizon $r_A$ exists where $g_{rr}$ diverges, i.e., $1 - \frac{2GM}{r_Ac^2} + \frac{L^2}{r_A^2} = 0$. Find the minimum mass $M_{min}$ for which an apparent horizon exists. Express your answer in terms of $L$ and fundamental constants.
    </question>"""
]
```
=== Turn 1: Critic feedback ===
Here's a critique of the provided questions against the specified guidelines:

```python
improved_questions = [
    """<question>
    Consider a hypothetical universe where electromagnetism emerges from a more fundamental field theory. The emergent electromagnetic field tensor, $F_{\mu\nu}$, is related to a fundamental scalar field, $\phi$, and a four-vector field, $A_\mu$, via the modified constitutive relation: $F_{\mu\nu} = \partial_\mu A_\nu - \partial_\nu A_\mu + \theta \epsilon_{\mu\nu\rho\sigma} \partial^\rho \phi \partial^\sigma \phi$, where $\theta$ is a constant with dimensions of inverse length squared times inverse electric charge (i.e., $[\theta]= m^{-2} C^{-1}$). Assuming $\phi(x, y, z, t) = \alpha t$, where $\alpha$ is a constant with dimensions of inverse time (i.e. $[\alpha]=s^{-1}$), and given that $A_\mu = (0, B z, 0, 0)$ where $B$ is a constant magnetic field, calculate the emergent electric field, $E_x$, at the point $(x, y, z, t) = (1, 1, 1, 1)$ in SI units, where $E_i = -F_{0i}$. Assume the Levi-Civita tensor $\epsilon_{\mu\nu\rho\sigma}$ has $\epsilon_{0123} = +1$. Express your answer in terms of $\theta$, $\alpha$ and $B$.
    </question>""",
    """<question>
    A Schwarzschild black hole of mass $M$ is immersed in a region with a topological $\theta$ term that modifies the gravitational action. The spacetime outside the event horizon is described by a modified metric where the time component is $g_{tt} = -(1 - \frac{2GM}{rc^2}) + \frac{\theta^2}{r^4}$, where $G$ is the gravitational constant and $c$ is the speed of light. Assume $\theta$ has units of length squared. Determine a condition on $M$ in terms of $G$, $c$ and $\theta$ such that an event horizon exists.
    </question>""",
    """<question>
    Consider a quantum particle with charge $q$ moving in a curved spacetime near a black hole, where the curvature induces a modified Wilson loop. The holonomy around a closed loop, $C$, in this spacetime is given by $W(C) = \exp\left(\frac{i q}{\hbar} \oint_C A_\mu dx^\mu + i \beta \int_S R_{\mu\nu\rho\sigma} x^\rho x^\sigma dS^{\mu\nu}\right)$, where $A_\mu$ is the electromagnetic potential, $R_{\mu\nu\rho\sigma}$ is the Riemann curvature tensor, $\beta$ is a constant with units of inverse length squared, and $S$ is the surface enclosed by $C$. Suppose the loop $C$ is a square in the $x-y$ plane with side length $L$ centered at $(x_0, 0)$ where $x_0 > L/2$.  In this region the Riemann tensor can be approximated by $R_{xyxy} \approx \frac{\gamma}{r^2}$, where $\gamma$ is a dimensionless constant that characterizes the curvature strength and $r = \sqrt{x^2 + y^2}$. If $A_\mu = (0,Ax,0,0)$ , calculate the phase shift due to the modified Wilson loop, given by $\Delta \phi = \frac{q}{\hbar}\oint_C A_\mu dx^\mu + \beta \int_S R_{\mu\nu\rho\sigma} x^\rho x^\sigma dS^{\mu\nu}$, in terms of $A$, $q$, $\hbar$, $\beta$, $\gamma$, $L$ and $x_0$, assuming $dS^{12}=dxdy$.
    </question>""",
    """<question>
    In a model of emergent electromagnetism, the electric charge, $q$, of a particle is not fundamental but arises from the winding number, $n$, of a fundamental scalar field, $\varphi$, around a compactified extra dimension. Assume the emergent charge squared is given by $q^2 = \frac{n^2 \hbar c}{R^2}$, where $R$ is the radius of the extra dimension, and $n$ is an integer. Given that the fine-structure constant is $\alpha = \frac{q^2}{4\pi\epsilon_0 \hbar c} \approx \frac{1}{137}$, calculate the required radius $R$ of the extra dimension in meters, if $n = 1$. Assume $\hbar = 1.054 \times 10^{-34} \, \mathrm{J \cdot s}$, $c = 3 \times 10^8 \, \mathrm{m/s}$, and $\epsilon_0 = 8.854 \times 10^{-12} \, \mathrm{F/m}$.
    </question>""",
    """<question>
    Consider a modified black hole metric arising from quantum gravity effects, where the usual singularity at $r=0$ is replaced by a de Sitter core. The metric component $g_{rr}$ is given by $g_{rr} = \left(1 - \frac{2GM}{rc^2} + \frac{L^2}{r^2}\right)^{-1}$, where $G$ is the gravitational constant, $M$ is the black hole mass, $c$ is the speed of light, and $L$ is a quantum gravity parameter with units of length. Assume that the apparent horizon $r_A$ exists where $g_{rr}$ diverges, i.e., $1 - \frac{2GM}{r_Ac^2} + \frac{L^2}{r_A^2} = 0$. Find the minimum mass $M_{min}$ for which an apparent horizon exists. Express your answer in terms of $L$ and fundamental constants.
    </question>"""
]
```

---

### **Critique of Question 1**

**Overall Assessment:** Very good and unique, but suffers from a critical ambiguity regarding the metric signature.

*   **1. Model a Physics Scenario:** Excellent. Presents a highly conceptual and advanced hypothetical scenario involving emergent electromagnetism and tensor calculus.
*   **2. Expect answers as either a symbolic expression or single numerical value:** Good. Clearly asks for a symbolic expression for $E_x$.
*   **3. Force Multi-Step Reasoning:** Excellent. Requires multiple steps: calculating partial derivatives, evaluating the two terms of the field tensor separately, performing tensor contractions (implicitly for $\partial^\rho \phi \partial^\sigma \phi$), and identifying the correct component for $E_x$.
*   **4. Be Unique:** Excellent. This is a novel and non-standard problem.
*   **5. Single Solution:** **Needs Improvement.** The calculation of $\partial^\rho \phi$ relies on the implicit Minkowski metric. The problem does not specify the metric signature (e.g., $(+,-,-,-)$ or $(-,+,+,+)$). This ambiguity can lead to different signs or factors for the scalar field contribution, resulting in multiple correct answers depending on the assumed convention.
*   **6. Use rigorous, concise phrasing:** Good. The language is precise and professional. No hints are provided.
*   **7. All assumptions must be clearly stated, and all variables must be defined:** **Needs Improvement.** The crucial missing assumption is the metric signature (e.g., "Assume Minkowski spacetime with metric signature $(-+++)$"). Also, while $\phi=\alpha t$ implies $x^0=t$, explicitly stating the coordinate choice (e.g., "$x^\mu = (t, x, y, z)$") would enhance clarity.
*   **8. Units must be consistent; all numerical answers must include correct SI units; Symbols should follow conventional physics notation:** Good. Notation is standard. Units specified for constants are consistent.
*   **9. Questions must not be multipart:** Good. It asks for a single target quantity.

**Actionable Feedback:**
*   **Crucial:** Specify the Minkowski metric signature explicitly (e.g., "Assume a flat Minkowski spacetime with metric signature $\eta_{\mu\nu} = \mathrm{diag}(1, -1, -1, -1)$").
*   Consider explicitly stating the coordinate components, e.g., "$x^\mu = (t, x, y, z)$".

---

### **Critique of Question 2**

**Overall Assessment:** Excellent. This question fully adheres to all guidelines.

*   **1. Model a Physics Scenario:** Excellent. Presents a modified black hole metric, requiring conceptual understanding of event horizons in general relativity.
*   **2. Expect answers as either a symbolic expression or single numerical value:** Good. Clearly asks for a symbolic condition on $M$.
*   **3. Force Multi-Step Reasoning:** Excellent. Requires setting up the horizon equation, rearranging it into a polynomial in $r$, and then applying a condition for the existence of real roots (e.g., via discriminant analysis or calculus to find minimums).
*   **4. Be Unique:** Excellent. This is a novel and non-standard problem involving a topological term modifying the metric.
*   **5. Single Solution:** Excellent. There is a unique condition for $M$ that allows an event horizon.
*   **6. Use rigorous, concise phrasing:** Excellent. The phrasing is clear, professional, and free of hints.
*   **7. All assumptions must be clearly stated, and all variables must be defined:** Excellent. All variables ($M, G, c, \theta, r$) are defined, and the units of $\theta$ are specified. The condition for an event horizon is explicitly stated.
*   **8. Units must be consistent; all numerical answers must include correct SI units; Symbols should follow conventional physics notation:** Excellent. Notation is standard, and units are consistent.
*   **9. Questions must not be multipart:** Excellent. It asks for a single target quantity.

**Actionable Feedback:**
*   No significant improvements needed.

---

### **Critique of Question 3**

**Overall Assessment:** Very good and unique, but needs clarification on the specific contribution of the Riemann tensor term.

*   **1. Model a Physics Scenario:** Excellent. Highly advanced and conceptual, involving quantum particles, curved spacetime, and modified Wilson loops.
*   **2. Expect answers as either a symbolic expression or single numerical value:** Good. Clearly asks for a symbolic expression for $\Delta \phi$.
*   **3. Force Multi-Step Reasoning:** Excellent. Requires calculating both a line integral and a surface integral, involving careful handling of components and coordinate dependence.
*   **4. Be Unique:** Excellent. This is a highly novel and advanced problem.
*   **5. Single Solution:** **Needs Improvement.** The term $\int_S R_{\mu\nu\rho\sigma} x^\rho x^\sigma dS^{\mu\nu}$ is ambiguous given only the $R_{xyxy}$ component. For the integral to be uniquely solvable, it must be explicitly assumed that only the $R_{xyxy}$ component contributes to the sum $R_{\mu\nu\rho\sigma} x^\rho x^\sigma$ when multiplied by $dS^{12}$. Without this, the sum over $\rho, \sigma$ might be non-trivial, leading to different interpretations.
*   **6. Use rigorous, concise phrasing:** Good. The phrasing is clear and professional. No hints are provided.
*   **7. All assumptions must be clearly stated, and all variables must be defined:** **Needs Improvement.** As mentioned, the assumption about the non-zero components of the Riemann tensor for the sum $R_{\mu\nu\rho\sigma} x^\rho x^\sigma$ needs to be explicitly stated. For example, "Assume that only the $R_{xyxy}$ term contributes to the sum $R_{\mu\nu\rho\sigma} x^\rho x^\sigma$ such that the relevant integrand term becomes $R_{xyxy} x^1 x^2$".
*   **8. Units must be consistent; all numerical answers must include correct SI units; Symbols should follow conventional physics notation:** Good. Notation is standard and units are consistent.
*   **9. Questions must not be multipart:** Good. It asks for a single target quantity.

**Actionable Feedback:**
*   **Crucial:** Clarify the contribution of the Riemann tensor term. Add an explicit assumption, e.g., "Assume that only the $R_{xyxy}$ component of the Riemann tensor contributes to the sum $R_{\mu\nu\rho\sigma} x^\rho x^\sigma$ in such a way that the integrand simplifies to $R_{xyxy} x y$ (i.e. $x^1=x$, $x^2=y$) when integrated over $dS^{12}=dxdy$."

---

### **Critique of Question 4**

**Overall Assessment:** Excellent. This question fully adheres to all guidelines.

*   **1. Model a Physics Scenario:** Excellent. Presents a conceptual model of emergent charge from extra dimensions, requiring algebraic manipulation and unit consistency.
*   **2. Expect answers as either a symbolic expression or single numerical value:** Excellent. Clearly asks for a single numerical value for $R$ in meters.
*   **3. Force Multi-Step Reasoning:** Excellent. Requires algebraic substitution, rearrangement, and numerical calculation.
*   **4. Be Unique:** Excellent. This is a novel and non-standard problem, drawing from concepts in theoretical physics.
*   **5. Single Solution:** Excellent. There is a unique numerical answer.
*   **6. Use rigorous, concise phrasing:** Excellent. The phrasing is clear, professional, and free of hints.
*   **7. All assumptions must be clearly stated, and all variables must be defined:** Excellent. All variables ($q, n, R, \alpha, \hbar, c, \epsilon_0$) are defined, and necessary numerical values are provided with units.
*   **8. Units must be consistent; all numerical answers must include correct SI units; Symbols should follow conventional physics notation:** Excellent. Notation is standard, and units are consistent throughout, with the target unit explicitly stated.
*   **9. Questions must not be multipart:** Excellent. It asks for a single target quantity.

**Actionable Feedback:**
*   No significant improvements needed.

---

### **Critique of Question 5**

**Overall Assessment:** Excellent. This question fully adheres to all guidelines.

*   **1. Model a Physics Scenario:** Excellent. Presents a modified black hole metric from quantum gravity, requiring conceptual understanding of horizons and mathematical analysis of quadratic equations.
*   **2. Expect answers as either a symbolic expression or single numerical value:** Good. Clearly asks for a symbolic expression for $M_{min}$.
*   **3. Force Multi-Step Reasoning:** Excellent. Requires setting up the condition for the horizon, rearranging into a quadratic equation, and then applying the discriminant condition for real roots to find the minimum mass.
*   **4. Be Unique:** Excellent. This is a novel and non-standard problem, involving advanced black hole physics.
*   **5. Single Solution:** Excellent. There is a unique symbolic answer for $M_{min}$.
*   **6. Use rigorous, concise phrasing:** Excellent. The phrasing is clear, professional, and free of hints. The clarification "i.e., $1 - \frac{2GM}{r_Ac^2} + \frac{L^2}{r_A^2} = 0$" is particularly helpful and clear.
*   **7. All assumptions must be clearly stated, and all variables must be defined:** Excellent. All variables ($G, M, c, L, r_A$) are defined, and the units of $L$ are specified. The condition for the apparent horizon is explicitly stated.
*   **8. Units must be consistent; all numerical answers must include correct SI units; Symbols should follow conventional physics notation:** Excellent. Notation is standard, and units are consistent.
*   **9. Questions must not be multipart:** Excellent. It asks for a single target quantity.

**Actionable Feedback:**
*   No significant improvements needed.
=== Turn 2: Author refines questions ===
```python
improved_questions = [
    """<question>
    Consider a hypothetical universe where electromagnetism emerges from a more fundamental field theory. The emergent electromagnetic field tensor, $F_{\mu\nu}$, is related to a fundamental scalar field, $\phi$, and a four-vector field, $A_\mu$, via the modified constitutive relation: $F_{\mu\nu} = \partial_\mu A_\nu - \partial_\nu A_\mu + \theta \epsilon_{\mu\nu\rho\sigma} \partial^\rho \phi \partial^\sigma \phi$, where $\theta$ is a constant with dimensions of inverse length squared times inverse electric charge (i.e., $[\theta]= m^{-2} C^{-1}$). Assume a flat Minkowski spacetime with metric signature $\eta_{\mu\nu} = \mathrm{diag}(1, -1, -1, -1)$ and coordinates $x^\mu = (t, x, y, z)$. Assuming $\phi(x, y, z, t) = \alpha t$, where $\alpha$ is a constant with dimensions of inverse time (i.e. $[\alpha]=s^{-1}$), and given that $A_\mu = (0, B z, 0, 0)$ where $B$ is a constant magnetic field, calculate the emergent electric field, $E_x$, at the point $(x, y, z, t) = (1, 1, 1, 1)$ in SI units, where $E_i = -F_{0i}$. Assume the Levi-Civita tensor $\epsilon_{\mu\nu\rho\sigma}$ has $\epsilon_{0123} = +1$. Express your answer in terms of $\theta$, $\alpha$ and $B$.
    </question>""",
    """<question>
    A Schwarzschild black hole of mass $M$ is immersed in a region with a topological $\theta$ term that modifies the gravitational action. The spacetime outside the event horizon is described by a modified metric where the time component is $g_{tt} = -(1 - \frac{2GM}{rc^2}) + \frac{\theta^2}{r^4}$, where $G$ is the gravitational constant and $c$ is the speed of light. Assume $\theta$ has units of length squared. Determine a condition on $M$ in terms of $G$, $c$ and $\theta$ such that an event horizon exists.
    </question>""",
    """<question>
    Consider a quantum particle with charge $q$ moving in a curved spacetime near a black hole, where the curvature induces a modified Wilson loop. The holonomy around a closed loop, $C$, in this spacetime is given by $W(C) = \exp\left(\frac{i q}{\hbar} \oint_C A_\mu dx^\mu + i \beta \int_S R_{\mu\nu\rho\sigma} x^\rho x^\sigma dS^{\mu\nu}\right)$, where $A_\mu$ is the electromagnetic potential, $R_{\mu\nu\rho\sigma}$ is the Riemann curvature tensor, $\beta$ is a constant with units of inverse length squared, and $S$ is the surface enclosed by $C$. Suppose the loop $C$ is a square in the $x-y$ plane with side length $L$ centered at $(x_0, 0)$ where $x_0 > L/2$.  In this region the Riemann tensor can be approximated by $R_{xyxy} \approx \frac{\gamma}{r^2}$, where $\gamma$ is a dimensionless constant that characterizes the curvature strength and $r = \sqrt{x^2 + y^2}$. Assume that only the $R_{xyxy}$ component of the Riemann tensor contributes to the sum $R_{\mu\nu\rho\sigma} x^\rho x^\sigma$ in such a way that the integrand simplifies to $R_{xyxy} x y$ (i.e. $x^1=x$, $x^2=y$) when integrated over $dS^{12}=dxdy$. If $A_\mu = (0,Ax,0,0)$ , calculate the phase shift due to the modified Wilson loop, given by $\Delta \phi = \frac{q}{\hbar}\oint_C A_\mu dx^\mu + \beta \int_S R_{\mu\nu\rho\sigma} x^\rho x^\sigma dS^{\mu\nu}$, in terms of $A$, $q$, $\hbar$, $\beta$, $\gamma$, $L$ and $x_0$.
    </question>""",
    """<question>
    In a model of emergent electromagnetism, the electric charge, $q$, of a particle is not fundamental but arises from the winding number, $n$, of a fundamental scalar field, $\varphi$, around a compactified extra dimension. Assume the emergent charge squared is given by $q^2 = \frac{n^2 \hbar c}{R^2}$, where $R$ is the radius of the extra dimension, and $n$ is an integer. Given that the fine-structure constant is $\alpha = \frac{q^2}{4\pi\epsilon_0 \hbar c} \approx \frac{1}{137}$, calculate the required radius $R$ of the extra dimension in meters, if $n = 1$. Assume $\hbar = 1.054 \times 10^{-34} \, \mathrm{J \cdot s}$, $c = 3 \times 10^8 \, \mathrm{m/s}$, and $\epsilon_0 = 8.854 \times 10^{-12} \, \mathrm{F/m}$.
    </question>""",
    """<question>
    Consider a modified black hole metric arising from quantum gravity effects, where the usual singularity at $r=0$ is replaced by a de Sitter core. The metric component $g_{rr}$ is given by $g_{rr} = \left(1 - \frac{2GM}{rc^2} + \frac{L^2}{r^2}\right)^{-1}$, where $G$ is the gravitational constant, $M$ is the black hole mass, $c$ is the speed of light, and $L$ is a quantum gravity parameter with units of length. Assume that the apparent horizon $r_A$ exists where $g_{rr}$ diverges, i.e., $1 - \frac{2GM}{r_Ac^2} + \frac{L^2}{r_A^2} = 0$. Find the minimum mass $M_{min}$ for which an apparent horizon exists. Express your answer in terms of $L$ and fundamental constants.
    </question>"""
]
print(improved_questions)
```
=== Final questions generated ===
