=== Turn 0: Author generates questions ===
Here are some novel undergraduate-level physics questions, following your guidelines:

<question>
A ferroelectric thin film with a thickness of $d = 100 \, \mathrm{nm}$ exhibits a domain wall separating two regions with opposite polarization. The domain wall has an energy density of $\sigma = 5 \, \mathrm{mJ/m^2}$. An external electric field, $E$, is applied perpendicular to the film surface. Assume the domain wall moves without inertia or damping, and is pinned by defects with a pinning force density that can be approximated by a sinusoidal potential $U(x) = U_0 \sin(2\pi x / \lambda)$, where $U_0 = 1 \, \mathrm{mJ/m^2}$ and $\lambda = 50 \, \mathrm{nm}$ is the period of the pinning potential. Calculate the minimum electric field, $E_{crit}$, required to depin the domain wall and initiate its motion. Assume the polarization difference between the domains is $2P_s$, where $P_s = 0.1 \, \mathrm{C/m^2}$. Express your answer in $\mathrm{V/m}$.
</question>

<question>
An autonomous materials discovery system utilizes a Bayesian optimization algorithm to maximize the piezoelectric coefficient, $d_{33}$, of a novel alloy. The system performs sequential experiments, each consisting of synthesizing a sample with a specific composition and measuring its $d_{33}$. After $N = 100$ experiments, the system has explored a composition space with a volume of $V = 1 \, \mathrm{cm^3}$. Assume the algorithm can accurately predict the $d_{33}$ value within a confidence interval defined by a standard deviation of $\sigma = 0.5 \, \mathrm{pm/V}$. The average spacing between composition points explored by the autonomous system can be given by $s = V^{1/3}/N$. Estimate the expected uncertainty in the discovered composition (as a volume $s^3$) associated with the maximum value of $d_{33}$ found so far, assuming the maximum piezoelectric coefficient discovered is $d_{33,max} = 10 \, \mathrm{pm/V}$. Express your answer in $\mathrm{m^3}$.
</question>

<question>
A nanoscale ferroelectric capacitor with a capacitance of $C = 10 \, \mathrm{pF}$ is switched using voltage pulses generated by a machine learning controller. The controller aims to minimize the switching energy required to reverse the polarization. The capacitor is initially in a state with polarization $+P_s$ where $P_s=0.2 \, \mathrm{C/m^2}$. The switching process involves applying a voltage pulse of amplitude $V$ and duration $t$. The switching current is modeled as $I(t) = I_0 e^{-t/\tau}$, where $I_0 = V/R$ and $\tau = RC$, where $R=100 \Omega$ is a series resistance. If the switching is considered complete when the polarization is reversed to $-P_s$, and the energy consumed during switching is given by $E = \int_0^\infty V I(t) dt$, calculate the minimum energy $E_{min}$ required for switching. Assume the voltage applied is constant during switching. Express your answer in Joules.
</question>

<question>
A self-driving laboratory is designed to discover new topological insulators by optimizing the synthesis conditions (temperature $T$, pressure $P$, and composition $x$) for a given material family. The figure of merit (FOM) used to guide the optimization is the material's band gap at the Dirac point, determined via angle-resolved photoemission spectroscopy (ARPES). The ARPES measurements have an uncertainty of $\Delta E = 10 \, \mathrm{meV}$. The laboratory explores the parameter space by sequentially synthesizing samples with different combinations of $T$, $P$, and $x$. Assume that the synthesis parameter space ($T$, $P$, and $x$) is continuous. Further, it is found that near optimal conditions, the band gap scales linearly with $T$, $P$ and $x$ as $\frac{\partial E}{\partial T} = 0.1 \, \mathrm{meV/K}$, $\frac{\partial E}{\partial P} = 0.05 \, \mathrm{meV/Pa}$, $\frac{\partial E}{\partial x} = 1 \, \mathrm{eV}$, where $x$ is a dimensionless parameter. What is the uncertainty in the determination of composition $x$, $ \Delta x$, arising from the uncertainty in the ARPES measurements?
</question>
=== Turn 0: Critic feedback ===
Here's a critique of each question, along with actionable feedback for improvement, evaluated against your guidelines:

---

<question>
A ferroelectric thin film with a thickness of $d = 100 \, \mathrm{nm}$ exhibits a domain wall separating two regions with opposite polarization. The domain wall has an an energy density of $\sigma = 5 \, \mathrm{mJ/m^2}$. An external electric field, $E$, is applied perpendicular to the film surface. Assume the domain wall moves without inertia or damping, and is pinned by defects with a pinning force density that can be approximated by a sinusoidal potential $U(x) = U_0 \sin(2\pi x / \lambda)$, where $U_0 = 1 \, \mathrm{mJ/m^2}$ and $\lambda = 50 \, \mathrm{nm}$ is the period of the pinning potential. Calculate the minimum electric field, $E_{crit}$, required to depin the domain wall and initiate its motion. Assume the polarization difference between the domains is $2P_s$, where $P_s = 0.1 \, \mathrm{C/m^2}$. Express your answer in $\mathrm{V/m}$.
</question>

**Critique for Question 1:**

*   **Guideline 1 (Physics Scenario):** Excellent. This models a realistic, advanced condensed matter physics scenario involving ferroelectrics and domain wall dynamics.
*   **Guideline 2 (Answer Type):** Pass. Expects a single numerical value with appropriate SI units.
*   **Guideline 3 (Multi-Step Reasoning):** Pass. Requires calculating forces from energy densities (or vice-versa), understanding critical conditions (balancing forces/energy gradients), and unit conversions.
*   **Guideline 5 (Unique):** Pass. This is a novel and conceptually rich problem, not a standard textbook exercise.
*   **Guideline 6 (Single Solution):** Pass. The problem setup leads to a unique solution for $E_{crit}$.
*   **Guideline 7 (Rigorous, concise phrasing; no hints):** Pass. The phrasing is professional and direct.
*   **Guideline 8 (Assumptions/Variables):** Mostly Pass. All assumptions are clearly stated and variables defined.
    *   **Minor Point:** The definition of $U(x)$ as an "energy" but $U_0$ as "energy density" (per unit area) is a slight ambiguity. However, "pinning force density" correctly implies force per unit area, aligning with $U_0$ as an energy density. It works, but could be clearer (e.g., "$U(x)$ is the pinning energy density per unit area").
    *   **Minor Point:** The domain wall energy density $\sigma = 5 \, \mathrm{mJ/m^2}$ and film thickness $d = 100 \, \mathrm{nm}$ are given but appear to be irrelevant to the calculation of $E_{crit}$ under the given assumptions. While distractors are acceptable in advanced problems, ensuring all provided information is either used or explicitly recognized as a distractor by the problem setter is good practice for assessment design.
*   **Guideline 9 (Units/Notation):** Pass. Units are consistent, and notation follows conventions.
*   **Guideline 10 (Not multipart):** Pass. Focuses on a single target quantity, $E_{crit}$.
*   **Guideline 11 (Formatting):** Fail. Numerical values and unit symbols within the question are not consistently enclosed within `$`. For example, "$d = 100 \, \mathrm{nm}$" should be "$d = 100 \, \mathrm{nm}$".

**Actionable Feedback:**

1.  **Formatting Consistency:** Ensure *all* numbers and unit symbols (e.g., $100$, $5$, $1$, $50$, $0.1$, $ \mathrm{nm}$, $ \mathrm{mJ/m^2}$, $ \mathrm{C/m^2}$, $ \mathrm{V/m}$) are consistently enclosed in `$ $` for inline math within the question text.
2.  **Clarity of $U(x)$:** Consider explicitly stating that $U(x)$ is an "energy density per unit area" to align perfectly with $U_0$'s units and "pinning force density."
3.  **Review Unused Information:** Decide if the inclusion of $\sigma$ and $d$ serves a specific pedagogical purpose (e.g., as distractors, or for a more complex version of the problem not asked) or if they could be removed for conciseness if truly irrelevant.

---

<question>
An autonomous materials discovery system utilizes a Bayesian optimization algorithm to maximize the piezoelectric coefficient, $d_{33}$, of a novel alloy. The system performs sequential experiments, each consisting of synthesizing a sample with a specific composition and measuring its $d_{33}$. After $N = 100$ experiments, the system has explored a composition space with a volume of $V = 1 \, \mathrm{cm^3}$. Assume the algorithm can accurately predict the $d_{33}$ value within a confidence interval defined by a standard deviation of $\sigma = 0.5 \, \mathrm{pm/V}$. The average spacing between composition points explored by the autonomous system can be given by $s = V^{1/3}/N$. Estimate the expected uncertainty in the discovered composition (as a volume $s^3$) associated with the maximum value of $d_{33}$ found so far, assuming the maximum piezoelectric coefficient discovered is $d_{33,max} = 10 \, \mathrm{pm/V}$. Express your answer in $\mathrm{m^3}$.
</question>

**Critique for Question 2:**

*   **Guideline 1 (Physics Scenario):** Excellent. Extremely novel and relevant scenario in materials informatics and AI.
*   **Guideline 2 (Answer Type):** Pass. Expects a single numerical value with appropriate SI units.
*   **Guideline 3 (Multi-Step Reasoning):** Fail (potentially). This is the primary weakness. The phrasing "Estimate the expected uncertainty in the discovered composition (as a volume $s^3$)" strongly implies that the answer is *simply* $s^3 = V/N^3$. If so, it's a one-step calculation ($V/N^3$) and doesn't utilize $\sigma$ or $d_{33,max}$. This would contradict "multi-step reasoning." If the intent was for $\sigma$ to be used to *derive* an uncertainty in composition, more information about the sensitivity of $d_{33}$ to composition (e.g., local gradient or curvature) would be needed.
*   **Guideline 5 (Unique):** Pass. Highly unique and current.
*   **Guideline 6 (Single Solution):** Pass (assuming $s^3$ is the target).
*   **Guideline 7 (Rigorous, concise phrasing; no hints):** Fail. The phrasing regarding "uncertainty in the discovered composition (as a volume $s^3$)" is highly ambiguous. It either means "calculate $s^3$" (making $\sigma$ and $d_{33,max}$ misleading distractors, violating "no hints") or it's an underspecified problem that cannot use $\sigma$ in a physically meaningful way to propagate uncertainty to composition.
*   **Guideline 8 (Assumptions/Variables):** Pass (variables defined).
*   **Guideline 9 (Units/Notation):** Pass. Requires unit conversion ($ \mathrm{cm^3}$ to $ \mathrm{m^3}$).
*   **Guideline 10 (Not multipart):** Pass. Focuses on a single quantity.
*   **Guideline 11 (Formatting):** Fail. Numerical values and unit symbols are not consistently enclosed within `$`.

**Actionable Feedback:**

1.  **Resolve Ambiguity of "Uncertainty":** This is critical.
    *   **Option A (If $s^3$ is the desired answer):** Rephrase to explicitly ask for "the average volume explored per experiment point" or "$s^3$." Remove $\sigma$ and $d_{33,max}$ as they become irrelevant distractors, violating the "no hints" guideline. This would make it a simpler, but perhaps not "multi-step" question.
    *   **Option B (If true uncertainty propagation is desired):** Provide additional information, such as the sensitivity of $d_{33}$ to composition (e.g., $\partial d_{33} / \partial x$ or a quadratic scaling parameter near the maximum), to enable the use of $\sigma$ in a meaningful uncertainty propagation calculation. This would fulfill the "multi-step reasoning" requirement better.
2.  **Formatting Consistency:** Ensure *all* numbers and unit symbols (e.g., $100$, $1$, $0.5$, $10$, $ \mathrm{cm^3}$, $ \mathrm{pm/V}$, $ \mathrm{m^3}$) are consistently enclosed in `$ $` for inline math.

---

<question>
A nanoscale ferroelectric capacitor with a capacitance of $C = 10 \, \mathrm{pF}$ is switched using voltage pulses generated by a machine learning controller. The controller aims to minimize the switching energy required to reverse the polarization. The capacitor is initially in a state with polarization $+P_s$ where $P_s=0.2 \, \mathrm{C/m^2}$. The switching process involves applying a voltage pulse of amplitude $V$ and duration $t$. The switching current is modeled as $I(t) = I_0 e^{-t/\tau}$, where $I_0 = V/R$ and $\tau = RC$, where $R=100 \Omega$ is a series resistance. If the switching is considered complete when the polarization is reversed to $-P_s$, and the energy consumed during switching is given by $E = \int_0^\infty V I(t) dt$, calculate the minimum energy $E_{min}$ required for switching. Assume the voltage applied is constant during switching. Express your answer in Joules.
</question>

**Critique for Question 3:**

*   **Guideline 1 (Physics Scenario):** Good. Combines circuit analysis with ferroelectric properties in a modern context.
*   **Guideline 2 (Answer Type):** Pass. Expects a single numerical value with appropriate SI units.
*   **Guideline 3 (Multi-Step Reasoning):** Pass (if solvable). Requires calculating total charge from polarization, relating it to circuit current, and then calculating energy.
*   **Guideline 5 (Unique):** Pass. A novel blend of concepts.
*   **Guideline 6 (Single Solution):** Fail. The problem is underspecified. The area of the capacitor ($A_{cap}$) is required to calculate the total charge $Q = 2 P_s A_{cap}$ needed for polarization reversal. Since $Q = VC$ (for a constant applied voltage $V$ causing an exponential current decay, the total charge delivered to the capacitor is $VC$), then $V = Q/C = 2 P_s A_{cap}/C$. Without $A_{cap}$, $V$ cannot be determined, and thus the energy $E = V^2 C$ cannot be calculated.
*   **Guideline 7 (Rigorous, concise phrasing; no hints):** Fail. The underspecification makes the question unanswerable, which indicates a flaw in phrasing/problem definition. "Minimum energy" implies an optimization, but $V$ is determined by the switching condition and $C$, making it implicitly fixed once $A_{cap}$ is known.
*   **Guideline 8 (Assumptions/Variables):** Fail. The critical variable $A_{cap}$ (capacitor area) is not provided, making the problem unsolvable.
*   **Guideline 9 (Units/Notation):** Pass (for given variables).
*   **Guideline 10 (Not multipart):** Pass. Focuses on a single quantity.
*   **Guideline 11 (Formatting):** Fail. Numerical values and unit symbols are not consistently enclosed within `$`.

**Actionable Feedback:**

1.  **Provide Missing Information:** Crucially, provide the area of the capacitor, $A_{cap}$. Alternatively, phrase the question in terms of energy *per unit area* (e.g., $E_{area} = E/A_{cap}$), which would allow $A_{cap}$ to cancel out in the final expression.
2.  **Clarify "Minimum Energy":** If $A_{cap}$ is provided, the voltage $V$ becomes fixed by the condition $VC = 2 P_s A_{cap}$. In this case, "minimum energy" might simply refer to "the energy required for switching," as $V$ is already constrained to meet the objective. If there's an actual optimization intended (e.g., over $R$ or $t$), that needs to be specified. Given the current phrasing, it's the energy supplied for a *specific* required charge transfer.
3.  **Formatting Consistency:** Ensure *all* numbers and unit symbols (e.g., $10$, $0.2$, $100$, $ \mathrm{pF}$, $ \mathrm{C/m^2}$, $ \Omega$, $ \mathrm{J}$) are consistently enclosed in `$ $` for inline math.

---

<question>
A self-driving laboratory is designed to discover new topological insulators by optimizing the synthesis conditions (temperature $T$, pressure $P$, and composition $x$) for a given material family. The figure of merit (FOM) used to guide the optimization is the material's band gap at the Dirac point, determined via angle-resolved photoemission spectroscopy (ARPES). The ARPES measurements have an uncertainty of $\Delta E = 10 \, \mathrm{meV}$. The laboratory explores the parameter space by sequentially synthesizing samples with different combinations of $T$, $P$, and $x$. Assume that the synthesis parameter space ($T$, $P$, and $x$) is continuous. Further, it is found that near optimal conditions, the band gap scales linearly with $T$, $P$ and $x$ as $\frac{\partial E}{\partial T} = 0.1 \, \mathrm{meV/K}$, $\frac{\partial E}{\partial P} = 0.05 \, \mathrm{meV/Pa}$, $\frac{\partial E}{\partial x} = 1 \, \mathrm{eV}$, where $x$ is a dimensionless parameter. What is the uncertainty in the determination of composition $x$, $ \Delta x$, arising from the uncertainty in the ARPES measurements?
</question>

**Critique for Question 4:**

*   **Guideline 1 (Physics Scenario):** Excellent. Highly modern and interdisciplinary, drawing on materials science, measurement techniques, and automation.
*   **Guideline 2 (Answer Type):** Pass. Expects a single numerical value (dimensionless, as $x$ is dimensionless).
*   **Guideline 3 (Multi-Step Reasoning):** Pass. Requires applying principles of uncertainty propagation, and understanding which terms are relevant given the specific phrasing. (Specifically, $\Delta x = \Delta E / |\partial E / \partial x|$).
*   **Guideline 5 (Unique):** Pass. Very unique and relevant.
*   **Guideline 6 (Single Solution):** Pass. Leads to a unique solution.
*   **Guideline 7 (Rigorous, concise phrasing; no hints):** Pass. The question clearly asks for the uncertainty in $x$ *arising from* $\Delta E_{ARPES}$, implying other uncertainties (in $T$ and $P$) are either negligible or considered separately for this specific question.
*   **Guideline 8 (Assumptions/Variables):** Pass. All assumptions (continuity, linear scaling) are stated, and all variables and derivatives are clearly defined.
*   **Guideline 9 (Units/Notation):** Pass. Requires careful unit conversion ( $ \mathrm{meV}$ to $ \mathrm{eV}$ or vice-versa) to ensure consistency.
*   **Guideline 10 (Not multipart):** Pass. Focuses on a single quantity, $\Delta x$.
*   **Guideline 11 (Formatting):** Fail. Numerical values and unit symbols are not consistently enclosed within `$`.

**Actionable Feedback:**

1.  **Formatting Consistency:** Ensure *all* numbers and unit symbols (e.g., $10$, $0.1$, $0.05$, $1$, $ \mathrm{meV}$, $ \mathrm{meV/K}$, $ \mathrm{meV/Pa}$, $ \mathrm{eV}$) are consistently enclosed in `$ $` for inline math.

---
=== Turn 1: Author refines questions ===
```xml
<question>
A ferroelectric thin film with a thickness of $d = 100 \, \mathrm{nm}$ exhibits a domain wall separating two regions with opposite polarization. The domain wall has an energy density of $\sigma = 5 \, \mathrm{mJ/m^2}$. An external electric field, $E$, is applied perpendicular to the film surface. Assume the domain wall moves without inertia or damping and is pinned by defects with a pinning force density that can be approximated by a sinusoidal potential $U(x) = U_0 \sin(2\pi x / \lambda)$, where $U_0 = 1 \, \mathrm{mJ/m^2}$ and $\lambda = 50 \, \mathrm{nm}$ is the period of the pinning potential. Calculate the minimum electric field, $E_{crit}$, required to depin the domain wall and initiate its motion. Assume the polarization difference between the domains is $2P_s$, where $P_s = 0.1 \, \mathrm{C/m^2}$. Express your answer in $\mathrm{V/m}$.
</question>

<question>
An autonomous materials discovery system utilizes a Bayesian optimization algorithm to maximize the piezoelectric coefficient, $d_{33}$, of a novel alloy. The system performs sequential experiments, each consisting of synthesizing a sample with a specific composition and measuring its $d_{33}$. After $N = 100$ experiments, the system has explored a composition space with a volume of $V = 1 \, \mathrm{cm^3}$. Assume the algorithm can accurately predict the $d_{33}$ value within a confidence interval defined by a standard deviation of $\sigma = 0.5 \, \mathrm{pm/V}$. The average spacing between composition points explored by the autonomous system can be given by $s = V^{1/3}/N$. Estimate the average volume, $s^3$, explored per experiment point. Express your answer in $\mathrm{m^3}$.
</question>

<question>
A nanoscale ferroelectric capacitor with capacitance $C = 10 \, \mathrm{pF}$ and area $A_{cap} = 10^{-12} \, \mathrm{m^2}$ is switched using voltage pulses generated by a machine learning controller. The controller aims to minimize the switching energy required to reverse the polarization. The capacitor is initially in a state with polarization $+P_s$, where $P_s = 0.2 \, \mathrm{C/m^2}$. The switching process involves applying a voltage pulse of amplitude $V$ and duration $t$. The switching current is modeled as $I(t) = I_0 e^{-t/\tau}$, where $I_0 = V/R$ and $\tau = RC$, and $R = 100 \, \Omega$ is a series resistance. Assuming the switching is complete when the polarization is reversed to $-P_s$ and the energy consumed during switching is given by $E = \int_0^\infty V I(t) dt$, calculate the energy $E$ required for switching. Assume the voltage applied is constant during switching. Express your answer in Joules.
</question>

<question>
A self-driving laboratory is designed to discover new topological insulators by optimizing the synthesis conditions (temperature $T$, pressure $P$, and composition $x$) for a given material family. The figure of merit (FOM) used to guide the optimization is the material's band gap at the Dirac point, determined via angle-resolved photoemission spectroscopy (ARPES). The ARPES measurements have an uncertainty of $\Delta E = 10 \, \mathrm{meV}$. The laboratory explores the parameter space by sequentially synthesizing samples with different combinations of $T$, $P$, and $x$. Assume that the synthesis parameter space ($T$, $P$, and $x$) is continuous. Further, it is found that near optimal conditions, the band gap scales linearly with $T$, $P$, and $x$ as $\frac{\partial E}{\partial T} = 0.1 \, \mathrm{meV/K}$, $\frac{\partial E}{\partial P} = 0.05 \, \mathrm{meV/Pa}$, $\frac{\partial E}{\partial x} = 1 \, \mathrm{eV}$, where $x$ is a dimensionless parameter. What is the uncertainty in the determination of composition $x$, $\Delta x$, arising from the uncertainty in the ARPES measurements?
</question>
```
=== Turn 1: Critic feedback ===
Here's a critique of each question against the provided guidelines:

---

**Critique for Question 1:**

```xml
<question>
A ferroelectric thin film with a thickness of $d = 100 \, \mathrm{nm}$ exhibits a domain wall separating two regions with opposite polarization. The domain wall has an energy density of $\sigma = 5 \, \mathrm{mJ/m^2}$. An external electric field, $E$, is applied perpendicular to the film surface. Assume the domain wall moves without inertia or damping and is pinned by defects with a pinning force density that can be approximated by a sinusoidal potential $U(x) = U_0 \sin(2\pi x / \lambda)$, where $U_0 = 1 \, \mathrm{mJ/m^2}$ and $\lambda = 50 \, \mathrm{nm}$ is the period of the pinning potential. Calculate the minimum electric field, $E_{crit}$, required to depin the domain wall and initiate its motion. Assume the polarization difference between the domains is $2P_s$, where $P_s = 0.1 \, \mathrm{C/m^2}$. Express your answer in $\mathrm{V/m}$.
</question>
```

**Evaluation:** This is an excellent question that meets almost all guidelines effectively.

*   **1. Model a Physics Scenario:** Yes, it clearly describes a relevant and complex physics scenario in condensed matter (ferroelectric domain wall motion).
*   **2. Expect answers as... numerical value with appropriate SI units:** Yes, it asks for a single numerical value in $\mathrm{V/m}$.
*   **3. Force Multi-Step Reasoning:** Yes, it requires:
    *   Understanding the force exerted by an electric field on a polarized material ($F = 2P_s E A_{dw}$, or force density $f_E = 2P_s E$).
    *   Deriving the pinning force from the potential energy density ($f_p = -dU/dx$).
    *   Finding the maximum pinning force ($f_{p,max}$).
    *   Equating the electric field force to the maximum pinning force to find $E_{crit}$.
*   **5. Be Unique:** Yes, this is a novel combination of ferroelectric physics and potential energy models, not a standard textbook problem.
*   **6. Single Solution:** Yes, there is a clear, unique solution.
*   **7. Use rigorous, concise phrasing... no Hints:** The phrasing is precise and professional. No hints are given.
*   **8. All assumptions must be clearly stated, and all variables must be defined:** All variables ($d, \sigma, U_0, \lambda, P_s$) are defined, and assumptions (no inertia/damping, sinusoidal potential, polarization difference) are explicitly stated.
*   **9. Units must be consistent... Symbols should follow conventional physics notation:** Units are consistently given (requiring conversion to SI during calculation), and notation is conventional. The final requested unit ($\mathrm{V/m}$) is correct.
*   **10. Questions must not be multipart... no hints should be provided:** It asks for a single target quantity ($E_{crit}$) and provides no hints.
*   **11. Question Formatting:** LaTeX syntax is correctly used for math, variables, and units. The question is correctly wrapped in `<question>` tags.

**Actionable Feedback for Improvement:**
*   The thickness $d$ and domain wall energy density $\sigma$ are provided but not used in the calculation of $E_{crit}$. While they add to the realistic scenario, for a focused problem, consider if every piece of information is directly relevant to the calculation, or if the problem could be slightly rephrased to incorporate them (e.g., asking for total energy required to move a specific domain wall over a certain distance, where total energy = force * distance). However, this is a minor point and does not detract significantly from the question's quality as distractors can sometimes be intentional.

---

**Critique for Question 2:**

```xml
<question>
An autonomous materials discovery system utilizes a Bayesian optimization algorithm to maximize the piezoelectric coefficient, $d_{33}$, of a novel alloy. The system performs sequential experiments, each consisting of synthesizing a sample with a specific composition and measuring its $d_{33}$. After $N = 100$ experiments, the system has explored a composition space with a volume of $V = 1 \, \mathrm{cm^3}$. Assume the algorithm can accurately predict the $d_{33}$ value within a confidence interval defined by a standard deviation of $\sigma = 0.5 \, \mathrm{pm/V}$. The average spacing between composition points explored by the autonomous system can be given by $s = V^{1/3}/N$. Estimate the average volume, $s^3$, explored per experiment point. Express your answer in $\mathrm{m^3}$.
</question>
```

**Evaluation:** This question is weak against several guidelines.

*   **1. Model a Physics Scenario:** **Fails.** While it uses physics-related terms ("piezoelectric coefficient," "materials discovery"), the core problem is a purely mathematical calculation of volume based on a given (and dimensionally unusual) formula. It does not require any *physical reasoning* beyond basic unit conversion.
*   **2. Expect answers as... numerical value with appropriate SI units:** Yes, it asks for a numerical value in $\mathrm{m^3}$.
*   **3. Force Multi-Step Reasoning:** **Fails.** The calculation is $s^3 = (V^{1/3}/N)^3 = V/N^3$. This is a single arithmetic operation followed by unit conversion. It does not involve multiple distinct physics principles or complex reasoning steps.
*   **5. Be Unique:** The "autonomous materials discovery" context is novel, but the underlying mathematical problem is trivial and not unique in a physics sense.
*   **6. Single Solution:** Yes, there is a unique numerical answer.
*   **7. Use rigorous, concise phrasing... no Hints:** The phrasing "The average spacing ... can be given by $s = V^{1/3}/N$" is problematic. This definition of $s$ is dimensionally inconsistent for an "average spacing" in a 3D volume if $N$ is the total number of points ($V^{1/3}$ is a length, $N$ is a count; dividing a length by $N$ gives a length. Raising it to the power of 3 gives $V/N^3$, not the intuitive "volume per point" which would be $V/N$). This makes the problem an exercise in simply following a defined formula, rather than understanding a physical quantity.
*   **8. All assumptions must be clearly stated, and all variables must be defined:** The standard deviation $\sigma = 0.5 \, \mathrm{pm/V}$ is a distractor and is not used in the calculation, making the question less concise.
*   **9. Units must be consistent... Symbols should follow conventional physics notation:** Units are consistent.
*   **10. Questions must not be multipart... no hints should be provided:** It asks for a single target quantity.
*   **11. Question Formatting:** LaTeX syntax is correctly used. The question is correctly wrapped in `<question>` tags.

**Actionable Feedback for Improvement:**
*   **Transform into a physics problem:** Revise the question to involve actual physics principles in materials discovery. For example, relate the number of experiments to the exploration of phase space based on energy landscapes or measurement uncertainties, or involve the energy cost of synthesizing samples.
*   **Improve multi-step reasoning:** If it's about sampling, define "average volume per experiment" more appropriately (e.g., $V/N$) and then ask for a calculation that involves more steps, such as relating this volume to a resolution limit or a desired confidence level for finding a property peak, which might involve statistical physics or information theory principles.
*   **Remove distractors:** Eliminate variables that are not used in the calculation (like $\sigma$).
*   **Clarify definitions:** Ensure any defined quantities (like $s$) have a clear physical meaning or are explicitly defined for the purpose of the problem, even if unusual. The current definition of $s$ leads to $V/N^3$, which is rarely what "average volume per experiment point" means.

---

**Critique for Question 3:**

```xml
<question>
A nanoscale ferroelectric capacitor with capacitance $C = 10 \, \mathrm{pF}$ and area $A_{cap} = 10^{-12} \, \mathrm{m^2}$ is switched using voltage pulses generated by a machine learning controller. The controller aims to minimize the switching energy required to reverse the polarization. The capacitor is initially in a state with polarization $+P_s$, where $P_s = 0.2 \, \mathrm{C/m^2}$. The switching process involves applying a voltage pulse of amplitude $V$ and duration $t$. The switching current is modeled as $I(t) = I_0 e^{-t/\tau}$, where $I_0 = V/R$ and $\tau = RC$, and $R = 100 \, \Omega$ is a series resistance. Assuming the switching is complete when the polarization is reversed to $-P_s$ and the energy consumed during switching is given by $E = \int_0^\infty V I(t) dt$, calculate the energy $E$ required for switching. Assume the voltage applied is constant during switching. Express your answer in Joules.
</question>
```

**Evaluation:** This is a strong question that meets most guidelines well.

*   **1. Model a Physics Scenario:** Yes, it effectively models a realistic scenario of ferroelectric capacitor switching within an RC circuit, which is relevant to device physics and materials science.
*   **2. Expect answers as... numerical value with appropriate SI units:** Yes, it asks for a single numerical value in Joules.
*   **3. Force Multi-Step Reasoning:** Yes, it requires:
    *   Calculating the total charge required for polarization reversal ($Q = 2P_s A_{cap}$).
    *   Relating this charge to the total charge flow in the RC circuit ($Q_{total} = \int_0^\infty I(t) dt = VC$).
    *   Determining the necessary constant voltage $V$ from this relationship.
    *   Calculating the total energy consumed using the given integral formula $E = \int_0^\infty V I(t) dt = V^2 C$.
*   **5. Be Unique:** The combination of ferroelectric switching, circuit analysis, and a modern "machine learning controller" context makes it unique.
*   **6. Single Solution:** Yes, there is a clear, unique solution.
*   **7. Use rigorous, concise phrasing... no Hints:** The phrasing is rigorous. The definition of $E$ via the integral is precise.
*   **8. All assumptions must be clearly stated, and all variables must be defined:** All variables ($C, A_{cap}, P_s, R$) are defined, and crucial assumptions (constant voltage, completion criteria) are explicitly stated.
*   **9. Units must be consistent... Symbols should follow conventional physics notation:** Units are consistently given (requiring conversion to SI for calculation), and notation is conventional. The final requested unit (Joules) is correct.
*   **10. Questions must not be multipart... no hints should be provided:** It asks for a single target quantity ($E$) and provides no hints.
*   **11. Question Formatting:** LaTeX syntax is correctly used. The question is correctly wrapped in `<question>` tags.

**Actionable Feedback for Improvement:**
*   No significant improvements needed. The problem clearly defines "energy consumed" which resolves potential ambiguities about stored vs. dissipated energy in an RC circuit charging.

---

**Critique for Question 4:**

```xml
<question>
A self-driving laboratory is designed to discover new topological insulators by optimizing the synthesis conditions (temperature $T$, pressure $P$, and composition $x$) for a given material family. The figure of merit (FOM) used to guide the optimization is the material's band gap at the Dirac point, determined via angle-resolved photoemission spectroscopy (ARPES). The ARPES measurements have an uncertainty of $\Delta E = 10 \, \mathrm{meV}$. The laboratory explores the parameter space by sequentially synthesizing samples with different combinations of $T$, $P$, and $x$. Assume that the synthesis parameter space ($T$, $P$, and $x$) is continuous. Further, it is found that near optimal conditions, the band gap scales linearly with $T$, $P$, and $x$ as $\frac{\partial E}{\partial T} = 0.1 \, \mathrm{meV/K}$, $\frac{\partial E}{\partial P} = 0.05 \, \mathrm{meV/Pa}$, $\frac{\partial E}{\partial x} = 1 \, \mathrm{eV}$, where $x$ is a dimensionless parameter. What is the uncertainty in the determination of composition $x$, $\Delta x$, arising from the uncertainty in the ARPES measurements?
</question>
```

**Evaluation:** This is a good question but falls short on the "multi-step reasoning" guideline.

*   **1. Model a Physics Scenario:** Yes, it clearly describes a relevant and modern physics scenario in materials science (self-driving lab for topological insulators, ARPES measurements).
*   **2. Expect answers as... numerical value with appropriate SI units:** Yes, it asks for a single numerical value. Since $x$ is dimensionless, $\Delta x$ will also be dimensionless.
*   **3. Force Multi-Step Reasoning:** **Fails.** The question specifically asks for the uncertainty in $x$ *arising from the uncertainty in ARPES measurements*. This implies that uncertainties in $T$ and $P$ are either zero or orthogonal to the question's scope. The calculation reduces to $\Delta x = \Delta E / |\partial E / \partial x|$. This is a single arithmetic step (division) after unit conversion ($\mathrm{meV}$ to $\mathrm{eV}$). It does not involve multiple distinct physics principles or complex reasoning. The other partial derivatives act as distractors.
*   **5. Be Unique:** The "self-driving laboratory" context is novel and frames a standard error propagation concept in a modern way.
*   **6. Single Solution:** Yes, there is a clear, unique solution.
*   **7. Use rigorous, concise phrasing... no Hints:** The phrasing is rigorous and precise, particularly how it isolates the dependency.
*   **8. All assumptions must be clearly stated, and all variables must be defined:** All variables are defined, and assumptions (linear scaling, continuous space) are stated. The unused partial derivatives (for $T$ and $P$) act as distractors, which is less ideal for conciseness.
*   **9. Units must be consistent... Symbols should follow conventional physics notation:** Units are consistently given (requiring conversion to SI for calculation), and notation is conventional.
*   **10. Questions must not be multipart... no hints should be provided:** It asks for a single target quantity ($\Delta x$) and provides no hints.
*   **11. Question Formatting:** LaTeX syntax is correctly used. The question is correctly wrapped in `<question>` tags.

**Actionable Feedback for Improvement:**
*   **Enhance Multi-Step Reasoning:** To make it multi-step, consider:
    *   Asking for the total uncertainty in the band gap, $\Delta E_{total}$, given uncertainties in $T$, $P$, and $x$ (if $\Delta T$ and $\Delta P$ were provided). This would involve combining uncertainties using the general error propagation formula for multiple variables.
    *   Asking to calculate the uncertainty in $x$ given a total uncertainty in $E$ *and* known uncertainties in $T$ and $P$, requiring the student to isolate the contribution of $\Delta x$.
    *   Asking for the maximum allowable uncertainty in $T$, $P$, or $x$ to achieve a target $\Delta E_{total}$.
*   **Remove Distractors (or integrate them):** If the other partial derivatives are not meant to be used, they should be removed for conciseness. If they are intended to be used (as suggested in the multi-step reasoning improvement), then additional information (e.g., $\Delta T$, $\Delta P$) would be needed, and the question should be rephrased to ask for a combined or related uncertainty.
=== Turn 2: Author refines questions ===
```xml
<question>
A ferroelectric thin film of thickness $d = 100 \, \mathrm{nm}$ is placed between two electrodes, forming a capacitor. The ferroelectric material contains a single 180-degree domain wall. Applying an external electric field $E$ causes the domain wall to move, effectively changing the capacitance. The domain wall's energy density is $\sigma = 5 \, \mathrm{mJ/m^2}$. The domain wall's displacement $x$ is limited by defects, described by a sinusoidal pinning potential energy density $U(x) = U_0 \sin(2\pi x / \lambda)$, with $U_0 = 1 \, \mathrm{mJ/m^2}$ and $\lambda = 50 \, \mathrm{nm}$. If the electric field is slowly increased from zero, at what electric field $E_{crit}$ will the domain wall move a distance of $\lambda/4$ from its initial equilibrium position? Assume the polarization difference between the domains is $2P_s$, where $P_s = 0.1 \, \mathrm{C/m^2}$. Express your answer in $\mathrm{V/m}$.
</question>

<question>
An autonomous materials discovery system synthesizes alloys to maximize the piezoelectric coefficient, $d_{33}$. The system explores a composition space by synthesizing samples and measuring their $d_{33}$ values. After $N = 100$ experiments, the system has explored a composition space with a volume of $V = 1 \, \mathrm{cm^3}$. Due to the inherent limitations of the synthesis process, each sample has a slight compositional variation, described by a Gaussian distribution with a standard deviation in composition space of $\sigma = 0.01 \, \mathrm{cm}^{-1}$. Assume the system is exploring this space to find the composition with the highest $d_{33}$. What is the probability that a specific point in the composition space has been visited by the system, considering each experiment explores a Gaussian volume? Treat the exploration as independent, and express your answer as a percentage. You may approximate the volume of the Gaussian distribution by $(2\pi)^{3/2} \sigma^3$.
</question>

<question>
A nanoscale ferroelectric capacitor with capacitance $C = 10 \, \mathrm{pF}$ and area $A_{cap} = 10^{-12} \, \mathrm{m^2}$ is switched using voltage pulses generated by a machine learning controller to minimize switching energy. The capacitor is initially polarized to $+P_s$, where $P_s = 0.2 \, \mathrm{C/m^2}$. The switching process applies a voltage pulse of amplitude $V$ and duration $t$. The switching current is modeled as $I(t) = I_0 e^{-t/\tau}$, where $I_0 = V/R$ and $\tau = RC$, with $R = 100 \, \Omega$. The machine learning controller enforces a minimum voltage $V_{min} = 0.5 \, \mathrm{V}$ to ensure reliable switching. Assuming the voltage applied is constant during switching and the switching is complete when the polarization is reversed to $-P_s$, calculate the *minimum* energy $E$ required for switching. Express your answer in Joules.
</question>

<question>
A self-driving laboratory is discovering new topological insulators by optimizing synthesis conditions (temperature $T$, pressure $P$, and composition $x$). The figure of merit is the band gap $E$ at the Dirac point, measured via ARPES with an uncertainty of $\Delta E = 10 \, \mathrm{meV}$. Near optimal conditions, the band gap scales linearly with $T$, $P$, and $x$: $\frac{\partial E}{\partial T} = 0.1 \, \mathrm{meV/K}$, $\frac{\partial E}{\partial P} = 0.05 \, \mathrm{meV/Pa}$, $\frac{\partial E}{\partial x} = 1 \, \mathrm{eV}$, where $x$ is dimensionless. If the laboratory aims to determine the band gap to within $\Delta E$, and the uncertainties in the control of temperature and pressure are $\Delta T = 1 \, \mathrm{K}$ and $\Delta P = 100 \, \mathrm{Pa}$ respectively, what is the maximum allowable uncertainty in the determination of composition $x$, denoted as $\Delta x$?
</question>
```
=== Final questions generated ===
