=== Turn 0: Author generates questions ===
```xml
<question>Consider a system of four spin-1/2 fermions interacting via a Hubbard-like on-site interaction $U$. The system is described by a two-site Hubbard model, where each site can accommodate at most two fermions (spin up and spin down). Assume that the hopping parameter $t$ is much smaller than the on-site interaction $U$ ($t << U$). Suppose we aim to approximate the ground state energy using an Antisymmetrized Geminal Power (APG) wavefunction. If we truncate the geminal expansion to only include geminals formed from the two lowest energy single-particle states (one bonding, one antibonding), what is the approximate ground state energy $E_0$ of the system, expressed in terms of $t$ and $U$, to leading order in $t/U$? Assume half filling. </question>

<question>Consider a Helium atom described by a two-electron wavefunction $\Psi(\mathbf{r}_1, \mathbf{r}_2)$. We want to approximate the spatial part of this wavefunction using an Antisymmetrized Geminal Power (APG). Suppose we decompose the two-electron density matrix, obtained from integrating out the spin degrees of freedom, using the Schur decomposition. We find that the largest eigenvalue of the two-electron reduced density matrix is $\lambda_1 = 1.8$. Assuming that the APG wavefunction accurately captures the dominant correlation effects, and the total number of electrons is 2, what is the occupation number of the least occupied natural orbital? Express your answer numerically.</question>

<question>A molecule of $H_2$ is modeled within the Born-Oppenheimer approximation. We describe the electronic structure using a minimal basis set, resulting in two molecular orbitals: a bonding $\sigma_g$ and an antibonding $\sigma_u$ orbital. We aim to approximate the ground state energy using an Antisymmetrized Geminal Power Configuration Interaction (APG-CI) wavefunction, including single and double excitations from the Hartree-Fock ground state. If the energy of the Hartree-Fock ground state configuration $(\sigma_g)^2$ is $E_{HF}$, and the energy of the double excitation configuration $(\sigma_u)^2$ is $E_{D}$, and the configuration interaction matrix element between these two configurations is $V$, what is the approximate ground state energy $E_0$ of the molecule obtained from diagonalizing the 2x2 CI matrix? Express your answer in terms of $E_{HF}$, $E_D$, and $V$.</question>

<question>Consider a system described by a wavefunction expanded in terms of Slater determinants. We are given a two-electron reduced density matrix (2-RDM) obtained from this wavefunction. We want to approximately reconstruct an Antisymmetrized Product of Geminals (APG) wavefunction from the 2-RDM using a low-rank approximation. Suppose the largest eigenvalue of the 2-RDM is $\lambda_1 = 0.9$ and the second largest eigenvalue is $\lambda_2 = 0.05$. Assuming that the wavefunction is dominated by a single APG component, estimate the percentage of the total electron correlation energy captured by this APG approximation. Express your answer numerically as a percentage.</question>

<question>Consider a 1D chain of $N$ hydrogen atoms equally spaced. Within the Hubbard model, the Hamiltonian includes a hopping term $t$ and an on-site Coulomb interaction $U$. We are interested in exploring the trade-off between accuracy and computational cost when approximating the ground state energy using an Antisymmetrized Geminal Power (APG) ansatz. Suppose a full configuration interaction (FCI) calculation would scale exponentially as $e^N$, where $N$ is the number of hydrogen atoms, and a mean-field (Hartree-Fock) calculation would scale polynomially as $N^3$. What is the largest number of hydrogen atoms, $N_{max}$, for which an APG calculation with a computational scaling of $N^5$ offers a significant computational advantage over FCI while still providing more accurate results than Hartree-Fock, assuming that "significant computational advantage" is defined as requiring less than $e^{10}$ operations?</question>
```
=== Turn 0: Critic feedback ===
Here's a critique of each question against your guidelines, along with actionable feedback for improvement.

---

<question>Consider a system of four spin-1/2 fermions interacting via a Hubbard-like on-site interaction $U$. The system is described by a two-site Hubbard model, where each site can accommodate at most two fermions (spin up and spin down). Assume that the hopping parameter $t$ is much smaller than the on-site interaction $U$ ($t << U$). Suppose we aim to approximate the ground state energy using an Antisymmetrized Geminal Power (APG) wavefunction. If we truncate the geminal expansion to only include geminals formed from the two lowest energy single-particle states (one bonding, one antibonding), what is the approximate ground state energy $E_0$ of the system, expressed in terms of $t$ and $U$, to leading order in $t/U$? Assume half filling. </question>

**Critique 1:**

*   **Guideline 1 (Model a Physics Scenario):** Good. It sets up a relevant quantum many-body physics scenario.
*   **Guideline 2 (Expect answers):** Good. A symbolic expression is expected.
*   **Guideline 3 (Force Multi-Step Reasoning):** **Needs improvement.** There's a fundamental contradiction: "four spin-1/2 fermions" for a "two-site Hubbard model, where each site can accommodate at most two fermions" implies a total capacity of $2 \times 2 = 4$ fermions. Therefore, "four spin-1/2 fermions" means *full filling*, not "half filling". Half-filling for a 4-state system would mean 2 fermions. This ambiguity makes the interpretation of the problem statement and thus the unique solution impossible without an external assumption. The "APG wavefunction" context, while relevant to many-body theory, for a 2-electron problem (if "half filling" implies 2 electrons) might overcomplicate the nomenclature for a standard perturbation theory derivation.
*   **Guideline 4 (Be Unique):** Good. It's a specific take on a common model, introducing the APG context.
*   **Guideline 5 (Single Solution):** **Fails.** The particle count ambiguity ("four spin-1/2 fermions" vs. "half filling") leads to different possible interpretations and solutions.
*   **Guideline 6 (Rigorous, concise phrasing):** **Needs improvement.** The particle count contradiction reduces rigor.
*   **Guideline 7 (All assumptions/variables clear):** **Needs improvement.** The number of fermions/electrons is ambiguous.
*   **Guideline 8 (Units consistent):** Good. Symbolic answer.
*   **Guideline 9 (Not multipart):** Good. Single target quantity.
*   **Guideline 10 (Question Formatting):** Good.

**Actionable Feedback for Question 1:**
*   **Clarify particle count:** Resolve the contradiction between "four spin-1/2 fermions" and "half filling". For instance, if you intend to ask about 2 electrons, state "Consider a system of two spin-1/2 fermions... Assume half filling." (as 2 fermions would be half of the 4 available single-particle states). If you intend to ask about 4 electrons, state "Consider a system of four spin-1/2 fermions... Assume full filling." Given the mention of "bonding" and "antibonding" states and a leading order $t/U$ expansion, a 2-electron system (half-filling) is the more conventional setup for this kind of perturbation theory.

---

<question>Consider a Helium atom described by a two-electron wavefunction $\Psi(\mathbf{r}_1, \mathbf{r}_2)$. We want to approximate the spatial part of this wavefunction using an Antisymmetrized Geminal Power (APG). Suppose we decompose the two-electron density matrix, obtained from integrating out the spin degrees of freedom, using the Schur decomposition. We find that the largest eigenvalue of the two-electron reduced density matrix is $\lambda_1 = 1.8$. Assuming that the APG wavefunction accurately captures the dominant correlation effects, and the total number of electrons is 2, what is the occupation number of the least occupied natural orbital? Express your answer numerically.</question>

**Critique 2:**

*   **Guideline 1 (Model a Physics Scenario):** Good. Helium atom and correlation effects.
*   **Guideline 2 (Expect answers):** Good. A numerical value is expected.
*   **Guideline 3 (Force Multi-Step Reasoning):** **Fails.** The premise is physically impossible. For any valid two-electron wavefunction, the eigenvalues of the one-electron reduced density matrix (which are the natural orbital occupation numbers, $n_k$) must satisfy $0 \le n_k \le 1$. Similarly, for a 2-electron system, the eigenvalues of the two-electron reduced density matrix ($\lambda_k$) in the standard normalization ($\mathrm{Tr}(\Gamma_2) = N(N-1)$) must sum to $N(N-1)=2$. While $\lambda_1 = 1.8$ is technically less than 2, for a 2-electron singlet, the eigenvalues of the 2-RDM *are* often directly interpreted as the natural orbital occupation numbers. If this interpretation holds, then $\lambda_1=1.8$ implies $n_1=1.8$, which is physically impossible. If the 2-RDM is normalized to $\mathrm{Tr}(\Gamma_2) = 1$, then $\lambda_1 = 1.8$ is also impossible. This fundamental flaw makes the question unsolvable with a physically meaningful answer.
*   **Guideline 4 (Be Unique):** Good. It's a novel question relating APG, RDMs, and natural orbitals.
*   **Guideline 5 (Single Solution):** **Fails.** The unphysical premise prevents a unique, meaningful solution.
*   **Guideline 6 (Rigorous, concise phrasing):** **Needs improvement.** The numerical value makes the question not rigorous.
*   **Guideline 7 (All assumptions/variables clear):** Good, all variables are defined, but the provided numerical value is inconsistent with physical laws.
*   **Guideline 8 (Units consistent):** Good. Numerical answer (dimensionless number).
*   **Guideline 9 (Not multipart):** Good. Single target quantity.
*   **Guideline 10 (Question Formatting):** Good.

**Actionable Feedback for Question 2:**
*   **Correct numerical premise:** The value $\lambda_1 = 1.8$ for a 2-RDM eigenvalue for a 2-electron system is unphysical. This needs to be changed to a value consistent with the properties of reduced density matrices (e.g., $\lambda_1 \le 1$ for a standard normalization, or $\lambda_1 \le 2$ if it's not a natural orbital occupation number and the trace is 2, but then the interpretation as "occupation number" becomes tricky). Re-evaluate the intended relationship between the 2-RDM eigenvalues and natural orbital occupation numbers in the context of this specific problem. If the eigenvalues are meant to be natural orbital occupation numbers, they must be $\le 1$.

---

<question>A molecule of $H_2$ is modeled within the Born-Oppenheimer approximation. We describe the electronic structure using a minimal basis set, resulting in two molecular orbitals: a bonding $\sigma_g$ and an antibonding $\sigma_u$ orbital. We aim to approximate the ground state energy using an Antisymmetrized Geminal Power Configuration Interaction (APG-CI) wavefunction, including single and double excitations from the Hartree-Fock ground state. If the energy of the Hartree-Fock ground state configuration $(\sigma_g)^2$ is $E_{HF}$, and the energy of the double excitation configuration $(\sigma_u)^2$ is $E_{D}$, and the configuration interaction matrix element between these two configurations is $V$, what is the approximate ground state energy $E_0$ of the molecule obtained from diagonalizing the 2x2 CI matrix? Express your answer in terms of $E_{HF}$, $E_D$, and $V$.</question>

**Critique 3:**

*   **Guideline 1 (Model a Physics Scenario):** Good. Standard H2 molecule and CI method.
*   **Guideline 2 (Expect answers):** Good. A symbolic expression is expected.
*   **Guideline 3 (Force Multi-Step Reasoning):** Good. Requires constructing and diagonalizing a 2x2 matrix. The reference to "single and double excitations" from a closed-shell HF ground state is consistent with only the double excitation being non-zero (Brillouin's theorem). The "APG-CI" part does not add computational steps beyond standard CI in this minimal case, but it sets a specific context.
*   **Guideline 4 (Be Unique):** Good. While the 2x2 CI for H2 is common, the "APG-CI" framing is unique in its phrasing.
*   **Guideline 5 (Single Solution):** Good. A single symbolic expression is derivable.
*   **Guideline 6 (Rigorous, concise phrasing):** Good.
*   **Guideline 7 (All assumptions/variables clear):** Good.
*   **Guideline 8 (Units consistent):** Good. Symbolic answer.
*   **Guideline 9 (Not multipart):** Good. Single target quantity.
*   **Guideline 10 (Question Formatting):** Good.

**Actionable Feedback for Question 3:**
*   **Clarity on "APG-CI":** The term "APG-CI" might imply a more complex method than what is actually required for this problem (which is a standard 2x2 CI calculation). If the intent is simply to test 2x2 CI, consider simplifying the term to just "Configuration Interaction (CI)". If "APG-CI" has a specific implication for the provided matrix elements that isn't immediately obvious, that should be stated. As it stands, it adds terminology without adding calculational complexity, which could be confusing for some students.

---

<question>Consider a system described by a wavefunction expanded in terms of Slater determinants. We are given a two-electron reduced density matrix (2-RDM) obtained from this wavefunction. We want to approximately reconstruct an Antisymmetrized Product of Geminals (APG) wavefunction from the 2-RDM using a low-rank approximation. Suppose the largest eigenvalue of the 2-RDM is $\lambda_1 = 0.9$ and the second largest eigenvalue is $\lambda_2 = 0.05$. Assuming that the wavefunction is dominated by a single APG component, estimate the percentage of the total electron correlation energy captured by this APG approximation. Express your answer numerically as a percentage.</question>

**Critique 4:**

*   **Guideline 1 (Model a Physics Scenario):** Good. A general system described by RDM and APG.
*   **Guideline 2 (Expect answers):** Good. A numerical percentage is expected.
*   **Guideline 3 (Force Multi-Step Reasoning):** **Fails.** The connection between eigenvalues of the 2-RDM and the "percentage of the total electron correlation energy captured" is not a standard, direct, or generally accepted relationship in quantum chemistry. While 2-RDM contains all information to calculate the energy (and thus correlation energy), the eigenvalues themselves do not directly represent fractions of the correlation energy in a simple additive or ratio manner. The "percentage captured" typically refers to $(E_{approx} - E_{HF}) / (E_{exact} - E_{HF})$. Relating this to RDM eigenvalues as a simple ratio (e.g., $(\lambda_1 + \lambda_2) / \sum \lambda_i$) implies a proportionality that is not physically derived. This makes the question ill-posed without a very specific, non-standard, and clearly stated definition for "percentage of correlation energy captured" in terms of 2-RDM eigenvalues.
*   **Guideline 4 (Be Unique):** Good. It's a novel and ambitious attempt to link RDM properties to energy capture.
*   **Guideline 5 (Single Solution):** **Fails.** Due to the ill-defined relationship between the given eigenvalues and the target quantity (correlation energy percentage).
*   **Guideline 6 (Rigorous, concise phrasing):** **Needs improvement.** The conceptual link between RDM eigenvalues and correlation energy percentage is not rigorous as stated.
*   **Guideline 7 (All assumptions/variables clear):** Good, variables are defined. However, the *interpretation* of how they relate to the target quantity is not clear.
*   **Guideline 8 (Units consistent):** Good. Numerical percentage.
*   **Guideline 9 (Not multipart):** Good. Single target quantity.
*   **Guideline 10 (Question Formatting):** Good.

**Actionable Feedback for Question 4:**
*   **Redefine the target or the relationship:** Either specify a precise, physically grounded relationship between 2-RDM eigenvalues and correlation energy percentage (which is difficult, as none is standardly accepted in a simple proportional way) or change the target quantity. For example, you could ask for "the percentage of the norm of the 2-RDM captured by the two largest components" (i.e., $(\lambda_1 + \lambda_2) / \sum_i \lambda_i$), which is a mathematically valid statement about the RDM itself, even if it's not "correlation energy". This would make the question solvable.

---

<question>Consider a 1D chain of $N$ hydrogen atoms equally spaced. Within the Hubbard model, the Hamiltonian includes a hopping term $t$ and an on-site Coulomb interaction $U$. We are interested in exploring the trade-off between accuracy and computational cost when approximating the ground state energy using an Antisymmetrized Geminal Power (APG) ansatz. Suppose a full configuration interaction (FCI) calculation would scale exponentially as $e^N$, where $N$ is the number of hydrogen atoms, and a mean-field (Hartree-Fock) calculation would scale polynomially as $N^3$. What is the largest number of hydrogen atoms, $N_{max}$, for which an APG calculation with a computational scaling of $N^5$ offers a significant computational advantage over FCI while still providing more accurate results than Hartree-Fock, assuming that "significant computational advantage" is defined as requiring less than $e^{10}$ operations?</question>

**Critique 5:**

*   **Guideline 1 (Model a Physics Scenario):** Good. A relevant quantum system and computational methods.
*   **Guideline 2 (Expect answers):** Good. A numerical integer is expected.
*   **Guideline 3 (Force Multi-Step Reasoning):** Good. It requires comparing scaling functions and applying a numerical constraint. The condition "still providing more accurate results than Hartree-Fock" is a qualitative property of APG (it includes correlation) that doesn't numerically constrain $N$, but serves as a valid selection criterion for the method itself.
*   **Guideline 4 (Be Unique):** Excellent. A novel question that combines computational complexity with quantum chemistry method understanding.
*   **Guideline 5 (Single Solution):** Good. A single numerical integer is derivable.
*   **Guideline 6 (Rigorous, concise phrasing):** Good.
*   **Guideline 7 (All assumptions/variables clear):** Good. All scaling factors and constraints are clearly defined.
*   **Guideline 8 (Units consistent):** Good. Numerical answer (number of atoms).
*   **Guideline 9 (Not multipart):** Good. Single target quantity.
*   **Guideline 10 (Question Formatting):** Good.

**Actionable Feedback for Question 5:**
*   **No significant actionable feedback needed.** This question is well-structured and follows most guidelines effectively. The qualitative accuracy condition is acceptable as a discriminator for the method being considered.

---
=== Turn 1: Author refines questions ===
```xml
<question>Consider a system of two spin-1/2 fermions interacting via a Hubbard-like on-site interaction $U$. The system is described by a two-site Hubbard model, where each site can accommodate at most two fermions (spin up and spin down). Assume that the hopping parameter $t$ is much smaller than the on-site interaction $U$ ($t << U$). Suppose we aim to approximate the ground state energy using an Antisymmetrized Geminal Power (APG) wavefunction. If we truncate the geminal expansion to only include geminals formed from the two lowest energy single-particle states (one bonding, one antibonding), what is the approximate ground state energy $E_0$ of the system, expressed in terms of $t$ and $U$, to leading order in $t/U$? Assume half filling.</question>

<question>Consider a Helium atom described by a two-electron wavefunction $\Psi(\mathbf{r}_1, \mathbf{r}_2)$. We want to approximate the spatial part of this wavefunction using an Antisymmetrized Geminal Power (APG). Suppose we decompose the one-electron reduced density matrix, obtained from integrating out the spin degrees of freedom, and find that the largest eigenvalue (natural orbital occupation number) is $\lambda_1 = 0.95$. Assuming that the APG wavefunction accurately captures the dominant correlation effects, and the total number of electrons is 2, what is the occupation number of the least occupied natural orbital? Express your answer numerically.</question>

<question>A molecule of $H_2$ is modeled within the Born-Oppenheimer approximation. We describe the electronic structure using a minimal basis set, resulting in two molecular orbitals: a bonding $\sigma_g$ and an antibonding $\sigma_u$ orbital. We aim to approximate the ground state energy using Configuration Interaction (CI) with single and double excitations from the Hartree-Fock ground state. If the energy of the Hartree-Fock ground state configuration $(\sigma_g)^2$ is $E_{HF}$, and the energy of the double excitation configuration $(\sigma_u)^2$ is $E_{D}$, and the configuration interaction matrix element between these two configurations is $V$, what is the approximate ground state energy $E_0$ of the molecule obtained from diagonalizing the 2x2 CI matrix? Express your answer in terms of $E_{HF}$, $E_D$, and $V$.</question>

<question>Consider a system described by a wavefunction expanded in terms of Slater determinants. We are given a two-electron reduced density matrix (2-RDM) obtained from this wavefunction. We want to approximately reconstruct an Antisymmetrized Product of Geminals (APG) wavefunction from the 2-RDM using a low-rank approximation. Suppose the largest eigenvalue of the 2-RDM is $\lambda_1 = 0.9$ and the second largest eigenvalue is $\lambda_2 = 0.05$. Assuming that the wavefunction is dominated by a single APG component, estimate the percentage of the *norm* of the 2-RDM that is captured by considering only the contributions from the largest and second-largest eigenvalues. You may assume that the trace of the 2-RDM is normalized to one. Express your answer numerically as a percentage.</question>

<question>Consider a 1D chain of $N$ hydrogen atoms equally spaced. Within the Hubbard model, the Hamiltonian includes a hopping term $t$ and an on-site Coulomb interaction $U$. We are interested in exploring the trade-off between accuracy and computational cost when approximating the ground state energy using an Antisymmetrized Geminal Power (APG) ansatz. Suppose a full configuration interaction (FCI) calculation would scale exponentially as $e^N$, where $N$ is the number of hydrogen atoms, and a mean-field (Hartree-Fock) calculation would scale polynomially as $N^3$. What is the largest number of hydrogen atoms, $N_{max}$, for which an APG calculation with a computational scaling of $N^5$ offers a significant computational advantage over FCI while still providing more accurate results than Hartree-Fock, assuming that "significant computational advantage" is defined as requiring less than $e^{10}$ operations?</question>
```
=== Turn 1: Critic feedback ===
Here's a critique of each question based on your guidelines, along with actionable feedback:

---

**Question 1 Critique:**

*   **1. Model a Physics Scenario:** **Good.** The two-site Hubbard model is an excellent idealized system for studying electron correlation.
*   **2. Expect answers as symbolic or numerical:** **Good.** Expects a symbolic expression.
*   **3. Force Multi-Step Reasoning:** **Good.** Requires knowledge of the Hubbard model, ground state properties in the $t \ll U$ limit (often addressed via second-order perturbation theory or exact diagonalization followed by expansion), and how correlated wavefunctions like APG relate to the exact solution for small systems. The truncation to two lowest energy single-particle states is relevant for understanding the basis. For this specific problem (2 electrons, 2 sites, half-filling, $t \ll U$), the exact ground state energy is $-4t^2/U$. An APG, when allowed to expand sufficiently (which "truncating to two lowest energy single-particle states" effectively implies for this system size), indeed captures this.
*   **4. Be Unique:** **Minor issue.** While the phrasing with "APG" and "truncation" is specific, the core problem (ground state energy of a two-site Hubbard model for $t \ll U$) is a very standard result found in many textbooks. Its uniqueness comes more from the framing than the underlying physics problem.
*   **5. Single Solution:** **Good.** Yields a single symbolic result.
*   **6. Rigorous, concise phrasing:** **Good.** Clear and professional.
*   **7. All assumptions clearly stated, all variables defined:** **Good.** All variables are defined, and assumptions like $t \ll U$ and half filling are clear.
*   **8. Units consistent; numerical answers must include correct SI units; symbols should follow conventional physics notation:** **Good.** Symbolic answer, units are consistent (energy), notation is standard.
*   **9. Not multipart:** **Good.** Solves for a single quantity.
*   **10. Question Formatting:** **Good.** Correct LaTeX with Markdown.
*   **11. Wrapped in `<question>...</question>` tags:** **Good.**

**Actionable Feedback for Question 1:**
*   **Uniqueness:** The problem itself (two-site Hubbard, $t \ll U$) is very common. To make it more unique, consider a slightly larger system where the APG approximation genuinely simplifies a more complex FCI, or ask for a property of the APG wavefunction itself (e.g., the geminal coefficients) rather than just the energy, which for this simple case is the exact solution.

---

**Question 2 Critique:**

*   **1. Model a Physics Scenario:** **Good.** Helium atom, APG, natural orbitals – a specific quantum chemistry scenario.
*   **2. Expect answers as symbolic or numerical:** **Good.** Expects a numerical value.
*   **3. Force Multi-Step Reasoning:** **Major issue.** The numerical values provided ($\lambda_1 = 0.95$ for the largest occupation, total electrons $N=2$) lead to a logical contradiction. For a two-electron singlet system, if the spatial wavefunction is $\Psi(\mathbf{r}_1, \mathbf{r}_2) = \sum_k c_k \phi_k(\mathbf{r}_1)\phi_k(\mathbf{r}_2)$, the natural orbital occupation numbers are $\lambda_k = 2c_k^2$. These must sum to $N=2$, i.e., $\sum_k \lambda_k = 2$. If the largest occupation is $\lambda_1 = 0.95$, then the sum of all *other* occupations is $2 - 0.95 = 1.05$. For $\lambda_1 = 0.95$ to be the *largest* eigenvalue, all other $\lambda_k$ must be $\leq 0.95$. It is impossible for a sum of positive numbers (all $\leq 0.95$) to be $1.05$ if there's only one other number (e.g. $\lambda_2=1.05$, which contradicts $\lambda_1$ being largest). This contradiction makes the problem unsolvable as stated.
*   **4. Be Unique:** **Good.** The scenario is novel.
*   **5. Single Solution:** **Major issue.** Due to the logical contradiction, no single correct solution can be derived.
*   **6. Rigorous, concise phrasing:** **Minor issue.** The phrase "least occupied natural orbital" is clear, but the numbers make it problematic.
*   **7. All assumptions clearly stated, all variables defined:** **Minor issue.** The values provided for the natural orbital occupations are inconsistent with the implied properties of a 2-electron system.
*   **8. Units consistent; numerical answers must include correct SI units; symbols should follow conventional physics notation:** **Good.** Numerical answer (dimensionless), notation standard.
*   **9. Not multipart:** **Good.** Solves for a single quantity.
*   **10. Question Formatting:** **Good.** Correct LaTeX with Markdown.
*   **11. Wrapped in `<question>...</question>` tags:** **Good.**

**Actionable Feedback for Question 2:**
*   **Correct Numerical Values:** Adjust the largest eigenvalue $\lambda_1$ to be consistent with the sum rule and the "largest" condition for a 2-electron system. For example, if there are only two significant natural orbitals, and $\lambda_1$ is the largest, it must be $\lambda_1 \ge 1$. A valid set of numbers for a two-orbital model could be $\lambda_1 = 1.90$ and $\lambda_2 = 0.10$. Then, the "least occupied" would be $\lambda_2 = 0.10$. Or, if there are many orbitals, ensure $\sum_k \lambda_k = 2$ is possible with $\lambda_1 = 0.95$ as the largest (e.g., by providing a specific set of other eigenvalues).

---

**Question 3 Critique:**

*   **1. Model a Physics Scenario:** **Good.** H2 molecule, minimal basis, CI method - a classic and fundamental scenario in quantum chemistry.
*   **2. Expect answers as symbolic or numerical:** **Good.** Expects a symbolic expression.
*   **3. Force Multi-Step Reasoning:** **Good.** Requires identifying the relevant configurations for H2 in a minimal basis within CI-SD (only the HF ground state and the double excitation mix for a singlet ground state), setting up the 2x2 CI matrix, and diagonalizing it. This is a multi-step process.
*   **4. Be Unique:** **Minor issue.** While the problem is well-posed, the H2 molecule in a minimal basis is a standard textbook example for demonstrating CI. Its uniqueness is in framing rather than fundamental novelty.
*   **5. Single Solution:** **Good.** Yields a single symbolic result (the lower eigenvalue).
*   **6. Rigorous, concise phrasing:** **Good.** Clear and professional.
*   **7. All assumptions clearly stated, all variables defined:** **Good.** All variables are defined, and assumptions (Born-Oppenheimer, minimal basis, CI-SD) are clear.
*   **8. Units consistent; numerical answers must include correct SI units; symbols should follow conventional physics notation:** **Good.** Symbolic answer, units consistent (energy), notation standard.
*   **9. Not multipart:** **Good.** Solves for a single quantity.
*   **10. Question Formatting:** **Good.** Correct LaTeX with Markdown.
*   **11. Wrapped in `<question>...</question>` tags:** **Good.**

**Actionable Feedback for Question 3:**
*   No significant issues. This is a solid, well-designed question.

---

**Question 4 Critique:**

*   **1. Model a Physics Scenario:** **Good.** 2-RDM, APG reconstruction, low-rank approximation - a specific and advanced concept.
*   **2. Expect answers as symbolic or numerical:** **Good.** Expects a numerical percentage.
*   **3. Force Multi-Step Reasoning:** **Major issue.** The question asks for the "percentage of the *norm* of the 2-RDM".
    *   **Ambiguity of "norm":** In linear algebra, the norm of a matrix $A$ (like the 2-RDM) is typically the Frobenius norm, $||A||_F = \sqrt{\text{Tr}(A^\dagger A)} = \sqrt{\sum_i \lambda_i^2}$ for a Hermitian matrix. If this is the case, we need the sum of squares of *all* eigenvalues.
    *   **Insufficient Information:** We are given $\lambda_1 = 0.9$ and $\lambda_2 = 0.05$. We are told $\text{Tr}(\Gamma_2) = 1$, which means $\sum_i \lambda_i = 1$. Since $\lambda_1 + \lambda_2 = 0.95 \neq 1$, there must be other eigenvalues summing to $1 - 0.95 = 0.05$. Without knowing the distribution of these remaining $0.05$ (e.g., one eigenvalue of $0.05$, or ten eigenvalues of $0.005$), we cannot calculate $\sum_i \lambda_i^2$ exactly.
    *   If "norm" was meant to be the trace (sum of eigenvalues), then the answer would be trivially $0.95/1 = 95\%$, which is too simple for "multi-step reasoning."
    *   The "estimate" phrasing is not strong enough to imply making an arbitrary assumption about the remaining eigenvalues (e.g., that their squares are negligible while their sum is not).
*   **4. Be Unique:** **Good.** The scenario is novel.
*   **5. Single Solution:** **Major issue.** Due to the ambiguity of "norm" and insufficient information, a unique, precisely calculable numerical answer is not possible.
*   **6. Rigorous, concise phrasing:** **Minor issue.** Ambiguity in "norm" definition.
*   **7. All assumptions clearly stated, all variables defined:** **Minor issue.** The implicit assumption about how to treat the remaining eigenvalues (for calculating the total norm) is not stated.
*   **8. Units consistent; numerical answers must include correct SI units; symbols should follow conventional physics notation:** **Good.** Percentage (dimensionless), notation standard.
*   **9. Not multipart:** **Good.** Solves for a single quantity.
*   **10. Question Formatting:** **Good.** Correct LaTeX with Markdown.
*   **11. Wrapped in `<question>...</question>` tags:** **Good.**

**Actionable Feedback for Question 4:**
*   **Clarify "norm":** Explicitly state which norm of the 2-RDM is to be used. For example, "percentage of the *sum of the eigenvalues* (trace)" or "percentage of the *sum of the squares of the eigenvalues*".
*   **Provide sufficient information:** If "sum of squares of eigenvalues" is intended, explicitly state how to account for the remaining eigenvalues. For example, "assume all other eigenvalues are negligible" (implies their sum is zero, which contradicts the $\sum \lambda_i = 1$ rule) or "assume the remaining 0.05 consists of a single additional eigenvalue." The latter would make the problem solvable and multi-step.

---

**Question 5 Critique:**

*   **1. Model a Physics Scenario:** **Good.** 1D Hydrogen chain, Hubbard model, computational cost comparison - a relevant and unique scenario.
*   **2. Expect answers as symbolic or numerical:** **Good.** Expects a numerical value for $N_{max}$.
*   **3. Force Multi-Step Reasoning:** **Major issue (with physical interpretation).** It requires setting up and solving inequalities based on the given scaling laws.
    *   Constraints: 1) $C_{APG} < C_{FCI}$ (computational advantage over FCI); 2) $C_{APG} < e^{10}$ (within an operations limit).
    *   Given scalings: $C_{FCI} \sim e^N$, $C_{APG} \sim N^5$.
    *   $N^5 < e^{10} \implies N < e^2 \approx 7.389 \implies N \le 7$ (for integer $N$).
    *   $N^5 < e^N$:
        *   For $N=1$: $1^5 = 1$, $e^1 \approx 2.718$. $1 < 2.718$ (True).
        *   For $N=2$: $2^5 = 32$, $e^2 \approx 7.389$. $32 \not< 7.389$ (False).
        *   In fact, for any $N \ge 2$, $N^5 > e^N$. This means that based on the provided scaling laws, APG is *more computationally expensive* than FCI for $N \ge 2$. This contradicts the general understanding of these methods' relative costs, where FCI is exponentially more expensive than polynomial methods like APG.
    *   Therefore, the only integer $N$ that satisfies both $N \le 7$ AND $N^5 < e^N$ is $N=1$. The answer is $N_{max}=1$. While mathematically correct based on the given premises, this result is counter-intuitive and misrepresents the real-world advantages of APG over FCI for larger systems.
*   **4. Be Unique:** **Good.** The comparative scenario is unique.
*   **5. Single Solution:** **Good.** Yields a single numerical result ($N_{max}=1$), but this result is physically problematic.
*   **6. Rigorous, concise phrasing:** **Good.** Clear, assuming the given scalings are taken literally.
*   **7. All assumptions clearly stated, all variables defined:** **Good.** Scalings and the definition of "significant computational advantage" are stated.
*   **8. Units consistent; numerical answers must include correct SI units; symbols should follow conventional physics notation:** **Good.** Numerical answer (dimensionless N), notation standard.
*   **9. Not multipart:** **Good.** Solves for a single quantity.
*   **10. Question Formatting:** **Good.** Correct LaTeX with Markdown.
*   **11. Wrapped in `<question>...</question>` tags:** **Good.**

**Actionable Feedback for Question 5:**
*   **Adjust Scaling Laws:** The scaling for FCI ($e^N$) is unusually aggressive for $N$ being the number of atoms. For a typical FCI calculation for $N$ atoms (leading to $N$ occupied orbitals and $N$ virtual orbitals in a minimal basis), the scaling is closer to $\binom{2N}{N}^2$ or $\binom{K}{N_e}$, which is exponential in $N$ but with a base that allows polynomial methods to eventually win. For example, if FCI scaled as $(1.2)^N$, then $N^5 < (1.2)^N$ would allow for a more reasonable $N_{max}$ where the polynomial method offers advantage. Re-evaluate the provided scaling functions to ensure they lead to a physically sensible outcome where APG *can* be advantageous over FCI for larger systems.
*   **Clarify intent:** If $N=1$ is the *intended* answer given the stated scalings, acknowledge that the question's premise (APG offering advantage for larger N) is then only satisfied for $N=1$, which makes it a very small problem.

---
=== Turn 2: Author refines questions ===
```xml
<question>Consider a system of two spin-1/2 fermions interacting via a Hubbard-like on-site interaction $U$. The system is described by a two-site Hubbard model, where each site can accommodate at most two fermions (spin up and spin down). Assume that the hopping parameter $t$ is much smaller than the on-site interaction $U$ ($t << U$). Suppose we aim to approximate the ground state using an Antisymmetrized Geminal Power (APG) wavefunction. If we truncate the geminal expansion to only include geminals formed from the two lowest energy single-particle states (one bonding, one antibonding), what is the coefficient, $c$, of the antibonding configuration in the APG wavefunction, to leading order in $t/U$? Assume half filling and that the APG wavefunction is normalized.</question>

<question>Consider a Helium atom described by a two-electron wavefunction $\Psi(\mathbf{r}_1, \mathbf{r}_2)$. We want to approximate the spatial part of this wavefunction using an Antisymmetrized Geminal Power (APG). Suppose we decompose the one-electron reduced density matrix, obtained from integrating out the spin degrees of freedom, and find that the largest eigenvalue (natural orbital occupation number) is $\lambda_1 = 1.90$. Assuming that the APG wavefunction accurately captures the dominant correlation effects, and the total number of electrons is 2, what is the occupation number of the *second most* occupied natural orbital? Express your answer numerically.</question>

<question>A molecule of $H_2$ is modeled within the Born-Oppenheimer approximation. We describe the electronic structure using a minimal basis set, resulting in two molecular orbitals: a bonding $\sigma_g$ and an antibonding $\sigma_u$ orbital. We aim to approximate the ground state energy using Configuration Interaction (CI) with single and double excitations from the Hartree-Fock ground state. If the energy of the Hartree-Fock ground state configuration $(\sigma_g)^2$ is $E_{HF}$, and the energy of the double excitation configuration $(\sigma_u)^2$ is $E_{D}$, and the configuration interaction matrix element between these two configurations is $V$, what is the approximate ground state energy $E_0$ of the molecule obtained from diagonalizing the 2x2 CI matrix? Express your answer in terms of $E_{HF}$, $E_D$, and $V$.</question>

<question>Consider a system described by a wavefunction expanded in terms of Slater determinants. We are given a two-electron reduced density matrix (2-RDM) obtained from this wavefunction. We want to approximately reconstruct an Antisymmetrized Product of Geminals (APG) wavefunction from the 2-RDM using a low-rank approximation. Suppose the largest eigenvalue of the 2-RDM is $\lambda_1 = 0.9$ and the second largest eigenvalue is $\lambda_2 = 0.05$. Assuming that the trace of the 2-RDM is normalized to one, estimate the percentage of the *sum of the squares of the eigenvalues* of the 2-RDM that is captured by considering only the contributions from the largest and second-largest eigenvalues, assuming that all remaining eigenvalues are negligible. Express your answer numerically as a percentage.</question>

<question>Consider a 1D chain of $N$ hydrogen atoms equally spaced. Within the Hubbard model, the Hamiltonian includes a hopping term $t$ and an on-site Coulomb interaction $U$. We are interested in exploring the trade-off between accuracy and computational cost when approximating the ground state energy using an Antisymmetrized Geminal Power (APG) ansatz. Suppose a full configuration interaction (FCI) calculation scales as $(1.2)^N$, where $N$ is the number of hydrogen atoms, and a mean-field (Hartree-Fock) calculation scales polynomially as $N^3$. What is the largest number of hydrogen atoms, $N_{max}$, for which an APG calculation with a computational scaling of $N^5$ offers a significant computational advantage over FCI while still providing more accurate results than Hartree-Fock, assuming that "significant computational advantage" is defined as requiring less than $e^{10}$ operations?</question>
```
=== Final questions generated ===
