=== Turn 0: Author generates questions ===
<question>Consider a composite Higgs model in which the Higgs boson arises as a pseudo-Nambu-Goldstone boson of a spontaneously broken global symmetry $G \to H$. Assuming the vacuum misalignment angle is $\theta$, derive a symbolic expression for the deviation $\delta g_{hVV}$ of the Higgs coupling to vector bosons ($V=W,Z$) relative to the Standard Model coupling $g_{hVV}^{\text{SM}}$, expressed purely in terms of $\theta$. Furthermore, express the physical Higgs vacuum expectation value $v$ as a function of the underlying decay constant $f$ and $\theta$.</question>

<question>In a universe governed by a relaxion field $\phi$ coupled to the Standard Model Higgs via a scanning mass parameter $m_h^2(\phi) = m_0^2 - g \Lambda \phi$, where $\Lambda$ is a UV cutoff scale, consider that $\phi$ settles dynamically at the point where the Higgs obtains a vacuum expectation value $v$. Derive a closed-form expression linking the stopping position $\phi_*$ of the relaxion field to the known parameters $m_0$, $g$, $\Lambda$, and $v$, assuming the backreaction potential that halts the relaxion is proportional to $v^4 \cos(\phi/f)$ with decay constant $f$.</question>

<question>Given a neutral naturalness scenario in which twin sector fermion loops modify the Higgs effective potential, model the shift $\delta \lambda$ in the quartic Higgs coupling $\lambda$ at a scale $\mu$ from twin top Yukawa coupling $y'_t$ and twin confinement scale $\Lambda'$, assuming the dominant correction arises at one-loop order. Express $\delta \lambda(\mu)$ solely in terms of $y'_t$, $\Lambda'$, the Standard Model top Yukawa $y_t$, and the scale $\mu$, neglecting higher-loop terms and running effects.</question>

<question>Analyze a UV/IR mixed theory where high-momentum modes induce a low-energy nonlocal term in the effective action proportional to $\int d^4x\, \phi(x)\, \frac{1}{\Lambda_{\text{UV}}^2 - \Box}\, \phi(x)$, with $\Box$ the d’Alembertian operator. Derive an expression for the modified propagator $G(k)$ in momentum space for scalar fluctuations, explicitly showing the dependence on momentum $k^2$ and UV cutoff scale $\Lambda_{\text{UV}}$.</question>

<question>Within a cosmological constant problem framework, consider that vacuum energy density receives a correction $\Delta \rho_\Lambda$ from a composite Higgs sector with characteristic scale $f$ and a non-perturbative potential $V(H) = \lambda f^4 \sin^2(H/f)$, where $H$ is the Higgs field. Derive the symbolic expression for the resulting shift in the effective cosmological constant $\Delta \Lambda_{\text{eff}}$ in terms of $\lambda$ and $f$, assuming the Higgs field minimizes the potential at $H_0 = v$.</question>

<question>In a composite Higgs model featuring a nonlinear sigma model parametrization $U = e^{i \pi^a T^a / f}$, with $\pi^a$ the Goldstone bosons and $T^a$ generators of $G/H$, derive the symbolic form of the Higgs kinetic term after vacuum misalignment characterized by an angle $\theta$. Express the coefficient of the kinetic term in terms of $f$ and $\theta$, showing its deviation from canonical normalization.</question>

<question>Consider a model where UV/IR mixing induces a scale-dependent Higgs coupling deviation $\delta g_h(\mu)$ proportional to $(\mu/\Lambda_{\text{UV}})^\alpha$, where $\alpha >0$ is an anomalous dimension associated with a new physics operator. Assuming $g_h^{\text{SM}}$ at low energies, derive the expression for the measurable Higgs coupling $g_h(\mu)$ at scale $\mu$ and its fractional deviation $\delta g_h(\mu)/g_h^{\text{SM}}$ as a function of $\mu$, $\Lambda_{\text{UV}}$, and $\alpha$.</question>

<question>In the relaxion mechanism, the Higgs mass squared parameter $m_h^2(\phi)$ crosses zero at $\phi = \phi_c$. Given a backreaction potential $V_{\text{br}}(\phi) = \Lambda_{\text{br}}^4 \cos(\phi/f)$ that stops the relaxion, derive the condition relating the slope $d m_h^2/d\phi$, $\Lambda_{\text{br}}$, $f$, and Higgs VEV $v$ that must be satisfied for the relaxion to halt at $\phi = \phi_c$, producing electroweak symmetry breaking at $v$.</question>

<question>In a neutral naturalness framework, the Higgs mass parameter receives a twin sector quadratic divergent correction $\delta m_h^2$ cut off at the twin confinement scale $\Lambda'$. Assuming the twin top Yukawa $y'_t$ and ignoring SM contributions, find an explicit symbolic expression for $\delta m_h^2$ in terms of $y'_t$, $\Lambda'$, and the twin color number $N_c'$, incorporating the leading order dependence on the UV cutoff.</question>

<question>Define an effective field theory where UV modes generate a nonlocal operator modifying the scalar field kinetic term as $\mathcal{L} \supset \frac{1}{2} \phi (1 + \frac{\Box}{\Lambda_{\text{UV}}^2}) \Box \phi$. Derive the dispersion relation $\omega(k)$ for scalar excitations, expressing frequency $\omega$ as a function of momentum magnitude $k$ and the UV scale $\Lambda_{\text{UV}}$, considering only positive-energy solutions.</question>
=== Turn 0: Critic feedback ===
Below is a critique for each question, referencing your guidelines and providing recommendations for improvement.

---

### 1. **Composite Higgs Model, $g_{hVV}$ and $v(f,\theta)$**

**Strengths:**
- Models a realistic high-energy physics scenario.
- Requests specific, symbolic, single expressions ($\delta g_{hVV}$ and $v(f, \theta)$).
- Requires multi-step reasoning (symmetry breaking, projection onto physical fields).

**Weaknesses:**
- **Multi-part:** Asks for *both* the coupling deviation and the $v(f, \theta)$ relationship, which is two quantities.
- **Redundancy:** $v(f, \theta)$ is often intimately tied to $\delta g_{hVV}$; explicitly asking for both could be collapsed into one request.
- **Assumptions:** Assumes familiarity with the connection between the vacuum misalignment and both observables; context could be more explicit.

**Improvements:**
- Ask only for the deviation or only for the $v(f,\theta)$ relation, not both.
- Be explicit about conventions, e.g., whether $g_{hVV}$ refers to $g_{hWW}$, $g_{hZZ}$ specifically, or generically.
- Example revision: “In a composite Higgs model with vacuum misalignment angle $\theta$, derive the symbolic deviation $\delta g_{hVV}$ in the Higgs coupling to vector bosons relative to the Standard Model, expressed in terms of $\theta$.”

---

### 2. **Relaxion Stopping Point, Closed-Form $\phi_*$**

**Strengths:**
- Realistic model, concrete scenario.
- Targets a single symbolic quantity with named parameters.
- Multi-step: Relates dynamics, potential, stopping condition.

**Weaknesses:**
- **Units:** “Proportional to $v^4 \cos(\phi/f)$” — prefactor of the backreaction potential is ambiguous (should specify constant).
- **Assumption dependence:** Solution depends critically on specifying all contributions to the relaxion potential.
- **Multiple answers possible:** If prefactors are not uniquely defined, the answer is ambiguous.

**Improvements:**
- Explicitly define the full relaxion potential, not just up to proportionality.
- State all relevant terms and assumptions needed to compute $\phi_*$ unambiguously.
- Pose as: “Given $V_{\rm total}(\phi) = [\text{scanning}]+\kappa v^4 \cos(\phi/f)$, derive $\phi_*$, expressing all input parameters.”

---

### 3. **Twin Sector Correction to Higgs Quartic**

**Strengths:**
- Nontrivial, realistic scenario.
- Targets a specific symbolic correction $\delta\lambda$ at a particular scale.
- Forces loop computation, so multi-step.

**Weaknesses:**
- **Redundancy:** Including both $y'_t$, $\Lambda'$, $y_t$, and $\mu$ — is $y_t$ needed if only the twin sector is assumed to dominate?
- **Running/Neglect Clause:** Sentence “neglecting higher loop terms and running effects” is helpful, but perhaps could be more concise.
- “Solely in terms of…”: redundant, removes flexibility in variable input.

**Improvements:**
- Specify clearly whether to include only twin corrections or both SM and twin.
- Rephrase for clarity: “Ignoring Standard Model contributions, derive the symbolic one-loop correction $\delta\lambda(\mu)$ to the Higgs self-coupling from twin top quarks with Yukawa $y'_t$ and cutoff $\Lambda'$.”

---

### 4. **UV/IR Nonlocal Term, Modified Propagator**

**Strengths:**
- Physical context clear; nonlocality is the distinguishing feature.
- Asks for a single, unique symbolic function of $k^2$ and $\Lambda_{\text{UV}}$.
- Multi-step: Connects operator structure to propagator form.

**Weaknesses:**
- **Units:** No explicit issue, but “low-energy” and “high-momentum” could be less colloquial.
- **Ambiguity:** $\phi(x)\frac{1}{\Lambda_{\text{UV}}^2-\Box}\phi(x)$: specify if there’s an overall coefficient.

**Improvements:**
- Remove colloquial phrases: Say “A scalar field theory with an effective nonlocal term…” etc.
- Specify all coefficients needed to unambiguously derive $G(k)$.

---

### 5. **Composite Higgs Vacuum Energy, $\Delta\Lambda_{\mathrm{eff}}$**

**Strengths:**
- Physical motivation (cosmological constant problem).
- Asks for single symbolic expression.
- Requires two steps (minimize $V(H)$ at $H_0=v$ and compute $V(v)$).

**Weaknesses:**
- **Potential parameters:** If $V(H)$ is defined up to an additive constant, the meaning of the “shift in cosmological constant” is ambiguous.
- **Units:** Assuming $V$ is energy density.

**Improvements:**
- Specify clearly that the shift $\Delta \Lambda_{\rm eff}$ is defined as $V(H_0) - V(0)$ or similar reference point.
- Example: “Compute $\Delta \Lambda_{\rm eff} = V(v) - V(0)$ for $V(H) = \lambda f^4 \sin^2(H/f)$.”

---

### 6. **Composite Higgs Kinetic Term, Deviation**

**Strengths:**
- Targets single, symbolic coefficient in the kinetic term.
- Entails multi-step reasoning (expanding sigma model, extracting coefficient).

**Weaknesses:**
- **Ambiguity:** “After vacuum misalignment” — more explicit phrasing would help, e.g., “after shifting the vacuum by $\theta$.”
- **Single solution:** Not problematic.

**Improvements:**
- Specify “find the coefficient of the Higgs kinetic term in the effective Lagrangian, as a function of $f,\theta$.”

---

### 7. **UV/IR Mixing, $\delta g_h(\mu)$ Scaling**

**Strengths:**
- Clear scaling law, models scenario, asks for single measurable quantity and its fractional deviation.
- Multi-step: Must relate anomalous dimension scaling to coupling.

**Weaknesses:**
- **Redundancy:** Asks for both $g_h(\mu)$ and its fractional deviation—these are trivially related.
- **Units:** All symbols standard.

**Improvements:**
- Ask for only one of: the measurable coupling *or* the fractional deviation, not both.

---

### 8. **Relaxion, Stopping Condition**

**Strengths:**
- Single symbolic condition, key physical scenario, multi-step reasoning.

**Weaknesses:**
- Potential for ambiguity if “condition” is not unique; ensure all terms/factors needed for the condition are defined.

**Improvements:**
- State that all relevant terms in the potential and stopping mechanism are given; define the derivative appropriately.

---

### 9. **Twin Sector Correction to Higgs Mass**

**Strengths:**
- Single, symbolic result for $\delta m_h^2$ as function of listed parameters.
- Multi-step (loop integral, cutoff dependence).

**Weaknesses:**
- “Incorporating leading order dependence” — could be clearer by specifying “the leading quadratic divergence.”

**Improvements:**
- Phrase as: “Derive the quadratic one-loop contribution to the Higgs mass parameter from twin top loops, as a function of $y'_t, \Lambda', N_c'$.”

---

### 10. **Nonlocal Kinetic Term, Dispersion Relation**

**Strengths:**
- Realistic modification, asks for single symbolic dispersion relation.
- Forces multiple steps: equation of motion, Fourier transform.

**Weaknesses:**
- None apparent; concise, clear and unique outcome.

**Improvements:**
- None needed other than perhaps: “positive-frequency” rather than “positive-energy” solution.

---

## **General Feedback and Recommendations**

- **Single Solution**: Avoid multi-part questions (e.g., “furthermore,” “also derive…”). Each question should result in one symbolic expression.
- **Ambiguity**: Ensure all parameters in the asked-for expression are defined and sufficient for a unique symbolic solution.
- **Clarity**: Phrase requirements to remove all possible doubt about what is meant (e.g., define “the shift in cosmological constant” as a specific quantity).
- **Conciseness**: Streamline language, eliminate redundancy (“solely in terms of”). Use precise physics terminology.
- **Context**: Make sure the physical scenario is well-specified, but avoid extraneous information that doesn't impact derivation.
- **Units and Symbols**: Double-check that all introduced symbols have standard meanings and referents.
- **Formatting**: Write questions so they are immediately renderable in Markdown (use only $...$ and block equation $$...$$ for LaTeX).

---

**Actionable steps:**  
- Split multi-part questions into individual questions.
- Ensure each question is answerable with one unique, symbolic expression.
- Remove redundant requests and ambiguous phrases.
- Explicitly define any proportionalities, reference points, or conventions relevant to the symbolic result.
- Review for concise, unambiguous physics phrasing.

If you revise the questions as above, you will maximize clarity, rigor, and the likelihood of single, high-quality answers meeting all your guidelines.
=== Turn 1: Author refines questions ===
<question>In a composite Higgs model with vacuum misalignment angle $\theta$, derive the symbolic expression for the deviation $\delta g_{hVV}$ of the Higgs coupling to vector bosons ($V=W,Z$) relative to its Standard Model value, expressed solely in terms of $\theta$.</question>

<question>Consider a relaxion model with scanning Higgs mass parameter $m_h^2(\phi) = m_0^2 - g \Lambda \phi$ and a backreaction potential 
\[
V_{\mathrm{br}}(\phi) = \kappa\, v^4 \cos(\phi/f),
\]
where $\kappa$ is a dimensionless constant, $\Lambda$ a UV cutoff scale, $g$ a coupling, and $v$ the Higgs vacuum expectation value achieved at the relaxion stopping point $\phi_*$. Assuming the total potential is
\[
V(\phi) = -g \Lambda m_0^2 \phi + V_{\mathrm{br}}(\phi),
\]
derive a closed-form symbolic expression relating $\phi_*$ to $m_0$, $g$, $\Lambda$, $v$, $f$, and $\kappa$ by imposing the stopping condition $dV/d\phi|_{\phi=\phi_*} = 0$.</question>

<question>Ignoring Standard Model contributions, derive the one-loop correction $\delta \lambda(\mu)$ to the Higgs quartic coupling from twin top quark loops, expressed symbolically in terms of the twin top Yukawa coupling $y'_t$, twin confinement scale $\Lambda'$, and renormalization scale $\mu$, neglecting higher-loop and running effects.</question>

<question>Consider a scalar field theory with a nonlocal effective term modifying the action as
\[
S \supset \frac{1}{2} \int d^4x\, \phi(x) \frac{1}{\Lambda_{\mathrm{UV}}^2 - \Box} \phi(x),
\]
where $\Box$ is the d’Alembertian operator and $\Lambda_{\mathrm{UV}}$ is the UV cutoff scale. Derive the modified scalar propagator $G(k)$ in momentum space as a function of momentum squared $k^2$ and $\Lambda_{\mathrm{UV}}$.</question>

<question>Given the composite Higgs potential
\[
V(H) = \lambda f^4 \sin^2\!\left(\frac{H}{f}\right),
\]
where $\lambda$ and $f$ are constants and $H$ is the Higgs field, define the effective cosmological constant shift as $\Delta \Lambda_{\mathrm{eff}} = V(v) - V(0)$, where $v$ is the Higgs vacuum expectation value that minimizes $V(H)$. Derive a symbolic expression for $\Delta \Lambda_{\mathrm{eff}}$ in terms of $\lambda$, $f$, and $v$.</question>

<question>In a composite Higgs model parametrized by the nonlinear sigma model field
\[
U = e^{i \pi^a T^a / f},
\]
with Goldstone bosons $\pi^a$ and vacuum misalignment angle $\theta$, derive the coefficient of the physical Higgs kinetic term in the effective Lagrangian after vacuum misalignment. Express this coefficient symbolically in terms of $f$ and $\theta$ and show how it deviates from canonical normalization.</question>

<question>Assuming the Higgs coupling to new physics deviates with scale $\mu$ as
\[
\delta g_h(\mu) \propto \left(\frac{\mu}{\Lambda_{\mathrm{UV}}}\right)^\alpha,
\]
where $\alpha > 0$ is the anomalous dimension and $\Lambda_{\mathrm{UV}}$ the UV scale, derive the fractional deviation $\delta g_h(\mu) / g_h^{\mathrm{SM}}$ of the Higgs coupling at scale $\mu$ in terms of $\mu$, $\Lambda_{\mathrm{UV}}$, and $\alpha$, assuming $g_h^{\mathrm{SM}}$ at low energies.</question>

<question>In the relaxion mechanism, the Higgs mass squared parameter $m_h^2(\phi)$ crosses zero at $\phi = \phi_c$. Given a backreaction potential 
\[
V_{\mathrm{br}}(\phi) = \Lambda_{\mathrm{br}}^4 \cos(\phi/f),
\]
derive the condition relating the slope $d m_h^2/d \phi |_{\phi_c}$, the backreaction scale $\Lambda_{\mathrm{br}}$, decay constant $f$, and the Higgs vacuum expectation value $v$ that ensures the relaxion halts at $\phi_c$, producing electroweak symmetry breaking at $v$.</question>

<question>Derive the leading one-loop quadratic divergent correction $\delta m_h^2$ to the Higgs mass parameter from twin top quark loops, assuming twin top Yukawa coupling $y'_t$, twin confinement scale $\Lambda'$, and twin color number $N_c'$. Express $\delta m_h^2$ symbolically in terms of $y'_t$, $\Lambda'$, and $N_c'$, including the UV cutoff dependence explicitly.</question>

<question>Consider an effective field theory where the scalar field kinetic term is modified to
\[
\mathcal{L} \supset \frac{1}{2} \phi \left(1 + \frac{\Box}{\Lambda_{\mathrm{UV}}^2}\right) \Box \phi.
\]
Derive the dispersion relation $\omega(k)$ for scalar excitations, expressing the frequency $\omega$ as a function of the spatial momentum magnitude $k$ and the UV scale $\Lambda_{\mathrm{UV}}$, considering only positive-frequency solutions.</question>
=== Turn 1: Critic feedback ===
Certainly! Here is concise, actionable feedback for each question according to your rigorous assessment guidelines:

---

### 1. Composite Higgs Coupling Deviation

**Assessment:**
- **Good:** Physical scenario is clear, variable is well-specified, multi-step derivation is required, concise and rigorous.
- **Minor issues:** The phrase "derive the symbolic expression for the deviation ... relative to its Standard Model value" is a bit ambiguous—should specify "fractional deviation" or "ratio".
- **Actionable fix:** Specify if the answer sought is the *fractional deviation*, the *absolute* deviation, or the *ratio* to SM, and state how $g_{hVV}$ is defined.

**Suggested Revision:**  
"In a composite Higgs model with vacuum misalignment angle $\theta$, derive the symbolic expression for the fractional deviation $\delta g_{hVV} / g_{hVV}^{\mathrm{SM}}$ of the Higgs coupling to vector bosons ($V=W,Z$), in terms of $\theta$."

---

### 2. Relaxion Model: Stopping Condition

**Assessment:**
- **Good:** Well-posed, scenario and all quantities are defined, targets a specific symbolic relation.
- **Minor issues:** $v$ as "the Higgs vev at the relaxion stopping point" could be made explicit as "the value of $v$ for which $m_h^2(\phi_*) < 0$ yields EWSB".
- **Actionable fix:** Clarify "at the relaxion stopping point $\phi_*$, where $m_h^2(\phi_*) < 0$ and $v$ is the resulting EWSB scale."

---

### 3. Twin Top One-Loop Correction to $\lambda$

**Assessment:**
- **Good:** Targets a nontrivial loop calculation, all parameters specified, expects a symbolic result.
- **Minor issues:** Could explicitly say "find the one-loop beta function contribution to the Higgs quartic from twin top loops only" to avoid ambiguity.
- **Actionable fix:** Specify exactly what is input and which terms/fields to be neglected (confirming that only the given variables are necessary).

---

### 4. Nonlocal Scalar Propagator

**Assessment:**
- **Good:** Clear, unique, rigorous, requires multi-step (Fourier + algebraic) manipulation, unambiguous result.
- **Minor issues:** The meaning of "$S \supset ...$" could simply be "$S =$" unless other terms are being omitted intentionally (which, if so, should be stated).
- **Actionable fix:** State explicitly that only this nonlocal term is relevant for the propagator (i.e., neglect any usual local kinetic or mass terms if that's intended).

---

### 5. Composite Higgs Vacuum Energy Shift

**Assessment:**
- **Good:** Scenario and variables defined, seeks symbolic expression, clear result format; requires identification of vacuum and energy difference.
- **Actionable fix:** None needed, but could clarify that $v$ is the minimizer of $V(H)$.

---

### 6. Composite Higgs Goldstone Kinetic Term

**Assessment:**
- **Good:** Scenario, field parameterization, and variables defined; asks for explicit form and deviation from canonical normalization.
- **Minor issues:** Might clarify "after vacuum misalignment" (i.e., after expanding about the correct vacuum).
- **Actionable fix:** State to "derive and explicitly show the deviation from canonical normalization for the physical Higgs field".

---

### 7. Higgs Coupling Anomalous Dimension

**Assessment:**
- **Good:** Well-posed RG-type question, all variables defined.
- **Minor issues:** The proportionality in the initial expression introduces some ambiguity; better to ask for an explicit symbolic formula (i.e., include the constant of proportionality if possible or assume it is unity for this calculation).
- **Actionable fix:** Specify, "Assuming $\delta g_h(\mu) = C\left(\frac{\mu}{\Lambda_{\mathrm{UV}}}\right)^{\alpha}$ with constant $C$, find the fractional deviation..." or state that only scaling behavior is sought.

---

### 8. Relaxion Stopping Condition at Critical Point

**Assessment:**
- **Good:** Well-posed; scenario, variables and condition are clear; seeks a symbolic relation involving the slope at a critical field value.
- **Minor issues:** Could state that $v$ is the Higgs vev generated when $\phi = \phi_c$ (for absolute clarity).
- **Actionable fix:** Clarify that $d m_h^2/d\phi|_{\phi_c}$ is to be related to the backreaction barrier and the condition for stopping the scan resulting in EWSB at $v$.

---

### 9. Twin Top Quadratic Correction to Higgs Mass

**Assessment:**
- **Good:** Very clear, all variables and scenario are specified, unambiguous, expects symbolic result.
- **Actionable fix:** None.

---

### 10. Modified Scalar Kinetic Term: Dispersion Relation

**Assessment:**
- **Good:** Clear scenario, specifies the symbolic result sought, requires multi-step reasoning.
- **Minor issues:** "Positive-frequency solutions" could be more formalized as "positive energy" or take $k^0=\omega(k)>0$.
- **Actionable fix:** Clarify how the frequency is to be extracted (i.e., from the pole structure), and state that $\omega(k)>0$ is to be taken.

---

### **General Feedback:**

- **Strengths:**  
All questions clearly model advanced physical scenarios, target symbolic results, and require nontrivial multi-step reasoning. They are unique and not "textbook standard", concise and mathematically rigorous.
- **Improvements:**  
  - Be precise about what kind of deviation (fractional, absolute, or ratio) is sought.
  - Explicitly state any assumptions about which terms are present/omitted in the action or Lagrangian—especially in effective/nonlocal field theory contexts.
  - Where conventions or definitions could be ambiguous (e.g., vacuum choice, normalization), briefly state which to use.
  - If a constant of proportionality is omitted (e.g., in scaling relations), either define it as unity or state that only scaling is required.
  - Always clarify all symbols (as most questions do, but a few have $v$ or $f$ that could be unclear in some contexts).

---

### **Summary Table**

| Q# | Actionable Change(s)                                                                                                      |
|----|---------------------------------------------------------------------------------------------------------------------------|
| 1  | Specify nature of "deviation" (fractional, absolute, ratio).                                                              |
| 2  | Clarify meaning/role of $v$ at stopping point.                                                                            |
| 3  | Specify what terms/fields are neglected.                                                                                  |
| 4  | State which terms (only nonlocal or also local) are considered for the propagator.                                        |
| 5  | Optionally clarify that $v$ minimizes $V(H)$.                                                                             |
| 6  | State that expression should explicitly show deviation from canonical normalization.                                       |
| 7  | Specify scaling/proportionality constant, or state that only scaling is sought.                                           |
| 8  | Clarify that $v$ is the EWSB scale at $\phi_c$; restate the stopping condition in terms of these variables.               |
| 9  | No change needed.                                                                                                         |
| 10 | Clarify how $\omega(k)$ is to be extracted, state selection of positive-frequency solution explicitly.                    |

---

**Summary**: Your questions are already of very high quality and only require targeted clarifications and slight refinements to be fully precise and self-contained according to your guidelines.
=== Turn 2: Author refines questions ===
<question>
In a composite Higgs model with vacuum misalignment angle \(\theta\), derive the symbolic expression for the fractional deviation \(\delta g_{hVV} / g_{hVV}^{\mathrm{SM}}\) of the Higgs coupling to vector bosons \((V = W, Z)\) relative to its Standard Model value, expressed solely in terms of \(\theta\).
</question>

<question>
Consider a relaxion model with scanning Higgs mass parameter \(m_h^2(\phi) = m_0^2 - g \Lambda \phi\) and a backreaction potential
\[
V_{\mathrm{br}}(\phi) = \kappa\, v^4 \cos(\phi/f),
\]
where \(\kappa\) is a dimensionless constant, \(\Lambda\) is the UV cutoff scale, \(g\) is a coupling, and \(v\) is the Higgs vacuum expectation value at the relaxion stopping point \(\phi_*\), defined by \(m_h^2(\phi_*) < 0\) yielding electroweak symmetry breaking. Assuming the total potential is
\[
V(\phi) = -g \Lambda m_0^2 \phi + V_{\mathrm{br}}(\phi),
\]
derive a closed-form symbolic expression relating \(\phi_*\) to the parameters \(m_0, g, \Lambda, v, f,\) and \(\kappa\) by imposing the stopping condition \(\left. dV/d\phi \right|_{\phi = \phi_*} = 0\).
</question>

<question>
Ignoring Standard Model contributions, derive the one-loop correction \(\delta \lambda(\mu)\) to the Higgs quartic coupling \(\lambda\) from twin top quark loops only, expressed symbolically in terms of the twin top Yukawa coupling \(y'_t\), twin confinement scale \(\Lambda'\), and renormalization scale \(\mu\), neglecting higher-loop effects and running of couplings.
</question>

<question>
Consider a scalar field theory with a nonlocal effective term modifying the action as
\[
S = \frac{1}{2} \int d^4x\, \phi(x) \frac{1}{\Lambda_{\mathrm{UV}}^2 - \Box} \phi(x),
\]
where \(\Box\) is the d’Alembertian operator and \(\Lambda_{\mathrm{UV}}\) is the UV cutoff scale. Assuming no other kinetic or mass terms, derive the modified scalar propagator \(G(k)\) in momentum space as a function of momentum squared \(k^2\) and \(\Lambda_{\mathrm{UV}}\).
</question>

<question>
Given the composite Higgs potential
\[
V(H) = \lambda f^4 \sin^2\!\left(\frac{H}{f}\right),
\]
where \(\lambda\) and \(f\) are constants and \(H\) is the Higgs field, define the effective cosmological constant shift as \(\Delta \Lambda_{\mathrm{eff}} = V(v) - V(0)\), where \(v\) is the vacuum expectation value of the Higgs field minimizing \(V(H)\). Derive a symbolic expression for \(\Delta \Lambda_{\mathrm{eff}}\) in terms of \(\lambda\), \(f\), and \(v\).
</question>

<question>
In a composite Higgs model parametrized by the nonlinear sigma model field
\[
U = e^{i \pi^a T^a / f},
\]
with Goldstone bosons \(\pi^a\) and vacuum misalignment angle \(\theta\), derive the coefficient of the physical Higgs kinetic term in the effective Lagrangian after vacuum misalignment. Express this coefficient symbolically in terms of \(f\) and \(\theta\), and explicitly show how it deviates from canonical normalization.
</question>

<question>
Assuming the Higgs coupling to new physics deviates with scale \(\mu\) as
\[
\delta g_h(\mu) = C \left(\frac{\mu}{\Lambda_{\mathrm{UV}}}\right)^\alpha,
\]
where \(\alpha > 0\) is the anomalous dimension, \(\Lambda_{\mathrm{UV}}\) is the UV scale, and \(C\) is a constant, derive the fractional deviation \(\delta g_h(\mu) / g_h^{\mathrm{SM}}\) of the Higgs coupling at scale \(\mu\) in terms of \(\mu\), \(\Lambda_{\mathrm{UV}}\), \(\alpha\), and \(C\), assuming \(g_h^{\mathrm{SM}}\) is the Standard Model Higgs coupling at low energies.
</question>

<question>
In the relaxion mechanism, the Higgs mass squared parameter \(m_h^2(\phi)\) crosses zero at \(\phi = \phi_c\). Given a backreaction potential
\[
V_{\mathrm{br}}(\phi) = \Lambda_{\mathrm{br}}^4 \cos(\phi/f),
\]
derive the condition relating the slope \(\left. d m_h^2/d\phi \right|_{\phi_c}\), the backreaction scale \(\Lambda_{\mathrm{br}}\), decay constant \(f\), and the Higgs vacuum expectation value \(v\) that ensures the relaxion stops scanning at \(\phi_c\), thereby producing electroweak symmetry breaking at scale \(v\).
</question>

<question>
Derive the leading one-loop quadratic divergent correction \(\delta m_h^2\) to the Higgs mass parameter from twin top quark loops, assuming twin top Yukawa coupling \(y'_t\), twin confinement scale \(\Lambda'\), and twin color number \(N_c'\). Express \(\delta m_h^2\) symbolically in terms of \(y'_t\), \(\Lambda'\), and \(N_c'\), explicitly including the UV cutoff dependence.
</question>

<question>
Consider an effective field theory where the scalar field kinetic term is modified to
\[
\mathcal{L} \supset \frac{1}{2} \phi \left(1 + \frac{\Box}{\Lambda_{\mathrm{UV}}^2}\right) \Box \phi.
\]
Derive the dispersion relation \(\omega(k)\) for scalar excitations, expressing the positive-frequency solution \(\omega > 0\) as a function of the spatial momentum magnitude \(k\) and the UV scale \(\Lambda_{\mathrm{UV}}\).
</question>
=== Turn 2: Critic feedback ===
Certainly! Here is a question-by-question critique, referencing the guidelines:

---

### **1. Composite Higgs Vacuum Misalignment Coupling Deviation**
> In a composite Higgs model with vacuum misalignment angle $\theta$, derive the symbolic expression for the fractional deviation $\delta g_{hVV} / g_{hVV}^{\mathrm{SM}}$ of the Higgs coupling to vector bosons $(V = W, Z)$ relative to its Standard Model value, expressed solely in terms of $\theta$.

- **Strengths**: Targets a symbolic ratio; focuses the answer; has clear physical setup. 
- **Issues**:
    - **Assumption Clarity** (Guideline 11): Assumes the reader knows the normalization (definition) of the deviation—could benefit from explicit definition. 
    - **Single Solution**: OK.
    - **Redundancy**: No excess variables.
    - **Originality**: Might border on a textbook "deviation in composite Higgs models" problem, but reasonably novel.
- **Suggestion**: Clarify by stating "Assume standard parametrization of the vacuum misalignment in minimal composite Higgs models," and possibly define $\delta g_{hVV} \equiv g_{hVV} - g_{hVV}^{\mathrm{SM}}$ for clarity.

---

### **2. Relaxion Stopping Point with Backreaction Potential**
> Consider a relaxion model with scanning Higgs mass parameter $m_h^2(\phi) = m_0^2 - g \Lambda \phi$ and a backreaction potential ... 

- **Strengths**: Good unique model, well-posed, only asks for $\phi_*$, all parameters defined.
- **Issues**:
    - **Redundancy**: Blue; $v$ is said to be the vev at the stopping point, but is introduced as an independent variable—this could confuse.
    - **Clarity** (Guideline 7): Consider clearer statement about what is meant by "closed-form symbolic expression" (do we accept a transcendental equation implicit for $\phi_*$?).
- **Suggestion**: State explicitly that answer may be an equation for $\phi_*$ rather than an explicit $=$ expression; clarify whether $v$ is a function of $\phi_*$ or a fixed parameter.

---

### **3. Twin Top One-loop Correction to Higgs Quartic**
> Ignoring Standard Model contributions, derive the one-loop correction $\delta \lambda(\mu)$ to the Higgs quartic coupling $\lambda$ from twin top quark loops only, expressed symbolically in terms of the twin top Yukawa coupling $y'_t$, twin confinement scale $\Lambda'$, and renormalization scale $\mu$, neglecting higher-loop effects and running of couplings.

- **Strengths**: Concise, physical setup and variables clear.
- **Issues**:
    - **Modeling**: Assumes the reader knows how to compute the one-loop correction from a Dirac fermion to a scalar quartic—clarity is OK, but could specify "in the $\overline{\mathrm{MS}}$ scheme" or similar.
    - **Redundancy**: All input variables seem relevant.
- **Suggestion**: Specify which regularization scheme OR form of cutoff to use, to prevent ambiguity in logs or prefactors.

---

### **4. Nonlocal Scalar Propagator**
> Consider a scalar field theory with a nonlocal effective term...

- **Strengths**: Unusual, targets a single symbolic propagator expression.
- **Issues**:
    - **Modeling**: The physical context is abstract—could be improved by a sentence framing this as an effective description.
- **Suggestion**: Briefly motivate with "as might arise in nonlocal EFT models"; otherwise strong.

---

### **5. Composite Higgs Potential and Cosmological Constant Shift**
> Given the composite Higgs potential...

- **Strengths**: Clear, concise, all variables defined, single symbolic quantity.
- **Issues**:
    - **Clarity**: The minimizing value $v$ will depend on $f$ and possibly other parameters—accepts $v$ as an independent variable without connecting back to minimization condition.
- **Suggestion**: Either direct to solve for $v$ in terms of $f$ and $\lambda$, or clarify $v$ as "the solution to $\partial V/\partial H|_{H=v}=0$".

---

### **6. Composite Higgs Kinetic Coefficient After Misalignment**
> In a composite Higgs model parametrized by the nonlinear sigma model field ...

- **Strengths**: Very original and precise, needs application of non-linear field theory.
- **Issues**:
    - **Clarity**: "Show how it deviates from canonical normalization"—could clarify: "Express the coefficient in front of $(\partial_\mu h)^2$ in the effective Lagrangian in terms of $f$ and $\theta$, and identify its value relative to 1."
- **Suggestion**: Minor rephrasing to be ultra-clear about the form expected.

---

### **7. RG-induced Higgs Coupling Deviation with Anomalous Dimension**
> Assuming the Higgs coupling to new physics deviates with scale ...

- **Strengths**: Well-constructed, no redundancy, single possible solution.
- **Issues**:
    - **Clarity** (Guideline 11): "Assuming $g_h^{\mathrm{SM}}$ is the Standard Model Higgs coupling at low energies" is not a clear normalization—be explicit, e.g., "Take $g_h^{\mathrm{SM}}$ to be constant with respect to $\mu$".
- **Suggestion**: Explicitly state any constant-value assumptions for $g_h^{\mathrm{SM}}$.

---

### **8. Relaxion Stopping Condition at $m_h^2=0$**
> In the relaxion mechanism, the Higgs mass squared parameter $m_h^2(\phi)$ crosses zero at $\phi = \phi_c$...

- **Strengths**: Concise, hits the stopping condition, all variables defined.
- **Issues**:
    - **Clarity**: There may be ambiguity in how to include $v$—since at $\phi_c$ we have $m_h^2(\phi_c)=0$, and $v=0$ for SM Higgs. May need to clarify that the answer should be in terms of the relevant parameters at the stopping point.
- **Suggestion**: State explicitly that the answer is an equation at $\phi_c$ (where $m_h^2=0$ and EW symmetry breaking starts), possibly specify $v$ as the resulting vev immediately after EWSB.

---

### **9. Twin Top Quadratic Divergence to Higgs Mass**
> Derive the leading one-loop quadratic divergent correction $\delta m_h^2$ to the Higgs mass parameter from twin top quark loops, assuming twin top Yukawa coupling $y'_t$, twin confinement scale $\Lambda'$, and twin color number $N_c'$...

- **Strengths**: Well-posed and unique, no excess variables.
- **Issues**: 
    - **Units/Notation**: $\Lambda'$ is a "confinement scale," but for quadratic divergences a UV cutoff is traditionally used; clarify whether the cutoff is $\Lambda'$ or some other scale.
- **Suggestion**: Consider stating "UV cutoff (identified with $\Lambda'$)" to remove ambiguity.

---

### **10. Modified Dispersion Relation for Higher-Derivative Scalar**
> Consider an effective field theory where the scalar field kinetic term is modified...

- **Strengths**: Unique, clearly written, single well-defined mathematical answer.
- **Issues**: None apparent.
- **Suggestion**: Solid question as-is.

---

## **General Feedback & Suggestions**
- **Favor explicitness**: Where a variable is defined in terms of other parameters in the setup (e.g., $v$ in composite Higgs), clarify if it is an input or should be determined from minimization.
- **Redundancy & Notation**: Generally strong; a few could economize words.
- **Physical Framing**: When intentionally abstract, consider a one-line physical motivation to ground the scenario per Guideline 1.
- **Assumption Clarity**: Small ambiguities in reference points/definitions (e.g., ratio normalizations, cutoff choices) can be avoided by adding explicit statements.
- **No Equation "Steps"**: All questions ask for single expressions, not multi-part answers—good.
- **Units & Consistency**: No dimensioning mistakes apparent.

---

## **Actionable Guidance**

- For every question, ensure all parameters needed for the answer are either explicitly input or clearly determined from the stated physical conditions (e.g., vevs from minimization).
- Add clarifying sentences when multiple conventions are possible ("Use $\overline{\rm MS}$ scheme", "UV cutoff = $\Lambda'$", "define $\delta g = g - g^{SM}$").
- Where the physical context is esoteric or highly abstract, motivate the scenario with one brief phrase situating the model.
- When asking for "closed-form" or "symbolic" answers, specify whether an implicit equation for the desired variable is acceptable or if explicit isolation is required.

Overall, these questions strongly meet your guidelines except for very small clarifications!
=== Turn 3: Author refines questions ===
<question>
In a minimal composite Higgs model with vacuum misalignment angle \(\theta\), the Higgs coupling to vector bosons \(V = W, Z\) deviates from its Standard Model value \(g_{hVV}^{\mathrm{SM}}\). Define the fractional deviation as \(\delta g_{hVV} / g_{hVV}^{\mathrm{SM}} \equiv (g_{hVV} - g_{hVV}^{\mathrm{SM}})/g_{hVV}^{\mathrm{SM}}\). Assuming the standard parametrization of vacuum misalignment, derive a symbolic expression for this fractional deviation solely in terms of \(\theta\).
</question>

<question>
Consider a relaxion model where the Higgs mass parameter scans as \(m_h^2(\phi) = m_0^2 - g \Lambda \phi\) and the relaxion potential includes a backreaction term
\[
V_{\mathrm{br}}(\phi) = \kappa\, v^4 \cos\left(\frac{\phi}{f}\right),
\]
with \(\kappa\) dimensionless, \(\Lambda\) the UV cutoff, \(g\) a coupling, \(f\) the decay constant, and \(v\) the Higgs vacuum expectation value at the relaxion stopping point \(\phi = \phi_*\). The total potential is
\[
V(\phi) = -g \Lambda m_0^2 \phi + V_{\mathrm{br}}(\phi).
\]
By imposing the stopping condition \(\left. dV/d\phi \right|_{\phi = \phi_*} = 0\), derive a symbolic equation relating \(\phi_*\) to the parameters \(m_0, g, \Lambda, v, f,\) and \(\kappa\). You may leave the expression implicit if necessary, and treat \(v = v(\phi_*)\) as given.
</question>

<question>
Ignoring all Standard Model contributions, derive the one-loop correction \(\delta \lambda(\mu)\) to the Higgs quartic coupling \(\lambda\) arising solely from twin top quark loops. Express \(\delta \lambda(\mu)\) symbolically in terms of the twin top Yukawa coupling \(y'_t\), the twin confinement scale (acting as a UV cutoff) \(\Lambda'\), and the renormalization scale \(\mu\). Assume minimal subtraction in the \(\overline{\mathrm{MS}}\) scheme, neglect higher-loop effects and running of couplings.
</question>

<question>
Consider a scalar field theory modified by a nonlocal effective action term,
\[
S = \frac{1}{2} \int d^4x\, \phi(x) \frac{1}{\Lambda_{\mathrm{UV}}^2 - \Box} \phi(x),
\]
where \(\Box\) is the d’Alembertian operator and \(\Lambda_{\mathrm{UV}}\) is a UV cutoff scale. Motivated by effective descriptions of nonlocal theories, derive the modified scalar propagator \(G(k)\) in momentum space as a symbolic function of momentum squared \(k^2\) and \(\Lambda_{\mathrm{UV}}\).
</question>

<question>
Given the composite Higgs potential
\[
V(H) = \lambda f^4 \sin^2\left(\frac{H}{f}\right),
\]
where \(\lambda\) and \(f\) are constants and \(H\) is the Higgs field, define the effective cosmological constant shift as \(\Delta \Lambda_{\mathrm{eff}} = V(v) - V(0)\), where \(v\) minimizes \(V(H)\), i.e. satisfies \(\partial V/\partial H|_{H=v} = 0\). Derive a symbolic expression for \(\Delta \Lambda_{\mathrm{eff}}\) in terms of \(\lambda\), \(f\), and \(v\).
</question>

<question>
In a composite Higgs model parametrized by the nonlinear sigma model field
\[
U = e^{i \pi^a T^a / f},
\]
where \(\pi^a\) are Goldstone bosons and \(\theta\) is the vacuum misalignment angle, derive the coefficient of the physical Higgs kinetic term in the effective Lagrangian after vacuum misalignment. Express this coefficient symbolically in terms of \(f\) and \(\theta\), and explicitly show its deviation from canonical normalization by comparing it to unity.
</question>

<question>
Assuming the Higgs coupling to new physics deviates with scale \(\mu\) as
\[
\delta g_h(\mu) = C \left(\frac{\mu}{\Lambda_{\mathrm{UV}}}\right)^{\alpha},
\]
where \(\alpha > 0\) is an anomalous dimension, \(\Lambda_{\mathrm{UV}}\) is the UV scale, and \(C\) is a constant, derive the fractional deviation \(\delta g_h(\mu)/g_h^{\mathrm{SM}}\) of the Higgs coupling at scale \(\mu\). Assume \(g_h^{\mathrm{SM}}\) is a scale-independent Standard Model Higgs coupling normalization. Express the result in terms of \(\mu\), \(\Lambda_{\mathrm{UV}}\), \(\alpha\), and \(C\).
</question>

<question>
In the relaxion mechanism, the Higgs mass squared parameter \(m_h^2(\phi)\) crosses zero at \(\phi = \phi_c\), signaling the onset of electroweak symmetry breaking. Given a backreaction potential
\[
V_{\mathrm{br}}(\phi) = \Lambda_{\mathrm{br}}^4 \cos\left(\frac{\phi}{f}\right),
\]
derive the condition relating the slope \(\left. d m_h^2/d\phi \right|_{\phi_c}\), the backreaction scale \(\Lambda_{\mathrm{br}}\), the decay constant \(f\), and the Higgs vacuum expectation value \(v\) that ensures the relaxion stops scanning at \(\phi_c\), producing an electroweak scale \(v\). Express the condition as a symbolic equation evaluated at \(\phi = \phi_c\).
</question>

<question>
Derive the leading one-loop quadratically divergent correction \(\delta m_h^2\) to the Higgs mass parameter arising from twin top quark loops. Express \(\delta m_h^2\) symbolically in terms of the twin top Yukawa coupling \(y'_t\), the UV cutoff scale \(\Lambda'\) (identified with the twin confinement scale), and the twin color number \(N_c'\), explicitly showing the dependence on \(\Lambda'^2\).
</question>

<question>
Consider an effective scalar field theory with a modified kinetic term,
\[
\mathcal{L} \supset \frac{1}{2} \phi \left(1 + \frac{\Box}{\Lambda_{\mathrm{UV}}^2}\right) \Box \phi.
\]
Derive the dispersion relation \(\omega(k)\) for scalar excitations. Express the positive-frequency solution \(\omega > 0\) as a symbolic function of the spatial momentum magnitude \(k\) and the UV scale \(\Lambda_{\mathrm{UV}}\).
</question>
=== Final questions generated ===
