=== Turn 0: Author generates questions ===
Here are five novel master's level chemistry questions based on the provided topics, key concepts, and guidelines:

1.  <question>Spin-polarized CO oxidation on a Fe/Cu(111) bimetallic catalyst.
    Consider CO oxidation on a Fe/Cu(111) surface where the Fe adatom induces a local magnetic moment. The activation energy ($E_a$) for CO oxidation follows a scaling relation: $E_a = a\epsilon_d + b$, where $\epsilon_d$ is the d-band center of the active metal. For Cu(111), $\epsilon_d = -2.5$ eV, and for Fe, assuming complete spin polarization, the spin-up d-band center shifts by +0.5 eV and the spin-down d-band center shifts by -0.5 eV relative to the average $\epsilon_d$ if Fe were non-magnetic ($\epsilon_d = -2.0$ eV). Using only the spin-down d-band center for Fe, and the fitted scaling parameters for CO oxidation $a = 0.8$ and $b = 1.2$ eV. Calculate the difference in $E_a$ (in eV) between CO oxidation on the pure Cu(111) and the spin-polarized Fe site.</question>

2.  <question>Angular momentum conservation in enantioselective hydrogenation using a chiral Rh catalyst under an external magnetic field.
    A chiral Rh catalyst facilitates the enantioselective hydrogenation of prochiral alkenes. Assume that the introduction of an external magnetic field of 10 T aligns the spin angular momentum of the catalyst, increasing the enantiomeric excess (ee) by influencing the relative rates of formation of the two enantiomers. If the initial ratio of the rate constants for formation of the $R$ and $S$ enantiomers is $k_R/k_S = 1.2$ (without the magnetic field), and the magnetic field increases the $R$ enantiomer formation rate constant ($k_R$) by 15% while *reducing* the $S$ enantiomer formation rate constant ($k_S$) by 10%, calculate the new ratio $k_R/k_S$ under the influence of the 10 T magnetic field, correct to three significant figures.</question>

3.  <question>Reactivity enhancement on bimetallic alloy due to modified d-band filling.
    A bimetallic catalyst consisting of Pt and Ru is used for ammonia decomposition. Pt has a higher d-band filling than Ru. Alloying Pt with Ru shifts the Pt d-band center to lower energies due to ligand and strain effects. Assume that the ammonia decomposition rate is linearly related to the d-band center position according to: $rate = c\epsilon_d + d$. For pure Pt, $\epsilon_d = -2.0$ eV and the rate is 0.1 molecules per site per second. For the PtRu alloy, the Pt d-band center shifts to $\epsilon_d = -2.3$ eV. Calculate the change in the ammonia decomposition rate (in molecules per site per second) relative to pure Pt, assuming $c = 0.2$ and $d = 0.5$, expressed to two significant figures.</question>

4.  <question>Magnetic field induced singlet-triplet mixing in a diradical intermediate.
    A catalytic reaction proceeds through a diradical intermediate which can exist in either a singlet ($S$) or triplet ($T$) state. The reaction rate is significantly faster when the intermediate is in the singlet state. Application of a magnetic field causes singlet-triplet mixing. Assume the singlet state population increases by a factor related to the square of the magnetic field strength, $B$, by the equation $S_{population} = S_0(1 + kB^2)$, where $S_0$ is the initial singlet population without the field and $k = 1.0 \times 10^{-2} \text{ T}^{-2}$. If the initial singlet state population ($S_0$) is 0.2 and the rate constant is directly proportional to the singlet population ($k_{rxn} = aS_{population}$), calculate the percentage increase in the rate constant when a magnetic field of $B = 5 \text{ T}$ is applied. State your answer as a percentage to one decimal place.</question>

5.  <question>Breaking scaling relations by adsorbate-induced surface reconstruction with magnetic nanoparticles.
    Consider a surface reaction where the activation energy, $E_a$, scales linearly with the adsorption energy, $E_{ads}$, of a key intermediate: $E_a = \alpha E_{ads} + \beta$. However, the deposition of magnetic Co nanoparticles on the surface induces a reconstruction that *changes* the scaling parameters. Initially, $\alpha = 0.6$ and $\beta = 0.5 \text{ eV}$. The deposition of Co nanoparticles changes the scaling relation such that $\alpha' = 0.4$ and $\beta' = 0.7 \text{ eV}$. If the initial adsorption energy, $E_{ads}$, of the key intermediate is $-1.0 \text{ eV}$, calculate the change in the activation energy, $\Delta E_a = E_a' - E_a$ (in eV) after the deposition of the Co nanoparticles. Be sure to maintain the sign of your result.</question>
=== Turn 0: Critic feedback ===
Here's a critique of the provided chemistry questions, evaluating them against your guidelines and offering actionable feedback for improvement:

Overall Assessment:
The questions demonstrate excellent creativity in modeling novel and relevant chemistry scenarios, particularly in catalysis, spin chemistry, and surface science. This is a significant strength and aligns well with the "Be Unique" guideline. They all ask for a single numerical solution with consistent units, and the phrasing is generally rigorous and unambiguous.

However, a recurring weakness across all questions is the **level of computational complexity and multi-step reasoning** expected for a master's degree. While the *scenarios* are advanced, the *calculations* often boil down to simple substitutions into given linear equations or basic percentage changes. This doesn't fully leverage the potential for critical thinking, deeper derivation, or integration of multiple chemical principles that would be expected at this level. Additionally, the crucial guideline regarding **LaTeX formatting** was not applied in the provided questions.

---

**Critique of Individual Questions:**

1.  **Spin-polarized CO oxidation on a Fe/Cu(111) bimetallic catalyst.**
    *   **Critique:** The scenario is highly relevant to advanced catalysis and the d-band theory. The multi-step reasoning involves applying the scaling relation twice and calculating a difference.
        *   **Weakness:** The chosen numerical values lead to a trivial answer. The calculated spin-down d-band center for Fe ($ -2.0 \text{ eV} - 0.5 \text{ eV} = -2.5 \text{ eV} $) is identical to the d-band center of pure Cu($-2.5 \text{ eV}$). This results in a $0 \text{ eV}$ difference in activation energy, which doesn't effectively test the understanding of the impact of spin polarization despite the elaborate setup.
        *   **Guideline Violated/Weakness:** #3 (Multi-step reasoning, though technically met, the trivial answer reduces its effectiveness), #5 (Complexity), #11 (LaTeX formatting).
    *   **Actionable Feedback:**
        1.  **Adjust Numerical Values:** Modify the $\epsilon_d$ values (e.g., the average non-magnetic $\epsilon_d$ for Fe or the $\epsilon_d$ for Cu) so that the calculated activation energies for Fe and Cu are distinctly different, leading to a meaningful non-zero difference.
        2.  **Apply LaTeX Formatting:** Ensure all mathematical expressions, numbers, and variables (e.g., $E_a$, $\epsilon_d$, $a$, $b$, $\text{eV}$) are properly enclosed in `$` for inline math.

2.  **Angular momentum conservation in enantioselective hydrogenation using a chiral Rh catalyst under an external magnetic field.**
    *   **Critique:** This question presents a unique and compelling scenario linking magnetic fields, chirality, and catalysis, which is excellent for a master's level. The calculation involves applying percentage changes and finding a new ratio.
        *   **Weakness:** While the conceptual framing is strong ("angular momentum conservation," "aligns the spin angular momentum"), the given magnetic field strength ($\text{10 T}$) is extraneous information as its effect is directly provided as fixed percentage changes. This reduces the calculation to basic arithmetic, failing to integrate the magnetic field's presence into a deeper chemical or physical calculation.
        *   **Guideline Violated/Weakness:** #3 (Multi-step reasoning, but computationally trivial), #4 (Redundancy: the $10 \text{ T}$ field strength is not used), #5 (Complexity), #11 (LaTeX formatting).
    *   **Actionable Feedback:**
        1.  **Integrate Magnetic Field:** To enhance complexity and remove redundancy, link the magnetic field strength to the rate constant changes. For example, provide a relationship where the magnetic field affects the rate constants through a known spin-dependent mechanism (e.g., proportional to Zeeman splitting, or a magnetic field-dependent intersystem crossing rate) rather than just stating percentage changes.
        2.  **Apply LaTeX Formatting:** Ensure all mathematical expressions, numbers, and variables (e.g., $k_R$, $k_S$, $\text{10 T}$, $\text{ee}$) are properly enclosed in `$` for inline math.

3.  **Reactivity enhancement on bimetallic alloy due to modified d-band filling.**
    *   **Critique:** The scenario on d-band theory and bimetallic catalysts for ammonia decomposition is highly relevant and a good application of catalysis principles. The problem involves calculating two rates and finding their difference.
        *   **Weakness:** All parameters ($c, d, \epsilon_d$ for both cases) are directly provided, making the calculation a simple plug-and-chug exercise. The statement "Pt has a higher d-band filling than Ru" is contextual but not used in the calculation, making it slightly redundant.
        *   **Guideline Violated/Weakness:** #3 (Multi-step reasoning, but too straightforward), #4 (Minor redundancy), #5 (Complexity), #11 (LaTeX formatting).
    *   **Actionable Feedback:**
        1.  **Increase Derivation:** Instead of providing the scaling parameters ($c$ and $d$), give two sets of data points (e.g., $\epsilon_d$ and corresponding rate for pure Pt and another well-defined alloy/metal) and require the student to first derive $c$ and $d$ before calculating the target rate.
        2.  **Remove Redundancy:** Omit phrases that provide conceptual context but no computational value (e.g., "Pt has a higher d-band filling than Ru").
        3.  **Apply LaTeX Formatting:** Ensure all mathematical expressions, numbers, and variables (e.g., $rate$, $c$, $\epsilon_d$, $d$, $\text{eV}$, $\text{molecules per site per second}$) are properly enclosed in `$` for inline math.

4.  **Magnetic field induced singlet-triplet mixing in a diradical intermediate.**
    *   **Critique:** The topic of singlet-triplet mixing in diradicals and its influence on reaction rates is a fascinating and advanced area, well-suited for a master's level. The calculation involves applying a formula and then calculating a percentage increase.
        *   **Weakness:** The calculation is a direct application of a simple quadratic relationship ($S_{population} = S_0(1 + kB^2)$). It primarily tests substitution and percentage calculation, which are basic arithmetic skills, not the deeper understanding of quantum or spin chemistry that the scenario implies.
        *   **Guideline Violated/Weakness:** #3 (Multi-step reasoning, but computationally trivial), #5 (Complexity), #11 (LaTeX formatting).
    *   **Actionable Feedback:**
        1.  **Introduce Deeper Physics/Chemistry:** To elevate complexity, consider linking the singlet-triplet mixing to more fundamental principles. For instance, describe the energy difference between singlet and triplet states and how a magnetic field influences it via Zeeman splitting. Then, ask the student to calculate population changes based on Boltzmann statistics, or introduce a more complex rate law dependent on the intersystem crossing rate or spin-orbit coupling.
        2.  **Apply LaTeX Formatting:** Ensure all mathematical expressions, numbers, and variables (e.g., $S$, $T$, $S_{population}$, $S_0$, $k$, $B$, $\text{T}^{-2}$, $k_{rxn}$, $a$) are properly enclosed in `$` for inline math.

5.  **Breaking scaling relations by adsorbate-induced surface reconstruction with magnetic nanoparticles.**
    *   **Critique:** The concept of breaking scaling relations is highly advanced and critical in modern catalysis research. The scenario involving surface reconstruction by nanoparticles is plausible and relevant. The calculation involves two applications of a linear equation and finding a difference.
        *   **Weakness:** The new scaling parameters ($\alpha'$ and $\beta'$) are given directly. This simplifies the problem significantly, essentially making it two independent calculations followed by a subtraction. The term "magnetic Co nanoparticles" includes "magnetic," which is not utilized in the calculation beyond providing context that Co nanoparticles are involved.
        *   **Guideline Violated/Weakness:** #3 (Multi-step reasoning, but too straightforward), #4 (Minor redundancy), #5 (Complexity), #11 (LaTeX formatting).
    *   **Actionable Feedback:**
        1.  **Increase Derivation/Interpretation:** Instead of providing the new scaling parameters, describe the physical or electronic changes induced by the Co nanoparticles (e.g., changes in electron transfer, coordination number, or strain) in a way that allows the student to *deduce* or *derive* the modified $\alpha'$ and $\beta'$ values. This would make the question significantly more challenging.
        2.  **Remove Redundancy:** If the "magnetic" property of the Co nanoparticles is not used in any calculation or conceptual link, remove it for conciseness.
        3.  **Apply LaTeX Formatting:** Ensure all mathematical expressions, numbers, and variables (e.g., $E_a$, $E_{ads}$, $\alpha$, $\beta$, $\alpha'$, $\beta'$, $\Delta E_a$, $\text{eV}$) are properly enclosed in `$` for inline math.

---

**General Recommendations for Improvement:**

1.  **Elevate Computational Complexity:** For master's level questions, move beyond simple plug-and-chug calculations. Require students to:
    *   Derive parameters from raw data.
    *   Solve systems of equations.
    *   Interpret graphs or trends.
    *   Apply fundamental physical chemistry equations (e.g., Arrhenius equation, statistical mechanics, quantum mechanics) in a more integrated way, rather than just using a given linear scaling relation.
    *   Connect multiple chemical principles or sub-disciplines within a single problem.

2.  **Strictly Adhere to Redundancy Guideline:** While context is good, any numerical values or explicit conceptual statements that are not directly used in the calculation or the interpretation of the *numerical solution* should be removed to make the question more precise and avoid distraction.

3.  **Mandatory LaTeX Formatting:** This is a crucial guideline. All mathematical expressions, numbers, and variables must be correctly formatted using `$...$` for inline math and `$$...$$` for block math. This significantly improves readability and professionalism for chemistry questions.

By addressing these points, the questions will more effectively assess the higher-order thinking and problem-solving skills expected of master's level chemistry students, while maintaining their excellent originality and relevance.
=== Turn 1: Author refines questions ===
```xml
<question>Spin-polarized CO oxidation on a Fe/Cu(111) bimetallic catalyst.
    Consider CO oxidation on a Fe/Cu(111) surface where the Fe adatom induces a local magnetic moment. The activation energy ($E_a$) for CO oxidation follows a scaling relation: $E_a = a\epsilon_d + b$, where $\epsilon_d$ is the d-band center of the active metal. For Cu(111), $\epsilon_d = -2.5$ eV. Introducing an Fe adatom with complete spin polarization leads to a splitting of the Fe d-band, described by the relation: $\epsilon_{d,Fe} = \epsilon_{d,avg} \pm \frac{1}{2} J$, where $\epsilon_{d,avg}$ is the average d-band center if Fe were non-magnetic, and $J = 1.0$ eV is the exchange splitting. For Fe, $\epsilon_{d,avg} = -2.0$ eV. Assuming CO oxidation proceeds via the spin-down d-band center of Fe, and given the fitted scaling parameters $a = 0.8$ and $b = 1.2$ eV, calculate the difference in $E_a$ (in eV) between CO oxidation on the pure Cu(111) and the spin-polarized Fe site. Use three significant figures.</question>

<question>Angular momentum conservation in enantioselective hydrogenation using a chiral Rh catalyst under an external magnetic field.
    A chiral Rh catalyst facilitates the enantioselective hydrogenation of prochiral alkenes. The introduction of an external magnetic field ($B$) affects the rate constants of $R$ and $S$ enantiomer formation, $k_R$ and $k_S$, respectively, according to: $k_R(B) = k_R(0) \exp(\mu B / kT)$ and $k_S(B) = k_S(0) \exp(-\mu B / kT)$, where $\mu = 9.274 \times 10^{-24} \text{ J/T}$ is the Bohr magneton, $k = 1.38 \times 10^{-23} \text{ J/K}$ is the Boltzmann constant, and $T = 298 \text{ K}$ is the temperature. If the initial ratio of the rate constants without the magnetic field is $k_R(0)/k_S(0) = 1.2$, calculate the new ratio $k_R(B)/k_S(B)$ under the influence of a $B = 10 \text{ T}$ magnetic field, to three significant figures.</question>

<question>Reactivity enhancement on bimetallic alloy due to modified d-band filling.
    A bimetallic catalyst consisting of Pt and Ru is used for ammonia decomposition. The ammonia decomposition rate is linearly related to the d-band center position according to: $rate = c\epsilon_d + d$. Experiments show that for pure Pt, with $\epsilon_d = -2.0$ eV, the rate is 0.1 molecules per site per second. A separate experiment shows that for pure Ru, with $\epsilon_d = -3.0$ eV, the rate is -0.1 molecules per site per second. Determine the values of $c$ and $d$, and then calculate the ammonia decomposition rate (in molecules per site per second) for a PtRu alloy where the Pt d-band center shifts to $\epsilon_d = -2.3$ eV, expressed to two significant figures.</question>

<question>Magnetic field induced singlet-triplet mixing in a diradical intermediate.
    A catalytic reaction proceeds through a diradical intermediate, which can exist in either a singlet ($S$) or triplet ($T$) state. The reaction rate constant, $k_{rxn}$, is proportional to the singlet state population: $k_{rxn} = aS_{population}$. The singlet and triplet states are separated by an energy $\Delta E = E_T - E_S$. Application of a magnetic field ($B$) splits the triplet state into three sublevels due to the Zeeman effect, with energy shifts of $g\mu_B B m_s$, where $g \approx 2$ is the g-factor, $\mu_B = 9.274 \times 10^{-24} \text{ J/T}$ is the Bohr magneton, and $m_s = -1, 0, 1$ is the spin quantum number. Assume $\Delta E = 2.0 \times 10^{-21} \text{ J}$ and that the population of each state follows Boltzmann statistics. Calculate the percentage change in the singlet population and the reaction rate constant at $T = 298 \text{ K}$ when a magnetic field of $B = 5 \text{ T}$ is applied. Consider only the $m_s = 0$ sublevel of the triplet state and state your answer as a percentage to one decimal place, relative to the initial population without the field.</question>

<question>Breaking scaling relations by adsorbate-induced surface reconstruction.
    Consider a surface reaction where the activation energy, $E_a$, scales linearly with the adsorption energy, $E_{ads}$, of a key intermediate: $E_a = \alpha E_{ads} + \beta$. Initially, the system is on a clean metal surface. Deposition of nanoparticles induces a surface reconstruction which alters the electronic structure and coordination environment of the active site. This reconstruction results in a change to the density of states at the Fermi level ($DOS(E_F)$) near the active site. The new $\alpha'$ and $\beta'$ parameters can be estimated through: $\alpha' = \alpha + k_1 \Delta DOS(E_F)$ and $\beta' = \beta + k_2 \Delta DOS(E_F)$, where $\Delta DOS(E_F)$ is the change in $DOS(E_F)$ due to surface reconstruction and $k_1 = 0.1 \text{ eV}^{-1}$ and $k_2 = 0.2 \text{ eV}^{-1}$ are constants. If the initial $\alpha = 0.6$ and $\beta = 0.5 \text{ eV}$ and $\Delta DOS(E_F) = 0.5 \text{ eV}$, and the initial adsorption energy, $E_{ads}$, of the key intermediate is $-1.0 \text{ eV}$, calculate the change in the activation energy, $\Delta E_a = E_a' - E_a$ (in eV) after the surface reconstruction. Be sure to maintain the sign of your result.</question>
```
=== Turn 1: Critic feedback ===
Here's a critique of each question based on your guidelines:

---

**Question 1: Spin-polarized CO oxidation on a Fe/Cu(111) bimetallic catalyst.**

*   **Critique:**
    *   **Guideline 1 (Model Chemistry Scenario):** Excellent. Models a cutting-edge concept in heterogeneous catalysis (spin polarization, d-band theory).
    *   **Guideline 3 (Multi-Step Reasoning):** Excellent. Requires calculation of Fe d-band center, two activation energies, and then a difference.
    *   **Guideline 4 (Avoid Redundancy):** Good. All information is relevant and used.
    *   **Guideline 5 (Be Unique):** Excellent. Not a standard textbook problem.
    *   **Guideline 11 (Solution Formatting):** Needs improvement. Units within math mode (e.g., `eV`) should be enclosed in `\text{}` (e.g., `$-2.5 \text{ eV}$` instead of `$-2.5$ eV`). This applies to all numerical values with units.

*   **Actionable Feedback:** Ensure all units within mathematical expressions are enclosed in `\text{}`. For example, change `$-2.5$ eV` to `$-2.5 \text{ eV}$`.

---

**Question 2: Angular momentum conservation in enantioselective hydrogenation using a chiral Rh catalyst under an external magnetic field.**

*   **Critique:**
    *   **Guideline 1 (Model Chemistry Scenario):** Excellent. Models a complex scenario combining chirality, catalysis, and magnetic field effects.
    *   **Guideline 3 (Multi-Step Reasoning):** Excellent. Requires calculation of exponential terms and then a ratio using an initial condition.
    *   **Guideline 4 (Avoid Redundancy):** Good. All information is relevant and used.
    *   **Guideline 5 (Be Unique):** Excellent. Highly original and complex.
    *   **Guideline 11 (Solution Formatting):** Excellent. All units are correctly formatted with `\text{}`.

*   **Actionable Feedback:** No significant improvements needed; this question adheres well to the guidelines.

---

**Question 3: Reactivity enhancement on bimetallic alloy due to modified d-band filling.**

*   **Critique:**
    *   **Guideline 1 (Model Chemistry Scenario):** Good, but with a significant flaw. A "rate" of `$-0.1$ molecules per site per second` is physically problematic. Rates are typically positive. While mathematically solvable, it weakens the realism of the scenario. It might imply a *decrease* in rate from a baseline, but "rate" itself implies a positive value.
    *   **Guideline 3 (Multi-Step Reasoning):** Excellent. Requires solving simultaneous equations for constants and then calculating a new rate.
    *   **Guideline 11 (Solution Formatting):** Needs improvement. Similar to Question 1, units within math mode (e.g., `eV`) should use `\text{}`. Additionally, numerical values like `0.1` and `-0.1` are not enclosed in math mode (`$...$`).

*   **Actionable Feedback:**
    1.  Rephrase the "negative rate" for Ru to maintain physical realism. For example, specify it as a change in rate or a value that is physically plausible (e.g., a very low positive rate, or interpret "rate" differently).
    2.  Ensure all numerical values are enclosed in math mode (e.g., `$0.1$`).
    3.  Ensure all units within math mode are enclosed in `\text{}` (e.g., `$-2.0 \text{ eV}$`).

---

**Question 4: Magnetic field induced singlet-triplet mixing in a diradical intermediate.**

*   **Critique:**
    *   **Guideline 1 (Model Chemistry Scenario):** Good, but with significant physical ambiguity.
    *   **Guideline 3 (Multi-Step Reasoning):** Excellent. Requires calculation of Boltzmann populations, considering energy shifts.
    *   **Guideline 4 (Avoid Redundancy):** Contains ambiguous and potentially misleading information.
        *   The phrase "Consider only the $m_s = 0$ sublevel of the triplet state" is problematic. For a "magnetic field induced singlet-triplet mixing" problem, ignoring the $m_s = \pm 1$ states, which are also affected by the Zeeman splitting and contribute to the overall population distribution, makes the model less physically robust and doesn't fully capture the effect of the magnetic field.
        *   The *degeneracy* of the singlet and triplet states (without the field) needs to be explicitly stated for correct Boltzmann statistics.
    *   **Guideline 11 (Solution Formatting):** Excellent. All units are correctly formatted with `\text{}`.

*   **Actionable Feedback:**
    1.  Clarify the degeneracy of the singlet and triplet states, especially how they are treated in Boltzmann statistics (e.g., "The triplet state is triply degenerate, with energies $E_T + g\mu_B B m_s$ for $m_s = -1, 0, 1$.").
    2.  Reconsider or provide a strong scientific justification for the constraint "Consider only the $m_s = 0$ sublevel of the triplet state" if the intent is to accurately model "singlet-triplet mixing" driven by the magnetic field. A more realistic problem would involve all three triplet sublevels. If this simplification is critical for a specific pedagogical reason, state it clearly.

---

**Question 5: Breaking scaling relations by adsorbate-induced surface reconstruction.**

*   **Critique:**
    *   **Guideline 1 (Model Chemistry Scenario):** Excellent. Models a concept related to catalyst design and breaking scaling relations.
    *   **Guideline 3 (Multi-Step Reasoning):** Excellent. Requires calculating new parameters, a new activation energy, and then a difference.
    *   **Guideline 4 (Avoid Redundancy):** Good. All information is relevant and used. The "initial adsorption energy... is $-1.0$ eV" implies it remains constant, which is a reasonable simplification for the problem.
    *   **Guideline 5 (Be Unique):** Excellent. Not a standard textbook problem.
    *   **Guideline 11 (Solution Formatting):** Needs improvement. Similar to Questions 1 and 3, units within math mode (e.g., `eV`) should be enclosed in `\text{}`.

*   **Actionable Feedback:** Ensure all units within mathematical expressions are enclosed in `\text{}`. For example, change `$\beta = 0.5 \text{ eV}$` to `$\beta = 0.5 \text{ eV}$`.

---

**Overall Summary and Recommendations:**

*   **Strengths:** All questions demonstrate excellent creativity in modeling complex chemical scenarios (Guideline 1 & 5) and effectively force multi-step reasoning (Guideline 3). They generally avoid redundancy (Guideline 4), ensure single solutions (Guideline 6), and use rigorous phrasing (Guideline 7 & 8).
*   **Primary Areas for Improvement:**
    1.  **LaTeX Formatting (Guideline 11):** This is the most consistent issue. Ensure all units within mathematical expressions (e.g., `eV`, `J`, `K`, `T`) are enclosed in `\text{}` to display correctly and professionally in LaTeX. Also, ensure all numerical values that are part of a calculation are inside `$ $` (math mode).
    2.  **Physical Plausibility/Clarity (Guideline 1 & 8):**
        *   **Question 3:** Revisit the concept of a "negative rate" for physical realism.
        *   **Question 4:** Clarify the degeneracy of states and justify/reconsider the simplification of only considering the $m_s = 0$ triplet sublevel, as it impacts the physical accuracy of the model.

Addressing these points will significantly enhance the quality and rigor of your assessment questions.
=== Turn 2: Author refines questions ===
```xml
<question>Spin-polarized CO oxidation on a Fe/Cu(111) bimetallic catalyst.
    Consider CO oxidation on a Fe/Cu(111) surface where the Fe adatom induces a local magnetic moment. The activation energy ($E_a$) for CO oxidation follows a scaling relation: $E_a = a\epsilon_d + b$, where $\epsilon_d$ is the d-band center of the active metal. For Cu(111), $\epsilon_d = -2.5 \text{ eV}$. Introducing an Fe adatom with complete spin polarization leads to a splitting of the Fe d-band, described by the relation: $\epsilon_{d,Fe} = \epsilon_{d,avg} \pm \frac{1}{2} J$, where $\epsilon_{d,avg}$ is the average d-band center if Fe were non-magnetic, and $J = 1.0 \text{ eV}$ is the exchange splitting. For Fe, $\epsilon_{d,avg} = -2.0 \text{ eV}$. Assuming CO oxidation proceeds via the spin-down d-band center of Fe, and given the fitted scaling parameters $a = 0.8$ and $b = 1.2 \text{ eV}$, calculate the difference in $E_a$ (in $\text{eV}$) between CO oxidation on the pure Cu(111) and the spin-polarized Fe site. Use three significant figures.</question>

<question>Angular momentum conservation in enantioselective hydrogenation using a chiral Rh catalyst under an external magnetic field.
    A chiral Rh catalyst facilitates the enantioselective hydrogenation of prochiral alkenes. The introduction of an external magnetic field ($B$) affects the rate constants of $R$ and $S$ enantiomer formation, $k_R$ and $k_S$, respectively, according to: $k_R(B) = k_R(0) \exp(\mu B / kT)$ and $k_S(B) = k_S(0) \exp(-\mu B / kT)$, where $\mu = 9.274 \times 10^{-24} \text{ J/T}$ is the Bohr magneton, $k = 1.38 \times 10^{-23} \text{ J/K}$ is the Boltzmann constant, and $T = 298 \text{ K}$ is the temperature. If the initial ratio of the rate constants without the magnetic field is $k_R(0)/k_S(0) = 1.2$, calculate the new ratio $k_R(B)/k_S(B)$ under the influence of a $B = 10 \text{ T}$ magnetic field, to three significant figures.</question>

<question>Reactivity enhancement on bimetallic alloy due to modified d-band filling.
    A bimetallic catalyst consisting of Pt and Ru is used for ammonia decomposition. The change in ammonia decomposition rate relative to a reference material is linearly related to the d-band center position according to: $\Delta rate = c\epsilon_d + d$. Experiments show that for pure Pt, with $\epsilon_d = -2.0 \text{ eV}$, the change in rate is $0.1$ molecules per site per second. A separate experiment shows that for pure Ru, with $\epsilon_d = -3.0 \text{ eV}$, the change in rate is $-0.1$ molecules per site per second. Determine the values of $c$ and $d$, and then calculate the change in the ammonia decomposition rate (in molecules per site per second) for a PtRu alloy where the Pt d-band center shifts to $\epsilon_d = -2.3 \text{ eV}$, expressed to two significant figures.</question>

<question>Magnetic field induced singlet-triplet mixing in a diradical intermediate.
    A catalytic reaction proceeds through a diradical intermediate, which can exist in either a singlet ($S$) or triplet ($T$) state. The reaction rate constant, $k_{rxn}$, is proportional to the singlet state population: $k_{rxn} = aS_{population}$. The singlet and triplet states are separated by an energy $\Delta E = E_T - E_S$. Application of a magnetic field ($B$) splits the triplet state into three sublevels due to the Zeeman effect, with energy shifts of $g\mu_B B m_s$, where $g \approx 2$ is the g-factor, $\mu_B = 9.274 \times 10^{-24} \text{ J/T}$ is the Bohr magneton, and $m_s = -1, 0, 1$ is the spin quantum number. The singlet state is non-degenerate, and the triplet state is triply degenerate, with energies $E_T + g\mu_B B m_s$ for $m_s = -1, 0, 1$. Assume $\Delta E = 2.0 \times 10^{-21} \text{ J}$ and that the population of each state follows Boltzmann statistics. Calculate the percentage change in the singlet population and the reaction rate constant at $T = 298 \text{ K}$ when a magnetic field of $B = 5 \text{ T}$ is applied. State your answer as a percentage to one decimal place, relative to the initial population without the field.</question>

<question>Breaking scaling relations by adsorbate-induced surface reconstruction.
    Consider a surface reaction where the activation energy, $E_a$, scales linearly with the adsorption energy, $E_{ads}$, of a key intermediate: $E_a = \alpha E_{ads} + \beta$. Initially, the system is on a clean metal surface. Deposition of nanoparticles induces a surface reconstruction which alters the electronic structure and coordination environment of the active site. This reconstruction results in a change to the density of states at the Fermi level ($DOS(E_F)$) near the active site. The new $\alpha'$ and $\beta'$ parameters can be estimated through: $\alpha' = \alpha + k_1 \Delta DOS(E_F)$ and $\beta' = \beta + k_2 \Delta DOS(E_F)$, where $\Delta DOS(E_F)$ is the change in $DOS(E_F)$ due to surface reconstruction and $k_1 = 0.1 \text{ eV}^{-1}$ and $k_2 = 0.2 \text{ eV}^{-1}$ are constants. If the initial $\alpha = 0.6$ and $\beta = 0.5 \text{ eV}$ and $\Delta DOS(E_F) = 0.5 \text{ eV}$, and the initial adsorption energy, $E_{ads}$, of the key intermediate is $-1.0 \text{ eV}$, calculate the change in the activation energy, $\Delta E_a = E_a' - E_a$ (in $\text{eV}$) after the surface reconstruction. Be sure to maintain the sign of your result.</question>
```
=== Turn 2: Critic feedback ===
Here's a critique of each question based on the provided guidelines:

---

**Question 1: Spin-polarized CO oxidation on a Fe/Cu(111) bimetallic catalyst.**

*   **1. Model a Chemistry Scenario:** Excellent. Models a complex, cutting-edge scenario in heterogeneous catalysis involving spin polarization and d-band theory.
*   **2. Expect answers as numerical values with appropriate units or chemical compounds named using official IUPAC nomenclature:** Excellent. Asks for a numerical value in $\text{eV}$.
*   **3. Force Multi-Step Reasoning:** Excellent. Requires calculating the specific d-band center, applying the scaling relation for both pure and modified surfaces, and then finding the difference.
*   **4. Avoid Redundancy:** Good. The phrasing "complete spin polarization leads to a splitting of the Fe d-band, described by the relation" is slightly redundant. It could be more concise, e.g., "Spin polarization splits the Fe d-band according to the relation: $\epsilon_{d,Fe} = \epsilon_{d,avg} \pm \frac{1}{2} J$".
*   **5. Be Unique:** Excellent. This is a specialized topic, not a standard textbook problem.
*   **6. Single solution:** Excellent. Asks for a single numerical value.
*   **7. Use rigorous, concise phrasing:** Good. As noted in point 4, a minor tightening of phrasing is possible.
*   **8. Avoid colloquial or ambiguous terminology:** Excellent.
*   **9. Units must be consistent; chemical nomenclature must follow IUPAC rules:** Excellent. Units are consistent.
*   **10. Questions must not have multiple parts to answer, there should be only 1 solution to each question:** Excellent. Asks for one final value.
*   **11. Solution Formatting:** Excellent. All mathematical variables, numbers, and units are correctly enclosed in LaTeX math mode.

**Concise, Actionable Feedback for Question 1:**
*   **Guideline 4 & 7:** Slightly rephrase the sentence introducing the d-band splitting to be more concise, e.g., "Spin polarization splits the Fe d-band according to the relation: $\epsilon_{d,Fe} = \epsilon_{d,avg} \pm \frac{1}{2} J$".

---

**Question 2: Angular momentum conservation in enantioselective hydrogenation using a chiral Rh catalyst under an external magnetic field.**

*   **1. Model a Chemistry Scenario:** Good. Presents a scenario combining enantioselectivity and magnetic field effects, which is chemically plausible.
*   **2. Expect answers as numerical values with appropriate units or chemical compounds named using official IUPAC nomenclature:** Excellent. Asks for a numerical ratio.
*   **3. Force Multi-Step Reasoning:** Excellent. Requires calculating the exponential term and then applying it to the initial ratio.
*   **4. Avoid Redundancy:** Poor. The title and opening phrase "Angular momentum conservation..." are highly misleading and redundant. The problem describes a kinetic effect governed by Boltzmann statistics due to a magnetic field, not a direct application of angular momentum conservation in the reaction mechanism. This misdirection is significant.
*   **5. Be Unique:** Excellent. This is a unique and advanced problem.
*   **6. Single solution:** Excellent. Asks for a single numerical ratio.
*   **7. Use rigorous, concise phrasing:** Poor. The phrasing regarding "angular momentum conservation" is inaccurate for the calculation described. The parameter $\mu$ is directly given as the Bohr magneton, which simplifies the physical basis (it implies the magnetic moment of the *species* is exactly $\mu_B$), which is acceptable for a problem but could be more rigorously defined as the effective magnetic moment that couples to the field.
*   **8. Avoid colloquial or ambiguous terminology:** Poor. "Angular momentum conservation" is ambiguous and misleading in this context.
*   **9. Units must be consistent; chemical nomenclature must follow IUPAC rules:** Excellent. Units are consistent.
*   **10. Questions must not have multiple parts to answer, there should be only 1 solution to each question:** Excellent. Asks for one ratio.
*   **11. Solution Formatting:** Excellent. All mathematical variables, numbers, and units are correctly enclosed in LaTeX math mode.

**Concise, Actionable Feedback for Question 2:**
*   **Guideline 4, 7, & 8:** Remove or heavily rephrase the misleading reference to "angular momentum conservation" in the title and the initial sentence. The problem is about magnetic field effects on reaction rates via Boltzmann statistics, not the conservation of angular momentum. A better title might be "Magnetic Field Effects on Enantioselective Hydrogenation Rates."

---

**Question 3: Reactivity enhancement on bimetallic alloy due to modified d-band filling.**

*   **1. Model a Chemistry Scenario:** Excellent. Presents a standard scenario in heterogeneous catalysis involving bimetallic catalysts and d-band theory.
*   **2. Expect answers as numerical values with appropriate units or chemical compounds named using official IUPAC nomenclature:** Excellent. Asks for a numerical value with units.
*   **3. Force Multi-Step Reasoning:** Excellent. Requires setting up and solving a system of linear equations to find $c$ and $d$, then using those to calculate the final rate change.
*   **4. Avoid Redundancy:** Excellent. All information provided is necessary for the calculation.
*   **5. Be Unique:** Good. While scaling relations are common, using two data points to determine parameters and then predicting for an alloy is a good, slightly less common application.
*   **6. Single solution:** Good. While it asks for $c$ and $d$ explicitly before the final rate, the *ultimate* answer requested is the rate change. However, explicitly asking for $c$ and $d$ violates Guideline 10.
*   **7. Use rigorous, concise phrasing:** Excellent.
*   **8. Avoid colloquial or ambiguous terminology:** Excellent.
*   **9. Units must be consistent; chemical nomenclature must follow IUPAC rules:** Excellent. Units are consistent.
*   **10. Questions must not have multiple parts to answer, there should be only 1 solution to each question:** Poor. The question explicitly asks to "Determine the values of $c$ and $d$, and then calculate the change in the ammonia decomposition rate". This constitutes asking for three distinct values ($c$, $d$, and the final rate change), violating the rule of having only one solution.
*   **11. Solution Formatting:** Excellent. All mathematical variables, numbers, and units are correctly enclosed in LaTeX math mode.

**Concise, Actionable Feedback for Question 3:**
*   **Guideline 10:** Remove the explicit request to "Determine the values of $c$ and $d$". The question should only ask for the final change in the ammonia decomposition rate, making $c$ and $d$ implicit intermediate calculations.

---

**Question 4: Magnetic field induced singlet-triplet mixing in a diradical intermediate.**

*   **1. Model a Chemistry Scenario:** Excellent. Models a complex and advanced scenario in reaction mechanisms/chemical physics involving diradicals, spin states, Zeeman effect, and Boltzmann statistics.
*   **2. Expect answers as numerical values with appropriate units or chemical compounds named using official IUPAC nomenclature:** Excellent. Asks for a percentage change, which is a single numerical value.
*   **3. Force Multi-Step Reasoning:** Excellent. Requires calculating initial populations, new energy levels under field, new populations via partition function, and then the percentage change.
*   **4. Avoid Redundancy:** Excellent. All information provided is necessary.
*   **5. Be Unique:** Excellent. This is a very specialized and advanced topic, making the question highly original.
*   **6. Single solution:** Excellent. Although it mentions "singlet population and the reaction rate constant", since they are proportional, the percentage change will be identical, resulting in a single value.
*   **7. Use rigorous, concise phrasing:** Excellent.
*   **8. Avoid colloquial or ambiguous terminology:** Excellent.
*   **9. Units must be consistent; chemical nomenclature must follow IUPAC rules:** Excellent. Units are consistent.
*   **10. Questions must not have multiple parts to answer, there should be only 1 solution to each question:** Excellent. As explained in point 6, it effectively asks for one value.
*   **11. Solution Formatting:** Good. The term "g-factor" is not in math mode where it's defined: "$g \approx 2$ is the g-factor". It should be "$g \approx 2$ is the $g$-factor".

**Concise, Actionable Feedback for Question 4:**
*   **Guideline 11:** Enclose "g-factor" in math mode where it's defined: "$g \approx 2$ is the $g$-factor".

---

**Question 5: Breaking scaling relations by adsorbate-induced surface reconstruction.**

*   **1. Model a Chemistry Scenario:** Excellent. Models a cutting-edge concept in catalysis research related to breaking scaling relations via surface modification and electronic structure changes.
*   **2. Expect answers as numerical values with appropriate units or chemical compounds named using official IUPAC nomenclature:** Excellent. Asks for a numerical value in $\text{eV}$.
*   **3. Force Multi-Step Reasoning:** Excellent. Requires calculating initial activation energy, new scaling parameters, new activation energy, and finally the difference.
*   **4. Avoid Redundancy:** Excellent. All information provided is necessary.
*   **5. Be Unique:** Excellent. This is a highly unique and advanced problem, reflecting current research frontiers.
*   **6. Single solution:** Excellent. Asks for a single numerical value.
*   **7. Use rigorous, concise phrasing:** Excellent.
*   **8. Avoid colloquial or ambiguous terminology:** Excellent.
*   **9. Units must be consistent; chemical nomenclature must follow IUPAC rules:** Excellent. Units are consistent.
*   **10. Questions must not have multiple parts to answer, there should be only 1 solution to each question:** Excellent. Asks for one final value.
*   **11. Solution Formatting:** Excellent. All mathematical variables, numbers, and units are correctly enclosed in LaTeX math mode.

**Concise, Actionable Feedback for Question 5:**
*   No significant issues. This question is exemplary in meeting all guidelines.
=== Turn 3: Author refines questions ===
```xml
<question>Spin-polarized CO oxidation on a Fe/Cu(111) bimetallic catalyst.
    Consider CO oxidation on a Fe/Cu(111) surface where an Fe adatom induces a local magnetic moment. The activation energy ($E_a$) for CO oxidation follows a scaling relation: $E_a = a\epsilon_d + b$, where $\epsilon_d$ is the d-band center of the active metal. For Cu(111), $\epsilon_d = -2.5 \text{ eV}$. Spin polarization splits the Fe d-band according to the relation: $\epsilon_{d,Fe} = \epsilon_{d,avg} \pm \frac{1}{2} J$, where $\epsilon_{d,avg}$ is the average d-band center if Fe were non-magnetic, and $J = 1.0 \text{ eV}$ is the exchange splitting. For Fe, $\epsilon_{d,avg} = -2.0 \text{ eV}$. Assuming CO oxidation proceeds via the spin-down d-band center of Fe, and given the fitted scaling parameters $a = 0.8$ and $b = 1.2 \text{ eV}$, calculate the difference in $E_a$ (in $\text{eV}$) between CO oxidation on the pure Cu(111) and the spin-polarized Fe site. Use three significant figures.</question>

<question>Magnetic Field Effects on Enantioselective Hydrogenation Rates.
    A chiral Rh catalyst facilitates the enantioselective hydrogenation of prochiral alkenes. The introduction of an external magnetic field ($B$) affects the rate constants of $R$ and $S$ enantiomer formation, $k_R$ and $k_S$, respectively, according to: $k_R(B) = k_R(0) \exp(\mu B / kT)$ and $k_S(B) = k_S(0) \exp(-\mu B / kT)$, where $\mu = 9.274 \times 10^{-24} \text{ J/T}$ is the Bohr magneton, $k = 1.38 \times 10^{-23} \text{ J/K}$ is the Boltzmann constant, and $T = 298 \text{ K}$ is the temperature. If the initial ratio of the rate constants without the magnetic field is $k_R(0)/k_S(0) = 1.2$, calculate the new ratio $k_R(B)/k_S(B)$ under the influence of a $B = 10 \text{ T}$ magnetic field, to three significant figures.</question>

<question>Reactivity enhancement on bimetallic alloy due to modified d-band filling.
    A bimetallic catalyst consisting of Pt and Ru is used for ammonia decomposition. The change in ammonia decomposition rate relative to a reference material is linearly related to the d-band center position according to: $\Delta rate = c\epsilon_d + d$. Experiments show that for pure Pt, with $\epsilon_d = -2.0 \text{ eV}$, the change in rate is $0.1$ molecules per site per second. A separate experiment shows that for pure Ru, with $\epsilon_d = -3.0 \text{ eV}$, the change in rate is $-0.1$ molecules per site per second. Calculate the change in the ammonia decomposition rate (in molecules per site per second) for a PtRu alloy where the Pt d-band center shifts to $\epsilon_d = -2.3 \text{ eV}$, expressed to two significant figures.</question>

<question>Magnetic field induced singlet-triplet mixing in a diradical intermediate.
    A catalytic reaction proceeds through a diradical intermediate, which can exist in either a singlet ($S$) or triplet ($T$) state. The reaction rate constant, $k_{rxn}$, is proportional to the singlet state population: $k_{rxn} = aS_{population}$. The singlet and triplet states are separated by an energy $\Delta E = E_T - E_S$. Application of a magnetic field ($B$) splits the triplet state into three sublevels due to the Zeeman effect, with energy shifts of $g\mu_B B m_s$, where $g \approx 2$ is the $g$-factor, $\mu_B = 9.274 \times 10^{-24} \text{ J/T}$ is the Bohr magneton, and $m_s = -1, 0, 1$ is the spin quantum number. The singlet state is non-degenerate, and the triplet state is triply degenerate, with energies $E_T + g\mu_B B m_s$ for $m_s = -1, 0, 1$. Assume $\Delta E = 2.0 \times 10^{-21} \text{ J}$ and that the population of each state follows Boltzmann statistics. Calculate the percentage change in the singlet population and the reaction rate constant at $T = 298 \text{ K}$ when a magnetic field of $B = 5 \text{ T}$ is applied. State your answer as a percentage to one decimal place, relative to the initial population without the field.</question>

<question>Breaking scaling relations by adsorbate-induced surface reconstruction.
    Consider a surface reaction where the activation energy, $E_a$, scales linearly with the adsorption energy, $E_{ads}$, of a key intermediate: $E_a = \alpha E_{ads} + \beta$. Initially, the system is on a clean metal surface. Deposition of nanoparticles induces a surface reconstruction which alters the electronic structure and coordination environment of the active site. This reconstruction results in a change to the density of states at the Fermi level ($DOS(E_F)$) near the active site. The new $\alpha'$ and $\beta'$ parameters can be estimated through: $\alpha' = \alpha + k_1 \Delta DOS(E_F)$ and $\beta' = \beta + k_2 \Delta DOS(E_F)$, where $\Delta DOS(E_F)$ is the change in $DOS(E_F)$ due to surface reconstruction and $k_1 = 0.1 \text{ eV}^{-1}$ and $k_2 = 0.2 \text{ eV}^{-1}$ are constants. If the initial $\alpha = 0.6$ and $\beta = 0.5 \text{ eV}$ and $\Delta DOS(E_F) = 0.5 \text{ eV}$, and the initial adsorption energy, $E_{ads}$, of the key intermediate is $-1.0 \text{ eV}$, calculate the change in the activation energy, $\Delta E_a = E_a' - E_a$ (in $\text{eV}$) after the surface reconstruction. Be sure to maintain the sign of your result.</question>
```
=== Final questions generated ===
