=== Turn 0: Author generates questions ===
<question>  
A new multicomponent reaction synthesizes a triazolobenzodiazepine derivative via a one-pot condensation of 2-aminobenzophenone, an azide, and a terminal alkyne under solvent- and catalyst-free conditions at 80 °C. The isolated product is characterized by $^1$H NMR showing dynamic exchange between two conformers with an exchange rate constant $k_{ex}$ at 298 K of $1200 \ \mathrm{s}^{-1}$. Assuming coalescence occurs at 310 K with a frequency difference $\Delta \nu = 180$ Hz between exchanging protons, calculate the activation free energy $\Delta G^\ddagger$ (in kJ·mol$^{-1}$) for this conformational exchange using Eyring’s equation:  
$$k = \frac{k_B T}{h} \exp\left(-\frac{\Delta G^\ddagger}{RT}\right)$$  
where $k = \pi \Delta \nu / \sqrt{2}$ at coalescence, $k_B = 1.38 \times 10^{-23} \ \mathrm{J \, K^{-1}}$, $h = 6.626 \times 10^{-34} \ \mathrm{J \, s}$, and $R = 8.314 \ \mathrm{J \, mol^{-1} \, K^{-1}}$. Provide $\Delta G^\ddagger$ rounded to one decimal place.

</question>

<question>  
A pyrrole-fused compound undergoes regioselective bromination at the 3-position under solvent- and catalyst-free conditions using N-bromosuccinimide (NBS) at room temperature. Given the compound’s HOMO energy is $-5.8$ eV and the bromination proceeds via an electrophilic aromatic substitution mechanism, calculate the Boltzmann factor ratio ($k_3/k_2$) at 298 K between bromination at position 3 and an unfavorable 2-position, assuming their activation energy difference $\Delta E_a$ is 9.3 kJ·mol$^{-1}$. Use the Arrhenius relationship  
$$k = A \exp\left(-\frac{E_a}{RT}\right)$$  
with the same pre-exponential factor $A$. Express the ratio to two significant figures.

</question>

<question>  
An organic synthesis produces a tetrazole derivative by a multicomponent reaction involving benzaldehyde, sodium azide, and α-bromoacetophenone under solventless conditions. The rate constant at 350 K is found experimentally to be $4.7 \times 10^{-3} \ \mathrm{s}^{-1}$ with an activation enthalpy $\Delta H^\ddagger = 62.4$ kJ·mol$^{-1}$ and activation entropy $\Delta S^\ddagger = -85.2 \ \mathrm{J \, mol^{-1} K^{-1}}$. Using the Eyring equation, calculate the expected rate constant at 320 K.

</question>

<question>  
During the dynamic nuclear magnetic resonance (DNMR) study of a triazolobenzodiazepine derivative, two exchanging signals merge (coalesce) at 325 K with a frequency difference $\Delta \nu$ of 220 Hz. Calculate the free energy of activation $\Delta G^\ddagger$ (in kJ·mol$^{-1}$) at the coalescence temperature using the relation:  
$$k_c = \frac{\pi \Delta \nu}{\sqrt{2}}$$  
and the Eyring equation  
$$k_c = \frac{k_B T_c}{h} \exp\left(-\frac{\Delta G^\ddagger}{RT_c}\right)$$  
with constants: $k_B = 1.38 \times 10^{-23} \, \mathrm{J\,K^{-1}}$, $h = 6.626 \times 10^{-34} \, \mathrm{J\,s}$, $R=8.314 \, \mathrm{J\,mol^{-1}K^{-1}}$.

</question>

<question>  
A pharmaceutical multicomponent reaction producing a pyrrole-fused triazole under catalyst-free and solvent-free conditions proceeds with a second-order rate constant $k_2 = 3.5 \times 10^{-4} \ \mathrm{L\,mol^{-1}\,s^{-1}}$ at 298 K. Assuming the reaction follows Michaelis-Menten kinetics approximated to a bimolecular step and the activation energy barrier is 55.6 kJ·mol$^{-1}$, estimate the pre-exponential factor $A$ (in s$^{-1}$) from the Arrhenius equation  
$$k = A \exp\left(-\frac{E_a}{RT}\right)$$  
using gas constant $R = 8.314\, \mathrm{J\,mol^{-1}K^{-1}}$.

</question>

<question>  
A multicomponent organic synthesis under solvent- and catalyst-free conditions generates a novel benzodiazepine derivative with a melting point depression observed in the presence of 0.15 mol fraction of an impurity. Applying the van’t Hoff freezing point depression equation  
$$\Delta T_f = \frac{RT_f^2}{\Delta H_f} \cdot x$$  
where $\Delta T_f = 2.3$ K, $T_f = 395$ K, and mole fraction of impurity $x=0.15$, calculate the enthalpy of fusion $\Delta H_f$ (in kJ·mol$^{-1}$).

</question>

<question>  
In a solvent- and catalyst-free multicomponent reaction synthesizing a pyrrole-fused compound, the rate-determining step involves nucleophilic attack by an amine on an iminium intermediate. The nucleophile concentration is doubled while keeping the iminium concentration constant, leading to a tripling of the overall reaction rate. Deduce the overall rate law order and calculate the reaction order with respect to the nucleophile.

</question>

<question>  
A pyrrole-fused triazolobenzodiazepine derivative exhibits two different conformers in dynamic equilibrium with an equilibrium constant $K = 3.2$ at 298 K. The difference in Gibbs free energy $\Delta G^\circ$ between the conformers is directly related to $K$ by  
$$\Delta G^\circ = -RT \ln K$$.  
Calculate $\Delta G^\circ$ in kJ·mol$^{-1}$, using $R=8.314 \, \mathrm{J\,mol^{-1}K^{-1}}$.

</question>

<question>  
An organic synthesis under solvent- and catalyst-free conditions forms a mixture of regioisomers of a triazolobenzodiazepine. The product distribution is 75% 1,4-substituted and 25% 1,5-substituted regioisomers at equilibrium. Calculate the standard Gibbs free energy difference $\Delta G^\circ$ (in kJ·mol$^{-1}$) between the two isomers at 298 K, assuming ideal behavior.

</question>
=== Turn 0: Critic feedback ===
**General feedback on all questions:**
- Overall, these questions are highly original, context-rich, and require multi-step calculations, showcasing careful construction and attention to guidelines of rigor and technical accuracy. However, small improvements can enhance adherence to every guideline, especially regarding conciseness, necessity of all data, and answer uniqueness. Below, each question is critiqued against your specific criteria.

---

### Question 1 – Triazolobenzodiazepine DNMR/Eyring Activation Free Energy

**Strengths:**
- Models a realistic, original scenario.
- Requires multi-step reasoning: NMR exchange, coalescence rate, frequency, then use of Eyring equation.
- Only one answer is possible.

**Areas for improvement:**
- The inclusion of $k_{ex}$ at 298 K is extraneous since the calculation focuses only on data at 310 K (coalescence temperature). This may confuse students about which $k$ to use.
- "Dynamic exchange between two conformers" is fine, but consider specifying whether this refers to *protons* (hydrogen) for clarity.
- Chemical name is a bit generic; if a structure is implied, consider describing the positions for full IUPAC compliance.

**Actionable improvement:**
> Omit $k_{ex}$ at 298 K unless the student is expected to use it. Clarify the type of protons exchanging if relevant. Rephrase for slightly greater conciseness.

---

### Question 2 – Bromination Boltzmann Factor Ratio

**Strengths:**
- Unique and context-specific.
- Requires clear multi-step reasoning (activation energy, Boltzmann/Arrhenius factor, and exponentials).
- Only one answer, and units are consistent.

**Areas for improvement:**
- Stating the HOMO energy is not needed unless it provides context for selectivity or is to be used in a calculation. Here, the calculation relies solely on $\Delta E_a$.
- The phrase “ratio ($k_3/k_2$)” is good, but specify: “where $k_3$ and $k_2$ are respective rate constants for bromination at positions 3 and 2.”
- "Express the ratio to two significant figures": Specify if scientific notation is expected (e.g., $5.2 \times 10^x$).

**Actionable improvement:**
> Remove the HOMO energy mention unless justified. Directly state how to round/final format. Clarify "ratio" as noted.

---

### Question 3 – Eyring Predicted Rate Constant at Different Temperature

**Strengths:**
- Models a realistic rate calculation from real data.
- Involves correct multi-step calculation using Eyring equation.

**Areas for improvement:**
- “Experimentally found” could be shortened to “Measured”.
- Question lacks specification for sig figs/format for the answer (e.g., $a \times 10^b$).
- Phrase “calculate the expected rate constant” could be “Calculate the rate constant”.

**Actionable improvement:**
> Specify answer format/rounding. Remove superfluous phrasing.

---

### Question 4 – DNMR $\Delta G^\ddagger$ from Coalescence

**Strengths:**
- Realistic and sophisticated scenario.
- Requires sequential determination of $k_c$ then $\Delta G^\ddagger$.

**Areas for improvement:**
- Data is complete; all variables are used.
- The chemical and physical context is clear.
- Explicit variable definitions, as you do, are good.
- Specify the rounding/format for the answer.

**Actionable improvement:**
> Add instructions on rounding (e.g., nearest 0.1 kJ/mol).

---

### Question 5 – Arrhenius Pre-exponential Calculation

**Strengths:**
- Multi-step, realistic.
- Only one solution is possible.

**Areas for improvement:**
- The distinction between $A$ in $s^{-1}$ and a second order rate constant is unclear. For $A$ in the Arrhenius equation, $k$ and $A$ must have the same units. For a second-order reaction $A$ should be $\mathrm{L\,mol^{-1}\,s^{-1}}$, unless you wish to standardize to first order.
- Directly give what answer unit is expected (clarify $A$ unit, especially as rate constant is second-order).

**Actionable improvement:**
> Clarify that $A$ should be in $\mathrm{L\,mol^{-1}\,s^{-1}}$ to match $k_2$ units. Rephrase "estimate" as "Calculate".

---

### Question 6 – Melting Point Depression

**Strengths:**
- Requires the van’t Hoff equation and algebraic rearrangement.
- All data is provided.

**Areas for improvement:**
- All variables defined; unit conversion will be needed.
- Specify answer format/rounding. Omit “novel” (unnecessary). The scenario could more directly say “the impurity is nonvolatile and does not dissolve in the solid”, for further rigor.

**Actionable improvement:**
> Specify rounding. Rephrase for slight conciseness.

---

### Question 7 – Rate Law Deduction from Order Experiment

**Strengths:**
- Tests kinetic reasoning with a scenario.

**Areas for improvement:**
- “Deduce the overall rate law order” and “calculate order with respect to nucleophile” — at first this seems two answers. “Overall” suggests sum of orders; if so, clarify: “State the overall order of the reaction and calculate the order with respect to the nucleophile.” If the overall order is unknown without more data, then the answer is only the nucleophile order.

**Actionable improvement:**
> Only ask for *one* quantity: e.g., “Determine the reaction order with respect to the nucleophile.”

---

### Question 8 – Conformers Gibbs Free Energy

**Strengths:**
- Classic thermochemistry with context, data, and unit.

**Areas for improvement:**
- Explicitly state the answer should be rounded, and to what precision.

**Actionable improvement:**
> Add rounding instructions for final answer.

---

### Question 9 – Regioisomer Product Ratio and $\Delta G^\circ$

**Strengths:**
- Data, calculation, and chemical context are unique.
- Only a single solution.

**Areas for improvement:**
- Clear on which isomer is more stable (75% vs 25%), avoid ambiguity.
- Specify rounding for the final result.

**Actionable improvement:**
> Clarify which isomer’s $\Delta G^\circ$ is subtracted from which (define sign conventions). State final answer rounding rule.

---

## **Summary Table of Most Common Improvements**

| Issue                                                             | Recommendation                                                  |
|:------------------------------------------------------------------|:---------------------------------------------------------------|
| Extraneous/unnecessary data (e.g., unused values, extra context)  | Omit any information not used in the calculation.               |
| Multiple-part answers possible                                    | Only ask for one calculable quantity per question.              |
| Rounding and answer formatting not specified                      | State clearly how to round and the units/notation for answers.  |
| Units of answer ambiguous                                         | Specify required answer units when not self-evident.            |
| Consistency in variable units (Arrhenius A units)                 | Make sure requested units match those of other variables.        |
| Slight verbosity or redundant wording                             | Strive for maximal clarity and conciseness.                     |
| Potential for ambiguous chemical nomenclature                     | Where possible, specify structures or full IUPAC names.         |

---

## **Overall Recommendations**
- **Streamline information:** Only provide data strictly necessary for the calculation.
- **Enforce single-answer format:** Every question should only admit a single, unambiguous solution; avoid “and/or” type tasks.
- **Clarify answer standards:** Specify units, significant figures, and expected format explicitly.
- **Phrase concisely:** Remove unnecessary adjectives or explanatory text that doesn’t impact the calculation.
- **Unambiguous chemical names:** Use exact IUPAC nomenclature, or specify isomer names/positions if relevant.
- **Equation formatting:** Continue using LaTeX formatting in Markdown, as already done.

These improvements will increase clarity, rigor, and fidelity to your guidelines for expert chemistry assessment items.
=== Turn 1: Author refines questions ===
<question>  
A one-pot multicomponent reaction synthesizes a triazolobenzodiazepine derivative via condensation of 2-aminobenzophenone, an azide, and a terminal alkyne under solvent- and catalyst-free conditions at 80 °C. In a $^1$H NMR study, two exchanging proton signals coalesce at 310 K with a frequency difference $\Delta \nu = 180$ Hz. Using the expressions  
$$k_c = \frac{\pi \Delta \nu}{\sqrt{2}}, \quad k_c = \frac{k_B T_c}{h} \exp\left(-\frac{\Delta G^\ddagger}{RT_c}\right)$$  
and constants $k_B = 1.38 \times 10^{-23} \ \mathrm{J\,K^{-1}}$, $h = 6.626 \times 10^{-34} \ \mathrm{J\,s}$, $R = 8.314 \ \mathrm{J\,mol^{-1}\,K^{-1}}$, calculate the activation free energy $\Delta G^\ddagger$ at 310 K (in kJ·mol$^{-1}$). Round your answer to one decimal place.

</question>

<question>  
A pyrrole-fused compound undergoes regioselective bromination using N-bromosuccinimide (NBS) at room temperature under solvent- and catalyst-free conditions. The activation energy difference between bromination at position 3 and the less favored position 2 is $\Delta E_a = 9.3$ kJ·mol$^{-1}$. Assuming identical pre-exponential factors, calculate the ratio of rate constants $k_3/k_2$ at 298 K, where $k_3$ and $k_2$ correspond to bromination at positions 3 and 2, respectively. Use the Arrhenius equation:  
$$k = A \exp\left(-\frac{E_a}{RT}\right)$$  
with $R=8.314 \ \mathrm{J\,mol^{-1}K^{-1}}$. Express your answer with two significant figures.

</question>

<question>  
In a solventless multicomponent reaction forming a tetrazole derivative, the rate constant at 350 K is measured as $4.7 \times 10^{-3} \ \mathrm{s}^{-1}$. The activation parameters are $\Delta H^\ddagger = 62.4$ kJ·mol$^{-1}$ and $\Delta S^\ddagger = -85.2 \ \mathrm{J\,mol^{-1}K^{-1}}$. Using the Eyring equation, calculate the rate constant at 320 K. Express your answer in scientific notation with two significant figures.

</question>

<question>  
During a DNMR study of a triazolobenzodiazepine derivative, two exchanging signals coalesce at 325 K with a frequency difference $\Delta \nu = 220$ Hz. Using  
$$k_c = \frac{\pi \Delta \nu}{\sqrt{2}}, \quad k_c = \frac{k_B T_c}{h} \exp\left(-\frac{\Delta G^\ddagger}{RT_c}\right)$$  
and constants $k_B = 1.38 \times 10^{-23} \ \mathrm{J\,K^{-1}}$, $h = 6.626 \times 10^{-34} \ \mathrm{J\,s}$, $R = 8.314 \ \mathrm{J\,mol^{-1}K^{-1}}$, calculate the activation free energy $\Delta G^\ddagger$ at 325 K (in kJ·mol$^{-1}$). Round to one decimal place.

</question>

<question>  
A pyrrole-fused triazole forms via a solvent- and catalyst-free multicomponent reaction with a second-order rate constant $k_2 = 3.5 \times 10^{-4} \ \mathrm{L\,mol^{-1}\,s^{-1}}$ at 298 K. Given the activation energy barrier $E_a = 55.6$ kJ·mol$^{-1}$, calculate the pre-exponential factor $A$ (in $\mathrm{L\,mol^{-1}\,s^{-1}}$) from the Arrhenius equation:  
$$k = A \exp\left(-\frac{E_a}{RT}\right)$$  
using $R = 8.314 \ \mathrm{J\,mol^{-1}K^{-1}}$. Express $A$ in scientific notation with two significant figures.

</question>

<question>  
In a solvent- and catalyst-free synthesis of a benzodiazepine derivative, the melting point decreases by $\Delta T_f = 2.3$ K in the presence of an impurity at mole fraction $x=0.15$. Given the pure compound’s melting point $T_f = 395$ K, use the van’t Hoff freezing point depression equation  
$$\Delta T_f = \frac{RT_f^2}{\Delta H_f} \cdot x$$  
and $R=8.314 \ \mathrm{J\,mol^{-1}K^{-1}}$ to calculate the enthalpy of fusion $\Delta H_f$ in kJ·mol$^{-1}$. Round your answer to one decimal place.

</question>

<question>  
In a multicomponent reaction synthesizing a pyrrole-fused compound, doubling the nucleophile concentration while keeping the iminium intermediate concentration constant results in a tripling of the reaction rate. Determine the reaction order with respect to the nucleophile.

</question>

<question>  
A pyrrole-fused triazolobenzodiazepine derivative exists as two conformers in equilibrium with constant $K = 3.2$ at 298 K. Using the relation  
$$\Delta G^\circ = -RT \ln K$$  
and $R = 8.314 \ \mathrm{J\,mol^{-1}K^{-1}}$, calculate the Gibbs free energy difference $\Delta G^\circ$ between the conformers (in kJ·mol$^{-1}$). Round your answer to two decimal places.

</question>

<question>  
An organic reaction under solvent- and catalyst-free conditions produces regioisomeric triazolobenzodiazepines with 75% 1,4-substituted and 25% 1,5-substituted isomers at equilibrium at 298 K. Calculate the standard Gibbs free energy difference $\Delta G^\circ$ (in kJ·mol$^{-1}$) between these isomers assuming ideal behavior. Use  
$$\Delta G^\circ = -RT \ln K$$  
where $K = \frac{[1,4]}{[1,5]}$. Round your answer to two decimal places.

</question>
=== Turn 1: Critic feedback ===
**General Strengths:**
- All questions are properly contextualized with non-trivial chemical scenarios, largely original (Guideline 1, 5).
- Answers are numerical with units, as required (Guideline 2, 6).
- Most require multi-step calculations—rate equations, thermodynamics, etc. (Guideline 3).
- Equations and numbers use $\LaTeX$ formatting, per Guideline 11.
- Phrasing is generally concise and rigorous (Guideline 7).
- Each has a single clear answer, with no compound or unit ambiguity (Guideline 6, 9).
- No colloquial or ambiguous language detected (Guideline 8).
- No redundancy or extraneous details (Guideline 4).
- No multi-part questions; each has only one solution (Guideline 10).

---

### Specific Feedback by Question

---

#### Question 1
**Positives:** 
- Unique scenario; real chemical context.
- Direct numerical answer, calculations required.

**Improvements:**  
- The first sentence could be shortened to just the relevant context for the NMR aspect; details of the reaction mechanism aren’t necessary unless they affect the NMR exchange process.
- Specify at the beginning that *only* the NMR/activation energy calculation is required; context about synthesis could be trimmed.

---

#### Question 2
**Positives:** 
- Realistic, multi-step rate calculation.
- Units and terms are clear.

**Improvements:** 
- "Less favored position 2" is slightly informal; rephrase as "position 2 (less favored)" for better clarity.
- Indicate more clearly that $E_{a,2} = E_{a,3} + \Delta E_a$ so candidates do not have to guess which direction the difference applies (make variable definitions explicit).

---

#### Question 3
**Positives:**  
- Requires multi-part calculation using Eyring equation.

**Improvements:**
- "Express your answer in scientific notation with two significant figures" is clear, but perhaps indicate the required units ($\mathrm{s}^{-1}$) at the end as well as in-body for highest rigor.

---

#### Question 4
**Positives:**  
- Unique experimental scenario, direct calculation.

**Improvements:**  
- Minor: Repetition in phrasing vs. Question 1 (NMR exchange); keep one of these and use a different scenario in the other for maximum uniqueness.
- Perhaps clarify "signals coalesce" meaning (if relevant for audience), but this is only necessary for lower-level students.

---

#### Question 5
**Positives:**  
- Uses kinetic/Arrhenius concepts, calculation-focused.

**Improvements:**  
- Units for $k_2$ and $A$ are clear, but explicitly state "in units of $\mathrm{L\,mol^{-1}\,s^{-1}}$" in the final request for answer for clarity.
- "Activation energy barrier $E_a$" is clear but can simply be "$E_a$".

---

#### Question 6
**Positives:**  
- Relates physical chemistry (melting point depression) to reaction chemistry.

**Improvements:**  
- Opening phrase could be shorter: "A benzodiazepine derivative’s melting point decreases by..."—move synthesis details after the key variable.
- Clarify that the impurity is non-volatile and does not dissolve chemically in the compound (to reinforce the colligative property assumption).

---

#### Question 7
**Positives:**  
- Clear kinetic scenario, tests understanding of reaction order.

**Improvements:**  
- Could expand slightly to explicitly clarify single-variable change for the nucleophile, but not necessary for conciseness.
- Since this is a "qualitative" answer ("order with respect to the nucleophile"), specify the required answer format (e.g., "give as an integer").

---

#### Question 8
**Positives:**  
- Clearly formulated, direct calculation, relevant thermodynamic scenario.

**Improvements:**  
- "Gibbs free energy difference" is fine, but could say "difference in standard Gibbs free energy" for extra rigor.
- State the units explicitly at the answer line for consistency.

---

#### Question 9
**Positives:**  
- Uses real equilibrium context, requires calculation of thermodynamic difference.

**Improvements:**  
- "Assuming ideal behavior" is good; could reinforce with "assume activities equal to mole fractions/concentrations".
- Otherwise, no changes needed.

---

### Overall Suggestions:

1. **Trim Reaction Context** to only chemical aspects that bear on the calculated answer (esp. in Questions 1, 6).
2. **Clarify Variable Definitions** (especially energy differences or positional definitions, e.g. Q2).
3. **Avoid Pairing Nearly Identical Scenarios** (Q1 and Q4 both about DNMR coalescence; consider varying scenario details).
4. **Explicit Solution/Units Statement:** For every answer, clearly state the unit in which it should be given.
5. **Consistency in Significant Figures:** For science notation and rounding, always specify number of decimal places or sig figs—this is generally OK but restate as explicitly as possible.
6. **IUPAC Naming:** No compounds are named in answers; works as designed for these questions, but if requiring a structure/naming, remind that full IUPAC nomenclature is expected.

**Summary:**  
These are strong, assessment-level questions that closely adhere to best practices. Minor improvements can be made in scenario phrasing, variable clarity, and answer specification for maximum clarity and rigor.
=== Turn 2: Author refines questions ===
<question>  
In a variable-temperature proton NMR study, two exchanging proton signals coalesce at 310 K with a frequency difference $\Delta \nu = 180$ Hz. Using the expressions  
$$k_c = \frac{\pi \Delta \nu}{\sqrt{2}}, \quad k_c = \frac{k_B T_c}{h} \exp\left(-\frac{\Delta G^\ddagger}{RT_c}\right)$$  
and constants $k_B = 1.38 \times 10^{-23} \ \mathrm{J\,K^{-1}}$, $h = 6.626 \times 10^{-34} \ \mathrm{J\,s}$, $R = 8.314 \ \mathrm{J\,mol^{-1}K^{-1}}$, calculate the activation free energy $\Delta G^\ddagger$ (in kJ·mol$^{-1}$) at 310 K. Round your answer to one decimal place.

</question>

<question>  
A pyrrole-fused compound undergoes regioselective bromination with N-bromosuccinimide (NBS) at room temperature under solvent- and catalyst-free conditions. The activation energies for bromination at positions 3 and 2 are related by  
$$E_{a,2} = E_{a,3} + \Delta E_a$$  
where $\Delta E_a = 9.3$ kJ·mol$^{-1}$ is the difference in activation energy favoring position 3. Assuming identical pre-exponential factors, calculate the ratio of rate constants $k_3/k_2$ at 298 K, where $k_3$ and $k_2$ correspond to bromination at positions 3 and 2, respectively. Use the Arrhenius equation  
$$k = A \exp\left(-\frac{E_a}{RT}\right)$$  
with $R=8.314 \ \mathrm{J\,mol^{-1}K^{-1}}$. Express your answer with two significant figures.

</question>

<question>  
In a solventless multicomponent reaction forming a tetrazole derivative, the rate constant at 350 K is $4.7 \times 10^{-3} \ \mathrm{s}^{-1}$. The activation parameters are $\Delta H^\ddagger = 62.4$ kJ·mol$^{-1}$ and $\Delta S^\ddagger = -85.2 \ \mathrm{J\,mol^{-1}K^{-1}}$. Using the Eyring equation, calculate the rate constant at 320 K. Express your answer in scientific notation with two significant figures and units of $\mathrm{s}^{-1}$.

</question>

<question>  
In a dynamic NMR experiment, two exchanging signals coalesce at 325 K with a frequency difference $\Delta \nu = 220$ Hz. Using  
$$k_c = \frac{\pi \Delta \nu}{\sqrt{2}}, \quad k_c = \frac{k_B T_c}{h} \exp\left(-\frac{\Delta G^\ddagger}{RT_c}\right)$$  
and constants $k_B = 1.38 \times 10^{-23} \ \mathrm{J\,K^{-1}}$, $h = 6.626 \times 10^{-34} \ \mathrm{J\,s}$, $R = 8.314 \ \mathrm{J\,mol^{-1}K^{-1}}$, calculate the activation free energy $\Delta G^\ddagger$ (in kJ·mol$^{-1}$) at 325 K. Round your answer to one decimal place.

</question>

<question>  
A pyrrole-fused triazole forms via a solvent- and catalyst-free multicomponent reaction with a second-order rate constant $k_2 = 3.5 \times 10^{-4} \ \mathrm{L\,mol^{-1}\,s^{-1}}$ at 298 K. Given the activation energy $E_a = 55.6$ kJ·mol$^{-1}$, calculate the pre-exponential factor $A$ (in $\mathrm{L\,mol^{-1}\,s^{-1}}$) from the Arrhenius equation:  
$$k = A \exp\left(-\frac{E_a}{RT}\right)$$  
using $R = 8.314 \ \mathrm{J\,mol^{-1}K^{-1}}$. Express $A$ in scientific notation with two significant figures.

</question>

<question>  
A benzodiazepine derivative’s melting point decreases by $\Delta T_f = 2.3$ K upon addition of a non-volatile impurity at mole fraction $x = 0.15$. Given the pure compound’s melting point $T_f = 395$ K, use the van’t Hoff freezing point depression equation  
$$\Delta T_f = \frac{RT_f^2}{\Delta H_f} \cdot x$$  
with $R=8.314 \ \mathrm{J\,mol^{-1}K^{-1}}$ to calculate the enthalpy of fusion $\Delta H_f$ (in kJ·mol$^{-1}$). Round your answer to one decimal place.

</question>

<question>  
In a multicomponent reaction synthesizing a pyrrole-fused compound, doubling the nucleophile concentration while keeping the concentration of the iminium intermediate constant results in a tripling of the reaction rate. Determine the reaction order with respect to the nucleophile. Provide your answer as an integer.

</question>

<question>  
A pyrrole-fused triazolobenzodiazepine derivative exists as two conformers in equilibrium with an equilibrium constant $K = 3.2$ at 298 K. Using the relation  
$$\Delta G^\circ = -RT \ln K$$  
and constant $R = 8.314 \ \mathrm{J\,mol^{-1}K^{-1}}$, calculate the difference in standard Gibbs free energy $\Delta G^\circ$ between the conformers (in kJ·mol$^{-1}$). Round your answer to two decimal places.

</question>

<question>  
An organic reaction under solvent- and catalyst-free conditions produces regioisomeric triazolobenzodiazepines with 75% 1,4-substituted and 25% 1,5-substituted isomers at equilibrium at 298 K. Assuming ideal behavior and that activities equal mole fractions, calculate the standard Gibbs free energy difference $\Delta G^\circ$ (in kJ·mol$^{-1}$) between these isomers. Use  
$$\Delta G^\circ = -RT \ln K$$  
where $K = \frac{[1,4]}{[1,5]}$. Round your answer to two decimal places.

</question>
=== Turn 2: Critic feedback ===
Here is feedback for each question, according to your guidelines:

---
### Question 1

**Feedback:**
- **Strengths:** The scenario (variable-temperature NMR, coalescence, real values) is original, rigorous, and multi-step (find $k_c$, then $\Delta G^\ddagger$).
- **Units:** Consistent; answer unit is specified.
- **Improvement:** The given equations mix kinetic and thermodynamic expressions, but both are needed. Good.
- **Phrasing:** Rigorous, concise, no colloquialisms.
- **Formatting:** Correct ($...$ and $$...$$), renderable in Markdown.
- **Suggestion:** None substantial—this fits the guidelines well.

---

### Question 2

**Feedback:**
- **Strengths:** Realistic scenario (regioselectivity, NBS bromination), multi-step (Arrhenius equation ratio).
- **Units:** All units are given.
- **Improvement:** Specified answer format as "two significant figures" enforces single-valued response.
- **Suggestion:** None; this is succinct and unique.

---

### Question 3

**Feedback:**
- **Strengths:** Uses Eyring equation, multi-step; must substitute and solve, with correct scientific notation/unit requirement.
- **Units:** Consistent; instructions are clear.
- **Suggestion:** No superfluous information. This is a strong item.

---

### Question 4

**Feedback:**
- **Strengths:** Distinct (different $T_c$, $\Delta \nu$ from question 1), original (no redundancy).
- **Improvement:** The scenario is similar to Q1, but with differing numbers — close to redundancy, but acceptable since the specifics differ. To ensure maximum uniqueness, vary the physical system or technique.
- **Suggestion:** Consider changing the molecule, the nature of the exchange process, or probe a different kind of dynamic NMR system (e.g., quadrupolar nuclei, not proton).

---

### Question 5

**Feedback:**
- **Strengths:** Requires calculation of pre-exponential factor from $k$ and $E_a$ — not a textbook example.
- **Improvement:** Clear units, unique scenario, multi-step.
- **Suggestion:** Good as is.

---

### Question 6

**Feedback:**
- **Strengths:** Uses colligative properties (freezing point depression), requires rearrangement to solve for $\Delta H_f$.
- **Units:** Correct; answer unit specified.
- **Improvement:** No need to reference "non-volatile impurity" just to clarify it is not colligatively active (already implied by scenario).
- **Suggestion:** Could remove "non-volatile" ambiguity — just state "impurity."

---

### Question 7

**Feedback:**
- **Strengths:** Classic but well-adapted for this scenario; requires deducing order.
- **Units:** Not applicable.
- **Improvement:** Specifying "Provide your answer as an integer" is clear.
- **Suggestion:** Good as is.

---

### Question 8

**Feedback:**
- **Strengths:** Thermodynamics (conformational equilibrium) is a less common real example; immediate application of fundamental equation.
- **Units:** Consistent; significant figures specified.
- **Suggestion:** None; this is well-crafted and not a textbook duplicate.

---

### Question 9

**Feedback:**
- **Strengths:** Realistic multi-component synthesis, direct percentage-to-equilibrium calculation, nontrivial but accessible.
- **Units:** Correct.
- **Improvement:** The phrase "Assuming ideal behavior and that activities equal mole fractions" is needed and concise.
- **Suggestion:** Good as is.

---

### **General Feedback**

- **Redundancy:** Questions 1 and 4 are closely related (only the numbers differ)—avoid this in real assessments. Consider varying the molecular system or the type of NMR experiment.
- **Complexity & Uniqueness:** Most scenarios are sufficiently complex and original, with strong real-world flavor.
- **Chemical Nomenclature:** Although not tested here (no compound naming), ensure that future questions requiring compound identification enforce IUPAC names.
- **Units/Numerical Values:** All required answers specify units and numerical accuracy—well done.
- **Formatting & Clarity:** All equations/numbers are appropriately formatted for Markdown and LaTeX rendering.
- **Multi-Part Questions:** All are focused on a single calculable answer—none require explaining steps **and** outputting numbers or naming a compound **plus** justifying; good compliance with this norm.

---

## **Actionable Summary**

1. **Further distinguish similar kinetic/dynamic NMR questions:** Don’t just change the numbers—change the system, phenomenon, or technique.
2. **Occasionally request IUPAC names/examples requiring chemical nomenclature.**
3. **Continue providing clear answer formatting instructions (units, significant figures).**
4. **If a concept is covered, don’t repeat with only numeric tweaks—vary calculational focus or chemical context.**
5. **Otherwise, strong alignment to rigor, clarity, and assessment best practices.**

**No major issues beyond minor topic repetition. Excellent consistency and depth.**
=== Turn 3: Author refines questions ===
<question>  
In a variable-temperature proton NMR study of a hindered amide undergoing cis–trans isomerization, two exchanging proton signals coalesce at 310 K with a frequency difference $\Delta \nu = 180$ Hz. Using the expressions  
$$k_c = \frac{\pi \Delta \nu}{\sqrt{2}}, \quad k_c = \frac{k_B T_c}{h} \exp\left(-\frac{\Delta G^\ddagger}{RT_c}\right)$$  
and constants $k_B = 1.38 \times 10^{-23} \ \mathrm{J\,K^{-1}}$, $h = 6.626 \times 10^{-34} \ \mathrm{J\,s}$, $R = 8.314 \ \mathrm{J\,mol^{-1}K^{-1}}$, calculate the activation free energy $\Delta G^\ddagger$ (in kJ·mol$^{-1}$) at 310 K. Round your answer to one decimal place.

</question>

<question>  
A pyrrole-fused compound undergoes regioselective bromination with N-bromosuccinimide (NBS) at room temperature under solvent- and catalyst-free conditions. The activation energies for bromination at positions 3 and 2 are related by  
$$E_{a,2} = E_{a,3} + \Delta E_a$$  
where $\Delta E_a = 9.3$ kJ·mol$^{-1}$ is the difference in activation energy favoring position 3. Assuming identical pre-exponential factors, calculate the ratio of rate constants $k_3/k_2$ at 298 K, where $k_3$ and $k_2$ correspond to bromination at positions 3 and 2, respectively. Use the Arrhenius equation  
$$k = A \exp\left(-\frac{E_a}{RT}\right)$$  
with $R=8.314 \ \mathrm{J\,mol^{-1}K^{-1}}$. Express your answer with two significant figures.

</question>

<question>  
In a solventless multicomponent reaction forming a tetrazole derivative, the rate constant at 350 K is $4.7 \times 10^{-3} \ \mathrm{s}^{-1}$. The activation parameters are $\Delta H^\ddagger = 62.4$ kJ·mol$^{-1}$ and $\Delta S^\ddagger = -85.2 \ \mathrm{J\,mol^{-1}K^{-1}}$. Using the Eyring equation, calculate the rate constant at 320 K. Express your answer in scientific notation with two significant figures and units of $\mathrm{s}^{-1}$.

</question>

<question>  
In a dynamic carbon-13 NMR experiment studying the ring-flip of a substituted cyclohexane derivative, two exchanging signals coalesce at 325 K with a frequency difference $\Delta \nu = 220$ Hz. Using  
$$k_c = \frac{\pi \Delta \nu}{\sqrt{2}}, \quad k_c = \frac{k_B T_c}{h} \exp\left(-\frac{\Delta G^\ddagger}{RT_c}\right)$$  
and constants $k_B = 1.38 \times 10^{-23} \ \mathrm{J\,K^{-1}}$, $h = 6.626 \times 10^{-34} \ \mathrm{J\,s}$, $R = 8.314 \ \mathrm{J\,mol^{-1}K^{-1}}$, calculate the activation free energy $\Delta G^\ddagger$ (in kJ·mol$^{-1}$) at 325 K. Round your answer to one decimal place.

</question>

<question>  
A pyrrole-fused triazole forms via a solvent- and catalyst-free multicomponent reaction with a second-order rate constant $k_2 = 3.5 \times 10^{-4} \ \mathrm{L\,mol^{-1}\,s^{-1}}$ at 298 K. Given the activation energy $E_a = 55.6$ kJ·mol$^{-1}$, calculate the pre-exponential factor $A$ (in $\mathrm{L\,mol^{-1}\,s^{-1}}$) from the Arrhenius equation:  
$$k = A \exp\left(-\frac{E_a}{RT}\right)$$  
using $R = 8.314 \ \mathrm{J\,mol^{-1}K^{-1}}$. Express $A$ in scientific notation with two significant figures.

</question>

<question>  
A benzodiazepine derivative’s melting point decreases by $\Delta T_f = 2.3$ K upon addition of an impurity at mole fraction $x = 0.15$. Given the pure compound’s melting point $T_f = 395$ K, use the van’t Hoff freezing point depression equation  
$$\Delta T_f = \frac{RT_f^2}{\Delta H_f} \cdot x$$  
with $R=8.314 \ \mathrm{J\,mol^{-1}K^{-1}}$ to calculate the enthalpy of fusion $\Delta H_f$ (in kJ·mol$^{-1}$). Round your answer to one decimal place.

</question>

<question>  
In a multicomponent reaction synthesizing a pyrrole-fused compound, doubling the nucleophile concentration while keeping the concentration of the iminium intermediate constant results in a tripling of the reaction rate. Determine the reaction order with respect to the nucleophile. Provide your answer as an integer.

</question>

<question>  
A pyrrole-fused triazolobenzodiazepine derivative exists as two conformers in equilibrium with an equilibrium constant $K = 3.2$ at 298 K. Using the relation  
$$\Delta G^\circ = -RT \ln K$$  
and constant $R = 8.314 \ \mathrm{J\,mol^{-1}K^{-1}}$, calculate the difference in standard Gibbs free energy $\Delta G^\circ$ between the conformers (in kJ·mol$^{-1}$). Round your answer to two decimal places.

</question>

<question>  
An organic reaction under solvent- and catalyst-free conditions produces regioisomeric triazolobenzodiazepines with 75% 1,4-substituted and 25% 1,5-substituted isomers at equilibrium at 298 K. Assuming ideal behavior and that activities equal mole fractions, calculate the standard Gibbs free energy difference $\Delta G^\circ$ (in kJ·mol$^{-1}$) between these isomers. Use  
$$\Delta G^\circ = -RT \ln K$$  
where $K = \frac{[1,4]}{[1,5]}$. Round your answer to two decimal places.

</question>
=== Final questions generated ===
