=== Turn 0: Author generates questions ===
<question>  
A recombinant lectin is expressed to selectively bind glycosaminoglycans (GAGs) enriched in 2-O-sulfated iduronic acid units. The binding site contains amino acids forming hydrogen bonds with hydroxyl groups only at C3 and C4 positions of the sugar ring. Given that the lectin fails to bind a GAG variant where C2 is substituted by a bulky acetyl group, explain quantitatively how the steric hindrance at C2 can disrupt the lectin’s affinity. Consider that the acetyl substitution introduces a steric free energy penalty of 12.4 kJ·mol⁻¹, and the original binding Gibbs free energy is –32.0 kJ·mol⁻¹ at 298 K. Calculate the new binding constant $K_D'$ if the initial dissociation constant $K_D$ was 1.5 μM. Use the relation $\Delta G = -RT \ln K_D$ and assume $R = 8.314\,\mathrm{J\,mol^{-1}K^{-1}}$.</question>

<question>  
Cucumis melo agglutinin (CMA1) selectively agglutinates erythrocytes by binding to a β-D-galactopyranoside moiety with a C2 axial hydroxyl group. Propose the IUPAC name of the disaccharide formed if CMA1 enzymatically links a β-D-galactopyranosyl residue to the C2 position of a β-D-glucopyranose acceptor via a β-(1→2) glycosidic bond, considering retention of anomeric configuration at the donor sugar.</question>

<question>  
In an experiment to characterize lectin specificity, a lectin’s binding affinity to a series of C2-substituted, β-D-galactopyranose derivatives is measured. For the unsubstituted sugar, the association constant $K_a$ is $5.1 \times 10^5\,\mathrm{M^{-1}}$ at 310 K with an enthalpy change $\Delta H = -42.0\,\mathrm{kJ\,mol^{-1}}$. A fluorine substituent at C2 reduces $K_a$ to $1.7 \times 10^5\,\mathrm{M^{-1}}$. Assuming $\Delta H$ remains constant and van’t Hoff behavior applies, calculate the difference in entropy change, $\Delta \Delta S$, (in $\mathrm{J\,mol^{-1}K^{-1}}$) between the unsubstituted and the C2-fluorinated sugar.</question>  

<question>  
A lectin recognizes a glycosaminoglycan fragment consisting of repeating disaccharide units containing $N$-acetyl-$\beta$-D-glucosamine and $L$-iduronic acid. It is known that C5 epimerization of uronic acid increases binding affinity by stabilizing a unique $^1C_4$ chair conformation, lowering the entropic penalty of binding by $9.1\,\mathrm{J\,mol^{-1}K^{-1}}$ at 298 K. If the original binding equilibrium constant is $K = 8.0 \times 10^4\,\mathrm{M^{-1}}$, calculate the new equilibrium constant after epimerization, assuming $\Delta H$ remains unchanged.</question>

<question>  
Recombinant expression of a chimeric lectin reveals its carbohydrate recognition domain specifically interacts with a β-linked galactosamine substituted with a sulfated group at C3. Using the Henderson-Hasselbalch equation and knowing the pKa of the sulfated group is 1.2, calculate the fractional ionization of the sulfated substituent at pH 7.4, and determine how this ionization state may influence hydrogen bonding with the lectin’s recognition residues.</question>  

<question>  
During the classification of lectins, a newly isolated protein was found to bind preferentially to C2-substituted β-D-galactopyranose residues bearing a methyl group instead of a hydroxyl. The lectin binds the methylated sugar with a binding free energy $\Delta G^\circ = -28.5\,\mathrm{kJ\,mol^{-1}}$ at 298 K and displays a two-fold decrease in enthalpic contribution compared to binding with the hydroxylated sugar. Calculate the entropy change difference $\Delta \Delta S$ (in $\mathrm{J\,mol^{-1}K^{-1}}$) between binding the methylated versus hydroxylated sugar.</question>  

<question>  
Lectin-mediated agglutination assays show that mutation of an asparagine residue involved in coordinating the C3 hydroxyl of a β-D-galactopyranoside reduces binding affinity by increasing the dissociation constant from 2.0 μM to 20.0 μM at 298 K. Calculate the difference in binding free energy $\Delta \Delta G^\circ$ (in kJ·mol⁻¹) caused by this mutation using $\Delta G^\circ = -RT \ln K_D$ with $R = 8.314\,\mathrm{J\,mol^{-1}K^{-1}}$.</question>  

<question>  
Glycosaminoglycan oligosaccharides are often sulfated at specific positions influencing lectin affinity. If a lectin demonstrates a 10-fold higher affinity for a pentasaccharide sulfated at C6 of the glucosamine residue compared to the non-sulfated analogue, estimate the difference in standard Gibbs free energy of binding $\Delta \Delta G^\circ$ (in kJ·mol⁻¹) at 310 K. Use $\Delta G^\circ = -RT \ln K_a$ and $R = 8.314\,\mathrm{J\,mol^{-1}K^{-1}}$.</question>  

<question>  
The carbohydrate recognition domain of a lectin binds exclusively to β-D-galactopyranosides with C2 substitutions that include halogens. Considering the electronegativity and size of fluorine and chlorine, which of the following substituents at C2 would most likely yield the highest binding affinity: fluoro, chloro, bromo, or iodo? Provide the IUPAC name of the preferred monosaccharide derivative and justify your choice based on steric and electronic factors influencing lectin binding specificity.</question>
=== Turn 0: Critic feedback ===
Certainly! Here is a concise, actionable critique of each question set against your 11 guidelines, along with overall suggestions.

---

### Question 1

**Strengths:**  
- Models a recombinant protein scenario (Guideline 1).
- Requires numerical answer in correct units ($K_D'$) (Guideline 2).
- Multi-step reasoning (ΔG to $K_D$, penalty amendment).
- Concisely phrased, no extraneous details.
- Uses correct units and LaTeX formatting.

**Weaknesses:**  
- The word "explain quantitatively" could be shortened to "Calculate quantitatively", as only calculation is required (Guideline 7, 8).
- References the failed binding—ideally, the question should not highlight failure if a measurable result is sought (Guideline 10).  
- The phrase "disrupt the lectin’s affinity" is a bit ambiguous; simply state "Calculate the new dissociation constant..."

**Action:**  
- Rephrase to: "Calculate quantitatively how steric hindrance at C2 affects lectin affinity. Given a steric penalty of 12.4 kJ·mol⁻¹ and original $\Delta G = -32.0\ $kJ·mol⁻¹, calculate the new dissociation constant $K_D'$..." 

---

### Question 2

**Strengths:**  
- Interesting scenario with specific enzymatic action (Guideline 1, 5).
- Requires IUPAC nomenclature (Guideline 2, 9).
- Concise, no redundancy.

**Weaknesses:**  
- The mechanism for "retention of anomeric configuration" is implied but not described, which adds ambiguity for students (Guideline 8).  
- Possible ambiguity: does the "retention" mean the linkage is $\beta$ at both sugars?  
- Only the IUPAC name is asked for (meets guideline for single solution), but could specify "Provide only the IUPAC name of the disaccharide product." (Guideline 10).

**Action:**  
- Remove phrase "considering retention..." or clarify: "Assuming $\beta$ configuration at both anomeric centers, provide the IUPAC name..."

---

### Question 3

**Strengths:**  
- Realistic binding affinity/thermodynamics scenario (Guideline 1, 5).
- Calculation requires multi-step entropy difference (Guideline 3).
- Units and LaTeX properly used.

**Weaknesses:**   
- Could specify: "Give your answer to 1 decimal place."  
- Could specify "Assume $R = 8.314$ J·mol⁻¹·K⁻¹" for consistency with other questions (Guideline 9).

**Action:**  
- Add precision and specify $R$ for consistency.
- Slightly rephrase to: "Calculate, to one decimal place, the difference in entropy change, $\Delta\Delta S...$"

---

### Question 4

**Strengths:**   
- Complex but clear mechanism scenario (Guideline 1, 5).
- Unique focus (epimerization/entropy).
- Clearly expects numerical answer.

**Weaknesses:**  
- "If the original binding equilibrium constant is $K= \dots$" would read better as "Given original binding constant $K = \dots$".  
- "Calculate the new equilibrium constant after epimerization" could be "Calculate the new binding constant $K'$".
- Specify numerical precision.

**Action:**  
- "Calculate the new binding constant $K'$ to two significant figures, assuming..."

---

### Question 5

**Strengths:**  
- Applies Henderson-Hasselbalch to a novel (sulfate) scenario (Guideline 5).
- Requires both calculation and short discussion (Guideline 3).

**Weaknesses:**  
- **Violates Guideline 10:** Requires both calculation and explanation; two solutions possible.  
- The "determine how this ionization state may influence..." is a separate, more subjective mechanistic inference.
- Typo: p$K_a$ not pKa.
- "Fractional ionization" could be clarified as $\alpha$ or "show answer as decimal between 0 and 1".

**Action:**  
- Either restrict to a numerical answer ("Calculate the fractional ionization $\alpha$..."),  
- OR split into two separate questions, but only ask for one.
- Preferably: "Calculate the fractional ionization $\alpha$ of the sulfated group at pH 7.4."

---

### Question 6

**Strengths:**  
- Original methyl/hydroxyl differential binding scenario.
- Requires entropy calculation (via $\Delta G$ and $\Delta H$ comparison).

**Weaknesses:**  
- "Two-fold decrease in enthalpic contribution" is ambiguous—does it halve (become less negative)? Specify if numeric (e.g., –20 kJ/mol vs. –40) (Guideline 7, 8).
- "Calculate the entropy change difference..." → "Calculate the difference in standard entropy change, $\Delta\Delta S$...".

**Action:**  
- Clarify: "If $\Delta H$ for methylated sugar is half the value for the hydroxylated sugar, calculate ...".
- Specify expected units and significant figures.

---

### Question 7

**Strengths:**  
- Well-posed, concise, single-answer question calculating $\Delta\Delta G$ (Guidelines 2, 3, 6).

**Weaknesses:**
- "Lectin-mediated agglutination assays show that mutation ..." could be shortened.
- No redundancy.

**Action:**  
- Minor rephrase: "The dissociation constant increases from 2.0 μM to 20.0 μM after mutating..."  
- Specify units for the answer ("in kJ·mol⁻¹, to one decimal place").

---

### Question 8

**Strengths:**  
- Clear, concise, unique scenario (sulfation site affects affinity).
- Requests single numerical value ($\Delta\Delta G^\circ$).

**Weaknesses:**  
- "Estimate the difference in ..." could be "Calculate..." for rigor.
- Specify explicit units ("in kJ·mol⁻¹, to two decimal places").

**Action:**  
- Rephrase: "Calculate the difference in standard Gibbs free energy of binding, $\Delta\Delta G^\circ$, in kJ·mol⁻¹ (to two decimal places) at 310 K..."

---

### Question 9

**Strengths:**  
- Unique: rationalizes binding based on substituent properties.
- IUPAC name requested for a derivative (Guideline 2, 9).

**Weaknesses:**  
- **TWO solutions required:** both name and justification; violates Guideline 10.
- The phrase "justify your choice based on..." asks for written explanation (not a single solution).

**Action:**  
- Restrict to one solution—ask only: "Which substituent at C2 yields the highest binding affinity? Provide the IUPAC name of the preferred monosaccharide derivative."
- OR, separate out and ask only for the name: "Provide the IUPAC name of the β-D-galactopyranoside with a C2-substitution predicted to yield highest lectin affinity, based on steric and electronic effects."

---

## Overall Recommendations

**Strengths across the set:**
- All questions present original, non-trivial chemistry or biochemistry scenarios.
- Most require multi-step calculations or in-depth reasoning.
- Units, LaTeX, and chemical nomenclature are handled well.
- Minimal redundancy present.

**Areas for improvement:**
1. **Single-solution focus:** Eliminate any part-questions or open-ended justification/discussion—only one final answer should be required (Guideline 10).
2. **Precision:** Always specify significant figures or decimal places for numerical answers.
3. **Clarity:** Avoid ambiguous phrasing, especially regarding mechanistic or configuration details.
4. **Consistency:** Specify constants such as $R$ if not universal, and clarify the direction/meaning of enthalpic changes or relative values.
5. **Equation formatting:** All equations/variables should be rendered in LaTeX/Markdown-style as per guidelines.
6. **Conciseness:** Remove introductory/qualitative statements within the calculation prompt unless essential.

---

## Example of Improved Question (from 5):

**Original:**  
"Using the Henderson-Hasselbalch equation and knowing the pKa of the sulfated group is 1.2, calculate the fractional ionization of the sulfated substituent at pH 7.4, and determine how this ionization state may influence hydrogen bonding with the lectin’s recognition residues."

**Revision:**  
"Calculate the fractional ionization $\alpha$ of a sulfated group ($\mathrm{p}K_a = 1.2$) at pH 7.4 using the Henderson-Hasselbalch equation. Express $\alpha$ as a decimal to two significant figures."

---

**Summary:**  
- Each question should yield only a *single numerical value or IUPAC name*.
- Eliminate or rephrase open-ended or secondary prompts.
- Always specify answer format and required calculation steps.

You are on the right track with unique, graduate-level, and rigorously worded assessment scenarios. Minor rephrasings and focusing each question to a single, uniquely solvable endpoint will fully align your questions with your own guidelines.
=== Turn 1: Author refines questions ===
<question>  
A recombinant lectin is expressed to selectively bind glycosaminoglycans (GAGs) enriched in 2-O-sulfated iduronic acid units. The binding site forms hydrogen bonds with hydroxyl groups only at C3 and C4 positions of the sugar ring. Given that a bulky acetyl substitution at C2 introduces a steric free energy penalty of 12.4 kJ·mol⁻¹ and that the original binding Gibbs free energy is –32.0 kJ·mol⁻¹ at 298 K, calculate the new dissociation constant $K_D'$. The initial dissociation constant $K_D$ is 1.5 μM. Use $\Delta G = -RT \ln K_D$ with $R = 8.314\,\mathrm{J\,mol^{-1}K^{-1}}$, and express $K_D'$ in μM to two significant figures.  
</question>

<question>  
Cucumis melo agglutinin (CMA1) enzymatically links a β-D-galactopyranosyl donor to the C2 position of a β-D-glucopyranose acceptor via a β-(1→2) glycosidic bond, retaining the anomeric configuration at the donor sugar. Provide the IUPAC name of the resulting disaccharide product.  
</question>

<question>  
A lectin’s association constant $K_a$ for binding unsubstituted β-D-galactopyranose is $5.1 \times 10^5\,\mathrm{M^{-1}}$ at 310 K with enthalpy change $\Delta H = -42.0\,\mathrm{kJ\,mol^{-1}}$. Substitution of fluorine at C2 reduces $K_a$ to $1.7 \times 10^5\,\mathrm{M^{-1}}$. Assuming $\Delta H$ remains constant and $R = 8.314\,\mathrm{J\,mol^{-1}K^{-1}}$, calculate the difference in entropy change, $\Delta \Delta S = \Delta S_\mathrm{fluoro} - \Delta S_\mathrm{unsubstituted}$, in $\mathrm{J\,mol^{-1}K^{-1}}$. Give your answer to one decimal place.  
</question>

<question>  
A lectin binds a glycosaminoglycan fragment containing repeating units of $N$-acetyl-$\beta$-D-glucosamine and $L$-iduronic acid. C5 epimerization of the uronic acid stabilizes the ligand in a $^1C_4$ chair conformation, reducing the entropic penalty by $9.1\,\mathrm{J\,mol^{-1}K^{-1}}$ at 298 K. Given the original binding constant $K = 8.0 \times 10^4\,\mathrm{M^{-1}}$ and assuming unchanged enthalpy, calculate the new binding constant $K'$ after epimerization. Express $K'$ with two significant figures. Use $R = 8.314 \,\mathrm{J\,mol^{-1}K^{-1}}$.  
</question>

<question>  
Calculate the fractional ionization $\alpha$ of a sulfated substituent with $\mathrm{p}K_a = 1.2$ at pH 7.4 using the Henderson-Hasselbalch equation. Express $\alpha$ as a decimal rounded to two significant figures.  
</question>

<question>  
A lectin binds preferentially to a C2-substituted β-D-galactopyranose bearing a methyl group with binding free energy $\Delta G^\circ = -28.5\,\mathrm{kJ\,mol^{-1}}$ at 298 K. The methylated sugar’s enthalpic contribution is half that of the hydroxylated sugar. Calculate the difference in standard entropy change, $\Delta \Delta S = \Delta S_\mathrm{methyl} - \Delta S_\mathrm{hydroxyl}$, in $\mathrm{J\,mol^{-1}K^{-1}}$. Assume $R = 8.314\,\mathrm{J\,mol^{-1}K^{-1}}$ and give your answer to one decimal place.  
</question>

<question>  
Mutation of an asparagine residue coordinating the C3 hydroxyl of a β-D-galactopyranoside increases the dissociation constant from 2.0 μM to 20.0 μM at 298 K. Calculate the change in binding free energy $\Delta \Delta G^\circ$ (in kJ·mol⁻¹) caused by the mutation using $\Delta G^\circ = -RT \ln K_D$ with $R = 8.314\,\mathrm{J\,mol^{-1}K^{-1}}$. Give your answer to one decimal place.  
</question>

<question>  
A lectin exhibits a 10-fold higher affinity for a pentasaccharide sulfated at the C6 position of the glucosamine residue compared to the non-sulfated analogue. Calculate the difference in standard Gibbs free energy of binding, $\Delta \Delta G^\circ$, in kJ·mol⁻¹ at 310 K. Use $\Delta G^\circ = -RT \ln K_a$ with $R = 8.314\,\mathrm{J\,mol^{-1}K^{-1}}$, and express your answer to two decimal places.  
</question>

<question>  
Among halogen substituents at C2 on β-D-galactopyranose, which is predicted to yield the highest lectin binding affinity considering steric and electronic factors? Provide the full IUPAC name of the β-D-galacto-halopyranose monosaccharide with the preferred substituent.  
</question>
=== Turn 1: Critic feedback ===
Certainly! Here is a **concise, actionable critique** addressing each question **by guideline number** where appropriate, plus targeted suggestions.

---

### **General Comments Across All Questions**

- **Strengths:**  
  - All questions model realistic biochemical/chemical scenarios, often involving biomolecular interactions rather than trivial textbook equilibrium problems.  
  - Correct use of required units and IUPAC naming principles.
  - Most phrasing is concise and avoids ambiguity or colloquial language.
  - Equations and variables are already written in LaTeX and Markdown-friendly formatting.

- **Areas to improve:**  
  - Some questions contain secondary or background details that do not influence the calculation/answer.
  - Certain questions can allow for ambiguous interpretation or may not strictly force multi-step reasoning, or may allow for more than one possible answer if not tightly specified.
  - A few prompt multiple mechanistic considerations, risking more than one correct answer, especially where substituent effects are not completely specified.

---

### **Question-by-Question Feedback**

---

#### **Q1: Recombinant lectin, GAG, C2-acetyl, new $K_D'$ calculation**

- **Guidelines Addressed:**  
  - 1, 2, 3, 9 (mostly satisfied)
- **Actions:**  
  - The inclusion of "the site forms hydrogen bonds only at C3 and C4" is not relevant to the calculation, as all needed data are numerical. **Remove this detail** (Guideline 4).
  - Question is rigorous, requires unit conversion, and yields a unique numerical answer—good.
  - Consider stating clearly “Assume the penalty is additive and all other contributions are unchanged,” to **avoid ambiguity**.
- **Revision Example:**  
  - Remove reference to hydrogen bonding at C3/C4 unless it alters the calculation.

---

#### **Q2: IUPAC name of glycosidically-linked disaccharide**

- **Guidelines Addressed:**  
  - 1, 2, 6, 7, 9 (good)
- **Actions:**  
  - The scenario is original and does not resemble textbook examples.
  - The phrase "retaining the anomeric configuration at the donor sugar" makes the stereochemistry clear.
  - “Resulting disaccharide product” could be replaced with “Provide the full IUPAC name...” for clarity, but otherwise adheres well.
- **No revision needed.**  

---

#### **Q3: $K_a$, $\Delta H$, fluorination, entropy difference**

- **Guidelines Addressed:**  
  - 1, 2, 3, 6, 7, 9, 11 (good)
- **Actions:**  
  - All information is necessary; units and calculation steps required are clear.
  - Unique, single solution is guaranteed.
- **No revision needed.**

---

#### **Q4: Epimerization, entropy, new binding constant**

- **Guidelines Addressed:**  
  - 1, 2, 3, 6, 7, 9, 11 (good)
- **Actions:**  
  - Scenario is biochemically interesting and non-standard.
  - Avoids excess information; all details provided are relevant.
- **No revision needed.**

---

#### **Q5: Fractional ionization using Henderson-Hasselbalch**

- **Guidelines Addressed:**  
  - 1, 2, 6, 7, 9 (good)
- **Actions:**  
  - Standard method, but the scenario is not “textbook trivial” as for carboxylates or amines.
  - Originality is adequate.
- **No revision needed.**

---

#### **Q6: $\Delta S$ difference, methyl vs. hydroxyl**

- **Guidelines Addressed:**  
  - 1, 2, 3, 6, 7, 9 (good)
- **Actions:**  
  - All required and no extraneous data; phrase “difference in standard entropy change” is clear.
  - Ensure in the prompt that the required information makes the solution unique.
- **No revision needed.**

---

#### **Q7: Mutation effect on $K_D$, $\Delta\Delta G^\circ$**

- **Guidelines Addressed:**  
  - 1, 2, 3, 6, 7, 9, 11 (good)
- **Actions:**  
  - Straightforward and focused.
  - The phrase “caused by the mutation” is clear; yields a unique single answer.
- **No revision needed.**

---

#### **Q8: Affinity difference, free energy difference**

- **Guidelines Addressed:**  
  - 1, 2, 3, 6, 7, 9
- **Actions:**  
  - Precise use of “difference in standard Gibbs free energy of binding”; adequate units and uniqueness.
- **No revision needed.**

---

#### **Q9: Halogen effects at C2—predict highest affinity & name compound**

- **Guidelines Addressed:**  
  - 1, 2, 5, 6, 7, 9
- **Actions:**  
  - Slight risk of *ambiguity* unless you specify the selection is based solely on binding affinity with equal concentration—there could be debate depending on precise steric/electronic interplay.  
  - To improve uniqueness, **add** "Assume all other structural and experimental variables are held constant" and perhaps state “according to trends in halogen size and electronegativity.”
  - “Provide the full IUPAC name...” is rigorous, but ensure all possible candidates are covered in the scenario.
- **Revision:**  
  - Clarify that the answer must be based solely on steric and electronic factors of common halogens (F, Cl, Br, I) and specify which are available for selection.

---

### **Summary Table**

| # | Key Issue(s)          | Action(s)                                                                                                              |
|---|-----------------------|------------------------------------------------------------------------------------------------------------------------|
| 1 | Unneeded detail       | Remove non-contributory info (hydrogen bonds at C3/C4); clarify penalty usage.                                         |
| 2 | None                  | —                                                                                                                      |
| 3 | None                  | —                                                                                                                      |
| 4 | None                  | —                                                                                                                      |
| 5 | None                  | —                                                                                                                      |
| 6 | None                  | —                                                                                                                      |
| 7 | None                  | —                                                                                                                      |
| 8 | None                  | —                                                                                                                      |
| 9 | Potential ambiguity   | State basis strictly as electronic/steric, and all other factors equal; clarify allowed halogens.                      |


---

## **Global Suggestions**

- **Always suppress extraneous mechanistic/structural details unless directly influencing the calculation (Guideline 4).**
- **Explicitly state any assumptions needed for solution uniqueness, especially when dealing with substituent trends or binding predictions.**
- **For comparison/ranking/prediction questions, define the options so only one can be optimal according to the question’s criteria.**
- **All other aspects (units, notation, solution format) are consistently strong.**

---

**Overall, your questions are strong and realistic for advanced chemistry/biochemistry exam or problem sets. Only minor tweaks are needed for perfect clarity and strict alignment with your guidelines.**
=== Turn 2: Author refines questions ===
<question>  
A recombinant lectin is expressed to selectively bind glycosaminoglycans (GAGs) enriched in 2-O-sulfated iduronic acid units. A bulky acetyl substitution at C2 introduces a steric free energy penalty of 12.4 kJ·mol⁻¹. Given the original binding Gibbs free energy is –32.0 kJ·mol⁻¹ and the initial dissociation constant $K_D$ is 1.5 μM at 298 K, calculate the new dissociation constant $K_D'$. Assume the penalty is additive and all other binding contributions remain unchanged. Use $\Delta G = -RT \ln K_D$ with $R = 8.314\,\mathrm{J\,mol^{-1}K^{-1}}$, and express $K_D'$ in μM to two significant figures.  
</question>

<question>  
Cucumis melo agglutinin (CMA1) enzymatically links a β-D-galactopyranosyl donor to the C2 position of a β-D-glucopyranose acceptor via a β-(1→2) glycosidic bond, retaining the anomeric configuration at the donor sugar. Provide the full IUPAC name of the resulting disaccharide product.  
</question>

<question>  
A lectin’s association constant $K_a$ for binding unsubstituted β-D-galactopyranose is $5.1 \times 10^5\,\mathrm{M^{-1}}$ at 310 K with enthalpy change $\Delta H = -42.0\,\mathrm{kJ\,mol^{-1}}$. Substitution of fluorine at C2 reduces $K_a$ to $1.7 \times 10^5\,\mathrm{M^{-1}}$. Assuming $\Delta H$ remains constant and $R = 8.314\,\mathrm{J\,mol^{-1}K^{-1}}$, calculate the difference in entropy change, $\Delta \Delta S = \Delta S_\mathrm{fluoro} - \Delta S_\mathrm{unsubstituted}$, in $\mathrm{J\,mol^{-1}K^{-1}}$. Give your answer to one decimal place.  
</question>

<question>  
A lectin binds a glycosaminoglycan fragment containing repeating units of $N$-acetyl-$\beta$-D-glucosamine and $L$-iduronic acid. C5 epimerization of the uronic acid stabilizes the ligand in a $^1C_4$ chair conformation, reducing the entropic penalty of binding by $9.1\,\mathrm{J\,mol^{-1}K^{-1}}$ at 298 K. Given the original binding constant $K = 8.0 \times 10^4\,\mathrm{M^{-1}}$ and assuming unchanged binding enthalpy, calculate the new binding constant $K'$ after epimerization. Express $K'$ with two significant figures. Use $R = 8.314 \,\mathrm{J\,mol^{-1}K^{-1}}$.  
</question>

<question>  
Calculate the fractional ionization $\alpha$ of a sulfated substituent with $\mathrm{p}K_a = 1.2$ at pH 7.4 using the Henderson-Hasselbalch equation. Express $\alpha$ as a decimal rounded to two significant figures.  
</question>

<question>  
A lectin binds preferentially to a C2-substituted β-D-galactopyranose bearing a methyl group with binding free energy $\Delta G^\circ = -28.5\,\mathrm{kJ\,mol^{-1}}$ at 298 K. The methylated sugar’s enthalpic contribution is half that of the hydroxylated sugar. Calculate the difference in standard entropy change, $\Delta \Delta S = \Delta S_\mathrm{methyl} - \Delta S_\mathrm{hydroxyl}$, in $\mathrm{J\,mol^{-1}K^{-1}}$. Assume $R = 8.314\,\mathrm{J\,mol^{-1}K^{-1}}$ and give your answer to one decimal place.  
</question>

<question>  
Mutation of an asparagine residue coordinating the C3 hydroxyl of a β-D-galactopyranoside increases the dissociation constant from 2.0 μM to 20.0 μM at 298 K. Calculate the change in binding free energy $\Delta \Delta G^\circ$ (in kJ·mol⁻¹) caused by the mutation using $\Delta G^\circ = -RT \ln K_D$ with $R = 8.314\,\mathrm{J\,mol^{-1}K^{-1}}$. Give your answer to one decimal place.  
</question>

<question>  
A lectin exhibits a 10-fold higher affinity for a pentasaccharide sulfated at the C6 position of the glucosamine residue compared to the non-sulfated analogue. Calculate the difference in standard Gibbs free energy of binding, $\Delta \Delta G^\circ$, in kJ·mol⁻¹ at 310 K. Use $\Delta G^\circ = -RT \ln K_a$ with $R = 8.314\,\mathrm{J\,mol^{-1}K^{-1}}$, and express your answer to two decimal places.  
</question>

<question>  
Among common halogen substituents (F, Cl, Br, I) at C2 on β-D-galactopyranose, which is predicted to yield the highest lectin binding affinity considering steric and electronic factors only, assuming all other structural and experimental variables are held constant? Provide the full IUPAC name of the β-D-galacto-halopyranose monosaccharide with the preferred substituent.  
</question>
=== Turn 2: Critic feedback ===
**General Evaluation Summary**

Your questions strongly adhere to advanced chemistry assessment, with originality and focus on carbohydrate recognition—excellent for graduate-level or advanced undergraduate study. The scenarios are grounded, the calculations require multi-step reasoning, and answers are unambiguous and numerically or nomenclaturally rigorous. Still, improvements can be made to further sharpen clarity, conciseness, and adherence to your guidelines:

---

### 1. Model a Chemistry Scenario

**Strengths:**  
- Each question is built on a plausible biochemical/biophysical scenario.
- Questions avoid generic textbook examples.

**Areas for Improvement:**  
- While scenarios are realistic, occasionally excessive contextual detail (e.g., recombinant protein, enzyme names) can be trimmed unless it directly affects the calculation or reasoning.

### 2. Expect numerical or IUPAC-named answers

**Strengths:**  
- All answers requested fit this criterion.

### 3. Multi-Step Reasoning

**Strengths:**  
- All questions require at least two calculation steps or an element of mechanistic/structural chemical analysis.

### 4. Avoid Redundancy

**Strengths:**  
- No repeated questions; each is unique in focus.

**Areas for Improvement:**  
- Some scenario descriptions are longer than necessary (possible to condense further).

### 5. Originality and Complexity

**Strengths:**  
- No generic textbook problems; all items synthesize bioorganic or bioanalytical chemistry themes with computational rigor.

### 6. Single Solution

**Strengths:**  
- All questions are unambiguous; only one numerical or chemical answer is expected.

### 7. Rigorous, Concise Phrasing

**Areas for Improvement:**
- Some background padding (e.g., naming dissociation constants as "initial" and "new" when $K_D$ and $K_D'$ suffice) may be redundant.
- Phrasing can occasionally be streamlined, e.g.:
  - "Assume the penalty is additive and all other binding contributions remain unchanged." → "Assume only this penalty is added; all other binding contributions are unchanged."
- Remove words like "preferentially," since this is implied by data, or rephrase for consistency.

### 8. Avoid Colloquial/Ambiguous Terminology

**Strengths:**  
- Uses precise chemical and thermodynamic terminology.

### 9. Consistent Units and IUPAC Nomenclature

**Strengths:**  
- All units are clearly defined; equations are given with units.
- Nomenclature requested is always IUPAC.

### 10. Single Answer, No Sub-Parts

**Strengths:**  
- Each question expects a single, final answer.

**Areas for Improvement:**  
- In question 9, it asks to "Provide the full IUPAC name of the β-D-galacto-halopyranose monosaccharide with the preferred substituent." As written, this is still a single final answer, but could be reworded to make that explicit (eg, "Name the compound predicted to show highest affinity.").

### 11. Formatting ($, $$)

**Areas for Improvement:**  
- Some questions mix text and math inconsistently. Consider ensuring all variable and mathematical expressions are in $...$ (inline) or $$...$$ (block) for uniform rendering.
- Watch for italics in variable names in full sentences ("Given the original binding constant $K$...").
- Numbers and units should be formatted consistently, eg, $1.5\,\mu\mathrm{M}$ or $1.5\,\mathrm{\mu M}$, but not both.

---

## **Question-by-Question Feedback**

---

### Question 1

**Strengths:**  
- Scenario clear, calculations multi-step, unique.

**Suggestions:**  
- "Steric free energy penalty" could simply be "Adds a free energy penalty of $+12.4$ kJ/mol."  
- Specify that the $K_D$ values are for monovalent binding, if relevant, for clarity.

---

### Question 2

**Strengths:**  
- Demands precise IUPAC nomenclature.
- Good mechanistic context.

**Suggestions:**  
- Remove "retaining the anomeric configuration at the donor sugar" unless it clarifies a potential ambiguity—the context may make this clear already.

---

### Question 3

**Strengths:**  
- Clear, multi-step reasoning for entropy calculation.

**Suggestions:**  
- Instead of "$\Delta\Delta S$", consider defining in the question:  
  "...difference in standard entropy, $\Delta \Delta S \equiv \Delta S_\mathrm{fluoro} - \Delta S_\mathrm{unsubstituted}$..."

---

### Question 4

**Strengths:**  
- Realistic biochemistry scenario, multi-step calculation.

**Suggestions:**  
- Remove non-essential structural terms in the description (e.g. "$^1C_4$ chair conformation"), unless relevant to the calculation itself.

---

### Question 5

**Strengths:**  
- Clear, simple, single-step calculation.

**Suggestions:**  
- State: "...Express $\alpha$ to two significant figures as a decimal (e.g., $0.97$)," to clarify format.

---

### Question 6

**Strengths:**  
- Multi-step, real scenario.

**Suggestions:**  
- Instead of "The methylated sugar’s enthalpic contribution is half that of the hydroxylated sugar.", clarify as: "The enthalpic component of binding for the methylated sugar is half that of the hydroxylated sugar."  
- Define reference states for $\Delta S$ unambiguously, e.g., $\Delta S^\circ$.

---

### Question 7

**Strengths:**  
- Focused, calculation-based.

**Suggestions:**  
- Remove redundant words: "caused by the mutation" can be omitted.

---

### Question 8

**Strengths:**  
- Clear, concise.

**Suggestions:**  
- None needed; exemplifies best practices.

---

### Question 9

**Strengths:**  
- Mechanistic and conceptual—original.

**Suggestions:**  
- Streamline: "Which C2-halo substituent (F, Cl, Br, I) on $\beta$-D-galactopyranose is predicted to yield highest lectin affinity, considering steric and electronic factors only? Give the full IUPAC name of the compound."

---

## **Actionable Summary Table**

| Guideline | Do Well? | How to Improve                                                                                                                                      |
|-----------|----------|-----------------------------------------------------------------------------------------------------------------------------------------------------|
| 1         | Yes      | Occasionally condense scenario setup.                                                                                                               |
| 2         | Yes      | n/a                                                                                                                                                 |
| 3         | Yes      | n/a                                                                                                                                                 |
| 4         | Yes      | Trim any peripheral context.                                                                                                                        |
| 5         | Yes      | n/a                                                                                                                                                 |
| 6         | Yes      | n/a                                                                                                                                                 |
| 7         | Partial  | Use even more concise, formal phrasing. Avoid unnecessary words/phrases.                                                                             |
| 8         | Yes      | n/a                                                                                                                                                 |
| 9         | Yes      | Ensure number-unit format is consistent throughout.                                                                                                 |
| 10        | Yes      | Make it explicit that *only* a single answer is expected, especially where there is follow-up instruction.                                          |
| 11        | Partial  | Make all math variables and equations use $...$ or $$...$$; be strict about Markdown/LaTeX formatting. Consistency across all questions is advised. |

---

## **Exemplar Revision**

> A lectin binds $\beta$-D-galactopyranose with dissociation constant $K_D = 1.5\,\mu \mathrm{M}$ and binding Gibbs free energy $\Delta G^\circ = -32.0\,\mathrm{kJ\,mol}^{-1}$ at $298\,\mathrm{K}$. Substitution at C2 introduces an additional free energy penalty of $12.4\,\mathrm{kJ\,mol}^{-1}$. Calculate the new dissociation constant $K_D'$ in $\mu \mathrm{M}$ to two significant figures. Use $R = 8.314\,\mathrm{J\,mol}^{-1}\,\mathrm{K}^{-1}$ and $\Delta G^\circ = -RT \ln K_D$.

---

## **Summary of Key Points**

- **Be ruthless in trimming non-essential words and contextual detail.**
- **Keep all math and variables in strict Markdown/LaTeX.**
- **Make answer formatting (sig figs, unit, name) explicit wherever ambiguity might arise.**
- **Use highly formal, concise scientific phrasing; avoid redundancies.**
- **Your questions are *very* strong—these edits only further refine for clarity, compactness, and top-tier consistency.**
=== Turn 3: Author refines questions ===
<question>  
A lectin binds $\beta$-D-galactopyranose with dissociation constant $K_D = 1.5\,\mu\mathrm{M}$ and binding Gibbs free energy $\Delta G^\circ = -32.0\,\mathrm{kJ\,mol^{-1}}$ at 298 K. A bulky acetyl substitution at C2 adds $+12.4\,\mathrm{kJ\,mol^{-1}}$ to the binding free energy. Calculate the new dissociation constant $K_D'$ in $\mu\mathrm{M}$ to two significant figures. Use $R = 8.314\,\mathrm{J\,mol^{-1}K^{-1}}$ and $\Delta G^\circ = -RT \ln K_D$.  
</question>

<question>  
Cucumis melo agglutinin enzymatically links a $\beta$-D-galactopyranosyl donor to C2 of a $\beta$-D-glucopyranose acceptor via a $\beta$-(1→2) glycosidic bond. Provide the full IUPAC name of the disaccharide product.  
</question>

<question>  
A lectin’s association constant $K_a$ for unsubstituted $\beta$-D-galactopyranose is $5.1 \times 10^5\,\mathrm{M^{-1}}$ at 310 K with $\Delta H = -42.0\,\mathrm{kJ\,mol^{-1}}$. C2 fluorine substitution reduces $K_a$ to $1.7 \times 10^5\,\mathrm{M^{-1}}$. Assuming $\Delta H$ is unchanged and $R = 8.314\,\mathrm{J\,mol^{-1}K^{-1}}$, calculate the difference in standard entropy change $\Delta \Delta S = \Delta S_\mathrm{fluoro} - \Delta S_\mathrm{unsubstituted}$ in $\mathrm{J\,mol^{-1}K^{-1}}$, to one decimal place.  
</question>

<question>  
A lectin binds a glycosaminoglycan fragment with original binding constant $K = 8.0 \times 10^4\,\mathrm{M^{-1}}$ at 298 K. C5 epimerization of the uronic acid reduces the entropic penalty by $9.1\,\mathrm{J\,mol^{-1}K^{-1}}$. Assuming unchanged $\Delta H$, calculate the new binding constant $K'$ to two significant figures. Use $R = 8.314\,\mathrm{J\,mol^{-1}K^{-1}}$.  
</question>

<question>  
Calculate the fractional ionization $\alpha$ of a sulfated substituent with $\mathrm{p}K_a = 1.2$ at pH 7.4 using the Henderson-Hasselbalch equation. Express $\alpha$ as a decimal rounded to two significant figures (e.g., 0.97).  
</question>

<question>  
A lectin binds a C2-methyl-substituted $\beta$-D-galactopyranose with $\Delta G^\circ = -28.5\,\mathrm{kJ\,mol^{-1}}$ at 298 K. The enthalpic binding contribution for the methylated sugar is half that of the hydroxylated sugar. Calculate the difference in standard entropy change $\Delta \Delta S = \Delta S_\mathrm{methyl} - \Delta S_\mathrm{hydroxyl}$ in $\mathrm{J\,mol^{-1}K^{-1}}$, to one decimal place. Use $R = 8.314\,\mathrm{J\,mol^{-1}K^{-1}}$.  
</question>

<question>  
Mutation of an asparagine coordinating the C3 hydroxyl of a $\beta$-D-galactopyranoside increases the dissociation constant from $2.0\,\mu\mathrm{M}$ to $20.0\,\mu\mathrm{M}$ at 298 K. Calculate the change in binding free energy $\Delta \Delta G^\circ$ (in kJ·mol⁻¹) using $\Delta G^\circ = -RT \ln K_D$. Give your answer to one decimal place. Use $R = 8.314\,\mathrm{J\,mol^{-1}K^{-1}}$.  
</question>

<question>  
A lectin exhibits 10-fold higher affinity for a pentasaccharide sulfated at the C6 position of glucosamine compared to the non-sulfated analogue at 310 K. Calculate the difference in standard Gibbs free energy of binding $\Delta \Delta G^\circ$ (in kJ·mol⁻¹) using $\Delta G^\circ = -RT \ln K_a$. Express your answer to two decimal places. Use $R = 8.314\,\mathrm{J\,mol^{-1}K^{-1}}$.  
</question>

<question>  
Among halogen substituents (F, Cl, Br, I) at C2 on $\beta$-D-galactopyranose, which yields the highest lectin binding affinity considering steric and electronic factors only? Give the full IUPAC name of the corresponding $\beta$-D-galacto-halopyranose monosaccharide.  
</question>
=== Final questions generated ===
