=== Turn 0: Author generates questions ===
<question>  
A copper(I)-catalyzed cyclopropanation uses a diazo compound with a trifluoromethyl substituent: (1-diazo-2,2,2-trifluoroethyl)benzene. Given that the carbene intermediate forms via N₂ extrusion, estimate the bond dissociation energy (BDE) difference in kJ·mol⁻¹ between the C–H bond of the trifluoromethyl-substituted carbene and a non-fluorinated ethyl carbene intermediate. Assume the trifluoromethyl substituent induces a +20 kJ·mol⁻¹ polar stabilization of the radical intermediate, and a baseline BDE for the C–H bond in the ethyl carbene is 360 kJ·mol⁻¹.  

_Provide the adjusted BDE value for the trifluoromethyl-substituted carbene C–H bond._  
</question>

<question>  
A crystalline fluoroalkyl-substituted organic compound undergoes a solid–solid phase transition at 180 K, where the enthalpy change ΔH is +12.5 kJ·mol⁻¹. Considering the known entropy change ΔS for this transition is +69.4 J·mol⁻¹·K⁻¹, calculate the Gibbs free energy change ΔG at 150 K and determine whether the phase formed below 180 K is thermodynamically favored. Use  

$$\Delta G = \Delta H - T \Delta S.$$  
</question>

<question>  
A copper(I)-catalyzed reaction of a diazo compound bearing a fluorinated alkyl chain proceeds via a radical intermediate formed by single-electron transfer (SET). Given that the radical polarity matching principle favors electrophilic radicals reacting with nucleophilic alkenes, predict the major product formed from the reaction of a diazo compound with formula $CF_3CHN_2$ and an electron-rich alkene. Name the product using IUPAC nomenclature including the stereochemical descriptor if the reaction is stereoselective.  
</question>

<question>  
The rate constant $k$ of a copper-catalyzed carbene transfer from a diazo compound with a perfluoroethyl group ($C_2F_5$) shows a linear free energy relationship (LFER) described by the Hammett equation  
$$\log \left(\frac{k}{k_0}\right) = \rho \sigma$$  
with $\rho = +1.3$. Given that the para-substituent on the aryl ring has a Hammett constant $\sigma = -0.15$ (electron-donating), calculate the fold change in $k$ relative to the unsubstituted diazo compound.  
</question>

<question>  
Calculate the equilibrium constant $K$ at 298 K for the copper-catalyzed decomposition of a diazo compound bearing a trifluoromethyl substituent, considering that the change in Gibbs free energy $\Delta G^\circ = -22.4$ kJ·mol⁻¹ for the reaction. Use the relation  

$$\Delta G^\circ = -RT \ln K,$$  

where $R = 8.314$ J·mol⁻¹·K⁻¹.  
</question>

<question>  
Given a diazo compound $CF_3CHN_2$ undergoing copper(I)-catalyzed carbene formation where the rate-determining step has an activation enthalpy $\Delta H^\ddagger = 58.0$ kJ·mol⁻¹ and activation entropy $\Delta S^\ddagger = -120$ J·mol⁻¹·K⁻¹ at 298 K, calculate the activation Gibbs free energy $\Delta G^\ddagger$ and the rate constant $k$ using the Eyring equation  

$$k = \frac{k_B T}{h} \exp\left(-\frac{\Delta G^\ddagger}{RT}\right),$$  

where $k_B = 1.381 \times 10^{-23}$ J·K⁻¹, $h = 6.626 \times 10^{-34}$ J·s, and $R = 8.314$ J·mol⁻¹·K⁻¹. Provide $k$ in s⁻¹.  
</question>

<question>  
A diazo compound with a fluoroalkyl substituent undergoes copper-catalyzed C–H insertion selectively at the methylene site adjacent to the trifluoromethyl group instead of the adjacent methyl site. Rationalize quantitatively the energetic preference by calculating the difference in C–H bond dissociation energies if the BDE for primary C–H adjacent to $CF_3$ is 370 kJ·mol⁻¹ and for secondary C–H distant from $CF_3$ is 385 kJ·mol⁻¹. Express the energy difference that accounts for regioselectivity in kJ·mol⁻¹.  
</question>

<question>  
During a copper-catalyzed reaction involving a diazo compound with a perfluoroalkyl group, the catalytic cycle involves SET reduction producing a fluoroalkyl radical intermediate. Given that the reduction potential of the copper(I)/copper(0) couple is +0.15 V vs NHE and the fluoroalkyl diazo compound reduction potential is –0.80 V vs NHE, calculate the driving force (in eV) for electron transfer from copper(I) to the diazo compound. Use  

$$\Delta G = -nF \Delta E,$$  

where $n=1$, and Faraday constant $F = 96,485$ C·mol⁻¹, and $1\ \text{eV} = 96.485$ kJ·mol⁻¹.  
</question>

<question>  
A copper(I)-catalyzed carbene insertion into a C–H bond adjacent to a fluorinated alkyl chain shows a kinetic isotope effect (KIE) of 4.2 when the hydrogen atoms are replaced by deuterium. Assuming the primary kinetic isotope effect arises from zero-point energy differences, estimate the ratio of activation energies $E_a(H)/E_a(D)$ given the Arrhenius equation and that the ratio of rate constants $k_H/k_D = e^{(E_a(D)-E_a(H))/RT}$. Use $R=8.314$ J·mol⁻¹·K⁻¹ and $T=298$ K.  
</question>
=== Turn 0: Critic feedback ===
**General Evaluation & Feedback**

Your questions mostly adhere to the guidelines: they are unique, context-driven (chemistry scenarios), require multi-step reasoning, request a single solution, and use rigorous, precise language and units. Your use of LaTeX/Markdown is appropriate.

**Detailed Feedback for Each Question & Overall**

---

### Q1 (BDE difference, carbene intermediate)

- **Strengths**: Relevant scenario, expects a numerical answer (kJ·mol⁻¹), uses IUPAC names, concise.
- **Suggestions**: The phrasing could be tightened for clarity. Instead of "estimate the bond dissociation energy (BDE) difference...," say "Calculate the C–H BDE of the trifluoromethyl-substituted carbene, given the polar stabilization, and report the numerical value in kJ·mol⁻¹."
- **Action**: Consider removing "difference" if you actually expect the adjusted value, not a difference.

---

### Q2 (Solid–solid transition, $\Delta G$ calculation)

- **Strengths**: Realistic scenario, values and units clear, concise, mathematical formulation correct.
- **Suggestions**: The final question "determine whether..." is a secondary question. Your guideline 10 says only one solution per question.
- **Action**: Only ask for the value of $\Delta G$ at 150 K **or** whether the phase is favored, not both.

---

### Q3 (Product prediction, copper-catalyzed reaction)

- **Strengths**: Contextual, demands knowledge of mechanism, expects a IUPAC compound name.
- **Suggestions**: The sentence "Name the product ... including stereochemical descriptor if the reaction is stereoselective" introduces ambiguity – are you testing for stereoselectivity or not?
- **Action**: Specify exactly whether stereochemistry is to be considered (e.g. "Assume reaction is not stereoselective" or "Specify the stereochemistry if the major product is chiral").

---

### Q4 (Hammett/LFER rate, fold change)

- **Strengths**: Diverse scenario, calculations require correct handling of logarithms and concepts, expects single value answer.
- **Suggestions**: Good as is. Possibly state "Express the answer as a decimal to two significant figures."

---

### Q5 (Equilibrium constant from $\Delta G$)

- **Strengths**: Standard thermodynamics, units and formula are clear.
- **Suggestions**: To avoid ambiguity, specify: "Express $K$ as a dimensionless quantity, to two significant figures."
- **Action**: No other changes needed.

---

### Q6 (Eyring/kinetic calculation)

- **Strengths**: Multi-step, demands calculation of $\Delta G^\ddagger$ then $k$. Clear about units.
- **Suggestions**: Inform test-taker to keep significant digits. Optionally, say "Express $k$ in scientific notation, to two significant digits."
- **Action**: No major change needed.

---

### Q7 (BDEs, regioselectivity, energy difference)

- **Strengths**: Quantitative, requires interpretation and calculation, units are consistent.
- **Suggestions**: Rephrase to make clear that only the energy difference is requested, not interpretation or discussion.
- **Action**: Say "Calculate and report the energy difference in kJ·mol⁻¹."

---

### Q8 (Electron transfer driving force)

- **Strengths**: Rigorous, requires proper use of redox potentials, units.
- **Suggestions**: Clarify which way the electron flow is (from copper(I) to diazo) to avoid ambiguity. Specify if the answer should be signed (positive/negative).
- **Action**: Ask "Calculate and report the value of $\Delta E$ (in eV), including proper sign."

---

### Q9 (KIE, activation energies)

- **Strengths**: Focused on primary KIE, Arrhenius equation, expects only $E_a$ ratio.
- **Suggestions**: You also ask the test taker to estimate the ratio, but you also provide an equation for $k_H/k_D$. Explicitly state which value (numerical) is to be reported. 
- **Action**: Say "Calculate and report the ratio $E_a(H)/E_a(D)$ as a decimal value."

---

## **General Action Points**

- **Single Solution**: Eliminate any "and/or" or multi-part instructions—ask for a single numerical value or a compound name per question.
- **Phrasing**: Use imperative, direct sentences. E.g., "Calculate the X and report the value in Y units."
- **Equation/Variable Formatting**: Ensure all equations are inline ($E = mc^2$) or block ($$E = mc^2$$) as needed. Avoid mixing Markdown and plain text or using references like "see above."
- **Avoid Ambiguity**: Don't leave open whether to account for stereochemistry, or whether both a calculation and a conclusion are needed.
- **Units & Significant Figures**: Specify expected units, format (e.g., scientific notation, decimal places, significant figures).
- **Redundancy**: All your questions are unique — good job maintaining guideline 5 compliance.

---

## **Summary Table**

| Q | Problems | Suggested Fix |
|---|----------|---------------|
| 1 | "Difference" vs. "adjusted value" ambiguity | Clarify what numerical value is needed. |
| 2 | Two answers requested | Ask for only $\Delta G$ **or** phase stability, not both. |
| 3 | Stereochemistry ambiguity | Clearly specify if stereochemistry should be included. |
| 4 | Fine | Optionally clarify format. |
| 5 | Fine | Optionally clarify format and units. |
| 6 | No issues | Optionally clarify significant digits. |
| 7 | Asks for calculation and rationale | Only ask for the value. |
| 8 | Electron transfer sign ambiguity | Clearly state required sign convention. |
| 9 | Ask for calculation then estimation | Ask for only the ratio, not both steps. |

---

**Summary Statement:**  
Your assessment is strong, original, and adheres closely to the guidelines. To optimize, make each question require only one numerical value or compound name, clarify the precise answer format (especially regarding units and significant figures), and reduce any ambiguity in expected answers. Ensure all questions are phrased as a single ask using direct, imperative language.
=== Turn 1: Author refines questions ===
<question>  
A copper(I)-catalyzed cyclopropanation uses the diazo compound (1-diazo-2,2,2-trifluoroethyl)benzene. Given that the carbene intermediate forms via N₂ extrusion and that the trifluoromethyl substituent induces a +20 kJ·mol⁻¹ polar stabilization of the radical intermediate, calculate the C–H bond dissociation energy (BDE) of the trifluoromethyl-substituted carbene. Assume the baseline C–H BDE of the non-fluorinated ethyl carbene is 360 kJ·mol⁻¹. Report your answer in kJ·mol⁻¹.  
</question>

<question>  
A crystalline fluoroalkyl-substituted organic compound undergoes a solid–solid phase transition at 180 K, with an enthalpy change ΔH = +12.5 kJ·mol⁻¹ and an entropy change ΔS = +69.4 J·mol⁻¹·K⁻¹. Calculate the Gibbs free energy change ΔG at 150 K using  

$$\Delta G = \Delta H - T \Delta S.$$  

Express ΔG in kJ·mol⁻¹ to two decimal places.  
</question>

<question>  
In a copper(I)-catalyzed reaction of the diazo compound $CF_3CHN_2$ with an electron-rich alkene, the reaction proceeds via a radical intermediate formed by single-electron transfer (SET). Assuming the reaction is not stereoselective, predict and provide the IUPAC name of the major product formed.  
</question>

<question>  
The rate constant $k$ of a copper-catalyzed carbene transfer from a diazo compound bearing a perfluoroethyl group ($C_2F_5$) follows the Hammett equation:  

$$\log \left(\frac{k}{k_0}\right) = \rho \sigma,$$  

where $\rho = +1.3$. For a para-substituent with a Hammett constant $\sigma = -0.15$ (electron-donating), calculate the fold change in $k$ relative to the unsubstituted diazo compound. Report your answer as a decimal to two significant figures.  
</question>

<question>  
Calculate the equilibrium constant $K$ at 298 K for the copper-catalyzed decomposition of a diazo compound bearing a trifluoromethyl substituent, given that the standard Gibbs free energy change is $\Delta G^\circ = -22.4$ kJ·mol⁻¹. Use the relation  

$$\Delta G^\circ = -RT \ln K,$$  

where $R = 8.314$ J·mol⁻¹·K⁻¹. Express $K$ as a dimensionless number to two significant figures.  
</question>

<question>  
A diazo compound $CF_3CHN_2$ undergoes copper(I)-catalyzed carbene formation with an activation enthalpy $\Delta H^\ddagger = 58.0$ kJ·mol⁻¹ and activation entropy $\Delta S^\ddagger = -120$ J·mol⁻¹·K⁻¹ at 298 K. Calculate the activation Gibbs free energy $\Delta G^\ddagger$ in kJ·mol⁻¹ and the rate constant $k$ in s⁻¹ using the Eyring equation:  

$$k = \frac{k_B T}{h} \exp\left(-\frac{\Delta G^\ddagger}{RT}\right),$$  

where $k_B = 1.381 \times 10^{-23}$ J·K⁻¹, $h = 6.626 \times 10^{-34}$ J·s, and $R = 8.314$ J·mol⁻¹·K⁻¹. Report $\Delta G^\ddagger$ to two decimal places and $k$ in scientific notation with two significant figures.  
</question>

<question>  
A diazo compound with a trifluoromethyl substituent undergoes copper-catalyzed C–H insertion selectively at the methylene site adjacent to the $CF_3$ group rather than the methyl site. Given the C–H bond dissociation energies (BDEs) are 370 kJ·mol⁻¹ for the primary C–H adjacent to $CF_3$ and 385 kJ·mol⁻¹ for the secondary C–H distant from $CF_3$, calculate and report the energy difference that accounts for this regioselectivity in kJ·mol⁻¹.  
</question>

<question>  
During a copper-catalyzed reaction involving a diazo compound with a perfluoroalkyl group, single-electron transfer (SET) reduction produces a fluoroalkyl radical intermediate. Given that the reduction potential of the copper(I)/copper(0) couple is +0.15 V vs NHE and that of the fluoroalkyl diazo compound is –0.80 V vs NHE, calculate the driving force ΔE (in eV) for electron transfer from copper(I) to the diazo compound. Use  

$$\Delta G = -nF \Delta E,$$  

where $n=1$, $F = 96,485$ C·mol⁻¹, and $1\ \text{eV} = 96.485$ kJ·mol⁻¹. Report the signed value of ΔE with two decimal places.  
</question>

<question>  
A copper(I)-catalyzed carbene insertion into a C–H bond adjacent to a fluorinated alkyl chain exhibits a kinetic isotope effect (KIE) of 4.2 when hydrogen atoms are replaced by deuterium. Using the Arrhenius equation and the relation  

$$\frac{k_H}{k_D} = e^{(E_a(D)-E_a(H))/RT},$$  

estimate and report the ratio of activation energies $E_a(H)/E_a(D)$ as a decimal to two decimal places. Use $R=8.314$ J·mol⁻¹·K⁻¹ and $T=298$ K.  
</question>
=== Turn 1: Critic feedback ===
Here is concise, actionable feedback for each question evaluated against your guidelines:

---

### Question 1

**Strengths:**
- Contextualized in a relevant, advanced organometallic reaction (Guideline 1).
- Requests a single numerical value with correct units (Guideline 2, 6).
- Multi-step calculation required (Guideline 3).

**Issues & Suggestions:**
- The phrase "polar stabilization of the radical intermediate" could be clarified—does it directly correlate numerically to BDE lowering, or does it require interpretation? Explicitly state that "the BDE is reduced by 20 kJ·mol⁻¹ due to this stabilization" if that is the intended assumption (Guideline 7, 8).
- "Trifluoromethyl-substituted carbene" is somewhat vague; consider specifying the exact structure being compared for clarity (Guideline 8).
- Otherwise, the question meets almost all criteria well.

---

### Question 2

**Strengths:**
- Clearly requires a multi-step thermodynamic calculation (Guideline 3).
- Direct, rigorous, with correct units (Guidelines 2, 6, 7, 9).
- Only one numerical value is asked for (Guideline 10).

**Issues & Suggestions:**
- "Solid–solid phase transition" is a good (non-textbook) scenario, though not particularly unique—could be made more specific or unusual (Guideline 5).
- Might clarify "express ΔG in kJ·mol⁻¹, rounded to two decimal places."

---

### Question 3

**Strengths:**
- Asks for a single IUPAC name—unambiguous, with clear expectations (Guidelines 2, 6, 9).
- Shows original mechanistic context (Guideline 5).

**Issues & Suggestions:**
- The electron-rich alkene is not specified. This could lead to ambiguity about the exact product (Guidelines 6, 8, 10).
    - **Suggestion:** Name a specific alkene or provide its structure.
- Proceeds via a radical intermediate—should specify the alkene to restrict to a single product.

---

### Question 4

**Strengths:**
- Involves the Hammett equation—a sophisticated, non-standard calculation (Guideline 5).
- Requests a single calculated value (Guideline 6).
- Uses correct units and nomenclature (Guidelines 2, 9).

**Issues & Suggestions:**
- Fold-change is a bit ambiguous; "relative rate constant" or "the ratio $k/k_0$" is clearer (Guideline 8).
- "Decimal to two significant figures"—could clarify if "rounded" or with proper significant figures.

---

### Question 5

**Strengths:**
- Rigorous application of thermodynamics (Guideline 3).
- Only one numerical value, units and variables clearly provided (Guidelines 2, 6, 7, 9).

**Issues & Suggestions:**
- None significant. Well-written.

---

### Question 6

**Strengths:**
- Forces multi-step reasoning from activation parameters to rate (Guideline 3).
- Units, variables, requested precision all clear (Guidelines 2, 6, 9).
- Solution formatting is explicit (Guideline 11).

**Issues & Suggestions:**
- None significant. Very good.

---

### Question 7

**Strengths:**
- Makes a nice link between BDE and regioselectivity (Guideline 3, 5).
- Only asks for one energy difference, in correct units (Guidelines 2, 6, 9).

**Issues & Suggestions:**
- Consider clarifying: "Calculate the energy difference between these two C–H bonds in kJ·mol⁻¹" or "Calculate $E_{BDE}(\text{primary}) - E_{BDE}(\text{secondary})$..." to prevent ambiguity over direction (Guideline 7).

---

### Question 8

**Strengths:**
- Modern organometallic electron transfer context, not a rote textbook scenario (Guideline 5).
- Requires correct, single-valued answer with appropriate units (Guidelines 2, 6, 9).

**Issues & Suggestions:**
- The calculation is straightforward; to ensure single solution, explicitly say "potential of Cu(I)/Cu(0) as donor, diazo as acceptor" (Guideline 7).
- The delta E calculation could use a directional phrase for less ambiguity—e.g., "ΔE (acceptor minus donor)" (Guideline 8).

---

### Question 9

**Strengths:**
- Good mechanistic/physical chemistry context (Guideline 5).
- Only asks for $E_a(H)/E_a(D)$ as a single value (Guidelines 2, 6).
- Unitless ratio is correct.

**Issues & Suggestions:**
- The relationship between $k_H/k_D$ and $E_a$ is non-standard (the Arrhenius equation usually gives $\ln(k_H/k_D) = (E_a(D) - E_a(H))/(RT)$), so the notation should exactly match the relationship given to avoid student confusion (Guideline 8).
- Might explicitly state: "Assume pre-exponential factors are equal".

---

## **Overall General Feedback**

- **Clarify ambiguous scenarios:** For all cases where a chemical identity or direction of an energy calculation could be ambiguous, clarify with a specific structure, scheme, or wording.
- **Restrict to a single correct answer:** Avoid situations where unspecified reactants/products might lead to multiple reasonable answers (especially in Q3).
- **Equation formatting:** All equations and variables are well-notated with consistent LaTeX, matching Guideline 11.
- **Be explicit about calculation direction** (energy, potential, etc.), as some differences can be interpreted in either direction.
- **Precision requirements:** Always specify how you want answers rounded or expressed (significant figures or decimal places).

**Summary:**  
The set as a whole is rigorous, original, well-formatted, and mostly unambiguous. Main improvements are needed in clarifying reactant identities and the directionality of some calculations to ensure only a single correct answer is possible.
=== Turn 2: Author refines questions ===
<question>  
A copper(I)-catalyzed cyclopropanation uses the diazo compound (1-diazo-2,2,2-trifluoroethyl)benzene, which forms a carbene intermediate by extrusion of N₂. Given that the trifluoromethyl substituent stabilizes the corresponding radical intermediate by lowering its C–H bond dissociation energy (BDE) by 20 kJ·mol⁻¹ relative to the non-fluorinated ethyl carbene (baseline BDE = 360 kJ·mol⁻¹), calculate the C–H BDE of the trifluoromethyl-substituted carbene. Report your answer in kJ·mol⁻¹.  
</question>

<question>  
A crystalline fluoroalkyl-substituted organic compound undergoes a solid–solid phase transition at 180 K, with an enthalpy change ΔH = +12.5 kJ·mol⁻¹ and an entropy change ΔS = +69.4 J·mol⁻¹·K⁻¹. Calculate the Gibbs free energy change ΔG at 150 K using  

$$\Delta G = \Delta H - T \Delta S.$$  

Express ΔG in kJ·mol⁻¹, rounded to two decimal places.  
</question>

<question>  
In a copper(I)-catalyzed reaction, the diazo compound trifluoroethyl diazomethane ($CF_3CHN_2$) reacts with the electron-rich alkene 2,3-dimethyl-2-butene via a radical intermediate formed by single-electron transfer (SET). Assuming the reaction is not stereoselective, predict the major cyclopropanation product and provide its correct IUPAC name.  
</question>

<question>  
The rate constant \( k \) of a copper-catalyzed carbene transfer from a diazo compound bearing a perfluoroethyl group (\( C_2F_5 \)) follows the Hammett equation:  

\[
\log \left(\frac{k}{k_0}\right) = \rho \sigma,
\]  

where \(\rho = +1.3\). For a para-substituent with a Hammett constant \(\sigma = -0.15\) (electron-donating), calculate the fold change in the rate constant \(k\) relative to the unsubstituted diazo compound, i.e., calculate \(\frac{k}{k_0}\). Report your answer as a decimal value rounded to two significant figures.  
</question>

<question>  
Calculate the equilibrium constant \(K\) at 298 K for the copper-catalyzed decomposition of a diazo compound bearing a trifluoromethyl substituent, given that the standard Gibbs free energy change is \(\Delta G^\circ = -22.4\) kJ·mol⁻¹. Use the relation  

\[
\Delta G^\circ = -RT \ln K,
\]  

where \( R = 8.314 \) J·mol⁻¹·K⁻¹. Express \(K\) as a dimensionless number rounded to two significant figures.  
</question>

<question>  
A diazo compound \(CF_3CHN_2\) undergoes copper(I)-catalyzed carbene formation with an activation enthalpy \(\Delta H^\ddagger = 58.0\) kJ·mol⁻¹ and activation entropy \(\Delta S^\ddagger = -120\) J·mol⁻¹·K⁻¹ at 298 K.  

(a) Calculate the activation Gibbs free energy \(\Delta G^\ddagger\) in kJ·mol⁻¹ (rounded to two decimal places).  

(b) Using the Eyring equation,  

\[
k = \frac{k_B T}{h} \exp\left(-\frac{\Delta G^\ddagger}{RT}\right),
\]  

where \(k_B = 1.381 \times 10^{-23}\) J·K⁻¹, \(h = 6.626 \times 10^{-34}\) J·s, and \(R = 8.314\) J·mol⁻¹·K⁻¹, calculate the rate constant \(k\) in s⁻¹. Report \(k\) in scientific notation with two significant figures.  
</question>

<question>  
A diazo compound with a trifluoromethyl substituent undergoes copper-catalyzed C–H insertion selectively at the methylene site adjacent to the \(CF_3\) group rather than the methyl site. Given the C–H bond dissociation energies (BDEs) are 370 kJ·mol⁻¹ for the primary C–H bond adjacent to \(CF_3\) and 385 kJ·mol⁻¹ for the secondary C–H bond distant from \(CF_3\), calculate the energy difference \( \Delta E = \mathrm{BDE_{secondary}} - \mathrm{BDE_{primary}} \) in kJ·mol⁻¹ that accounts for this regioselectivity.  
</question>

<question>  
During a copper-catalyzed reaction involving a diazo compound with a perfluoroalkyl group, single-electron transfer (SET) reduction produces a fluoroalkyl radical intermediate. Given that the reduction potential of the copper(I)/copper(0) couple is +0.15 V vs NHE and that of the fluoroalkyl diazo compound is –0.80 V vs NHE, calculate the driving force \(\Delta E\) (in eV) for electron transfer from copper(I) to the diazo compound, defined as  

\[
\Delta E = E_{\text{acceptor}} - E_{\text{donor}}.
\]  

Use  

\[
\Delta G = -n F \Delta E,
\]  

where \( n=1 \), \( F = 96,485 \) C·mol⁻¹, and \( 1\ \mathrm{eV} = 96.485 \) kJ·mol⁻¹. Report the signed value of \(\Delta E\) with two decimal places.  
</question>

<question>  
A copper(I)-catalyzed carbene insertion into a C–H bond adjacent to a fluorinated alkyl chain exhibits a kinetic isotope effect (KIE) of 4.2 when hydrogen atoms are replaced by deuterium. Using the Arrhenius equation and the relation  

\[
\frac{k_H}{k_D} = \exp\left(\frac{E_a(D) - E_a(H)}{R T}\right),
\]  

estimate and report the ratio of activation energies \(\frac{E_a(H)}{E_a(D)}\) as a decimal rounded to two decimal places. Assume the pre-exponential factors are equal. Use \( R = 8.314 \) J·mol⁻¹·K⁻¹ and \( T = 298 \) K.  
</question>
=== Turn 2: Critic feedback ===
**General feedback on the set:**
You model advanced, original chemical scenarios relevant to diazo chemistry and copper catalysis, use non-standard substrates (good for uniqueness), and require quantitative and reasoning-based responses. Most questions are concise and technically phrased, and units/nomenclature are attended to. Equations and numbers use LaTeX and are Markdown-compatible.

**Evaluation vs. Guidelines:**

---

### 1. Model a Chemistry Scenario
**Strengths:** All questions use advanced, context-rich organic/inorganic chemistry scenarios; none are generic textbook plug-ins.

**Minor Consideration:** In Q3 and Q7, the scenarios could clarify molecular structures slightly for improved uniqueness or for students less familiar with the class of compounds.

---

### 2. Numerical/IUPAC Answers
**Strengths:** Each question asks for a specific numerical value or unambiguous IUPAC name.

---

### 3. Multi-Step Reasoning
**Strengths:** Calculations require students to chain together multiple concepts, e.g. Hammett relationship, Gibbs energy, or KIE.

---

### 4. Avoid Redundancy
**Good:** No unrelated details provided.

---

### 5. Originality/Uniqueness
**Excellent:** All scenarios are advanced, non-standard, and specific to fluoroalkyl diazo chemistry.

---

### 6. Single Solution
- **Issue:** **Q6** contains two parts ("(a)" and "(b)"). This violates the "one solution per question" guideline.
  - *Action:* Separate into two distinct questions or eliminate one part.

---

### 7. Rigorous, Concise Phrasing
**Strengths:** The phrasing is precise and to the point; no colloquialisms.

---

### 8. Avoid Colloquial/Ambiguous Terminology
**Strengths:** No colloquial language; chemical terms are specific.

---

### 9. Consistent Units & IUPAC Nomenclature
**Strengths:** All units are explicit and appropriate; IUPAC standards referenced.

---

### 10. Single-Part Questions Only
- **Repeat of Issue 6:** Q6 needs revision to avoid multipart structure.

---

### 11. Markdown/LaTeX Formatting
**Strengths:** All math and equations are in $...$ or $$...$$, fitting Markdown standards.

---

**Per-Question Actionable Feedback:**

---

#### Q1
- **Good**
- *Minor:* Instead of "baseline BDE," consider giving the reference carbene explicitly—clarity is best.

---

#### Q2
- **Good**
- *Minor:* "ΔS = +69.4 J·mol⁻¹·K⁻¹." Optionally, clarify sign convention: is the process endothermic (+) or exothermic.

---

#### Q3
- **Mostly Good**
- *Suggestion:* Spell out the structure of the product or provide a clear generic structure so students know what to derive the IUPAC name for. "Trifluoroethyl diazomethane" is ambiguous; chemical formula would help.

---

#### Q4
- **Good**
- *Minor:* Add a clarifying sentence that $k_0$ is for the unsubstituted para-H (reference).

---

#### Q5
- **Good**
- *Suggestion:* For context, you could state explicitly whether the reaction is in gas or solution phase, if that matters.

---

#### Q6
- **Issue:** TWO-PART QUESTION (violation of rules)
  - *Action*: Split into (a) and (b) individually, or drop part (a) or (b).

---

#### Q7
- **Good**
- *Suggestion:* You could specify which site corresponds to primary/secondary explicitly (e.g. via a structure). Also, "accounts for this regioselectivity" might be unnecessary; just state "calculate $\Delta E$ ...".

---

#### Q8
- **Good**
- *Minor:* Emphasize which is donor/acceptor explicitly at start of question; avoids confusion for students.

---

#### Q9
- **Good**
- *Minor:* "Estimate and report the ratio of activation energies ..." could be clearer as "Calculate the ratio $E_a(H)/E_a(D)$ ...". Re-state precisely what variable is being calculated.

---

**Summary of Main Improvements:**

1. **No Multi-Part Questions:** Revise Q6 to be single-solution only.
2. **Structure/Nomenclature Clarity:** In Q3, Q7, ensure full structure/product identity is clear so the IUPAC naming has no ambiguity.
3. **Explicit Reference Points:** In questions utilizing baselines or references (Q1, Q4), unambiguously state what the baseline/reference is.
4. **Consistent Terminology:** Ensure any calculated difference or sign for driving forces is unambiguous.
5. **Avoid Redundant Context:** Phrases like "accounts for this regioselectivity" are unnecessary—focus request only on calculation required.

**Overall:** This is a strong, original, and well-crafted set needing only the above adjustments for rule-perfect alignment.
=== Turn 3: Author refines questions ===
<question>  
A copper(I)-catalyzed cyclopropanation involves the diazo compound (1-diazo-2,2,2-trifluoroethyl)benzene, which forms a carbene intermediate by extrusion of N₂. The trifluoromethyl substituent stabilizes the corresponding radical intermediate by lowering its C–H bond dissociation energy (BDE) by 20 kJ·mol⁻¹ relative to the non-fluorinated ethyl carbene, whose C–H BDE is 360 kJ·mol⁻¹. Calculate the C–H BDE (in kJ·mol⁻¹) of the trifluoromethyl-substituted carbene.  
</question>

<question>  
A crystalline fluoroalkyl-substituted organic compound undergoes a solid–solid phase transition at 180 K, with an enthalpy change \(\Delta H = +12.5\) kJ·mol⁻¹ and an entropy change \(\Delta S = +69.4\) J·mol⁻¹·K⁻¹. Calculate the Gibbs free energy change \(\Delta G\) in kJ·mol⁻¹ at 150 K using:  

\[
\Delta G = \Delta H - T \Delta S.
\]  

Report \(\Delta G\) rounded to two decimal places.  
</question>

<question>  
In a copper(I)-catalyzed reaction, the diazo compound trifluoroethyl diazomethane \(\left(\mathrm{CF_3CHN_2}\right)\) reacts with the electron-rich alkene 2,3-dimethyl-2-butene via a radical intermediate formed by single-electron transfer (SET). Assuming no stereoselectivity, predict the major cyclopropanation product. Provide the correct IUPAC name for this product, clearly specifying substituents and stereochemistry if applicable.  
</question>

<question>  
The rate constant \(k\) of a copper-catalyzed carbene transfer from a diazo compound bearing a perfluoroethyl substituent follows the Hammett equation:  

\[
\log \left(\frac{k}{k_0}\right) = \rho \sigma,
\]  

where \(\rho = +1.3\), and \(k_0\) refers to the unsubstituted para-H diazo compound. For a para-substituent with a Hammett constant \(\sigma = -0.15\) (electron-donating), calculate the fold change in rate constant \(\frac{k}{k_0}\). Report your answer as a decimal rounded to two significant figures.  
</question>

<question>  
Calculate the equilibrium constant \(K\) at 298 K for the copper-catalyzed decomposition of a diazo compound bearing a trifluoromethyl substituent, given that the standard Gibbs free energy change is \(\Delta G^\circ = -22.4\) kJ·mol⁻¹. Use:  

\[
\Delta G^\circ = -RT \ln K,
\]  

with \(R = 8.314\) J·mol⁻¹·K⁻¹. Express \(K\) as a dimensionless number rounded to two significant figures.  
</question>

<question>  
A diazo compound \(\mathrm{CF_3CHN_2}\) undergoes copper(I)-catalyzed carbene formation with activation enthalpy \(\Delta H^\ddagger = 58.0\) kJ·mol⁻¹ and activation entropy \(\Delta S^\ddagger = -120\) J·mol⁻¹·K⁻¹ at 298 K. Calculate the activation Gibbs free energy \(\Delta G^\ddagger\) in kJ·mol⁻¹, rounded to two decimal places, using:  

\[
\Delta G^\ddagger = \Delta H^\ddagger - T \Delta S^\ddagger.
\]  
</question>

<question>  
Using the activation Gibbs free energy \(\Delta G^\ddagger\) from the previous question (Q6), calculate the rate constant \(k\) in s⁻¹ at 298 K with the Eyring equation:  

\[
k = \frac{k_B T}{h} \exp\left(-\frac{\Delta G^\ddagger}{RT}\right),
\]  

where \(k_B = 1.381 \times 10^{-23}\) J·K⁻¹, \(h = 6.626 \times 10^{-34}\) J·s, and \(R = 8.314\) J·mol⁻¹·K⁻¹. Report \(k\) in scientific notation with two significant figures.  
</question>

<question>  
A diazo compound with a trifluoromethyl substituent undergoes copper-catalyzed C–H insertion selectively at the methylene site adjacent to the \(CF_3\) group rather than at a methyl site. Given the C–H bond dissociation energies (BDEs) are 370 kJ·mol⁻¹ for the primary C–H bond adjacent to \(CF_3\) and 385 kJ·mol⁻¹ for the secondary C–H bond distant from \(CF_3\), calculate the energy difference  

\[
\Delta E = \mathrm{BDE_{secondary}} - \mathrm{BDE_{primary}}
\]  

in kJ·mol⁻¹.  
</question>

<question>  
During a copper-catalyzed reaction involving a diazo compound with a perfluoroalkyl group, single-electron transfer (SET) reduction produces a fluoroalkyl radical intermediate. The reduction potentials are:  

- Copper(I)/copper(0) couple: \(+0.15\) V vs NHE (donor),  
- Fluoroalkyl diazo compound: \(-0.80\) V vs NHE (acceptor).  

Calculate the driving force \(\Delta E\) (in eV) for electron transfer from copper(I) to the diazo compound, defined as  

\[
\Delta E = E_{\text{acceptor}} - E_{\text{donor}}.
\]  

Report \(\Delta E\) with two decimal places.  
</question>

<question>  
A copper(I)-catalyzed carbene insertion into a C–H bond adjacent to a fluorinated alkyl chain exhibits a kinetic isotope effect (KIE) of 4.2 when hydrogen atoms are replaced by deuterium. Using the relation  

\[
\frac{k_H}{k_D} = \exp\left(\frac{E_a(D) - E_a(H)}{RT}\right),
\]  

and assuming equal pre-exponential factors, calculate and report the ratio \(\frac{E_a(H)}{E_a(D)}\) rounded to two decimal places. Use \(R = 8.314\) J·mol⁻¹·K⁻¹ and \(T = 298\) K.  
</question>
=== Final questions generated ===
