=== Turn 0: Author generates questions ===
<question>  
An optical microcavity of length $L=200$ nm embeds a molecular Lorentz oscillator with resonance frequency $\omega_0 = 3.0 \times 10^{15}$ rad·s$^{-1}$ and resonance linewidth $\gamma = 1.0 \times 10^{13}$ s$^{-1}$. The cavity mode couples to this oscillator with vacuum Rabi frequency $\Omega_R = 5.0 \times 10^{13}$ s$^{-1}$. Using the coupled oscillator model, calculate the lower polariton energy (in eV), neglecting any cavity losses. Use the vacuum permittivity $\varepsilon_0 = 8.854 \times 10^{-12}$ F·m$^{-1}$ and Planck's constant $\hbar = 6.582 \times 10^{-16}$ eV·s.  

*Hint:* The lower polariton energy is approximately  
$$E_- = \hbar \left( \omega_0 - \frac{1}{2} \sqrt{4 \Omega_R^2 + \gamma^2} \right)$$
Express your answer to three significant figures.  
</question>

<question>  
In a one-dimensional Finite-Difference Time-Domain (FDTD) simulation of a dispersive material characterized by a Lorentzian susceptibility with resonance frequency $\omega_0=2.5 \times 10^{15}$ rad·s$^{-1}$ and damping constant $\gamma=5.0 \times 10^{13}$ s$^{-1}$, an auxiliary differential equation (ADE) approach is implemented. Given a time step $\Delta t = 1.0 \times 10^{-17}$ s, compute the approximate discrete update factor $\alpha = e^{-\gamma \Delta t}$ used in the numerical integration of the polarization auxiliary field. Provide your answer to four significant figures.  
</question>

<question>  
A plasmonic cavity mode couples strongly with a Lorentz bath represented by a damped harmonic oscillator with susceptibility  
$$\chi(\omega) = \frac{f \omega_0^2}{\omega_0^2 - \omega^2 - i \gamma \omega},$$  
where $f=0.1$, $\omega_0=3.2 \times 10^{15}$ rad·s$^{-1}$, and $\gamma=8.0 \times 10^{13}$ s$^{-1}$. Calculate the real part of the permittivity $\varepsilon(\omega)$ at $\omega=3.0 \times 10^{15}$ rad·s$^{-1}$, if the background permittivity $\varepsilon_\infty = 2.5$. Report your result with three significant figures.  
</question>

<question>  
Consider a polaritonic system modeled in MEEP exhibiting a Rabi splitting $\Omega_R = 6.0 \times 10^{13}$ s$^{-1}$. The matter component relaxes with rate $\gamma_m = 2.0 \times 10^{13}$ s$^{-1}$, and the photonic cavity decay rate is $\gamma_c = 1.0 \times 10^{13}$ s$^{-1}$. Using the standard polariton relaxation rate formula  
$$\gamma_{\pm} = \frac{\gamma_c + \gamma_m}{2} \pm \frac{(\gamma_c-\gamma_m)(\Delta/2)}{\sqrt{\Omega_R^2 + (\Delta/2)^2}},$$  
calculate the upper polariton relaxation rate $\gamma_+$ (in s$^{-1}$) at zero detuning $\Delta = 0$. Round your answer to two significant figures.  
</question>

<question>  
In a parallelized 3D FDTD simulation of a microcavity with Lorentz-bath material properties, the computational domain is split into $N=512$ processors. If the ideal parallel acceleration efficiency is 85%, and the total serial runtime is 10,000 s, estimate the runtime on the parallel system, accounting for parallel overhead. Express the answer in seconds to three significant figures.  
</question>

<question>  
A cavity quantum electrodynamics experiment monitors a molecular dipolar transition with frequency $\nu = 5.0 \times 10^{14}$ Hz embedded in a planar cavity with quality factor $Q=5000$. Using Maxwell's equations and the relation $Q = \omega_0 / \Delta \omega$, calculate the linewidth $\Delta \nu$ (in THz) of the cavity mode. Provide your answer with two decimal places.  
</question>

<question>  
Using the auxiliary bath fields approach in the time domain, a Lorentz oscillator polarization $P(t)$ follows  
$$\frac{d^2 P}{dt^2} + \gamma \frac{dP}{dt} + \omega_0^2 P = \varepsilon_0 \omega_p^2 E(t),$$  
where $\omega_p = 1.0 \times 10^{16}$ rad·s$^{-1}$, $\omega_0=2.8 \times 10^{15}$ rad·s$^{-1}$, and $\gamma=1.0 \times 10^{13}$ s$^{-1}$. If the driving electric field is harmonic $E(t)=E_0 e^{-i \omega t}$ with $\omega = 2.7 \times 10^{15}$ rad·s$^{-1}$, calculate the magnitude of the steady-state polarization amplitude $|P_0|/(\varepsilon_0 E_0)$ (dimensionless). Present your answer to three significant figures.  
</question>

<question>  
In an open-source MEEP simulation, the effective refractive index $n_{\mathrm{eff}}$ of a polaritonic mode in a planar waveguide is influenced by frequency-dependent Lorentz-bath susceptibility. Given $\chi(\omega) = 0.05$ at frequency $\omega$, and background refractive index $n_b=1.45$, calculate the effective refractive index $n_{\mathrm{eff}}$ assuming  
$$n_{\mathrm{eff}} = \sqrt{n_b^2 + \chi(\omega)}.$$
Report your answer to three significant figures.  
</question>

<question>  
A Lorentz-bath oscillator embedded in a photonic cavity shows a nonlinear polariton relaxation rate dependence on the Rabi splitting $\Omega_R$. Given the empirical relation  
$$\Gamma = \Gamma_0 + k \Omega_R^2,$$  
with $\Gamma_0 = 1.0 \times 10^{13}$ s$^{-1}$, $k = 2.0 \times 10^{-27}$ s, and an observed polariton relaxation rate $\Gamma = 2.6 \times 10^{13}$ s$^{-1}$, calculate the Rabi splitting $\Omega_R$ (in s$^{-1}$) responsible for this observation, rounded to two significant figures.  
</question>
=== Turn 0: Critic feedback ===
Here’s an expert critique of your questions against the provided guidelines:

---

### General Feedback

**Strengths:**
- All questions are highly original, focusing on Lorentz-bath oscillators and polaritonic systems, which are advanced and non-trivial.
- The numerical values, required calculation steps, and specific answer formats are clearly instructed.
- Use of SI units is consistent, and each question expects a unique, non-textbook answer.

**Areas to Improve:**
- Most questions set up a physics scenario using quantum optics or electrodynamics, **not a chemistry scenario** (Guideline 1). While these are physical systems relevant to physical chemistry, they don’t situate the task within a traditional or applied chemistry experimental setup (e.g., molecular spectroscopy, material property measurement, synthesis, or chemical system investigation).
- Chemical nomenclature (IUPAC) is never required, as no compounds are being named or discussed (Guideline 2).
- A few questions border on being "multiple parts" or have hints that reveal too much of the calculation (Guideline 10).

---

### Individual Question Critiques

#### Q1: Optical microcavity and polariton energy
- **Modeling:** Physics/physical chemistry crossover, not a direct chemistry scenario (Guideline 1).
- **Chemical nomenclature:** N/A (Guideline 2).
- **Multi-step:** Good.
- **Single solution:** Yes.
- **Redundancy:** The provided hint essentially gives away the model and primary step, reducing the need for independent multi-step reasoning (Guideline 3). Try rephrasing to require interpretation, not quoting a solved formula.

#### Q2: FDTD simulation ADE factor
- **Modeling:** Only mathematically, not chemically or experimentally (Guideline 1). Consider tying to a simulated real chemical material.
- **Single step:** This is a "plug-and-chug" numerical computation (just exponentiation), which may not force deep multi-step reasoning (Guideline 3). Could be improved by requiring understanding of the physical meaning or connecting to material properties.

#### Q3: Lorentz permittivity at specified frequency
- **Modeling:** Adequate, though the scenario could mention a real analyte or material.
- **Multi-step:** Requires separation of real/imaginary parts, which is appropriate.
- **Chemistry context:** Weaker, as it doesn't connect to a chemical measurement or compound (Guideline 1).

#### Q4: Polariton relaxation rate in MEEP
- **Modeling:** Strong physics focus, weak chemistry context (Guideline 1). Consider a spectroscopic measurement of relaxation in a molecular system.
- **Single step:** Good.
- **Units:** Correct.

#### Q5: FDTD parallelization runtime
- **Model:** Computational chemistry/physics, can be argued to relate to "physical chemistry" research.
- **Single numerical answer:** Correct.
- **Single solution:** Yes.
- **Chemistry context:** Neutral/weak (Guideline 1). Consider framing as simulating the absorption of a chemical compound in a microcavity.

#### Q6: Cavity linewidth from $Q$
- **Model:** Reasonable for chemical lasers or molecular spectroscopy, but not explicit.
- **Multi-step:** Good.
- **Units:** Correct.

#### Q7: Lorentz oscillator polarization response
- **Model:** Good, especially with explicit molecular or material context.
- **Multi-step:** Yes.
- **Clear answer, units:** Correct.

#### Q8: Refractive index from Lorentz bath
- **Model:** Similar to above, could specify a chemical system.
- **Multi-step:** Minimal, as it is a single equation plug-in (improve as in Q2).
- **Single answer, units:** Correct.

#### Q9: Rabi splitting from empirical formula
- **Model:** Adequate.
- **Multi-step:** Requires algebraic manipulation.
- **Single solution:** Yes.
- **Chemistry scenario:** Could be improved (e.g., specify a molecular or material context).

---

### **Summary Table (key guideline issues):**
| Q# | Chemistry Scenario | IUPAC/Chemical Nomenclature | Forces Multi-step | Single Solution | Redundant/Hinted | Uniqueness | Solution Formatting | Units/Chemical Name |
|----|:------------------:|:---------------------------:|:----------------:|:---------------:|:----------------:|:----------:|:-------------------:|:-------------------:|
| 1  | low                | N/A                         | some/hinted      | yes             | hint too direct  | yes        | yes                 | yes                 |
| 2  | low                | N/A                         | low              | yes             | no               | yes        | yes                 | yes                 |
| 3  | low/med            | N/A                         | yes              | yes             | no               | yes        | yes                 | yes                 |
| 4  | low                | N/A                         | yes              | yes             | no               | yes        | yes                 | yes                 |
| 5  | low/med            | N/A                         | yes              | yes             | no               | yes        | yes                 | yes                 |
| 6  | med                | N/A                         | yes              | yes             | no               | yes        | yes                 | yes                 |
| 7  | med                | N/A                         | yes              | yes             | no               | yes        | yes                 | yes                 |
| 8  | low/med            | N/A                         | low              | yes             | no               | yes        | yes                 | yes                 |
| 9  | low/med            | N/A                         | yes              | yes             | no               | yes        | yes                 | yes                 |

---

### **Actionable Recommendations**

1. **Chemistry Context:**
   - Recast each scenario **explicitly** in a chemical/material setting: e.g., specify "a molecular dye", "an organic semiconductor", "a protein embedded in a photonic crystal", or a "solution of IUPAC-named compound".
   - For Q1, Q3, Q4, Q7, and Q8: Anchor the question in a molecular, analytical, or synthetic chemistry experiment or measurement.

2. **Chemical Nomenclature:**
   - Where appropriate, ask for or provide the IUPAC name of the chemical, or tie the computation to a named compound (e.g., “Anthracene”, “[Ru(bpy)$_3$]$^{2+}$”, etc.).

3. **Enforce Multi-Step Reasoning:**
   - For Q2 and Q8, require the student to first calculate or use a property (e.g., find $\gamma$ from other data, relate susceptibility to a chemical parameter, or link to an experimental observable).
   - Avoid just plug-in computations: have students manipulate the equations or reference chemical data.

4. **Remove Direct Hints/Not Provided Equations:**
   - For Q1, avoid revealing the direct expression for energy splitting; instead, describe the theoretical model and have students derive or recognize the correct relationship.
   - In other questions, ensure students have to reason through at least two steps.

5. **Align with IUPAC/Units:**
   - For all numeric questions, ensure units are **explicit** in the question and explicitly required in the answer.

6. **Ensure Single-Part, Non-Redundant Questions:**
   - Avoid asking for multiple numerical results in one question.
   - All current questions succeed here, but review each for implicit additional tasks (e.g., “Using X, calculate Y and Z").

7. **Rephrase to Chemistry:**
   - Instead of “a Lorentz oscillator”, say “a transition in benzene...” (or another IUPAC compound) or “the permittivity of poly(3-hexylthiophene)...”.
   - Replace abstract “Lorentz bath” phrasing with specific chemistry systems where relevant.

---

## **Sample Improved Question (Guideline 1 & 2):**

**Original Q3:**

> A plasmonic cavity mode couples strongly with a Lorentz bath represented by a damped harmonic oscillator with susceptibility...

**Improved version:**
> The optical permittivity of a thin film of IUPAC-named molecule *Anthracene* ($\varepsilon_\infty=2.5$) at $\omega=3.0\times10^{15}$ rad$\cdot$s$^{-1}$ is modeled as the sum of its background value and a Lorentzian contribution:
> $$
\chi(\omega) = \frac{f \omega_0^2}{\omega_0^2 - \omega^2 - i \gamma \omega},
$$
> with $f=0.1$, $\omega_0=3.2\times10^{15}$ rad$\cdot$s$^{-1}$, $\gamma=8.0\times10^{13}$ s$^{-1}$. Calculate the real part of the permittivity $\varepsilon(\omega)$ at the specified frequency and name the compound using systematic IUPAC nomenclature.

---

## **Summary**

Focus on:  
- Anchoring each question in a **real chemistry scenario** with named compounds or materials.
- Increasing the degree of reasoning and connection to chemical measurement or concept.
- Avoiding hints that allow direct formula substitution.
- Demanding single-step answers, not multiple numerical results.
- Reinforcing the use of IUPAC compound names and SI units at every opportunity.

**Revise phrasing and contextualization for every question as noted above to fully meet the guidelines.**
=== Turn 1: Author refines questions ===
<question>  
A thin film of the organic semiconductor pentacene (IUPAC name: **pentacene**) is embedded in an optical microcavity of length $L = 200$ nm. The film’s dominant molecular transition has a resonance frequency $\omega_0 = 3.0 \times 10^{15}$ rad·s$^{-1}$ and homogeneous linewidth (dephasing rate) $\gamma = 1.0 \times 10^{13}$ s$^{-1}$. In a cavity QED experiment, the light–matter coupling strength is characterized by the vacuum Rabi frequency $\Omega_R = 5.0 \times 10^{13}$ s$^{-1}$.  

Using the coupled-oscillator model (neglecting cavity losses), determine the lower polariton energy $E_-$ (in eV). Express your answer in terms of $\hbar$, $\omega_0$, $\Omega_R$, and $\gamma$, and then calculate the numerical value using $\hbar=6.582 \times 10^{-16}$ eV·s. Present your final result with three significant figures.  

*Note:* Begin by writing the general expression for the coupled system eigenfrequencies before substituting numbers.  
</question>

<question>  
In a time-domain numerical simulation of the complex permittivity of a dye molecule solution characterized by a Lorentzian response, the polarization auxiliary differential equation (ADE) for the polarization $P(t)$ involves a damping term with constant $\gamma=5.0 \times 10^{13}$ s$^{-1}$. If the simulation uses a time step $\Delta t = 1.0 \times 10^{-17}$ s, calculate the discrete decay update factor  
$$\alpha = e^{-\gamma \Delta t},$$  
which is used to evolve $P(t)$ between time steps.  

Explain briefly the physical meaning of $\alpha$ in the context of polarization relaxation, then compute its numerical value with four significant figures.  
</question>

<question>  
A thin film of anthracene (IUPAC name: **anthracene**) exhibits an optical response modeled by a Lorentz oscillator contribution to the relative permittivity:  
$$\chi(\omega) = \frac{f \omega_0^2}{\omega_0^2 - \omega^2 - i \gamma \omega},$$  
where $f = 0.1$, $\omega_0 = 3.2 \times 10^{15}$ rad·s$^{-1}$, and $\gamma = 8.0 \times 10^{13}$ s$^{-1}$. The background permittivity (high-frequency limit) is $\varepsilon_\infty = 2.5$.  

Calculate the real part of the permittivity $\varepsilon(\omega) = \varepsilon_\infty + \Re[\chi(\omega)]$ at $\omega = 3.0 \times 10^{15}$ rad·s$^{-1}$. Present your answer with three significant figures and provide the systematic IUPAC name of the compound.  
</question>

<question>  
In an optical study of a molecular microcavity containing a solution of the dye molecule Nile blue chloride (IUPAC name: **1,1'-diethyl-2,2'-cyanine chloride**), the polariton relaxation rates are influenced by cavity and molecular dephasing. Given the Rabi splitting $\Omega_R = 6.0 \times 10^{13}$ s$^{-1}$, molecular relaxation rate $\gamma_m = 2.0 \times 10^{13}$ s$^{-1}$, and cavity decay rate $\gamma_c = 1.0 \times 10^{13}$ s$^{-1}$, apply the formula for the upper polariton decay rate at detuning $\Delta = 0$:  
$$\gamma_+ = \frac{\gamma_c + \gamma_m}{2} + \frac{(\gamma_c - \gamma_m)(\Delta/2)}{\sqrt{\Omega_R^2 + (\Delta/2)^2}}.$$  

Calculate $\gamma_+$ (in s$^{-1}$) and round your answer to two significant figures. State the compound tested using its IUPAC name.  
</question>

<question>  
A 3D parallel FDTD simulation investigates the optical absorption spectra of a colloidal suspension of the organic dye Rhodamine 6G (IUPAC name: **N-[9-(2-carboxyphenyl)-6-(diethylamino)-3H-xanthen-3-ylidene]ethyl-N-ethylmethanaminium chloride**) embedded in a microcavity. The computational domain is decomposed over $N=512$ processors with an ideal parallel acceleration efficiency of 85%. Given a serial execution runtime of 10,000 s, estimate the expected parallel runtime accounting for this efficiency. Report your answer in seconds to three significant figures.  
</question>

<question>  
A planar optical microcavity containing a molecular thin film of the IUPAC-named compound 4-nitroaniline exhibits a transition frequency $\nu = 5.0 \times 10^{14}$ Hz and cavity quality factor $Q=5000$. Using the relation between $Q$, angular frequency $\omega_0$, and linewidth $\Delta \omega$  
$$ Q = \frac{\omega_0}{\Delta \omega}, $$  
calculate the spectral linewidth $\Delta \nu$ (in THz) of the cavity mode. Use $\omega_0 = 2\pi \nu$, and report your answer with two decimal places. Provide the IUPAC name of the compound involved.  
</question>

<question>  
A Lorentz oscillator model describes the polarization response $P(t)$ of a conjugated polymer film (e.g., poly(3-hexylthiophene), P3HT) under a harmonic electric field $E(t) = E_0 e^{-i \omega t}$:  
$$\frac{d^2 P}{dt^2} + \gamma \frac{dP}{dt} + \omega_0^2 P = \varepsilon_0 \omega_p^2 E(t),$$  
with parameters $\omega_p = 1.0 \times 10^{16}$ rad·s$^{-1}$, $\omega_0 = 2.8 \times 10^{15}$ rad·s$^{-1}$, and $\gamma = 1.0 \times 10^{13}$ s$^{-1}$.  

Calculate the magnitude of the steady-state polarization amplitude normalized by the electric field, $|P_0| / (\varepsilon_0 E_0)$, at driving frequency $\omega = 2.7 \times 10^{15}$ rad·s$^{-1}$. Present your answer as a dimensionless number with three significant figures.  
</question>

<question>  
In a MEEP simulation of optical waveguiding through a planar film of the organic dye molecule Coumarin 6 (IUPAC name: **7-amino-4-methylcoumarin**), the effective refractive index is influenced by the frequency-dependent Lorentz oscillator susceptibility. Given:  
$$\chi(\omega) = 0.05, \quad n_b = 1.45,$$  
compute the effective refractive index  
$$n_{\mathrm{eff}} = \sqrt{n_b^2 + \chi(\omega)}.$$  
Report your final answer to three significant figures.  
</question>

<question>  
In studying polariton relaxation dynamics within a microcavity incorporating the dye molecule Crystal Violet (IUPAC name: **3,7-bis(dimethylamino)phenothiazine chloride**), experimental data suggest the relaxation rate follows the empirical relation:  
$$\Gamma = \Gamma_0 + k \Omega_R^2,$$  
where $\Gamma_0 = 1.0 \times 10^{13}$ s$^{-1}$ and $k = 2.0 \times 10^{-27}$ s. Given an observed polariton relaxation rate $\Gamma = 2.6 \times 10^{13}$ s$^{-1}$, calculate the vacuum Rabi splitting $\Omega_R$ (in s$^{-1}$) responsible for this measurement. Present your answer rounded to two significant figures and provide the systematic IUPAC name of the dye.  
</question>
=== Turn 1: Critic feedback ===
**General Critique and Suggestions for Improvement**

The set of questions is generally strong: it models modern chemistry/physics scenarios, requires multi-step calculation and/or chemical nomenclature, provides clear numerical data, and leads to a single, clear answer per question. The questions are original, non-repetitive, and are mostly free from ambiguity.

### Strengths:
- **Model Chemistry Scenarios:** All begin with an identifiable experimental or computational scenario in chemistry or chemical physics.
- **Numerical/IUPAC Solutions:** Each asks for a final numerical value (with units/significant figures) and/or IUPAC compound name.
- **Multi-Step Reasoning:** Each requires computation, involves formulas, and is not a direct substitution or recall.
- **Originality:** No textbook-copy questions; each is context-rich and discipline-specific.
- **Single Solution:** Each question prompts one answer.
- **Consistent Units/Nomenclature:** Generally, correct use of IUPAC names and clear units.
- **Rigorous/Concise:** Wording is precise and technical.
- **Math Formatting:** LaTeX is appropriately used, and will render in Markdown.
- **No Multiple Parts:** No question requires "List both..." or "Name all...".

---

### Points Needing Attention/Improvements

#### 1. Clarity on Stepwise Procedure
- **Improvement:** A few questions (esp. Questions 1, 3, 7) nudge the student to "begin by..." or "write..."—but could emphasize that only the *final* numerical value or name be given in the answer, disambiguating the process vs. the deliverable.
  - **Action:** If working formulas are requested, clarify that only the final value/expression is graded. (Or, avoid "Begin by..." and simply give the data, requiring the calculation.)

#### 2. Redundant/Non-impactful Details
- **Improvement:**  
  A few chemical names are given both as trivial and IUPAC within parentheses; this redundancy is not strictly necessary unless it helps answer.
  - **Action:** Only supply the IUPAC name (in italics or bold if prominence is needed).

#### 3. Single Solution Focus
- **Improvement:**  
  A few questions essentially expect a *numerical answer and* a *compound name* (“provide IUPAC/systematic name”). Since you require "single solution," ideally each should result in *one* answer to input/grade—either a number or a compound name, not both.
  - **Action:** If the calculation involves a specific compound, embed the name in the text, and have the answer be only the number (or vice versa).

#### 4. Units Consistency and Clarity
- **Improvement:**  
  Check that *all* numbers specify the required units in both data and the answer box request (“in s$^{-1}$” vs. “in s”, “in eV” vs “as a ratio”). For the benefit of consistency, put the required unit in the answer prompt *even if unambiguous*.
  - **Action:** Review prompts to *always* state the required answer unit.

#### 5. Significant Figures and Rounding
- **Improvement:**  
  All questions set significant figure/rounding expectations. However, clarify that intermediate steps should not be rounded (if relevant), only the final answer.
  - **Action:** Add “…After all calculations, round your final answer as instructed.”

#### 6. Avoid "Explain" or Justification Prompts
- **Improvement:**  
  For maximum automation and "one clear answer", avoid asking for additional explanation, even briefly ("Explain briefly the physical meaning...").
  - **Action:** Remove the explanatory subtask and focus on the calculation only. If conceptual understanding is the focus, make that its own single-answer multiple choice or short-answer question.

#### 7. Use of IUPAC Names in Prompt
- **Improvement:**  
  In many questions, the IUPAC name is requested to be written in the answer. This is not best for "single solution"; rather, use the name in the setup, not as part of the deliverable.
  - **Action:** Avoid requiring both a numerical value *and* a chemical name as output for the same problem. If you wish to check IUPAC knowledge, create a separate item.

#### 8. Equation Formatting
- **Improvement:**  
  Equation formatting is generally correct, but keep full variable definitions and units explicit at first use.
  - **Action:** Review all to be sure that variables used in equations are defined immediately before.

#### 9. Use Modern Contexts/Uniqueness
- **Strength:**  
  The scenarios are all modern and not textbook-typical (e.g., FDTD, MEEP, polaritonic relaxation, etc.), which is excellent for originality.

---

### **Consolidated Action Points**

1. For maximum automation and clarity, ensure each question requires *only one single* value or name as the answer—do not double up (e.g., number *and* IUPAC name in output).
2. If formulas must be shown, clarify that only the final value/expression is required/graded, or avoid these requests for multi-step working where possible.
3. Remove unnecessary restatements (parenthetical compound/trivial names); only IUPAC is needed.
4. Always specify required answer units and rounding explicitly in the answer prompt.
5. Remove all requests for explanation, “briefly explain,” or description—keep them purely computational or factual.
6. Check that only data relevant to the calculation is present; avoid extra context or chemical info that is not used.
7. Ensure all equations include immediate variable definitions.
8. Final answers should be always numerical *or* IUPAC name, not both.
9. LaTeX formatting and Markdown syntax are used correctly—maintain this consistency.

---

**Example Rewriting for Improved Question**

Before:

> Present your answer with three significant figures and provide the systematic IUPAC name of the compound.  

After:

> Present your answer with three significant figures.

(The IUPAC name should be only in the first sentence as context; answer only needs the number.)

---

**Summary:**  
Your question set is already strong and aligns with most advanced assessment principles. To perfect them: ensure each question demands only one clear answer, eliminate non-essential explanatory/semi-conceptual subparts, avoid redundancy in naming, and clarify required units and rounding. This will make the questions fully compatible with rigorous, automated, and objective numerical assessment in chemistry.
=== Turn 2: Author refines questions ===
<question>  
A thin film of the organic semiconductor pentacene is embedded in an optical microcavity of length \( L = 200 \) nm. The film’s dominant molecular transition has resonance frequency \(\omega_0 = 3.0 \times 10^{15}\) rad·s\(^{-1}\) and homogeneous linewidth (dephasing rate) \(\gamma = 1.0 \times 10^{13}\) s\(^{-1}\). The vacuum Rabi frequency characterizing the light–matter coupling strength is \(\Omega_R = 5.0 \times 10^{13}\) s\(^{-1}\).  

Using the coupled-oscillator model (neglecting cavity losses), the eigenfrequencies \(\omega_\pm\) of the system satisfy:  
\[
\omega_\pm = \omega_0 - i\frac{\gamma}{2} \pm \sqrt{\Omega_R^2 - \left(\frac{\gamma}{2}\right)^2}.
\]  

Calculate the lower polariton energy \(E_-\) in electronvolts (eV), using \(E_- = \hbar\, \mathrm{Re}(\omega_-)\) and \(\hbar = 6.582 \times 10^{-16}\) eV·s.  

Present your final answer with three significant figures. After all calculations, round only the final value.  
</question>

<question>  
In a time-domain simulation of the complex permittivity of a dye molecule solution characterized by a Lorentzian response, the polarization relaxation rate is \(\gamma = 5.0 \times 10^{13}\) s\(^{-1}\). The simulation uses a time step \(\Delta t = 1.0 \times 10^{-17}\) s.  

Calculate the discrete decay update factor  
\[
\alpha = e^{-\gamma \Delta t},
\]  
used to evolve the polarization between time steps.  

Present your final answer with four significant figures.  
</question>

<question>  
A thin film of anthracene exhibits an optical response described by the Lorentz oscillator susceptibility:  
\[
\chi(\omega) = \frac{f \omega_0^2}{\omega_0^2 - \omega^2 - i \gamma \omega},
\]  
where \(f = 0.1\), \(\omega_0 = 3.2 \times 10^{15}\) rad·s\(^{-1}\), \(\gamma = 8.0 \times 10^{13}\) s\(^{-1}\), and the background permittivity (high-frequency limit) is \(\varepsilon_\infty = 2.5\).  

Calculate the real part of the total permittivity  
\[
\varepsilon(\omega) = \varepsilon_\infty + \mathrm{Re}[\chi(\omega)]
\]  
at \(\omega = 3.0 \times 10^{15}\) rad·s\(^{-1}\).  

Present your final answer with three significant figures.  
</question>

<question>  
In an optical microcavity containing a solution of the dye molecule 1,1'-diethyl-2,2'-cyanine chloride, the polariton relaxation rates are influenced by molecular and cavity decay. Given the vacuum Rabi frequency \(\Omega_R = 6.0 \times 10^{13}\) s\(^{-1}\), molecular relaxation rate \(\gamma_m = 2.0 \times 10^{13}\) s\(^{-1}\), cavity decay rate \(\gamma_c = 1.0 \times 10^{13}\) s\(^{-1}\), and detuning \(\Delta = 0\), the upper polariton decay rate is:  
\[
\gamma_+ = \frac{\gamma_c + \gamma_m}{2} + \frac{(\gamma_c - \gamma_m)(\Delta/2)}{\sqrt{\Omega_R^2 + (\Delta/2)^2}}.
\]  

Calculate \(\gamma_+\) in s\(^{-1}\). Present your answer rounded to two significant figures.  
</question>

<question>  
A 3D parallel FDTD simulation investigates the optical absorption spectra of a colloidal suspension of the organic dye Rhodamine 6G embedded in a microcavity. The computational domain is decomposed over \(N=512\) processors with a parallel acceleration efficiency of 85%. Given a serial execution runtime of 10,000 s, estimate the expected parallel runtime accounting for this efficiency.  

Report your answer in seconds with three significant figures.  
</question>

<question>  
A planar optical microcavity contains a molecular thin film of 4-nitroaniline with a transition frequency \(\nu = 5.0 \times 10^{14}\) Hz and a cavity quality factor \(Q = 5000\). Using the relation  
\[
Q = \frac{\omega_0}{\Delta \omega},
\]  
with \(\omega_0 = 2\pi \nu\), calculate the spectral linewidth \(\Delta \nu = \frac{\Delta \omega}{2\pi}\) of the cavity mode in terahertz (THz).  

Present your final answer with two decimal places.  
</question>

<question>  
A conjugated polymer film follows the Lorentz oscillator model for polarization \(P(t)\) under harmonic excitation \(E(t) = E_0 e^{-i \omega t}\):  
\[
\frac{d^2 P}{dt^2} + \gamma \frac{dP}{dt} + \omega_0^2 P = \varepsilon_0 \omega_p^2 E(t),
\]  
where \(\omega_p = 1.0 \times 10^{16}\) rad·s\(^{-1}\), \(\omega_0 = 2.8 \times 10^{15}\) rad·s\(^{-1}\), and \(\gamma = 1.0 \times 10^{13}\) s\(^{-1}\).  

Calculate the magnitude of the steady-state polarization amplitude normalized by the electric field,  
\[
\frac{|P_0|}{\varepsilon_0 E_0} = \frac{\omega_p^2}{\sqrt{(\omega_0^2 - \omega^2)^2 + (\gamma \omega)^2}},
\]  
at driving frequency \(\omega = 2.7 \times 10^{15}\) rad·s\(^{-1}\).  

Present your final answer as a dimensionless number with three significant figures.  
</question>

<question>  
In a MEEP simulation of optical waveguiding through a planar film of the organic dye 7-amino-4-methylcoumarin, the effective refractive index depends on the frequency-dependent Lorentz oscillator susceptibility. Given:  
\[
\chi(\omega) = 0.05, \quad n_b = 1.45,
\]  
calculate the effective refractive index:  
\[
n_{\mathrm{eff}} = \sqrt{n_b^2 + \chi(\omega)}.
\]  

Report your final answer with three significant figures.  
</question>

<question>  
In a microcavity containing the dye Crystal Violet (3,7-bis(dimethylamino)phenothiazine chloride), the polariton relaxation rate \(\Gamma\) follows the empirical relation:  
\[
\Gamma = \Gamma_0 + k \Omega_R^2,
\]  
where \(\Gamma_0 = 1.0 \times 10^{13}\) s\(^{-1}\), \(k = 2.0 \times 10^{-27}\) s, and \(\Gamma = 2.6 \times 10^{13}\) s\(^{-1}\).  

Calculate the vacuum Rabi splitting \(\Omega_R\) in s\(^{-1}\) responsible for the measurement.  

Present your answer rounded to two significant figures.  
</question>
=== Turn 2: Critic feedback ===
**Overall Impression:**  
These questions are clearly written, advanced, and highly relevant to contemporary physical chemistry. They mostly adhere well to your guidelines, with minor but important areas for improvement.

**Detailed Critique with Actionable Feedback:**

---

### 1. General Strengths

- **Chemistry Context**: All questions begin from a real or idealized but plausible physical chemistry/molecular photonics scenario — this satisfies Guideline 1.
- **Numerical Answers**: Each expects a single numerical answer with units — this meets Guidelines 2 and 6.
- **Multi-Step Calculation**: All questions force students to apply at least two steps of reasoning — Guideline 3.
- **Conciseness & Rigor**: Wording is typically technical, formal, and unambiguous. Equations are formatted in LaTeX/Markdown as requested — meets Guideline 7.
- **Originality**: These are not typical textbook exercises — good for Guideline 5.
- **Single Solution**: None of the questions are multi-part or create ambiguity about what constitutes the answer — Guideline 10.

---

### 2. Specific Areas for Improvement

#### a. **Units and Reporting**

- **Unit Requests**: Most questions specify the desired units and significant figures.  
  - *Improvement*: For full rigor (Guideline 9), when requesting significant figures or decimals, also always remind to use the correct **unit** in the *final* written answer (e.g., “in eV”, “in s^-1”, or “in THz”), to avoid possible omission.

#### b. **Equation Formatting Consistency**

- All questions use $...$ and $$...$$ correctly — matches Guideline 11.

#### c. **Redundancy and Extraneous Information**

- Some questions include extra background (e.g., specifying "optical microcavity" or the molecular formula when only a rate equation or susceptibility is used); however, this is not excessive.
- *Improvement*: Pare back molecular structure or compound naming when it does not influence the computational steps (Guideline 4). Retain only if actually required for the calculation or for context necessary to set up the problem.

#### d. **Clarity and Single Focus**

- **Some Questions (esp. Q1, Q3)**: Multiple numerical values and equations are present — this is ok since all feed into a single numeric answer, satisfying Guidelines 6 and 10.
- *Improvement*: For clarity, where a variable is introduced and then never used, remove it. Each variable in the setup must play a role in the calculation.

#### e. **IUPAC Nomenclature and Chemistry Relevance**

- The questions refer to common names (e.g., “Crystal Violet”, “Rhodamine 6G”) and molecular formulas when appropriate.  
- *Improvement*: Where chemical identity has no bearing on the calculation (e.g., when using only parameters), consider using either a generic name ("an organic dye") or including an IUPAC name in addition if relevant to reinforce this point (Guideline 2 and 9).

#### f. **Avoid Standard Textbook Examples**

- The physics, chemistry, and computational setups are original and not standard textbook content (Guideline 5).

---

### 3. Individual Question Feedback

#### **Q1, Q4, Q9 ("Calculate... in s⁻¹"/"in eV", etc.)**
- Suggestion: Add “Express your final answer including units” explicitly in the answer instruction.

#### **Q3 ("Calculate the real part of the total permittivity")**
- Excellent multi-step setup. The value of $\omega$ is clear, and only a single value is sought.

#### **Q5 (Parallel FDTD runtime)**
- Consider specifying: “Give your answer using the unit ‘s’ (seconds)”.
- Scenario feels realistic; could pare the initial scenario description slightly.

#### **Q6 (Quality factor and linewidth)**
- Very well-posed. Add: “Express your answer in THz, including the unit.”

#### **Q8 (Refractive index calculation)**
- Clear, concise. Good use of units and significant figures. Could specify “Express your answer including the unit.”

#### **Q7 (Polarization amplitude)**
- Equation and variables are clear. Add: “Give your answer as a unitless (dimensionless) number.”

---

### 4. Final Recommendations (Actionable):

1. **Always explicitly require units in the answer line** (even for dimensionless quantities).
2. **Trim superfluous descriptions** if they do not affect the calculation or reasoning needed.
3. **Ensure all chemicals referenced are either directly relevant to the calculation *or* are used to model a broad class of systems.** If structure/naming is superfluous, generalize or remove.
4. **Check that all input parameters are indeed necessary for the solution.**
5. **If possible, briefly justify why a specific real-world molecule is highlighted** (e.g., “Anthracene is used here as a model because its S$_1$–S$_0$ transition dominates the response in this spectral region...”).
6. **Make "units required" explicit in the answer field, matching guideline 2 and 9.**
7. **Retain rigorous equation and variable formatting for Markdown.**

---

**Summary Table**

| Guideline         | Status      | Action Needed                      |
|-------------------|-------------|------------------------------------|
| Real-world model  | Good        | Possibly reduce unneeded specifics |
| Numerical w/units | Mostly good | Always request units in answer     |
| Multi-step calc   | Good        | –                                  |
| Avoid redundancy  | Nearly good | Remove excess compound detail      |
| Originality       | Excellent   | –                                  |
| Single solution   | Good        | –                                  |
| Concise/rigorous  | Good        | –                                  |
| No ambiguity      | Good        | –                                  |
| Units/nomenclature| Good        | Make unit requirement explicit     |
| No multipart      | Good        | –                                  |
| Solution formatting| Good       | –                                  |

---

**In sum:**  
These are carefully crafted, advanced, and appropriate for graduate-level physical/chemical photonics. With slight improvements in explicit unit requests and paring unnecessary chemical references, they will exemplify best assessment practice.
=== Turn 3: Author refines questions ===
<question>  
A thin film of the organic semiconductor pentacene is embedded in an optical microcavity of length \( L = 200 \) nm. The film’s dominant molecular transition has resonance frequency \(\omega_0 = 3.0 \times 10^{15}\) rad·s\(^{-1}\) and homogeneous linewidth (dephasing rate) \(\gamma = 1.0 \times 10^{13}\) s\(^{-1}\). The vacuum Rabi frequency characterizing the light–matter coupling strength is \(\Omega_R = 5.0 \times 10^{13}\) s\(^{-1}\).  

Using the coupled-oscillator model (neglecting cavity losses), the eigenfrequencies \(\omega_\pm\) of the system satisfy:  
\[
\omega_\pm = \omega_0 - i\frac{\gamma}{2} \pm \sqrt{\Omega_R^2 - \left(\frac{\gamma}{2}\right)^2}.
\]  

Calculate the lower polariton energy \(E_-\) in electronvolts (eV), using  
\[
E_- = \hbar\, \mathrm{Re}(\omega_-),
\]
with \(\hbar = 6.582 \times 10^{-16}\) eV·s.  

Present your final answer rounded to three significant figures and include the unit “eV”.  
</question>

<question>  
In a time-domain simulation of the complex permittivity of a dye molecule solution characterized by a Lorentzian response, the polarization relaxation rate is \(\gamma = 5.0 \times 10^{13}\) s\(^{-1}\). The numerical time step is \(\Delta t = 1.0 \times 10^{-17}\) s.  

Calculate the discrete decay update factor  
\[
\alpha = e^{-\gamma \Delta t},
\]  
which is used to evolve the polarization between successive time steps.  

Present your final answer rounded to four significant figures. Express your answer as a dimensionless number.  
</question>

<question>  
A thin film of anthracene exhibits an optical response described by the Lorentz oscillator susceptibility:  
\[
\chi(\omega) = \frac{f \omega_0^2}{\omega_0^2 - \omega^2 - i \gamma \omega},
\]  
where the oscillator strength \(f = 0.1\), resonance frequency \(\omega_0 = 3.2 \times 10^{15}\) rad·s\(^{-1}\), damping \(\gamma = 8.0 \times 10^{13}\) s\(^{-1}\), and the background permittivity (high-frequency limit) is \(\varepsilon_\infty = 2.5\).  

Calculate the real part of the total permittivity  
\[
\varepsilon(\omega) = \varepsilon_\infty + \mathrm{Re}[\chi(\omega)]
\]  
at the driving frequency \(\omega = 3.0 \times 10^{15}\) rad·s\(^{-1}\).  

Give your final answer rounded to three significant figures including the unit (dimensionless relative permittivity).  
</question>

<question>  
In an optical microcavity containing a dye solution, the polariton relaxation rates are influenced by molecular and cavity decay. Given the vacuum Rabi frequency \(\Omega_R = 6.0 \times 10^{13}\) s\(^{-1}\), molecular relaxation rate \(\gamma_m = 2.0 \times 10^{13}\) s\(^{-1}\), cavity decay rate \(\gamma_c = 1.0 \times 10^{13}\) s\(^{-1}\), and zero detuning \(\Delta = 0\), the upper polariton decay rate is given by:  
\[
\gamma_+ = \frac{\gamma_c + \gamma_m}{2} + \frac{(\gamma_c - \gamma_m)(\Delta/2)}{\sqrt{\Omega_R^2 + (\Delta/2)^2}}.
\]  

Calculate \(\gamma_+\) in units of s\(^{-1}\).  

Present your final answer rounded to two significant figures and include the unit “s\(^{-1}\)”.  
</question>

<question>  
A 3D parallel FDTD simulation studies the optical absorption spectra of a colloidal suspension of an organic dye embedded in a microcavity. The simulation runs on \(N=512\) processors with a parallel acceleration efficiency of 85%. The serial (single-processor) execution time is 10,000 s.  

Estimate the parallel runtime accounting for this efficiency. Use:  
\[
T_{\mathrm{parallel}} = \frac{T_{\mathrm{serial}}}{N \times \text{efficiency}}.
\]  

Report your answer in seconds (s) rounded to three significant figures, including the unit.  
</question>

<question>  
A planar optical microcavity contains a molecular thin film with transition frequency \(\nu = 5.0 \times 10^{14}\) Hz and cavity quality factor \(Q = 5000\). Using the relation  
\[
Q = \frac{\omega_0}{\Delta \omega}, \quad \text{where } \omega_0 = 2\pi \nu,
\]  
calculate the spectral linewidth \(\Delta \nu = \frac{\Delta \omega}{2\pi}\) of the cavity mode in terahertz (THz).  

Express your final answer with two decimal places and include the unit “THz”.  
</question>

<question>  
A conjugated polymer film follows the Lorentz oscillator model for polarization \(P(t)\) under harmonic excitation \(E(t) = E_0 e^{-i \omega t}\):  
\[
\frac{d^2 P}{dt^2} + \gamma \frac{dP}{dt} + \omega_0^2 P = \varepsilon_0 \omega_p^2 E(t),
\]  
with parameters \(\omega_p = 1.0 \times 10^{16}\) rad·s\(^{-1}\), \(\omega_0 = 2.8 \times 10^{15}\) rad·s\(^{-1}\), and \(\gamma = 1.0 \times 10^{13}\) s\(^{-1}\).  

Calculate the magnitude of the steady-state polarization amplitude normalized by the electric field,  
\[
\frac{|P_0|}{\varepsilon_0 E_0} = \frac{\omega_p^2}{\sqrt{(\omega_0^2 - \omega^2)^2 + (\gamma \omega)^2}},
\]  
at the driving frequency \(\omega = 2.7 \times 10^{15}\) rad·s\(^{-1}\).  

Give your final answer as a dimensionless number rounded to three significant figures.  
</question>

<question>  
In an optical simulation of a planar film of an organic dye, the effective refractive index depends on frequency-dependent Lorentz oscillator susceptibility. Given:  
\[
\chi(\omega) = 0.05, \quad n_b = 1.45,
\]  
calculate the effective refractive index:  
\[
n_{\mathrm{eff}} = \sqrt{n_b^2 + \chi(\omega)}.
\]  

Report your final answer rounded to three significant figures including the unit (dimensionless refractive index).  
</question>

<question>  
In a microcavity containing the organic dye Crystal Violet (3,7-bis(dimethylamino)phenothiazine chloride), the polariton relaxation rate \(\Gamma\) follows the empirical relation:  
\[
\Gamma = \Gamma_0 + k \Omega_R^2,
\]  
where \(\Gamma_0 = 1.0 \times 10^{13}\) s\(^{-1}\), \(k = 2.0 \times 10^{-27}\) s, and \(\Gamma = 2.6 \times 10^{13}\) s\(^{-1}\).  

Calculate the vacuum Rabi splitting frequency \(\Omega_R\) in s\(^{-1}\) responsible for this observed relaxation rate.  

Present your final answer rounded to two significant figures and include the unit “s\(^{-1}\)”.  
</question>
=== Final questions generated ===
