=== Turn 0: Author generates questions ===
Here are five novel Master's level chemistry questions based on the provided topics, key concepts, and guidelines:

1.  <question>A bimetallic catalyst composed of Pt and Fe is used for CO oxidation. The Pt surface, in the absence of Fe, exhibits a $d$-band center at $-2.1$ eV relative to the Fermi level. Upon alloying with Fe, the $d$-band center shifts due to charge transfer and ligand effects. Density functional theory (DFT) calculations reveal that the Fe atoms induce a magnetic moment on the Pt atoms nearest to them. Assume that each Fe atom induces a magnetic moment of $0.2 \mu_B$ on each of its four nearest Pt neighbors. Further assume that the shift in $d$-band center energy ($\Delta \epsilon_d$) of Pt scales linearly with the induced magnetic moment ($m$) according to the relationship $\Delta \epsilon_d = k \cdot m$, where $k = 0.5$ eV/$\mu_B$. If the alloy contains 20% Fe, and all Fe atoms are surface atoms, compute the shifted $d$-band center energy (in eV, rounded to two decimal places) of Pt, considering only the nearest neighbor Pt atoms affected by Fe.</question>

2.  <question>The chemisorption energy of atomic oxygen ($E_O$) on a series of transition metal surfaces follows a scaling relationship with the chemisorption energy of atomic nitrogen ($E_N$), expressed as $E_O = aE_N + b$. Using the SISSO method, a descriptor, $X$, is found to correlate with $E_N$ such that $E_N = cX + d$. Given that $a = 1.2$, $b = -0.5$ eV, $c = 0.8$ eV, and $d = -3.0$ eV, calculate the value of $E_O$ (in eV, rounded to two decimal places) when $X = 2.5$.</question>

3.  <question>Consider a heterogeneously catalyzed reaction where the rate-determining step involves the dissociation of hydrogen molecules ($H_2$) on a ferromagnetic Ni(111) surface. The surface exhibits spin polarization, leading to spin-dependent chemisorption energies for $H$ atoms with spin-up ($E_{\uparrow}$) and spin-down ($E_{\downarrow}$) electrons. Assume that the activation energy for $H_2$ dissociation is proportional to the average chemisorption energy of the two H atoms formed. If $E_{\uparrow} = -2.5$ eV and $E_{\downarrow} = -2.0$ eV, and the proportionality constant between the average chemisorption energy and the activation energy is 0.6, compute the activation energy for $H_2$ dissociation (in eV, rounded to two decimal places).</question>

4.  <question>A Co/Pd alloy is being explored as a catalyst for ammonia synthesis. The $d$-band center of the Pd surface is modified by the presence of Co. Assume that the catalytic activity is solely dependent on the $d$-band center position ($\epsilon_d$) of Pd, and the ammonia formation rate constant ($k$) follows the relationship $k = A \cdot exp(-B \cdot (\epsilon_d - \epsilon_0)^2)$, where $A = 1.0 \times 10^{-3}$ s$^{-1}$, $B = 5.0$ eV$^{-2}$, and $\epsilon_0 = -2.5$ eV. If the $d$-band center of Pd in the Co/Pd alloy is found to be $-2.3$ eV, what is the ammonia formation rate constant (in s$^{-1}$, rounded to four decimal places)?</question>

5.  <question>The chemisorption of CO on a Fe(100) surface is influenced by cooperative quantum spin exchange and quantum excitation interactions between the adsorbate and the surface Fe atoms. A simplified model suggests that the binding energy of CO ($E_{CO}$) is related to the spin polarization ($P$) of the Fe surface via the equation: $E_{CO} = E_0 + \alpha P^2$, where $E_0 = -1.5$ eV is the binding energy in the absence of spin polarization, and $\alpha = -0.8$ eV.  The spin polarization, $P$, is temperature-dependent and can be approximated as $P = tanh(T_c/T)$, where $T_c = 1043$ K is the Curie temperature of Fe and $T$ is the surface temperature in Kelvin.  Calculate the binding energy of CO (in eV, rounded to three decimal places) at a surface temperature of $T = 500$ K.</question>
=== Turn 0: Critic feedback ===
Here is a critique of your five Master's level chemistry questions against the provided guidelines:

---

**General Feedback:**
The questions generally demonstrate a strong understanding of relevant Master's level concepts in surface science and catalysis, incorporating advanced topics like d-band theory, spin polarization, scaling relationships, and computational chemistry methods (DFT, SISSO). The use of LaTeX for mathematical expressions is excellent, and the scenarios are novel. However, there are specific areas for improvement in two questions to fully meet all guidelines.

---

**Critique of Individual Questions:**

**1. Question 1:**
*   **Guideline Compliance:**
    *   1. Model a Chemistry Scenario: Yes, bimetallic catalysis, d-band center, magnetic effects.
    *   2. Expect numerical/IUPAC answer: Yes, numerical value in eV.
    *   3. Force Multi-Step Reasoning: Partially. The core issue is an ambiguity in how to interpret "$m$".
    *   4. Avoid Redundancy: No. The information "If the alloy contains 20% Fe, and all Fe atoms are surface atoms" appears extraneous given the calculation is specifically for "the nearest neighbor Pt atoms affected by Fe" and their induced moment is defined *per Pt neighbor*. This information does not contribute to determining the value of $m$ for the affected Pt atoms without further details on surface atomic ratios or geometry.
    *   5. Be Unique: Yes, the combination of d-band shift and induced magnetic moment is unique.
    *   6. Single solution: No. The interpretation of the induced magnetic moment $m$ on a single Pt atom is ambiguous. Is it $0.2 \mu_B$ for any affected Pt atom, or does it depend on the number of Fe neighbors (which isn't provided)? If $m = 0.2 \mu_B$, then $\Delta \epsilon_d = 0.1$ eV, and the new $d$-band center is $-2.0$ eV. If a Pt atom is assumed to have multiple Fe neighbors, the total induced moment is not well-defined from the given information.
    *   7. Rigorous, concise phrasing: Partially. The phrasing regarding $m$ is ambiguous.
    *   8. Avoid colloquial/ambiguous terminology: Partially. "Induced magnetic moment ($m$)" needs clearer definition regarding its origin on a specific Pt atom.
    *   9. Consistent units/IUPAC: Yes.
    *   10. Not multiple parts: Yes.
    *   11. LaTeX formatting: Yes.
*   **Actionable Feedback:**
    *   Clarify how the induced magnetic moment ($m$) for a *single affected Pt atom* is calculated. For example, explicitly state if $m$ is the contribution from *one* Fe neighbor, or if the problem implies a specific coordination environment for the affected Pt atoms.
    *   Either make the "20% Fe" information relevant to the calculation (e.g., by asking for an *average* shift considering *all* surface Pt atoms, or providing a clear path to use the percentage to determine the number of affected Pt atoms or their average coordination), or remove it to avoid redundancy.

**2. Question 2:**
*   **Guideline Compliance:**
    *   1. Model a Chemistry Scenario: Yes, chemisorption energies, scaling relationships, SISSO method.
    *   2. Expect numerical/IUPAC answer: Yes, numerical value in eV.
    *   3. Force Multi-Step Reasoning: Yes, two distinct calculation steps.
    *   4. Avoid Redundancy: Yes, all information is pertinent.
    *   5. Be Unique: Yes, using SISSO and scaling relationships is appropriate for Master's level.
    *   6. Single solution: Yes.
    *   7. Rigorous, concise phrasing: Yes.
    *   8. Avoid colloquial/ambiguous terminology: Yes.
    *   9. Consistent units/IUPAC: Yes.
    *   10. Not multiple parts: Yes.
    *   11. LaTeX formatting: Yes.
*   **Actionable Feedback:**
    *   This question is excellent and meets all guidelines. No specific improvements needed.

**3. Question 3:**
*   **Guideline Compliance:**
    *   1. Model a Chemistry Scenario: Yes, heterogeneous catalysis, spin polarization, activation energy.
    *   2. Expect numerical/IUPAC answer: Yes, numerical value in eV.
    *   3. Force Multi-Step Reasoning: Yes, calculating the average energy first, then the activation energy.
    *   4. Avoid Redundancy: Yes, all information is pertinent.
    *   5. Be Unique: Yes, spin-dependent chemisorption is a modern and unique concept in catalysis.
    *   6. Single solution: Yes.
    *   7. Rigorous, concise phrasing: Yes.
    *   8. Avoid colloquial/ambiguous terminology: Yes.
    *   9. Consistent units/IUPAC: Yes.
    *   10. Not multiple parts: Yes.
    *   11. LaTeX formatting: Yes.
*   **Actionable Feedback:**
    *   This question is excellent and meets all guidelines. No specific improvements needed.

**4. Question 4:**
*   **Guideline Compliance:**
    *   1. Model a Chemistry Scenario: Yes, alloy catalysis, d-band center, rate constant.
    *   2. Expect numerical/IUPAC answer: Yes, numerical value in s$^{-1}$.
    *   3. Force Multi-Step Reasoning: No. This is a direct substitution into a given formula. It does not require multiple logical steps or intermediate calculations beyond plugging in a value.
    *   4. Avoid Redundancy: Yes, all information is pertinent.
    *   5. Be Unique: The conceptual link between d-band center and rate constant via a parabolic relationship is good, but the calculation itself is too straightforward.
    *   6. Single solution: Yes.
    *   7. Rigorous, concise phrasing: Yes.
    *   8. Avoid colloquial/ambiguous terminology: Yes.
    *   9. Consistent units/IUPAC: Yes.
    *   10. Not multiple parts: Yes.
    *   11. LaTeX formatting: Yes.
*   **Actionable Feedback:**
    *   To fulfill "Force Multi-Step Reasoning", add an intermediate step. For example, provide information to *derive* or *calculate* the $\epsilon_d$ value based on given parameters (e.g., composition, charge transfer, strain), rather than providing it directly. Or, ask for a comparison of rates at two different $\epsilon_d$ values.

**5. Question 5:**
*   **Guideline Compliance:**
    *   1. Model a Chemistry Scenario: Yes, CO chemisorption, spin polarization, temperature dependence, quantum effects.
    *   2. Expect numerical/IUPAC answer: Yes, numerical value in eV.
    *   3. Force Multi-Step Reasoning: Yes, calculating $P$ first, then $E_{CO}$.
    *   4. Avoid Redundancy: Yes, all information is pertinent.
    *   5. Be Unique: Yes, the temperature-dependent spin polarization effect on binding energy is highly unique and advanced.
    *   6. Single solution: Yes.
    *   7. Rigorous, concise phrasing: Yes.
    *   8. Avoid colloquial/ambiguous terminology: Yes.
    *   9. Consistent units/IUPAC: Yes.
    *   10. Not multiple parts: Yes.
    *   11. LaTeX formatting: Yes.
*   **Actionable Feedback:**
    *   This question is excellent and meets all guidelines. No specific improvements needed.

---
=== Turn 1: Author refines questions ===
Okay, here are the refined Master's level chemistry questions, incorporating the feedback provided:

```xml
<question>A bimetallic catalyst composed of Pt and Fe is used for CO oxidation. The Pt surface, in the absence of Fe, exhibits a $d$-band center at $-2.1$ eV relative to the Fermi level. Upon alloying with Fe, the $d$-band center shifts due to charge transfer and ligand effects. Density functional theory (DFT) calculations reveal that the Fe atoms induce a magnetic moment on the Pt atoms nearest to them. Assume that each Fe atom induces a magnetic moment of $0.2 \mu_B$ on *each* nearest neighbor Pt atom. Furthermore, assume that the shift in $d$-band center energy ($\Delta \epsilon_d$) of Pt scales linearly with the induced magnetic moment ($m$) according to the relationship $\Delta \epsilon_d = k \cdot m$, where $k = 0.5$ eV/$\mu_B$. In a specific surface configuration, each surface Pt atom has, on average, 0.5 Fe nearest neighbors. Compute the shifted $d$-band center energy (in eV, rounded to two decimal places) of Pt.</question>

<question>The chemisorption energy of atomic oxygen ($E_O$) on a series of transition metal surfaces follows a scaling relationship with the chemisorption energy of atomic nitrogen ($E_N$), expressed as $E_O = aE_N + b$. Using the SISSO method, a descriptor, $X$, is found to correlate with $E_N$ such that $E_N = cX + d$. Given that $a = 1.2$, $b = -0.5$ eV, $c = 0.8$ eV, and $d = -3.0$ eV, calculate the value of $E_O$ (in eV, rounded to two decimal places) when $X = 2.5$.</question>

<question>Consider a heterogeneously catalyzed reaction where the rate-determining step involves the dissociation of hydrogen molecules ($H_2$) on a ferromagnetic Ni(111) surface. The surface exhibits spin polarization, leading to spin-dependent chemisorption energies for $H$ atoms with spin-up ($E_{\uparrow}$) and spin-down ($E_{\downarrow}$) electrons. Assume that the activation energy for $H_2$ dissociation is proportional to the average chemisorption energy of the two H atoms formed. If $E_{\uparrow} = -2.5$ eV and $E_{\downarrow} = -2.0$ eV, and the proportionality constant between the average chemisorption energy and the activation energy is 0.6, compute the activation energy for $H_2$ dissociation (in eV, rounded to two decimal places).</question>

<question>A Co/Pd alloy is being explored as a catalyst for ammonia synthesis. The $d$-band center of the Pd surface is modified by the presence of Co, influencing the catalytic activity.  The shift in the $d$-band center of Pd ($\Delta \epsilon_d$) is found to be proportional to the Co surface concentration ($C_{Co}$) according to the relationship $\Delta \epsilon_d = \gamma \cdot C_{Co}$, where $\gamma = 0.8$ eV and $C_{Co}$ is expressed as a fraction (0 to 1). Assume that the catalytic activity is solely dependent on the $d$-band center position ($\epsilon_d$) of Pd, and the ammonia formation rate constant ($k$) follows the relationship $k = A \cdot exp(-B \cdot (\epsilon_d - \epsilon_0)^2)$, where $A = 1.0 \times 10^{-3}$ s$^{-1}$, $B = 5.0$ eV$^{-2}$, and $\epsilon_0 = -2.5$ eV. If the Co/Pd alloy has a surface Co concentration of 0.25, what is the ammonia formation rate constant (in s$^{-1}$, rounded to four decimal places)?</question>

<question>The chemisorption of CO on a Fe(100) surface is influenced by cooperative quantum spin exchange and quantum excitation interactions between the adsorbate and the surface Fe atoms. A simplified model suggests that the binding energy of CO ($E_{CO}$) is related to the spin polarization ($P$) of the Fe surface via the equation: $E_{CO} = E_0 + \alpha P^2$, where $E_0 = -1.5$ eV is the binding energy in the absence of spin polarization, and $\alpha = -0.8$ eV.  The spin polarization, $P$, is temperature-dependent and can be approximated as $P = tanh(T_c/T)$, where $T_c = 1043$ K is the Curie temperature of Fe and $T$ is the surface temperature in Kelvin.  Calculate the binding energy of CO (in eV, rounded to three decimal places) at a surface temperature of $T = 500$ K.</question>
```
=== Turn 1: Critic feedback ===
Here's a critique of each question against your guidelines, with actionable feedback for improvement.

Overall, these questions demonstrate a strong grasp of Master's level chemistry concepts, particularly in surface science, catalysis, and computational materials. They are unique, require multi-step reasoning, and generally adhere to the formatting guidelines. The primary areas for improvement involve ensuring physical plausibility and completeness of information.

---

### **Question 1: Pt/Fe d-band center**

```xml
<question>A bimetallic catalyst composed of Pt and Fe is used for CO oxidation. The Pt surface, in the absence of Fe, exhibits a $d$-band center at $-2.1$ eV relative to the Fermi level. Upon alloying with Fe, the $d$-band center shifts due to charge transfer and ligand effects. Density functional theory (DFT) calculations reveal that the Fe atoms induce a magnetic moment of $0.2 \mu_B$ on *each* nearest neighbor Pt atom. Furthermore, assume that the shift in $d$-band center energy ($\Delta \epsilon_d$) of Pt scales linearly with the induced magnetic moment ($m$) according to the relationship $\Delta \epsilon_d = k \cdot m$, where $k = 0.5$ eV/$\mu_B$. In a specific surface configuration, each surface Pt atom has, on average, 0.5 Fe nearest neighbors. Compute the shifted $d$-band center energy (in eV, rounded to two decimal places) of Pt.</question>
```

*   **Critique:** This is an excellent question. It perfectly models a complex chemistry scenario, requires multi-step reasoning (calculate average moment, then shift, then final position), avoids redundancy, and is highly unique. The phrasing is rigorous and units are consistent. All guidelines are met.
*   **Recommendation:** No changes needed.

---

### **Question 2: Oxygen/Nitrogen Chemisorption Scaling**

```xml
<question>The chemisorption energy of atomic oxygen ($E_O$) on a series of transition metal surfaces follows a scaling relationship with the chemisorption energy of atomic nitrogen ($E_N$), expressed as $E_O = aE_N + b$. Using the SISSO method, a descriptor, $X$, is found to correlate with $E_N$ such that $E_N = cX + d$. Given that $a = 1.2$, $b = -0.5$ eV, $c = 0.8$ eV, and $d = -3.0$ eV, calculate the value of $E_O$ (in eV, rounded to two decimal places) when $X = 2.5$.</question>
```

*   **Critique:** Another excellent question. It introduces modern concepts like scaling relationships and SISSO descriptors, requiring a clear two-step substitution calculation. It's concise, unique, and meets all guidelines.
*   **Recommendation:** No changes needed.

---

### **Question 3: H2 Dissociation on Ni(111)**

```xml
<question>Consider a heterogeneously catalyzed reaction where the rate-determining step involves the dissociation of hydrogen molecules ($H_2$) on a ferromagnetic Ni(111) surface. The surface exhibits spin polarization, leading to spin-dependent chemisorption energies for $H$ atoms with spin-up ($E_{\uparrow}$) and spin-down ($E_{\downarrow}$) electrons. Assume that the activation energy for $H_2$ dissociation is proportional to the average chemisorption energy of the two H atoms formed. If $E_{\uparrow} = -2.5$ eV and $E_{\downarrow} = -2.0$ eV, and the proportionality constant between the average chemisorption energy and the activation energy is 0.6, compute the activation energy for $H_2$ dissociation (in eV, rounded to two decimal places).</question>
```

*   **Critique:** The scenario and scientific concepts are strong and Master's level. However, a key physical principle is violated: activation energies must be positive values. The problem states the activation energy is *proportional* to the *average chemisorption energy*. Since chemisorption energies are typically negative (exothermic binding), and the given $E_{\uparrow}$ and $E_{\downarrow}$ are negative, their average will also be negative. Multiplying by a positive proportionality constant ($0.6$) will result in a negative activation energy, which is physically incorrect.
*   **Recommendation:** Rephrase the proportionality to ensure a positive activation energy.
    *   **Option 1 (Preferred for simplicity):** State that it's proportional to the *magnitude* or *absolute value* of the average chemisorption energy.
        *   *Example change:* "Assume that the activation energy for $H_2$ dissociation is proportional to the *magnitude* of the average chemisorption energy of the two H atoms formed."
    *   **Option 2:** If the proportionality constant is intended to be positive, state that the activation energy is proportional to the *negative* of the average chemisorption energy.
        *   *Example change:* "Assume that the activation energy for $H_2$ dissociation is proportional to the *negative* of the average chemisorption energy of the two H atoms formed."

---

### **Question 4: Co/Pd Ammonia Synthesis**

```xml
<question>A Co/Pd alloy is being explored as a catalyst for ammonia synthesis. The $d$-band center of the Pd surface is modified by the presence of Co, influencing the catalytic activity. The shift in the $d$-band center of Pd ($\Delta \epsilon_d$) is found to be proportional to the Co surface concentration ($C_{Co}$) according to the relationship $\Delta \epsilon_d = \gamma \cdot C_{Co}$, where $\gamma = 0.8$ eV and $C_{Co}$ is expressed as a fraction (0 to 1). Assume that the catalytic activity is solely dependent on the $d$-band center position ($\epsilon_d$) of Pd, and the ammonia formation rate constant ($k$) follows the relationship $k = A \cdot exp(-B \cdot (\epsilon_d - \epsilon_0)^2)$, where $A = 1.0 \times 10^{-3}$ s$^{-1}$, $B = 5.0$ eV$^{-2}$, and $\epsilon_0 = -2.5$ eV. If the Co/Pd alloy has a surface Co concentration of 0.25, what is the ammonia formation rate constant (in s$^{-1}$, rounded to four decimal places)?</question>
```

*   **Critique:** This question models a realistic and advanced scenario well (volcano plot-like activity dependence on d-band center). However, it is **unsolvable** as critical information is missing. The problem describes a *shift* in the d-band center ($\Delta \epsilon_d$) but does not provide the *initial* d-band center energy of pure Pd. To calculate the final $\epsilon_d$, you need $\epsilon_d = \epsilon_{d, \text{initial}} + \Delta \epsilon_d$.
*   **Recommendation:** Provide the initial $d$-band center energy of pure Pd.
    *   *Example change:* Insert a sentence like: "The $d$-band center of pure Pd is initially $-2.8$ eV." (or any other suitable value) before describing the shift.

---

### **Question 5: CO Chemisorption with Spin Polarization**

```xml
<question>The chemisorption of CO on a Fe(100) surface is influenced by cooperative quantum spin exchange and quantum excitation interactions between the adsorbate and the surface Fe atoms. A simplified model suggests that the binding energy of CO ($E_{CO}$) is related to the spin polarization ($P$) of the Fe surface via the equation: $E_{CO} = E_0 + \alpha P^2$, where $E_0 = -1.5$ eV is the binding energy in the absence of spin polarization, and $\alpha = -0.8$ eV. The spin polarization, $P$, is temperature-dependent and can be approximated as $P = tanh(T_c/T)$, where $T_c = 1043$ K is the Curie temperature of Fe and $T$ is the surface temperature in Kelvin. Calculate the binding energy of CO (in eV, rounded to three decimal places) at a surface temperature of $T = 500$ K.</question>
```

*   **Critique:** This is an outstanding question. It tackles a very specialized and complex area of surface magnetism and its influence on chemisorption. It requires multiple calculation steps, including the use of a hyperbolic tangent function, making it truly Master's level. It is unique, precise, and meets all guidelines.
*   **Recommendation:** No changes needed.
=== Turn 2: Author refines questions ===
```xml
<question>A bimetallic catalyst composed of Pt and Fe is used for CO oxidation. The Pt surface, in the absence of Fe, exhibits a $d$-band center at $-2.1$ eV relative to the Fermi level. Upon alloying with Fe, the $d$-band center shifts due to charge transfer and ligand effects. Density functional theory (DFT) calculations reveal that the Fe atoms induce a magnetic moment of $0.2 \mu_B$ on *each* nearest neighbor Pt atom. Furthermore, assume that the shift in $d$-band center energy ($\Delta \epsilon_d$) of Pt scales linearly with the induced magnetic moment ($m$) according to the relationship $\Delta \epsilon_d = k \cdot m$, where $k = 0.5$ eV/$\mu_B$. In a specific surface configuration, each surface Pt atom has, on average, 0.5 Fe nearest neighbors. Compute the shifted $d$-band center energy (in eV, rounded to two decimal places) of Pt.</question>

<question>The chemisorption energy of atomic oxygen ($E_O$) on a series of transition metal surfaces follows a scaling relationship with the chemisorption energy of atomic nitrogen ($E_N$), expressed as $E_O = aE_N + b$. Using the SISSO method, a descriptor, $X$, is found to correlate with $E_N$ such that $E_N = cX + d$. Given that $a = 1.2$, $b = -0.5$ eV, $c = 0.8$ eV, and $d = -3.0$ eV, calculate the value of $E_O$ (in eV, rounded to two decimal places) when $X = 2.5.</question>

<question>Consider a heterogeneously catalyzed reaction where the rate-determining step involves the dissociation of hydrogen molecules ($H_2$) on a ferromagnetic Ni(111) surface. The surface exhibits spin polarization, leading to spin-dependent chemisorption energies for $H$ atoms with spin-up ($E_{\uparrow}$) and spin-down ($E_{\downarrow}$) electrons. Assume that the activation energy for $H_2$ dissociation is proportional to the *magnitude* of the average chemisorption energy of the two H atoms formed. If $E_{\uparrow} = -2.5$ eV and $E_{\downarrow} = -2.0$ eV, and the proportionality constant between the average chemisorption energy and the activation energy is 0.6, compute the activation energy for $H_2$ dissociation (in eV, rounded to two decimal places).</question>

<question>A Co/Pd alloy is being explored as a catalyst for ammonia synthesis. The $d$-band center of the Pd surface is modified by the presence of Co, influencing the catalytic activity. The $d$-band center of pure Pd is initially -2.8 eV. The shift in the $d$-band center of Pd ($\Delta \epsilon_d$) is found to be proportional to the Co surface concentration ($C_{Co}$) according to the relationship $\Delta \epsilon_d = \gamma \cdot C_{Co}$, where $\gamma = 0.8$ eV and $C_{Co}$ is expressed as a fraction (0 to 1). Assume that the catalytic activity is solely dependent on the $d$-band center position ($\epsilon_d$) of Pd, and the ammonia formation rate constant ($k$) follows the relationship $k = A \cdot exp(-B \cdot (\epsilon_d - \epsilon_0)^2)$, where $A = 1.0 \times 10^{-3}$ s$^{-1}$, $B = 5.0$ eV$^{-2}$, and $\epsilon_0 = -2.5$ eV. If the Co/Pd alloy has a surface Co concentration of 0.25, what is the ammonia formation rate constant (in s$^{-1}$, rounded to four decimal places)?</question>

<question>The chemisorption of CO on a Fe(100) surface is influenced by cooperative quantum spin exchange and quantum excitation interactions between the adsorbate and the surface Fe atoms. A simplified model suggests that the binding energy of CO ($E_{CO}$) is related to the spin polarization ($P$) of the Fe surface via the equation: $E_{CO} = E_0 + \alpha P^2$, where $E_0 = -1.5$ eV is the binding energy in the absence of spin polarization, and $\alpha = -0.8$ eV. The spin polarization, $P$, is temperature-dependent and can be approximated as $P = tanh(T_c/T)$, where $T_c = 1043$ K is the Curie temperature of Fe and $T$ is the surface temperature in Kelvin. Calculate the binding energy of CO (in eV, rounded to three decimal places) at a surface temperature of $T = 500$ K.</question>
```
=== Turn 2: Critic feedback ===
Here's a critique of each question against the provided guidelines:

---

### **Question 1: Bimetallic Catalyst and $d$-band center**

```xml
<question>A bimetallic catalyst composed of Pt and Fe is used for CO oxidation. The Pt surface, in the absence of Fe, exhibits a $d$-band center at $-2.1$ eV relative to the Fermi level. Upon alloying with Fe, the $d$-band center shifts due to charge transfer and ligand effects. Density functional theory (DFT) calculations reveal that the Fe atoms induce a magnetic moment of $0.2 \mu_B$ on *each* nearest neighbor Pt atom. Furthermore, assume that the shift in $d$-band center energy ($\Delta \epsilon_d$) of Pt scales linearly with the induced magnetic moment ($m$) according to the relationship $\Delta \epsilon_d = k \cdot m$, where $k = 0.5$ eV/$\mu_B$. In a specific surface configuration, each surface Pt atom has, on average, 0.5 Fe nearest neighbors. Compute the shifted $d$-band center energy (in eV, rounded to two decimal places) of Pt.</question>
```

**Critique:**

*   **1. Model a Chemistry Scenario:** Excellent. Describes a relevant catalytic system (bimetallic Pt/Fe for CO oxidation), introduces advanced concepts (d-band center, charge transfer, ligand effects, magnetic moment, DFT calculations), and sets up a realistic scenario of alloying effects on electronic structure.
*   **2. Expect numerical values with appropriate units:** Excellent. Requires a numerical value in eV.
*   **3. Force Multi-Step Reasoning:** Excellent.
    *   Step 1: Calculate the total induced magnetic moment per Pt atom based on the average number of Fe neighbors.
    *   Step 2: Calculate the shift in the $d$-band center using the given scaling relationship.
    *   Step 3: Calculate the final $d$-band center energy by adding the shift to the initial value.
*   **4. Avoid Redundancy:** Excellent. All information provided is necessary for the calculation or provides essential context for the scenario.
*   **5. Be Unique:** Excellent. This is a sophisticated problem that integrates concepts from surface science, computational chemistry, and magnetism, moving beyond typical textbook examples.
*   **6. Single Solution:** Excellent. Leads to one specific numerical answer.
*   **7. Use rigorous, concise phrasing:** Good. The phrasing is generally clear and precise. A minor point: "magnetic moment of $0.2 \mu_B$ on *each* nearest neighbor Pt atom" combined with "each surface Pt atom has, on average, 0.5 Fe nearest neighbors" might be slightly ambiguous if not interpreted carefully (e.g., does it mean per Fe neighbor, or if *any* Fe neighbor is present?). However, the intended meaning (a Pt atom experiences a certain induced moment *per* Fe neighbor) is inferable for an expert.
*   **8. Avoid colloquial or ambiguous terminology:** Excellent. All terminology is scientific and precise.
*   **9. Units must be consistent; chemical nomenclature must follow IUPAC rules:** Excellent. Units (eV, $\mu_B$, eV/$\mu_B$) are consistent.
*   **10. Questions must not have multiple parts to answer:** Excellent. Asks for a single numerical value.
*   **11. Solution Formatting:** **Needs Improvement.** Numbers, variables, and units within the text should be enclosed in `$` for inline math. For example, $-2.1$ eV should be `$-2.1$ eV`, $0.2 \mu_B$ should be `$0.2 \mu_B$`, $d$-band center should be `$d$-band center`, $\Delta \epsilon_d = k \cdot m$ should be `$\Delta \epsilon_d = k \cdot m$`, etc.

**Actionable Feedback:**
*   **Formatting:** Enclose all numerical values, variables, units, and mathematical expressions using LaTeX inline math syntax (`$ ... $`). For example, change "The Pt surface, in the absence of Fe, exhibits a $d$-band center at $-2.1$ eV relative to the Fermi level." to "The Pt surface, in the absence of Fe, exhibits a $d$-band center at $-2.1$ eV relative to the Fermi level."

---

### **Question 2: Oxygen/Nitrogen Chemisorption Scaling**

```xml
<question>The chemisorption energy of atomic oxygen ($E_O$) on a series of transition metal surfaces follows a scaling relationship with the chemisorption energy of atomic nitrogen ($E_N$), expressed as $E_O = aE_N + b$. Using the SISSO method, a descriptor, $X$, is found to correlate with $E_N$ such that $E_N = cX + d$. Given that $a = 1.2$, $b = -0.5$ eV, $c = 0.8$ eV, and $d = -3.0$ eV, calculate the value of $E_O$ (in eV, rounded to two decimal places) when $X = 2.5.</question>
```

**Critique:**

*   **1. Model a Chemistry Scenario:** Excellent. Describes a realistic scenario involving scaling relationships in chemisorption energies, a common concept in heterogeneous catalysis, and mentions the SISSO method, which is a contemporary machine learning technique for materials science.
*   **2. Expect numerical values with appropriate units:** Excellent. Requires a numerical value in eV.
*   **3. Force Multi-Step Reasoning:** Excellent.
    *   Step 1: Calculate $E_N$ using the given descriptor $X$ and its relationship.
    *   Step 2: Calculate $E_O$ using the calculated $E_N$ and the scaling relationship between $E_O$ and $E_N$.
*   **4. Avoid Redundancy:** Excellent. All parameters and values are necessary for the calculation.
*   **5. Be Unique:** Excellent. Uses current concepts like scaling relationships and SISSO, making it unique and not a standard textbook problem.
*   **6. Single Solution:** Excellent. Leads to one specific numerical answer.
*   **7. Use rigorous, concise phrasing:** Excellent. The question is clear and direct.
*   **8. Avoid colloquial or ambiguous terminology:** Excellent. All terminology is scientific and precise.
*   **9. Units must be consistent; chemical nomenclature must follow IUPAC rules:** Excellent. Units (eV) are consistent.
*   **10. Questions must not have multiple parts to answer:** Excellent. Asks for a single numerical value.
*   **11. Solution Formatting:** **Needs Improvement.** Numbers, variables, and units within the text should be enclosed in `$` for inline math. For example, $E_O$ should be `$E_O$`, $a=1.2$ should be `$a=1.2$`, $-0.5$ eV should be `$-0.5$ eV`, etc.

**Actionable Feedback:**
*   **Formatting:** Enclose all numerical values, variables, units, and mathematical expressions using LaTeX inline math syntax (`$ ... $`). For example, change "$E_O = aE_N + b$" to "$E_O = aE_N + b$".

---

### **Question 3: H2 Dissociation on Ni(111) with Spin Polarization**

```xml
<question>Consider a heterogeneously catalyzed reaction where the rate-determining step involves the dissociation of hydrogen molecules ($H_2$) on a ferromagnetic Ni(111) surface. The surface exhibits spin polarization, leading to spin-dependent chemisorption energies for $H$ atoms with spin-up ($E_{\uparrow}$) and spin-down ($E_{\downarrow}$) electrons. Assume that the activation energy for $H_2$ dissociation is proportional to the *magnitude* of the average chemisorption energy of the two H atoms formed. If $E_{\uparrow} = -2.5$ eV and $E_{\downarrow} = -2.0$ eV, and the proportionality constant between the average chemisorption energy and the activation energy is 0.6, compute the activation energy for $H_2$ dissociation (in eV, rounded to two decimal places).</question>
```

**Critique:**

*   **1. Model a Chemistry Scenario:** Excellent. Describes a sophisticated scenario involving heterogeneous catalysis, H2 dissociation, ferromagnetic surfaces, and spin-dependent chemisorption, which are advanced concepts in surface science and spintronics in catalysis.
*   **2. Expect numerical values with appropriate units:** Excellent. Requires a numerical value in eV.
*   **3. Force Multi-Step Reasoning:** Excellent.
    *   Step 1: Calculate the average chemisorption energy of the two H atoms.
    *   Step 2: Determine the *magnitude* of this average. (Crucial step due to the keyword "magnitude").
    *   Step 3: Calculate the activation energy using the given proportionality constant.
*   **4. Avoid Redundancy:** Excellent. All information provided is essential for the calculation.
*   **5. Be Unique:** Excellent. The incorporation of spin-dependent chemisorption energies and the proportionality to the *magnitude* of average energy makes this problem highly original and advanced.
*   **6. Single Solution:** Excellent. Leads to one specific numerical answer.
*   **7. Use rigorous, concise phrasing:** Excellent. The phrasing is precise, especially the emphasis on "magnitude."
*   **8. Avoid colloquial or ambiguous terminology:** Excellent. All terminology is scientific and precise.
*   **9. Units must be consistent; chemical nomenclature must follow IUPAC rules:** Excellent. Units (eV) are consistent, and $H_2$/$H$ are correctly used.
*   **10. Questions must not have multiple parts to answer:** Excellent. Asks for a single numerical value.
*   **11. Solution Formatting:** **Needs Improvement.** Numbers, variables, and units within the text should be enclosed in `$` for inline math. For example, $H_2$ should be `$H_2$`, $E_{\uparrow}$ should be `$E_{\uparrow}$`, $-2.5$ eV should be `$-2.5$ eV`, etc.

**Actionable Feedback:**
*   **Formatting:** Enclose all numerical values, variables, units, and mathematical expressions using LaTeX inline math syntax (`$ ... $`). For example, change "$H_2$" to "$H_2$", "$E_{\uparrow}$" to "$E_{\uparrow}$", and "$E_{\downarrow}$" to "$E_{\downarrow}$".

---

### **Question 4: Co/Pd Alloy for Ammonia Synthesis**

```xml
<question>A Co/Pd alloy is being explored as a catalyst for ammonia synthesis. The $d$-band center of the Pd surface is modified by the presence of Co, influencing the catalytic activity. The $d$-band center of pure Pd is initially -2.8 eV. The shift in the $d$-band center of Pd ($\Delta \epsilon_d$) is found to be proportional to the Co surface concentration ($C_{Co}$) according to the relationship $\Delta \epsilon_d = \gamma \cdot C_{Co}$, where $\gamma = 0.8$ eV and $C_{Co}$ is expressed as a fraction (0 to 1). Assume that the catalytic activity is solely dependent on the $d$-band center position ($\epsilon_d$) of Pd, and the ammonia formation rate constant ($k$) follows the relationship $k = A \cdot exp(-B \cdot (\epsilon_d - \epsilon_0)^2)$, where $A = 1.0 \times 10^{-3}$ s$^{-1}$, $B = 5.0$ eV$^{-2}$, and $\epsilon_0 = -2.5$ eV. If the Co/Pd alloy has a surface Co concentration of 0.25, what is the ammonia formation rate constant (in s$^{-1}$, rounded to four decimal places)?</question>
```

**Critique:**

*   **1. Model a Chemistry Scenario:** Excellent. Describes a realistic catalytic application (Co/Pd for ammonia synthesis), introduces the $d$-band center concept, and links it to catalytic activity via a common "volcano plot" type of relationship, which is a sophisticated and relevant concept in catalysis.
*   **2. Expect numerical values with appropriate units:** Excellent. Requires a numerical value in s$^{-1}$.
*   **3. Force Multi-Step Reasoning:** Excellent.
    *   Step 1: Calculate the shift in the $d$-band center based on Co concentration.
    *   Step 2: Calculate the new $d$-band center position.
    *   Step 3: Calculate the rate constant using the exponential relationship, which involves an exponentiation.
*   **4. Avoid Redundancy:** Excellent. All information provided is necessary for the calculation.
*   **5. Be Unique:** Excellent. The problem combines multiple concepts (alloying effects, electronic structure, kinetic modeling with a specific functional form) into a complex and unique scenario.
*   **6. Single Solution:** Excellent. Leads to one specific numerical answer.
*   **7. Use rigorous, concise phrasing:** Excellent. The phrasing is clear and direct.
*   **8. Avoid colloquial or ambiguous terminology:** Excellent. All terminology is scientific and precise.
*   **9. Units must be consistent; chemical nomenclature must follow IUPAC rules:** Excellent. Units (eV, s$^{-1}$, eV$^{-2}$) are consistent. IUPAC is not directly relevant here but names are correct.
*   **10. Questions must not have multiple parts to answer:** Excellent. Asks for a single numerical value.
*   **11. Solution Formatting:** **Needs Improvement.** Numbers, variables, and units within the text should be enclosed in `$` for inline math. For example, $d$-band center should be `$d$-band center`, $-2.8$ eV should be `$-2.8$ eV`, $\Delta \epsilon_d = \gamma \cdot C_{Co}$ should be `$\Delta \epsilon_d = \gamma \cdot C_{Co}$`, $k = A \cdot exp(-B \cdot (\epsilon_d - \epsilon_0)^2)$ should be `$k = A \cdot \exp(-B \cdot (\epsilon_d - \epsilon_0)^2)$` (using `\exp` for exponential function).

**Actionable Feedback:**
*   **Formatting:** Enclose all numerical values, variables, units, and mathematical expressions using LaTeX inline math syntax (`$ ... $`). Use `\exp` for the exponential function for better LaTeX rendering. For example, change "$d$-band center" to "$d$-band center", "$k = A \cdot exp(-B \cdot (\epsilon_d - \epsilon_0)^2)$" to "$k = A \cdot \exp(-B \cdot (\epsilon_d - \epsilon_0)^2)$".

---

### **Question 5: CO Chemisorption on Fe(100) with Spin Polarization/Temperature**

```xml
<question>The chemisorption of CO on a Fe(100) surface is influenced by cooperative quantum spin exchange and quantum excitation interactions between the adsorbate and the surface Fe atoms. A simplified model suggests that the binding energy of CO ($E_{CO}$) is related to the spin polarization ($P$) of the Fe surface via the equation: $E_{CO} = E_0 + \alpha P^2$, where $E_0 = -1.5$ eV is the binding energy in the absence of spin polarization, and $\alpha = -0.8$ eV. The spin polarization, $P$, is temperature-dependent and can be approximated as $P = tanh(T_c/T)$, where $T_c = 1043$ K is the Curie temperature of Fe and $T$ is the surface temperature in Kelvin. Calculate the binding energy of CO (in eV, rounded to three decimal places) at a surface temperature of $T = 500$ K.</question>
```

**Critique:**

*   **1. Model a Chemistry Scenario:** Excellent. Describes a highly advanced scenario involving chemisorption on a magnetic surface, highlighting concepts like quantum spin exchange, quantum excitation, spin polarization, and its temperature dependence through the Curie temperature and the hyperbolic tangent function. This is very relevant to modern surface science and catalysis research.
*   **2. Expect numerical values with appropriate units:** Excellent. Requires a numerical value in eV.
*   **3. Force Multi-Step Reasoning:** Excellent.
    *   Step 1: Calculate the spin polarization $P$ at the given temperature using the $tanh$ function.
    *   Step 2: Calculate the binding energy $E_{CO}$ using the calculated $P$ and the given relationship.
*   **4. Avoid Redundancy:** Excellent. All numerical values and formulas are necessary. The descriptive phrase "cooperative quantum spin exchange and quantum excitation interactions between the adsorbate and the surface Fe atoms" sets the context for the model but is not strictly necessary for the calculation itself. However, it significantly enhances the "model a chemistry scenario" aspect and is acceptable.
*   **5. Be Unique:** Excellent. This problem is highly unique, combining quantum effects, magnetism, and temperature dependence in a concrete calculation, far beyond typical textbook problems.
*   **6. Single Solution:** Excellent. Leads to one specific numerical answer.
*   **7. Use rigorous, concise phrasing:** Excellent. The phrasing is precise and clear.
*   **8. Avoid colloquial or ambiguous terminology:** Excellent. All terminology is scientific and precise. Note: `$tanh$` should be `$\tanh$` for proper mathematical rendering.
*   **9. Units must be consistent; chemical nomenclature must follow IUPAC rules:** Excellent. Units (eV, K) are consistent. IUPAC is not directly relevant here but names are correct.
*   **10. Questions must not have multiple parts to answer:** Excellent. Asks for a single numerical value.
*   **11. Solution Formatting:** **Needs Improvement.** Numbers, variables, and units within the text should be enclosed in `$` for inline math. Specifically, use `$\tanh$` for the hyperbolic tangent function for correct mathematical rendering.

**Actionable Feedback:**
*   **Formatting:** Enclose all numerical values, variables, units, and mathematical expressions using LaTeX inline math syntax (`$ ... $`). For example, change "$CO$" to "$CO$", "$Fe(100)$" to "$Fe(100)$", "$E_{CO}$" to "$E_{CO}$", "$P = tanh(T_c/T)$" to "$P = \tanh(T_c/T)$".

---
=== Turn 3: Author refines questions ===
```xml
<question>A bimetallic catalyst composed of Pt and Fe is used for CO oxidation. The Pt surface, in the absence of Fe, exhibits a $d$-band center at $-2.1$ eV relative to the Fermi level. Upon alloying with Fe, the $d$-band center shifts due to charge transfer and ligand effects. Density functional theory (DFT) calculations reveal that the Fe atoms induce a magnetic moment of $0.2 \mu_B$ on *each* nearest neighbor Pt atom. Furthermore, assume that the shift in $d$-band center energy ($\Delta \epsilon_d$) of Pt scales linearly with the induced magnetic moment ($m$) according to the relationship $\Delta \epsilon_d = k \cdot m$, where $k = 0.5$ eV/$\mu_B$. In a specific surface configuration, each surface Pt atom has, on average, $0.5$ Fe nearest neighbors. Compute the shifted $d$-band center energy (in eV, rounded to two decimal places) of Pt.</question>

<question>The chemisorption energy of atomic oxygen ($E_O$) on a series of transition metal surfaces follows a scaling relationship with the chemisorption energy of atomic nitrogen ($E_N$), expressed as $E_O = aE_N + b$. Using the SISSO method, a descriptor, $X$, is found to correlate with $E_N$ such that $E_N = cX + d$. Given that $a = 1.2$, $b = -0.5$ eV, $c = 0.8$ eV, and $d = -3.0$ eV, calculate the value of $E_O$ (in eV, rounded to two decimal places) when $X = 2.5.</question>

<question>Consider a heterogeneously catalyzed reaction where the rate-determining step involves the dissociation of hydrogen molecules ($H_2$) on a ferromagnetic Ni(111) surface. The surface exhibits spin polarization, leading to spin-dependent chemisorption energies for $H$ atoms with spin-up ($E_{\uparrow}$) and spin-down ($E_{\downarrow}$) electrons. Assume that the activation energy for $H_2$ dissociation is proportional to the *magnitude* of the average chemisorption energy of the two H atoms formed. If $E_{\uparrow} = -2.5$ eV and $E_{\downarrow} = -2.0$ eV, and the proportionality constant between the average chemisorption energy and the activation energy is $0.6$, compute the activation energy for $H_2$ dissociation (in eV, rounded to two decimal places).</question>

<question>A Co/Pd alloy is being explored as a catalyst for ammonia synthesis. The $d$-band center of the Pd surface is modified by the presence of Co, influencing the catalytic activity. The $d$-band center of pure Pd is initially $-2.8$ eV. The shift in the $d$-band center of Pd ($\Delta \epsilon_d$) is found to be proportional to the Co surface concentration ($C_{Co}$) according to the relationship $\Delta \epsilon_d = \gamma \cdot C_{Co}$, where $\gamma = 0.8$ eV and $C_{Co}$ is expressed as a fraction (0 to 1). Assume that the catalytic activity is solely dependent on the $d$-band center position ($\epsilon_d$) of Pd, and the ammonia formation rate constant ($k$) follows the relationship $k = A \cdot \exp(-B \cdot (\epsilon_d - \epsilon_0)^2)$, where $A = 1.0 \times 10^{-3}$ s$^{-1}$, $B = 5.0$ eV$^{-2}$, and $\epsilon_0 = -2.5$ eV. If the Co/Pd alloy has a surface Co concentration of $0.25$, what is the ammonia formation rate constant (in s$^{-1}$, rounded to four decimal places)?</question>

<question>The chemisorption of CO on a Fe(100) surface is influenced by cooperative quantum spin exchange and quantum excitation interactions between the adsorbate and the surface Fe atoms. A simplified model suggests that the binding energy of CO ($E_{CO}$) is related to the spin polarization ($P$) of the Fe surface via the equation: $E_{CO} = E_0 + \alpha P^2$, where $E_0 = -1.5$ eV is the binding energy in the absence of spin polarization, and $\alpha = -0.8$ eV. The spin polarization, $P$, is temperature-dependent and can be approximated as $P = \tanh(T_c/T)$, where $T_c = 1043$ K is the Curie temperature of Fe and $T$ is the surface temperature in Kelvin. Calculate the binding energy of CO (in eV, rounded to three decimal places) at a surface temperature of $T = 500$ K.</question>
```
=== Final questions generated ===
