=== Turn 0: Author generates questions ===
Here are some novel, undergraduate-level biology questions based on your specified topics, concepts, and guidelines:

<question>
A research team is investigating the degradation of tetracycline in wastewater using spherical metal oxides (SMOs) as photocatalysts. They introduce $10\,\mathrm{mg}$ of tetracycline into $1\,\mathrm{L}$ of water. The SMOs generate reactive oxygen species (ROS) under UV irradiation. After $2$ hours, the concentration of tetracycline decreases to $2.5\,\mathrm{mg/L}$. Assuming the degradation follows first-order kinetics, calculate the rate constant ($k$) for the degradation of tetracycline in $\mathrm{h^{-1}}$.
</question>

<question>
A water purification plant is testing a new SMO-based filter to remove quinolones. Initially, the influent water contains $500\,\mathrm{\mu g/L}$ of ciprofloxacin. After passing through the SMO filter, the concentration is reduced to $5\,\mathrm{\mu g/L}$. If the water flow rate is $1000\,\mathrm{L/h}$, calculate the mass of ciprofloxacin removed by the filter in $12$ hours, expressed in grams.
</question>

<question>
Researchers are comparing the effectiveness of hollow vs. solid SMOs in degrading sulfonamides. They find that hollow SMOs, due to enhanced light utilization, produce $2.5$ times more hydroxyl radicals ($^\bullet$OH) per unit time than solid SMOs. If solid SMOs generate $1 \times 10^{-6}\,\mathrm{mol/L}$ of $^\bullet$OH in $1$ minute, how many moles per liter of $^\bullet$OH do hollow SMOs generate in $30$ seconds?
</question>

<question>
An experiment investigates the degradation of sulfamethoxazole using SMOs. It is observed that the initial rate of degradation is $0.05\,\mathrm{mg/L/min}$ when using SMOs synthesized via a hard-template method with an average particle size of $50\,\mathrm{nm}$. When SMOs synthesized via a template-free method with an average particle size of $100\,\mathrm{nm}$ are used, the degradation rate is only $60\%$ of the rate observed with the hard-template SMOs. What is the degradation rate in $\mathrm{mg/L/min}$ when using template-free SMOs?
</question>

<question>
A novel SMO photocatalyst is being tested for its ability to degrade a mixture of antibiotics. The catalyst degrades tetracycline, quinolones, and sulfonamides. After $5$ hours of exposure, the total concentration of antibiotics reduces from $15\,\mathrm{mg/L}$ to $3\,\mathrm{mg/L}$. Assuming the degradation follows pseudo-first-order kinetics for the total antibiotic concentration, determine the half-life ($t_{1/2}$) of the total antibiotic concentration in hours.
</question>
=== Turn 0: Critic feedback ===
Here's a critique of the provided biology questions, evaluated against your guidelines:

---

### Question 1 Critique

<question>
A research team is investigating the degradation of tetracycline in wastewater using spherical metal oxides (SMOs) as photocatalysts. They introduce $10\,\mathrm{mg}$ of tetracycline into $1\,\mathrm{L}$ of water. The SMOs generate reactive oxygen species (ROS) under UV irradiation. After $2$ hours, the concentration of tetracycline decreases to $2.5\,\mathrm{mg/L}$. Assuming the degradation follows first-order kinetics, calculate the rate constant ($k$) for the degradation of tetracycline in $\mathrm{h^{-1}}$.
</question>

**Critique:** This is a strong question.

*   **Guideline 1 (Model a biology Scenario):** Excellent. The scenario of antibiotic degradation in wastewater using photocatalysts (SMOs, ROS) is highly relevant to environmental biotechnology and chemistry.
*   **Guideline 2 (Expect answers of single word answer, numerical answer):** Yes, a numerical value for the rate constant $k$.
*   **Guideline 3 (Force Multi-Step Reasoning):** Yes. It requires identifying the initial and final concentrations, applying the integrated first-order rate law ($C_t = C_0 e^{-kt}$ or $\ln(C_t) - \ln(C_0) = -kt$), and then solving for $k$. This involves algebraic manipulation and the application of a core kinetic principle.
*   **Guideline 4 (Avoid How based questions):** Yes, it's a direct calculation.
*   **Guideline 5 (Be Unique):** While first-order kinetics is a standard concept, the specific application to tetracycline degradation by SMOs in wastewater makes the scenario unique enough compared to typical textbook problems.
*   **Guideline 6 (Single Solution):** Yes, there is only one correct numerical answer.
*   **Guideline 7 (Use rigorous, concise phrasing):** Yes, the phrasing is clear, professional, and unambiguous.
*   **Guideline 9 (Units must be consistent):** Yes, units are consistent and the requested unit ($\mathrm{h^{-1}}$) is appropriate.
*   **Guideline 10 (Questions must not be multipart):** Yes, it asks for a single quantity.

**Actionable Feedback:** No significant improvements needed. This question effectively assesses quantitative application of first-order kinetics in a biological/environmental context.

---

### Question 2 Critique

<question>
A water purification plant is testing a new SMO-based filter to remove quinolones. Initially, the influent water contains $500\,\mathrm{\mu g/L}$ of ciprofloxacin. After passing through the SMO filter, the concentration is reduced to $5\,\mathrm{\mu g/L}$. If the water flow rate is $1000\,\mathrm{L/h}$, calculate the mass of ciprofloxacin removed by the filter in $12$ hours, expressed in grams.
</question>

**Critique:** This is an excellent question.

*   **Guideline 1 (Model a biology Scenario):** Excellent. The scenario of a water purification plant using an SMO filter to remove antibiotics (quinolones, ciprofloxacin) is highly realistic and relevant to environmental engineering and biotechnology.
*   **Guideline 2 (Expect answers of single word answer, numerical answer):** Yes, a numerical value for the mass removed.
*   **Guideline 3 (Force Multi-Step Reasoning):** Yes. The solution requires several steps:
    1.  Calculate the concentration difference ($\mathrm{\mu g/L}$) after filtration.
    2.  Calculate the total volume of water processed over $12$ hours.
    3.  Multiply the concentration difference by the total volume to find the total mass removed in micrograms.
    4.  Convert the total mass from micrograms to grams.
    This involves applying concentration, flow rate, and unit conversion principles.
*   **Guideline 4 (Avoid How based questions):** Yes, it's a direct calculation.
*   **Guideline 5 (Be Unique):** The specific parameters and context (SMO filter, quinolones, specific flow rate) make this a novel application of mass balance principles.
*   **Guideline 6 (Single Solution):** Yes, there is only one correct numerical answer.
*   **Guideline 7 (Use rigorous, concise phrasing):** Yes, the phrasing is clear, professional, and unambiguous.
*   **Guideline 9 (Units must be consistent):** Yes, units are consistent and the requested unit ($\mathrm{g}$) is appropriate.
*   **Guideline 10 (Questions must not be multipart):** Yes, it asks for a single quantity.

**Actionable Feedback:** No improvements needed. This question brilliantly assesses quantitative reasoning and unit manipulation in a practical biological/environmental context.

---

### Question 3 Critique

<question>
Researchers are comparing the effectiveness of hollow vs. solid SMOs in degrading sulfonamides. They find that hollow SMOs, due to enhanced light utilization, produce $2.5$ times more hydroxyl radicals ($^\bullet$OH) per unit time than solid SMOs. If solid SMOs generate $1 \times 10^{-6}\,\mathrm{mol/L}$ of $^\bullet$OH in $1$ minute, how many moles per liter of $^\bullet$OH do hollow SMOs generate in $30$ seconds?
</question>

**Critique:** This is a strong question.

*   **Guideline 1 (Model a biology Scenario):** Excellent. Comparing the effectiveness of different catalyst structures (hollow vs. solid SMOs) and their mechanism of action (generating hydroxyl radicals, $^\bullet$OH) for pollutant degradation (sulfonamides) is highly relevant to material science, environmental chemistry, and toxicology.
*   **Guideline 2 (Expect answers of single word answer, numerical answer):** Yes, a numerical value for the concentration of $^\bullet$OH.
*   **Guideline 3 (Force Multi-Step Reasoning):** Yes. The solution requires:
    1.  Converting the time for solid SMOs from $1\,\mathrm{min}$ to $30\,\mathrm{s}$ to find the $^\bullet$OH generated in $30\,\mathrm{s}$.
    2.  Applying the factor of $2.5$ for hollow SMOs.
    This involves unit conversion and direct proportional scaling.
*   **Guideline 4 (Avoid How based questions):** Yes, it's a direct calculation.
*   **Guideline 5 (Be Unique):** The scenario involving hollow vs. solid SMOs and the explicit mention of hydroxyl radicals makes this question quite specific and novel.
*   **Guideline 6 (Single Solution):** Yes, there is only one correct numerical answer.
*   **Guideline 7 (Use rigorous, concise phrasing):** Yes, the phrasing is clear, professional, and unambiguous. The use of $^\bullet$OH is appropriate.
*   **Guideline 9 (Units must be consistent):** Yes, units are consistent and the requested unit ($\mathrm{mol/L}$) is appropriate.
*   **Guideline 10 (Questions must not be multipart):** Yes, it asks for a single quantity.

**Actionable Feedback:** No improvements needed. This question effectively combines conceptual understanding of catalytic efficiency with quantitative reasoning and unit handling.

---

### Question 4 Critique

<question>
An experiment investigates the degradation of sulfamethoxazole using SMOs. It is observed that the initial rate of degradation is $0.05\,\mathrm{mg/L/min}$ when using SMOs synthesized via a hard-template method with an average particle size of $50\,\mathrm{nm}$. When SMOs synthesized via a template-free method with an average particle size of $100\,\mathrm{nm}$ are used, the degradation rate is only $60\%$ of the rate observed with the hard-template SMOs. What is the degradation rate in $\mathrm{mg/L/min}$ when using template-free SMOs?
</question>

**Critique:** While the scenario is rich, the question falls short on multi-step reasoning.

*   **Guideline 1 (Model a biology Scenario):** Excellent. Comparing degradation rates using different synthesis methods and particle sizes for SMOs in antibiotic degradation (sulfamethoxazole) is highly relevant to materials science and environmental chemistry/engineering.
*   **Guideline 2 (Expect answers of single word answer, numerical answer):** Yes, a numerical value for the degradation rate.
*   **Guideline 3 (Force Multi-Step Reasoning):** **Weakness.** The calculation simply requires multiplying $0.05\,\mathrm{mg/L/min}$ by $0.60$. This is a single arithmetic step. The rich contextual information about particle sizes ($50\,\mathrm{nm}$ vs. $100\,\mathrm{nm}$) and synthesis methods (hard-template vs. template-free) does not directly factor into the calculation, making them contextual noise rather than integrated elements of the problem's solution steps. Forcing "two or more biological principles or steps" implies more than just a single arithmetic operation, even if the context is biological.
*   **Guideline 4 (Avoid How based questions):** Yes, it's a direct calculation.
*   **Guideline 5 (Be Unique):** Yes, the scenario itself is unique due to the specific details of SMO synthesis and particle size.
*   **Guideline 6 (Single Solution):** Yes, there is only one correct numerical answer.
*   **Guideline 7 (Use rigorous, concise phrasing):** Yes, the phrasing is clear, professional, and unambiguous.
*   **Guideline 9 (Units must be consistent):** Yes, units are consistent and the requested unit ($\mathrm{mg/L/min}$) is appropriate.
*   **Guideline 10 (Questions must not be multipart):** Yes, it asks for a single quantity.

**Actionable Feedback:** To improve, revise the question to integrate the additional contextual information (particle size, synthesis method) into the calculation, requiring more than one mathematical step related to those details.
*   **Example Improvement:** "If the degradation rate is directly proportional to the surface area of the SMOs, and a $50\,\mathrm{nm}$ particle has $X$ surface area, while a $100\,\mathrm{nm}$ particle has $Y$ surface area (assuming same mass concentration), what would be the expected degradation rate, considering the observed $60\%$ efficiency due to other factors?" (This would require providing the surface area relationship or allowing students to infer it, making it more complex).
*   **Simpler Multi-step Improvement:** "If the hard-template SMOs degrade $0.05\,\mathrm{mg/L}$ in $1$ minute, how much sulfamethoxazole in total would be degraded in $30$ minutes using the template-free SMOs?" This would involve calculating the rate for template-free, then multiplying by time to get total degradation.

---

### Question 5 Critique

<question>
A novel SMO photocatalyst is being tested for its ability to degrade a mixture of antibiotics. The catalyst degrades tetracycline, quinolones, and sulfonamides. After $5$ hours of exposure, the total concentration of antibiotics reduces from $15\,\mathrm{mg/L}$ to $3\,\mathrm{mg/L}$. Assuming the degradation follows pseudo-first-order kinetics for the total antibiotic concentration, determine the half-life ($t_{1/2}$) of the total antibiotic concentration in hours.
</question>

**Critique:** This is an excellent question.

*   **Guideline 1 (Model a biology Scenario):** Excellent. Degradation of a mixture of antibiotics by a photocatalyst, assuming pseudo-first-order kinetics, is a realistic simplification used in environmental studies.
*   **Guideline 2 (Expect answers of single word answer, numerical answer):** Yes, a numerical value for the half-life $t_{1/2}$.
*   **Guideline 3 (Force Multi-Step Reasoning):** Yes. The solution requires two distinct steps:
    1.  First, calculate the rate constant ($k$) using the pseudo-first-order integrated rate law ($C_t = C_0 e^{-kt}$ or $\ln(C_t) - \ln(C_0) = -kt$).
    2.  Second, calculate the half-life ($t_{1/2}$) using the relationship $t_{1/2} = \ln(2)/k$.
    This directly applies two interconnected kinetic principles.
*   **Guideline 4 (Avoid How based questions):** Yes, it's a direct calculation.
*   **Guideline 5 (Be Unique):** The application of pseudo-first-order kinetics to a *mixture* of antibiotics makes this a novel and practical problem, going beyond typical single-component kinetic problems.
*   **Guideline 6 (Single Solution):** Yes, there is only one correct numerical answer.
*   **Guideline 7 (Use rigorous, concise phrasing):** Yes, the phrasing is clear, professional, and unambiguous. The term "pseudo-first-order kinetics" is appropriately used.
*   **Guideline 9 (Units must be consistent):** Yes, units are consistent and the requested unit ($\mathrm{h}$) is appropriate.
*   **Guideline 10 (Questions must not be multipart):** Yes, it asks for a single quantity.

**Actionable Feedback:** No improvements needed. This question effectively combines core kinetic concepts in a relevant and slightly more complex (due to the mixture aspect) biological/environmental context.
=== Turn 1: Author refines questions ===
Here's the refined set of questions, incorporating the feedback provided, specifically addressing the multi-step reasoning weakness in Question 4.

<question>
A research team is investigating the degradation of tetracycline in wastewater using spherical metal oxides (SMOs) as photocatalysts. They introduce $10\,\mathrm{mg}$ of tetracycline into $1\,\mathrm{L}$ of water. The SMOs generate reactive oxygen species (ROS) under UV irradiation. After $2$ hours, the concentration of tetracycline decreases to $2.5\,\mathrm{mg/L}$. Assuming the degradation follows first-order kinetics, calculate the rate constant ($k$) for the degradation of tetracycline in $\mathrm{h^{-1}}$.
</question>

<question>
A water purification plant is testing a new SMO-based filter to remove quinolones. Initially, the influent water contains $500\,\mathrm{\mu g/L}$ of ciprofloxacin. After passing through the SMO filter, the concentration is reduced to $5\,\mathrm{\mu g/L}$. If the water flow rate is $1000\,\mathrm{L/h}$, calculate the mass of ciprofloxacin removed by the filter in $12$ hours, expressed in grams.
</question>

<question>
Researchers are comparing the effectiveness of hollow vs. solid SMOs in degrading sulfonamides. They find that hollow SMOs, due to enhanced light utilization, produce $2.5$ times more hydroxyl radicals ($^\bullet$OH) per unit time than solid SMOs. If solid SMOs generate $1 \times 10^{-6}\,\mathrm{mol/L}$ of $^\bullet$OH in $1$ minute, how many moles per liter of $^\bullet$OH do hollow SMOs generate in $30$ seconds?
</question>

<question>
An experiment investigates the degradation of sulfamethoxazole using SMOs. It is observed that the initial rate of degradation is $0.05\,\mathrm{mg/L/min}$ when using SMOs synthesized via a hard-template method with an average particle size of $50\,\mathrm{nm}$. When SMOs synthesized via a template-free method with an average particle size of $100\,\mathrm{nm}$ are used, the degradation rate is only $60\%$ of the rate observed with the hard-template SMOs.  If the hard-template SMOs (50 nm) degrade 0.05 mg/L of sulfamethoxazole in 1 minute, how much total sulfamethoxazole (in mg) will be degraded in 30 minutes by *both* the hard-template and template-free SMOs *combined* if both are used simultaneously in the same 1 L solution?
</question>

<question>
A novel SMO photocatalyst is being tested for its ability to degrade a mixture of antibiotics. The catalyst degrades tetracycline, quinolones, and sulfonamides. After $5$ hours of exposure, the total concentration of antibiotics reduces from $15\,\mathrm{mg/L}$ to $3\,\mathrm{mg/L}$. Assuming the degradation follows pseudo-first-order kinetics for the total antibiotic concentration, determine the half-life ($t_{1/2}$) of the total antibiotic concentration in hours.
</question>
=== Turn 1: Critic feedback ===
Here's a critique of each question against your guidelines, with actionable feedback for improvement:

**General Strengths Across Questions:**
*   **Numerical/Single Answer:** All questions correctly expect a single numerical answer.
*   **Avoid How-based:** None of the questions are simple definition or explanation questions.
*   **Single Solution:** Each question yields a unique, correct answer.
*   **Rigorous, Concise Phrasing (mostly):** The language is generally professional and clear.
*   **Units & Symbols:** Units are consistent, and math formatting uses LaTeX correctly.
*   **Not Multipart:** Each question asks for a single target quantity.
*   **Multi-Step Reasoning:** All questions successfully incorporate multiple calculation steps.

**Overarching Weakness Across Questions (Primary Concern):**
The most significant weakness across all questions is the adherence to "Model a biology Scenario" and "Force Multi-Step Reasoning" in terms of *biological principles*. While these scenarios involve "degradation" and "pollutants," the core concepts being tested are **chemical kinetics, mass balance, and stoichiometry**, not inherently biological principles. "SMOs" (Spherical Metal Oxides) are photocatalysts, which falls squarely in materials science, chemistry, or environmental engineering, not typical biology. To truly be "biology assessment expert" level, the questions need to embed core biological concepts (e.g., enzyme kinetics, microbial growth, population dynamics, metabolic rates, bioaccumulation, cellular processes, ecological impacts) that drive the calculations.

---

**Question 1 Critique:**
<question>
A research team is investigating the degradation of tetracycline in wastewater using spherical metal oxides (SMOs) as photocatalysts. They introduce $10\,\mathrm{mg}$ of tetracycline into $1\,\mathrm{L}$ of water. The SMOs generate reactive oxygen species (ROS) under UV irradiation. After $2$ hours, the concentration of tetracycline decreases to $2.5\,\mathrm{mg/L}$. Assuming the degradation follows first-order kinetics, calculate the rate constant ($k$) for the degradation of tetracycline in $\mathrm{h^{-1}}$.
</question>

*   **Critique:**
    *   **Guideline 1 (Biology Scenario):** Weak. This is a classic chemical kinetics problem. While tetracycline is an antibiotic and ROS can interact with biological systems, the mechanism here (photocatalysis by SMOs) is purely chemical/physical, not biological. There's no biological agent (e.g., enzyme, microorganism) involved in the degradation process.
    *   **Guideline 3 (Multi-Step Reasoning - Biological Principles):** The steps are purely mathematical application of a chemical kinetics formula ($k = \ln(C_0/C_t) / t$). No distinct biological principles are applied.
*   **Actionable Feedback:**
    *   **To infuse biology:** Reframe the scenario to involve a biological process. For example: "A microbial consortium in an anaerobic digester degrades tetracycline. Assuming the degradation by the microbial enzymes follows first-order kinetics..." This would make the 'degradation' an actual biological process.

---

**Question 2 Critique:**
<question>
A water purification plant is testing a new SMO-based filter to remove quinolones. Initially, the influent water contains $500\,\mathrm{\mu g/L}$ of ciprofloxacin. After passing through the SMO filter, the concentration is reduced to $5\,\mathrm{\mu g/L}$. If the water flow rate is $1000\,\mathrm{L/h}$, calculate the mass of ciprofloxacin removed by the filter in $12$ hours, expressed in grams.
</question>

*   **Critique:**
    *   **Guideline 1 (Biology Scenario):** Weak. This is a mass balance problem in an engineered system. The "SMO filter" is a chemical/physical device, not a biological one.
    *   **Guideline 3 (Multi-Step Reasoning - Biological Principles):** The steps involve calculating concentration difference, total volume, total mass, and unit conversion. These are fundamental quantitative skills but lack biological context.
*   **Actionable Feedback:**
    *   **To infuse biology:** Change the filter to a "biofilter" or "bioreactor containing an antibiotic-degrading microbial culture." This would make the removal mechanism biological. Example: "A biological filter, utilizing specialized microorganisms, removes quinolones from water..."

---

**Question 3 Critique:**
<question>
Researchers are comparing the effectiveness of hollow vs. solid SMOs in degrading sulfonamides. They find that hollow SMOs, due to enhanced light utilization, produce $2.5$ times more hydroxyl radicals ($^\bullet$OH) per unit time than solid SMOs. If solid SMOs generate $1 \times 10^{-6}\,\mathrm{mol/L}$ of $^\bullet$OH in $1$ minute, how many moles per liter of $^\bullet$OH do hollow SMOs generate in $30$ seconds?
</question>

*   **Critique:**
    *   **Guideline 1 (Biology Scenario):** Weak. This is a rate and proportion calculation. While hydroxyl radicals are biologically relevant (e.g., oxidative stress, detoxification), their *generation* here is by a chemical photocatalyst, not a biological system (e.g., an enzyme, a metabolic pathway).
    *   **Guideline 3 (Multi-Step Reasoning - Biological Principles):** The steps are calculating rates, applying a ratio, and converting time units. These are quantitative skills, but not tied to biological principles.
*   **Actionable Feedback:**
    *   **To infuse biology:** Introduce a biological agent. For instance, "Researchers are comparing two variants of an engineered enzyme, immobilized in hollow vs. solid bio-nanoparticles, for their ability to produce hydroxyl radicals (relevant for cellular detoxification)." Or frame it in terms of cellular response to stress related to ROS generation.

---

**Question 4 Critique:**
<question>
An experiment investigates the degradation of sulfamethoxazole using SMOs. It is observed that the initial rate of degradation is $0.05\,\mathrm{mg/L/min}$ when using SMOs synthesized via a hard-template method with an average particle size of $50\,\mathrm{nm}$. When SMOs synthesized via a template-free method with an average particle size of $100\,\mathrm{nm}$ are used, the degradation rate is only $60\%$ of the rate observed with the hard-template SMOs.  If the hard-template SMOs (50 nm) degrade 0.05 mg/L of sulfamethoxazole in 1 minute, how much total sulfamethoxazole (in mg) will be degraded in 30 minutes by *both* the hard-template and template-free SMOs *combined* if both are used simultaneously in the same 1 L solution?
</question>

*   **Critique:**
    *   **Guideline 1 (Biology Scenario):** Weak. Same issue as above, SMOs are chemical catalysts.
    *   **Guideline 3 (Multi-Step Reasoning):** Excellent multi-step calculation involving relative rates, summing rates, and then calculating total degradation. This fully meets the *mathematical* multi-step requirement.
    *   **Guideline 7 (Rigorous, concise phrasing):** There is a redundant sentence. The phrase "If the hard-template SMOs (50 nm) degrade 0.05 mg/L of sulfamethoxazole in 1 minute" merely restates the initial rate that was already given ($0.05\,\mathrm{mg/L/min}$). This makes the question slightly verbose.
*   **Actionable Feedback:**
    *   **Remove redundancy:** Delete the sentence: "If the hard-template SMOs (50 nm) degrade 0.05 mg/L of sulfamethoxazole in 1 minute," as it adds no new information.
    *   **To infuse biology:** Reframe the "hard-template" and "template-free" SMOs as two distinct biological agents, such as two different bacterial strains or two different types of enzyme preparations. Example: "Two bacterial strains, Strain A and Strain B, degrade sulfamethoxazole. Strain A degrades it at an initial rate of $0.05\,\mathrm{mg/L/min}$. Strain B degrades it at $60\%$ of Strain A's rate. How much total sulfamethoxazole (in mg) will be degraded in $30$ minutes by *both* strains *combined* if both are present simultaneously in a $1\,\mathrm{L}$ bioreactor?"

---

**Question 5 Critique:**
<question>
A novel SMO photocatalyst is being tested for its ability to degrade a mixture of antibiotics. The catalyst degrades tetracycline, quinolones, and sulfonamides. After $5$ hours of exposure, the total concentration of antibiotics reduces from $15\,\mathrm{mg/L}$ to $3\,\mathrm{mg/L}$. Assuming the degradation follows pseudo-first-order kinetics for the total antibiotic concentration, determine the half-life ($t_{1/2}$) of the total antibiotic concentration in hours.
</question>

*   **Critique:**
    *   **Guideline 1 (Biology Scenario):** Weak. "SMO photocatalyst" is chemical. "Pseudo-first-order kinetics" is a chemical kinetics concept, though it can describe biological processes under certain conditions (e.g., enzyme saturation, constant enzyme concentration).
    *   **Guideline 3 (Multi-Step Reasoning - Biological Principles):** This is a two-step kinetics problem (calculate $k$, then $t_{1/2}$). The steps are mathematical applications of chemical kinetics formulas.
*   **Actionable Feedback:**
    *   **To infuse biology:** Change the catalyst to a biological one. Example: "A newly discovered microbial consortium (a group of microorganisms working together) is being tested for its ability to degrade a mixture of antibiotics. Assuming the degradation by the consortium follows pseudo-first-order kinetics for the total antibiotic concentration (due to excess microbial biomass/enzymes)..." This grounds the "pseudo-first-order" assumption in a biological context.
=== Turn 2: Author refines questions ===
Here's the refined set of questions, incorporating the feedback. The key changes replace the purely chemical/physical SMO photocatalysts with biological agents (microorganisms or enzymes), and adjust the context to reinforce the biological nature of the processes. Redundancy in Question 4 has also been removed.

<question>
A microbial consortium in an anaerobic digester is investigated for its ability to degrade tetracycline in wastewater. Initially, the concentration of tetracycline is $10\,\mathrm{mg/L}$. The microbial enzymes degrade the tetracycline. After $2$ hours, the concentration decreases to $2.5\,\mathrm{mg/L}$. Assuming the degradation by the microbial enzymes follows first-order kinetics, calculate the rate constant ($k$) for the degradation of tetracycline in $\mathrm{h^{-1}}$.
</question>

<question>
A biological filter, utilizing specialized microorganisms, removes quinolones from water. Initially, the influent water contains $500\,\mathrm{\mu g/L}$ of ciprofloxacin. After passing through the biofilter, the concentration is reduced to $5\,\mathrm{\mu g/L}$. If the water flow rate is $1000\,\mathrm{L/h}$, calculate the mass of ciprofloxacin removed by the biofilter in $12$ hours, expressed in grams.
</question>

<question>
Researchers are comparing two variants of an engineered enzyme, immobilized in hollow vs. solid bio-nanoparticles, for their ability to produce hydroxyl radicals ($^\bullet$OH) (relevant for cellular detoxification within a bioreactor). The hollow bio-nanoparticles, due to enhanced enzyme loading, produce $2.5$ times more $^\bullet$OH per unit time than the solid bio-nanoparticles. If the solid bio-nanoparticles generate $1 \times 10^{-6}\,\mathrm{mol/L}$ of $^\bullet$OH in $1$ minute, how many moles per liter of $^\bullet$OH do the hollow bio-nanoparticles generate in $30$ seconds?
</question>

<question>
Two bacterial strains, Strain A and Strain B, degrade sulfamethoxazole. Strain A degrades it at an initial rate of $0.05\,\mathrm{mg/L/min}$. Strain B degrades it at $60\%$ of Strain A's rate. How much total sulfamethoxazole (in mg) will be degraded in $30$ minutes by *both* strains *combined* if both are present simultaneously in the same $1\,\mathrm{L}$ bioreactor?
</question>

<question>
A newly discovered microbial consortium is being tested for its ability to degrade a mixture of antibiotics in a wastewater treatment plant. The consortium degrades tetracycline, quinolones, and sulfonamides. After $5$ hours, the total concentration of antibiotics reduces from $15\,\mathrm{mg/L}$ to $3\,\mathrm{mg/L}$. Assuming the degradation by the consortium follows pseudo-first-order kinetics for the total antibiotic concentration (due to excess microbial biomass/enzymes), determine the half-life ($t_{1/2}$) of the total antibiotic concentration in hours.
</question>
=== Final questions generated ===
