=== Turn 0: Author generates questions ===
Here are some novel, undergraduate-level biology questions based on the provided topics, concepts, and guidelines:

<question>
A research team is investigating the photocatalytic degradation of imidacloprid, a neonicotinoid pesticide, using TiO2 nanoparticles. They treat a $500\,\mathrm{mL}$ aqueous solution containing $10\,\mathrm{ppm}$ of imidacloprid with $100\,\mathrm{mg}$ of TiO2 nanoparticles. After 4 hours of irradiation with UV light, they measure the imidacloprid concentration to be $2\,\mathrm{ppm}$. Assuming the degradation follows first-order kinetics, calculate the rate constant ($k$) for the photocatalytic degradation of imidacloprid in $\mathrm{h^{-1}}$.
</question>

<question>
A farmer is using ZnO nanoparticles to deliver a micronutrient fertilizer to a wheat crop.  The farmer applies a foliar spray containing $50\,\mathrm{ppm}$ of Zn in the form of ZnO nanoparticles.  The molecular weight of Zn is $65.38\,\mathrm{g/mol}$, and the molecular weight of O is $16.00\,\mathrm{g/mol}$. Assuming complete dissolution of ZnO within the leaf tissue and 100% uptake of the released Zn, calculate the concentration of Zn in the leaf tissue in $\mathrm{mol/L}$, given that the density of the leaf tissue is $1.1\,\mathrm{g/mL}$ and the tissue absorbs $10\%$ of the applied spray solution.
</question>

<question>
Researchers are assessing the potential toxicity of CuO nanoparticles using an organ-on-a-chip model of the human liver. They expose the liver cells to CuO nanoparticles at a concentration of $25\,\mathrm{\mu g/mL}$ for 24 hours. After the exposure period, they measure the lactate dehydrogenase (LDH) activity in the culture medium as an indicator of cell membrane damage. The LDH activity in the control group (no nanoparticles) is $100\,\mathrm{U/L}$, while the LDH activity in the nanoparticle-treated group is $350\,\mathrm{U/L}$. Calculate the percentage increase in LDH activity due to CuO nanoparticle exposure.
</question>

<question>
A soil remediation project uses iron oxide nanoparticles (Fe3O4) to remove cadmium (Cd) from contaminated soil. The initial concentration of Cd in the soil is $80\,\mathrm{mg/kg}$. After treatment with Fe3O4 nanoparticles, the Cd concentration is reduced to $5\,\mathrm{mg/kg}$. Calculate the percentage removal of Cd from the soil.
</question>

<question>
A precision agriculture system utilizes nanosensors to monitor nitrate levels in the soil. Before fertilization, a sensor reading indicates a nitrate concentration of $5\,\mathrm{mg/L}$. After applying a nano-fertilizer, the sensor detects an increase to $40\,\mathrm{mg/L}$. Assuming the sensor has a measurement error of $\pm 1\,\mathrm{mg/L}$, what is the net increase in nitrate concentration in $\mathrm{mg/L}$ accounting for the maximum measurement error?
</question>
=== Turn 0: Critic feedback ===
Here's a critique of each question against your guidelines, with concise, actionable feedback for improvement.

---

### Critique of Question 1

**Question:**
<question>
A research team is investigating the photocatalytic degradation of imidacloprid, a neonicotinoid pesticide, using TiO2 nanoparticles. They treat a $500\,\mathrm{mL}$ aqueous solution containing $10\,\mathrm{ppm}$ of imidacloprid with $100\,\mathrm{mg}$ of TiO2 nanoparticles. After 4 hours of irradiation with UV light, they measure the imidacloprid concentration to be $2\,\mathrm{ppm}$. Assuming the degradation follows first-order kinetics, calculate the rate constant ($k$) for the photocatalytic degradation of imidacloprid in $\mathrm{h^{-1}}$.
</question>

**Critique:**
This is a well-structured question. It models a relevant biology/environmental science scenario (Guideline 1), asks for a numerical answer (Guideline 2), and requires multi-step reasoning involving first-order kinetics (Guideline 3). It avoids "how" questions (Guideline 4), is unique (Guideline 5), and has a single correct solution (Guideline 6). Phrasing is rigorous (Guideline 7), units are consistent (Guideline 8), and it's not multipart (Guideline 9). LaTeX formatting is correctly applied within the question.

**Actionable Feedback for Improvement:**
*   **Extraneous Information:** The volume of the solution ($500\,\mathrm{mL}$) and the mass of $\mathrm{TiO_2}$ nanoparticles ($100\,\mathrm{mg}$) are provided but are not necessary for calculating the first-order rate constant from concentration vs. time data. While distractors can be acceptable, consider if these values could be integrated into a more complex calculation (e.g., specific reaction rate per unit mass of catalyst, or if the question asked for a half-life where volume/mass might imply a system size effect), or explicitly state they are extraneous if the goal is to test identification of relevant data. As is, they are purely distractors for the requested calculation.

---

### Critique of Question 2

**Question:**
<question>
A farmer is using ZnO nanoparticles to deliver a micronutrient fertilizer to a wheat crop. The farmer applies a foliar spray containing $50\,\mathrm{ppm}$ of Zn in the form of ZnO nanoparticles. The molecular weight of Zn is $65.38\,\mathrm{g/mol}$, and the molecular weight of O is $16.00\,\mathrm{g/mol}$. Assuming complete dissolution of ZnO within the leaf tissue and 100% uptake of the released Zn, calculate the concentration of Zn in the leaf tissue in $\mathrm{mol/L}$, given that the density of the leaf tissue is $1.1\,\mathrm{g/mL}$ and the tissue absorbs $10\%$ of the applied spray solution.
</question>

**Critique:**
This question is conceptually rich and highly novel, aligning well with Guidelines 1, 4, 5, 7, 8, 9, and correct LaTeX (Guideline 10). It requires multi-step reasoning (Guideline 3) involving unit conversions and density considerations. However, there are significant ambiguities that might violate Guideline 6 (Single Solution) due to interpretation differences.

**Actionable Feedback for Improvement:**
*   **Ambiguity in Concentration Definition:** The phrase "concentration of Zn in the leaf tissue in $\mathrm{mol/L}$" is ambiguous. It's unclear how the "volume of the leaf tissue" is related to the "absorbed $10\%$ of the spray solution". Does the absorbed solution dilute into an existing volume of tissue, or does the absorbed *mass* of solution translate into an equivalent *volume of tissue* based on tissue density? Clarify how the absorbed volume/mass of spray interacts with the leaf tissue to define the final volume for concentration calculation.
*   **Implicit Assumption:** The calculation likely relies on the assumption that the spray solution has a density of $1.0\,\mathrm{g/mL}$ (typical for dilute aqueous solutions). This assumption should be explicitly stated to ensure a single, unambiguous solution.
*   **Extraneous Information:** The molecular weight of oxygen ($\mathrm{16.00\,\mathrm{g/mol}}$) is not needed for the calculation of Zn concentration, making it a distractor. While distractors are allowed, it's unnecessary if not contributing to any part of the intended calculation.

---

### Critique of Question 3

**Question:**
<question>
Researchers are assessing the potential toxicity of CuO nanoparticles using an organ-on-a-chip model of the human liver. They expose the liver cells to CuO nanoparticles at a concentration of $25\,\mathrm{\mu g/mL}$ for 24 hours. After the exposure period, they measure the lactate dehydrogenase (LDH) activity in the culture medium as an indicator of cell membrane damage. The LDH activity in the control group (no nanoparticles) is $100\,\mathrm{U/L}$, while the LDH activity in the nanoparticle-treated group is $350\,\mathrm{U/L}$. Calculate the percentage increase in LDH activity due to CuO nanoparticle exposure.
</question>

**Critique:**
This is a good, relevant applied biology question, satisfying Guidelines 1, 2, 4, 5, 6, 7, 8, 9, and LaTeX formatting (Guideline 10). It clearly sets up a scenario for data interpretation.

**Actionable Feedback for Improvement:**
*   **Multi-Step Complexity:** While technically multi-step (subtracting and then dividing/multiplying by 100), the calculation of "percentage increase" is very basic. For an undergraduate level (Guideline 3), consider increasing the mathematical complexity slightly, perhaps by adding another conversion step, or requiring a more nuanced interpretation of the data (e.g., if multiple dose levels were given, or if the question asked for a ratio relative to a baseline in a more complex way). As is, the calculation might be considered too simple.

---

### Critique of Question 4

**Question:**
<question>
A soil remediation project uses iron oxide nanoparticles (Fe3O4) to remove cadmium (Cd) from contaminated soil. The initial concentration of Cd in the soil is $80\,\mathrm{mg/kg}$. After treatment with Fe3O4 nanoparticles, the Cd concentration is reduced to $5\,\mathrm{mg/kg}$. Calculate the percentage removal of Cd from the soil.
</question>

**Critique:**
Similar to Question 3, this is a strong applied environmental biology question. It adheres to Guidelines 1, 2, 4, 5, 6, 7, 8, 9, and LaTeX formatting (Guideline 10).

**Actionable Feedback for Improvement:**
*   **Multi-Step Complexity:** The calculation for "percentage removal" is very straightforward (change/initial * $100\%$). As with Question 3, for an undergraduate level (Guideline 3), consider if a slightly more involved calculation or data manipulation would better assess multi-step reasoning. For example, if it involved converting units or calculating a required dose of $\mathrm{Fe_3O_4}$ based on removal efficiency.

---

### Critique of Question 5

**Question:**
<question>
A precision agriculture system utilizes nanosensors to monitor nitrate levels in the soil. Before fertilization, a sensor reading indicates a nitrate concentration of $5\,\mathrm{mg/L}$. After applying a nano-fertilizer, the sensor detects an increase to $40\,\mathrm{mg/L}$. Assuming the sensor has a measurement error of $\pm 1\,\mathrm{mg/L}$, what is the net increase in nitrate concentration in $\mathrm{mg/L}$ accounting for the maximum measurement error?
</question>

**Critique:**
This question presents a relevant and unique scenario (Guidelines 1, 5). It aims for a numerical answer and multi-step reasoning (Guidelines 2, 3), avoids "how" questions (Guideline 4), uses rigorous phrasing (Guideline 7), consistent units (Guideline 8), and is not multipart (Guideline 9). LaTeX formatting is correct (Guideline 10). However, it crucially fails Guideline 6 (Single Solution) due to ambiguity.

**Actionable Feedback for Improvement:**
*   **Ambiguity in "Maximum Measurement Error":** The phrase "net increase in nitrate concentration ... accounting for the maximum measurement error" is ambiguous. It can be interpreted in several ways, leading to different single numerical answers:
    *   The minimum assured net increase (e.g., considering the lowest possible final concentration and highest possible initial concentration).
    *   The maximum possible net increase (e.g., considering the highest possible final concentration and lowest possible initial concentration).
    *   The mean net increase plus/minus the total propagated error.
    To ensure a single correct solution, **rephrase the question to specify which interpretation is intended**. For example:
    *   "What is the *minimum assured* net increase in nitrate concentration, considering the sensor's maximum measurement error?"
    *   "What is the *maximum possible* net increase in nitrate concentration, considering the sensor's maximum measurement error?"
    *   (Less likely for a single numerical answer) "What is the *range* of the net increase...?"
=== Turn 1: Author refines questions ===
Here's the revised list of questions, incorporating the feedback. The key improvements involve clarifying ambiguities, increasing complexity where appropriate, and removing unnecessary distractions.

1.  **Revised Question 1 (Imidacloprid Degradation):** Incorporating Extraneous Information

```xml
<question>
A research team is investigating the photocatalytic degradation of imidacloprid, a neonicotinoid pesticide, using TiO2 nanoparticles. They treat a $500\,\mathrm{mL}$ aqueous solution containing $10\,\mathrm{ppm}$ of imidacloprid with $100\,\mathrm{mg}$ of TiO2 nanoparticles. After 4 hours of irradiation with UV light, they measure the imidacloprid concentration to be $2\,\mathrm{ppm}$. Assuming the degradation follows first-order kinetics, calculate the *specific* rate constant ($k'$) for the photocatalytic degradation of imidacloprid in $\mathrm{L \cdot mg^{-1} \cdot h^{-1}}$, normalized by the mass of $\mathrm{TiO_2}$ used.  Report your answer to two significant figures.
</question>
```

*   **Rationale for Change:** The $100\,\mathrm{mg}$ of $\mathrm{TiO_2}$ is now directly used.  The question now asks for the *specific* rate constant, normalized by the catalyst mass. This increases the complexity and uses the previously extraneous information. It also asks for a specific number of significant figures.

2.  **Revised Question 2 (ZnO Nanoparticle Fertilizer):** Clarifying Ambiguity

```xml
<question>
A farmer applies a foliar spray containing $50\,\mathrm{ppm}$ of Zn in the form of ZnO nanoparticles to a wheat crop. The molecular weight of Zn is $65.38\,\mathrm{g/mol}$. Assuming complete dissolution of ZnO within the leaf tissue and 100% uptake of the released Zn, calculate the concentration of Zn in the leaf tissue in $\mathrm{mol/L}$. Assume that the density of the spray solution is $1.0\,\mathrm{g/mL}$, the density of the leaf tissue is $1.1\,\mathrm{g/mL}$, and that the leaf tissue *absorbs 10% of the spray solution, increasing its volume accordingly*.
</question>
```

*   **Rationale for Change:** The prompt now explicitly states "absorbs 10% of the spray solution, increasing its volume accordingly." This resolves the ambiguity regarding the relationship between absorbed spray volume and leaf tissue volume.  The density of the spray solution is also stated. The molecular weight of oxygen was removed as it was not needed.

3.  **Revised Question 3 (CuO Nanoparticle Toxicity):** Increasing Complexity

```xml
<question>
Researchers are assessing the potential toxicity of CuO nanoparticles using an organ-on-a-chip model of the human liver. They expose liver cells to CuO nanoparticles at concentrations of $10\,\mathrm{\mu g/mL}$, $25\,\mathrm{\mu g/mL}$, and $50\,\mathrm{\mu g/mL}$ for 24 hours. The lactate dehydrogenase (LDH) activity in the culture medium, an indicator of cell membrane damage, is measured for each concentration. The LDH activity in the control group (no nanoparticles) is $100\,\mathrm{U/L}$. The LDH activities for the $10\,\mathrm{\mu g/mL}$, $25\,\mathrm{\mu g/mL}$, and $50\,\mathrm{\mu g/mL}$ groups are $200\,\mathrm{U/L}$, $350\,\mathrm{U/L}$, and $600\,\mathrm{U/L}$, respectively. Calculate the *fold increase* in LDH activity at the *highest concentration* of CuO nanoparticles compared to the LDH activity at the *lowest concentration* of CuO nanoparticles *above the control*.
</question>
```

*   **Rationale for Change:** The question now involves multiple concentrations, requiring selection of specific data points.  The LDH fold increase is calculated relative to the lowest non-control value. This necessitates several steps, increasing complexity.

4.  **Revised Question 4 (Fe3O4 Remediation):** Increasing Complexity

```xml
<question>
A soil remediation project uses iron oxide nanoparticles (Fe3O4) to remove cadmium (Cd) from contaminated soil. The initial concentration of Cd in the soil is $80\,\mathrm{mg/kg}$. After treatment with Fe3O4 nanoparticles at a dosage of $2\,\mathrm{g/kg}$ of soil, the Cd concentration is reduced to $5\,\mathrm{mg/kg}$. What *dosage* of $\mathrm{Fe_3O_4}$ in $\mathrm{g/kg}$ would be required to remove 95% of the initial Cd, assuming that the *removal efficiency per unit mass* of $\mathrm{Fe_3O_4}$ remains constant? Report your answer to one decimal place.
</question>
```

*   **Rationale for Change:** The question now asks for the required dosage to achieve a different removal percentage, based on the initial results.  This requires understanding the relationship between dosage and removal efficiency, and then applying it to a new target. It also specifies the number of decimal places for the answer.

5.  **Revised Question 5 (Nanosensor Nitrate):** Resolving Ambiguity

```xml
<question>
A precision agriculture system utilizes nanosensors to monitor nitrate levels in the soil. Before fertilization, a sensor reading indicates a nitrate concentration of $5\,\mathrm{mg/L}$. After applying a nano-fertilizer, the sensor detects an increase to $40\,\mathrm{mg/L}$. Assuming the sensor has a measurement error of $\pm 1\,\mathrm{mg/L}$, what is the *minimum assured* net increase in nitrate concentration in $\mathrm{mg/L}$, considering the sensor's maximum possible error?
</question>
```

*   **Rationale for Change:** The question now explicitly asks for the "minimum assured" net increase. This removes any ambiguity about how to account for the measurement error, leading to a single correct solution.
=== Turn 1: Critic feedback ===
Here's a critique of the revised questions, focusing on the provided guidelines:

---

### **1. Revised Question 1 (Imidacloprid Degradation)**

```xml
<question>
A research team is investigating the photocatalytic degradation of imidacloprid, a neonicotinoid pesticide, using $\mathrm{TiO_2}$ nanoparticles. They treat a $500\,\mathrm{mL}$ aqueous solution containing $10\,\mathrm{ppm}$ of imidacloprid with $100\,\mathrm{mg}$ of $\mathrm{TiO_2}$ nanoparticles. After $4\,\mathrm{hours}$ of irradiation with UV light, they measure the imidacloprid concentration to be $2\,\mathrm{ppm}$. Assuming the degradation follows first-order kinetics, calculate the *specific* rate constant ($k'$) for the photocatalytic degradation of imidacloprid in $\mathrm{L \cdot mg^{-1} \cdot h^{-1}}$, normalized by the mass of $\mathrm{TiO_2}$ used. Report your answer to two significant figures.
</question>
```

**Critique:**

*   **Guideline 1 (Biology Scenario):** Excellent. Clearly models a relevant environmental biology scenario.
*   **Guideline 2 (Answer Type):** Numerical.
*   **Guideline 3 (Multi-Step Reasoning):** Excellent. Requires calculating the first-order rate constant, then normalizing it by the catalyst mass, making it a clear multi-step problem.
*   **Guideline 4 (Avoid "How" questions):** Met.
*   **Guideline 5 (Unique):** Yes, the specific rate constant normalization makes it unique from standard kinetics problems.
*   **Guideline 6 (Single Solution):** Yes.
*   **Guideline 7 (Rigorous, concise phrasing):** Excellent. The phrasing is precise and professional.
*   **Guideline 9 (Units & Symbols):** Good. Units are specified for the answer. All initial quantities and units are appropriately enclosed.
*   **Guideline 10 (Not multipart):** Met.
*   **Guideline 11 (LaTeX syntax):** **Minor Improvement:** `UV light` is not a variable, so `UV` doesn't strictly need to be wrapped in `$...$`. However, `hours` (referring to the unit) should be `$\mathrm{hours}$` for consistency or simplified to `$\mathrm{h}$` if standard. Changing `4 hours` to `$4\,\mathrm{h}$` or `$4\,\mathrm{hours}$` is preferred. Currently, `4 hours` is outside the math block for the unit.

**Actionable Feedback:**
*   Ensure all numerical values and their associated units are consistently wrapped in `$...$`. For instance, change `4 hours` to `$4\,\mathrm{h}$` or `$4\,\mathrm{hours}$`.

---

### **2. Revised Question 2 (ZnO Nanoparticle Fertilizer)**

```xml
<question>
A farmer applies a foliar spray containing $50\,\mathrm{ppm}$ of $\mathrm{Zn}$ in the form of $\mathrm{ZnO}$ nanoparticles to a wheat crop. The molecular weight of $\mathrm{Zn}$ is $65.38\,\mathrm{g/mol}$. Assuming complete dissolution of $\mathrm{ZnO}$ within the leaf tissue and $100\%$ uptake of the released $\mathrm{Zn}$, calculate the concentration of $\mathrm{Zn}$ in the leaf tissue in $\mathrm{mol/L}$. Assume that the density of the spray solution is $1.0\,\mathrm{g/mL}$, the density of the leaf tissue is $1.1\,\mathrm{g/mL}$, and that the leaf tissue *absorbs $10\%$ of the spray solution, increasing its volume accordingly*.
</question>
```

**Critique:**

*   **Guideline 1 (Biology Scenario):** Excellent. Real-world application in precision agriculture.
*   **Guideline 2 (Answer Type):** Numerical.
*   **Guideline 3 (Multi-Step Reasoning):** Excellent. Requires unit conversions (ppm to mol/L), then accounting for absorption percentage, spray density, leaf tissue density, and the volume increase. This is highly multi-step.
*   **Guideline 4 (Avoid "How" questions):** Met.
*   **Guideline 5 (Unique):** Very unique, especially with the detailed absorption and volume increase mechanics.
*   **Guideline 6 (Single Solution):** Yes, the ambiguity has been resolved.
*   **Guideline 7 (Rigorous, concise phrasing):** Excellent. The phrasing is clear and precise.
*   **Guideline 9 (Units & Symbols):** Excellent. Units are specified for the answer. All quantities, units, and chemical symbols are appropriately enclosed.
*   **Guideline 10 (Not multipart):** Met.
*   **Guideline 11 (LaTeX syntax):** Excellent. All numerical values, units, percentages, and chemical formulas/elements are correctly enclosed in `$...$`.

**Actionable Feedback:**
*   No significant changes needed. This question is very well-formed.

---

### **3. Revised Question 3 (CuO Nanoparticle Toxicity)**

```xml
<question>
Researchers are assessing the potential toxicity of $\mathrm{CuO}$ nanoparticles using an organ-on-a-chip model of the human liver. They expose liver cells to $\mathrm{CuO}$ nanoparticles at concentrations of $10\,\mathrm{\mu g/mL}$, $25\,\mathrm{\mu g/mL}$, and $50\,\mathrm{\mu g/mL}$ for $24\,\mathrm{hours}$. The lactate dehydrogenase ($\mathrm{LDH}$) activity in the culture medium, an indicator of cell membrane damage, is measured for each concentration. The $\mathrm{LDH}$ activity in the control group (no nanoparticles) is $100\,\mathrm{U/L}$. The $\mathrm{LDH}$ activities for the $10\,\mathrm{\mu g/mL}$, $25\,\mathrm{\mu g/mL}$, and $50\,\mathrm{\mu g/mL}$ groups are $200\,\mathrm{U/L}$, $350\,\mathrm{U/L}$, and $600\,\mathrm{U/L}$, respectively. Calculate the *fold increase* in $\mathrm{LDH}$ activity at the *highest concentration* of $\mathrm{CuO}$ nanoparticles compared to the $\mathrm{LDH}$ activity at the *lowest concentration* of $\mathrm{CuO}$ nanoparticles *above the control*.
</question>
```

**Critique:**

*   **Guideline 1 (Biology Scenario):** Excellent. Highly relevant to toxicology and biomedical research.
*   **Guideline 2 (Answer Type):** Numerical (a dimensionless fold increase).
*   **Guideline 3 (Multi-Step Reasoning):** Excellent. Requires identifying relevant data points, subtracting the control value from each, and then calculating a ratio. This is a good test of careful data interpretation and multi-step calculation.
*   **Guideline 4 (Avoid "How" questions):** Met.
*   **Guideline 5 (Unique):** Yes, the "above the control" and specific comparison points make it unique.
*   **Guideline 6 (Single Solution):** Yes. The phrasing "above the control" makes the calculation unambiguous.
*   **Guideline 7 (Rigorous, concise phrasing):** Excellent. The instructions are clear and precise.
*   **Guideline 9 (Units & Symbols):** Excellent. All quantities, units, and chemical/biological symbols ($\mathrm{CuO}$, $\mathrm{LDH}$) are appropriately enclosed.
*   **Guideline 10 (Not multipart):** Met.
*   **Guideline 11 (LaTeX syntax):** Excellent. All numerical values, units, and chemical/biological formulas are correctly enclosed in `$...$`.

**Actionable Feedback:**
*   No significant changes needed. This question is very well-formed.

---

### **4. Revised Question 4 (Fe3O4 Remediation)**

```xml
<question>
A soil remediation project uses iron oxide nanoparticles ($\mathrm{Fe_3O_4}$) to remove cadmium ($\mathrm{Cd}$) from contaminated soil. The initial concentration of $\mathrm{Cd}$ in the soil is $80\,\mathrm{mg/kg}$. After treatment with $\mathrm{Fe_3O_4}$ nanoparticles at a dosage of $2\,\mathrm{g/kg}$ of soil, the $\mathrm{Cd}$ concentration is reduced to $5\,\mathrm{mg/kg}$. What *dosage* of $\mathrm{Fe_3O_4}$ in $\mathrm{g/kg}$ would be required to remove $95\%$ of the initial $\mathrm{Cd}$, assuming that the *removal efficiency per unit mass* of $\mathrm{Fe_3O_4}$ remains constant? Report your answer to one decimal place.
</question>
```

**Critique:**

*   **Guideline 1 (Biology Scenario):** Excellent. Relevant to environmental science and remediation.
*   **Guideline 2 (Answer Type):** Numerical.
*   **Guideline 3 (Multi-Step Reasoning):** Excellent. Requires calculating initial removal amount/percentage, determining the removal efficiency per unit mass, and then using this efficiency to calculate the dosage for a new target removal percentage.
*   **Guideline 4 (Avoid "How" questions):** Met.
*   **Guideline 5 (Unique):** Yes, the application of constant "removal efficiency per unit mass" to a new target is well-executed.
*   **Guideline 6 (Single Solution):** Yes.
*   **Guideline 7 (Rigorous, concise phrasing):** Excellent. The phrasing is clear and sets up the calculation well.
*   **Guideline 9 (Units & Symbols):** Excellent. Units are specified for the answer. All quantities, units, and chemical symbols are appropriately enclosed.
*   **Guideline 10 (Not multipart):** Met.
*   **Guideline 11 (LaTeX syntax):** Excellent. All numerical values, percentages, units, and chemical formulas/elements are correctly enclosed in `$...$`.

**Actionable Feedback:**
*   No significant changes needed. This question is very well-formed.

---

### **5. Revised Question 5 (Nanosensor Nitrate)**

```xml
<question>
A precision agriculture system utilizes nanosensors to monitor nitrate levels in the soil. Before fertilization, a sensor reading indicates a nitrate concentration of $5\,\mathrm{mg/L}$. After applying a nano-fertilizer, the sensor detects an increase to $40\,\mathrm{mg/L}$. Assuming the sensor has a measurement error of $\pm 1\,\mathrm{mg/L}$, what is the *minimum assured* net increase in nitrate concentration in $\mathrm{mg/L}$, considering the sensor's maximum possible error?
</question>
```

**Critique:**

*   **Guideline 1 (Biology Scenario):** Excellent. Relates to precision agriculture and sensor technology.
*   **Guideline 2 (Answer Type):** Numerical.
*   **Guideline 3 (Multi-Step Reasoning):** Excellent. Requires calculating the difference between the final and initial readings, and then correctly applying the error propagation for the "minimum assured" value.
*   **Guideline 4 (Avoid "How" questions):** Met.
*   **Guideline 5 (Unique):** Yes, the phrasing "minimum assured net increase" combined with measurement error is a good challenge.
*   **Guideline 6 (Single Solution):** Yes, the phrasing resolves ambiguity.
*   **Guideline 7 (Rigorous, concise phrasing):** Excellent. The phrasing "minimum assured" and "maximum possible error" is precise.
*   **Guideline 9 (Units & Symbols):** Excellent. Units are specified for the answer. All quantities and units are appropriately enclosed.
*   **Guideline 10 (Not multipart):** Met.
*   **Guideline 11 (LaTeX syntax):** Excellent. All numerical values, percentages, and units are correctly enclosed in `$...$`.

**Actionable Feedback:**
*   No significant changes needed. This question is very well-formed.

---

### **Overall Summary:**

This revised set of questions is significantly improved and largely meets all the specified guidelines. The ambiguities from previous versions have been successfully resolved, and the complexity has been increased appropriately. The use of LaTeX syntax for mathematical elements, numbers, and units is very consistent and well-applied across all questions.

The only minor suggestion was related to the LaTeX wrapping of `hours` in Question 1, which is a very minor stylistic point and doesn't hinder clarity or correctness. The questions are now robust, clear, and challenging.
=== Turn 2: Author refines questions ===
Okay, I've implemented the feedback. Here is the improved numbered list of biology questions, each wrapped in `<question>...</question>` tags, incorporating the suggested improvements. Specifically, I've adjusted the LaTeX formatting in Question 1 and left the rest as-is, as they were deemed excellent.

1.  **Improved Question 1 (Imidacloprid Degradation):**

```xml
<question>
A research team is investigating the photocatalytic degradation of imidacloprid, a neonicotinoid pesticide, using $\mathrm{TiO_2}$ nanoparticles. They treat a $500\,\mathrm{mL}$ aqueous solution containing $10\,\mathrm{ppm}$ of imidacloprid with $100\,\mathrm{mg}$ of $\mathrm{TiO_2}$ nanoparticles. After $4\,\mathrm{h}$ of irradiation with UV light, they measure the imidacloprid concentration to be $2\,\mathrm{ppm}$. Assuming the degradation follows first-order kinetics, calculate the *specific* rate constant ($k'$) for the photocatalytic degradation of imidacloprid in $\mathrm{L \cdot mg^{-1} \cdot h^{-1}}$, normalized by the mass of $\mathrm{TiO_2}$ used. Report your answer to two significant figures.
</question>
```

2.  **Improved Question 2 (ZnO Nanoparticle Fertilizer):**

```xml
<question>
A farmer applies a foliar spray containing $50\,\mathrm{ppm}$ of $\mathrm{Zn}$ in the form of $\mathrm{ZnO}$ nanoparticles to a wheat crop. The molecular weight of $\mathrm{Zn}$ is $65.38\,\mathrm{g/mol}$. Assuming complete dissolution of $\mathrm{ZnO}$ within the leaf tissue and $100\%$ uptake of the released $\mathrm{Zn}$, calculate the concentration of $\mathrm{Zn}$ in the leaf tissue in $\mathrm{mol/L}$. Assume that the density of the spray solution is $1.0\,\mathrm{g/mL}$, the density of the leaf tissue is $1.1\,\mathrm{g/mL}$, and that the leaf tissue *absorbs $10\%$ of the spray solution, increasing its volume accordingly*.
</question>
```

3.  **Improved Question 3 (CuO Nanoparticle Toxicity):**

```xml
<question>
Researchers are assessing the potential toxicity of $\mathrm{CuO}$ nanoparticles using an organ-on-a-chip model of the human liver. They expose liver cells to $\mathrm{CuO}$ nanoparticles at concentrations of $10\,\mathrm{\mu g/mL}$, $25\,\mathrm{\mu g/mL}$, and $50\,\mathrm{\mu g/mL}$ for $24\,\mathrm{hours}$. The lactate dehydrogenase ($\mathrm{LDH}$) activity in the culture medium, an indicator of cell membrane damage, is measured for each concentration. The $\mathrm{LDH}$ activity in the control group (no nanoparticles) is $100\,\mathrm{U/L}$. The $\mathrm{LDH}$ activities for the $10\,\mathrm{\mu g/mL}$, $25\,\mathrm{\mu g/mL}$, and $50\,\mathrm{\mu g/mL}$ groups are $200\,\mathrm{U/L}$, $350\,\mathrm{U/L}$, and $600\,\mathrm{U/L}$, respectively. Calculate the *fold increase* in $\mathrm{LDH}$ activity at the *highest concentration* of $\mathrm{CuO}$ nanoparticles compared to the $\mathrm{LDH}$ activity at the *lowest concentration* of $\mathrm{CuO}$ nanoparticles *above the control*.
</question>
```

4.  **Improved Question 4 (Fe3O4 Remediation):**

```xml
<question>
A soil remediation project uses iron oxide nanoparticles ($\mathrm{Fe_3O_4}$) to remove cadmium ($\mathrm{Cd}$) from contaminated soil. The initial concentration of $\mathrm{Cd}$ in the soil is $80\,\mathrm{mg/kg}$. After treatment with $\mathrm{Fe_3O_4}$ nanoparticles at a dosage of $2\,\mathrm{g/kg}$ of soil, the $\mathrm{Cd}$ concentration is reduced to $5\,\mathrm{mg/kg}$. What *dosage* of $\mathrm{Fe_3O_4}$ in $\mathrm{g/kg}$ would be required to remove $95\%$ of the initial $\mathrm{Cd}$, assuming that the *removal efficiency per unit mass* of $\mathrm{Fe_3O_4}$ remains constant? Report your answer to one decimal place.
</question>
```

5.  **Improved Question 5 (Nanosensor Nitrate):**

```xml
<question>
A precision agriculture system utilizes nanosensors to monitor nitrate levels in the soil. Before fertilization, a sensor reading indicates a nitrate concentration of $5\,\mathrm{mg/L}$. After applying a nano-fertilizer, the sensor detects an increase to $40\,\mathrm{mg/L}$. Assuming the sensor has a measurement error of $\pm 1\,\mathrm{mg/L}$, what is the *minimum assured* net increase in nitrate concentration in $\mathrm{mg/L}$, considering the sensor's maximum possible error?
</question>
```
=== Final questions generated ===
