=== Turn 0: Author generates questions ===
Here are some undergraduate-level biology questions based on the provided topics, key concepts, and guidelines:

<question>A patient undergoing a colonoscopy receives dexmedetomidine for sedation. Baseline SpO2 is 98%. After the initial dose, the Ramsay Sedation Score (RSS) is 4, and the respiratory rate decreases slightly. Over the next 15 minutes, the patient's oxygen consumption decreases from $250\,\mathrm{mL/min}$ to $200\,\mathrm{mL/min}$. Assuming a constant respiratory quotient (RQ) of 0.8, calculate the change in carbon dioxide production rate in $\mathrm{mL/min}$.</question>

<question>A researcher is comparing dexmedetomidine and fentanyl for sedation in a small clinical trial. Ten patients receive dexmedetomidine, and ten receive fentanyl. The median cough score (0-3 scale, where 0 is no cough and 3 is severe cough) upon intubation is 1. If one "cough event" requires approximately $100\,\mathrm{mJ}$ to trigger and the average cough score for dexmedetomidine results correlates to 0.3 "cough events". Calculate the energy expended in coughing across the group of dexmedetomidine receiving patients (in Joules) related to intubation.</question>

<question>During a bronchoscopy, a patient’s Ramsay Sedation Score (RSS) is targeted at 3. The initial dose of dexmedetomidine results in an RSS of 2. The target Cerebral Metabolic Rate of Oxygen consumption (CMRO2) reduction is 20%. If the patient's baseline CMRO2 is $3.5\,\mathrm{mL\,O_2/100g\,brain/min}$, what is the target CMRO2 in $\mathrm{mL\,O_2/100g\,brain/min}$?</question>

<question>A patient is being sedated with dexmedetomidine. The patient's initial minute ventilation is $7.5\,\mathrm{L/min}$ with a respiratory rate of 15 breaths per minute. Dexmedetomidine reduces the patient's tidal volume by $100\,\mathrm{mL}$ per breath. Calculate the new respiratory rate (breaths per minute) required to maintain the original minute ventilation, assuming the new tidal volume is constant.</question>

<question>Two groups of patients receive either dexmedetomidine or fentanyl. The dexmedetomidine group shows an average decrease in heart rate of 15 beats per minute (bpm). If the average stroke volume is $70\,\mathrm{mL/beat}$ and the initial cardiac output is $5.6\,\mathrm{L/min}$, calculate the percentage change in cardiac output in the dexmedetomidine group, assuming stroke volume remains constant.</question>
=== Turn 0: Critic feedback ===
Here's a critique of each question based on your guidelines, along with actionable feedback:

---

### **Question 1 Critique:**
<question>A patient undergoing a colonoscopy receives dexmedetomidine for sedation. Baseline SpO2 is 98%. After the initial dose, the Ramsay Sedation Score (RSS) is 4, and the respiratory rate decreases slightly. Over the next 15 minutes, the patient's oxygen consumption decreases from $250\,\mathrm{mL/min}$ to $200\,\mathrm{mL/min}$. Assuming a constant respiratory quotient (RQ) of 0.8, calculate the change in carbon dioxide production rate in $\mathrm{mL/min}$.</question>

*   **Critique:** This is a strong question.
    *   **Guideline 1 (Biology Scenario):** Excellent. It presents a realistic clinical scenario, incorporating relevant physiological parameters (SpO2, RSS, oxygen consumption, CO2 production) and a common medical intervention (sedation).
    *   **Guideline 3 (Multi-Step Reasoning):** Yes. It requires using the definition of RQ to calculate initial $\mathrm{CO_2}$ production, then final $\mathrm{CO_2}$ production, and finally the change between the two.
    *   **Guideline 4 (Avoid How-based):** Yes, it requires calculation, not definition.
    *   **Guideline 5 (Unique):** The specific numbers and context make it unique.
    *   **Guideline 6 (Single Solution):** Yes, a single numerical answer.
    *   **Guideline 7 (Rigorous, Concise Phrasing):** Clear and professional.
    *   **Guideline 9 (Units Consistent):** Yes, all units are consistent and appropriate.
    *   **Guideline 10 (Not Multipart):** Asks for a single quantity.
    *   **Guideline 11/12 (LaTeX Formatting):** The question uses correct LaTeX for units.
    *   The SpO2 and RSS values serve as realistic distractors or contextual information, which is appropriate for an advanced problem.

*   **Actionable Feedback:** No significant improvements needed. The question is well-formulated.

---

### **Question 2 Critique:**
<question>A researcher is comparing dexmedetomidine and fentanyl for sedation in a small clinical trial. Ten patients receive dexmedetomidine, and ten receive fentanyl. The median cough score (0-3 scale, where 0 is no cough and 3 is severe cough) upon intubation is 1. If one "cough event" requires approximately $100\,\mathrm{mJ}$ to trigger and the average cough score for dexmedetomidine results correlates to 0.3 "cough events". Calculate the energy expended in coughing across the group of dexmedetomidine receiving patients (in Joules) related to intubation.</question>

*   **Critique:** This question has potential but suffers from clarity issues regarding data usage.
    *   **Guideline 1 (Biology Scenario):** Yes, a clinical trial scenario is good.
    *   **Guideline 3 (Multi-Step Reasoning):** Yes, it requires unit conversion ($mJ \to J$), calculating total events, and then total energy.
    *   **Guideline 4 (Avoid How-based):** Yes, it requires calculation.
    *   **Guideline 5 (Unique):** The specific context is unique.
    *   **Guideline 6 (Single Solution):** Yes, a single numerical answer.
    *   **Guideline 9 (Units Consistent):** Yes, units are consistent and conversion is required.
    *   **Guideline 10 (Not Multipart):** Asks for a single quantity.
    *   **Guideline 11/12 (LaTeX Formatting):** The question uses correct LaTeX for units.
    *   **Weakness (Guideline 7 - Phrasing/Guideline 1 - Scenario Logic):** The statement "The median cough score...is 1. If...the average cough score for dexmedetomidine results correlates to 0.3 'cough events'" is confusing and potentially contradictory. If "0.3 'cough events'" is the average *per patient*, then the median cough score of 1 is extraneous or its relationship to 0.3 events is not defined. It makes the student wonder if they need to convert the score to events, but then the "0.3 events" is directly provided. This makes the scenario less realistic or conceptually sound as presented. The "fentanyl" group is a fine distractor. The value of $0.3$ cough events per patient resulting in $0.3\,\mathrm{J}$ across 10 patients is biologically very small, which might raise questions about the practical significance, but mathematically it's fine.

*   **Actionable Feedback:**
    *   **Improve Clarity:** Rephrase the sentence about cough events to be clearer. For example: "For patients receiving dexmedetomidine, the average number of cough events per patient during intubation was 0.3." This removes the confusing "median cough score" and "correlates to" ambiguity, directly stating the relevant data.
    *   **Consider Biological Plausibility (Optional):** If the intent is for a more significant energy expenditure, consider adjusting the numbers (e.g., higher energy per event or more events per patient).

---

### **Question 3 Critique:**
<question>During a bronchoscopy, a patient’s Ramsay Sedation Score (RSS) is targeted at 3. The initial dose of dexmedetomidine results in an RSS of 2. The target Cerebral Metabolic Rate of Oxygen consumption (CMRO2) reduction is 20%. If the patient's baseline CMRO2 is $3.5\,\mathrm{mL\,O_2/100g\,brain/min}$, what is the target CMRO2 in $\mathrm{mL\,O_2/100g\,brain/min}$?</question>

*   **Critique:** This is a good, straightforward calculation question within a biological context.
    *   **Guideline 1 (Biology Scenario):** Good. Bronchoscopy, RSS, CMRO2 are all relevant.
    *   **Guideline 3 (Multi-Step Reasoning):** Yes, it requires calculating the reduction amount and then subtracting it from the baseline.
    *   **Guideline 4 (Avoid How-based):** Yes, calculation.
    *   **Guideline 5 (Unique):** Specific context makes it unique.
    *   **Guideline 6 (Single Solution):** Yes.
    *   **Guideline 7 (Rigorous, Concise Phrasing):** Clear and concise.
    *   **Guideline 9 (Units Consistent):** Yes, units are consistent and appropriate.
    *   **Guideline 10 (Not Multipart):** Asks for a single quantity.
    *   **Guideline 11/12 (LaTeX Formatting):** The question uses correct LaTeX for units.
    *   The RSS information (targeted at 3, initial 2) is a distractor, which is acceptable and adds to the scenario's realism. The question directly provides the target reduction percentage, avoiding the need for students to interpret how RSS relates to CMRO2 reduction, which might be beyond the scope of a calculation problem.

*   **Actionable Feedback:** No significant improvements needed. The question is well-formulated.

---

### **Question 4 Critique:**
<question>A patient is being sedated with dexmedetomidine. The patient's initial minute ventilation is $7.5\,\mathrm{L/min}$ with a respiratory rate of 15 breaths per minute. Dexmedetomidine reduces the patient's tidal volume by $100\,\mathrm{mL}$ per breath. Calculate the new respiratory rate (breaths per minute) required to maintain the original minute ventilation, assuming the new tidal volume is constant.</question>

*   **Critique:** This is an excellent question that effectively tests understanding of respiratory mechanics.
    *   **Guideline 1 (Biology Scenario):** Excellent. Direct application of ventilation concepts in a medical context.
    *   **Guideline 3 (Multi-Step Reasoning):** Yes. It requires calculating initial tidal volume, then new tidal volume (with unit conversion), and finally the new respiratory rate using the minute ventilation formula.
    *   **Guideline 4 (Avoid How-based):** Yes, calculation.
    *   **Guideline 5 (Unique):** Unique numbers and scenario.
    *   **Guideline 6 (Single Solution):** Yes.
    *   **Guideline 7 (Rigorous, Concise Phrasing):** Very clear and concise.
    *   **Guideline 9 (Units Consistent):** Yes, requires careful unit management ($\mathrm{L/min}$ and $\mathrm{mL}$). This is a good test.
    *   **Guideline 10 (Not Multipart):** Asks for a single quantity.
    *   **Guideline 11/12 (LaTeX Formatting):** The question uses correct LaTeX for units.

*   **Actionable Feedback:** No improvements needed. This is a very well-designed question.

---

### **Question 5 Critique:**
<question>Two groups of patients receive either dexmedetomidine or fentanyl. The dexmedetomidine group shows an average decrease in heart rate of 15 beats per minute (bpm). If the average stroke volume is $70\,\mathrm{mL/beat}$ and the initial cardiac output is $5.6\,\mathrm{L/min}$, calculate the percentage change in cardiac output in the dexmedetomidine group, assuming stroke volume remains constant.</question>

*   **Critique:** This is another excellent question, testing cardiac physiology.
    *   **Guideline 1 (Biology Scenario):** Excellent. Realistic clinical trial context with relevant physiological parameters.
    *   **Guideline 3 (Multi-Step Reasoning):** Yes. It requires calculating initial heart rate from initial cardiac output and stroke volume (with unit conversion), then the new heart rate, the new cardiac output, and finally the percentage change in cardiac output. This involves four distinct calculation steps.
    *   **Guideline 4 (Avoid How-based):** Yes, calculation.
    *   **Guideline 5 (Unique):** Unique numbers and scenario.
    *   **Guideline 6 (Single Solution):** Yes.
    *   **Guideline 7 (Rigorous, Concise Phrasing):** Very clear and concise.
    *   **Guideline 9 (Units Consistent):** Yes, requires careful unit management ($\mathrm{L/min}$ and $\mathrm{mL/beat}$).
    *   **Guideline 10 (Not Multipart):** Asks for a single quantity.
    *   **Guideline 11/12 (LaTeX Formatting):** The question uses correct LaTeX for units.
    *   The mention of "fentanyl" is a good distractor in the scenario.

*   **Actionable Feedback:** No improvements needed. This is a very well-designed question.

---

**Overall Summary:**

The set of questions is very strong. They consistently meet most of your guidelines, especially in modeling biological scenarios, forcing multi-step reasoning, and adhering to numerical answer formats with consistent units. The use of LaTeX for units is also correctly applied in the questions. The only minor area for improvement is in Question 2, where the phrasing could be clearer to avoid ambiguity about the "cough score" and "cough events" data.
=== Turn 1: Author refines questions ===
Here are the refined questions based on the feedback, focusing on improved clarity in Question 2:

<question>A patient undergoing a colonoscopy receives dexmedetomidine for sedation. Baseline SpO2 is 98%. After the initial dose, the Ramsay Sedation Score (RSS) is 4, and the respiratory rate decreases slightly. Over the next 15 minutes, the patient's oxygen consumption decreases from $250\,\mathrm{mL/min}$ to $200\,\mathrm{mL/min}$. Assuming a constant respiratory quotient (RQ) of 0.8, calculate the change in carbon dioxide production rate in $\mathrm{mL/min}$.</question>

<question>A researcher is comparing dexmedetomidine and fentanyl for sedation in a small clinical trial. Ten patients receive dexmedetomidine, and ten receive fentanyl. During intubation in the dexmedetomidine group, the average number of cough events per patient was 0.3. If one "cough event" requires approximately $100\,\mathrm{mJ}$ to trigger, calculate the energy expended in coughing across the group of dexmedetomidine receiving patients (in Joules) related to intubation.</question>

<question>During a bronchoscopy, a patient’s Ramsay Sedation Score (RSS) is targeted at 3. The initial dose of dexmedetomidine results in an RSS of 2. The target Cerebral Metabolic Rate of Oxygen consumption (CMRO2) reduction is 20%. If the patient's baseline CMRO2 is $3.5\,\mathrm{mL\,O_2/100g\,brain/min}$, what is the target CMRO2 in $\mathrm{mL\,O_2/100g\,brain/min}$?</question>

<question>A patient is being sedated with dexmedetomidine. The patient's initial minute ventilation is $7.5\,\mathrm{L/min}$ with a respiratory rate of 15 breaths per minute. Dexmedetomidine reduces the patient's tidal volume by $100\,\mathrm{mL}$ per breath. Calculate the new respiratory rate (breaths per minute) required to maintain the original minute ventilation, assuming the new tidal volume is constant.</question>

<question>Two groups of patients receive either dexmedetomidine or fentanyl. The dexmedetomidine group shows an average decrease in heart rate of 15 beats per minute (bpm). If the average stroke volume is $70\,\mathrm{mL/beat}$ and the initial cardiac output is $5.6\,\mathrm{L/min}$, calculate the percentage change in cardiac output in the dexmedetomidine group, assuming stroke volume remains constant.</question>
=== Turn 1: Critic feedback ===
These questions are exceptionally well-crafted, demonstrating a strong understanding of the assessment guidelines. They effectively integrate biological concepts with quantitative reasoning in realistic scenarios.

Here's a breakdown of the critique for each question:

---

<question>A patient undergoing a colonoscopy receives dexmedetomidine for sedation. Baseline SpO2 is 98%. After the initial dose, the Ramsay Sedation Score (RSS) is 4, and the respiratory rate decreases slightly. Over the next 15 minutes, the patient's oxygen consumption decreases from $250\,\mathrm{mL/min}$ to $200\,\mathrm{mL/min}$. Assuming a constant respiratory quotient (RQ) of 0.8, calculate the change in carbon dioxide production rate in $\mathrm{mL/min}$.</question>

**Critique:**
*   **Guideline Adherence:** Excellent.
    *   **1. Model a biology Scenario:** Real-world clinical scenario.
    *   **2. Expect numerical answer:** Asks for a numerical change.
    *   **3. Force Multi-Step Reasoning:** Requires calculating initial CO2 production, final CO2 production, and then the change, utilizing the RQ formula.
    *   **4. Avoid How based questions:** Clearly a calculation problem.
    *   **5. Be Unique:** Novel scenario applying a standard physiological concept.
    *   **6. Single Solution:** Yields one correct numerical answer.
    *   **7. Rigorous, concise phrasing:** Clear and professional.
    *   **9. Units consistent & correct SI:** Units are consistent (`mL/min`) and correctly formatted with LaTeX.
    *   **10. Questions must not be multipart:** Asks for a single target quantity.
*   **Actionable Feedback:** This question is very strong. The inclusion of SpO2, RSS, and respiratory rate serves as contextual information that advanced learners should be able to filter out as non-essential for the calculation, which is a valid assessment approach. No improvements needed.

---

<question>A researcher is comparing dexmedetomidine and fentanyl for sedation in a small clinical trial. Ten patients receive dexmedetomidine, and ten receive fentanyl. During intubation in the dexmedetomidine group, the average number of cough events per patient was 0.3. If one "cough event" requires approximately $100\,\mathrm{mJ}$ to trigger, calculate the energy expended in coughing across the group of dexmedetomidine receiving patients (in Joules) related to intubation.</question>

**Critique:**
*   **Guideline Adherence:** Excellent.
    *   **1. Model a biology Scenario:** Realistic clinical trial setup.
    *   **2. Expect numerical answer:** Asks for a numerical energy value.
    *   **3. Force Multi-Step Reasoning:** Requires calculating the total number of cough events, then converting milliJoules to Joules to find the total energy.
    *   **4. Avoid How based questions:** A direct calculation.
    *   **5. Be Unique:** Unique application of energy calculation in a medical context.
    *   **6. Single Solution:** Provides a clear, unambiguous answer.
    *   **7. Rigorous, concise phrasing:** Well-phrased and professional.
    *   **9. Units consistent & correct SI:** Requires unit conversion (`mJ` to `J`), which is a good test of unit management. LaTeX formatting is correct.
    *   **10. Questions must not be multipart:** Asks for a single quantity.
*   **Actionable Feedback:** Another strong question. The average of 0.3 cough events per patient is a realistic average in a clinical trial and does not pose an issue for calculation. No improvements needed.

---

<question>During a bronchoscopy, a patient’s Ramsay Sedation Score (RSS) is targeted at 3. The initial dose of dexmedetomidine results in an RSS of 2. The target Cerebral Metabolic Rate of Oxygen consumption (CMRO2) reduction is 20%. If the patient's baseline CMRO2 is $3.5\,\mathrm{mL\,O_2/100g\,brain/min}$, what is the target CMRO2 in $\mathrm{mL\,O_2/100g\,brain/min}$?</question>

**Critique:**
*   **Guideline Adherence:** Excellent.
    *   **1. Model a biology Scenario:** Realistic medical procedure with physiological context.
    *   **2. Expect numerical answer:** Asks for a numerical CMRO2 value.
    *   **3. Force Multi-Step Reasoning:** Requires calculating the reduction amount (20% of baseline) and then subtracting it from the baseline.
    *   **4. Avoid How based questions:** A straightforward calculation.
    *   **5. Be Unique:** Novel scenario for percentage change calculation.
    *   **6. Single Solution:** Yields one correct numerical answer.
    *   **7. Rigorous, concise phrasing:** Clear and concise.
    *   **9. Units consistent & correct SI:** Units are consistent (`mL\,O_2/100g\,brain/min`) and correctly formatted with LaTeX.
    *   **10. Questions must not be multipart:** Asks for a single target quantity.
*   **Actionable Feedback:** Very well-designed. Similar to Q1, the RSS values are contextual distractors that test the student's ability to identify relevant numerical data for the calculation. No improvements needed.

---

<question>A patient is being sedated with dexmedetomidine. The patient's initial minute ventilation is $7.5\,\mathrm{L/min}$ with a respiratory rate of 15 breaths per minute. Dexmedetomidine reduces the patient's tidal volume by $100\,\mathrm{mL}$ per breath. Calculate the new respiratory rate (breaths per minute) required to maintain the original minute ventilation, assuming the new tidal volume is constant.</question>

**Critique:**
*   **Guideline Adherence:** Excellent.
    *   **1. Model a biology Scenario:** Realistic clinical scenario involving respiratory physiology.
    *   **2. Expect numerical answer:** Asks for a numerical respiratory rate.
    *   **3. Force Multi-Step Reasoning:** Requires calculating initial tidal volume, then the new tidal volume (with unit conversion `L` to `mL`), and finally the new respiratory rate to maintain minute ventilation. This is a multi-step calculation.
    *   **4. Avoid How based questions:** A direct calculation.
    *   **5. Be Unique:** Novel application of respiratory mechanics.
    *   **6. Single Solution:** Provides a clear, unambiguous answer.
    *   **7. Rigorous, concise phrasing:** Well-phrased and professional.
    *   **9. Units consistent & correct SI:** Requires careful unit conversion, which is a good element to test. LaTeX formatting is correct.
    *   **10. Questions must not be multipart:** Asks for a single quantity.
*   **Actionable Feedback:** This question is exceptionally strong, particularly for requiring unit consistency between `L/min` and `mL` within the problem, a common source of error for students. No improvements needed.

---

<question>Two groups of patients receive either dexmedetomidine or fentanyl. The dexmedetomidine group shows an average decrease in heart rate of 15 beats per minute (bpm). If the average stroke volume is $70\,\mathrm{mL/beat}$ and the initial cardiac output is $5.6\,\mathrm{L/min}$, calculate the percentage change in cardiac output in the dexmedetomidine group, assuming stroke volume remains constant.</question>

**Critique:**
*   **Guideline Adherence:** Excellent.
    *   **1. Model a biology Scenario:** Realistic clinical trial, focusing on cardiovascular physiology.
    *   **2. Expect numerical answer:** Asks for a numerical percentage change.
    *   **3. Force Multi-Step Reasoning:** Involves calculating initial heart rate, then the new heart rate, followed by the new cardiac output, and finally the percentage change in cardiac output. Requires unit conversion (`L/min` to `mL/min`).
    *   **4. Avoid How based questions:** A complex calculation problem.
    *   **5. Be Unique:** Novel application of cardiac output principles.
    *   **6. Single Solution:** Yields one correct numerical answer.
    *   **7. Rigorous, concise phrasing:** Clear and professional.
    *   **9. Units consistent & correct SI:** Requires careful unit conversion, testing attention to detail. LaTeX formatting is correct.
    *   **10. Questions must not be multipart:** Asks for a single target quantity.
*   **Actionable Feedback:** This is another excellent question. It successfully integrates multiple steps, unit conversions, and core physiological equations. No improvements needed.

---

**Overall Summary:**
All five questions are outstanding and adhere very well to all the provided guidelines. They represent a high standard for biology assessment, effectively combining real-world scenarios with multi-step quantitative reasoning and appropriate use of units and LaTeX. The questions are challenging yet fair, requiring both conceptual understanding and careful calculation.
=== Turn 2: Author refines questions ===
Given the overwhelmingly positive feedback, there's little to *improve* in these questions. The goal is to maintain their quality while perhaps slightly tweaking them to explore variations or address extremely minor points. The suggested changes focus on diversifying the contextual information or subtly shifting the calculation. Here are the revised questions:

<question>A patient undergoing an elective upper endoscopy receives dexmedetomidine for sedation. Baseline SpO2 is 97% and the end-tidal CO2 is 38 mmHg. After the initial dose, the Ramsay Sedation Score (RSS) is 3, and the respiratory rate decreases slightly. Over the next 20 minutes, the patient's oxygen consumption decreases by 18%. Assuming the initial oxygen consumption was $275\,\mathrm{mL/min}$, and a constant respiratory quotient (RQ) of 0.8, calculate the change in carbon dioxide production rate in $\mathrm{mL/min}$.</question>

<question>A researcher is comparing dexmedetomidine and propofol for sedation in a small clinical trial involving awake fiberoptic intubation. Twelve patients receive dexmedetomidine, and twelve receive propofol. In the dexmedetomidine group, a video recording analysis reveals an average of 0.4 cough events per patient during the intubation procedure. If each "cough event" expends approximately $85\,\mathrm{mJ}$ of energy, calculate the total energy expended in coughing across the dexmedetomidine group (in Joules) specifically due to intubation.</question>

<question>During a diagnostic lumbar puncture, a patient's Ramsay Sedation Score (RSS) target is 3. Following the administration of dexmedetomidine, the RSS is observed to be 2. The anticipated Cerebral Metabolic Rate of Oxygen consumption (CMRO2) reduction is 15%. If the patient's baseline CMRO2 is $3.8\,\mathrm{mL\,O_2/100g\,brain/min}$, what is the expected CMRO2 in $\mathrm{mL\,O_2/100g\,brain/min}$ after dexmedetomidine administration?</question>

<question>A patient is undergoing monitored anesthesia care (MAC) with dexmedetomidine. The patient's initial minute ventilation is $8.0\,\mathrm{L/min}$ with a respiratory rate of 16 breaths per minute. Dexmedetomidine reduces the patient's tidal volume by $125\,\mathrm{mL}$ per breath. Calculate the new respiratory rate (breaths per minute, rounded to the nearest whole number) necessary to maintain the original minute ventilation, assuming the new tidal volume remains constant.</question>

<question>Two groups of patients are administered either dexmedetomidine or remifentanil during a minor surgical procedure. The dexmedetomidine group exhibits an average decrease in heart rate of 12 beats per minute (bpm). Given an average stroke volume of $65\,\mathrm{mL/beat}$ and an initial cardiac output of $5.2\,\mathrm{L/min}$, calculate the *magnitude* of the percentage change in cardiac output in the dexmedetomidine group, assuming stroke volume remains unchanged.</question>
=== Final questions generated ===
