=== Turn 0: Author generates questions ===
Here are some undergraduate-level biology questions based on the provided topics, key concepts, and guidelines:

<question>
A patient undergoing Awake Fiberoptic Intubation (AFOI) is administered dexmedetomidine to achieve optimal sedation. Initial Ramsay Sedation Score (RSS) is 1. After 30 minutes, the attending anesthesiologist observes a reduction in heart rate by 15% and a decrease in systolic blood pressure by 10%. Simultaneously, the patient's RSS improves to 3. If the initial heart rate was 80 bpm and the drug follows first order kinetics, what is the predicted heart rate decrease in bpm after another 30 minutes, assuming the relationship between drug concentration and heart rate reduction remains linear and proportional with the Ramsay Score?
</question>

<question>
In a clinical trial assessing the effectiveness of AFOI with dexmedetomidine versus standard intubation with general anesthesia, researchers monitor oxygen saturation (SpO2) in both groups. The AFOI group exhibits an average SpO2 of 94% with a standard deviation of 2.5%. The standard intubation group shows an average SpO2 of 92% with a standard deviation of 3%. If the trial aims to detect a clinically significant difference of 3% in SpO2 with a power of 80% and a significance level (α) of 0.05, using a two-sample t-test and assuming equal variances, what is the minimum number of patients required per group? (Use Z score of 1.96 for α=0.05 and 0.84 for power=80% for sample calculation)
</question>

<question>
A researcher is investigating the effect of dexmedetomidine on airway reflex responses during AFOI. In a pilot study, 10 patients receive dexmedetomidine, and the average time to loss of airway reflexes is recorded as 8 minutes, with a standard deviation of 1.5 minutes. To conduct a larger, more definitive trial, the researcher wants to estimate the sample size required to achieve a margin of error of 0.5 minutes with 95% confidence. Based on the pilot study data, calculate the required sample size, rounding up to the nearest whole number. (Use Z score of 1.96 for 95% confidence)
</question>

<question>
During an AFOI procedure, a patient exhibits increased airway secretions. To mitigate this, glycopyrrolate, an anticholinergic agent, is administered. Glycopyrrolate reduces salivary flow rate from $0.5\,\mathrm{mL/min}$ to $0.1\,\mathrm{mL/min}$. Assuming that a complete suctioning event removes $80\%$ of the accumulated secretions and suctioning is performed every 5 minutes, calculate the volume (in mL) of secretions remaining in the patient's airway 10 minutes after glycopyrrolate administration, assuming no secretions were initially present and instantaneous drug effect?
</question>

<question>
A study examines the hemodynamic stabilizing properties of dexmedetomidine during AFOI. Baseline mean arterial pressure (MAP) is $90\,\mathrm{mmHg}$. Dexmedetomidine infusion results in a MAP reduction described by the equation $MAP(t) = 90 - 10(1 - e^{-0.1t})$, where $t$ is time in minutes. What is the MAP (in mmHg) 20 minutes after the start of the dexmedetomidine infusion?
</question>
=== Turn 0: Critic feedback ===
Here's a critique of each question against your provided guidelines, with concise, actionable feedback:

---

<question>
A patient undergoing Awake Fiberoptic Intubation (AFOI) is administered dexmedetomidine to achieve optimal sedation. Initial Ramsay Sedation Score (RSS) is 1. After 30 minutes, the attending anesthesiologist observes a reduction in heart rate by 15% and a decrease in systolic blood pressure by 10%. Simultaneously, the patient's RSS improves to 3. If the initial heart rate was 80 bpm and the drug follows first order kinetics, what is the predicted heart rate decrease in bpm after another 30 minutes, assuming the relationship between drug concentration and heart rate reduction remains linear and proportional with the Ramsay Score?
</question>

**Critique:**
*   **Guideline 1 (Biology Scenario):** Good. Presents a relevant clinical scenario requiring understanding of drug effects and physiological responses.
*   **Guideline 2 (Numerical Answer):** Good. Expects a numerical answer in bpm.
*   **Guideline 3 (Multi-Step Reasoning):** Attempts, but **fails due to ambiguity**. The application of "first order kinetics" to an *increasing* effect from a single data point is ill-defined. First-order kinetics typically describes *elimination* or the *rate of approach to steady state*. If the effect is still increasing (RSS 1 to 3), and it follows first-order kinetics, it implies an exponential *rise* towards a maximum. However, without a half-life of onset or the maximum possible effect, a single data point (15% reduction in 30 min) is insufficient to predict the subsequent change. This makes the problem unsolvable with a unique answer.
*   **Guideline 4 (Avoid "How" questions):** Good. Asks for a calculated value.
*   **Guideline 5 (Be Unique):** Good. Unique scenario.
*   **Guideline 6 (Single Solution):** **Poor**. As explained in Guideline 3, the problem setup leads to multiple possible interpretations or an unsolvable scenario.
*   **Guideline 7 (Rigorous, concise phrasing):** **Poor**. The phrasing "drug follows first order kinetics" in the context of an *increasing* effect is imprecise and ambiguous for a quantitative problem.
*   **Guideline 9 (Units & Notation):** Good. Consistent units.
*   **Guideline 10 (Not multipart):** Good. Single target quantity.

**Actionable Feedback:**
*   **Clarify Pharmacokinetics/Pharmacodynamics**: Rephrase the "first order kinetics" statement to clearly define what it applies to (e.g., drug elimination after a peak, or the rate of effect onset with respect to a known maximal effect/steady state).
*   **Provide Sufficient Data**: If modeling an exponential onset, provide a half-life for the onset of effect or a maximal possible effect to allow for a unique solution. Alternatively, describe a scenario where the effect is *decaying* under first-order kinetics (e.g., after drug discontinuation).

---

<question>
In a clinical trial assessing the effectiveness of AFOI with dexmedetomidine versus standard intubation with general anesthesia, researchers monitor oxygen saturation (SpO2) in both groups. The AFOI group exhibits an average SpO2 of 94% with a standard deviation of 2.5%. The standard intubation group shows an average SpO2 of 92% with a standard deviation of 3%. If the trial aims to detect a clinically significant difference of 3% in SpO2 with a power of 80% and a significance level (α) of 0.05, using a two-sample t-test and assuming equal variances, what is the minimum number of patients required per group? (Use Z score of 1.96 for α=0.05 and 0.84 for power=80% for sample calculation)
</question>

**Critique:**
*   **Guideline 1 (Biology Scenario):** Excellent. A realistic clinical trial design problem.
*   **Guideline 2 (Numerical Answer):** Good. Expects a numerical answer (patient count).
*   **Guideline 3 (Multi-Step Reasoning):** Excellent. Requires calculating pooled standard deviation and applying the sample size formula for a two-sample t-test, demonstrating understanding of biostatistical power analysis.
*   **Guideline 4 (Avoid "How" questions):** Good. Asks for a calculated value.
*   **Guideline 5 (Be Unique):** Good. While sample size calculation is standard, the specific context and values make it unique.
*   **Guideline 6 (Single Solution):** Excellent. Clear and direct calculation.
*   **Guideline 7 (Rigorous, concise phrasing):** Excellent. Clear and professional.
*   **Guideline 9 (Units & Notation):** Good. Consistent units, standard notation.
*   **Guideline 10 (Not multipart):** Good. Single target quantity.

**Actionable Feedback:**
*   No significant improvements needed. This is a very well-formulated question.

---

<question>
A researcher is investigating the effect of dexmedetomidine on airway reflex responses during AFOI. In a pilot study, 10 patients receive dexmedetomidine, and the average time to loss of airway reflexes is recorded as 8 minutes, with a standard deviation of 1.5 minutes. To conduct a larger, more definitive trial, the researcher wants to estimate the sample size required to achieve a margin of error of 0.5 minutes with 95% confidence. Based on the pilot study data, calculate the required sample size, rounding up to the nearest whole number. (Use Z score of 1.96 for 95% confidence)
</question>

**Critique:**
*   **Guideline 1 (Biology Scenario):** Excellent. Realistic pilot study scenario for trial planning.
*   **Guideline 2 (Numerical Answer):** Good. Expects a numerical answer (sample size).
*   **Guideline 3 (Multi-Step Reasoning):** Excellent. Requires applying the formula for sample size calculation to estimate a population mean with a specified margin of error and confidence level.
*   **Guideline 4 (Avoid "How" questions):** Good. Asks for a calculated value.
*   **Guideline 5 (Be Unique):** Good. Specific scenario.
*   **Guideline 6 (Single Solution):** Excellent. Clear and direct calculation.
*   **Guideline 7 (Rigorous, concise phrasing):** Excellent. Clear and professional.
*   **Guideline 9 (Units & Notation):** Good. Consistent units, standard notation.
*   **Guideline 10 (Not multipart):** Good. Single target quantity.

**Actionable Feedback:**
*   No significant improvements needed. This is an excellent question.

---

<question>
During an AFOI procedure, a patient exhibits increased airway secretions. To mitigate this, glycopyrrolate, an anticholinergic agent, is administered. Glycopyrrolate reduces salivary flow rate from $0.5\,\mathrm{mL/min}$ to $0.1\,\mathrm{mL/min}$. Assuming that a complete suctioning event removes $80\%$ of the accumulated secretions and suctioning is performed every 5 minutes, calculate the volume (in mL) of secretions remaining in the patient's airway 10 minutes after glycopyrrolate administration, assuming no secretions were initially present and instantaneous drug effect?
</question>

**Critique:**
*   **Guideline 1 (Biology Scenario):** Excellent. Very practical and realistic clinical management scenario.
*   **Guideline 2 (Numerical Answer):** Good. Expects a numerical answer in mL.
*   **Guideline 3 (Multi-Step Reasoning):** Excellent. Requires sequential calculations involving accumulation based on flow rate and removal based on percentage, over multiple time intervals. This tests dynamic problem-solving.
*   **Guideline 4 (Avoid "How" questions):** Good. Asks for a calculated value.
*   **Guideline 5 (Be Unique):** Excellent. A novel and conceptually rich problem.
*   **Guideline 6 (Single Solution):** Excellent. Clear and deterministic calculation.
*   **Guideline 7 (Rigorous, concise phrasing):** Excellent. Clear and professional.
*   **Guideline 9 (Units & Notation):** Excellent. Consistent units and standard notation.
*   **Guideline 10 (Not multipart):** Good. Single target quantity.

**Actionable Feedback:**
*   No significant improvements needed. This is an excellent question.

---

<question>
A study examines the hemodynamic stabilizing properties of dexmedetomidine during AFOI. Baseline mean arterial pressure (MAP) is $90\,\mathrm{mmHg}$. Dexmedetomidine infusion results in a MAP reduction described by the equation $MAP(t) = 90 - 10(1 - e^{-0.1t})$, where $t$ is time in minutes. What is the MAP (in mmHg) 20 minutes after the start of the dexmedetomidine infusion?
</question>

**Critique:**
*   **Guideline 1 (Biology Scenario):** Good. Relevant physiological response to drug administration.
*   **Guideline 2 (Numerical Answer):** Good. Expects a numerical answer in mmHg.
*   **Guideline 3 (Multi-Step Reasoning):** Good. Requires substitution into an exponential equation and calculation. While direct, it involves multiple arithmetic steps and understanding of exponential functions.
*   **Guideline 4 (Avoid "How" questions):** Good. Asks for a calculated value.
*   **Guideline 5 (Be Unique):** Good. The specific equation and scenario are unique.
*   **Guideline 6 (Single Solution):** Excellent. Direct calculation yields a single solution.
*   **Guideline 7 (Rigorous, concise phrasing):** Excellent. Clear and professional.
*   **Guideline 9 (Units & Notation):** Excellent. Consistent units and standard notation.
*   **Guideline 10 (Not multipart):** Good. Single target quantity.

**Actionable Feedback:**
*   To increase the conceptual biology component, you could consider asking for interpretation of the equation's parameters (e.g., what does the '90' or '10' represent physiologically?) or the time to reach a certain MAP, which requires solving for 't'. However, as a direct application, it is perfectly valid.
=== Turn 1: Author refines questions ===
Here are the improved questions, addressing the feedback provided:

<question>
A patient undergoing Awake Fiberoptic Intubation (AFOI) is administered dexmedetomidine to achieve optimal sedation. Initial Ramsay Sedation Score (RSS) is 1. After 30 minutes, the attending anesthesiologist observes a reduction in heart rate by 15% and a decrease in systolic blood pressure by 10%. Simultaneously, the patient's RSS improves to 3. If the initial heart rate was 80 bpm and dexmedetomidine plasma concentration decreases following first-order kinetics with a half-life of 120 minutes, what is the predicted heart rate decrease in bpm after another 30 minutes, assuming the relationship between drug concentration and heart rate reduction remains linear and proportional with the Ramsay Score and the initial measurement was taken at peak plasma concentration?
</question>

<question>
In a clinical trial assessing the effectiveness of AFOI with dexmedetomidine versus standard intubation with general anesthesia, researchers monitor oxygen saturation (SpO2) in both groups. The AFOI group exhibits an average SpO2 of 94% with a standard deviation of 2.5%. The standard intubation group shows an average SpO2 of 92% with a standard deviation of 3%. If the trial aims to detect a clinically significant difference of 3% in SpO2 with a power of 80% and a significance level (α) of 0.05, using a two-sample t-test and assuming equal variances, what is the minimum number of patients required per group? (Use Z score of 1.96 for α=0.05 and 0.84 for power=80% for sample calculation)
</question>

<question>
A researcher is investigating the effect of dexmedetomidine on airway reflex responses during AFOI. In a pilot study, 10 patients receive dexmedetomidine, and the average time to loss of airway reflexes is recorded as 8 minutes, with a standard deviation of 1.5 minutes. To conduct a larger, more definitive trial, the researcher wants to estimate the sample size required to achieve a margin of error of 0.5 minutes with 95% confidence. Based on the pilot study data, calculate the required sample size, rounding up to the nearest whole number. (Use Z score of 1.96 for 95% confidence)
</question>

<question>
During an AFOI procedure, a patient exhibits increased airway secretions. To mitigate this, glycopyrrolate, an anticholinergic agent, is administered. Glycopyrrolate reduces salivary flow rate from $0.5\,\mathrm{mL/min}$ to $0.1\,\mathrm{mL/min}$. Assuming that a complete suctioning event removes $80\%$ of the accumulated secretions and suctioning is performed every 5 minutes, calculate the volume (in mL) of secretions remaining in the patient's airway 10 minutes after glycopyrrolate administration, assuming no secretions were initially present and instantaneous drug effect?
</question>

<question>
A study examines the hemodynamic stabilizing properties of dexmedetomidine during AFOI. Baseline mean arterial pressure (MAP) is $90\,\mathrm{mmHg}$. Dexmedetomidine infusion results in a MAP reduction described by the equation $MAP(t) = 90 - 10(1 - e^{-0.1t})$, where $t$ is time in minutes.  This equation models MAP reduction reaching a stable level due to homeostatic mechanisms. What is the MAP (in mmHg) 20 minutes after the start of the dexmedetomidine infusion?
</question>
=== Turn 1: Critic feedback ===
Here's a critique of each question against your guidelines, with actionable feedback for improvement:

---

**Question 1 Critique:**

<question>
A patient undergoing Awake Fiberoptic Intubation (AFOI) is administered dexmedetomidine to achieve optimal sedation. Initial Ramsay Sedation Score (RSS) is 1. After 30 minutes, the attending anesthesiologist observes a reduction in heart rate by 15% and a decrease in systolic blood pressure by 10%. Simultaneously, the patient's RSS improves to 3. If the initial heart rate was 80 bpm and dexmedetomidine plasma concentration decreases following first-order kinetics with a half-life of 120 minutes, what is the predicted heart rate decrease in bpm after another 30 minutes, assuming the relationship between drug concentration and heart rate reduction remains linear and proportional with the Ramsay Score and the initial measurement was taken at peak plasma concentration?
</question>

*   **1. Model a biology Scenario:** **Good.** Relevant clinical scenario.
*   **2. Expect answers of single word answer, numerical answer:** **Good.** Numerical answer expected.
*   **3. Force Multi-Step Reasoning:** **Needs Improvement.** The core issue here is a fundamental contradiction in the premise. If "initial measurement was taken at peak plasma concentration" (at t=0), and the drug follows first-order kinetics with a half-life, its concentration will *decrease* over time. However, the RSS *improves to 3* from an initial RSS of 1. In the Ramsay Sedation Scale, a higher score (e.g., RSS 3) indicates deeper sedation than a lower score (e.g., RSS 1). This implies an *increasing* drug effect, which contradicts a *decreasing* drug concentration after peak. The statement "relationship between drug concentration and heart rate reduction remains linear and proportional with the Ramsay Score" is also confusing and contributes to the contradiction. If heart rate reduction is proportional to concentration, and concentration is decreasing, then heart rate reduction should also decrease. If it's proportional to RSS, and RSS increases, the effect should increase. These cannot both be true simultaneously with declining concentration. This makes the problem unsolvable as stated.
*   **4. Avoid How based questions:** **Good.** It's a calculation.
*   **5. Be Unique:** **Good.** Specific clinical scenario.
*   **6. Single Solution:** **Violated.** Due to the contradictory premises, a single, logically consistent solution cannot be derived.
*   **7. Use rigorous, concise phrasing:** **Needs Improvement.** The phrasing leading to the contradiction (RSS improving/increasing while concentration decreases, and the unclear proportionality) makes the question ambiguous and flawed.
*   **9. Units must be consistent:** **Good.** Units are consistent.
*   **10. Questions must not be multipart:** **Good.** Single target quantity.

**Actionable Feedback for Q1:**
*   **Resolve Contradiction:** Rephrase the scenario to ensure logical consistency between drug kinetics and observed physiological effect. For example, if drug concentration decreases over time, then the observed effect (e.g., RSS) should either decrease (lighter sedation) or the question needs to explicitly state a complex pharmacodynamic model (e.g., effect-site equilibration delay) that justifies an increasing effect despite falling plasma concentration, but this adds significant complexity. A simpler fix is to state that RSS *decreases* (patient becomes lighter) over time, or that the RSS is *target* and the drug *titration* is implied.
*   **Clarify Proportionality:** Clearly define the relationship between drug concentration, heart rate reduction, and Ramsay Sedation Score to remove ambiguity. For example: "Assume the magnitude of heart rate reduction is directly proportional to the current drug concentration."

---

**Question 2 Critique:**

<question>
In a clinical trial assessing the effectiveness of AFOI with dexmedetomidine versus standard intubation with general anesthesia, researchers monitor oxygen saturation (SpO2) in both groups. The AFOI group exhibits an average SpO2 of 94% with a standard deviation of 2.5%. The standard intubation group shows an average SpO2 of 92% with a standard deviation of 3%. If the trial aims to detect a clinically significant difference of 3% in SpO2 with a power of 80% and a significance level (α) of 0.05, using a two-sample t-test and assuming equal variances, what is the minimum number of patients required per group? (Use Z score of 1.96 for α=0.05 and 0.84 for power=80% for sample calculation)
</question>

*   **1. Model a biology Scenario:** **Good.** Relevant clinical trial design scenario.
*   **2. Expect answers of single word answer, numerical answer:** **Good.** Numerical answer expected.
*   **3. Force Multi-Step Reasoning:** **Good.** Requires application of sample size formula incorporating multiple parameters.
*   **4. Avoid How based questions:** **Good.** It's a calculation.
*   **5. Be Unique:** **Good.** Specific clinical context for sample size calculation.
*   **6. Single Solution:** **Needs Improvement.** The instruction "assuming equal variances" is given, but two *different* sample standard deviations (2.5% and 3%) are provided. This creates ambiguity on *which* standard deviation value to use as the common variance estimate in the sample size formula. While a common approach for conservatism is to use the larger value (3%), or a pooled estimate (which would require pilot sample sizes), the question doesn't specify. This could lead to different valid interpretations and thus different answers.
*   **7. Use rigorous, concise phrasing:** **Needs Improvement.** The phrasing regarding the standard deviations could be more precise to ensure a single, unambiguous calculation.
*   **9. Units must be consistent:** **Good.** Units are consistent.
*   **10. Questions must not be multipart:** **Good.** Single target quantity.

**Actionable Feedback for Q2:**
*   **Clarify Standard Deviation:** Specify which standard deviation should be used for the calculation to ensure a single correct answer. For example: "assuming a common standard deviation of 3%" or "using the larger observed standard deviation as the estimate for the common variance."

---

**Question 3 Critique:**

<question>
A researcher is investigating the effect of dexmedetomidine on airway reflex responses during AFOI. In a pilot study, 10 patients receive dexmedetomidine, and the average time to loss of airway reflexes is recorded as 8 minutes, with a standard deviation of 1.5 minutes. To conduct a larger, more definitive trial, the researcher wants to estimate the sample size required to achieve a margin of error of 0.5 minutes with 95% confidence. Based on the pilot study data, calculate the required sample size, rounding up to the nearest whole number. (Use Z score of 1.96 for 95% confidence)
</question>

*   **1. Model a biology Scenario:** **Excellent.** Relevant clinical/research scenario.
*   **2. Expect answers of single word answer, numerical answer:** **Excellent.** Numerical answer expected.
*   **3. Force Multi-Step Reasoning:** **Excellent.** Requires application of sample size formula for estimating a mean.
*   **4. Avoid How based questions:** **Excellent.** It's a calculation.
*   **5. Be Unique:** **Excellent.** Specific clinical context for sample size estimation.
*   **6. Single Solution:** **Excellent.** Straightforward application of the formula yields a single correct answer.
*   **7. Use rigorous, concise phrasing:** **Excellent.** Clear and concise.
*   **9. Units must be consistent:** **Excellent.** Units are consistent.
*   **10. Questions must not be multipart:** **Excellent.** Single target quantity.

**Actionable Feedback for Q3:**
*   No significant issues. This question is well-formulated and adheres to all guidelines.

---

**Question 4 Critique:**

<question>
During an AFOI procedure, a patient exhibits increased airway secretions. To mitigate this, glycopyrrolate, an anticholinergic agent, is administered. Glycopyrrolate reduces salivary flow rate from $0.5\,\mathrm{mL/min}$ to $0.1\,\mathrm{mL/min}$. Assuming that a complete suctioning event removes $80\%$ of the accumulated secretions and suctioning is performed every 5 minutes, calculate the volume (in mL) of secretions remaining in the patient's airway 10 minutes after glycopyrrolate administration, assuming no secretions were initially present and instantaneous drug effect?
</question>

*   **1. Model a biology Scenario:** **Good.** Relevant clinical scenario involving secretion and removal.
*   **2. Expect answers of single word answer, numerical answer:** **Good.** Numerical answer expected.
*   **3. Force Multi-Step Reasoning:** **Good.** Requires step-by-step calculation of accumulation and removal over time.
*   **4. Avoid How based questions:** **Good.** It's a calculation.
*   **5. Be Unique:** **Good.** Dynamic physiological process.
*   **6. Single Solution:** **Violated.** The phrase "remaining in the patient's airway 10 minutes after glycopyrrolate administration" is ambiguous. Since suctioning is performed *every* 5 minutes, a suction event would occur exactly at the 10-minute mark. It's unclear if the question asks for the volume *before* this 10-minute suction or *after* it. This leads to two possible correct answers.
*   **7. Use rigorous, concise phrasing:** **Needs Improvement.** The timing of the final measurement relative to the suction event needs clarification.
*   **9. Units must be consistent:** **Good.** Units are consistent.
*   **10. Questions must not be multipart:** **Good.** Single target quantity.

**Actionable Feedback for Q4:**
*   **Clarify Timing of Measurement:** Specify whether the measurement should be taken immediately *before* or immediately *after* the suction event at the 10-minute mark to ensure a single correct answer. For example: "...remaining in the patient's airway immediately *after* the suction event at 10 minutes."

---

**Question 5 Critique:**

<question>
A study examines the hemodynamic stabilizing properties of dexmedetomidine during AFOI. Baseline mean arterial pressure (MAP) is $90\,\mathrm{mmHg}$. Dexmedetomidine infusion results in a MAP reduction described by the equation $MAP(t) = 90 - 10(1 - e^{-0.1t})$, where $t$ is time in minutes. This equation models MAP reduction reaching a stable level due to homeostatic mechanisms. What is the MAP (in mmHg) 20 minutes after the start of the dexmedetomidine infusion?
</question>

*   **1. Model a biology Scenario:** **Excellent.** Relevant clinical scenario with a mathematical model of physiological response.
*   **2. Expect answers of single word answer, numerical answer:** **Excellent.** Numerical answer expected.
*   **3. Force Multi-Step Reasoning:** **Excellent.** Requires substitution into an equation and calculation involving an exponential.
*   **4. Avoid How based questions:** **Excellent.** It's a calculation.
*   **5. Be Unique:** **Excellent.** Specific mathematical model for drug effect.
*   **6. Single Solution:** **Excellent.** Straightforward calculation yields a single correct answer.
*   **7. Use rigorous, concise phrasing:** **Excellent.** Clear and concise.
*   **9. Units must be consistent:** **Excellent.** Units are consistent.
*   **10. Questions must not be multipart:** **Excellent.** Single target quantity.

**Actionable Feedback for Q5:**
*   No significant issues. This question is well-formulated and adheres to all guidelines.

---
=== Turn 2: Author refines questions ===
```
<question>
A patient undergoing Awake Fiberoptic Intubation (AFOI) is administered dexmedetomidine to achieve optimal sedation. Initial Ramsay Sedation Score (RSS) is 1. After 30 minutes, the attending anesthesiologist observes a reduction in heart rate by 15% and a decrease in systolic blood pressure by 10%. Simultaneously, the patient's RSS is targeted to remain at 1 through drug titration. If the initial heart rate was 80 bpm and dexmedetomidine plasma concentration decreases following first-order kinetics with a half-life of 120 minutes, what is the predicted heart rate decrease in bpm after another 30 minutes, assuming the magnitude of heart rate reduction is directly proportional to the current drug concentration and the initial measurement was taken at peak plasma concentration?
</question>

<question>
In a clinical trial assessing the effectiveness of AFOI with dexmedetomidine versus standard intubation with general anesthesia, researchers monitor oxygen saturation (SpO2) in both groups. The AFOI group exhibits an average SpO2 of 94% with a standard deviation of 2.5%. The standard intubation group shows an average SpO2 of 92% with a standard deviation of 3%. If the trial aims to detect a clinically significant difference of 3% in SpO2 with a power of 80% and a significance level (α) of 0.05, using a two-sample t-test and assuming equal variances using a common standard deviation of 3%, what is the minimum number of patients required per group? (Use Z score of 1.96 for α=0.05 and 0.84 for power=80% for sample calculation)
</question>

<question>
A researcher is investigating the effect of dexmedetomidine on airway reflex responses during AFOI. In a pilot study, 10 patients receive dexmedetomidine, and the average time to loss of airway reflexes is recorded as 8 minutes, with a standard deviation of 1.5 minutes. To conduct a larger, more definitive trial, the researcher wants to estimate the sample size required to achieve a margin of error of 0.5 minutes with 95% confidence. Based on the pilot study data, calculate the required sample size, rounding up to the nearest whole number. (Use Z score of 1.96 for 95% confidence)
</question>

<question>
During an AFOI procedure, a patient exhibits increased airway secretions. To mitigate this, glycopyrrolate, an anticholinergic agent, is administered. Glycopyrrolate reduces salivary flow rate from $0.5\,\mathrm{mL/min}$ to $0.1\,\mathrm{mL/min}$. Assuming that a complete suctioning event removes $80\%$ of the accumulated secretions and suctioning is performed every 5 minutes, calculate the volume (in mL) of secretions remaining in the patient's airway immediately *after* the suction event at 10 minutes after glycopyrrolate administration, assuming no secretions were initially present and instantaneous drug effect?
</question>

<question>
A study examines the hemodynamic stabilizing properties of dexmedetomidine during AFOI. Baseline mean arterial pressure (MAP) is $90\,\mathrm{mmHg}$. Dexmedetomidine infusion results in a MAP reduction described by the equation $MAP(t) = 90 - 10(1 - e^{-0.1t})$, where $t$ is time in minutes.  This equation models MAP reduction reaching a stable level due to homeostatic mechanisms. What is the MAP (in mmHg) 20 minutes after the start of the dexmedetomidine infusion?
</question>
```
=== Final questions generated ===
