=== Turn 0: Author generates questions ===
Here are some undergraduate-level biology questions based on the provided criteria:

1.  <question>A researcher is studying the effects of a novel anxiolytic drug on airway reactivity in mice. Baseline tidal volume ($V_T$) is recorded as $0.25\,\mathrm{mL}$ with a respiratory rate ($f$) of $120\,\mathrm{breaths/min}$. Post-drug administration, $V_T$ increases to $0.30\,\mathrm{mL}$, and $f$ decreases to $100\,\mathrm{breaths/min}$. Assuming dead space remains constant, calculate the percentage change in minute ventilation ($V_E$).</question>

2.  <question>During a study on the effects of dexmedetomidine on hemodynamic stability, a patient's mean arterial pressure (MAP) is continuously monitored. The initial MAP is $90\,\mathrm{mmHg}$. Dexmedetomidine is administered, leading to a decrease in heart rate from $80\,\mathrm{bpm}$ to $60\,\mathrm{bpm}$ while stroke volume increases by 10%. If the patient's peripheral vascular resistance (PVR) remains constant before and after drug administration, and knowing that $MAP = CO \times PVR$ where CO is cardiac output and $CO = SV \times HR$, what is the new MAP (in mmHg) following dexmedetomidine administration?</question>

3.  <question>A clinical trial is evaluating the effectiveness of fentanyl versus dexmedetomidine for patient sedation during a minor surgical procedure. Using the Ramsay Sedation Scale (RSS), patients are assessed every 30 minutes. A patient initially scores a 1 (anxious, agitated, or restless). After 30 minutes on fentanyl, the score increases to 3 (responds to commands only). After another 30 minutes, the score decreases back to 2 (cooperative, oriented, and tranquil). During this second 30 minutes, how many possible transitions (changes in RSS score, either up or down) exist? </question>

4.  <question>A study is being conducted to assess intubation conditions following the administration of different sedative agents. One assessment parameter is cough score, with 0 indicating no cough and higher scores indicating increased coughing. In a group of 20 patients receiving a placebo, 12 patients display a cough score of 2, 5 display a cough score of 3, and the rest display a cough score of 4. What is the average cough score for this group?</question>

5.  <question>A researcher is assessing the efficacy of a novel drug targeting airway reflexes. In a control group (receiving a placebo), the probability of observing any cough reflex during intubation is found to be 0.6. In the treatment group (receiving the drug), the probability is reduced to 0.15. If the control group consists of 40 patients, and the treatment group consists of 60 patients, how many fewer patients are expected to exhibit cough reflexes in the treatment group compared to the control group?</question>
=== Turn 0: Critic feedback ===
Here's a critique of the provided questions against your guidelines, with concise, actionable feedback for improvement:

**General Feedback:**
The questions successfully model biology scenarios, avoid "how-based" questions, and are generally well-phrased. However, several questions fall short on "Force Multi-Step Reasoning" *in a biological sense* (often being multi-step mathematically but single-principle biologically) and one question critically fails on "Single Solution" due to ambiguity.

---

1.  <question>A researcher is studying the effects of a novel anxiolytic drug on airway reactivity in mice. Baseline tidal volume ($V_T$) is recorded as $0.25\,\mathrm{mL}$ with a respiratory rate ($f$) of $120\,\mathrm{breaths/min}$. Post-drug administration, $V_T$ increases to $0.30\,\mathrm{mL}$, and $f$ decreases to $100\,\mathrm{breaths/min}$. Assuming dead space remains constant, calculate the percentage change in minute ventilation ($V_E$).</question>

    *   **Critique:** This question is well-posed and clearly asks for a numerical answer. It requires two calculation steps (initial $V_E$, final $V_E$) and then a percentage change. However, it primarily tests the definition of minute ventilation ($V_E = V_T \times f$) and basic arithmetic. The "biological principle" tested is quite singular. The "dead space remains constant" clause is largely a distractor as it doesn't affect the $V_E$ calculation directly, only implying constancy of other related parameters (e.g., alveolar ventilation changes).
    *   **Actionable Feedback:** To better meet "Force Multi-Step Reasoning" (biologically), integrate another physiological concept. For example, provide dead space volume and ask for the percentage change in *alveolar ventilation* ($V_A = (V_T - V_D) \times f$), which would require an additional biological step/principle.

---

2.  <question>During a study on the effects of dexmedetomidine on hemodynamic stability, a patient's mean arterial pressure (MAP) is continuously monitored. The initial MAP is $90\,\mathrm{mmHg}$. Dexmedetomidine is administered, leading to a decrease in heart rate from $80\,\mathrm{bpm}$ to $60\,\mathrm{bpm}$ while stroke volume increases by 10%. If the patient's peripheral vascular resistance (PVR) remains constant before and after drug administration, and knowing that $MAP = CO \times PVR$ where CO is cardiac output and $CO = SV \times HR$, what is the new MAP (in mmHg) following dexmedetomidine administration?</question>

    *   **Critique:** This question is excellent and fully meets all criteria. It presents a realistic scenario and forces multi-step reasoning by requiring the integration and application of multiple, interconnected biological principles ($MAP = CO \times PVR$, $CO = SV \times HR$). The calculations are robust, and there is a single, unambiguous solution.
    *   **Actionable Feedback:** No specific improvements needed. This question is a strong example.

---

3.  <question>A clinical trial is evaluating the effectiveness of fentanyl versus dexmedetomidine for patient sedation during a minor surgical procedure. Using the Ramsay Sedation Scale (RSS), patients are assessed every 30 minutes. A patient initially scores a 1 (anxious, agitated, or restless). After 30 minutes on fentanyl, the score increases to 3 (responds to commands only). After another 30 minutes, the score decreases back to 2 (cooperative, oriented, and tranquil). During this second 30 minutes, how many possible transitions (changes in RSS score, either up or down) exist? </question>

    *   **Critique:** This question critically fails on "Single Solution" and "Use rigorous, concise phrasing." The phrase "how many possible transitions... exist?" is highly ambiguous. It could be interpreted as:
        1.  How many actual changes occurred *during the second 30-minute period* (1: 3 to 2)?
        2.  How many actual changes occurred *in total* during the entire observation period (2: 1 to 3, then 3 to 2)?
        3.  A philosophical question about the *types* of transitions, which is nonsensical in this context.
        Furthermore, it lacks significant biological depth, primarily testing reading comprehension of confusing phrasing rather than biological reasoning.
    *   **Actionable Feedback:** **Reword the question for clarity and biological relevance.** For instance, "What was the net change in the patient's RSS score from the initial assessment to the end of the 60-minute observation?" or "How many times did the patient's RSS score change during the entire 60-minute observation period?" Ensure the question clearly asks for an observed count or a specific change, not a vague "possible transitions."

---

4.  <question>A study is being conducted to assess intubation conditions following the administration of different sedative agents. One assessment parameter is cough score, with 0 indicating no cough and higher scores indicating increased coughing. In a group of 20 patients receiving a placebo, 12 patients display a cough score of 2, 5 display a cough score of 3, and the rest display a cough score of 4. What is the average cough score for this group?</question>

    *   **Critique:** This question provides a realistic scenario and asks for a single numerical answer. It requires calculating a weighted average, which is a multi-step *mathematical* operation. However, it tests a very basic statistical concept (average) and lacks significant biological depth or the integration of multiple biological principles. It's more of a math problem with biological context.
    *   **Actionable Feedback:** To enhance "Force Multi-Step Reasoning" with biological principles, embed this calculation within a comparative analysis. For example, "If a treatment group of 20 patients had an average cough score 25% lower than the placebo group, what would be the expected average cough score for the treatment group?" This would require calculating the placebo group average, then applying a biological effect (25% reduction).

---

5.  <question>A researcher is assessing the efficacy of a novel drug targeting airway reflexes. In a control group (receiving a placebo), the probability of observing any cough reflex during intubation is found to be 0.6. In the treatment group (receiving the drug), the probability is reduced to 0.15. If the control group consists of 40 patients, and the treatment group consists of 60 patients, how many fewer patients are expected to exhibit cough reflexes in the treatment group compared to the control group?</question>

    *   **Critique:** This question is clear, asks for a numerical answer, and involves calculating expected values for two groups and then finding the difference. This constitutes multi-step *mathematical* reasoning. However, similar to Question 4, it primarily assesses the application of basic probability within a biological context, rather than requiring the synthesis of multiple distinct biological principles or deeper conceptual understanding.
    *   **Actionable Feedback:** To improve its biological rigor and multi-step reasoning, integrate a comparative biological metric. For instance, "Calculate the relative risk reduction of cough reflex in the treatment group compared to the control group, and then interpret what this implies about the drug's efficacy." This would add a step of calculating a relative risk, which is a biological/epidemiological concept.
=== Turn 1: Author refines questions ===
Here's the revised list of biology questions, incorporating the feedback and aimed at improving biological depth and multi-step reasoning:

1.  <question>A researcher is studying the effects of a novel anxiolytic drug on airway reactivity in mice. Baseline tidal volume ($V_T$) is recorded as $0.25\,\mathrm{mL}$ with a respiratory rate ($f$) of $120\,\mathrm{breaths/min}$. Post-drug administration, $V_T$ increases to $0.30\,\mathrm{mL}$, and $f$ decreases to $100\,\mathrm{breaths/min}$. Assuming the anatomical dead space ($V_D$) is $0.05\,\mathrm{mL}$ and remains constant, calculate the percentage change in *alveolar* ventilation ($V_A$).</question>

2.  <question>During a study on the effects of dexmedetomidine on hemodynamic stability, a patient's mean arterial pressure (MAP) is continuously monitored. The initial MAP is $90\,\mathrm{mmHg}$. Dexmedetomidine is administered, leading to a decrease in heart rate from $80\,\mathrm{bpm}$ to $60\,\mathrm{bpm}$ while stroke volume increases by 10%. If the patient's peripheral vascular resistance (PVR) remains constant before and after drug administration, and knowing that $MAP = CO \times PVR$ where CO is cardiac output and $CO = SV \times HR$, what is the new MAP (in mmHg) following dexmedetomidine administration?</question>

3.  <question>A clinical trial is evaluating the effectiveness of fentanyl versus dexmedetomidine for patient sedation during a minor surgical procedure. Using the Ramsay Sedation Scale (RSS), patients are assessed every 30 minutes. A patient initially scores a 1 (anxious, agitated, or restless). After 30 minutes on fentanyl, the score increases to 3 (responds to commands only). After another 30 minutes, the score decreases back to 2 (cooperative, oriented, and tranquil). What was the net change in the patient's RSS score from the initial assessment to the end of the 60-minute observation?</question>

4.  <question>A study is being conducted to assess intubation conditions following the administration of different sedative agents. One assessment parameter is cough score, with 0 indicating no cough and higher scores indicating increased coughing. In a group of 20 patients receiving a placebo, 12 patients display a cough score of 2, 5 display a cough score of 3, and the rest display a cough score of 4. If a treatment group of 20 patients had an average cough score 25% lower than the placebo group, what was the average cough score of the treatment group?</question>

5.  <question>A researcher is assessing the efficacy of a novel drug targeting airway reflexes. In a control group (receiving a placebo), the probability of observing any cough reflex during intubation is found to be 0.6. In the treatment group (receiving the drug), the probability is reduced to 0.15. Calculate the relative risk reduction of cough reflex in the treatment group compared to the control group. What does this relative risk reduction indicate about the novel drug's efficacy in preventing cough reflexes during intubation (interpret as a percentage)?</question>
=== Turn 1: Critic feedback ===
Here's a critique of each question against your guidelines, with concise, actionable feedback:

---

**Question 1: Airway Ventilation Calculation**
<question>A researcher is studying the effects of a novel anxiolytic drug on airway reactivity in mice. Baseline tidal volume ($V_T$) is recorded as $0.25\,\mathrm{mL}$ with a respiratory rate ($f$) of $120\,\mathrm{breaths/min}$. Post-drug administration, $V_T$ increases to $0.30\,\mathrm{mL}$, and $f$ decreases to $100\,\mathrm{breaths/min}$. Assuming the anatomical dead space ($V_D$) is $0.05\,\mathrm{mL}$ and remains constant, calculate the percentage change in *alveolar* ventilation ($V_A$).</question>

*   **Critique:** This is an **excellent** question.
    *   **Guideline Alignment:** It models a clear biological scenario, expects a numerical answer, forces multi-step reasoning (calculate initial $V_A$, final $V_A$, then percentage change), avoids "how" questions, is unique, has a single solution, uses rigorous phrasing, and correctly uses units and symbols. It is not multipart.
    *   **Biological Depth:** Requires understanding of physiological parameters ($V_T$, $f$, $V_D$) and their relationship to alveolar ventilation ($V_A$). The context of an anxiolytic drug and airway reactivity adds realism.

---

**Question 2: Hemodynamic Stability Calculation**
<question>During a study on the effects of dexmedetomidine on hemodynamic stability, a patient's mean arterial pressure (MAP) is continuously monitored. The initial MAP is $90\,\mathrm{mmHg}$. Dexmedetomidine is administered, leading to a decrease in heart rate from $80\,\mathrm{bpm}$ to $60\,\mathrm{bpm}$ while stroke volume increases by 10%. If the patient's peripheral vascular resistance (PVR) remains constant before and after drug administration, and knowing that $MAP = CO \times PVR$ where CO is cardiac output and $CO = SV \times HR$, what is the new MAP (in mmHg) following dexmedetomidine administration?</question>

*   **Critique:** This is an **excellent** question.
    *   **Guideline Alignment:** It models a real biological scenario, expects a numerical answer, forces robust multi-step reasoning (calculate initial CO, then initial PVR, then new SV, new CO, and finally new MAP), avoids "how" questions, is unique, has a single solution, uses rigorous phrasing, and correctly uses units and symbols. It is not multipart.
    *   **Biological Depth:** Effectively tests the interrelationships of key cardiovascular parameters (MAP, CO, SV, HR, PVR) and requires students to apply equations in a physiologically relevant context.

---

**Question 3: Ramsay Sedation Scale Net Change**
<question>A clinical trial is evaluating the effectiveness of fentanyl versus dexmedetomidine for patient sedation during a minor surgical procedure. Using the Ramsay Sedation Scale (RSS), patients are assessed every 30 minutes. A patient initially scores a 1 (anxious, agitated, or restless). After 30 minutes on fentanyl, the score increases to 3 (responds to commands only). After another 30 minutes, the score decreases back to 2 (cooperative, oriented, and tranquil). What was the net change in the patient's RSS score from the initial assessment to the end of the 60-minute observation?</question>

*   **Critique:** This question is **weak** in its multi-step reasoning requirement.
    *   **Guideline Violation:**
        *   **Force Multi-Step Reasoning:** It fails significantly here. The question only requires a single, basic arithmetic step (final score - initial score = 2 - 1 = 1). The intermediate score of 3 is a distracter and does not contribute to a multi-step calculation for the *net* change.
    *   **Actionable Feedback:** To improve, revise the question to require more complex interpretation or calculation involving the RSS scores, beyond simple subtraction. For example, ask for an average rate of change over the entire 60 minutes, or a comparison between different phases of sedation (e.g., initial 30 min vs. final 30 min), or involve multiple patients requiring statistical manipulation of scores. As written, it primarily tests basic arithmetic rather than biological reasoning.

---

**Question 4: Cough Score Average Calculation**
<question>A study is being conducted to assess intubation conditions following the administration of different sedative agents. One assessment parameter is cough score, with 0 indicating no cough and higher scores indicating increased coughing. In a group of 20 patients receiving a placebo, 12 patients display a cough score of 2, 5 display a cough score of 3, and the rest display a cough score of 4. If a treatment group of 20 patients had an average cough score 25% lower than the placebo group, what was the average cough score of the treatment group?</question>

*   **Critique:** This is an **excellent** question.
    *   **Guideline Alignment:** It models a biological scenario, expects a numerical answer, forces multi-step reasoning (calculate remaining patients, calculate total score for placebo, calculate average placebo score, then calculate treatment group average), avoids "how" questions, is unique, has a single solution, uses rigorous phrasing, and correctly uses units. It is not multipart.
    *   **Biological Depth:** Integrates basic statistical analysis (weighted average) with a relevant clinical parameter (cough score in intubation).

---

**Question 5: Relative Risk Reduction Calculation**
<question>A researcher is assessing the efficacy of a novel drug targeting airway reflexes. In a control group (receiving a placebo), the probability of observing any cough reflex during intubation is found to be 0.6. In the treatment group (receiving the drug), the probability is reduced to 0.15. Calculate the relative risk reduction of cough reflex in the treatment group compared to the control group. What does this relative risk reduction indicate about the novel drug's efficacy in preventing cough reflexes during intubation (interpret as a percentage)?</question>

*   **Critique:** This question is **strong conceptually** but violates the "not multipart" guideline and potentially the "single word/numerical answer" rule.
    *   **Guideline Violation:**
        *   **Questions must not be multipart:** The question explicitly asks for two distinct things: "Calculate the relative risk reduction..." AND "What does this relative risk reduction indicate...?" This makes it a two-part question. The second part, "What does this... indicate," implies an interpretation/explanation beyond just stating a number.
        *   **Expect answers of single word answer, numerical answer:** If the interpretation requires a full sentence or descriptive phrase, it violates this.
    *   **Actionable Feedback:** Rephrase to combine the calculation and interpretation into a single numerical answer. For example:
        *   "Calculate the relative risk reduction of cough reflex in the treatment group compared to the control group, expressing your answer as a percentage." (This expects the final numerical percentage, covering the "indication").
        *   Alternatively: "By what percentage was the risk of cough reflex reduced in the treatment group compared to the control group?"
    *   **Biological Depth:** The concept of relative risk reduction is highly relevant to clinical trials and epidemiology, making it a valuable biological concept to test.

---
=== Turn 2: Author refines questions ===
Okay, here's the refined list of biology questions, addressing the feedback provided. Question 3 and 5 have been significantly revised to enhance their biological depth and adhere to the guidelines, particularly regarding multi-step reasoning and single numerical answers.

1.  <question>A researcher is studying the effects of a novel anxiolytic drug on airway reactivity in mice. Baseline tidal volume ($V_T$) is recorded as $0.25\,\mathrm{mL}$ with a respiratory rate ($f$) of $120\,\mathrm{breaths/min}$. Post-drug administration, $V_T$ increases to $0.30\,\mathrm{mL}$, and $f$ decreases to $100\,\mathrm{breaths/min}$. Assuming the anatomical dead space ($V_D$) is $0.05\,\mathrm{mL}$ and remains constant, calculate the percentage change in *alveolar* ventilation ($V_A$).</question>

2.  <question>During a study on the effects of dexmedetomidine on hemodynamic stability, a patient's mean arterial pressure (MAP) is continuously monitored. The initial MAP is $90\,\mathrm{mmHg}$. Dexmedetomidine is administered, leading to a decrease in heart rate from $80\,\mathrm{bpm}$ to $60\,\mathrm{bpm}$ while stroke volume increases by 10%. If the patient's peripheral vascular resistance (PVR) remains constant before and after drug administration, and knowing that $MAP = CO \times PVR$ where CO is cardiac output and $CO = SV \times HR$, what is the new MAP (in mmHg) following dexmedetomidine administration?</question>

3.  <question>A clinical trial is evaluating the effectiveness of fentanyl versus dexmedetomidine for patient sedation during a minor surgical procedure. Three patients are administered fentanyl and assessed using the Ramsay Sedation Scale (RSS) every 30 minutes for a total of 60 minutes. Patient A's RSS score changes from 1 to 3, then to 2. Patient B's RSS score changes from 2 to 4, then to 3. Patient C's RSS score changes from 1 to 2, then remains at 2. Calculate the *average* net change in RSS score across the three patients from the initial assessment to the end of the 60-minute observation period.</question>

4.  <question>A study is being conducted to assess intubation conditions following the administration of different sedative agents. One assessment parameter is cough score, with 0 indicating no cough and higher scores indicating increased coughing. In a group of 20 patients receiving a placebo, 12 patients display a cough score of 2, 5 display a cough score of 3, and the rest display a cough score of 4. If a treatment group of 20 patients had an average cough score 25% lower than the placebo group, what was the average cough score of the treatment group?</question>

5.  <question>A researcher is assessing the efficacy of a novel drug targeting airway reflexes. In a control group (receiving a placebo), the probability of observing any cough reflex during intubation is found to be 0.6. In the treatment group (receiving the drug), the probability is reduced to 0.15. By what percentage was the risk of cough reflex reduced in the treatment group compared to the control group?</question>
=== Final questions generated ===
