=== Turn 0: Author generates questions ===
Here are some undergraduate-level biology questions based on the given specifications:

1.  <question>A prospective, single-blinded clinical study is designed to evaluate the effectiveness of a new mouthwash in reducing gingival inflammation. Twenty patients with mild gingivitis are enrolled and randomly assigned to either the treatment group (using the new mouthwash) or the control group (using a placebo mouthwash). The Modified Gingival Index (MGI) is used to assess gingival inflammation at baseline and after two weeks of use. In the treatment group, the average MGI decreased from 1.8 to 1.2. In the control group, the average MGI decreased from 1.7 to 1.5. Assuming the MGI scale ranges from 0 to 3, calculate the percentage reduction in MGI score in the treatment group over the two week period.</question>

2.  <question>A dental clinic is comparing two different methods of maintaining oral hygiene post-surgically: interdental brushes and chlorhexidine mouthwash. A randomized, controlled clinical trial measures patient discomfort using a visual analog scale (VAS) ranging from 0 (no discomfort) to 10 (extreme discomfort). 50 patients are enrolled and split evenly between the two groups. The mean VAS score for the interdental brush group is 3.2, and the mean VAS score for the chlorhexidine mouthwash group is 5.7. Calculate the difference in mean VAS scores between the two groups and express the result as absolute value.</question>

3.  <question>During an assessment of intraoperative bleeding complications, a surgical team measured the total blood loss during the procedure in two cohorts using two different methods to support the soft tissues. One group using a novel resorbable barrier membrane ($n=20$) to support the tissues and the second group using sutures only ($n=20$). The mean blood loss observed in the membrane group was $15\,\mathrm{mL}$ and the mean blood loss in the suture group was $25\,\mathrm{mL}$. Calculate the percentage reduction in mean blood loss observed when using the resorbable membrane.</question>

4.  <question>A prospective clinical study examines the impact of a new oral hygiene protocol on post-operative swelling following periodontal surgery. Postoperative swelling is assessed using a standardized facial measurement, where an increase in facial width indicates swelling. Baseline facial width is $14.5\,\mathrm{cm}$. After 3 days, the facial width in the treatment group (new protocol) averages $14.8\,\mathrm{cm}$, while the facial width in the control group (standard protocol) averages $15.2\,\mathrm{cm}$. Calculate the difference in facial width increase (swelling) between the two groups, and express the answer in centimeters.</question>

5.  <question>A clinical study is evaluating the effectiveness of a new anti-inflammatory drug in reducing gingival bleeding. Bleeding on probing (BOP) is assessed by recording the number of bleeding sites out of 6 sites per tooth. If, on average, a patient has 28 teeth, and the baseline BOP score is 84 bleeding sites and the follow-up BOP score is 42 bleeding sites per patient in the treatment group, calculate the percentage reduction in BOP score.</question>
=== Turn 0: Critic feedback ===
Here is a critique of the provided biology questions:

### General Feedback:
The questions generally follow the theme of clinical studies and quantitative assessment in a biological/medical context, which aligns with "Model a biology Scenario" and "Use rigorous, concise phrasing". Most questions result in a numerical answer and avoid "How based questions." However, there's variability in "Force Multi-Step Reasoning" and some questions contain extraneous information.

---

#### **Question 1:**
<question>A prospective, single-blinded clinical study is designed to evaluate the effectiveness of a new mouthwash in reducing gingival inflammation. Twenty patients with mild gingivitis are enrolled and randomly assigned to either the treatment group (using the new mouthwash) or the control group (using a placebo mouthwash). The Modified Gingival Index (MGI) is used to assess gingival inflammation at baseline and after two weeks of use. In the treatment group, the average MGI decreased from 1.8 to 1.2. In the control group, the average MGI decreased from 1.7 to 1.5. Assuming the MGI scale ranges from 0 to 3, calculate the percentage reduction in MGI score in the treatment group over the two week period.</question>

*   **Critique:**
    *   **Guideline 1 (Model a biology Scenario):** Met. Realistic clinical study scenario.
    *   **Guideline 2 (Expect numerical answer):** Met. Expects a percentage.
    *   **Guideline 3 (Force Multi-Step Reasoning):** Met. Requires calculating the absolute reduction first, then the percentage reduction.
    *   **Guideline 4 (Avoid How based questions):** Met. Asks for a calculation.
    *   **Guideline 5 (Be Unique):** Fairly unique scenario, not a standard textbook problem.
    *   **Guideline 6 (Single Solution):** Met. Clear calculation path.
    *   **Guideline 7 (Rigorous, concise phrasing):** Met. Clear and professional.
    *   **Guideline 9 (Units consistent):** Met. Percentage is unitless; MGI is an index, so units are appropriate.
    *   **Guideline 10 (Not multipart):** Met. Single target quantity.
*   **Improvement:** The information "Assuming the MGI scale ranges from 0 to 3" is not strictly necessary for the requested calculation of percentage reduction from the given scores. While it provides context, it can be considered extraneous information if the goal is purely calculation. Consider removing it or rephrasing the question if this information were to be essential for a deeper interpretation or alternative calculation.

---

#### **Question 2:**
<question>A dental clinic is comparing two different methods of maintaining oral hygiene post-surgically: interdental brushes and chlorhexidine mouthwash. A randomized, controlled clinical trial measures patient discomfort using a visual analog scale (VAS) ranging from 0 (no discomfort) to 10 (extreme discomfort). 50 patients are enrolled and split evenly between the two groups. The mean VAS score for the interdental brush group is 3.2, and the mean VAS score for the chlorhexidine mouthwash group is 5.7. Calculate the difference in mean VAS scores between the two groups and express the result as absolute value.</question>

*   **Critique:**
    *   **Guideline 1 (Model a biology Scenario):** Met. Realistic clinical comparison.
    *   **Guideline 2 (Expect numerical answer):** Met. Expects a numerical difference.
    *   **Guideline 3 (Force Multi-Step Reasoning):** **Not met.** This is a single-step calculation (simple subtraction). It does not involve two or more biological principles or complex calculation steps.
    *   **Guideline 4 (Avoid How based questions):** Met. Asks for a calculation.
    *   **Guideline 5 (Be Unique):** Simple comparison, not very unique.
    *   **Guideline 6 (Single Solution):** Met. Clear calculation path.
    *   **Guideline 7 (Rigorous, concise phrasing):** Met. Clear and professional.
    *   **Guideline 9 (Units consistent):** Met. VAS score is an index; result is a difference in index score.
    *   **Guideline 10 (Not multipart):** Met. Single target quantity.
*   **Improvement:** To meet Guideline 3, modify the question to require at least two distinct calculation steps. For example, provide raw data that needs to be averaged first, or ask for a percentage difference, which would involve an additional division step. The details about "50 patients enrolled and split evenly" are extraneous if only the means are provided for direct subtraction.

---

#### **Question 3:**
<question>During an assessment of intraoperative bleeding complications, a surgical team measured the total blood loss during the procedure in two cohorts using two different methods to support the soft tissues. One group using a novel resorbable barrier membrane ($n=20$) to support the tissues and the second group using sutures only ($n=20$). The mean blood loss observed in the membrane group was $15\,\mathrm{mL}$ and the mean blood loss in the suture group was $25\,\mathrm{mL}$. Calculate the percentage reduction in mean blood loss observed when using the resorbable membrane.</question>

*   **Critique:**
    *   **Guideline 1 (Model a biology Scenario):** Met. Realistic surgical complication assessment.
    *   **Guideline 2 (Expect numerical answer):** Met. Expects a percentage.
    *   **Guideline 3 (Force Multi-Step Reasoning):** Met. Requires calculating the absolute reduction first, then the percentage reduction.
    *   **Guideline 4 (Avoid How based questions):** Met. Asks for a calculation.
    *   **Guideline 5 (Be Unique):** Specific scenario, feels unique enough.
    *   **Guideline 6 (Single Solution):** Met. Clear calculation path.
    *   **Guideline 7 (Rigorous, concise phrasing):** Met. Clear and professional.
    *   **Guideline 9 (Units consistent):** Met. Blood loss in mL (common biological unit); final answer is a percentage.
    *   **Guideline 10 (Not multipart):** Met. Single target quantity.
*   **Improvement:** No significant improvements needed. The $n=20$ information is extraneous for the calculation but doesn't detract from the question's quality.

---

#### **Question 4:**
<question>A prospective clinical study examines the impact of a new oral hygiene protocol on post-operative swelling following periodontal surgery. Postoperative swelling is assessed using a standardized facial measurement, where an increase in facial width indicates swelling. Baseline facial width is $14.5\,\mathrm{cm}$. After 3 days, the facial width in the treatment group (new protocol) averages $14.8\,\mathrm{cm}$, while the facial width in the control group (standard protocol) averages $15.2\,\mathrm{cm}$. Calculate the difference in facial width increase (swelling) between the two groups, and express the answer in centimeters.</question>

*   **Critique:**
    *   **Guideline 1 (Model a biology Scenario):** Met. Realistic clinical study on swelling.
    *   **Guideline 2 (Expect numerical answer):** Met. Expects a numerical difference with units.
    *   **Guideline 3 (Force Multi-Step Reasoning):** Met. Requires three steps: calculate swelling for treatment, calculate swelling for control, then find the difference between these two swelling amounts.
    *   **Guideline 4 (Avoid How based questions):** Met. Asks for a calculation.
    *   **Guideline 5 (Be Unique):** Specific scenario, unique.
    *   **Guideline 6 (Single Solution):** Met. Clear calculation path.
    *   **Guideline 7 (Rigorous, concise phrasing):** Met. Clear and professional.
    *   **Guideline 9 (Units consistent):** Met. All measurements and the final answer are in cm, which is appropriate.
    *   **Guideline 10 (Not multipart):** Met. Single target quantity.
*   **Improvement:** No significant improvements needed. This question effectively forces multi-step reasoning.

---

#### **Question 5:**
<question>A clinical study is evaluating the effectiveness of a new anti-inflammatory drug in reducing gingival bleeding. Bleeding on probing (BOP) is assessed by recording the number of bleeding sites out of 6 sites per tooth. If, on average, a patient has 28 teeth, and the baseline BOP score is 84 bleeding sites and the follow-up BOP score is 42 bleeding sites per patient in the treatment group, calculate the percentage reduction in BOP score.</question>

*   **Critique:**
    *   **Guideline 1 (Model a biology Scenario):** Met. Realistic clinical study on gingival bleeding.
    *   **Guideline 2 (Expect numerical answer):** Met. Expects a percentage.
    *   **Guideline 3 (Force Multi-Step Reasoning):** Partially met. It requires two calculation steps (absolute reduction, then percentage reduction). However, the information about "6 sites per tooth" and "28 teeth" is extraneous for the requested calculation, as the baseline and follow-up scores are already provided as absolute numbers. This doesn't add to the multi-step *calculation* per se, though it provides biological context.
    *   **Guideline 4 (Avoid How based questions):** Met. Asks for a calculation.
    *   **Guideline 5 (Be Unique):** The specific BOP assessment method adds uniqueness.
    *   **Guideline 6 (Single Solution):** Met. Clear calculation path.
    *   **Guideline 7 (Rigorous, concise phrasing):** Met. Clear and professional.
    *   **Guideline 9 (Units consistent):** Met. Percentage is unitless; "bleeding sites" is appropriate for the count.
    *   **Guideline 10 (Not multipart):** Met. Single target quantity.
*   **Improvement:** To fully leverage the detailed biological information and enhance "Force Multi-Step Reasoning," modify the question so that the "6 sites per tooth" and "28 teeth" information is *essential* for deriving one of the numbers needed for the percentage calculation. For example, provide the scores as "average bleeding sites per tooth" or "percentage of total possible sites bleeding" and require the student to calculate the total bleeding sites from these figures. As written, these details are distractors for a simple percentage calculation.
=== Turn 1: Author refines questions ===
Here's an improved set of biology questions, revised based on the feedback provided, and wrapped in the requested tags:

1.  <question>A prospective, single-blinded clinical study evaluates the effectiveness of a new mouthwash in reducing gingival inflammation. Twenty patients with mild gingivitis are enrolled and randomly assigned to a treatment group (new mouthwash) or a control group (placebo). The Modified Gingival Index (MGI) assesses inflammation. The treatment group's MGI decreased from 1.8 to 1.2 after two weeks. Calculate the percentage reduction in MGI score.</question>

2.  <question>A dental clinic compares interdental brushes and chlorhexidine mouthwash for post-surgical oral hygiene. A randomized, controlled trial measures patient discomfort using a visual analog scale (VAS) from 0 to 10. Group A (n=25) using interdental brushes has raw VAS scores summing to 80. Group B (n=25) using chlorhexidine mouthwash has raw VAS scores summing to 142. Calculate the absolute value of the difference between the *mean* VAS scores of the two groups.</question>

3.  <question>During an assessment of intraoperative bleeding, a surgical team compared a novel resorbable barrier membrane with sutures alone for soft tissue support. The membrane group (n=20) had a mean blood loss of 15 mL. The suture group (n=20) had a mean blood loss of 25 mL. Calculate the percentage reduction in mean blood loss using the resorbable membrane compared to sutures alone.</question>

4.  <question>A clinical study examines the impact of a new oral hygiene protocol on post-operative swelling after periodontal surgery. Swelling is assessed by facial width measurement. Baseline facial width is 14.5 cm. After 3 days, the treatment group (new protocol) averages 14.8 cm, and the control group (standard protocol) averages 15.2 cm. Calculate the *difference* in facial width *increase* (swelling) between the treatment and control groups, in centimeters.</question>

5.  <question>A clinical study evaluates a new anti-inflammatory drug for reducing gingival bleeding. Bleeding on probing (BOP) is assessed at 6 sites per tooth. A patient with 28 teeth shows, on average, 2.5 bleeding sites per tooth at baseline. After treatment, the patient averages 1.25 bleeding sites per tooth. Calculate the percentage reduction in the *total* number of bleeding sites.</question>
=== Turn 1: Critic feedback ===
The questions are consistently well-structured, concise, and adhere to formatting guidelines. They successfully model biological scenarios and require numerical answers to single-part problems, avoiding "how-based" questions.

However, a significant weakness across all questions is their limited engagement with **biological principles** in the multi-step reasoning. While set in a biological context, the calculations are almost entirely *arithmetic* (percentage change, mean, difference, multiplication) rather than requiring the application of core biological concepts, relationships, or complex biological interpretation beyond simple data extraction.

Here's a breakdown of each question's strengths and areas for improvement, focusing on Guideline #3: "Force Multi-Step Reasoning: Ensure the solution involves two or more biological principles or steps."

---

**Question 1:**
<question>A prospective, single-blinded clinical study evaluates the effectiveness of a new mouthwash in reducing gingival inflammation. Twenty patients with mild gingivitis are enrolled and randomly assigned to a treatment group (new mouthwash) or a control group (placebo). The Modified Gingival Index (MGI) assesses inflammation. The treatment group's MGI decreased from 1.8 to 1.2 after two weeks. Calculate the percentage reduction in MGI score.</question>

*   **Critique:**
    *   **Strengths:** Excellent scenario, concise, clear, numerical answer, single solution.
    *   **Area for Improvement (Guideline #3):** The solution involves a single arithmetic calculation (percentage change). It does not require understanding or applying biological principles beyond interpreting the MGI as a measure of inflammation. The statistical context (study design, blinding) is descriptive but not integrated into the calculation logic.
*   **Actionable Feedback:** To enhance biological reasoning, consider linking the MGI change to a biological threshold, or asking about the required reduction in a specific contributing factor (e.g., bacterial load) to achieve the observed MGI change, requiring a biological relationship to be used.

---

**Question 2:**
<question>A dental clinic compares interdental brushes and chlorhexidine mouthwash for post-surgical oral hygiene. A randomized, controlled trial measures patient discomfort using a visual analog scale (VAS) from 0 to 10. Group A (n=25) using interdental brushes has raw VAS scores summing to 80. Group B (n=25) using chlorhexidine mouthwash has raw VAS scores summing to 142. Calculate the absolute value of the difference between the *mean* VAS scores of the two groups.</question>

*   **Critique:**
    *   **Strengths:** Good scenario, clear, numerical answer, single solution, requires two steps (mean calculation).
    *   **Area for Improvement (Guideline #3):** Similar to Q1, the calculation is purely mathematical/statistical (mean, difference). No specific biological principles or conceptual understanding of discomfort mechanisms are required for the solution.
*   **Actionable Feedback:** Integrate biological context into the calculation. For example, "Given that VAS scores above 7 indicate severe discomfort affecting patient compliance, what is the *proportion* of patients in each group likely to experience severe discomfort, assuming a normal distribution, and what is the difference in these proportions?" This would require statistical interpretation with biological implications.

---

**Question 3:**
<question>During an assessment of intraoperative bleeding, a surgical team compared a novel resorbable barrier membrane with sutures alone for soft tissue support. The membrane group (n=20) had a mean blood loss of 15 mL. The suture group (n=20) had a mean blood loss of 25 mL. Calculate the percentage reduction in mean blood loss using the resorbable membrane compared to sutures alone.</question>

*   **Critique:**
    *   **Strengths:** Relevant scenario, clear, numerical answer, single solution.
    *   **Area for Improvement (Guideline #3):** This is another straightforward percentage reduction calculation. It tests arithmetic skills in a biological context, but not deep biological reasoning.
*   **Actionable Feedback:** Introduce a biological principle. For instance, "If each milliliter of blood loss corresponds to the loss of X grams of hemoglobin, and a patient's hemoglobin concentration is Y g/dL, calculate the total hemoglobin saved by using the resorbable membrane compared to sutures alone." This would connect blood loss to a physiological parameter.

---

**Question 4:**
<question>A clinical study examines the impact of a new oral hygiene protocol on post-operative swelling after periodontal surgery. Swelling is assessed by facial width measurement. Baseline facial width is 14.5 cm. After 3 days, the treatment group (new protocol) averages 14.8 cm, and the control group (standard protocol) averages 15.2 cm. Calculate the *difference* in facial width *increase* (swelling) between the treatment and control groups, in centimeters.</question>

*   **Critique:**
    *   **Strengths:** Good scenario, clear, units consistent, numerical answer, single solution, multi-step arithmetic.
    *   **Area for Improvement (Guideline #3):** The problem is purely arithmetic (subtractions). It assesses quantitative data comparison but does not involve biological reasoning about swelling mechanisms or its impact.
*   **Actionable Feedback:** Incorporate biological interpretation. "Given that facial width increase is directly proportional to tissue fluid accumulation, and assuming tissue density of 1 g/cm³, how many *extra* grams of fluid accumulated in the control group's affected area compared to the treatment group's, per unit of affected facial width?" This would link a measurement to a biological quantity.

---

**Question 5:**
<question>A clinical study evaluates a new anti-inflammatory drug for reducing gingival bleeding. Bleeding on probing (BOP) is assessed at 6 sites per tooth. A patient with 28 teeth shows, on average, 2.5 bleeding sites per tooth at baseline. After treatment, the patient averages 1.25 bleeding sites per tooth. Calculate the percentage reduction in the *total* number of bleeding sites.</question>

*   **Critique:**
    *   **Strengths:** Good scenario, clear, numerical answer, single solution, involves multiplication before percentage reduction.
    *   **Area for Improvement (Guideline #3):** The calculation is a series of arithmetic steps (multiplication for total sites, then percentage change). It does not require applying biological principles related to inflammation, drug action, or tissue healing.
*   **Actionable Feedback:** To add biological reasoning, consider: "If each bleeding site represents a localized inflammatory response involving 10^4 inflammatory cells, calculate the reduction in *total* inflammatory cells at the sites due to the treatment." This connects a quantitative measure to a cellular biological concept.

---

**Overall Summary and Recommendation:**

The current questions are excellent for assessing quantitative literacy in a biological context. However, they consistently fall short on forcing "two or more **biological principles** or steps" in their solution. They are more aligned with an applied mathematics or biostatistics assessment than a deep biology assessment that integrates conceptual understanding and physical reasoning of biological phenomena.

**Key Recommendation:** For future questions, focus on incorporating steps that necessitate the application of a specific biological principle, formula, or interpretative knowledge to arrive at the solution, rather than just using biological terms as context for purely mathematical operations.
=== Turn 2: Author refines questions ===
Okay, here's a revised set of biology questions, incorporating the feedback to emphasize multi-step reasoning and the application of biological principles. Each question is designed to require more than just arithmetic calculation and includes elements of biological interpretation or conceptual understanding.

1.  <question>A prospective, single-blinded clinical study evaluates the effectiveness of a new mouthwash in reducing gingival inflammation. Twenty patients with mild gingivitis are enrolled and randomly assigned to a treatment group (new mouthwash) or a control group (placebo). The Modified Gingival Index (MGI) assesses inflammation, where MGI is proportional to the number of inflammatory cells. The treatment group's MGI decreased from 1.8 to 1.2 after two weeks. If an MGI of 1.0 corresponds to approximately 5000 inflammatory cells per mm³ of tissue, estimate the *reduction* in the number of inflammatory cells per mm³ of tissue in the treatment group.</question>

2.  <question>A dental clinic compares interdental brushes and chlorhexidine mouthwash for post-surgical oral hygiene. A randomized, controlled trial measures patient discomfort using a visual analog scale (VAS) from 0 to 10. Group A (n=25) using interdental brushes has raw VAS scores summing to 80. Group B (n=25) using chlorhexidine mouthwash has raw VAS scores summing to 142. If each unit increase on the VAS scale represents a 10% increase in prostaglandin E2 (PGE2) concentration (a pain mediator), estimate the *percentage difference* in PGE2 concentration between the two groups, based on their *mean* VAS scores.</question>

3.  <question>During an assessment of intraoperative bleeding, a surgical team compared a novel resorbable barrier membrane with sutures alone for soft tissue support. The membrane group (n=20) had a mean blood loss of 15 mL. The suture group (n=20) had a mean blood loss of 25 mL.  Assuming a hematocrit of 40%, and that each microliter (µL) of packed red blood cells contains approximately 5 million erythrocytes, calculate the *difference* in the total number of erythrocytes lost *per patient* between the suture group and the membrane group (express your answer in scientific notation, e.g., X.YZ x 10^N).</question>

4.  <question>A clinical study examines the impact of a new oral hygiene protocol on post-operative swelling after periodontal surgery. Swelling is assessed by facial width measurement. Baseline facial width is 14.5 cm. After 3 days, the treatment group (new protocol) averages 14.8 cm, and the control group (standard protocol) averages 15.2 cm. Assuming the facial tissue is primarily composed of water (density = 1 g/mL), and that the increased facial width is due to uniform fluid accumulation along a 2 cm depth, calculate the *difference* in the *volume* of excess fluid accumulated in the control group compared to the treatment group.</question>

5.  <question>A clinical study evaluates a new anti-inflammatory drug for reducing gingival bleeding. Bleeding on probing (BOP) is assessed at 6 sites per tooth. A patient with 28 teeth shows, on average, 2.5 bleeding sites per tooth at baseline. After treatment, the patient averages 1.25 bleeding sites per tooth. Assume that each bleeding site is caused by the rupture of capillaries releasing an average of 1000 red blood cells, and each red blood cell contains approximately 30 picograms of hemoglobin. Calculate the reduction in total amount of hemoglobin (in micrograms) released during probing after the treatment, compared to baseline.</question>
=== Final questions generated ===
