=== Turn 0: Author generates questions ===
Here are some novel undergraduate-level biology questions based on the provided topics, key concepts, and guidelines:

1.  <question>A farmer applies zinc oxide nanoparticles (ZnO NPs) to their tomato crop to enhance fruit yield. The soil concentration of ZnO NPs is $50\,\mathrm{mg/kg}$. After irrigation, the ZnO NPs release $Zn^{2+}$ ions into the soil solution. Assume that the plant uptake of $Zn^{2+}$ is directly proportional to its concentration in the soil solution. It is also observed that a fraction of the applied ZnO NPs undergoes photocatalytic dissolution under solar irradiation. The photocatalytic dissolution rate is $0.01\,\mathrm{mg/kg/day}$, whereas the dissolution without solar radiation is negligible. After 10 days, what is the *total* amount of $Zn^{2+}$ (in $\mathrm{mg/kg}$) released into the soil solution *only* due to photocatalysis?</question>

2.  <question>A research team is investigating the toxicity of copper oxide nanoparticles (CuO NPs) on a 3D liver tissue model. The model initially contains $1 \times 10^6$ cells. After exposure to CuO NPs ($100\,\mathrm{\mu g/mL}$) for 24 hours, a portion of the cells undergo apoptosis. The rate of apoptosis is directly proportional to the intracellular concentration of $Cu^{2+}$ ions released from the CuO NPs. It is found that each cell internalizes $5 \times 10^{-15}\,\mathrm{g}$ of CuO NPs, and each CuO NP releases one $Cu^{2+}$ ion. The apoptosis rate constant ($k$) is $2.0 \times 10^{-7}$ per $Cu^{2+}$ ion per cell. What is the number of cells that will undergo apoptosis after 24 hours, assuming one $Cu^{2+}$ ion causes apoptosis in one cell?</question>

3.  <question>A scientist is studying the degradation of pesticide X in an aqueous solution using titanium dioxide nanoparticles ($TiO_2$ NPs) as a photocatalyst. The initial concentration of pesticide X is $100\,\mathrm{\mu g/L}$. The degradation of pesticide X follows first-order kinetics under UV irradiation. The rate constant ($k$) for the degradation is $0.05\,\mathrm{h^{-1}}$. After 10 hours of UV irradiation, a fraction of the $TiO_2$ NPs get released to the environment. What is the concentration of pesticide X (in $\mathrm{\mu g/L}$) remaining in the solution after 10 hours?</question>

4.  <question>A researcher is evaluating the impact of cerium oxide nanoparticles ($CeO_2$ NPs) on the root elongation of *Arabidopsis thaliana*. In control conditions, the average root length is $5\,\mathrm{cm}$ after 7 days. When exposed to $CeO_2$ NPs ($50\,\mathrm{mg/L}$), the root elongation is inhibited. The rate of inhibition is proportional to the concentration of $Ce^{3+}$ ions released from the $CeO_2$ NPs. It is determined that $CeO_2$ NPs release $1 \times 10^{-6}\,\mathrm{mol/L}$ of $Ce^{3+}$ ions per day. If the root elongation rate is reduced by $0.1\,\mathrm{cm/day}$ for every $1 \times 10^{-6}\,\mathrm{mol/L}$ of $Ce^{3+}$ ions, what is the average root length (in $\mathrm{cm}$) after 7 days of exposure to $CeO_2$ NPs?</question>

5. <question>A bioremediation system is being designed to degrade antibiotic Y using iron oxide nanoparticles ($Fe_3O_4$ NPs) under solar light. The initial concentration of antibiotic Y is $200\,\mathrm{\mu g/L}$. The degradation follows first-order kinetics, and the rate constant ($k$) is $0.02\,\mathrm{h^{-1}}$. The $Fe_3O_4$ NPs enhance the degradation rate by a factor of 2 due to photocatalytic activity. What is the concentration of antibiotic Y (in $\mathrm{\mu g/L}$) remaining after 24 hours of treatment?</question>
=== Turn 0: Critic feedback ===
Here's a critique of each question against your guidelines, focusing on actionable feedback for improvement:

**General Feedback on LaTeX/Formatting:**
All questions adhere to the LaTeX formatting guidelines (inline math, variables, units enclosed in `$`) and are wrapped in `<question>` tags. This is well done.

---

### Question 1: Zinc Oxide Nanoparticles and Tomato Crop

<question>A farmer applies zinc oxide nanoparticles (ZnO NPs) to their tomato crop to enhance fruit yield. The soil concentration of ZnO NPs is $50\,\mathrm{mg/kg}$. After irrigation, the ZnO NPs release $Zn^{2+}$ ions into the soil solution. Assume that the plant uptake of $Zn^{2+}$ is directly proportional to its concentration in the soil solution. It is also observed that a fraction of the applied ZnO NPs undergoes photocatalytic dissolution under solar irradiation. The photocatalytic dissolution rate is $0.01\,\mathrm{mg/kg/day}$, whereas the dissolution without solar radiation is negligible. After 10 days, what is the *total* amount of $Zn^{2+}$ (in $\mathrm{mg/kg}$) released into the soil solution *only* due to photocatalysis?</question>

**Critique:**

*   **Guideline 1 (Model biology Scenario):** Yes, good biological context (farmer, tomato, plant uptake).
*   **Guideline 3 (Force Multi-Step Reasoning):** This is a single-step calculation ($rate \times time$). While it's within a biological scenario, the core problem is a basic arithmetic calculation of accumulated release over time, not requiring multiple *biological* principles or complex analytical steps.
*   **Biological Depth:** The question explicitly asks for the amount released *only* due to photocatalysis, making the information about "plant uptake of $Zn^{2+}$ is directly proportional to its concentration" a distractor that doesn't deepen the biological reasoning required for the solution. The problem primarily tests basic unit conversion and multiplication, not complex biological dynamics or interactions.
*   **Units:** "Total amount of $Zn^{2+}$ (in $\mathrm{mg/kg}$) released into the soil solution" is slightly ambiguous. $mg/kg$ typically refers to a mass per mass of soil. If it implies the mass of $Zn^{2+}$ released into the soil solution *per kg of soil*, it's acceptable. However, for a concentration *in solution*, $\mathrm{mg/L}$ or $\mathrm{mol/L}$ would be more conventional.

**Actionable Feedback for Improvement:**

1.  **Enhance Multi-Step Biological Reasoning:** Integrate the "plant uptake" aspect into the calculation. For example, ask for the *net* concentration of $Zn^{2+}$ available for uptake after accounting for both release and a given uptake rate over time, or ask about the predicted impact on yield given the $Zn^{2+}$ concentration.
2.  **Increase Biological Complexity:** Introduce concepts like bioavailability, specific transporters, or feedback mechanisms related to $Zn^{2+}$ uptake/toxicity to move beyond a simple chemical release calculation.
3.  **Clarify Units:** Rephrase "total amount of $Zn^{2+}$ (in $\mathrm{mg/kg}$) released into the soil solution" to explicitly state "total mass of $Zn^{2+}$ (in $\mathrm{mg}$) released per kg of soil" or specify if it's referring to a concentration in soil water.

---

### Question 2: Copper Oxide Nanoparticles and Liver Tissue Toxicity

<question>A research team is investigating the toxicity of copper oxide nanoparticles (CuO NPs) on a 3D liver tissue model. The model initially contains $1 \times 10^6$ cells. After exposure to CuO NPs ($100\,\mathrm{\mu g/mL}$) for 24 hours, a portion of the cells undergo apoptosis. The rate of apoptosis is directly proportional to the intracellular concentration of $Cu^{2+}$ ions released from the CuO NPs. It is found that each cell internalizes $5 \times 10^{-15}\,\mathrm{g}$ of CuO NPs, and each CuO NP releases one $Cu^{2+}$ ion. The apoptosis rate constant ($k$) is $2.0 \times 10^{-7}$ per $Cu^{2+}$ ion per cell. What is the number of cells that will undergo apoptosis after 24 hours, assuming one $Cu^{2+}$ ion causes apoptosis in one cell?</question>

**Critique:**

*   **Guideline 1 (Model biology Scenario):** Yes, good biological context (liver tissue, apoptosis, toxicity).
*   **Guideline 3 (Force Multi-Step Reasoning):** The question introduces several steps (NPs internalized $\rightarrow$ ions released $\rightarrow$ apoptosis), but the final simplifying assumption ("assuming one $Cu^{2+}$ ion causes apoptosis in one cell") largely negates the multi-step complexity and the relevance of the "apoptosis rate constant ($k$)" and the initial cell count ($1 \times 10^6$ cells). If one ion kills one cell, the answer is simply the total number of ions released, making the prior information largely irrelevant and the problem much simpler than intended.
*   **Biological Realism/Assumptions:**
    *   "Each CuO NP releases one $Cu^{2+}$ ion" is chemically highly unrealistic. Nanoparticles contain vast numbers of atoms; dissolution would release many ions per nanoparticle. This oversimplification undermines the chemical rigor.
    *   The units of the apoptosis rate constant ($k = 2.0 \times 10^{-7}$ per $Cu^{2+}$ ion per cell) are problematic and inconsistent with a typical rate constant for apoptosis, especially when combined with the "one ion per cell" assumption. A rate constant usually relates to a change in cell number over time.
    *   The concentration of CuO NPs ($100\,\mathrm{\mu g/mL}$) is given but not used if the problem focuses on *internalized* NPs per cell.

**Actionable Feedback for Improvement:**

1.  **Remove Contradictory/Simplifying Assumptions:** Eliminate "assuming one $Cu^{2+}$ ion causes apoptosis in one cell" and make the rate constant $k$ meaningful. Redefine $k$ (e.g., $k$ per intracellular $Cu^{2+}$ concentration per unit time) and formulate the apoptosis as a kinetic process (e.g., first-order apoptosis related to intracellular $Cu^{2+}$ concentration).
2.  **Enhance Chemical Realism:** Revisit the assumption about ion release from NPs. Instead of "one $Cu^{2+}$ ion per CuO NP," provide a dissolution percentage or an ion release rate per mass of NP.
3.  **Ensure All Data is Relevant:** Make sure the given concentration of CuO NPs and the initial cell number are both essential for solving the problem, contributing to the multi-step reasoning. For example, calculate total mass of NPs available, then how many are internalized per cell, then total ions.
4.  **Refine Units and Meaning of $k$:** Clarify what $k$ represents (e.g., a probability of apoptosis per cell per unit time per $Cu^{2+}$ ion, or a true kinetic rate constant for cell death).

---

### Question 3: Pesticide Degradation with Titanium Dioxide Nanoparticles

<question>A scientist is studying the degradation of pesticide X in an aqueous solution using titanium dioxide nanoparticles ($TiO_2$ NPs) as a photocatalyst. The initial concentration of pesticide X is $100\,\mathrm{\mu g/L}$. The degradation of pesticide X follows first-order kinetics under UV irradiation. The rate constant ($k$) for the degradation is $0.05\,\mathrm{h^{-1}}$. After 10 hours of UV irradiation, a fraction of the $TiO_2$ NPs get released to the environment. What is the concentration of pesticide X (in $\mathrm{\mu g/L}$) remaining in the solution after 10 hours?</question>

**Critique:**

*   **Guideline 1 (Model biology Scenario):** Yes, biological context (pesticide degradation, environmental release).
*   **Guideline 3 (Force Multi-Step Reasoning):** This is a standard single-step first-order kinetics calculation ($C_t = C_0 e^{-kt}$). While it involves a formula, it doesn't really require multiple *biological* principles or complex analytical steps beyond a single equation.
*   **Biological Depth:** The question is primarily a chemical kinetics problem (first-order decay). The biological aspect is in the *application* (pesticide degradation), but the core concept tested is mathematical modeling, not a biological mechanism. The mention of "$TiO_2$ NPs get released to the environment" is a distractor and doesn't factor into the problem's solution, reducing the perceived multi-step complexity or biological relevance.

**Actionable Feedback for Improvement:**

1.  **Integrate Biological Impact:** To make it more biologically complex, ask for the *impact* of the remaining pesticide on a biological system (e.g., "What concentration of pesticide X is absorbed by an organism, assuming 10% absorption of the remaining concentration after 10 hours, and what is the resulting exposure dose?").
2.  **Incorporate NP Fate/Effect:** Make the information about $TiO_2$ NPs' release relevant. For instance, link it to a subsequent problem of environmental risk assessment or a reduction in photocatalytic activity over time due to loss of NPs, requiring a variable rate constant or a more complex kinetic model.
3.  **Increase Complexity of Kinetics:** While first-order kinetics is valid, consider introducing competitive degradation pathways or saturation kinetics if the aim is to challenge at an undergraduate level.

---

### Question 4: Cerium Oxide Nanoparticles and Root Elongation

<question>A researcher is evaluating the impact of cerium oxide nanoparticles ($CeO_2$ NPs) on the root elongation of *Arabidopsis thaliana*. In control conditions, the average root length is $5\,\mathrm{cm}$ after 7 days. When exposed to $CeO_2$ NPs ($50\,\mathrm{mg/L}$), the root elongation is inhibited. The rate of inhibition is proportional to the concentration of $Ce^{3+}$ ions released from the $CeO_2$ NPs. It is determined that $CeO_2$ NPs release $1 \times 10^{-6}\,\mathrm{mol/L}$ of $Ce^{3+}$ ions per day. If the root elongation rate is reduced by $0.1\,\mathrm{cm/day}$ for every $1 \times 10^{-6}\,\mathrm{mol/L}$ of $Ce^{3+}$ ions, what is the average root length (in $\mathrm{cm}$) after 7 days of exposure to $CeO_2$ NPs?</question>

**Critique:**

*   **Guideline 1 (Model biology Scenario):** Excellent biological context (root elongation, *Arabidopsis thaliana*, inhibition).
*   **Guideline 3 (Force Multi-Step Reasoning):** Yes, this requires multiple steps: calculate daily ion release, determine daily inhibition, calculate total inhibition over 7 days, and finally subtract from the control length. This meets the criteria well.
*   **Biological Depth:** The problem directly links a chemical factor ($Ce^{3+}$ ions) to a biological response (root inhibition), which is a good example of applying chemical concepts to biological systems. The proportionality is a reasonable simplification for an undergraduate problem.
*   **Clarity:** The question is clear and concise, with all necessary information provided and used.

**Actionable Feedback for Improvement:**

1.  **Introduce Non-Linearity (Optional):** For higher challenge, introduce a non-linear dose-response curve for inhibition (e.g., saturation at high concentrations) instead of simple proportionality, though this might increase complexity beyond what's desired for a numerical answer.
2.  **Vary Initial Conditions:** Instead of a fixed length after 7 days in control, provide a control elongation rate, forcing students to calculate the control length first, adding another step.
3.  **Relate to Mechanisms (Implicitly):** While the question is good, for future questions, consider if there's a way to implicitly touch upon a biological mechanism (e.g., "ions bind to specific transporters, reducing water uptake and thus elongation," even if the calculation remains similar).

---

### Question 5: Bioremediation System with Iron Oxide Nanoparticles

<question>A bioremediation system is being designed to degrade antibiotic Y using iron oxide nanoparticles ($Fe_3O_4$ NPs) under solar light. The initial concentration of antibiotic Y is $200\,\mathrm{\mu g/L}$. The degradation follows first-order kinetics, and the rate constant ($k$) is $0.02\,\mathrm{h^{-1}}$. The $Fe_3O_4$ NPs enhance the degradation rate by a factor of 2 due to photocatalytic activity. What is the concentration of antibiotic Y (in $\mathrm{\mu g/L}$) remaining after 24 hours of treatment?</question>

**Critique:**

*   **Guideline 1 (Model biology Scenario):** Yes, good biological context (bioremediation, antibiotic degradation).
*   **Guideline 3 (Force Multi-Step Reasoning):** Yes, this requires two steps: adjust the rate constant based on the enhancement factor, then apply the first-order kinetics equation. This meets the criteria.
*   **Biological Depth:** Similar to Question 3, this is primarily a chemical kinetics problem. While the *application* is biological (bioremediation of an antibiotic), the core principle tested is mathematical modeling of degradation kinetics. The "biological principles or steps" beyond the context are limited.

**Actionable Feedback for Improvement:**

1.  **Incorporate Biological Agents:** To increase biological depth, introduce a microbial component to the bioremediation. For example, the NPs enhance the *microbial* degradation rate, or the NPs themselves are degraded by microorganisms over time, affecting their catalytic activity. This would add a multi-step biological interaction.
2.  **Vary Conditions Over Time:** Introduce variability in solar light intensity over 24 hours (e.g., light for 12h, dark for 12h, with different rate constants for each phase), forcing students to calculate degradation in phases.
3.  **Connect to Ecotoxicity:** After calculating the remaining concentration, ask about its environmental impact or a threshold concentration for toxicity to non-target organisms, adding a biological interpretation step.
=== Turn 1: Author refines questions ===
```xml
<question>A farmer applies zinc oxide nanoparticles (ZnO NPs) to their tomato crop to enhance fruit yield. The soil concentration of ZnO NPs is $50\,\mathrm{mg/kg}$. After irrigation, the ZnO NPs release $Zn^{2+}$ ions into the soil solution. Assume that plant uptake of $Zn^{2+}$ is directly proportional to its concentration in the soil solution. The photocatalytic dissolution rate of ZnO NPs under solar irradiation is $0.01\,\mathrm{mg/kg/day}$, releasing $Zn^{2+}$ ions. Plants absorb $Zn^{2+}$ from the soil solution at a rate of $10\%$ of the *total* $Zn^{2+}$ released per day, per kg of soil. After 10 days, what is the *net* amount of $Zn^{2+}$ (in $\mathrm{mg/kg}$) available in the soil solution for plant uptake, considering photocatalytic release and plant absorption?</question>

<question>A research team is investigating the toxicity of copper oxide nanoparticles (CuO NPs) on a 3D liver tissue model. The model initially contains $1 \times 10^6$ cells. After exposure to CuO NPs ($100\,\mathrm{\mu g/mL}$) for 24 hours, a portion of the cells undergo apoptosis. Each cell internalizes $5 \times 10^{-15}\,\mathrm{g}$ of CuO NPs.  CuO NPs release $Cu^{2+}$ ions intracellularly at a rate of $0.1\%$ of their mass per hour. The probability of a cell undergoing apoptosis ($P_{apoptosis}$) is directly proportional to the *total* intracellular $Cu^{2+}$ concentration ($[Cu^{2+}]_{intracellular}$), following the relationship: $P_{apoptosis} = k \cdot [Cu^{2+}]_{intracellular}$, where $k = 1.0 \times 10^8\,\mathrm{L/mol}$. Assuming the volume of each cell is $10^{-12}\,\mathrm{L}$, what is the *number* of cells expected to undergo apoptosis after 24 hours?</question>

<question>A scientist is studying the degradation of pesticide X in an aqueous solution using titanium dioxide nanoparticles ($TiO_2$ NPs) as a photocatalyst. The initial concentration of pesticide X is $100\,\mathrm{\mu g/L}$. The degradation of pesticide X follows first-order kinetics under UV irradiation. The rate constant ($k_1$) for the degradation in the presence of $TiO_2$ NPs is $0.05\,\mathrm{h^{-1}}$. A competing degradation pathway exists due to native soil microorganisms, with a rate constant ($k_2$) of $0.01\,\mathrm{h^{-1}}$. After 10 hours of UV irradiation, what is the concentration of pesticide X (in $\mathrm{\mu g/L}$) remaining in the solution, considering both degradation pathways operate simultaneously?</question>

<question>A researcher is evaluating the impact of cerium oxide nanoparticles ($CeO_2$ NPs) on the root elongation of *Arabidopsis thaliana*. Under control conditions, the *daily* root elongation rate is $0.7\,\mathrm{cm/day}$. When exposed to $CeO_2$ NPs ($50\,\mathrm{mg/L}$), the root elongation is inhibited.  $CeO_2$ NPs release $1 \times 10^{-6}\,\mathrm{mol/L}$ of $Ce^{3+}$ ions per day. The *daily* root elongation rate is reduced by $0.1\,\mathrm{cm/day}$ for every $1 \times 10^{-6}\,\mathrm{mol/L}$ of $Ce^{3+}$ ions, *until a minimum elongation rate of 0.2 cm/day is reached*. What is the average root length (in $\mathrm{cm}$) after 7 days of exposure to $CeO_2$ NPs, assuming roots start at 0 cm length?</question>

<question>A bioremediation system is being designed to degrade antibiotic Y using iron oxide nanoparticles ($Fe_3O_4$ NPs) under solar light, *mediated by the bacteria Bacillus subtilis*. The initial concentration of antibiotic Y is $200\,\mathrm{\mu g/L}$. The degradation by *B. subtilis* alone follows first-order kinetics with a rate constant ($k$) of $0.02\,\mathrm{h^{-1}}$. The $Fe_3O_4$ NPs *enhance the bacterial degradation rate* by a factor of 2 due to photocatalytic activity. However, after 12 hours, the nanoparticles begin to aggregate, reducing their enhancement effect proportionally to the square root of time (hours) beyond 12 hours.  What is the concentration of antibiotic Y (in $\mathrm{\mu g/L}$) remaining after 24 hours of treatment?</question>
```
=== Turn 1: Critic feedback ===
As a biology assessment expert, I've evaluated your questions against the provided guidelines. Overall, the questions are strong in terms of modeling biological scenarios, requiring multi-step reasoning, and originality. However, some have critical ambiguities or inconsistencies in formatting that need addressing.

Here's a detailed critique for each question:

---

### Question 1 Critique

<question>A farmer applies zinc oxide nanoparticles (ZnO NPs) to their tomato crop to enhance fruit yield. The soil concentration of ZnO NPs is $50\,\mathrm{mg/kg}$. After irrigation, the ZnO NPs release $Zn^{2+}$ ions into the soil solution. Assume that plant uptake of $Zn^{2+}$ is directly proportional to its concentration in the soil solution. The photocatalytic dissolution rate of ZnO NPs under solar irradiation is $0.01\,\mathrm{mg/kg/day}$, releasing $Zn^{2+}$ ions. Plants absorb $Zn^{2+}$ from the soil solution at a rate of $10\%$ of the *total* $Zn^{2+}$ released per day, per kg of soil. After 10 days, what is the *net* amount of $Zn^{2+}$ (in $\mathrm{mg/kg}$) available in the soil solution for plant uptake, considering photocatalytic release and plant absorption?</question>

*   **Strengths:**
    *   **Guideline 1 (Model a biology Scenario):** Excellent real-world application.
    *   **Guideline 3 (Force Multi-Step Reasoning):** Requires calculating daily release, daily uptake, and then cumulative net change.
    *   **Guideline 5 (Be Unique):** Novel problem integrating NP behavior with plant uptake.
    *   **Guideline 7 & 9 (Rigorous, Units):** Generally rigorous and units are consistent.
*   **Weaknesses & Recommended Improvements:**
    *   **Ambiguity in Phrasing:** The phrase "Plants absorb $Zn^{2+}$ from the soil solution at a rate of $10\%$ of the *total* $Zn^{2+}$ released per day" is ambiguous. It's unclear if "total $Zn^{2+}$ released per day" refers to the *daily release rate* ($0.01\,\mathrm{mg/kg/day}$) or the *cumulative total* $Zn^{2+}$ released up to that day. Assuming the former, the net daily increase is constant. If the latter, the absorption rate would increase over time, making the problem more complex.
        *   **Actionable Feedback:** Rephrase to clarify the basis of the $10\%$ absorption. For example: "Plants absorb $Zn^{2+}$ from the soil solution at a rate of $10\%$ of the *amount of* $Zn^{2+}$ released *on that specific day* by photocatalytic dissolution, per kg of soil."
    *   **Guideline 11 (LaTeX Consistency):** Not all numerical values are consistently wrapped in math mode. For instance, "$50\,\mathrm{mg/kg}$" and "$0.01\,\mathrm{mg/kg/day}$" should have the numbers ($50$ and $0.01$) within the dollar signs.
        *   **Actionable Feedback:** Ensure *all* numbers and variables, including their units, are enclosed in `$...$` (e.g., `The soil concentration of ZnO NPs is $50\,\mathrm{mg/kg}$.`).

---

### Question 2 Critique

<question>A research team is investigating the toxicity of copper oxide nanoparticles (CuO NPs) on a 3D liver tissue model. The model initially contains $1 \times 10^6$ cells. After exposure to CuO NPs ($100\,\mathrm{\mu g/mL}$) for 24 hours, a portion of the cells undergo apoptosis. Each cell internalizes $5 \times 10^{-15}\,\mathrm{g}$ of CuO NPs.  CuO NPs release $Cu^{2+}$ ions intracellularly at a rate of $0.1\%$ of their mass per hour. The probability of a cell undergoing apoptosis ($P_{apoptosis}$) is directly proportional to the *total* intracellular $Cu^{2+}$ concentration ($[Cu^{2+}]_{intracellular}$), following the relationship: $P_{apoptosis} = k \cdot [Cu^{2+}]_{intracellular}$, where $k = 1.0 \times 10^8\,\mathrm{L/mol}$. Assuming the volume of each cell is $10^{-12}\,\mathrm{L}$, what is the *number* of cells expected to undergo apoptosis after 24 hours?</question>

*   **Strengths:**
    *   **Guideline 1 (Model a biology Scenario):** Highly realistic and relevant scenario in nanotoxicology and cell biology.
    *   **Guideline 3 (Force Multi-Step Reasoning):** Requires numerous conversions and calculations (mass to concentration, rate over time, probability calculation, number of cells). This is excellent for multi-step reasoning.
    *   **Guideline 5 (Be Unique):** Very unique and well-thought-out.
    *   **Guideline 7 & 9 (Rigorous, Units):** Phrasing is rigorous, and units are consistently used and correctly presented, requiring careful unit conversion during calculation.
    *   **Guideline 11 (LaTeX Consistency):** All numerical values, variables, and units are correctly formatted with LaTeX math mode.
*   **Weaknesses & Recommended Improvements:**
    *   None. This question is exceptionally well-crafted and meets all guidelines.

---

### Question 3 Critique

<question>A scientist is studying the degradation of pesticide X in an aqueous solution using titanium dioxide nanoparticles ($TiO_2$ NPs) as a photocatalyst. The initial concentration of pesticide X is $100\,\mathrm{\mu g/L}$. The degradation of pesticide X follows first-order kinetics under UV irradiation. The rate constant ($k_1$) for the degradation in the presence of $TiO_2$ NPs is $0.05\,\mathrm{h^{-1}}$. A competing degradation pathway exists due to native soil microorganisms, with a rate constant ($k_2$) of $0.01\,\mathrm{h^{-1}}$. After 10 hours of UV irradiation, what is the concentration of pesticide X (in $\mathrm{\mu g/L}$) remaining in the solution, considering both degradation pathways operate simultaneously?</question>

*   **Strengths:**
    *   **Guideline 1 (Model a biology Scenario):** Good environmental science/bioremediation scenario involving both chemical and biological degradation.
    *   **Guideline 3 (Force Multi-Step Reasoning):** Requires combining two rate constants and then applying the first-order decay equation.
    *   **Guideline 5 (Be Unique):** A good twist on standard kinetics problems by combining two distinct pathways.
    *   **Guideline 7 & 9 (Rigorous, Units):** Concise, rigorous phrasing, and consistent units.
    *   **Guideline 11 (LaTeX Consistency):** All numerical values, variables, and units are correctly formatted with LaTeX math mode.
*   **Weaknesses & Recommended Improvements:**
    *   None. This is another very strong question that adheres to all guidelines.

---

### Question 4 Critique

<question>A researcher is evaluating the impact of cerium oxide nanoparticles ($CeO_2$ NPs) on the root elongation of *Arabidopsis thaliana*. Under control conditions, the *daily* root elongation rate is $0.7\,\mathrm{cm/day}$. When exposed to $CeO_2$ NPs ($50\,\mathrm{mg/L}$), the root elongation is inhibited.  $CeO_2$ NPs release $1 \times 10^{-6}\,\mathrm{mol/L}$ of $Ce^{3+}$ ions per day. The *daily* root elongation rate is reduced by $0.1\,\mathrm{cm/day}$ for every $1 \times 10^{-6}\,\mathrm{mol/L}$ of $Ce^{3+}$ ions, *until a minimum elongation rate of 0.2 cm/day is reached*. What is the average root length (in $\mathrm{cm}$) after 7 days of exposure to $CeO_2$ NPs, assuming roots start at 0 cm length?</question>

*   **Strengths:**
    *   **Guideline 1 (Model a biology Scenario):** Specific and relevant plant biology/nanotoxicology scenario.
    *   **Guideline 3 (Force Multi-Step Reasoning):** Involves calculating daily reduction, checking against a minimum threshold, and then summing daily elongations over time.
    *   **Guideline 5 (Be Unique):** The dynamic inhibition with a minimum threshold is novel.
    *   **Guideline 7 & 9 (Rigorous, Units):** Units are consistent and phrasing is mostly good.
    *   **Guideline 11 (LaTeX Consistency):** All numerical values, variables, and units are correctly formatted with LaTeX math mode.
*   **Weaknesses & Recommended Improvements:**
    *   **Ambiguity in Phrasing:** The phrase "$CeO_2$ NPs release $1 \times 10^{-6}\,\mathrm{mol/L}$ of $Ce^{3+}$ ions per day" is ambiguous. It's unclear if this represents a *constant daily concentration* in the solution (e.g., due to equilibrium or continuous removal), or if it implies a *cumulative increase* in $Ce^{3+}$ concentration over time, with the daily elongation rate reduction depending on the *accumulated* concentration. These interpretations yield different answers.
        *   **Actionable Feedback:** Clarify whether the $Ce^{3+}$ concentration that causes inhibition is a steady-state daily concentration or accumulates over time. For instance, "The steady-state concentration of $Ce^{3+}$ ions in the solution is $1 \times 10^{-6}\,\mathrm{mol/L}$..." or "The concentration of $Ce^{3+}$ ions in the solution increases by $1 \times 10^{-6}\,\mathrm{mol/L}$ per day..."

---

### Question 5 Critique

<question>A bioremediation system is being designed to degrade antibiotic Y using iron oxide nanoparticles ($Fe_3O_4$ NPs) under solar light, *mediated by the bacteria Bacillus subtilis*. The initial concentration of antibiotic Y is $200\,\mathrm{\mu g/L}$. The degradation by *B. subtilis* alone follows first-order kinetics with a rate constant ($k$) of $0.02\,\mathrm{h^{-1}}$. The $Fe_3O_4$ NPs *enhance the bacterial degradation rate* by a factor of 2 due to photocatalytic activity. However, after 12 hours, the nanoparticles begin to aggregate, reducing their enhancement effect proportionally to the square root of time (hours) beyond 12 hours.  What is the concentration of antibiotic Y (in $\mathrm{\mu g/L}$) remaining after 24 hours of treatment?</question>

*   **Strengths:**
    *   **Guideline 1 (Model a biology Scenario):** Complex and realistic bioremediation scenario.
    *   **Guideline 5 (Be Unique):** Very original concept of time-dependent nanoparticle activity and aggregation.
    *   **Guideline 7 & 9 (Rigorous, Units):** Phrasing is mostly concise, and units are consistent.
    *   **Guideline 11 (LaTeX Consistency):** All numerical values, variables, and units are correctly formatted with LaTeX math mode.
*   **Weaknesses & Recommended Improvements:**
    *   **Major Ambiguity/Unsolvability (Guideline 6 - Single Solution):** The most significant weakness is the description of the decreasing enhancement effect: "reducing their enhancement effect proportionally to the square root of time (hours) beyond 12 hours." This statement is critically underspecified and leads to multiple interpretations (or no solvable interpretation):
        1.  **What is "their enhancement effect"?** Is it the factor of 2, or the additional rate constant provided by the NPs?
        2.  **What is the proportionality constant?** "Proportionally" implies a constant of proportionality, which is missing. Without it, the problem is unsolvable.
        3.  **Exact mathematical relationship:** The precise mathematical form of the reduction needs to be explicit. Does it mean $E(t) = 2 - C\sqrt{t-12}$? Or $k_{NP}(t) = k_{NP,initial} - C\sqrt{t-12}$?
        *   **Actionable Feedback:** Rephrase this section to provide a precise mathematical function for the rate constant or enhancement factor after 12 hours, including any necessary proportionality constants. For example: "After $12$ hours, the nanoparticles begin to aggregate, causing the *additional rate constant provided by the NPs* to decrease. This additional rate constant, $k_{NP}(t)$, for $t > 12$ hours is given by $k_{NP}(t) = 0.02\,\mathrm{h^{-1}} - C \sqrt{t-12}$, where $C = 0.005\,\mathrm{h^{-3/2}}$. (If $k_{NP}(t)$ drops below $0$, assume it becomes $0$)." (This is an example and might require further refinement for solvability.)

---
=== Turn 2: Author refines questions ===
```xml
<question>A farmer applies zinc oxide nanoparticles (ZnO NPs) to their tomato crop to enhance fruit yield. The soil concentration of ZnO NPs is $50\,\mathrm{mg/kg}$. After irrigation, the ZnO NPs release $Zn^{2+}$ ions into the soil solution. Assume that plant uptake of $Zn^{2+}$ is directly proportional to its concentration in the soil solution. The photocatalytic dissolution rate of ZnO NPs under solar irradiation is $0.01\,\mathrm{mg/kg/day}$, releasing $Zn^{2+}$ ions. Plants absorb $Zn^{2+}$ from the soil solution at a rate of $10\%$ of the *amount of* $Zn^{2+}$ released *on that specific day* by photocatalytic dissolution, per kg of soil. After $10$ days, what is the *net* amount of $Zn^{2+}$ (in $\mathrm{mg/kg}$) available in the soil solution for plant uptake, considering photocatalytic release and plant absorption?</question>

<question>A research team is investigating the toxicity of copper oxide nanoparticles (CuO NPs) on a 3D liver tissue model. The model initially contains $1 \times 10^6$ cells. After exposure to CuO NPs ($100\,\mathrm{\mu g/mL}$) for $24$ hours, a portion of the cells undergo apoptosis. Each cell internalizes $5 \times 10^{-15}\,\mathrm{g}$ of CuO NPs.  CuO NPs release $Cu^{2+}$ ions intracellularly at a rate of $0.1\%$ of their mass per hour. The probability of a cell undergoing apoptosis ($P_{apoptosis}$) is directly proportional to the *total* intracellular $Cu^{2+}$ concentration ($[Cu^{2+}]_{intracellular}$), following the relationship: $P_{apoptosis} = k \cdot [Cu^{2+}]_{intracellular}$, where $k = 1.0 \times 10^8\,\mathrm{L/mol}$. Assuming the volume of each cell is $10^{-12}\,\mathrm{L}$, what is the *number* of cells expected to undergo apoptosis after $24$ hours?</question>

<question>A scientist is studying the degradation of pesticide X in an aqueous solution using titanium dioxide nanoparticles ($TiO_2$ NPs) as a photocatalyst. The initial concentration of pesticide X is $100\,\mathrm{\mu g/L}$. The degradation of pesticide X follows first-order kinetics under UV irradiation. The rate constant ($k_1$) for the degradation in the presence of $TiO_2$ NPs is $0.05\,\mathrm{h^{-1}}$. A competing degradation pathway exists due to native soil microorganisms, with a rate constant ($k_2$) of $0.01\,\mathrm{h^{-1}}$. After $10$ hours of UV irradiation, what is the concentration of pesticide X (in $\mathrm{\mu g/L}$) remaining in the solution, considering both degradation pathways operate simultaneously?</question>

<question>A researcher is evaluating the impact of cerium oxide nanoparticles ($CeO_2$ NPs) on the root elongation of *Arabidopsis thaliana*. Under control conditions, the *daily* root elongation rate is $0.7\,\mathrm{cm/day}$. When exposed to $CeO_2$ NPs ($50\,\mathrm{mg/L}$), the root elongation is inhibited.  The *steady-state concentration* of $Ce^{3+}$ ions in the solution is $1 \times 10^{-6}\,\mathrm{mol/L}$ per day. The *daily* root elongation rate is reduced by $0.1\,\mathrm{cm/day}$ for every $1 \times 10^{-6}\,\mathrm{mol/L}$ of $Ce^{3+}$ ions, *until a minimum elongation rate of $0.2$ cm/day is reached*. What is the average root length (in $\mathrm{cm}$) after $7$ days of exposure to $CeO_2$ NPs, assuming roots start at $0$ cm length?</question>

<question>A bioremediation system is being designed to degrade antibiotic Y using iron oxide nanoparticles ($Fe_3O_4$ NPs) under solar light, *mediated by the bacteria Bacillus subtilis*. The initial concentration of antibiotic Y is $200\,\mathrm{\mu g/L}$. The degradation by *B. subtilis* alone follows first-order kinetics with a rate constant ($k$) of $0.02\,\mathrm{h^{-1}}$. The $Fe_3O_4$ NPs initially enhance the bacterial degradation, *increasing the rate constant by* $0.02\,\mathrm{h^{-1}}$ due to photocatalytic activity. However, after $12$ hours, the nanoparticles begin to aggregate, causing the *additional rate constant provided by the NPs* to decrease.  This additional rate constant, $k_{NP}(t)$, for $t > 12$ hours is given by $k_{NP}(t) = 0.02\,\mathrm{h^{-1}} - C \sqrt{t-12}$, where $C = 0.005\,\mathrm{h^{-3/2}}$. (If $k_{NP}(t)$ drops below $0$, assume it becomes $0$).  What is the concentration of antibiotic Y (in $\mathrm{\mu g/L}$) remaining after $24$ hours of treatment?</question>
```
=== Final questions generated ===
