=== Turn 0: Author generates questions ===
Here are some novel, undergraduate-level biology questions based on the provided topics, key concepts, and guidelines:

<question>A physical therapist is using Kinovea software to analyze the gait of a patient with Parkinson's disease. During a 10-meter walk, the patient's right arm swing amplitude is consistently measured at $15^\circ$, while normative data for healthy individuals of the same age and height indicates an average arm swing amplitude of $30^\circ$. Assuming a direct linear relationship between arm swing amplitude and gait stability (where stability is inversely proportional to fall risk), and that a $5^\circ$ reduction from the normative value corresponds to a 10% increase in fall risk, what is the estimated percentage increase in this patient's fall risk compared to a healthy individual?</question>

<question>A researcher is evaluating the effectiveness of Nordic walking poles on improving balance in elderly individuals. A group of participants is assessed using the Functional Gait Assessment (FGA) before and after a 6-week Nordic walking program. The average FGA score at baseline is 20. After the intervention, the average FGA score increases to 24. If a clinically significant improvement in FGA score is defined as a 15% increase from baseline, and the maximum possible FGA score is 30, by what percentage did the group fall short of achieving the clinically significant improvement?</question>

<question>A neurologist is monitoring a patient with Parkinson's disease using the Timed Up and Go (TUG) test. At the initial assessment, the patient completes the TUG in 15 seconds. After implementing a gait and balance rehabilitation program including treadmill training and balance exercises, the patient's TUG time decreases to 12 seconds. If a reduction of 1 second in TUG time corresponds to a 5% improvement in functional mobility, what is the percentage improvement in this patient's functional mobility due to the rehabilitation program?</question>

<question>A patient with a history of falls is undergoing gait analysis. It is determined that their gait speed is 0.8 m/s. The therapist prescribes a Nordic walking intervention aimed at increasing gait speed. If research shows that for every 0.1 m/s increase in gait speed there is a 15% reduction in risk of fall, what should be the target gait speed (m/s) for the patient to achieve a 30% reduction in fall risk?</question>

<question>A rehabilitation center is evaluating the effect of a new balance training program on patients with Parkinson’s disease. Patients are assessed for their arm swing during a standard walking test. Before the program, the average arm swing is recorded as $10^\circ$. After 8 weeks of training, the average arm swing increases to $16^\circ$. Assuming arm swing is directly proportional to walking stability, and that normative arm swing for healthy adults is $32^\circ$, what percentage closer to the normal range of arm swing did the patients achieve post intervention?</question>
=== Turn 0: Critic feedback ===
These questions are exceptionally well-crafted, demonstrating a strong understanding of the assessment guidelines. They are novel, relevant, and effectively demand multi-step reasoning within compelling biological scenarios.

Here's a detailed critique of each question:

---

### Question 1

<question>A physical therapist is using Kinovea software to analyze the gait of a patient with Parkinson's disease. During a 10-meter walk, the patient's right arm swing amplitude is consistently measured at $15^\circ$, while normative data for healthy individuals of the same age and height indicates an average arm swing amplitude of $30^\circ$. Assuming a direct linear relationship between arm swing amplitude and gait stability (where stability is inversely proportional to fall risk), and that a $5^\circ$ reduction from the normative value corresponds to a 10% increase in fall risk, what is the estimated percentage increase in this patient's fall risk compared to a healthy individual?</question>

**Critique:**
*   **Guideline 1 (Model a biology Scenario):** Excellent. A realistic clinical scenario involving specific software and patient condition.
*   **Guideline 2 (Answer Type):** Numerical (percentage). Good.
*   **Guideline 3 (Multi-Step Reasoning):** Yes, calculate deviation from norm, then apply the proportionality to determine fall risk increase.
*   **Guideline 4 (Avoid How based questions):** It's a problem to solve. Good.
*   **Guideline 5 (Be Unique):** Very unique, applying specific proportionalities to a clinical measure.
*   **Guideline 6 (Single Solution):** Yes, unambiguous calculation.
*   **Guideline 7 (Rigorous, concise phrasing):** Generally good. The phrase "Assuming a direct linear relationship between arm swing amplitude and gait stability (where stability is inversely proportional to fall risk)" is slightly verbose. While it provides good biological context, the core calculation hinges on the direct relationship between arm swing *reduction* and *fall risk increase*.
*   **Guideline 9 (Units/Symbols):** Consistent degrees and percentages.
*   **Guideline 10 (Not Multipart):** Single target quantity.
*   **Guideline 11 (Solution Formatting):** Correct use of `$^\circ$`.

**Actionable Feedback:**
*   Minor Suggestion: Consider slightly streamlining the phrasing about the relationships, e.g., "Assuming a $5^\circ$ reduction in arm swing amplitude from the normative value corresponds to a 10% increase in fall risk due to decreased gait stability," to maintain context without over-complicating the given mathematical relationship. However, the current phrasing is acceptable for an advanced undergraduate level.

---

### Question 2

<question>A researcher is evaluating the effectiveness of Nordic walking poles on improving balance in elderly individuals. A group of participants is assessed using the Functional Gait Assessment (FGA) before and after a 6-week Nordic walking program. The average FGA score at baseline is 20. After the intervention, the average FGA score increases to 24. If a clinically significant improvement in FGA score is defined as a 15% increase from baseline, and the maximum possible FGA score is 30, by what percentage did the group fall short of achieving the clinically significant improvement?</question>

**Critique:**
*   **Guideline 1 (Model a biology Scenario):** Excellent. A research-based scenario with a specific intervention and assessment tool.
*   **Guideline 2 (Answer Type):** Numerical (percentage). Good.
*   **Guideline 3 (Multi-Step Reasoning):** Yes, calculate actual improvement, calculate target improvement for clinical significance, then calculate the percentage shortfall.
*   **Guideline 4 (Avoid How based questions):** It's a problem to solve. Good.
*   **Guideline 5 (Be Unique):** Unique application of "clinically significant improvement" concept in a quantitative manner. The inclusion of the "maximum possible FGA score" is a good distractor, testing careful reading.
*   **Guideline 6 (Single Solution):** Yes, unambiguous calculation.
*   **Guideline 7 (Rigorous, concise phrasing):** Clear and professional.
*   **Guideline 9 (Units/Symbols):** Consistent scores and percentages.
*   **Guideline 10 (Not Multipart):** Single target quantity.
*   **Guideline 11 (Solution Formatting):** No LaTeX needed.

**Actionable Feedback:**
*   This question is highly effective and requires no significant changes.

---

### Question 3

<question>A neurologist is monitoring a patient with Parkinson's disease using the Timed Up and Go (TUG) test. At the initial assessment, the patient completes the TUG in 15 seconds. After implementing a gait and balance rehabilitation program including treadmill training and balance exercises, the patient's TUG time decreases to 12 seconds. If a reduction of 1 second in TUG time corresponds to a 5% improvement in functional mobility, what is the percentage improvement in this patient's functional mobility due to the rehabilitation program?</question>

**Critique:**
*   **Guideline 1 (Model a biology Scenario):** Excellent. A direct clinical monitoring scenario with a well-known assessment.
*   **Guideline 2 (Answer Type):** Numerical (percentage). Good.
*   **Guideline 3 (Multi-Step Reasoning):** Yes, calculate time reduction, then apply proportionality for functional mobility improvement.
*   **Guideline 4 (Avoid How based questions):** It's a problem to solve. Good.
*   **Guideline 5 (Be Unique):** Unique application of TUG test results to a specific functional mobility proportionality.
*   **Guideline 6 (Single Solution):** Yes, unambiguous calculation.
*   **Guideline 7 (Rigorous, concise phrasing):** Clear and professional.
*   **Guideline 9 (Units/Symbols):** Consistent seconds and percentages.
*   **Guideline 10 (Not Multipart):** Single target quantity.
*   **Guideline 11 (Solution Formatting):** No LaTeX needed.

**Actionable Feedback:**
*   This question is excellent and requires no significant changes.

---

### Question 4

<question>A patient with a history of falls is undergoing gait analysis. It is determined that their gait speed is 0.8 m/s. The therapist prescribes a Nordic walking intervention aimed at increasing gait speed. If research shows that for every 0.1 m/s increase in gait speed there is a 15% reduction in risk of fall, what should be the target gait speed (m/s) for the patient to achieve a 30% reduction in fall risk?</question>

**Critique:**
*   **Guideline 1 (Model a biology Scenario):** Excellent. A clinical goal-setting scenario based on intervention effects.
*   **Guideline 2 (Answer Type):** Numerical (m/s). Good.
*   **Guideline 3 (Multi-Step Reasoning):** Yes, determine required fall risk reduction "units," convert to gait speed increase, then add to baseline speed.
*   **Guideline 4 (Avoid How based questions):** It's a problem to solve. Good.
*   **Guideline 5 (Be Unique):** Unique in that it requires working backward from a desired outcome to a target value.
*   **Guideline 6 (Single Solution):** Yes, unambiguous calculation.
*   **Guideline 7 (Rigorous, concise phrasing):** Clear and professional.
*   **Guideline 9 (Units/Symbols):** Consistent m/s and percentages.
*   **Guideline 10 (Not Multipart):** Single target quantity.
*   **Guideline 11 (Solution Formatting):** No LaTeX needed.

**Actionable Feedback:**
*   This question is excellent and requires no significant changes.

---

### Question 5

<question>A rehabilitation center is evaluating the effect of a new balance training program on patients with Parkinson’s disease. Patients are assessed for their arm swing during a standard walking test. Before the program, the average arm swing is recorded as $10^\circ$. After 8 weeks of training, the average arm swing increases to $16^\circ$. Assuming arm swing is directly proportional to walking stability, and that normative arm swing for healthy adults is $32^\circ$, what percentage closer to the normal range of arm swing did the patients achieve post intervention?</question>

**Critique:**
*   **Guideline 1 (Model a biology Scenario):** Excellent. A rehabilitation program evaluation scenario.
*   **Guideline 2 (Answer Type):** Numerical (percentage). Good.
*   **Guideline 3 (Multi-Step Reasoning):** Yes, calculate initial deficit from norm, calculate achieved improvement, then express improvement as a percentage of the initial deficit.
*   **Guideline 4 (Avoid How based questions):** It's a problem to solve. Good.
*   **Guideline 5 (Be Unique):** Unique way of quantifying improvement as a "percentage closer to normal."
*   **Guideline 6 (Single Solution):** Yes, unambiguous calculation.
*   **Guideline 7 (Rigorous, concise phrasing):** Clear and professional. The "Assuming arm swing is directly proportional to walking stability" is context, not directly used in calculation, similar to Q1. This is acceptable.
*   **Guideline 9 (Units/Symbols):** Consistent degrees and percentages.
*   **Guideline 10 (Not Multipart):** Single target quantity.
*   **Guideline 11 (Solution Formatting):** Correct use of `$^\circ$`.

**Actionable Feedback:**
*   This question is excellent and requires no significant changes.

---

**Overall Summary:**

These questions are outstanding examples of novel, conceptually rich, multi-step biology problems suitable for undergraduate assessment. They adhere meticulously to almost all provided guidelines. The scenarios are highly realistic and engaging, leveraging specific biological/medical contexts (Parkinson's, gait analysis, FGA, TUG, Nordic walking). The phrasing is rigorous, and the mathematical calculations are clear and lead to single solutions. The use of LaTeX for units is also correct within the questions.

The only extremely minor suggestion is a subtle rephrasing in Q1 for ultimate conciseness, but it's largely a stylistic choice. You have done an excellent job in developing these questions.
=== Turn 1: Author refines questions ===
Okay, based on the excellent feedback, here are the refined questions. The only change implemented is a slight streamlining of the phrasing in Question 1 as suggested, while retaining the original intent and context.

<question>A physical therapist is using Kinovea software to analyze the gait of a patient with Parkinson's disease. During a 10-meter walk, the patient's right arm swing amplitude is consistently measured at $15^\circ$, while normative data for healthy individuals of the same age and height indicates an average arm swing amplitude of $30^\circ$. Assuming a $5^\circ$ reduction in arm swing amplitude from the normative value corresponds to a 10% increase in fall risk due to decreased gait stability, what is the estimated percentage increase in this patient's fall risk compared to a healthy individual?</question>

<question>A researcher is evaluating the effectiveness of Nordic walking poles on improving balance in elderly individuals. A group of participants is assessed using the Functional Gait Assessment (FGA) before and after a 6-week Nordic walking program. The average FGA score at baseline is 20. After the intervention, the average FGA score increases to 24. If a clinically significant improvement in FGA score is defined as a 15% increase from baseline, and the maximum possible FGA score is 30, by what percentage did the group fall short of achieving the clinically significant improvement?</question>

<question>A neurologist is monitoring a patient with Parkinson's disease using the Timed Up and Go (TUG) test. At the initial assessment, the patient completes the TUG in 15 seconds. After implementing a gait and balance rehabilitation program including treadmill training and balance exercises, the patient's TUG time decreases to 12 seconds. If a reduction of 1 second in TUG time corresponds to a 5% improvement in functional mobility, what is the percentage improvement in this patient's functional mobility due to the rehabilitation program?</question>

<question>A patient with a history of falls is undergoing gait analysis. It is determined that their gait speed is 0.8 m/s. The therapist prescribes a Nordic walking intervention aimed at increasing gait speed. If research shows that for every 0.1 m/s increase in gait speed there is a 15% reduction in risk of fall, what should be the target gait speed (m/s) for the patient to achieve a 30% reduction in fall risk?</question>

<question>A rehabilitation center is evaluating the effect of a new balance training program on patients with Parkinson’s disease. Patients are assessed for their arm swing during a standard walking test. Before the program, the average arm swing is recorded as $10^\circ$. After 8 weeks of training, the average arm swing increases to $16^\circ$. Assuming arm swing is directly proportional to walking stability, and that normative arm swing for healthy adults is $32^\circ$, what percentage closer to the normal range of arm swing did the patients achieve post intervention?</question>
=== Turn 1: Critic feedback ===
Here's a critique of the refined questions, evaluating them against your guidelines:

**Overall Feedback:**

The questions are well-structured, clear, and adhere excellently to most technical guidelines, including multi-step reasoning, single solutions, concise phrasing, and correct LaTeX formatting. The scenarios are relevant to biology/clinical applications.

The primary area for improvement across all questions relates to the *depth of biological reasoning* required. While the context is biological, the core problem-solving for every question relies almost exclusively on mathematical proportionality and percentage calculations. They assess quantitative skills within a biological context, but less so the application of complex biological principles or conceptual understanding beyond simple relationships. For a "biology assessment expert," this is the key distinction: these are applied math problems in biology, rather than biology problems requiring mathematical solutions rooted in biological theory.

---

**Critique of Individual Questions:**

1.  <question>A physical therapist is using Kinovea software to analyze the gait of a patient with Parkinson's disease. During a 10-meter walk, the patient's right arm swing amplitude is consistently measured at $15^\circ$, while normative data for healthy individuals of the same age and height indicates an average arm swing amplitude of $30^\circ$. Assuming a $5^\circ$ reduction in arm swing amplitude from the normative value corresponds to a 10% increase in fall risk due to decreased gait stability, what is the estimated percentage increase in this patient's fall risk compared to a healthy individual?</question>
    *   **Strengths:** Meets all technical guidelines (multi-step, single solution, clear phrasing, LaTeX). Good real-world scenario.
    *   **Area for Improvement (Biological Depth):** The biological principle assessed is basic proportionality within a given context. It doesn't require understanding of underlying physiological mechanisms of Parkinson's, gait stability, or arm swing control, beyond acknowledging that these factors exist and are linked by a given numerical relationship.

2.  <question>A researcher is evaluating the effectiveness of Nordic walking poles on improving balance in elderly individuals. A group of participants is assessed using the Functional Gait Assessment (FGA) before and after a 6-week Nordic walking program. The average FGA score at baseline is 20. After the intervention, the average FGA score increases to 24. If a clinically significant improvement in FGA score is defined as a 15% increase from baseline, and the maximum possible FGA score is 30, by what percentage did the group fall short of achieving the clinically significant improvement?</question>
    *   **Strengths:** Meets most technical guidelines. Good real-world scenario involving clinical assessment.
    *   **Critical Issue (Numerical Consistency):** The question's premise contradicts the numbers provided.
        *   Target for clinically significant improvement: $20 + (0.15 \times 20) = 20 + 3 = 23$.
        *   Actual score achieved: 24.
        *   Since 24 > 23, the group *exceeded* the clinically significant improvement, they did not "fall short." This makes the question unanswerable as phrased.
    *   **Area for Improvement (Biological Depth):** Similar to Q1, the reasoning is purely mathematical (percentages, differences) within a biological context. The maximum FGA score (30) is also a distractor and not needed for the calculation.
    *   **Actionable Feedback:** Adjust the numbers so the group *does* fall short (e.g., change the post-intervention score to 22), or rephrase the question to ask "by what percentage did the group exceed..." if that was the intent.

3.  <question>A neurologist is monitoring a patient with Parkinson's disease using the Timed Up and Go (TUG) test. At the initial assessment, the patient completes the TUG in 15 seconds. After implementing a gait and balance rehabilitation program including treadmill training and balance exercises, the patient's TUG time decreases to 12 seconds. If a reduction of 1 second in TUG time corresponds to a 5% improvement in functional mobility, what is the percentage improvement in this patient's functional mobility due to the rehabilitation program?</question>
    *   **Strengths:** Meets all technical guidelines. Excellent real-world clinical scenario.
    *   **Area for Improvement (Biological Depth):** Very similar to Q1. The core calculation is a direct proportionality. While the context is rich, the problem doesn't require deeper understanding of, for instance, how the rehabilitation program physiologically affects TUG time or functional mobility at a biological level.

4.  <question>A patient with a history of falls is undergoing gait analysis. It is determined that their gait speed is 0.8 m/s. The therapist prescribes a Nordic walking intervention aimed at increasing gait speed. If research shows that for every 0.1 m/s increase in gait speed there is a 15% reduction in risk of fall, what should be the target gait speed (m/s) for the patient to achieve a 30% reduction in fall risk?</question>
    *   **Strengths:** Meets all technical guidelines. Good scenario.
    *   **Area for Improvement (Biological Depth):** Again, primarily a proportional calculation. The biological element is the established correlation (0.1 m/s increase = 15% fall risk reduction), but the problem solving doesn't delve into *why* this correlation exists biologically.

5.  <question>A rehabilitation center is evaluating the effect of a new balance training program on patients with Parkinson’s disease. Patients are assessed for their arm swing during a standard walking test. Before the program, the average arm swing is recorded as $10^\circ$. After 8 weeks of training, the average arm swing increases to $16^\circ$. Assuming arm swing is directly proportional to walking stability, and that normative arm swing for healthy adults is $32^\circ$, what percentage closer to the normal range of arm swing did the patients achieve post intervention?</question>
    *   **Strengths:** Meets all technical guidelines. Strong scenario involving intervention and normalization.
    *   **Area for Improvement (Biological Depth):** This question, while good, still relies heavily on percentage calculation (percentage of the deficit closed). The "directly proportional to walking stability" is a simplifying assumption given to facilitate the math, rather than a biological principle that needs to be critically applied or understood beyond its mathematical implication.

---

**Summary Actionable Feedback:**

1.  **Enhance Biological Principle Integration:** For future questions, consider how to *embed* biological principles more deeply into the *solution steps*, not just the scenario. This might involve:
    *   Requiring knowledge of a physiological process to set up the calculation.
    *   Asking about the implications of the calculated value in terms of biological mechanisms.
    *   Presenting data that requires interpretation using biological concepts (e.g., dose-response curves for drug effects, enzyme kinetics, neural signaling).
    *   These questions currently function excellently as applied math questions in a biology context. If the goal is to assess deeper biological understanding, then the problem-solving steps should inherently involve biological concepts.

2.  **Rectify Question 2:** Adjust the numbers in Question 2 so that the group genuinely "falls short" or rephrase the question to match the outcome. Remove the irrelevant maximum FGA score to avoid distraction.
=== Turn 2: Author refines questions ===
Okay, I understand the feedback. The core issue is that the questions, while situated in biological scenarios, primarily test mathematical skills rather than deeper biological understanding. They need to require more integration of biological principles into the solution process. Also, question 2 had a numerical error. Here's a revised set of questions that attempts to address these points:

1.  <question>A physical therapist is using Kinovea software to analyze the gait of a patient with Parkinson's disease. During a 10-meter walk, the patient's right arm swing amplitude is consistently measured at $15^\circ$, while normative data for healthy individuals of the same age and height indicates an average arm swing amplitude of $30^\circ$.  Parkinson's disease is known to affect dopamine production, which impacts motor control. Assuming that reduced arm swing is directly proportional to reduced dopamine signaling in the basal ganglia, and that restoring dopamine signaling pharmacologically can improve arm swing by a maximum of 50%, what would be the *predicted* arm swing amplitude (in degrees) *after* optimal pharmacological intervention, assuming the intervention is successful in maximizing dopamine signaling and therefore arm swing?</question>

2.  <question>A researcher is evaluating the effectiveness of Nordic walking poles on improving balance in elderly individuals. A group of participants is assessed using the Functional Gait Assessment (FGA) before and after a 6-week Nordic walking program. The average FGA score at baseline is 20. After the intervention, the average FGA score increases to 22.  A clinically significant improvement in FGA score is associated with a reduction in fall risk. Assuming a linear relationship between FGA score and fall risk reduction such that each 1-point increase in FGA score reduces fall risk by 5%, but also knowing that fall risk cannot be reduced below zero, what is the percentage reduction in fall risk achieved by the intervention for this group?</question>

3.  <question>A neurologist is monitoring a patient with Parkinson's disease using the Timed Up and Go (TUG) test. At the initial assessment, the patient completes the TUG in 15 seconds. After implementing a gait and balance rehabilitation program including treadmill training and balance exercises, the patient's TUG time decreases to 12 seconds. Treadmill training is known to improve mitochondrial function in muscle cells, leading to increased ATP production and improved muscle power. Assuming the decrease in TUG time is directly proportional to the percentage increase in muscle power, and that a healthy individual completes the TUG in 10 seconds, what percentage *increase* in muscle power would the patient need to achieve *relative to their post-rehabilitation power output* to reach the healthy individual's TUG time, assuming this increase is achievable?</question>

4.  <question>A patient with a history of falls is undergoing gait analysis. It is determined that their gait speed is 0.8 m/s. The therapist prescribes a Nordic walking intervention aimed at increasing gait speed.  Increased gait speed is associated with improved activation of the dorsolateral prefrontal cortex (dlPFC), a brain region crucial for executive function and motor planning. If research suggests that optimal dlPFC activation requires a gait speed of at least 1.2 m/s for this patient's age group, and that the patient's dlPFC activation is linearly proportional to their gait speed relative to this optimal value, what is the *percentage* of optimal dlPFC activation achieved by the patient at their initial gait speed of 0.8 m/s? Express your answer as a percentage of the *optimal* 1.2 m/s.</question>

5.  <question>A rehabilitation center is evaluating the effect of a new balance training program on patients with Parkinson’s disease. Patients are assessed for their arm swing during a standard walking test. Before the program, the average arm swing is recorded as $10^\circ$. After 8 weeks of training, the average arm swing increases to $16^\circ$. It is known that balance training can improve proprioception by increasing the sensitivity of muscle spindles. Assuming that the increase in arm swing is directly proportional to the improvement in proprioceptive accuracy, and that healthy individuals have an arm swing of $32^\circ$, what is the percentage *increase* in muscle spindle sensitivity (relative to their *post*-intervention sensitivity) that the patients would need to achieve to reach the arm swing amplitude of healthy individuals, *assuming this further increase is proportional to further improvement in muscle spindle sensitivity*?</question>
=== Final questions generated ===
