=== Turn 0: Author generates questions ===
Here are some undergraduate-level biology questions based on your guidelines:

1.  <question>A prospective, single-blinded, controlled clinical study is evaluating the effectiveness of a new mouthwash in reducing gingival inflammation. Twenty patients with moderate gingivitis (Modified Gingival Index (MGI) between 1 and 2) are randomly assigned to either a treatment group using the new mouthwash or a control group using a standard saline rinse. Baseline MGI scores for both groups are recorded. After two weeks, the MGI is measured again for each patient. The mean MGI score decreased by 0.6 in the treatment group and by 0.2 in the control group. Assuming the MGI score is directly proportional to the concentration of inflammatory cytokines in the gingival crevicular fluid (GCF), and that the initial average cytokine concentration was $50\,\mathrm{pg/mL}$, what is the estimated percentage reduction in inflammatory cytokine concentration in the treatment group relative to the control group based solely on the MGI changes? Give your answer as a percentage (%) rounded to the nearest whole number.</question>

2.  <question>A dental researcher is assessing patient discomfort following different methods of temporary skeletal anchorage device (TSAD) insertion. 15 patients received TSADs using a self-drilling technique, and another group of 15 patients received TSADs with pre-drilling. Patient discomfort was assessed using a visual analog scale (VAS) immediately after insertion. The mean VAS score (0-10 scale) for the self-drilling group was 4.5, while the mean VAS score for the pre-drilling group was 3.0. Post-operative analgesic consumption (number of tablets) in the self-drilling group was, on average, 2 tablets, while the pre-drilling group used 1 tablet. Assuming that each VAS unit corresponds linearly to a consumption of $0.67$ analgesic tablets and that baseline analgesic need is $0$, what is the difference in the expected number of analgesic tablets consumed, adjusted for VAS score, between the self-drilling and pre-drilling groups? Give your answer to two decimal places.</question>

3.  <question>Researchers conduct a controlled clinical study to compare two different guided bone regeneration (GBR) membrane types for alveolar ridge augmentation prior to implant placement. Type A membrane exhibited a mean bone gain of 3.2 mm with a standard deviation of 0.8 mm, while Type B membrane showed a mean bone gain of 2.5 mm with a standard deviation of 0.6 mm. Assuming bone gain correlates linearly with osteoblast activity, and that the initial osteoblast activity was $10^4$ cells/mL, by what factor did the osteoblast activity increase using membrane A relative to membrane B, assuming bone gain is solely proportional to osteoblast activity? Express your answer rounded to two decimal places. For example, if Type A lead to double the activity of Type B, your answer should be 2.00.</question>

4.  <question>A researcher is investigating the effect of oral hygiene education on gingival bleeding. In a prospective study, 30 patients with mild gingivitis are divided into two groups: a treatment group receiving intensive oral hygiene instruction and a control group receiving standard oral hygiene advice. Bleeding on Probing (BOP) scores are recorded at baseline and after 4 weeks. The treatment group showed a reduction of 40% in BOP scores, while the control group showed a reduction of 15%. If the baseline average number of bleeding sites per patient was initially 20 for both groups, what is the absolute difference in the number of bleeding sites between the two groups after 4 weeks? Provide the answer as a whole number.</question>

5.  <question>A study is comparing the effectiveness of two different flap designs for periodontal surgery: a conventional flap and a minimally invasive flap. Intraoperative blood loss is measured in both groups. The conventional flap design resulted in an average blood loss of 80 mL, while the minimally invasive flap design resulted in an average blood loss of 35 mL. Postoperative swelling is also assessed, and the conventional flap group had an average swelling volume of 5 mL. Knowing that a volume of 1 mL blood contains approximately $5 \times 10^9$ red blood cells (RBCs), calculate the difference in the estimated number of RBCs lost between the two flap designs. Express your answer in scientific notation, rounded to two decimal places and using units of RBCs, in the format $A.BB\times10^N$.</question>
=== Turn 0: Critic feedback ===
Here's a critique of each question against your provided guidelines:

---

### **Question 1 Critique**

<question>A prospective, single-blinded, controlled clinical study is evaluating the effectiveness of a new mouthwash in reducing gingival inflammation. Twenty patients with moderate gingivitis (Modified Gingival Index (MGI) between 1 and 2) are randomly assigned to either a treatment group using the new mouthwash or a control group using a standard saline rinse. Baseline MGI scores for both groups are recorded. After two weeks, the MGI is measured again for each patient. The mean MGI score decreased by 0.6 in the treatment group and by 0.2 in the control group. Assuming the MGI score is directly proportional to the concentration of inflammatory cytokines in the gingival crevicular fluid (GCF), and that the initial average cytokine concentration was $50\,\mathrm{pg/mL}$, what is the estimated percentage reduction in inflammatory cytokine concentration in the treatment group relative to the control group based solely on the MGI changes? Give your answer as a percentage (%) rounded to the nearest whole number.</question>

**Overall Assessment:** Fair. The scenario is realistic and attempts to incorporate biological principles. However, the question suffers from significant ambiguity in phrasing and potentially extraneous information, violating the "Single Solution" and "Rigorous, Concise Phrasing" guidelines.

**Specific Feedback:**

*   **Guideline 1 (Model a biology Scenario):** Excellent. Presents a clear, plausible clinical study scenario in dentistry.
*   **Guideline 3 (Force Multi-Step Reasoning):** Good, *if* an unambiguous interpretation is chosen. It requires understanding proportionality and calculating relative changes.
*   **Guideline 6 (Single Solution):** Fails. The phrase "percentage reduction in inflammatory cytokine concentration in the treatment group relative to the control group" is highly ambiguous. Possible interpretations include:
    1.  The difference in percentage reductions (e.g., % reduction in T - % reduction in C). This requires a specific baseline MGI value (e.g., "MGI was 1.5"), which is only given as a range ("between 1 and 2").
    2.  The net reduction from the treatment group's effect (i.e., reduction in T minus reduction in C), expressed as a percentage of the initial cytokine concentration. This also requires a precise baseline MGI.
    3.  The percentage by which the treatment group's reduction *exceeds* the control group's reduction (i.e., $(\Delta M_T - \Delta M_C) / \Delta M_C \times 100\%$). This yields $200\%$ and does not require initial MGI or cytokine concentration, making the $50\,\mathrm{pg/mL}$ information extraneous.
    This ambiguity prevents a single, unambiguous correct answer.
*   **Guideline 7 (Use rigorous, concise phrasing):** Fails. The ambiguous phrasing noted above makes the question unclear.
*   **Guideline 9 (Units must be consistent):** Units are consistent, but the calculation's dependency on a missing precise MGI value (for some interpretations) is a problem. The $50\,\mathrm{pg/mL}$ for initial cytokine concentration is either critical or a distractor depending on the interpretation, but if it's critical, the initial MGI (between 1 and 2) is too vague.

**Actionable Feedback:**

1.  **Clarify the Ask (G6, G7):** Rephrase the question to explicitly state what is being calculated. For example:
    *   "What is the percentage *difference* in the reduction of inflammatory cytokine concentration observed between the treatment and control groups, relative to the initial average cytokine concentration?" (Requires providing a precise baseline MGI value, e.g., "The baseline MGI was 1.5").
    *   Alternatively, "By what percentage did the *magnitude* of MGI reduction in the treatment group exceed that of the control group?" (This would lead to the $200\%$ answer and make initial cytokine concentration extraneous, which needs to be removed).
2.  **Ensure Data Relevance (G6):** If the intention is to use the initial cytokine concentration, ensure a precise initial MGI is provided. If the initial cytokine concentration is not needed, remove it to avoid being a distractor.

---

### **Question 2 Critique**

<question>A dental researcher is assessing patient discomfort following different methods of temporary skeletal anchorage device (TSAD) insertion. 15 patients received TSADs using a self-drilling technique, and another group of 15 patients received TSADs with pre-drilling. Patient discomfort was assessed using a visual analog scale (VAS) immediately after insertion. The mean VAS score (0-10 scale) for the self-drilling group was 4.5, while the mean VAS score for the pre-drilling group was 3.0. Post-operative analgesic consumption (number of tablets) in the self-drilling group was, on average, 2 tablets, while the pre-drilling group used 1 tablet. Assuming that each VAS unit corresponds linearly to a consumption of $0.67$ analgesic tablets and that baseline analgesic need is $0$, what is the difference in the expected number of analgesic tablets consumed, adjusted for VAS score, between the self-drilling and pre-drilling groups? Give your answer to two decimal places.</question>

**Overall Assessment:** Good. This is a well-designed question that effectively tests multi-step reasoning in a biological context.

**Specific Feedback:**

*   **Guideline 1 (Model a biology Scenario):** Excellent. Realistic clinical assessment scenario.
*   **Guideline 3 (Force Multi-Step Reasoning):** Excellent. Requires calculation of VAS-predicted consumption for each group, then determining the "unexplained" or "adjusted" consumption (residuals), and finally finding the difference between these adjusted values.
*   **Guideline 7 (Use rigorous, concise phrasing):** Good. The phrase "adjusted for VAS score" is interpretable as calculating the difference in residuals (actual consumption - VAS-predicted consumption), which is a common statistical concept. While slightly rephrasing could make it more explicit (e.g., "difference in the *unexplained* analgesic consumption (actual minus VAS-predicted)..."), it is generally clear enough for an undergraduate level.
*   **Guideline 9 (Units must be consistent):** Excellent. Units are consistent, and formatting for the numerical answer is specified.

**Actionable Feedback:**

1.  **Minor Clarity Improvement (G7):** Consider rephrasing "expected number of analgesic tablets consumed, adjusted for VAS score" to "difference in the *unexplained* analgesic consumption (i.e., actual minus VAS-predicted consumption) between the self-drilling and pre-drilling groups." This makes the intended calculation more explicit.

---

### **Question 3 Critique**

<question>Researchers conduct a controlled clinical study to compare two different guided bone regeneration (GBR) membrane types for alveolar ridge augmentation prior to implant placement. Type A membrane exhibited a mean bone gain of 3.2 mm with a standard deviation of 0.8 mm, while Type B membrane showed a mean bone gain of 2.5 mm with a standard deviation of 0.6 mm. Assuming bone gain correlates linearly with osteoblast activity, and that the initial osteoblast activity was $10^4$ cells/mL, by what factor did the osteoblast activity increase using membrane A relative to membrane B, assuming bone gain is solely proportional to osteoblast activity? Express your answer rounded to two decimal places. For example, if Type A lead to double the activity of Type B, your answer should be 2.00.</question>

**Overall Assessment:** Poor. This question has significant issues with ambiguity and data relevance, making it difficult to solve uniquely or with genuine multi-step biological reasoning beyond a simple ratio.

**Specific Feedback:**

*   **Guideline 1 (Model a biology Scenario):** Excellent. A clear and relevant clinical research scenario.
*   **Guideline 3 (Force Multi-Step Reasoning):** Fails. The phrasing "bone gain correlates linearly with osteoblast activity" and "bone gain is solely proportional to osteoblast activity" most naturally implies $BG = k \cdot OA$. If this is the case, then the factor of osteoblast activity increase is simply $OA_A/OA_B = BG_A/BG_B = 3.2/2.5 = 1.28$. This is a single-step calculation and renders the "initial osteoblast activity" ($10^4$ cells/mL) and standard deviations as distractors. If the intention was a more complex relationship involving the initial activity, the proportionality statement contradicts it, or the required constant $k$ is missing.
*   **Guideline 6 (Single Solution):** Fails. Due to the ambiguity of "proportional" relative to an "initial" value, and what "osteoblast activity increase" specifically refers to (total activity vs. induced activity vs. activity relative to initial), a unique solution is not guaranteed without assumptions.
*   **Guideline 7 (Use rigorous, concise phrasing):** Fails. The phrasing "bone gain correlates linearly with osteoblast activity" and "by what factor did the osteoblast activity increase... relative to membrane B, assuming bone gain is solely proportional to osteoblast activity" when an "initial osteoblast activity" is given, creates confusion. It implies a baseline, but the "proportional" statement usually refers to the total activity or induced activity.
*   **Guideline 9 (Units must be consistent):** "cells/mL" is provided for initial activity, but the final answer is a unitless factor, which is fine, but the relevance of the unit in context of the calculation is problematic.

**Actionable Feedback:**

1.  **Define Proportionality Clearly (G6, G7):** Clarify the mathematical relationship:
    *   If bone gain ($BG$) is proportional to *total* osteoblast activity ($OA_{total}$), then $BG = k \cdot OA_{total}$. In this case, the ratio $OA_A/OA_B = BG_A/BG_B$, and the initial activity is a distractor.
    *   If bone gain ($BG$) is proportional to the *induced* osteoblast activity ($\Delta OA$), then $BG = k \cdot (OA_{final} - OA_{initial})$. If this is the case, to find $OA_{final,A}/OA_{final,B}$, you would need $k$ or a way to relate $BG$ directly to $OA_{final}$.
2.  **Ensure Data Relevance (G3):** Make sure the "initial osteoblast activity" ($10^4$ cells/mL) and the standard deviations are essential for the calculation and contribute to multi-step reasoning. If they are distractors, either remove them or rephrase the question to integrate them meaningfully.
3.  **Refine the Ask (G7):** For example, "Assuming the bone gain directly represents the *increase* in osteoblast activity *from the initial baseline of $10^4$ cells/mL*, by what factor did the total osteoblast activity *with* membrane A compare to the total osteoblast activity *with* membrane B?" (This would still require *k* or a direct relationship between bone gain and total activity).
    *   A possible rephrasing to make it multi-step *and* use the initial data could be: "If the bone gain ($BG$) is proportional to the *final* osteoblast activity ($OA_{final}$) with a constant $k$, and the initial osteoblast activity (without membrane) was $10^4$ cells/mL. If membrane A led to a *final* osteoblast activity of $X$ cells/mL and membrane B to $Y$ cells/mL (where X and Y would need to be calculated or derived from bone gain and $k$), by what factor did the osteoblast activity *increase* from the initial state using membrane A compared to membrane B?" (This would require more explicit relationships or values).

---

### **Question 4 Critique**

<question>A researcher is investigating the effect of oral hygiene education on gingival bleeding. In a prospective study, 30 patients with mild gingivitis are divided into two groups: a treatment group receiving intensive oral hygiene instruction and a control group receiving standard oral hygiene advice. Bleeding on Probing (BOP) scores are recorded at baseline and after 4 weeks. The treatment group showed a reduction of 40% in BOP scores, while the control group showed a reduction of 15%. If the baseline average number of bleeding sites per patient was initially 20 for both groups, what is the absolute difference in the number of bleeding sites between the two groups after 4 weeks? Provide the answer as a whole number.</question>

**Overall Assessment:** Excellent. This question is clear, unambiguous, and effectively assesses multi-step reasoning.

**Specific Feedback:**

*   **Guideline 1 (Model a biology Scenario):** Excellent. Realistic and relevant clinical study scenario.
*   **Guideline 3 (Force Multi-Step Reasoning):** Excellent. Requires calculating final scores for each group (initial - % reduction) and then finding the absolute difference between these final scores.
*   **Guideline 6 (Single Solution):** Excellent. Provides a clear, unambiguous calculation leading to one correct answer.
*   **Guideline 7 (Use rigorous, concise phrasing):** Excellent. The language is precise and straightforward.
*   **Guideline 9 (Units must be consistent):** Excellent. Units are consistent, and the required output format (whole number) is specified.

**Actionable Feedback:** None. This question is well-designed.

---

### **Question 5 Critique**

<question>A study is comparing the effectiveness of two different flap designs for periodontal surgery: a conventional flap and a minimally invasive flap. Intraoperative blood loss is measured in both groups. The conventional flap design resulted in an average blood loss of 80 mL, while the minimally invasive flap design resulted in an average blood loss of 35 mL. Postoperative swelling is also assessed, and the conventional flap group had an average swelling volume of 5 mL. Knowing that a volume of 1 mL blood contains approximately $5 \times 10^9$ red blood cells (RBCs), calculate the difference in the estimated number of RBCs lost between the two flap designs. Express your answer in scientific notation, rounded to two decimal places and using units of RBCs, in the format $A.BB\times10^N$.</question>

**Overall Assessment:** Excellent. This question is clear, unambiguous, and effectively incorporates multi-step reasoning and a relevant distractor.

**Specific Feedback:**

*   **Guideline 1 (Model a biology Scenario):** Excellent. Presents a realistic surgical scenario in dentistry.
*   **Guideline 3 (Force Multi-Step Reasoning):** Excellent. Requires calculating RBC loss for each flap design based on blood volume and RBC concentration, and then finding the difference. It also effectively includes a distractor (postoperative swelling) which adds to the assessment complexity without causing ambiguity.
*   **Guideline 6 (Single Solution):** Excellent. Leads to a single, unambiguous correct answer.
*   **Guideline 7 (Use rigorous, concise phrasing):** Excellent. The language is clear, professional, and precise.
*   **Guideline 9 (Units must be consistent):** Excellent. Units are consistent, and the specific format for scientific notation and rounding is provided.

**Actionable Feedback:** None. This question is well-designed.

---
=== Turn 1: Author refines questions ===
Okay, here's the revised list of biology questions, incorporating the feedback you provided. The questions have been adjusted to address the ambiguity and data relevance issues identified, while maintaining the undergraduate level and multi-step reasoning requirements.

1.  <question>A prospective, single-blinded, controlled clinical study is evaluating the effectiveness of a new mouthwash in reducing gingival inflammation. Twenty patients with moderate gingivitis (Modified Gingival Index (MGI) between 1 and 2) are randomly assigned to either a treatment group using the new mouthwash or a control group using a standard saline rinse. Baseline MGI scores for both groups are recorded. After two weeks, the MGI is measured again for each patient. The mean MGI score decreased by 0.6 in the treatment group and by 0.2 in the control group. By what percentage did the *magnitude* of the MGI reduction in the treatment group exceed that of the control group? Give your answer as a percentage (%) rounded to the nearest whole number.</question>

2.  <question>A dental researcher is assessing patient discomfort following different methods of temporary skeletal anchorage device (TSAD) insertion. 15 patients received TSADs using a self-drilling technique, and another group of 15 patients received TSADs with pre-drilling. Patient discomfort was assessed using a visual analog scale (VAS) immediately after insertion. The mean VAS score (0-10 scale) for the self-drilling group was 4.5, while the mean VAS score for the pre-drilling group was 3.0. Post-operative analgesic consumption (number of tablets) in the self-drilling group was, on average, 2 tablets, while the pre-drilling group used 1 tablet. Assuming that each VAS unit corresponds linearly to a consumption of $0.67$ analgesic tablets and that baseline analgesic need is $0$, what is the difference in the *unexplained* analgesic consumption (i.e., actual minus VAS-predicted consumption) between the self-drilling and pre-drilling groups? Give your answer to two decimal places.</question>

3.  <question>Researchers conduct a controlled clinical study to compare two different guided bone regeneration (GBR) membrane types for alveolar ridge augmentation prior to implant placement. Type A membrane exhibited a mean bone gain of 3.2 mm, while Type B membrane showed a mean bone gain of 2.5 mm. Assuming the *increase* in osteoblast activity is directly proportional to the bone gain, and the initial osteoblast activity before membrane placement was $10^4$ cells/mL, by what factor did the *total* osteoblast activity with membrane A compare to the *total* osteoblast activity with membrane B? Express your answer rounded to two decimal places.</question>

4.  <question>A researcher is investigating the effect of oral hygiene education on gingival bleeding. In a prospective study, 30 patients with mild gingivitis are divided into two groups: a treatment group receiving intensive oral hygiene instruction and a control group receiving standard oral hygiene advice. Bleeding on Probing (BOP) scores are recorded at baseline and after 4 weeks. The treatment group showed a reduction of 40% in BOP scores, while the control group showed a reduction of 15%. If the baseline average number of bleeding sites per patient was initially 20 for both groups, what is the absolute difference in the number of bleeding sites between the two groups after 4 weeks? Provide the answer as a whole number.</question>

5.  <question>A study is comparing the effectiveness of two different flap designs for periodontal surgery: a conventional flap and a minimally invasive flap. Intraoperative blood loss is measured in both groups. The conventional flap design resulted in an average blood loss of 80 mL, while the minimally invasive flap design resulted in an average blood loss of 35 mL. Postoperative swelling is also assessed, and the conventional flap group had an average swelling volume of 5 mL. Knowing that a volume of 1 mL blood contains approximately $5 \times 10^9$ red blood cells (RBCs), calculate the difference in the estimated number of RBCs lost between the two flap designs. Express your answer in scientific notation, rounded to two decimal places and using units of RBCs, in the format $A.BB\times10^N$.</question>
=== Turn 1: Critic feedback ===
Here is a critique of each question against your provided guidelines, with concise and actionable feedback:

---

1.  <question>A prospective, single-blinded, controlled clinical study is evaluating the effectiveness of a new mouthwash in reducing gingival inflammation. Twenty patients with moderate gingivitis (Modified Gingival Index (MGI) between 1 and 2) are randomly assigned to either a treatment group using the new mouthwash or a control group using a standard saline rinse. Baseline MGI scores for both groups are recorded. After two weeks, the MGI is measured again for each patient. The mean MGI score decreased by 0.6 in the treatment group and by 0.2 in the control group. By what percentage did the *magnitude* of the MGI reduction in the treatment group exceed that of the control group? Give your answer as a percentage (%) rounded to the nearest whole number.</question>

    *   **Overall Assessment:** Good, but leans heavily on quantitative reasoning rather than biological principles in its multi-step solution.
    *   **Critique:**
        *   **Guideline 1 (Model a biology Scenario):** Excellent real-world clinical study scenario.
        *   **Guideline 3 (Force Multi-Step Reasoning):** Requires multiple calculation steps (subtraction, division, percentage conversion). However, the biological reasoning is mostly in interpreting the scenario and data points (MGI reduction) rather than applying biological principles within the calculation steps themselves. It's more of a quantitative data interpretation problem.
    *   **Actionable Feedback:** To strengthen the "biological principles" aspect of multi-step reasoning, consider a question that requires applying a biological concept or conversion (e.g., relating inflammation reduction to cellular changes, if data were available) rather than just a percentage comparison.

---

2.  <question>A dental researcher is assessing patient discomfort following different methods of temporary skeletal anchorage device (TSAD) insertion. 15 patients received TSADs using a self-drilling technique, and another group of 15 patients received TSADs with pre-drilling. Patient discomfort was assessed using a visual analog scale (VAS) immediately after insertion. The mean VAS score (0-10 scale) for the self-drilling group was 4.5, while the mean VAS score for the pre-drilling group was 3.0. Post-operative analgesic consumption (number of tablets) in the self-drilling group was, on average, 2 tablets, while the pre-drilling group used 1 tablet. Assuming that each VAS unit corresponds linearly to a consumption of $0.67$ analgesic tablets and that baseline analgesic need is $0$, what is the difference in the *unexplained* analgesic consumption (i.e., actual minus VAS-predicted consumption) between the self-drilling and pre-drilling groups? Give your answer to two decimal places.</question>

    *   **Overall Assessment:** Good for quantitative and analytical skills, but very limited in requiring biological reasoning beyond understanding the context.
    *   **Critique:**
        *   **Guideline 1 (Model a biology Scenario):** Good, relevant clinical scenario.
        *   **Guideline 3 (Force Multi-Step Reasoning):** Highly multi-step calculation involving prediction, subtraction, and comparison. However, the core reasoning is statistical modeling (predicting from a linear relationship, calculating residuals/unexplained values) rather than biological principles. It tests data interpretation and mathematical application in a biological context, but not deep biological understanding.
        *   **Guideline 9 (Units):** While the question implies "tablets" as the unit for the answer, it doesn't explicitly ask for it in the output format.
    *   **Actionable Feedback:** If the goal is to test biological reasoning, this question could be modified to integrate concepts like drug metabolism, dosage effects on physiological pathways, or receptor binding dynamics, rather than just data reconciliation based on a given linear model. Explicitly state the required unit for the final answer.

---

3.  <question>Researchers conduct a controlled clinical study to compare two different guided bone regeneration (GBR) membrane types for alveolar ridge augmentation prior to implant placement. Type A membrane exhibited a mean bone gain of 3.2 mm, while Type B membrane showed a mean bone gain of 2.5 mm. Assuming the *increase* in osteoblast activity is directly proportional to the bone gain, and the initial osteoblast activity before membrane placement was $10^4$ cells/mL, by what factor did the *total* osteoblast activity with membrane A compare to the *total* osteoblast activity with membrane B? Express your answer rounded to two decimal places.</question>

    *   **Overall Assessment:** Flawed - cannot be solved as stated.
    *   **Critique:**
        *   **Guideline 6 (Single Solution):** This question does not have a single, determinate solution. The proportionality constant linking bone gain (in mm) to the *increase* in osteoblast activity (in cells/mL) is missing. Without this constant (or a way to derive it from given data), the absolute "increase" in osteoblast activity cannot be calculated, and therefore the "total" activity cannot be determined for the required ratio.
        *   **Guideline 7 (Rigorous, concise phrasing):** The phrasing "Assuming the *increase* in osteoblast activity is directly proportional to the bone gain..." introduces an unknown proportionality constant, which, when combined with a fixed "initial osteoblast activity," makes the calculation of "total osteoblast activity" indeterminate.
    *   **Actionable Feedback:**
        *   **Option 1 (Simpler):** Remove the "initial osteoblast activity" and ask for the factor by which the *increase* in osteoblast activity differs, e.g., "Assuming the increase in osteoblast activity is directly proportional to the bone gain, by what factor did the *increase* in osteoblast activity with membrane A compare to the *increase* in osteoblast activity with membrane B?" (Answer: $3.2/2.5 = 1.28$).
        *   **Option 2 (More Complex):** Provide the proportionality constant (e.g., "an increase of $5 \times 10^3$ cells/mL in osteoblast activity occurs for every 1 mm of bone gain") or an example from which it can be deduced.

---

4.  <question>A researcher is investigating the effect of oral hygiene education on gingival bleeding. In a prospective study, 30 patients with mild gingivitis are divided into two groups: a treatment group receiving intensive oral hygiene instruction and a control group receiving standard oral hygiene advice. Bleeding on Probing (BOP) scores are recorded at baseline and after 4 weeks. The treatment group showed a reduction of 40% in BOP scores, while the control group showed a reduction of 15%. If the baseline average number of bleeding sites per patient was initially 20 for both groups, what is the absolute difference in the number of bleeding sites between the two groups after 4 weeks? Provide the answer as a whole number.</question>

    *   **Overall Assessment:** Good. A solid question that effectively integrates quantitative reasoning with a biological scenario.
    *   **Critique:**
        *   **Guideline 1 (Model a biology Scenario):** Excellent, clear clinical study design.
        *   **Guideline 3 (Force Multi-Step Reasoning):** Effectively requires multiple steps (two percentage calculations, then a subtraction) and applies them directly to a biological metric (number of bleeding sites).
    *   **Actionable Feedback:** None. This question meets all guidelines well.

---

5.  <question>A study is comparing the effectiveness of two different flap designs for periodontal surgery: a conventional flap and a minimally invasive flap. Intraoperative blood loss is measured in both groups. The conventional flap design resulted in an average blood loss of 80 mL, while the minimally invasive flap design resulted in an average blood loss of 35 mL. Postoperative swelling is also assessed, and the conventional flap group had an average swelling volume of 5 mL. Knowing that a volume of 1 mL blood contains approximately $5 \times 10^9$ red blood cells (RBCs), calculate the difference in the estimated number of RBCs lost between the two flap designs. Express your answer in scientific notation, rounded to two decimal places and using units of RBCs, in the format $A.BB\times10^N$.</question>

    *   **Overall Assessment:** Good. Effectively combines quantitative and biological reasoning, but contains irrelevant information.
    *   **Critique:**
        *   **Guideline 1 (Model a biology Scenario):** Good, relevant clinical context.
        *   **Guideline 3 (Force Multi-Step Reasoning):** Successfully integrates a biological conversion factor (mL blood to RBCs) into the multi-step calculation, which is a strong point.
        *   **Guideline 7 (Rigorous, concise phrasing):** The sentence "Postoperative swelling is also assessed, and the conventional flap group had an average swelling volume of 5 mL" provides irrelevant information. While it might act as a distractor, it compromises conciseness and could potentially confuse students attempting to incorporate all given data.
        *   **Guideline 9 (Units):** Excellent, explicitly requests the unit and format for the scientific notation.
    *   **Actionable Feedback:** Remove the extraneous information about postoperative swelling to maintain conciseness and avoid unnecessary distractors.
=== Turn 2: Author refines questions ===
Here's the revised list of biology questions, incorporating the feedback provided:

1.  <question>A prospective, single-blinded, controlled clinical study is evaluating the effectiveness of a new mouthwash in reducing gingival inflammation. Twenty patients with moderate gingivitis (Modified Gingival Index (MGI) between 1 and 2) are randomly assigned to either a treatment group using the new mouthwash or a control group using a standard saline rinse. Baseline MGI scores for both groups are recorded. After two weeks, the MGI is measured again for each patient. The mean MGI score decreased by 0.6 in the treatment group and by 0.2 in the control group. Assuming that a decrease of 0.1 in MGI corresponds to a 5% reduction in neutrophil infiltration, by what percentage is the reduction in neutrophil infiltration in the treatment group greater than in the control group? Give your answer as a percentage (%) rounded to the nearest whole number.</question>

2.  <question>A dental researcher is assessing patient discomfort following different methods of temporary skeletal anchorage device (TSAD) insertion. 15 patients received TSADs using a self-drilling technique, and another group of 15 patients received TSADs with pre-drilling. Patient discomfort was assessed using a visual analog scale (VAS) immediately after insertion. The mean VAS score (0-10 scale) for the self-drilling group was 4.5, while the mean VAS score for the pre-drilling group was 3.0. Post-operative analgesic consumption (number of tablets) in the self-drilling group was, on average, 2 tablets, while the pre-drilling group used 1 tablet. Assuming that each VAS unit corresponds linearly to a consumption of $0.67$ analgesic tablets and that baseline analgesic need is $0$, what is the difference in the *unexplained* analgesic consumption (i.e., actual minus VAS-predicted consumption) between the self-drilling and pre-drilling groups? Provide your answer in tablets, rounded to two decimal places.</question>

3.  <question>Researchers conduct a controlled clinical study to compare two different guided bone regeneration (GBR) membrane types for alveolar ridge augmentation prior to implant placement. Type A membrane exhibited a mean bone gain of 3.2 mm, while Type B membrane showed a mean bone gain of 2.5 mm. Assuming the *increase* in osteoblast activity is directly proportional to the bone gain, by what factor did the *increase* in osteoblast activity with membrane A compare to the *increase* in osteoblast activity with membrane B? Express your answer rounded to two decimal places.</question>

4.  <question>A researcher is investigating the effect of oral hygiene education on gingival bleeding. In a prospective study, 30 patients with mild gingivitis are divided into two groups: a treatment group receiving intensive oral hygiene instruction and a control group receiving standard oral hygiene advice. Bleeding on Probing (BOP) scores are recorded at baseline and after 4 weeks. The treatment group showed a reduction of 40% in BOP scores, while the control group showed a reduction of 15%. If the baseline average number of bleeding sites per patient was initially 20 for both groups, what is the absolute difference in the number of bleeding sites between the two groups after 4 weeks? Provide the answer as a whole number.</question>

5.  <question>A study is comparing the effectiveness of two different flap designs for periodontal surgery: a conventional flap and a minimally invasive flap. Intraoperative blood loss is measured in both groups. The conventional flap design resulted in an average blood loss of 80 mL, while the minimally invasive flap design resulted in an average blood loss of 35 mL. Knowing that a volume of 1 mL blood contains approximately $5 \times 10^9$ red blood cells (RBCs), calculate the difference in the estimated number of RBCs lost between the two flap designs. Express your answer in scientific notation, rounded to two decimal places and using units of RBCs, in the format $A.BB\times10^N$.</question>
=== Final questions generated ===
