=== Turn 0: Author generates questions ===
Here are some novel, undergraduate-level biology questions based on your specified topics, key concepts, and guidelines:

<question>
A researcher is evaluating a new mouthwash designed to reduce gingival inflammation. In a single-blinded clinical trial, 30 patients with moderate gingivitis are randomly assigned to either the new mouthwash (Group A) or a standard chlorhexidine mouthwash (Group B). After two weeks, the probing depth (PD) is measured in mm at six sites per tooth for each patient. The average PD for Group A decreased from 3.5 mm to 2.8 mm, while the average PD for Group B decreased from 3.5 mm to 2.5 mm. If the volume of the gingival crevicular fluid (GCF) is directly proportional to the PD, and Group A originally had 0.5 mL of GCF, what is the estimated change in GCF volume (in mL) for Group A? Assume the initial GCF volume is the same in both groups.
</question>

<question>
A patient undergoing mandibular advancement surgery for obstructive sleep apnea requires temporary maxillomandibular fixation (MMF). The surgeon considers using either arch bars or intermaxillary elastics. Arch bars provide a more rigid fixation but are associated with a higher risk of soft tissue injury requiring prolonged post-operative oral hygiene and healing. Suppose the oral hygiene index (OHI) increases by 0.2 units per day with arch bars due to increased plaque retention, while it increases by 0.1 units per day with elastics. If a critical OHI threshold of 3.0 units leads to a significant increase in infection risk and the patient starts with an OHI of 1.5 units, how many days will it take for the patient to reach the critical OHI threshold using arch bars?
</question>

<question>
Researchers are comparing the efficacy of two MMF techniques: a novel bioresorbable plate system (System X) and traditional Erich arch bars for treating mandibular fractures. A prospective clinical study reveals that patients with System X experience a 15% lower rate of postoperative inflammation, as measured by C-reactive protein (CRP) levels. If the average CRP level after surgery with Erich arch bars is 50 mg/L and the volume of blood is 5L, what is the difference in the total amount of CRP (in mg) between patients with System X and those with arch bars?
</question>

<question>
An oral surgeon is planning a Le Fort I osteotomy. He must decide between using rigid internal fixation (RIF) or traditional MMF with arch bars. RIF allows for early mobilization but has a slightly higher risk of nerve damage. During surgery, a nerve monitoring system indicates a 5% probability of transient neuropraxia with RIF. If the surgery is performed on 200 patients using RIF, how many patients are expected to experience transient neuropraxia?
</question>

<question>
Two different mouthwashes are tested for their ability to reduce gingival inflammation. Mouthwash A reduces the concentration of matrix metalloproteinases (MMPs) in the gingival crevicular fluid (GCF) by 30%, while Mouthwash B reduces it by 20%. If the initial MMP concentration is 100 ng/mL, and a sample of 500 µL of GCF is collected, what is the difference in the total mass of MMPs (in ng) remaining in the GCF after using Mouthwash A versus Mouthwash B?
</question>
=== Turn 0: Critic feedback ===
Here's a critique of the provided biology questions, evaluated against your guidelines:

### General Strengths Across Questions:

*   **Biology Scenario:** All questions successfully model plausible, real-world or idealized biology scenarios relevant to oral biology/dentistry, requiring conceptual understanding of clinical parameters and biological processes.
*   **Answer Type:** All questions correctly expect a single numerical answer.
*   **Avoid "How" Questions:** No questions ask for simple definitions or explanations; all require problem-solving.
*   **Single Solution:** Each question is designed to yield a unique, unambiguous numerical result.
*   **Rigorous, Concise Phrasing:** The language used is professional, clear, and concise, appropriate for undergraduate learners.
*   **Not Multipart:** Each question focuses on solving for a single target quantity.
*   **Units Consistency:** Units are generally well-handled within the questions, requiring careful attention from the student where conversions are needed.

### Specific Critiques and Actionable Feedback:

**<question>
A researcher is evaluating a new mouthwash designed to reduce gingival inflammation. In a single-blinded clinical trial, 30 patients with moderate gingivitis are randomly assigned to either the new mouthwash (Group A) or a standard chlorhexidine mouthwash (Group B). After two weeks, the probing depth (PD) is measured in mm at six sites per tooth for each patient. The average PD for Group A decreased from 3.5 mm to 2.8 mm, while the average PD for Group B decreased from 3.5 mm to 2.5 mm. If the volume of the gingival crevicular fluid (GCF) is directly proportional to the PD, and Group A originally had 0.5 mL of GCF, what is the estimated change in GCF volume (in mL) for Group A? Assume the initial GCF volume is the same in both groups.
</question>**

*   **Guideline 1 (Scenario):** Excellent. Clinical trial context, gingival inflammation, PD, and GCF are all relevant biological concepts.
*   **Guideline 3 (Multi-Step Reasoning):** Good. Requires calculating the fractional change in PD, then applying that proportionality to the GCF volume, and finally calculating the change. This involves three distinct calculation steps.
*   **Guideline 5 (Unique):** Good. The combination of clinical trial data with proportionality is a novel application.
*   **Guideline 9 (Units/Notation):** Good. Units (mm, mL) are consistent.

**Actionable Feedback:**
*   The information about Group B's PD change and "initial GCF volume is the same in both groups" serves as a distractor. This is generally acceptable in assessment design as it tests careful reading and identification of relevant data. No specific change needed here unless the goal is to make it absolutely minimalist.

---

**<question>
A patient undergoing mandibular advancement surgery for obstructive sleep apnea requires temporary maxillomandibular fixation (MMF). The surgeon considers using either arch bars or intermaxillary elastics. Arch bars provide a more rigid fixation but are associated with a higher risk of soft tissue injury requiring prolonged post-operative oral hygiene and healing. Suppose the oral hygiene index (OHI) increases by 0.2 units per day with arch bars due to increased plaque retention, while it increases by 0.1 units per day with elastics. If a critical OHI threshold of 3.0 units leads to a significant increase in infection risk and the patient starts with an OHI of 1.5 units, how many days will it take for the patient to reach the critical OHI threshold using arch bars?
</question>**

*   **Guideline 1 (Scenario):** Excellent. Clinically relevant scenario involving MMF, oral hygiene, and infection risk.
*   **Guideline 3 (Multi-Step Reasoning):** Good. Requires calculating the required OHI increase and then dividing by the daily rate. Two clear steps.
*   **Guideline 5 (Unique):** Good. Applying rates of change to a clinical oral hygiene index is a novel problem.
*   **Guideline 9 (Units/Notation):** Good. Units (units, units/day, days) are consistent.

**Actionable Feedback:**
*   Similar to the first question, information about elastics is a distractor, which is fine for testing critical reading. No specific change needed.

---

**<question>
Researchers are comparing the efficacy of two MMF techniques: a novel bioresorbable plate system (System X) and traditional Erich arch bars for treating mandibular fractures. A prospective clinical study reveals that patients with System X experience a 15% lower rate of postoperative inflammation, as measured by C-reactive protein (CRP) levels. If the average CRP level after surgery with Erich arch bars is 50 mg/L and the volume of blood is 5L, what is the difference in the total amount of CRP (in mg) between patients with System X and those with arch bars?
</question>**

*   **Guideline 1 (Scenario):** Excellent. MMF techniques, inflammation, and CRP levels are all relevant biological and clinical concepts.
*   **Guideline 3 (Multi-Step Reasoning):** Excellent. This question requires multiple calculations: calculating CRP level for System X, then total CRP for both groups, and finally the difference. This thoroughly meets the multi-step requirement.
*   **Guideline 5 (Unique):** Excellent. Combining percentage reduction with concentration and total amount calculations in this context is novel.
*   **Guideline 9 (Units/Notation):** Excellent. Units (mg/L, L, mg) are consistent and require careful tracking.

**Actionable Feedback:**
*   This question is a strong example that fulfills all criteria very well. No specific changes needed.

---

**<question>
An oral surgeon is planning a Le Fort I osteotomy. He must decide between using rigid internal fixation (RIF) or traditional MMF with arch bars. RIF allows for early mobilization but has a slightly higher risk of nerve damage. During surgery, a nerve monitoring system indicates a 5% probability of transient neuropraxia with RIF. If the surgery is performed on 200 patients using RIF, how many patients are expected to experience transient neuropraxia?
</question>**

*   **Guideline 1 (Scenario):** Good. Le Fort I osteotomy, RIF, nerve damage, and probability are relevant biological concepts.
*   **Guideline 3 (Multi-Step Reasoning):** **Weak.** This question is essentially a single-step percentage calculation (200 * 0.05). While probability is a "biological principle" in a broad sense for clinical risk, the *calculation* itself is too simplistic for an undergraduate level and does not adequately force "two or more biological principles or steps" in terms of computational complexity. It feels more like a high school math problem dressed in biological context.
*   **Guideline 5 (Unique):** **Weak.** While the scenario is specific, the underlying mathematical operation (finding a percentage of a number) is extremely common and not unique for an undergraduate level.
*   **Guideline 9 (Units/Notation):** Good. Units (patients, %) are consistent.

**Actionable Feedback:**
*   **Major Improvement Needed:** To meet the "Multi-Step Reasoning" and "Unique" guidelines for an undergraduate level, this question needs to be significantly enhanced.
    *   **Option 1 (Adding a second step/principle):** Incorporate a conditional probability or a cost/benefit analysis.
        *   *Example revision:* "If the surgery is performed on 200 patients using RIF, and 5% are expected to experience transient neuropraxia, but only 10% of those with neuropraxia go on to develop *persistent* nerve damage, how many patients are expected to experience *persistent* nerve damage?"
    *   **Option 2 (Adding a comparative element):**
        *   *Example revision:* "RIF has a 5% probability of transient neuropraxia, while MMF has a 1% probability. If 100 patients are treated with RIF and 100 with MMF, what is the *difference* in the expected number of patients experiencing transient neuropraxia between the two groups?"

---

**<question>
Two different mouthwashes are tested for their ability to reduce gingival inflammation. Mouthwash A reduces the concentration of matrix metalloproteinases (MMPs) in the gingival crevicular fluid (GCF) by 30%, while Mouthwash B reduces it by 20%. If the initial MMP concentration is 100 ng/mL, and a sample of 500 µL of GCF is collected, what is the difference in the total mass of MMPs (in ng) remaining in the GCF after using Mouthwash A versus Mouthwash B?
</question>**

*   **Guideline 1 (Scenario):** Excellent. Mouthwashes, MMPs, GCF, and inflammation are all core biological concepts.
*   **Guideline 3 (Multi-Step Reasoning):** Excellent. This question requires calculating remaining concentrations for two scenarios, converting units (µL to mL), calculating total mass for each scenario, and then finding the difference. This is a very strong multi-step problem.
*   **Guideline 5 (Unique):** Excellent. The combination of percentage reduction, concentration, volume, and unit conversion is robust and novel.
*   **Guideline 9 (Units/Notation):** Excellent. Requires careful unit conversion (µL to mL) for accurate calculation, which is a good test of attention to detail.

**Actionable Feedback:**
*   This question is another strong example that fulfills all criteria very well. No specific changes needed.

---

### Overall Summary and Recommendations:

The set of questions is strong, with questions 1, 2, 3, and 5 serving as excellent examples of novel, multi-step, undergraduate-level biology problems. The primary area for improvement lies with **Question 4**, which currently lacks the necessary complexity in its mathematical reasoning to be considered truly "multi-step" or "unique" for an undergraduate audience.

**Key Actionable Takeaway:**
*   **Revise Question 4** to incorporate an additional layer of calculation or a second distinct biological principle, increasing its mathematical and conceptual complexity to align with the undergraduate level and the "multi-step reasoning" guideline.
=== Turn 1: Author refines questions ===
Okay, I've incorporated the feedback and revised the questions. Here's the improved set, with the most significant changes made to Question 4. I've aimed for a balance between challenging and solvable for undergraduate biology students.

```xml
<question>
A researcher is evaluating a new mouthwash designed to reduce gingival inflammation. In a single-blinded clinical trial, 30 patients with moderate gingivitis are randomly assigned to either the new mouthwash (Group A) or a standard chlorhexidine mouthwash (Group B). After two weeks, the probing depth (PD) is measured in mm at six sites per tooth for each patient. The average PD for Group A decreased from 3.5 mm to 2.8 mm, while the average PD for Group B decreased from 3.5 mm to 2.5 mm. If the volume of the gingival crevicular fluid (GCF) is directly proportional to the PD, and Group A originally had 0.5 mL of GCF, what is the estimated change in GCF volume (in mL) for Group A? Assume the initial GCF volume is the same in both groups.
</question>

<question>
A patient undergoing mandibular advancement surgery for obstructive sleep apnea requires temporary maxillomandibular fixation (MMF). The surgeon considers using either arch bars or intermaxillary elastics. Arch bars provide a more rigid fixation but are associated with a higher risk of soft tissue injury requiring prolonged post-operative oral hygiene and healing. Suppose the oral hygiene index (OHI) increases by 0.2 units per day with arch bars due to increased plaque retention, while it increases by 0.1 units per day with elastics. If a critical OHI threshold of 3.0 units leads to a significant increase in infection risk and the patient starts with an OHI of 1.5 units, how many days will it take for the patient to reach the critical OHI threshold using arch bars?
</question>

<question>
Researchers are comparing the efficacy of two MMF techniques: a novel bioresorbable plate system (System X) and traditional Erich arch bars for treating mandibular fractures. A prospective clinical study reveals that patients with System X experience a 15% lower rate of postoperative inflammation, as measured by C-reactive protein (CRP) levels. If the average CRP level after surgery with Erich arch bars is 50 mg/L and the volume of blood is 5L, what is the difference in the total amount of CRP (in mg) between patients with System X and those with arch bars?
</question>

<question>
An oral surgeon is planning a Le Fort I osteotomy. He must decide between using rigid internal fixation (RIF) or traditional MMF with arch bars. RIF allows for early mobilization but has a slightly higher risk of nerve damage. Studies show that RIF has a 5% probability of transient neuropraxia, which typically resolves within 3 months. However, in 10% of cases with transient neuropraxia, the nerve damage becomes permanent. If the surgery is performed on 200 patients using RIF, how many patients are expected to experience *permanent* nerve damage?
</question>

<question>
Two different mouthwashes are tested for their ability to reduce gingival inflammation. Mouthwash A reduces the concentration of matrix metalloproteinases (MMPs) in the gingival crevicular fluid (GCF) by 30%, while Mouthwash B reduces it by 20%. If the initial MMP concentration is 100 ng/mL, and a sample of 500 µL of GCF is collected, what is the difference in the total mass of MMPs (in ng) remaining in the GCF after using Mouthwash A versus Mouthwash B?
</question>
```
Key changes:

*   **Question 4 (Revised):** The question now incorporates a second conditional probability – the probability of transient neuropraxia progressing to permanent nerve damage. This adds a crucial second step to the calculation and makes it more suitable for an undergraduate level. The question now requires students to first calculate the number of patients with transient neuropraxia and then calculate the number of those patients who will develop permanent damage.
=== Turn 1: Critic feedback ===
Here's a critique of your revised questions, evaluating them against your guidelines:

---

**Question 1 Critique:**

```xml
<question>
A researcher is evaluating a new mouthwash designed to reduce gingival inflammation. In a single-blinded clinical trial, 30 patients with moderate gingivitis are randomly assigned to either the new mouthwash (Group A) or a standard chlorhexidine mouthwash (Group B). After two weeks, the probing depth (PD) is measured in mm at six sites per tooth for each patient. The average PD for Group A decreased from 3.5 mm to 2.8 mm, while the average PD for Group B decreased from 3.5 mm to 2.5 mm. If the volume of the gingival crevicular fluid (GCF) is directly proportional to the PD, and Group A originally had 0.5 mL of GCF, what is the estimated change in GCF volume (in mL) for Group A? Assume the initial GCF volume is the same in both groups.
</question>
```

*   **Guideline 7 (Rigorous, concise phrasing):** The information about Group B's PD change and the redundant statement "Assume the initial GCF volume is the same in both groups" (when Group A's initial GCF is given and only Group A is asked about) are superfluous for the question asked. While distractors can be useful, for *concise* phrasing, this could be trimmed.
*   **Recommendation:** Remove the data for Group B and the redundant assumption about initial GCF volume for both groups. Focus solely on the information relevant to Group A.

---

**Question 2 Critique:**

```xml
<question>
A patient undergoing mandibular advancement surgery for obstructive sleep apnea requires temporary maxillomandibular fixation (MMF). The surgeon considers using either arch bars or intermaxillary elastics. Arch bars provide a more rigid fixation but are associated with a higher risk of soft tissue injury requiring prolonged post-operative oral hygiene and healing. Suppose the oral hygiene index (OHI) increases by 0.2 units per day with arch bars due to increased plaque retention, while it increases by 0.1 units per day with elastics. If a critical OHI threshold of 3.0 units leads to a significant increase in infection risk and the patient starts with an OHI of 1.5 units, how many days will it take for the patient to reach the critical OHI threshold using arch bars?
</question>
```

*   **Overall:** This question is well-structured and meets all specified guidelines. The biological scenario is clear, it requires multi-step reasoning, asks for a single numerical answer, and uses consistent units. The information about elastics acts as a suitable distractor.

---

**Question 3 Critique:**

```xml
<question>
Researchers are comparing the efficacy of two MMF techniques: a novel bioresorbable plate system (System X) and traditional Erich arch bars for treating mandibular fractures. A prospective clinical study reveals that patients with System X experience a 15% lower rate of postoperative inflammation, as measured by C-reactive protein (CRP) levels. If the average CRP level after surgery with Erich arch bars is 50 mg/L and the volume of blood is 5L, what is the difference in the total amount of CRP (in mg) between patients with System X and those with arch bars?
</question>
```

*   **Guideline 7 (Rigorous, concise phrasing):** The phrase "15% lower rate of postoperative inflammation, as measured by C-reactive protein (CRP) levels" is slightly ambiguous. Does "rate" refer to incidence or concentration?
*   **Recommendation:** Rephrase to explicitly state "15% lower *average CRP levels*" or "15% reduction in CRP concentration" to avoid ambiguity and directly align with the subsequent numerical values.

---

**Question 4 Critique:**

```xml
<question>
An oral surgeon is planning a Le Fort I osteotomy. He must decide between using rigid internal fixation (RIF) or traditional MMF with arch bars. RIF allows for early mobilization but has a slightly higher risk of nerve damage. Studies show that RIF has a 5% probability of transient neuropraxia, which typically resolves within 3 months. However, in 10% of cases with transient neuropraxia, the nerve damage becomes permanent. If the surgery is performed on 200 patients using RIF, how many patients are expected to experience *permanent* nerve damage?
</question>
```

*   **Overall:** This question is excellent. It successfully incorporates multi-step reasoning involving conditional probability, fulfilling the intended "Key changes." The scenario is clear, concise, and asks for a single numerical answer with consistent units.

---

**Question 5 Critique:**

```xml
<question>
Two different mouthwashes are tested for their ability to reduce gingival inflammation. Mouthwash A reduces the concentration of matrix metalloproteinases (MMPs) in the gingival crevicular fluid (GCF) by 30%, while Mouthwash B reduces it by 20%. If the initial MMP concentration is 100 ng/mL, and a sample of 500 µL of GCF is collected, what is the difference in the total mass of MMPs (in ng) remaining in the GCF after using Mouthwash A versus Mouthwash B?
</question>
```

*   **Overall:** This question is well-structured and meets all specified guidelines. It clearly requires multiple steps, including unit conversion, asks for a single numerical answer, and uses consistent units within a relevant biological scenario.
=== Turn 2: Author refines questions ===
Okay, I've incorporated the feedback and further refined the questions. Here's the improved set:

```xml
<question>
A researcher is evaluating a new mouthwash designed to reduce gingival inflammation. In a single-blinded clinical trial, patients with moderate gingivitis are treated with a new mouthwash (Group A). After two weeks, the probing depth (PD) is measured. The average PD for Group A decreased from 3.5 mm to 2.8 mm. If the volume of the gingival crevicular fluid (GCF) is directly proportional to the PD, and Group A originally had 0.5 mL of GCF, what is the estimated change in GCF volume (in mL) for Group A?
</question>

<question>
A patient undergoing mandibular advancement surgery for obstructive sleep apnea requires temporary maxillomandibular fixation (MMF). The surgeon considers using either arch bars or intermaxillary elastics. Arch bars provide a more rigid fixation but are associated with a higher risk of soft tissue injury requiring prolonged post-operative oral hygiene and healing. Suppose the oral hygiene index (OHI) increases by 0.2 units per day with arch bars due to increased plaque retention, while it increases by 0.1 units per day with elastics. If a critical OHI threshold of 3.0 units leads to a significant increase in infection risk and the patient starts with an OHI of 1.5 units, how many days will it take for the patient to reach the critical OHI threshold using arch bars?
</question>

<question>
Researchers are comparing the efficacy of two MMF techniques: a novel bioresorbable plate system (System X) and traditional Erich arch bars for treating mandibular fractures. A prospective clinical study reveals that patients with System X experience 15% lower average C-reactive protein (CRP) levels postoperatively compared to patients with arch bars. If the average CRP level after surgery with Erich arch bars is 50 mg/L and the volume of blood is 5L, what is the difference in the total amount of CRP (in mg) between patients with System X and those with arch bars?
</question>

<question>
An oral surgeon is planning a Le Fort I osteotomy. He must decide between using rigid internal fixation (RIF) or traditional MMF with arch bars. RIF allows for early mobilization but has a slightly higher risk of nerve damage. Studies show that RIF has a 5% probability of transient neuropraxia, which typically resolves within 3 months. However, in 10% of cases with transient neuropraxia, the nerve damage becomes permanent. If the surgery is performed on 200 patients using RIF, how many patients are expected to experience *permanent* nerve damage?
</question>

<question>
Two different mouthwashes are tested for their ability to reduce gingival inflammation. Mouthwash A reduces the concentration of matrix metalloproteinases (MMPs) in the gingival crevicular fluid (GCF) by 30%, while Mouthwash B reduces it by 20%. If the initial MMP concentration is 100 ng/mL, and a sample of 500 µL of GCF is collected, what is the difference in the total mass of MMPs (in ng) remaining in the GCF after using Mouthwash A versus Mouthwash B?
</question>
```
=== Final questions generated ===
