=== Turn 0: Author generates questions ===
Here are some novel, undergraduate-level biology questions based on your specifications:

<question>A prospective, single-blinded, controlled clinical study is evaluating the efficacy of a novel oral hygiene regimen in reducing gingival inflammation. Thirty patients with moderate gingivitis were enrolled. At baseline, the average Modified Gingival Index (MGI) score across all patients was $1.8$. After 4 weeks of the new regimen, the average MGI score decreased to $0.9$. If a separate control group of 30 patients using a standard oral hygiene regimen showed a decrease from $1.8$ to $1.4$ in MGI score over the same period, calculate the percentage reduction in MGI score attributable *solely* to the novel regimen, relative to the *initial* MGI score? Report your answer as a percentage.</question>

<question>In a clinical trial assessing patient discomfort during different Maxillomandibular Fixation (MMF) methods, a visual analog scale (VAS) ranging from 0 (no pain) to 10 (worst pain) is used. A patient undergoing MMF using arch bars reports a VAS score of $6.0$ immediately post-operatively. After administration of analgesics, the VAS score decreases linearly over the next 24 hours, reaching a value of $2.0$. If the pain reduction rate remains constant, what will the VAS score be 6 hours after the analgesic administration? Express your answer as a numerical value to one decimal place.</question>

<question>A controlled clinical study evaluates the intraoperative blood loss during Le Fort I osteotomy in patients undergoing MMF with either titanium miniplates or resorbable plates. The average blood loss in the miniplate group (n=20) is recorded as $250\,\mathrm{mL}$, with a standard deviation of $50\,\mathrm{mL}$. The average blood loss in the resorbable plate group (n=20) is $350\,\mathrm{mL}$, with a standard deviation of $60\,\mathrm{mL}$. Assume that the standard error is the standard deviation divided by square root of the sample size. What is the difference in the standard error of the mean blood loss between the resorbable plate group and the miniplate group, in $\mathrm{mL}$? Round your answer to two decimal places.</question>

<question>A study is conducted on patients undergoing MMF, monitoring their bite force recovery post-operatively using a digital force gauge. At week 1 post-surgery, the average bite force is measured as $10\,\mathrm{N}$. The bite force increases linearly over the next 5 weeks, reaching an average of $40\,\mathrm{N}$ at week 6. Assuming a continued linear increase at the same rate, what will be the average bite force (in Newtons) at week 10? </question>

<question>Two groups of patients undergoing MMF using different fixation techniques are compared. Group A (n=15) uses a rigid internal fixation method, while Group B (n=15) uses a semi-rigid fixation. The average time to achieve bony union, assessed radiographically, is 8 weeks for Group A and 12 weeks for Group B. Calculate the percentage increase in healing time observed in Group B compared to Group A.</question>
=== Turn 0: Critic feedback ===
The provided biology questions are of high quality and align very well with the specified guidelines. Here's a detailed critique for each:

<question>A prospective, single-blinded, controlled clinical study is evaluating the efficacy of a novel oral hygiene regimen in reducing gingival inflammation. Thirty patients with moderate gingivitis were enrolled. At baseline, the average Modified Gingival Index (MGI) score across all patients was $1.8$. After 4 weeks of the new regimen, the average MGI score decreased to $0.9$. If a separate control group of 30 patients using a standard oral hygiene regimen showed a decrease from $1.8$ to $1.4$ in MGI score over the same period, calculate the percentage reduction in MGI score attributable *solely* to the novel regimen, relative to the *initial* MGI score? Report your answer as a percentage.</question>

**Critique for Question 1:**
*   **Guideline 1 (Model a biology Scenario):** Excellent. This question perfectly models a real-world clinical study scenario, involving key elements like control groups and efficacy evaluation.
*   **Guideline 3 (Force Multi-Step Reasoning):** Excellent. The question requires multiple steps: calculating the raw reduction in both groups, understanding how to isolate the effect *solely* attributable to the novel regimen (by subtracting the control group's reduction), and then calculating a percentage relative to the initial baseline. This demonstrates a sophisticated understanding of controlled study design interpretation.
*   **Guideline 7 (Use rigorous, concise phrasing):** Excellent. The phrasing "attributable *solely* to the novel regimen, relative to the *initial* MGI score" is precise and guides the student accurately through the required calculation steps.
*   **Guideline 9 (Units must be consistent; all numerical answers must include correct SI units. Symbols should follow conventional biology notation):** Excellent. MGI score is unitless, and the request for a percentage is clear.
*   **Guideline 11 (Solution Formatting):** Excellent. All numerical values and variables are correctly formatted using LaTeX inline math (`$...$`).

**Overall for Q1:** This is an exceptionally strong question, meeting all specified criteria with high marks. No significant improvements are needed.

<question>In a clinical trial assessing patient discomfort during different Maxillomandibular Fixation (MMF) methods, a visual analog scale (VAS) ranging from 0 (no pain) to 10 (worst pain) is used. A patient undergoing MMF using arch bars reports a VAS score of $6.0$ immediately post-operatively. After administration of analgesics, the VAS score decreases linearly over the next 24 hours, reaching a value of $2.0$. If the pain reduction rate remains constant, what will the VAS score be 6 hours after the analgesic administration? Express your answer as a numerical value to one decimal place.</question>

**Critique for Question 2:**
*   **Guideline 1 (Model a biology Scenario):** Excellent. It presents a clear clinical scenario related to pain management and patient recovery.
*   **Guideline 3 (Force Multi-Step Reasoning):** Excellent. The problem requires calculating the rate of change over a given period (24 hours), then using that rate to extrapolate/interpolate the value at a different point in time (6 hours), thereby demonstrating an understanding of linear relationships in a biological context.
*   **Guideline 7 (Use rigorous, concise phrasing):** Excellent. The language is clear and unambiguous, guiding the student to the required calculation.
*   **Guideline 9 (Units must be consistent; all numerical answers must include correct SI units. Symbols should follow conventional biology notation):** Excellent. VAS score is unitless, and the required format (one decimal place) is specified.
*   **Guideline 11 (Solution Formatting):** Excellent. All numerical values are correctly formatted using LaTeX inline math.

**Overall for Q2:** This is another excellent question that effectively tests mathematical reasoning within a relevant biological context. No significant improvements are needed.

<question>A controlled clinical study evaluates the intraoperative blood loss during Le Fort I osteotomy in patients undergoing MMF with either titanium miniplates or resorbable plates. The average blood loss in the miniplate group (n=20) is recorded as $250\,\mathrm{mL}$, with a standard deviation of $50\,\mathrm{mL}$. The average blood loss in the resorbable plate group (n=20) is $350\,\mathrm{mL}$, with a standard deviation of $60\,\mathrm{mL}$. Assume that the standard error is the standard deviation divided by square root of the sample size. What is the difference in the standard error of the mean blood loss between the resorbable plate group and the miniplate group, in $\mathrm{mL}$? Round your answer to two decimal places.</question>

**Critique for Question 3:**
*   **Guideline 1 (Model a biology Scenario):** Excellent. This question provides a very specific and realistic clinical research scenario involving surgical procedures and material comparison.
*   **Guideline 3 (Force Multi-Step Reasoning):** Excellent. It necessitates calculating the standard error of the mean (SEM) for two different groups separately and then finding the difference between these two calculated values, requiring a foundational understanding of basic biostatistics.
*   **Guideline 7 (Use rigorous, concise phrasing):** Excellent. The phrasing is precise, and the explicit instruction "Assume that the standard error is the standard deviation divided by square root of the sample size" clarifies the formula for students.
*   **Guideline 9 (Units must be consistent; all numerical answers must include correct SI units. Symbols should follow conventional biology notation):** Excellent. Units ($\mathrm{mL}$) are consistent and clearly specified for the answer, along with rounding instructions.
*   **Guideline 11 (Solution Formatting):** Excellent. All numerical values and units are correctly formatted using LaTeX inline math.

**Overall for Q3:** This is a very strong question that integrates statistical concepts into a relevant biological scenario. No significant improvements are needed.

<question>A study is conducted on patients undergoing MMF, monitoring their bite force recovery post-operatively using a digital force gauge. At week 1 post-surgery, the average bite force is measured as $10\,\mathrm{N}$. The bite force increases linearly over the next 5 weeks, reaching an average of $40\,\mathrm{N}$ at week 6. Assuming a continued linear increase at the same rate, what will be the average bite force (in Newtons) at week 10? </question>

**Critique for Question 4:**
*   **Guideline 1 (Model a biology Scenario):** Excellent. The scenario of bite force recovery post-surgery is a relevant and practical biological application.
*   **Guideline 3 (Force Multi-Step Reasoning):** Excellent. Similar to Question 2, this requires calculating a rate of increase over a given period and then projecting that rate to a future point in time, demonstrating proficiency in linear extrapolation.
*   **Guideline 7 (Use rigorous, concise phrasing):** Excellent. The question is clear and concise, providing all necessary information for a unique solution.
*   **Guideline 9 (Units must be consistent; all numerical answers must include correct SI units. Symbols should follow conventional biology notation):** Excellent. The unit for force ($\mathrm{N}$) is the correct SI unit and is consistently used.
*   **Guideline 11 (Solution Formatting):** Excellent. All numerical values and units are correctly formatted using LaTeX inline math.

**Overall for Q4:** Another well-constructed question that effectively tests quantitative reasoning in a biological context. No significant improvements are needed.

<question>Two groups of patients undergoing MMF using different fixation techniques are compared. Group A (n=15) uses a rigid internal fixation method, while Group B (n=15) uses a semi-rigid fixation. The average time to achieve bony union, assessed radiographically, is 8 weeks for Group A and 12 weeks for Group B. Calculate the percentage increase in healing time observed in Group B compared to Group A.</question>

**Critique for Question 5:**
*   **Guideline 1 (Model a biology Scenario):** Excellent. The comparison of different fixation techniques and healing times is a very practical and relevant scenario in biology/medicine.
*   **Guideline 3 (Force Multi-Step Reasoning):** Good. It requires calculating the absolute difference in healing time and then expressing that difference as a percentage relative to the baseline (Group A), which is a common two-step calculation.
*   **Guideline 5 (Be Unique):** Good. While the scenario is unique and well-defined, the underlying mathematical operation (simple percentage increase) is fairly standard. Compared to the other questions which involved control group subtraction or statistical calculations, this one's mathematical core is less novel.
    *   **Actionable feedback:** To enhance uniqueness, consider integrating a slightly more complex mathematical concept (e.g., rate of healing, or a statistical comparison like a t-test if sufficient data were provided) while maintaining a focus on a single quantitative answer.
*   **Guideline 7 (Use rigorous, concise phrasing):** Excellent. The question is clearly articulated and unambiguous.
*   **Guideline 9 (Units must be consistent; all numerical answers must include correct SI units. Symbols should follow conventional biology notation):** Excellent. The unit for time (weeks) is consistent, and the request for a percentage is clear.
*   **Guideline 11 (Solution Formatting):** Excellent. All numerical values are correctly formatted using LaTeX inline math.

**Overall for Q5:** This is a solid question that fulfills most requirements. Its primary area for minor improvement would be to increase the novelty of the mathematical operation itself, although it already provides a strong biological context.
=== Turn 1: Author refines questions ===
Here are the refined biology questions, incorporating the feedback provided:

<question>A prospective, single-blinded, controlled clinical study is evaluating the efficacy of a novel oral hygiene regimen in reducing gingival inflammation. Thirty patients with moderate gingivitis were enrolled. At baseline, the average Modified Gingival Index (MGI) score across all patients was $1.8$. After 4 weeks of the new regimen, the average MGI score decreased to $0.9$. If a separate control group of 30 patients using a standard oral hygiene regimen showed a decrease from $1.8$ to $1.4$ in MGI score over the same period, calculate the percentage reduction in MGI score attributable *solely* to the novel regimen, relative to the *initial* MGI score? Report your answer as a percentage.</question>

<question>In a clinical trial assessing patient discomfort during different Maxillomandibular Fixation (MMF) methods, a visual analog scale (VAS) ranging from 0 (no pain) to 10 (worst pain) is used. A patient undergoing MMF using arch bars reports a VAS score of $6.0$ immediately post-operatively. After administration of analgesics, the VAS score decreases linearly over the next 24 hours, reaching a value of $2.0$. If the pain reduction rate remains constant, what will the VAS score be 6 hours after the analgesic administration? Express your answer as a numerical value to one decimal place.</question>

<question>A controlled clinical study evaluates the intraoperative blood loss during Le Fort I osteotomy in patients undergoing MMF with either titanium miniplates or resorbable plates. The average blood loss in the miniplate group (n=20) is recorded as $250\,\mathrm{mL}$, with a standard deviation of $50\,\mathrm{mL}$. The average blood loss in the resorbable plate group (n=20) is $350\,\mathrm{mL}$, with a standard deviation of $60\,\mathrm{mL}$. Assume that the standard error is the standard deviation divided by square root of the sample size. What is the difference in the standard error of the mean blood loss between the resorbable plate group and the miniplate group, in $\mathrm{mL}$? Round your answer to two decimal places.</question>

<question>A study is conducted on patients undergoing MMF, monitoring their bite force recovery post-operatively using a digital force gauge. At week 1 post-surgery, the average bite force is measured as $10\,\mathrm{N}$. The bite force increases linearly over the next 5 weeks, reaching an average of $40\,\mathrm{N}$ at week 6. Assuming a continued linear increase at the same rate, what will be the average bite force (in Newtons) at week 10? </question>

<question>Two groups of patients undergoing MMF using different fixation techniques are compared. Group A (n=25) uses a rigid internal fixation method, while Group B (n=25) uses a semi-rigid fixation. The average time to achieve bony union, assessed radiographically, is 8 weeks for Group A and 12 weeks for Group B. The standard deviation of the healing time for Group A is 2 weeks, and for Group B is 3 weeks. Calculate the *t-statistic* to determine if there is a statistically significant difference in healing times between the two groups. Assume equal variances. Round your answer to two decimal places.</question>
=== Turn 1: Critic feedback ===
Overall, these are well-structured and relevant questions that align well with most of the stated guidelines. They effectively model biological scenarios and require multi-step quantitative reasoning.

Here's a detailed critique for each question:

---

**Question 1: Gingival Inflammation Reduction**
<question>A prospective, single-blinded, controlled clinical study is evaluating the efficacy of a novel oral hygiene regimen in reducing gingival inflammation. Thirty patients with moderate gingivitis were enrolled. At baseline, the average Modified Gingival Index (MGI) score across all patients was $1.8$. After 4 weeks of the new regimen, the average MGI score decreased to $0.9$. If a separate control group of 30 patients using a standard oral hygiene regimen showed a decrease from $1.8$ to $1.4$ in MGI score over the same period, calculate the percentage reduction in MGI score attributable *solely* to the novel regimen, relative to the *initial* MGI score? Report your answer as a percentage.</question>

*   **Critique:**
    *   **Guideline 1 (Biology Scenario):** Excellent. Models a real-world clinical study assessing treatment efficacy.
    *   **Guideline 3 (Multi-Step Reasoning):** Excellent. Requires calculating change in both groups, determining the net (attributable) effect, and then converting it to a percentage relative to the baseline. This demonstrates a strong understanding of controlled trial data interpretation.
    *   **Guideline 7 (Rigorous, concise phrasing):** The phrasing "attributable *solely* to the novel regimen, relative to the *initial* MGI score" is very precise and crucial for guiding the correct calculation.
    *   **Minor point:** The baseline MGI score being identical for both groups ($1.8$) simplifies the calculation of the "relative to initial MGI score" part but is a reasonable simplification for an assessment question.

---

**Question 2: VAS Score Pain Reduction**
<question>In a clinical trial assessing patient discomfort during different Maxillomandibular Fixation (MMF) methods, a visual analog scale (VAS) ranging from 0 (no pain) to 10 (worst pain) is used. A patient undergoing MMF using arch bars reports a VAS score of $6.0$ immediately post-operatively. After administration of analgesics, the VAS score decreases linearly over the next 24 hours, reaching a value of $2.0$. If the pain reduction rate remains constant, what will the VAS score be 6 hours after the analgesic administration? Express your answer as a numerical value to one decimal place.</question>

*   **Critique:**
    *   **Guideline 1 (Biology Scenario):** Good. Directly relates to patient pain management in a clinical setting.
    *   **Guideline 3 (Multi-Step Reasoning):** Good. Requires calculating a rate of change and then applying that rate over a specific time interval to find the final value.
    *   **Guideline 5 (Be Unique):** This question, along with Question 4, primarily tests linear interpolation/extrapolation. While the biological context is different, the core mathematical skill assessed is quite similar. To enhance uniqueness, consider varying the type of mathematical relationship tested (e.g., exponential decay, logarithmic relationship) in one of these questions.
    *   **Guideline 7 (Rigorous, concise phrasing):** Clear and precise, specifying "decreases linearly" and "rate remains constant."

---

**Question 3: Standard Error of Blood Loss**
<question>A controlled clinical study evaluates the intraoperative blood loss during Le Fort I osteotomy in patients undergoing MMF with either titanium miniplates or resorbable plates. The average blood loss in the miniplate group (n=20) is recorded as $250\,\mathrm{mL}$, with a standard deviation of $50\,\mathrm{mL}$. The average blood loss in the resorbable plate group (n=20) is $350\,\mathrm{mL}$, with a standard deviation of $60\,\mathrm{mL}$. Assume that the standard error is the standard deviation divided by square root of the sample size. What is the difference in the standard error of the mean blood loss between the resorbable plate group and the miniplate group, in $\mathrm{mL}$? Round your answer to two decimal places.</question>

*   **Critique:**
    *   **Guideline 1 (Biology Scenario):** Excellent. Models a comparative clinical study, fundamental in medical research.
    *   **Guideline 3 (Multi-Step Reasoning):** Good. Requires calculating the standard error of the mean for two groups and then finding their difference.
    *   **Guideline 4 (Avoid How based questions):** The phrase "Assume that the standard error is the standard deviation divided by square root of the sample size" acts as a direct hint for the formula. For an advanced biology assessment, students should be expected to recall or infer this fundamental statistical definition. **Actionable Feedback:** Remove this explanatory sentence to increase the rigor and test recall of statistical formulas.
    *   **Guideline 7 (Rigorous, concise phrasing):** The question is very specific and clearly asks for "the difference in the standard error of the mean."

---

**Question 4: Bite Force Recovery**
<question>A study is conducted on patients undergoing MMF, monitoring their bite force recovery post-operatively using a digital force gauge. At week 1 post-surgery, the average bite force is measured as $10\,\mathrm{N}$. The bite force increases linearly over the next 5 weeks, reaching an average of $40\,\mathrm{N}$ at week 6. Assuming a continued linear increase at the same rate, what will be the average bite force (in Newtons) at week 10? </question>

*   **Critique:**
    *   **Guideline 1 (Biology Scenario):** Good. Models physiological recovery post-surgery, a relevant biological application.
    *   **Guideline 3 (Multi-Step Reasoning):** Good. Requires calculating a rate of increase and then extrapolating linearly to a future time point.
    *   **Guideline 5 (Be Unique):** As noted for Question 2, this question also relies heavily on linear interpolation/extrapolation. While the context (bite force) is different from pain, the underlying mathematical skill is repetitive. **Actionable Feedback:** Consider modifying this question or Question 2 to test a different type of quantitative relationship (e.g., non-linear growth, a plateau phase, or a threshold).
    *   **Minor point:** Biological recovery is often non-linear. The assumption of "linear increase" is a simplification for problem-solving purposes, which is acceptable.

---

**Question 5: T-statistic for Healing Times**
<question>Two groups of patients undergoing MMF using different fixation techniques are compared. Group A (n=25) uses a rigid internal fixation method, while Group B (n=25) uses a semi-rigid fixation. The average time to achieve bony union, assessed radiographically, is 8 weeks for Group A and 12 weeks for Group B. The standard deviation of the healing time for Group A is 2 weeks, and for Group B is 3 weeks. Calculate the *t-statistic* to determine if there is a statistically significant difference in healing times between the two groups. Assume equal variances. Round your answer to two decimal places.</question>

*   **Critique:**
    *   **Guideline 1 (Biology Scenario):** Excellent. Models a core activity in clinical research: comparing treatment outcomes using statistical tests.
    *   **Guideline 3 (Multi-Step Reasoning):** Excellent. This is a complex statistical calculation requiring multiple steps (e.g., calculating pooled standard deviation, standard error of the difference, then the t-statistic). This assesses a high level of quantitative understanding relevant to biology.
    *   **Guideline 4 (Avoid How based questions):** The "Assume equal variances" is a necessary specification for choosing the correct t-test formula, rather than a hint. This is appropriate.
    *   **Guideline 5 (Be Unique):** Highly unique and relevant application of statistical hypothesis testing to a biological/medical context.

---

**Summary of Actionable Feedback:**

1.  **Question 3:** Remove the explicit formula hint: "Assume that the standard error is the standard deviation divided by square root of the sample size."
2.  **Questions 2 & 4:** Consider modifying one of these questions to test a different quantitative skill beyond linear interpolation/extrapolation to enhance the overall uniqueness and breadth of skills assessed across the set.
=== Turn 2: Author refines questions ===
Okay, here are the refined biology questions, incorporating the actionable feedback. I have removed the explicit formula from Question 3 and modified Question 4 to involve exponential decay rather than linear increase.

<question>A prospective, single-blinded, controlled clinical study is evaluating the efficacy of a novel oral hygiene regimen in reducing gingival inflammation. Thirty patients with moderate gingivitis were enrolled. At baseline, the average Modified Gingival Index (MGI) score across all patients was $1.8$. After 4 weeks of the new regimen, the average MGI score decreased to $0.9$. If a separate control group of 30 patients using a standard oral hygiene regimen showed a decrease from $1.8$ to $1.4$ in MGI score over the same period, calculate the percentage reduction in MGI score attributable *solely* to the novel regimen, relative to the *initial* MGI score? Report your answer as a percentage.</question>

<question>In a clinical trial assessing patient discomfort during different Maxillomandibular Fixation (MMF) methods, a visual analog scale (VAS) ranging from 0 (no pain) to 10 (worst pain) is used. A patient undergoing MMF using arch bars reports a VAS score of $6.0$ immediately post-operatively. After administration of analgesics, the VAS score decreases linearly over the next 24 hours, reaching a value of $2.0$. If the pain reduction rate remains constant, what will the VAS score be 6 hours after the analgesic administration? Express your answer as a numerical value to one decimal place.</question>

<question>A controlled clinical study evaluates the intraoperative blood loss during Le Fort I osteotomy in patients undergoing MMF with either titanium miniplates or resorbable plates. The average blood loss in the miniplate group (n=20) is recorded as $250\,\mathrm{mL}$, with a standard deviation of $50\,\mathrm{mL}$. The average blood loss in the resorbable plate group (n=20) is $350\,\mathrm{mL}$, with a standard deviation of $60\,\mathrm{mL}$. What is the difference in the standard error of the mean blood loss between the resorbable plate group and the miniplate group, in $\mathrm{mL}$? Round your answer to two decimal places.</question>

<question>A study is conducted on patients undergoing MMF, monitoring bone density recovery post-operatively using quantitative CT scans. At week 1 post-surgery, the average bone density at the osteotomy site is measured as $100\,\mathrm{HU}$ (Hounsfield Units). The bone density increases *exponentially* over time, following the equation $D(t) = D_0 + A(1 - e^{-kt})$, where $D(t)$ is the bone density at time $t$ (in weeks), $D_0$ is the initial bone density, $A$ is the maximum possible increase in bone density, and $k$ is the rate constant. If the bone density reaches $175\,\mathrm{HU}$ at week 4, and the maximum possible increase in bone density ($A$) is $100\,\mathrm{HU}$, what is the rate constant $k$? Round your answer to two decimal places.</question>

<question>Two groups of patients undergoing MMF using different fixation techniques are compared. Group A (n=25) uses a rigid internal fixation method, while Group B (n=25) uses a semi-rigid fixation. The average time to achieve bony union, assessed radiographically, is 8 weeks for Group A and 12 weeks for Group B. The standard deviation of the healing time for Group A is 2 weeks, and for Group B is 3 weeks. Calculate the *t-statistic* to determine if there is a statistically significant difference in healing times between the two groups. Assume equal variances. Round your answer to two decimal places.</question>
=== Final questions generated ===
