=== Turn 0: Author generates questions ===
Here are some novel undergraduate-level biology questions based on your specifications:

<question>A veterinary anesthesiologist is comparing dexmedetomidine and fentanyl for canine sedation. A dog weighing 15 kg is administered dexmedetomidine, resulting in a heart rate decrease from 120 bpm to 70 bpm and a Mean Arterial Pressure (MAP) change from 100 mmHg to 80 mmHg. Another dog of the same weight, after recieving fentanyl, shows a heart rate of 90 bpm, and MAP of 85 mmHg. If the desired MAP range for adequate sedation is 82-95 mmHg, determine the MAP change in mmHg for the dexmedetomidine-sedated dog.</question>

<question>During a clinical trial comparing dexmedetomidine and fentanyl for equine sedation, a horse exhibited a Ramsay Sedation Score (RSS) of 2 with dexmedetomidine and an RSS of 4 with fentanyl. The RSS ranges from 1 (agitated) to 6 (no response to stimuli). If an RSS of 3 is considered optimal for minor procedures, what is the absolute difference in RSS units between the fentanyl-induced sedation and the optimal RSS?</question>

<question>A researcher assesses intubation conditions after administering either dexmedetomidine or fentanyl to rabbits. Post-intubation, a rabbit sedated with dexmedetomidine exhibits a cough score of 1 (rare cough) and a post-intubation score of 2 (minimal response to tube). Another rabbit, given fentanyl, has a cough score of 0 (no cough) and a post-intubation score of 1 (no response). Calculate the absolute difference in the sum of cough and post-intubation scores between the dexmedetomidine group and the fentanyl group.</question>

<question>A 10 kg cat receiving dexmedetomidine experiences a 15% decrease in oxygen saturation from its baseline of 98%. A separate 10 kg cat receiving fentanyl experiences a 5% decrease. Calculate the difference in oxygen saturation percentage points between the two cats after sedation.</question>

<question>A veterinarian is evaluating the stability of heart rate (HR) following sedation with either dexmedetomidine or fentanyl. In a group of dogs sedated with dexmedetomidine, the standard deviation of HR change is 5 bpm. In a group sedated with fentanyl, the standard deviation of HR change is 8 bpm. Determine the difference in standard deviation values in bpm between fentanyl and dexmedetomidine.</question>
=== Turn 0: Critic feedback ===
Here's a critique of each question against your guidelines, with concise, actionable feedback for improvement:

**Question 1 Analysis:**
<question>A veterinary anesthesiologist is comparing dexmedetomidine and fentanyl for canine sedation. A dog weighing 15 kg is administered dexmedetomidine, resulting in a heart rate decrease from 120 bpm to 70 bpm and a Mean Arterial Pressure (MAP) change from 100 mmHg to 80 mmHg. Another dog of the same weight, after recieving fentanyl, shows a heart rate of 90 bpm, and MAP of 85 mmHg. If the desired MAP range for adequate sedation is 82-95 mmHg, determine the MAP change in mmHg for the dexmedetomidine-sedated dog.</question>

**Critique:**
*   **Guideline 3 (Force Multi-Step Reasoning):** **Not Met.** The question asks for a direct calculation of the MAP change for the dexmedetomidine dog ($100 - 80 = 20$). The information about the fentanyl dog, heart rates, and the desired MAP range are distractors and do not contribute to the single calculation step required to answer the specific question asked.
*   **Other Guidelines:** Generally met (Biology Scenario, Numerical Answer, Avoid How, Unique, Single Solution, Rigorous Phrasing, Consistent Units, Not Multipart).

**Actionable Feedback:**
To meet Guideline 3, the question must integrate the seemingly distracting information into the required calculation.
**Improvement:** Rephrase to require comparison or conditional logic involving the desired range or both dogs. For example: "If an optimal MAP for sedation is the midpoint of the desired range (82-95 mmHg), calculate the absolute difference between the dexmedetomidine-sedated dog's final MAP and this optimal MAP." (Requires calculating midpoint, then absolute difference).

---

**Question 2 Analysis:**
<question>During a clinical trial comparing dexmedetomidine and fentanyl for equine sedation, a horse exhibited a Ramsay Sedation Score (RSS) of 2 with dexmedetomidine and an RSS of 4 with fentanyl. The RSS ranges from 1 (agitated) to 6 (no response to stimuli). If an RSS of 3 is considered optimal for minor procedures, what is the absolute difference in RSS units between the fentanyl-induced sedation and the optimal RSS?</question>

**Critique:**
*   **Guideline 3 (Force Multi-Step Reasoning):** **Not Met.** Similar to Question 1, this is a single-step calculation ($|4 - 3| = 1$). The information about dexmedetomidine and the full RSS range description are distractors.
*   **Other Guidelines:** Generally met.

**Actionable Feedback:**
To meet Guideline 3, the question needs to involve more than one direct subtraction.
**Improvement:** Rephrase to require a comparison or summation involving both sedatives. For example: "If an RSS of 3 is considered optimal, determine which sedative brought the horse closer to the optimal RSS, and report the absolute difference in RSS units for that specific sedative." (Requires two absolute difference calculations, then a comparison to select one.)

---

**Question 3 Analysis:**
<question>A researcher assesses intubation conditions after administering either dexmedetomidine or fentanyl to rabbits. Post-intubation, a rabbit sedated with dexmedetomidine exhibits a cough score of 1 (rare cough) and a post-intubation score of 2 (minimal response to tube). Another rabbit, given fentanyl, has a cough score of 0 (no cough) and a post-intubation score of 1 (no response). Calculate the absolute difference in the sum of cough and post-intubation scores between the dexmedetomidine group and the fentanyl group.</question>

**Critique:**
*   **Guideline 3 (Force Multi-Step Reasoning):** **Met.** This question requires three distinct calculation steps: 1) sum for dexmedetomidine, 2) sum for fentanyl, and 3) the absolute difference between those sums.
*   **Other Guidelines:** All met. This is a strong question.

**Actionable Feedback:**
No significant improvements needed. The question is clear, concise, and meets all specified guidelines.

---

**Question 4 Analysis:**
<question>A 10 kg cat receiving dexmedetomidine experiences a 15% decrease in oxygen saturation from its baseline of 98%. A separate 10 kg cat receiving fentanyl experiences a 5% decrease. Calculate the difference in oxygen saturation percentage points between the two cats after sedation.</question>

**Critique:**
*   **Guideline 6 (Single Solution):** **Not Met.** The phrasing "15% decrease in oxygen saturation from its baseline of 98%" is ambiguous. It could mean:
    *   A decrease of 15 *percentage points* (e.g., $98\% \to 83\%$).
    *   A *relative* decrease of 15% (e.g., $98\% \times (1 - 0.15) = 83.3\%$).
    This ambiguity leads to two possible correct answers depending on interpretation.
*   **Guideline 7 (Rigorous, Concise Phrasing):** **Not Met.** Directly related to the ambiguity above. The phrasing isn't precise enough for a single, unambiguous solution.
*   **Guideline 3 (Force Multi-Step Reasoning):** **Met** (once ambiguity is resolved). If interpreted as percentage points, it's (98-15), (98-5), then subtract. If interpreted as relative, it's $98 \times 0.85$, $98 \times 0.95$, then subtract. Both are multi-step.

**Actionable Feedback:**
Clarify the meaning of the percentage decrease.
**Improvement:** Rephrase to specify "percentage points" or "relative percentage decrease."
*   **Option 1 (Percentage Points):** "A 10 kg cat receiving dexmedetomidine experiences a decrease of 15 **percentage points** in oxygen saturation from its baseline of 98%. A separate 10 kg cat receiving fentanyl experiences a decrease of 5 **percentage points**. Calculate the difference in oxygen saturation percentage points between the two cats after sedation."
*   **Option 2 (Relative Decrease):** "A 10 kg cat receiving dexmedetomidine experiences a **15% relative decrease** in oxygen saturation from its baseline of 98%. A separate 10 kg cat receiving fentanyl experiences a **5% relative decrease**. Calculate the difference in oxygen saturation percentage points between the two cats after sedation."

---

**Question 5 Analysis:**
<question>A veterinarian is evaluating the stability of heart rate (HR) following sedation with either dexmedetomidine or fentanyl. In a group of dogs sedated with dexmedetomidine, the standard deviation of HR change is 5 bpm. In a group sedated with fentanyl, the standard deviation of HR change is 8 bpm. Determine the difference in standard deviation values in bpm between fentanyl and dexmedetomidine.</question>

**Critique:**
*   **Guideline 3 (Force Multi-Step Reasoning):** **Not Met.** This is a single-step subtraction ($8 - 5 = 3$). The question provides the two values directly and asks for their difference.
*   **Other Guidelines:** Generally met.

**Actionable Feedback:**
To meet Guideline 3, the question should require an intermediate calculation to arrive at the standard deviation values, or incorporate them into a more complex calculation/comparison.
**Improvement:** Provide raw data from which the standard deviation can be inferred or calculated (without making the calculation overly burdensome for a single question).
For example, using the concept of 95% confidence interval for normal distribution: "In a group of dogs sedated with dexmedetomidine, 95% of heart rate changes fell within $\pm 10\\,\\mathrm{bpm}$ of the average change. In a group sedated with fentanyl, 95% of heart rate changes fell within $\pm 16\\,\\mathrm{bpm}$ of the average change. Assuming a normal distribution, determine the absolute difference in the standard deviation values in bpm between fentanyl and dexmedetomidine." (This requires knowing that 95% of data is approximately $\pm 2$ standard deviations from the mean, so first calculate SD for each, then the difference).
=== Turn 1: Author refines questions ===
Here's the improved list of questions, addressing the feedback and aiming for multi-step reasoning where needed:

<question>A veterinary anesthesiologist is comparing dexmedetomidine and fentanyl for canine sedation. A dog weighing 15 kg is administered dexmedetomidine, resulting in a Mean Arterial Pressure (MAP) change from 100 mmHg to 80 mmHg. Another dog of the same weight, after receiving fentanyl, shows a MAP of 85 mmHg. If an optimal MAP for sedation is the midpoint of the desired range (82-95 mmHg), calculate the absolute difference between the dexmedetomidine-sedated dog's final MAP and this optimal MAP.</question>

<question>During a clinical trial comparing dexmedetomidine and fentanyl for equine sedation, a horse exhibited a Ramsay Sedation Score (RSS) of 2 with dexmedetomidine and an RSS of 4 with fentanyl. The RSS ranges from 1 (agitated) to 6 (no response to stimuli). If an RSS of 3 is considered optimal for minor procedures, determine which sedative brought the horse closer to the optimal RSS, and report the absolute difference in RSS units for that specific sedative.</question>

<question>A researcher assesses intubation conditions after administering either dexmedetomidine or fentanyl to rabbits. Post-intubation, a rabbit sedated with dexmedetomidine exhibits a cough score of 1 (rare cough) and a post-intubation score of 2 (minimal response to tube). Another rabbit, given fentanyl, has a cough score of 0 (no cough) and a post-intubation score of 1 (no response). Calculate the absolute difference in the sum of cough and post-intubation scores between the dexmedetomidine group and the fentanyl group.</question>

<question>A 10 kg cat receiving dexmedetomidine experiences a 15% relative decrease in oxygen saturation from its baseline of 98%. A separate 10 kg cat receiving fentanyl experiences a 5% relative decrease. Calculate the difference in oxygen saturation percentage points between the two cats after sedation.</question>

<question>A veterinarian is evaluating the stability of heart rate (HR) following sedation with either dexmedetomidine or fentanyl. In a group of dogs sedated with dexmedetomidine, 95% of heart rate changes fell within $\pm 10\\,\\mathrm{bpm}$ of the average change. In a group sedated with fentanyl, 95% of heart rate changes fell within $\pm 16\\,\\mathrm{bpm}$ of the average change. Assuming a normal distribution, determine the absolute difference in the standard deviation values in bpm between fentanyl and dexmedetomidine.</question>
=== Turn 1: Critic feedback ===
Here's a critique of each question based on your guidelines:

<question>A veterinary anesthesiologist is comparing dexmedetomidine and fentanyl for canine sedation. A dog weighing $15\\,\\mathrm{kg}$ is administered dexmedetomidine, resulting in a Mean Arterial Pressure (MAP) change from $100\\,\\mathrm{mmHg}$ to $80\\,\\mathrm{mmHg}$. Another dog of the same weight, after receiving fentanyl, shows a MAP of $85\\,\\mathrm{mmHg}$. If an optimal MAP for sedation is the midpoint of the desired range ($82\\text{-}95\\,\\mathrm{mmHg}$), calculate the absolute difference between the dexmedetomidine-sedated dog's final MAP and this optimal MAP.</question>

**Critique:**
*   **Guideline 3 (Multi-Step Reasoning):** The reasoning is primarily arithmetic (midpoint calculation, then subtraction). It doesn't involve multiple distinct biological principles or conceptual steps beyond basic interpretation of given numerical values.
*   **Guideline 11 (Solution Formatting):** Missing LaTeX for numerical values within the question (e.g., "$15\\,\\mathrm{kg}$" instead of "15 kg").

**Actionable Feedback:**
*   Modify the question to require the application of at least two distinct biological principles or a more complex conceptual biological interpretation rather than just arithmetic operations on given numbers.
*   Ensure all numerical values with units are correctly formatted using LaTeX (e.g., $15\\,\\mathrm{kg}$, $100\\,\\mathrm{mmHg}$).

---

<question>During a clinical trial comparing dexmedetomidine and fentanyl for equine sedation, a horse exhibited a Ramsay Sedation Score (RSS) of $2$ with dexmedetomidine and an RSS of $4$ with fentanyl. The RSS ranges from $1$ (agitated) to $6$ (no response to stimuli). If an RSS of $3$ is considered optimal for minor procedures, determine which sedative brought the horse closer to the optimal RSS, and report the absolute difference in RSS units for that specific sedative.</question>

**Critique:**
*   **Guideline 2 (Single Word/Numerical):** The question asks for two pieces of information: "which sedative" (a word/phrase) and "the absolute difference" (a numerical value).
*   **Guideline 10 (Questions must not be multipart):** This question explicitly asks for two separate pieces of information/calculations, making it multipart.
*   **Guideline 3 (Multi-Step Reasoning):** Similar to Q1, the reasoning is primarily arithmetic comparison.

**Actionable Feedback:**
*   Rephrase the question to ask for a single, specific numerical quantity. For example, "Calculate the absolute difference between the RSS for the sedative that brought the horse closer to the optimal RSS and the optimal RSS itself." or "Calculate the absolute difference in RSS units between the fentanyl-sedated horse and the optimal RSS of 3."
*   Modify the question to require the application of at least two distinct biological principles or a more complex conceptual biological interpretation.

---

<question>A researcher assesses intubation conditions after administering either dexmedetomidine or fentanyl to rabbits. Post-intubation, a rabbit sedated with dexmedetomidine exhibits a cough score of $1$ (rare cough) and a post-intubation score of $2$ (minimal response to tube). Another rabbit, given fentanyl, has a cough score of $0$ (no cough) and a post-intubation score of $1$ (no response). Calculate the absolute difference in the sum of cough and post-intubation scores between the dexmedetomidine group and the fentanyl group.</question>

**Critique:**
*   **Guideline 3 (Multi-Step Reasoning):** The reasoning involves summing scores and finding an absolute difference, which is purely arithmetic. It lacks a deeper conceptual biological principle or multi-layered biological interpretation.
*   **Guideline 11 (Solution Formatting):** Missing LaTeX for numerical values within descriptive parentheses (e.g., "$1$ (rare cough)" instead of "1 (rare cough)").

**Actionable Feedback:**
*   Modify the question to require the application of at least two distinct biological principles or a more complex conceptual biological interpretation.
*   Ensure all numerical values are correctly formatted using LaTeX, especially within descriptive text (e.g., $1$ (rare cough)).

---

<question>A $10\\,\\mathrm{kg}$ cat receiving dexmedetomidine experiences a $15\\%$ relative decrease in oxygen saturation from its baseline of $98\\%$. A separate $10\\,\\mathrm{kg}$ cat receiving fentanyl experiences a $5\\%$ relative decrease. Calculate the difference in oxygen saturation percentage points between the two cats after sedation.</question>

**Critique:**
*   **Guideline 3 (Multi-Step Reasoning):** The reasoning involves calculating percentage decreases and then finding the difference. While it involves percentages, it's still fundamentally arithmetic and does not engage multiple biological principles or complex conceptual steps.

**Actionable Feedback:**
*   Modify the question to require the application of at least two distinct biological principles or a more complex conceptual biological interpretation. For instance, tie the oxygen saturation changes to concepts like respiratory depression mechanisms or physiological impact.

---

<question>A veterinarian is evaluating the stability of heart rate (HR) following sedation with either dexmedetomidine or fentanyl. In a group of dogs sedated with dexmedetomidine, $95\\%$ of heart rate changes fell within $\pm 10\\,\\mathrm{bpm}$ of the average change. In a group sedated with fentanyl, $95\\%$ of heart rate changes fell within $\pm 16\\,\\mathrm{bpm}$ of the average change. Assuming a normal distribution, determine the absolute difference in the standard deviation values in $\\mathrm{bpm}$ between fentanyl and dexmedetomidine.</question>

**Critique:**
*   **Guideline 3 (Multi-Step Reasoning):** This question *excellently* satisfies this guideline. It requires knowledge of a statistical principle (the relationship between the range containing $95\\%$ of data and standard deviation in a normal distribution, i.e., $\pm 1.96\\sigma$), which is a conceptual biological application. Then it requires calculation of two standard deviations and their difference. This is the strongest question in terms of engaging a non-arithmetic principle.
*   **Guideline 11 (Solution Formatting):** All numerical values and units are correctly formatted using LaTeX.

**Actionable Feedback:**
*   None. This question adheres well to all guidelines.
=== Turn 2: Author refines questions ===
Okay, here's an improved list of questions, incorporating the feedback. I've focused on enhancing the multi-step reasoning and ensuring only a single numerical answer is required.

<question>A veterinary researcher is investigating the effects of dexmedetomidine and fentanyl on canine thermoregulation. A $12\\,\\mathrm{kg}$ dog under dexmedetomidine experiences a decrease in metabolic rate of $20\\%$.  If a $1\\%$ decrease in metabolic rate is known to correlate with a $0.05\\,{}^{\\circ}\\mathrm{C}$ decrease in body temperature, what is the expected change in the dog's body temperature (in ${}^{\\circ}\\mathrm{C}$) attributable to this change in metabolic rate? Give your answer as a negative number.</question>

<question>An equine veterinarian is assessing the effects of fentanyl on respiratory parameters. A horse receiving fentanyl exhibits a respiratory rate of $8$ breaths per minute and a tidal volume of $5\\,\\mathrm{L}$.  Assuming a dead space volume of $1.5\\,\\mathrm{L}$, calculate the minute alveolar ventilation (in $\\mathrm{L/min}$), which represents the amount of fresh gas reaching the alveoli per minute. Give your answer to one decimal place.</question>

<question>Researchers are studying the effects of dexmedetomidine on renal function in cats. A cat receiving dexmedetomidine shows a decrease in glomerular filtration rate (GFR) of $15\\%$. If the cat's baseline GFR was $3\\,\\mathrm{mL/min/kg}$ and its weight is $5\\,\\mathrm{kg}$, calculate the total decrease in GFR (in $\\mathrm{mL/min}$) attributable to dexmedetomidine.  Give your answer to two decimal places.</question>

<question>A veterinary pharmacologist is comparing the potency of dexmedetomidine and fentanyl in producing analgesia in rats. Dexmedetomidine has a reported analgesic potency $100$ times greater than morphine. Fentanyl, meanwhile, is reported to have analgesic potency that is $80$ times greater than morphine. Considering that an ED50 dose of morphine is $10\\,\\mathrm{mg/kg}$, determine the ratio of the ED50 dose for dexmedetomidine to the ED50 dose for Fentanyl. Give your answer to two decimal places.</question>

<question>A veterinary cardiologist is assessing the effects of fentanyl on heart rate variability (HRV) in dogs. A dog's HRV, as measured by the standard deviation of normal-to-normal (SDNN) intervals, decreases by $25\\%$ after fentanyl administration. If a decrease of $1\\,\\mathrm{ms}$ in SDNN is associated with an increased risk of arrhythmia of $0.02\\%$, and the dog's baseline SDNN was $80\\,\\mathrm{ms}$, calculate the percentage point increase in arrhythmia risk attributable to the fentanyl-induced HRV change. Give your answer to two decimal places.</question>
=== Final questions generated ===
