=== Turn 0: Author generates questions ===
Here are five novel undergraduate-level biology questions, following all specified guidelines:

<question>
A clinical trial assesses a new asthma intervention combining motivational interviewing and a smart inhaler that records actuation time and technique. Participants are categorized into "high adherence" (MMAS-8 score ≥ 6, DAI score ≥ 7, AI ≥ 0.8) and "low adherence" groups. Over 6 months, the high adherence group experiences an average FEV1 increase of 0.5 L, while the low adherence group shows an increase of 0.2 L. If a new patient presents with an initial FEV1 of 2.8 L and is projected to have low adherence, what is their predicted FEV1 (in liters) after 6 months, assuming they exhibit the average response of the low adherence group?
</question>

<question>
A study investigates the impact of counseling on medication adherence in diabetes patients. A control group receives standard care, while the intervention group receives weekly counseling sessions. At baseline, both groups have an average adherence index (AI) of 0.4. After 3 months, the control group's AI remains at 0.4, while the intervention group's AI increases by 50%. If a patient in the intervention group initially took 600 pills in a year, how many pills is that same patient predicted to take in a year, assuming their medication needs remain constant and adherence is directly proportional to the AI increase, to the nearest whole number?
</question>

<question>
Researchers are evaluating the effectiveness of a new educational video on inhaler technique. Before the video, 20% of participants used their inhalers correctly. After watching the video, this increased to 70%. If 150 patients initially used the inhaler *incorrectly*, how many patients now use the inhaler *correctly* as a direct result of the video?
</question>

<question>
A pharmacist implements a reinforcement strategy (positive feedback and small rewards) to improve medication adherence. Before the intervention, the average number of missed doses per month was 8. After the intervention, this decreased by 75%. How many doses are missed per month, on average, after the reinforcement strategy is implemented?
</question>

<question>
A study aims to correlate MMAS-8 scores with FEV1 improvement in COPD patients. It's found that each point increase in MMAS-8 score corresponds to a 0.08 L increase in FEV1. If a patient initially has an MMAS-8 score of 4 and an FEV1 of 1.5 L, what would their predicted FEV1 (in liters) be if their MMAS-8 score increased to 7, rounded to two decimal places?
</question>
=== Turn 0: Critic feedback ===
Here's a critique of the provided biology questions, evaluated against your specified guidelines:

---

### **General Feedback Across All Questions:**

1.  **Guideline 3 (Force Multi-Step Reasoning - Biological Principles):** This is the most significant area for improvement across all questions. While they all involve two or more *arithmetic* steps (e.g., calculate a percentage, then add/subtract), they generally lack two or more distinct *biological principles* or deep conceptual understanding required for their solution. The biological context serves primarily as a wrapper for basic mathematical operations (percentage, proportionality, addition/subtraction). For an undergraduate level, questions should ideally require students to synthesize information from different biological concepts, apply complex biological models, or infer biological processes beyond simple numerical translation.
2.  **Guideline 8 (Units):** Several questions use non-SI units (e.g., "pills", "doses", "patients"). While these are pragmatic and common in clinical settings, the guideline explicitly states "all numerical answers must include correct SI units." This is a minor but consistent deviation.

---

### **Question-Specific Critiques:**

<question>
A clinical trial assesses a new asthma intervention combining motivational interviewing and a smart inhaler that records actuation time and technique. Participants are categorized into "high adherence" (MMAS-8 score $\ge$ 6, DAI score $\ge$ 7, AI $\ge$ 0.8) and "low adherence" groups. Over 6 months, the high adherence group experiences an average FEV1 increase of 0.5 L, while the low adherence group shows an increase of 0.2 L. If a new patient presents with an initial FEV1 of 2.8 L and is projected to have low adherence, what is their predicted FEV1 (in liters) after 6 months, assuming they exhibit the average response of the low adherence group?
</question>

**Critique:**
*   **Guideline 3 (Force Multi-Step Reasoning - Biological Principles):** Fails. This question involves two arithmetic steps (identify the relevant increase, then add to baseline), but only one biological concept is applied: intervention leads to physiological improvement. The specific adherence scores (MMAS-8, DAI, AI) and their thresholds are provided but are extraneous to the calculation, as the patient is directly "projected to have low adherence."
*   **Guideline 7 (Rigorous, concise phrasing):** The detailed adherence score criteria are unnecessary given that the patient's adherence group is directly stated. This adds verbosity without contributing to the problem's solution or conceptual depth.
*   **Actionable Feedback:**
    1.  Remove the specific adherence score thresholds (MMAS-8, DAI, AI values) if they are not used in a multi-step logical deduction for group assignment.
    2.  To enhance biological multi-step reasoning, consider a scenario where students must *determine* the patient's group based on provided biological data and then apply a corresponding intervention outcome. Or, link FEV1 improvement to underlying physiological changes (e.g., bronchodilation, reduced inflammation) that require additional biological steps.

---

<question>
A study investigates the impact of counseling on medication adherence in diabetes patients. A control group receives standard care, while the intervention group receives weekly counseling sessions. At baseline, both groups have an an average adherence index (AI) of 0.4. After 3 months, the control group's AI remains at 0.4, while the intervention group's AI increases by 50%. If a patient in the intervention group initially took 600 pills in a year, how many pills is that same patient predicted to take in a year, assuming their medication needs remain constant and adherence is directly proportional to the AI increase, to the nearest whole number?
</question>

**Critique:**
*   **Guideline 3 (Force Multi-Step Reasoning - Biological Principles):** Fails. This is an arithmetic problem involving percentage calculation and proportionality, applied to a biological context. The core biological principle is simply that counseling can improve adherence. It doesn't require deeper biological inference or integration of multiple biological concepts.
*   **Guideline 7 (Rigorous, concise phrasing):** The phrase "adherence is directly proportional to the AI increase" is ambiguous. It should be clarified as "adherence (measured by pills taken) is directly proportional to the Adherence Index (AI) *value*" to avoid misinterpretation (e.g., proportional to the *change* in AI versus the *final* AI value).
*   **Guideline 8 (Units):** Fails. "Pills" is not an SI unit.
*   **Actionable Feedback:**
    1.  Rephrase "adherence is directly proportional to the AI increase" to "the number of pills taken is directly proportional to the Adherence Index (AI) value."
    2.  To increase biological reasoning, consider asking how adherence impacts HbA1c levels, or how medication needs might change with improved adherence due to better glycemic control, requiring an additional biological step related to diabetes management.
    3.  If possible, rephrase to avoid non-SI units, or specify that "pills" is an acceptable context-specific unit.

---

<question>
Researchers are evaluating the effectiveness of a new educational video on inhaler technique. Before the video, 20% of participants used their inhalers correctly. After watching the video, this increased to 70%. If 150 patients initially used the inhaler *incorrectly*, how many patients now use the inhaler *correctly* as a direct result of the video?
</question>

**Critique:**
*   **Guideline 6 (Single Solution):** Fails. The question is mathematically ambiguous and inconsistent. If 20% of *all participants* used correctly before, then 80% used incorrectly. If 150 patients represent this 80%, the total number of participants would be $150 / 0.8 = 187.5$, which is not a whole number of patients. This indicates a flaw in how the numbers are presented or the populations are defined. It's unclear if the 150 patients are a subset of a larger, unstated population, or if the percentages apply specifically to the 150 patients (which would contradict the initial 20% correct).
*   **Guideline 7 (Rigorous, concise phrasing):** Fails. The phrasing is unclear regarding the population to which the percentages refer, leading to an unresolvable problem or multiple interpretations.
*   **Guideline 8 (Units):** Fails. "Patients" is not an SI unit.
*   **Actionable Feedback:**
    1.  Clearly define the total population size if percentages apply to it. For example, "Of 200 participants, 20% used correctly. If 150 of these 200 initially used incorrectly..." Or, if the 150 is the total, state "Of 150 participants, 20% used correctly before... and 150 used incorrectly initially (meaning only a subset of 150 initially used correctly, which makes 20% a strange number)."
    2.  Rephrase to ensure mathematical consistency, perhaps by stating the *number* of correct/incorrect users directly at baseline or the *total* number of participants explicitly.
    3.  Consider using a different unit or acknowledge the non-SI unit.

---

<question>
A pharmacist implements a reinforcement strategy (positive feedback and small rewards) to improve medication adherence. Before the intervention, the average number of missed doses per month was 8. After the intervention, this decreased by 75%. How many doses are missed per month, on average, after the reinforcement strategy is implemented?
</question>

**Critique:**
*   **Guideline 3 (Force Multi-Step Reasoning - Biological Principles):** Fails. This is a very basic two-step arithmetic calculation (calculate reduction, then subtract). The biological principle (reinforcement improves adherence) is singular and simple. This question is more appropriate for a primary or secondary school math class.
*   **Guideline 8 (Units):** Fails. "Doses" is not an SI unit.
*   **Actionable Feedback:**
    1.  Increase the biological complexity. For example, link the reduction in missed doses to a calculated improvement in therapeutic effect (e.g., plasma drug concentration, clinical marker) or a cost-benefit analysis considering pharmaceutical expenditure versus improved health outcomes.
    2.  Consider using a quantity expressible in SI units if possible, or acknowledge the use of context-specific units.

---

<question>
A study aims to correlate MMAS-8 scores with FEV1 improvement in COPD patients. It's found that each point increase in MMAS-8 score corresponds to a 0.08 L increase in FEV1. If a patient initially has an MMAS-8 score of 4 and an FEV1 of 1.5 L, what would their predicted FEV1 (in liters) be if their MMAS-8 score increased to 7, rounded to two decimal places?
</question>

**Critique:**
*   **Guideline 3 (Force Multi-Step Reasoning - Biological Principles):** Fails. This is a straightforward three-step arithmetic calculation (change in score, multiplied by correlation factor, added to initial FEV1). The biological principle is the correlation between an adherence measure and a physiological outcome. While this is a biological context, the problem itself is mathematically simple and doesn't require deep biological insight or multiple interwoven biological principles.
*   **Actionable Feedback:**
    1.  To enhance biological multi-step reasoning, introduce a scenario where the student must analyze a graph or data set to *determine* the correlation (0.08 L/point) rather than being given it directly. Or, link FEV1 improvement to specific physiological changes in COPD and ask about the *implications* of that change (e.g., changes in exercise tolerance or dyspnea scale).
    2.  While FEV1 is typically measured in liters, specifying "liters" as the output unit is good, but FEV1 itself is a measure of lung function and not an SI base unit. This is acceptable for biology questions as it's a standard clinical measure.
=== Turn 1: Author refines questions ===
Okay, I've revised the questions based on your feedback, focusing on increasing the complexity of the biological reasoning, addressing ambiguity and inconsistencies, using more biologically relevant units (where possible) and adhering to the SI-unit guideline.

1.  **Emphasis on Multi-Step Biological Reasoning:** I've tried to incorporate scenarios where students need to synthesize information from multiple biological concepts, make inferences about biological processes, or interpret data to arrive at a solution.
2.  **Clarity and Rigor:** I've reworked the phrasing to be more precise and unambiguous.
3.  **Addressing Specific Issues:** I've corrected the inconsistencies in Question 3 and tried to incorporate SI units (or clarify where non-SI units are acceptable in context).

Here are the revised questions:

<question>
A clinical trial investigates a novel inhaled corticosteroid (ICS) and long-acting beta-agonist (LABA) combination for asthma management. Patient A, with an initial FEV1 of 2.5 L, is prescribed this combination. Research indicates that the ICS reduces airway inflammation by inhibiting the release of IL-5 and TNF-α from mast cells, leading to a bronchodilatory effect reflected in improved FEV1. Studies also show a correlation between reduction in inflammatory cytokine levels and FEV1 improvement: a 10% reduction in IL-5 and TNF-α corresponds to approximately 0.1 L increase in FEV1.  If, after 3 months of treatment, Patient A experiences a 30% reduction in IL-5 and TNF-α levels, and accounting for the LABA's direct bronchodilatory effect contributing a fixed 0.15 L increase in FEV1 independently of inflammation, what is their predicted FEV1 (in liters) after these 3 months, rounded to one decimal place? Assume that the bronchodilation effect of the LABA is measured *after* the cytokine reduction is factored in.
</question>

<question>
A study examines the effectiveness of metformin in managing Type 2 Diabetes Mellitus (T2DM). Two groups are compared: a control group receiving standard dietary advice and an intervention group receiving metformin in addition to the same dietary advice. At baseline, both groups have an average fasting blood glucose level of 7.8 mmol/L and an average HbA1c of 7.0%. After 6 months, the control group's fasting blood glucose remains at 7.8 mmol/L, while the intervention group's fasting blood glucose decreases by 20%.  Metformin's primary mechanism involves reducing hepatic glucose production and improving insulin sensitivity. Considering that each 1% reduction in HbA1c translates to an approximate 1.5 mmol/L reduction in average fasting blood glucose, what would be the *predicted* HbA1c level (in percentage) of a patient in the intervention group after 6 months, rounded to one decimal place, based *solely* on the fasting blood glucose change observed in the intervention group and the given relationship between HbA1c and fasting blood glucose? Assume a linear relationship and that the initial relationship between HbA1c and glucose holds for this patient.
</question>

<question>
Researchers are assessing the effectiveness of an educational program on antibiotic stewardship in a hospital setting. Before the program, 60 out of 200 patients admitted with community-acquired pneumonia (CAP) received broad-spectrum antibiotics unnecessarily (i.e., when narrower-spectrum antibiotics would have been equally effective). After the program, the rate of unnecessary broad-spectrum antibiotic use decreased by 50% *relative* to the *original* 200 patients.  If each unnecessary broad-spectrum antibiotic prescription increases the risk of *C. difficile* infection by 0.05 (risk is dimensionless) per patient, how much has the overall risk of *C. difficile* infection (dimensionless) been reduced across all 200 patients because of the decrease in inappropriate antibiotic prescriptions?
</question>

<question>
A research team investigates the impact of exercise on reducing insulin resistance in patients with metabolic syndrome. Before the intervention (a structured exercise program), the average HOMA-IR (Homeostatic Model Assessment for Insulin Resistance) score for the participants was 4.0 (dimensionless). After 12 weeks of the exercise program, the HOMA-IR score decreased by 25%.  Given that a HOMA-IR score above 2.5 indicates insulin resistance, and that improvements in insulin sensitivity are linked to increased glucose uptake by skeletal muscle cells, calculate the percentage increase in glucose uptake (dimensionless) *in these patients* if the percentage increase in glucose uptake is directly proportional to the percentage decrease in HOMA-IR.
</question>

<question>
A study evaluates the effectiveness of a new drug designed to inhibit the PD-1/PD-L1 interaction in cancer immunotherapy. Baseline tumor size is measured in cm3. A patient's initial tumor volume is 80 cm3.  The drug is expected to stimulate T cell activity, leading to tumor regression. Studies show that for every 1 unit increase in the number of tumor-infiltrating lymphocytes (TILs) per mm2, the tumor volume decreases by 2 cm3. After 4 weeks of treatment, the patient's TIL count increases by 15 TILs/mm2.  However, the tumor cells also exhibit an increased expression of PD-L1, reducing the drug's effectiveness. This PD-L1 upregulation counteracts the effect of the increased TILs, reducing the tumor volume reduction by 10%. What is the patient's predicted tumor volume (in cm3) after 4 weeks, accounting for both the increase in TILs and the counteracting effect of PD-L1 upregulation?
</question>
=== Turn 1: Critic feedback ===
Here's a critique of your revised questions, adhering to your specified guidelines:

---

**General Feedback:**
The questions have significantly improved, demonstrating increased complexity, clearer scenarios, and a strong focus on multi-step biological reasoning. The efforts to align with SI units and reduce ambiguity are evident and largely successful. The scenarios are genuinely unique and require application of biological knowledge beyond simple recall.

---

**Critique of Question 1:**
<question>
A clinical trial investigates a novel inhaled corticosteroid (ICS) and long-acting beta-agonist (LABA) combination for asthma management. Patient A, with an initial FEV1 of 2.5 L, is prescribed this combination. Research indicates that the ICS reduces airway inflammation by inhibiting the release of IL-5 and TNF-α from mast cells, leading to a bronchodilatory effect reflected in improved FEV1. Studies also show a correlation between reduction in inflammatory cytokine levels and FEV1 improvement: a 10% reduction in IL-5 and TNF-α corresponds to approximately 0.1 L increase in FEV1. If, after 3 months of treatment, Patient A experiences a 30% reduction in IL-5 and TNF-α levels, and accounting for the LABA's direct bronchodilatory effect contributing a fixed 0.15 L increase in FEV1 independently of inflammation, what is their predicted FEV1 (in liters) after these 3 months, rounded to one decimal place? Assume that the bronchodilation effect of the LABA is measured *after* the cytokine reduction is factored in.
</question>

*   **Strengths:**
    *   **Multi-Step Reasoning:** Clearly requires calculating the FEV1 improvement from ICS (based on cytokine reduction) and then adding the independent LABA effect.
    *   **Biological Scenario:** Realistic clinical trial context with relevant biological concepts ($\mathrm{ICS}$, $\mathrm{LABA}$, $\mathrm{FEV1}$, $\mathrm{IL-5}$, $\mathrm{TNF-\alpha}$, inflammation, bronchodilation).
    *   **Units & Phrasing:** Consistent units (Liters) and generally rigorous phrasing.
*   **Areas for Improvement:**
    *   **Biological Precision:** The statement "$\mathrm{ICS}$... leading to a bronchodilatory effect reflected in improved $\mathrm{FEV1}$" is a simplification. $\mathrm{ICS}$ primarily reduce inflammation, which improves lung function and reduces airway obstruction, rather than directly causing bronchodilation like $\mathrm{LABAs}$. While acceptable for a calculation problem, it's slightly imprecise.
    *   **Ambiguity:** The final sentence, "Assume that the bronchodilation effect of the $\mathrm{LABA}$ is measured *after* the cytokine reduction is factored in," is awkwardly phrased and creates potential for misinterpretation regarding interaction or sequence. Given that the $\mathrm{LABA}$ effect is already stated as "independent of inflammation," this sentence is redundant and could be removed for clarity. The problem implies simple additivity.

---

**Critique of Question 2:**
<question>
A study examines the effectiveness of metformin in managing Type 2 Diabetes Mellitus (T2DM). Two groups are compared: a control group receiving standard dietary advice and an intervention group receiving metformin in addition to the same dietary advice. At baseline, both groups have an average fasting blood glucose level of 7.8 mmol/L and an average HbA1c of 7.0%. After 6 months, the control group's fasting blood glucose remains at 7.8 mmol/L, while the intervention group's fasting blood glucose decreases by 20%. Metformin's primary mechanism involves reducing hepatic glucose production and improving insulin sensitivity. Considering that each 1% reduction in HbA1c translates to an approximate 1.5 mmol/L reduction in average fasting blood glucose, what would be the *predicted* HbA1c level (in percentage) of a patient in the intervention group after 6 months, rounded to one decimal place, based *solely* on the fasting blood glucose change observed in the intervention group and the given relationship between HbA1c and fasting blood glucose? Assume a linear relationship and that the initial relationship between HbA1c and glucose holds for this patient.
</question>

*   **Strengths:**
    *   **Multi-Step Reasoning:** Requires calculating the absolute blood glucose change, then converting this change to a corresponding $\mathrm{HbA1c}$ change using the provided proportionality, and finally applying it to the baseline $\mathrm{HbA1c}$.
    *   **Biological Scenario:** Excellent real-world application to $\mathrm{T2DM}$ management, metformin mechanism, and key clinical metrics ($\mathrm{HbA1c}$, fasting blood glucose).
    *   **Clarity & Units:** Clear problem statement, consistent units ($\mathrm{mmol/L}$ for glucose, percentage for $\mathrm{HbA1c}$), and explicit assumptions (linear relationship) to prevent ambiguity.
*   **Areas for Improvement:**
    *   No significant areas for improvement. This question is well-structured and meets all criteria.

---

**Critique of Question 3:**
<question>
Researchers are assessing the effectiveness of an educational program on antibiotic stewardship in a hospital setting. Before the program, 60 out of 200 patients admitted with community-acquired pneumonia (CAP) received broad-spectrum antibiotics unnecessarily (i.e., when narrower-spectrum antibiotics would have been equally effective). After the program, the rate of unnecessary broad-spectrum antibiotic use decreased by 50% *relative* to the *original* 200 patients. If each unnecessary broad-spectrum antibiotic prescription increases the risk of *C. difficile* infection by 0.05 (risk is dimensionless) per patient, how much has the overall risk of *C. difficile* infection (dimensionless) been reduced across all 200 patients because of the decrease in inappropriate antibiotic prescriptions?
</question>

*   **Strengths:**
    *   **Multi-Step Reasoning:** Involves calculating the number of reduced unnecessary prescriptions and then multiplying by the per-patient risk to find the overall risk reduction.
    *   **Biological Scenario:** Relevant and timely public health scenario concerning antibiotic stewardship and $\textit{C. difficile}$ infection.
    *   **Units:** Correctly specifies risk as dimensionless.
*   **Areas for Improvement:**
    *   **Ambiguity in Phrasing:** The phrase "the rate of unnecessary broad-spectrum antibiotic use decreased by 50% *relative* to the *original* 200 patients" is still slightly ambiguous. It could be interpreted in two ways, though both lead to the same numerical reduction in this specific problem:
        1.  The *number* of patients receiving unnecessary antibiotics (60) decreased by 50%.
        2.  The *rate* of unnecessary use (60/200 = 30%) decreased by 50% of its value (i.e., the new rate is 15%).
        To ensure absolute clarity and avoid any potential misinterpretation, it would be more precise to state: "the *number* of patients receiving unnecessary broad-spectrum antibiotics decreased by 50%" or "the *proportion* of patients receiving unnecessary broad-spectrum antibiotics decreased by 50% of its baseline value."

---

**Critique of Question 4:**
<question>
A research team investigates the impact of exercise on reducing insulin resistance in patients with metabolic syndrome. Before the intervention (a structured exercise program), the average HOMA-IR (Homeostatic Model Assessment for Insulin Resistance) score for the participants was 4.0 (dimensionless). After 12 weeks of the exercise program, the HOMA-IR score decreased by 25%. Given that a HOMA-IR score above 2.5 indicates insulin resistance, and that improvements in insulin sensitivity are linked to increased glucose uptake by skeletal muscle cells, calculate the percentage increase in glucose uptake (dimensionless) *in these patients* if the percentage increase in glucose uptake is directly proportional to the percentage decrease in HOMA-IR.
</question>

*   **Strengths:**
    *   **Biological Scenario:** Good real-world context for exercise physiology, insulin resistance, and metabolic syndrome, using relevant metrics ($\mathrm{HOMA-IR}$, glucose uptake).
    *   **Units & Phrasing:** Consistent use of dimensionless quantities for scores and percentages.
*   **Areas for Improvement:**
    *   **Lack of Multi-Step Reasoning:** As currently phrased, the question is a single-step substitution. "If the percentage increase in glucose uptake is directly proportional to the percentage decrease in $\mathrm{HOMA-IR}$" implies a constant of proportionality of 1. Since the $\mathrm{HOMA-IR}$ score decreased by 25%, the "percentage increase in glucose uptake" would also be 25%. This makes the question too straightforward for a "multi-step reasoning" requirement.
    *   **Suggestion for Improvement:** To introduce multi-step reasoning, you could:
        *   Provide a specific proportionality constant (e.g., "if the percentage increase in glucose uptake is 1.5 times the percentage decrease in $\mathrm{HOMA-IR}$").
        *   Relate a *change in $\mathrm{HOMA-IR}$ points* to a *percentage change in glucose uptake* (e.g., "for every 0.5 point decrease in $\mathrm{HOMA-IR}$, glucose uptake increases by 10%"). This would require calculating the absolute $\mathrm{HOMA-IR}$ change first.

---

**Critique of Question 5:**
<question>
A study evaluates the effectiveness of a new drug designed to inhibit the PD-1/PD-L1 interaction in cancer immunotherapy. Baseline tumor size is measured in cm3. A patient's initial tumor volume is 80 cm3. The drug is expected to stimulate T cell activity, leading to tumor regression. Studies show that for every 1 unit increase in the number of tumor-infiltrating lymphocytes (TILs) per mm2, the tumor volume decreases by 2 cm3. After 4 weeks of treatment, the patient's TIL count increases by 15 TILs/mm2. However, the tumor cells also exhibit an increased expression of PD-L1, reducing the drug's effectiveness. This PD-L1 upregulation counteracts the effect of the increased TILs, reducing the tumor volume reduction by 10%. What is the patient's predicted tumor volume (in cm3) after 4 weeks, accounting for both the increase in TILs and the counteracting effect of PD-L1 upregulation?
</question>

*   **Strengths:**
    *   **Multi-Step Reasoning:** Excellent use of a multi-factor problem, requiring calculation of initial volume reduction, then adjusting for the counteracting effect, and finally applying it to the baseline volume.
    *   **Biological Scenario:** Highly relevant and complex scenario in cancer immunotherapy ($\mathrm{PD-1/PD-L1}$ inhibition, $\mathrm{TILs}$, tumor regression), reflecting real biological challenges.
    *   **Clarity & Uniqueness:** The problem is well-phrased and presents a novel, challenging scenario.
*   **Areas for Improvement:**
    *   **Strict SI Units Adherence:** While $\mathrm{cm^3}$ for tumor volume and $\mathrm{TILs/mm^2}$ for $\mathrm{TIL}$ density are standard in clinical and biological contexts, they are not strictly SI units ($\mathrm{m^3}$ and $\mathrm{m^{-2}}$ would be $\mathrm{SI}$). Given the explicit guideline for "correct SI units," this is a minor deviation. For a biology assessment, this is often accepted due to practical relevance. If strict $\mathrm{SI}$ adherence is paramount, consider converting the given values to base SI units or clarify that these conventionally used derived units are acceptable for the context.
=== Turn 2: Author refines questions ===
Okay, I've refined the questions based on your feedback, focusing on the identified areas for improvement. I've addressed the minor biological imprecision in Question 1, clarified the potentially ambiguous phrasing in Question 3, enhanced Question 4 to incorporate true multi-step reasoning, and acknowledged the non-SI unit usage in Question 5 while maintaining practical biological relevance.

<question>
A clinical trial investigates a novel inhaled corticosteroid (ICS) and long-acting beta-agonist (LABA) combination for asthma management. Patient A, with an initial FEV1 of 2.5 L, is prescribed this combination. Research indicates that the ICS reduces airway inflammation, leading to improved lung function and reduced airway obstruction, as reflected in improved FEV1. Studies also show a correlation between reduction in inflammatory cytokine levels and FEV1 improvement: a 10% reduction in IL-5 and TNF-α corresponds to approximately 0.1 L increase in FEV1. If, after 3 months of treatment, Patient A experiences a 30% reduction in IL-5 and TNF-α levels, and accounting for the LABA's direct bronchodilatory effect contributing a fixed 0.15 L increase in FEV1 independently of inflammation, what is their predicted FEV1 (in liters) after these 3 months, rounded to one decimal place?
</question>

<question>
A study examines the effectiveness of metformin in managing Type 2 Diabetes Mellitus (T2DM). Two groups are compared: a control group receiving standard dietary advice and an intervention group receiving metformin in addition to the same dietary advice. At baseline, both groups have an average fasting blood glucose level of 7.8 mmol/L and an average HbA1c of 7.0%. After 6 months, the control group's fasting blood glucose remains at 7.8 mmol/L, while the intervention group's fasting blood glucose decreases by 20%. Metformin's primary mechanism involves reducing hepatic glucose production and improving insulin sensitivity. Considering that each 1% reduction in HbA1c translates to an approximate 1.5 mmol/L reduction in average fasting blood glucose, what would be the *predicted* HbA1c level (in percentage) of a patient in the intervention group after 6 months, rounded to one decimal place, based *solely* on the fasting blood glucose change observed in the intervention group and the given relationship between HbA1c and fasting blood glucose? Assume a linear relationship and that the initial relationship between HbA1c and glucose holds for this patient.
</question>

<question>
Researchers are assessing the effectiveness of an educational program on antibiotic stewardship in a hospital setting. Before the program, 60 out of 200 patients admitted with community-acquired pneumonia (CAP) received broad-spectrum antibiotics unnecessarily (i.e., when narrower-spectrum antibiotics would have been equally effective). After the program, the *number* of patients receiving unnecessary broad-spectrum antibiotics decreased by 50%. If each unnecessary broad-spectrum antibiotic prescription increases the risk of *C. difficile* infection by 0.05 (risk is dimensionless) per patient, how much has the overall risk of *C. difficile* infection (dimensionless) been reduced across all 200 patients because of the decrease in inappropriate antibiotic prescriptions?
</question>

<question>
A research team investigates the impact of exercise on reducing insulin resistance in patients with metabolic syndrome. Before the intervention (a structured exercise program), the average HOMA-IR (Homeostatic Model Assessment for Insulin Resistance) score for the participants was 4.0 (dimensionless). After 12 weeks of the exercise program, the HOMA-IR score decreased by 25%. Given that a HOMA-IR score above 2.5 indicates insulin resistance, and that improvements in insulin sensitivity are linked to increased glucose uptake by skeletal muscle cells, calculate the percentage increase in glucose uptake (dimensionless) *in these patients* if for every 0.5 point decrease in HOMA-IR score, glucose uptake increases by 8%.
</question>

<question>
A study evaluates the effectiveness of a new drug designed to inhibit the PD-1/PD-L1 interaction in cancer immunotherapy. Baseline tumor size is measured in cm3. A patient's initial tumor volume is 80 cm3. The drug is expected to stimulate T cell activity, leading to tumor regression. Studies show that for every 1 unit increase in the number of tumor-infiltrating lymphocytes (TILs) per mm2, the tumor volume decreases by 2 cm3. After 4 weeks of treatment, the patient's TIL count increases by 15 TILs/mm2. However, the tumor cells also exhibit an increased expression of PD-L1, reducing the drug's effectiveness. This PD-L1 upregulation counteracts the effect of the increased TILs, reducing the tumor volume reduction by 10%. What is the patient's predicted tumor volume (in cm3) after 4 weeks, accounting for both the increase in TILs and the counteracting effect of PD-L1 upregulation? Note: While cm3 and TILs/mm2 are not strict SI units, they are conventional units used in clinical and biological research and are acceptable for this question's context.
</question>
=== Final questions generated ===
