=== Turn 0: Author generates questions ===
Here are some undergraduate-level biology questions based on your specifications:

<question>A veterinary anesthesiologist is evaluating two sedative agents, dexmedetomidine and fentanyl, for pre-anesthetic sedation in dogs undergoing a surgical procedure. A group of dogs received dexmedetomidine, while another group received fentanyl. Post-intubation, the dexmedetomidine group had a mean cough score of 1.5 (on a scale of 0-3, where 0 is no cough and 3 is severe cough), and the fentanyl group had a mean cough score of 0.5.  To quantify the relative difference in cough severity between the two groups, calculate the percentage reduction in cough score observed in the fentanyl group compared to the dexmedetomidine group.</question>

<question>During a clinical trial comparing dexmedetomidine and fentanyl for sedation in mechanically ventilated patients, a patient's Ramsay Sedation Scale (RSS) score was assessed every hour.  Over a 4-hour period, a patient receiving dexmedetomidine had the following RSS scores: 2, 3, 3, 2. A patient receiving fentanyl had RSS scores: 3, 4, 4, 3.  To compare the sedation level stability of the two drugs, calculate the difference in the sum of the absolute changes in RSS scores between consecutive time points for each drug, then find the absolute difference between these sums.</question>

<question>Researchers are comparing the hemodynamic effects of dexmedetomidine and fentanyl. A patient administered dexmedetomidine has a heart rate (HR) of 80 beats per minute (bpm) and a mean arterial pressure (MAP) of 90 mmHg. After 30 minutes, the HR decreases to 68 bpm, and the MAP decreases to 76 mmHg. Calculate the percentage change in the product of HR and MAP from the initial to the final reading.</question>

<question>A researcher is assessing the oxygen saturation (SpO2) in two groups of patients: one receiving dexmedetomidine and another receiving fentanyl. The first group, with a sample size of $n_1 = 25$, has a mean SpO2 of $\bar{x}_1 = 97.2\%$. The second group, with a sample size of $n_2 = 30$, shows a mean SpO2 of $\bar{x}_2 = 96.5\%$.  To quantify the difference, calculate the absolute difference in mean SpO2 between the two groups.</question>

<question>In a study evaluating sedation protocols, a researcher records the time (in minutes) it takes for patients to reach a Ramsay Sedation Score of 3 after drug administration. For dexmedetomidine, the average time is 15 minutes with a standard deviation of 3 minutes. For fentanyl, the average time is 10 minutes with a standard deviation of 2 minutes. Find the difference in coefficients of variation between the two drugs' time to reach Ramsay score 3.</question>
=== Turn 0: Critic feedback ===
Here's a critique of the provided questions, evaluated against your specifications:

---

**Question 1 Critique:**
<question>A veterinary anesthesiologist is evaluating two sedative agents, dexmedmedetomidine and fentanyl, for pre-anesthetic sedation in dogs undergoing a surgical procedure. A group of dogs received dexmedmedetomidine, while another group received fentanyl. Post-intubation, the dexmedmedetomidine group had a mean cough score of 1.5 (on a scale of 0-3, where 0 is no cough and 3 is severe cough), and the fentanyl group had a mean cough score of 0.5. To quantify the relative difference in cough severity between the two groups, calculate the percentage reduction in cough score observed in the fentanyl group compared to the dexmedmedetomidine group.</question>

**Critique:**
*   **Guideline 1 (Model a biology Scenario):** Excellent. Presents a realistic veterinary anesthesiology scenario.
*   **Guideline 3 (Force Multi-Step Reasoning):** Satisfied. Requires calculating the difference, dividing by the reference value, and then multiplying by $100$.
*   **Guideline 5 (Be Unique):** Good. Applies percentage calculation to a specific clinical scoring system.
*   **Guideline 8 (Units/Symbols/LaTeX):** Needs improvement.
    *   **Typo:** "dexmedmedetomidine" is misspelled; it should be "dexmedetomidine".
    *   **LaTeX for numbers:** Numerical values like $1.5$, $0.5$, $0-3$ should be enclosed in inline math mode.
*   **Actionable Feedback:**
    1.  Correct the spelling of "dexmedetomidine".
    2.  Enclose all numerical values in the question with inline math `$ ... $` (e.g., `$1.5$`, `$0.5$`, `$0-3$`).

---

**Question 2 Critique:**
<question>During a clinical trial comparing dexmedetomidine and fentanyl for sedation in mechanically ventilated patients, a patient's Ramsay Sedation Scale (RSS) score was assessed every hour. Over a 4-hour period, a patient receiving dexmedetomidine had the following RSS scores: 2, 3, 3, 2. A patient receiving fentanyl had RSS scores: 3, 4, 4, 3. To compare the sedation level stability of the two drugs, calculate the difference in the sum of the absolute changes in RSS scores between consecutive time points for each drug, then find the absolute difference between these sums.</question>

**Critique:**
*   **Guideline 1 (Model a biology Scenario):** Excellent. Directly applies to clinical assessment of sedation.
*   **Guideline 3 (Force Multi-Step Reasoning):** Excellent. Requires multiple calculations: absolute changes for each drug, summing these changes, and then finding the absolute difference between the sums.
*   **Guideline 5 (Be Unique):** Excellent. A novel and insightful way to quantify sedation stability.
*   **Guideline 7 (Use rigorous, concise phrasing):** Could be slightly improved for clarity. The instruction for calculation is verbose.
*   **Guideline 8 (Units/Symbols/LaTeX):** Needs improvement.
    *   **LaTeX for numbers:** Numerical RSS scores ($2, 3, 3, 2$ and $3, 4, 4, 3$) should be enclosed in inline math mode.
*   **Actionable Feedback:**
    1.  Rephrase the calculation instruction for improved clarity and conciseness, e.g., "For each drug, calculate the sum of the absolute changes in RSS scores between consecutive time points. Then, determine the absolute difference between these two sums."
    2.  Enclose all numerical values in the question with inline math `$ ... $`.

---

**Question 3 Critique:**
<question>Researchers are comparing the hemodynamic effects of dexmedetomidine and fentanyl. A patient administered dexmedetomidine has a heart rate (HR) of 80 beats per minute (bpm) and a mean arterial pressure (MAP) of 90 mmHg. After 30 minutes, the HR decreases to 68 bpm, and the MAP decreases to 76 mmHg. Calculate the percentage change in the product of HR and MAP from the initial to the final reading.</question>

**Critique:**
*   **Guideline 1 (Model a biology Scenario):** Excellent. Relevant to drug pharmacology and physiological responses.
*   **Guideline 3 (Force Multi-Step Reasoning):** Satisfied. Requires calculating initial product, final product, and then the percentage change.
*   **Guideline 5 (Be Unique):** Good. Asking for the percentage change of a *product* adds a layer of complexity beyond simple percentage change.
*   **Guideline 8 (Units/Symbols/LaTeX):** Needs improvement.
    *   **LaTeX for numbers and units:** Numerical values ($80$, $90$, $30$, $68$, $76$) should be enclosed in inline math mode. Units like `bpm` and `mmHg` should be treated consistently, either remaining outside math mode as plain text or enclosed in `\text{}` within math mode if part of a variable definition (e.g., `$80 \text{ bpm}$`).
*   **Actionable Feedback:**
    1.  Enclose all numerical values in the question with inline math `$ ... $`.
    2.  Ensure consistent LaTeX formatting for units, generally keeping them outside math mode unless explicitly part of a mathematical expression (e.g., `$\text{HR}$ of $80$ bpm`).

---

**Question 4 Critique:**
<question>A researcher is assessing the oxygen saturation (SpO2) in two groups of patients: one receiving dexmedetomidine and another receiving fentanyl. The first group, with a sample size of $n_1 = 25$, has a mean SpO2 of $\bar{x}_1 = 97.2\%$. The second group, with a sample size of $n_2 = 30$, shows a mean SpO2 of $\bar{x}_2 = 96.5\%$. To quantify the difference, calculate the absolute difference in mean SpO2 between the two groups.</question>

**Critique:**
*   **Guideline 1 (Model a biology Scenario):** Good. Clear biological context.
*   **Guideline 3 (Force Multi-Step Reasoning):** **Fails.** This question requires only a single arithmetic operation (subtraction and then taking the absolute value of the result). It does not involve "two or more biological principles or steps."
*   **Guideline 5 (Be Unique):** **Fails.** This is a very common and basic calculation, not unique or conceptually rich for an undergraduate level beyond basic arithmetic.
*   **Guideline 8 (Units/Symbols/LaTeX):** Excellent. Variables ($n_1, n_2, \bar{x}_1, \bar{x}_2$) and numerical values are correctly formatted in LaTeX.
*   **Actionable Feedback:**
    1.  Revise the question to include at least two distinct steps or biological principles. For example, instead of just the absolute difference, one could ask to:
        *   Calculate a weighted average of the SpO2 values if a different context was provided.
        *   Calculate a ratio or percentage change based on a baseline, if a baseline was given.
        *   If standard deviations were provided, perhaps ask for a combined standard error or a preliminary step towards a statistical comparison, ensuring the final answer is a single numerical quantity.
    2.  Ensure the revised question is more unique and goes beyond a simple, direct subtraction.

---

**Question 5 Critique:**
<question>In a study evaluating sedation protocols, a researcher records the time (in minutes) it takes for patients to reach a Ramsay Sedation Score of 3 after drug administration. For dexmedetomidine, the average time is 15 minutes with a standard deviation of 3 minutes. For fentanyl, the average time is 10 minutes with a standard deviation of 2 minutes. Find the difference in coefficients of variation between the two drugs' time to reach Ramsay score 3.</question>

**Critique:**
*   **Guideline 1 (Model a biology Scenario):** Excellent. Relevant to clinical pharmacology and drug assessment.
*   **Guideline 3 (Force Multi-Step Reasoning):** Excellent. Requires calculating the coefficient of variation (CV) for each drug, and then finding the difference between these two CVs.
*   **Guideline 5 (Be Unique):** Excellent. Using the Coefficient of Variation is a sophisticated and appropriate method to compare variability across datasets with different means, making it a good application of quantitative reasoning in biology.
*   **Guideline 8 (Units/Symbols/LaTeX):** Needs improvement.
    *   **LaTeX for numbers:** Numerical values ($15$, $3$, $10$, $2$) should be enclosed in inline math mode. Units (`minutes`) should be handled consistently.
*   **Actionable Feedback:**
    1.  Enclose all numerical values in the question with inline math `$ ... $`.
    2.  Ensure consistent LaTeX formatting for units, generally keeping them outside math mode unless explicitly part of a mathematical expression.
=== Turn 1: Author refines questions ===
Here's the refined list of biology questions, incorporating the feedback provided:

1.  <question>A veterinary anesthesiologist is evaluating two sedative agents, dexmedetomidine and fentanyl, for pre-anesthetic sedation in dogs undergoing a surgical procedure. A group of dogs received dexmedetomidine, while another group received fentanyl. Post-intubation, the dexmedetomidine group had a mean cough score of `$1.5$` (on a scale of `$0-3$`, where `$0$` is no cough and `$3$` is severe cough), and the fentanyl group had a mean cough score of `$0.5$`. To quantify the relative difference in cough severity between the two groups, calculate the percentage reduction in cough score observed in the fentanyl group compared to the dexmedetomidine group.</question>

2.  <question>During a clinical trial comparing dexmedetomidine and fentanyl for sedation in mechanically ventilated patients, a patient's Ramsay Sedation Scale (RSS) score was assessed every hour. Over a `$4$`-hour period, a patient receiving dexmedetomidine had the following RSS scores: `$2$, $3$, $3$, $2$`. A patient receiving fentanyl had RSS scores: `$3$, $4$, $4$, $3$`. To compare the sedation level stability of the two drugs, for each drug, calculate the sum of the absolute changes in RSS scores between consecutive time points. Then, determine the absolute difference between these two sums.</question>

3.  <question>Researchers are comparing the hemodynamic effects of dexmedetomidine and fentanyl. A patient administered dexmedetomidine has a heart rate (HR) of `$80$` bpm and a mean arterial pressure (MAP) of `$90$` mmHg. After `$30$` minutes, the HR decreases to `$68$` bpm, and the MAP decreases to `$76$` mmHg. Calculate the percentage change in the product of HR and MAP from the initial to the final reading.</question>

4.  <question>A researcher is assessing the oxygen saturation (SpO2) in two groups of patients: one receiving dexmedetomidine and another receiving fentanyl. The first group, with a sample size of $n_1 = 25$, has a mean SpO2 of $\bar{x}_1 = 97.2\%$ and a standard deviation $s_1 = 1.5\%$. The second group, with a sample size of $n_2 = 30$, shows a mean SpO2 of $\bar{x}_2 = 96.5\%$ and a standard deviation $s_2 = 1.0\%$. Calculate the pooled standard deviation, $s_p$, of the SpO2 values across the two groups.</question>

5.  <question>In a study evaluating sedation protocols, a researcher records the time (in minutes) it takes for patients to reach a Ramsay Sedation Score of `$3$` after drug administration. For dexmedetomidine, the average time is `$15$` minutes with a standard deviation of `$3$` minutes. For fentanyl, the average time is `$10$` minutes with a standard deviation of `$2$` minutes. Find the difference in coefficients of variation between the two drugs' time to reach Ramsay score `$3$`.</question>
=== Turn 1: Critic feedback ===
Here's a critique of the provided biology questions, focusing on conciseness and actionable feedback:

**Overall Assessment:**
The questions are generally well-crafted, adhering to most guidelines. They present realistic biological/clinical scenarios, demand numerical answers, are single-solution, and avoid "how" questions. The use of LaTeX for numbers and variables within the questions is excellent. The primary area for subtle distinction lies in the interpretation of "two or more biological principles or steps" for multi-step reasoning, where some questions lean more on multi-step arithmetic/statistics *within* a biological context rather than distinct biological principles. Questions 4 and 5 are particularly strong in this regard by requiring specific statistical concepts.

---

**Critique of Individual Questions:**

1.  <question>A veterinary anesthesiologist is evaluating two sedative agents, dexmedetomidine and fentanyl, for pre-anesthetic sedation in dogs undergoing a surgical procedure. A group of dogs received dexmedetomidine, while another group received fentanyl. Post-intubation, the dexmedetomidine group had a mean cough score of `$1.5$` (on a scale of `$0-3$`, where `$0$` is no cough and `$3$` is severe cough), and the fentanyl group had a mean cough score of `$0.5$`. To quantify the relative difference in cough severity between the two groups, calculate the percentage reduction in cough score observed in the fentanyl group compared to the dexmedetomidine group.</question>
    *   **Strengths:** Excellent biological scenario, clear, single solution, no "how" questions, rigorous phrasing, correct LaTeX formatting for numbers.
    *   **Actionable Feedback:** This question primarily tests arithmetic (percentage change) in a biological context. To more strongly align with "two or more *biological principles*," consider scenarios that require a combination of distinct physiological concepts (e.g., calculating a rate, then using that rate to determine total production over time, where both steps are tied to biological processes).

2.  <question>During a clinical trial comparing dexmedetomidine and fentanyl for sedation in mechanically ventilated patients, a patient's Ramsay Sedation Scale (RSS) score was assessed every hour. Over a `$4$`-hour period, a patient receiving dexmedetomidine had the following RSS scores: `$2$, $3$, $3$, $2$`. A patient receiving fentanyl had RSS scores: `$3$, $4$, $4$, $3$`. To compare the sedation level stability of the two drugs, for each drug, calculate the sum of the absolute changes in RSS scores between consecutive time points. Then, determine the absolute difference between these two sums.</question>
    *   **Strengths:** Strong biological scenario, clear metric (RSS), multi-step calculation, single solution, good phrasing, correct LaTeX formatting for numbers.
    *   **Actionable Feedback:** Similar to Q1, the multi-step reasoning is primarily mathematical/statistical. While relevant to biological data analysis, it doesn't explicitly involve multiple distinct *biological* principles for the calculation steps. No immediate changes needed, but consider this for future question design if emphasizing biological mechanism reasoning.

3.  <question>Researchers are comparing the hemodynamic effects of dexmedetomidine and fentanyl. A patient administered dexmedetomidine has a heart rate (HR) of `$80$` bpm and a mean arterial pressure (MAP) of `$90$` mmHg. After `$30$` minutes, the HR decreases to `$68$` bpm, and the MAP decreases to `$76$` mmHg. Calculate the percentage change in the product of HR and MAP from the initial to the final reading.</question>
    *   **Strengths:** Excellent biological scenario (hemodynamics), uses physiologically relevant metrics (HR, MAP), multi-step calculation involving a derived quantity, single solution, clear phrasing, correct LaTeX formatting for numbers.
    *   **Actionable Feedback:** The product of HR and MAP is a good choice as a derived physiological metric, making this slightly stronger on the "biological principle" aspect than pure percentage change of a single value. No specific improvements needed; it's a solid quantitative biology question.

4.  <question>A researcher is assessing the oxygen saturation (SpO2) in two groups of patients: one receiving dexmedetomidine and another receiving fentanyl. The first group, with a sample size of $n_1 = 25$, has a mean SpO2 of $\bar{x}_1 = 97.2\%$ and a standard deviation $s_1 = 1.5\%$. The second group, with a sample size of $n_2 = 30$, shows a mean SpO2 of $\bar{x}_2 = 96.5\%$ and a standard deviation $s_2 = 1.0\%$. Calculate the pooled standard deviation, $s_p$, of the SpO2 values across the two groups.</question>
    *   **Strengths:** Excellent biological scenario (SpO2, clinical groups), requires knowledge of a specific, relevant statistical concept (pooled standard deviation), multi-step calculation, single solution, rigorous phrasing, **exemplary use of LaTeX for variables, numbers, and units.** This question perfectly aligns with forcing multi-step reasoning involving a biological principle (statistical analysis).
    *   **Actionable Feedback:** This question is **outstanding**. No improvements needed.

5.  <question>In a study evaluating sedation protocols, a researcher records the time (in minutes) it takes for patients to reach a Ramsay Sedation Score of `$3$` after drug administration. For dexmedetomidine, the average time is `$15$` minutes with a standard deviation of `$3$` minutes. For fentanyl, the average time is `$10$` minutes with a standard deviation of `$2$` minutes. Find the difference in coefficients of variation between the two drugs' time to reach Ramsay score `$3$`.</question>
    *   **Strengths:** Excellent biological scenario (sedation kinetics), requires knowledge of a specific, relevant statistical concept (coefficient of variation, crucial for comparing variability), multi-step calculation, single solution, clear phrasing, correct LaTeX formatting for numbers and units. This question also perfectly aligns with forcing multi-step reasoning involving a biological principle.
    *   **Actionable Feedback:** This question is **outstanding**. No improvements needed.
=== Turn 2: Author refines questions ===
Okay, here's a refined set of biology questions based on the provided feedback. I've focused on making subtle adjustments to try and increase the "biological principle" aspect in questions 1-3, while maintaining their overall structure and clarity. Questions 4 and 5 remain unchanged, as they were identified as exemplary.

1.  <question>A veterinary anesthesiologist is evaluating two sedative agents, dexmedetomidine and fentanyl, for pre-anesthetic sedation in dogs. Dexmedetomidine reduces heart rate but also provides analgesia, while fentanyl primarily provides analgesia. A group of dogs received dexmedetomidine, while another received fentanyl. Post-intubation, the dexmedetomidine group had a mean cough score of `$1.5$` (on a scale of `$0-3$`, where `$0$` is no cough and `$3$` is severe cough), and the fentanyl group had a mean cough score of `$0.5$`. If cough severity is directly proportional to airway irritation, calculate the percentage reduction in cough score observed in the fentanyl group compared to the dexmedetomidine group. Relate this reduction to the difference in analgesic contribution of each drug to airway irritation.</question>

2.  <question>During a clinical trial comparing dexmedetomidine and fentanyl for sedation in mechanically ventilated patients, a patient's Ramsay Sedation Scale (RSS) score was assessed every hour. Dexmedetomidine is known for its alpha-2 adrenergic agonist activity, while fentanyl acts as an opioid receptor agonist. Over a `$4$`-hour period, a patient receiving dexmedetomidine had the following RSS scores: `$2$, $3$, $3$, $2$`. A patient receiving fentanyl had RSS scores: `$3$, $4$, $4$, $3$`. To compare the sedation level stability of the two drugs, considering their different mechanisms of action, for each drug, calculate the sum of the absolute changes in RSS scores between consecutive time points. Then, determine the absolute difference between these two sums.</question>

3.  <question>Researchers are comparing the hemodynamic effects of dexmedetomidine and fentanyl. Dexmedetomidine reduces sympathetic tone, while fentanyl has minimal direct impact on the sympathetic nervous system. A patient administered dexmedetomidine has a heart rate (HR) of `$80$` bpm and a mean arterial pressure (MAP) of `$90$` mmHg. After `$30$` minutes, the HR decreases to `$68$` bpm, and the MAP decreases to `$76$` mmHg. Given that cardiac output (CO) is the product of HR and stroke volume (SV), and assuming SV remains constant, calculate the percentage change in the product of HR and MAP from the initial to the final reading, and relate this change to the altered sympathetic activity caused by dexmedetomidine.</question>

4.  <question>A researcher is assessing the oxygen saturation (SpO2) in two groups of patients: one receiving dexmedetomidine and another receiving fentanyl. The first group, with a sample size of $n_1 = 25$, has a mean SpO2 of $\bar{x}_1 = 97.2\%$ and a standard deviation $s_1 = 1.5\%$. The second group, with a sample size of $n_2 = 30$, shows a mean SpO2 of $\bar{x}_2 = 96.5\%$ and a standard deviation $s_2 = 1.0\%$. Calculate the pooled standard deviation, $s_p$, of the SpO2 values across the two groups.</question>

5.  <question>In a study evaluating sedation protocols, a researcher records the time (in minutes) it takes for patients to reach a Ramsay Sedation Score of `$3$` after drug administration. For dexmedetomidine, the average time is `$15$` minutes with a standard deviation of `$3$` minutes. For fentanyl, the average time is `$10$` minutes with a standard deviation of `$2$` minutes. Find the difference in coefficients of variation between the two drugs' time to reach Ramsay score `$3$`.</question>
=== Final questions generated ===
