=== Turn 0: Author generates questions ===
Here are five novel, undergraduate-level biology questions based on the provided topics, key concepts, and guidelines:

1.  <question>A research team is evaluating the efficacy of dexmedetomidine versus fentanyl for procedural sedation in a cohort of patients with pre-existing cardiovascular conditions. During a colonoscopy, a patient receiving dexmedetomidine maintains a stable Ramsay Sedation Score (RSS) of 3. Their Mean Arterial Pressure (MAP) averages 85 mmHg with a standard deviation of 5 mmHg. A second patient, receiving fentanyl, fluctuates between RSS scores of 2 and 4, with a MAP averaging 70 mmHg and a standard deviation of 15 mmHg. Assuming MAP is normally distributed for both patients, calculate the probability that the dexmedetomidine patient's MAP will fall below 75 mmHg during the procedure. Express your answer as a decimal rounded to three significant figures.</question>

2.  <question>An anesthesiologist is comparing intubation conditions following sedation with either dexmedetomidine or fentanyl. Following dexmedetomidine administration, a patient exhibits a cough score of 2 (occasional cough) and a post-intubation score of 3 (mild sore throat). Another patient, sedated with fentanyl, has a cough score of 0 (no cough) and a post-intubation score of 1 (no sore throat). If the anesthesiologist defines "successful" intubation as a combined score (cough score + post-intubation score) less than or equal to 2, calculate the odds ratio of achieving successful intubation with fentanyl versus dexmedetomidine. Express your answer as a single number.</question>

3.  <question>Two groups of patients are undergoing mechanical ventilation. Group A is sedated with dexmedetomidine, and Group B is sedated with fentanyl. In Group A, the average heart rate is 70 beats per minute (bpm) with a standard error of the mean (SEM) of 2 bpm, as determined from a sample size of 25 patients. In Group B, the average heart rate is 90 bpm with a SEM of 3 bpm, also from a sample size of 25 patients. Assuming equal variances, calculate the approximate 95% confidence interval for the difference in mean heart rate (Group B - Group A). Report the upper bound of the confidence interval in bpm, rounded to the nearest whole number.</question>

4.  <question>A clinical trial investigates the effects of dexmedetomidine on oxygen saturation ($SpO_2$) levels compared to fentanyl during a bronchoscopy procedure. A patient sedated with dexmedetomidine exhibits an initial $SpO_2$ of 98%. Over the 30-minute procedure, their $SpO_2$ decreases linearly at a rate of 0.05% per minute. Another patient, sedated with fentanyl, starts with an initial $SpO_2$ of 95%, and their $SpO_2$ decreases at a rate of 0.15% per minute. Calculate the difference in $SpO_2$ between the two patients after 20 minutes of the procedure (Dexmedetomidine - Fentanyl). Give your answer as percentage rounded to one decimal place.</question>

5.  <question>A researcher is studying the effects of different sedative agents on patient stability during a minor surgical procedure. A patient receiving dexmedetomidine maintains an average Ramsay Sedation Score (RSS) of 3 throughout the procedure, with deviations from this score occurring randomly every 5 minutes. The RSS fluctuates according to the formula: $RSS(t) = 3 + 0.2 \cdot sin(\frac{\pi t}{5})$, where *t* is time in minutes. Another patient receiving fentanyl shows an RSS that fluctuates following $RSS(t) = 3 + 0.8 \cdot sin(\frac{\pi t}{5})$. Calculate the difference in the *maximum* RSS value reached by the fentanyl patient compared to the dexmedetomidine patient. Give the answer to one decimal place.</question>
=== Turn 0: Critic feedback ===
As a biology assessment expert, I've evaluated your five novel, undergraduate-level biology questions against the provided guidelines. Overall, the questions are excellently crafted in terms of clarity, conciseness, adherence to numerical answer formats, single solutions, and unique scenarios. They effectively model biological scenarios and require multi-step *quantitative* reasoning.

However, the primary area for improvement across all questions relates to the depth of *biological* principles required for their solution. While set in biological contexts, the problem-solving steps are almost exclusively mathematical or statistical, rather than requiring the application of biological concepts or reasoning. This may be a deliberate design choice to assess quantitative skills in biology, but it less strongly assesses *biological* conceptual understanding and multi-step *biological* reasoning as implied by the guidelines.

Here's a breakdown for each question:

---

1.  <question>A research team is evaluating the efficacy of dexmedetomidine versus fentanyl for procedural sedation in a cohort of patients with pre-existing cardiovascular conditions. During a colonoscopy, a patient receiving dexmedetomidine maintains a stable Ramsay Sedation Score (RSS) of 3. Their Mean Arterial Pressure (MAP) averages 85 mmHg with a standard deviation of 5 mmHg. A second patient, receiving fentanyl, fluctuates between RSS scores of 2 and 4, with a MAP averaging 70 mmHg and a standard deviation of 15 mmHg. Assuming MAP is normally distributed for both patients, calculate the probability that the dexmedetomidine patient's MAP will fall below 75 mmHg during the procedure. Express your answer as a decimal rounded to three significant figures.</question>

    *   **Critique:** This question is a well-structured applied statistics problem (normal distribution probability calculation) set in a biological context. It fulfills Guidelines 1, 2, 4, 5, 6, 7, 9, and 10 very well. However, it primarily assesses statistical reasoning (Guideline 3) rather than *biological* principles or multi-step biological reasoning. The biological context is present but doesn't contribute to the solution pathway beyond defining the variables.
    *   **Actionable Feedback:** To increase the biological reasoning component, consider adding a follow-up question that requires interpretation of the calculated probability in terms of patient safety or drug efficacy, linking it to physiological ranges or clinical cutoffs for MAP and its implications for cardiovascular conditions. For instance, "Given this probability, what might be a biological concern for patients with pre-existing cardiovascular conditions, and how might it relate to dexmedetomidine's known cardiovascular effects?" (though this would make it multipart, which is against Guideline 10). Alternatively, integrate a biological principle into the calculation itself if possible, e.g., how drug interactions might affect MAP distribution. As a standalone problem, it's an excellent quantitative question but less a "biology" question in terms of requiring biological mechanisms for its solution.

2.  <question>An anesthesiologist is comparing intubation conditions following sedation with either dexmedetomidine or fentanyl. Following dexmedetomidine administration, a patient exhibits a cough score of 2 (occasional cough) and a post-intubation score of 3 (mild sore throat). Another patient, sedated with fentanyl, has a cough score of 0 (no cough) and a post-intubation score of 1 (no sore throat). If the anesthesiologist defines "successful" intubation as a combined score (cough score + post-intubation score) less than or equal to 2, calculate the odds ratio of achieving successful intubation with fentanyl versus dexmedetomidine. Express your answer as a single number.</question>

    *   **Critique:** This question is a straightforward applied statistics problem (odds ratio calculation). It meets Guidelines 1, 2, 4, 5, 6, 7, 9, and 10 effectively. However, similar to Question 1, the multi-step reasoning (Guideline 3) is purely statistical. A significant limitation from a *biological realism* and *statistical validity* standpoint is the use of single-patient data points to calculate an odds ratio, which is designed for comparing groups or populations. While acceptable for a simplified test of the formula, it weakens the "Model a biology Scenario" aspect if realism is highly valued.
    *   **Actionable Feedback:** To enhance biological depth, provide data from multiple patients or groups for each drug, making the odds ratio calculation more statistically meaningful in a biological context. Then, add a component that requires *biological interpretation* of the calculated odds ratio, for example, "Based on this odds ratio, what physiological difference might explain the varying success rates in intubation between the two sedatives?" or "How might the distinct receptor targets of dexmedetomidine versus fentanyl lead to the observed differences in intubation success?"

3.  <question>Two groups of patients are undergoing mechanical ventilation. Group A is sedated with dexmedetomidine, and Group B is sedated with fentanyl. In Group A, the average heart rate is 70 beats per minute (bpm) with a standard error of the mean (SEM) of 2 bpm, as determined from a sample size of 25 patients. In Group B, the average heart rate is 90 bpm with a SEM of 3 bpm, also from a sample size of 25 patients. Assuming equal variances, calculate the approximate 95% confidence interval for the difference in mean heart rate (Group B - Group A). Report the upper bound of the confidence interval in bpm, rounded to the nearest whole number.</question>

    *   **Critique:** This is another excellent applied statistics problem (confidence interval calculation for difference in means) within a relevant biological context. It adheres well to Guidelines 1, 2, 4, 5, 6, 7, 9, and 10. The multi-step reasoning (Guideline 3) is statistical. Again, the question primarily tests the quantitative calculation rather than deep biological insights or biological interpretation of the result.
    *   **Actionable Feedback:** To better integrate biological reasoning, the question could ask for a biological implication of the confidence interval. For example, "Based on this confidence interval, what can be inferred about the *biological significance* of the heart rate difference between these two sedatives in mechanically ventilated patients, considering their known pharmacological effects on the cardiovascular system?" This would shift the focus from merely calculating the interval to interpreting its biological meaning.

4.  <question>A clinical trial investigates the effects of dexmedetomidine on oxygen saturation ($SpO_2$) levels compared to fentanyl during a bronchoscopy procedure. A patient sedated with dexmedetomidine exhibits an initial $SpO_2$ of 98%. Over the 30-minute procedure, their $SpO_2$ decreases linearly at a rate of 0.05% per minute. Another patient, sedated with fentanyl, starts with an initial $SpO_2$ of 95%, and their $SpO_2$ decreases at a rate of 0.15% per minute. Calculate the difference in $SpO_2$ between the two patients after 20 minutes of the procedure (Dexmedetomidine - Fentanyl). Give your answer as percentage rounded to one decimal place.</question>

    *   **Critique:** This question is essentially an algebra problem (linear functions) applied to a biological measurement. It performs well on Guidelines 1, 2, 4, 5, 6, 7, 9, and 10. The multi-step reasoning (Guideline 3) is purely algebraic. It assesses quantitative modeling skills more than biological conceptual understanding or reasoning about physiological mechanisms.
    *   **Actionable Feedback:** To deepen the biological assessment, the question could explore the physiological reasons for the differential rates of SpO2 decrease. For example, "Given the calculated difference in SpO2, propose a biological mechanism by which fentanyl might lead to a more rapid decrease in oxygen saturation compared to dexmedetomidine during a bronchoscopy." This moves beyond calculation to requiring knowledge of drug effects on respiratory physiology.

5.  <question>A researcher is studying the effects of different sedative agents on patient stability during a minor surgical procedure. A patient receiving dexmedetomidine maintains an average Ramsay Sedation Score (RSS) of 3 throughout the procedure, with deviations from this score occurring randomly every 5 minutes. The RSS fluctuates according to the formula: $RSS(t) = 3 + 0.2 \cdot sin(\frac{\pi t}{5})$, where *t* is time in minutes. Another patient receiving fentanyl shows an RSS that fluctuates following $RSS(t) = 3 + 0.8 \cdot sin(\frac{\pi t}{5})$. Calculate the difference in the *maximum* RSS value reached by the fentanyl patient compared to the dexmedetomidine patient. Give the answer to one decimal place.</question>

    *   **Critique:** This is a trigonometry/algebra problem (finding the maximum of a sinusoidal function) presented with a biological context. It meets Guidelines 1 (contextual setup), 2, 4, 5, 6, 7, 9, and 10. The multi-step reasoning (Guideline 3) is purely mathematical. The phrase "deviations from this score occurring randomly every 5 minutes" is contradictory given the deterministic sinusoidal function provided.
    *   **Actionable Feedback:** First, remove or clarify the "randomly every 5 minutes" statement, as the given function is deterministic. Second, to enhance biological relevance, the question could ask for an interpretation of the amplitude difference (0.2 vs 0.8) in RSS fluctuations. For example, "Beyond the numerical difference in maximum RSS, what do these contrasting sinusoidal fluctuations (0.2 vs 0.8 amplitude) biologically imply about the patient stability provided by dexmedetomidine versus fentanyl?" This would require understanding how RSS relates to clinical stability and potentially the pharmacodynamics of the drugs.

---

**Summary of Overall Feedback:**

Your questions are exceptionally strong examples of integrating quantitative skills into biological contexts. If the primary assessment goal is "applied quantitative reasoning in biology," these questions are very effective.

However, if the primary goal is to assess deep "biological conceptual understanding" and "multi-step *biological* reasoning" (as implied by Guideline 3's emphasis on "biological principles or steps"), then the questions could be improved by:

1.  **Requiring Biological Interpretation:** Instead of just calculating a number, ask what the number *means* in a biological or clinical context.
2.  **Linking to Biological Mechanisms:** Ask *why* the observed differences or patterns occur based on underlying biological or pharmacological mechanisms.
3.  **Integrating Biological Principles into Calculation:** (This is harder to do elegantly) – requiring the application of biological laws or principles within the mathematical solution steps themselves, rather than just using biological variables.

By incorporating these suggestions, your questions will more robustly assess both the quantitative proficiency *and* the biological acumen of undergraduate biology students.
=== Turn 1: Author refines questions ===
Okay, here's an improved set of questions based on your original questions and the detailed feedback, focusing on increasing the biological reasoning and interpretation required for each. The core mathematical problems are retained, but with added layers requiring biological understanding:

1.  <question>A research team is evaluating the efficacy of dexmedetomidine versus fentanyl for procedural sedation in patients with pre-existing cardiovascular conditions. During a colonoscopy, a patient receiving dexmedetomidine maintains a stable Ramsay Sedation Score (RSS) of 3. Their Mean Arterial Pressure (MAP) averages 85 mmHg with a standard deviation of 5 mmHg. Assuming MAP is normally distributed, calculate the probability that the dexmedetomidine patient's MAP will fall below 75 mmHg during the procedure. Express your answer as a decimal rounded to three significant figures. *Following this calculation, explain how this probability informs our understanding of dexmedetomidine's suitability for patients with pre-existing cardiovascular conditions, considering the drug's alpha-2 adrenergic agonist activity. Specifically, how might a MAP below 75 mmHg impact coronary perfusion in these patients?*</question>

2.  <question>An anesthesiologist is comparing intubation conditions following sedation with either dexmedetomidine or fentanyl. A study involved 50 patients sedated with dexmedetomidine, and 10 achieved successful intubation as defined by a combined cough score + post-intubation sore throat score of ≤ 2. A separate study with 50 patients sedated with fentanyl showed that 30 achieved successful intubation under the same criteria. Calculate the odds ratio of achieving successful intubation with fentanyl versus dexmedetomidine. Express your answer as a single number. *Based on this odds ratio, propose a plausible biological mechanism explaining why fentanyl might result in better intubation conditions compared to dexmedetomidine, considering the differential effects of these drugs on upper airway muscle tone and respiratory drive.*</question>

3.  <question>Two groups of patients are undergoing mechanical ventilation. Group A (n=25) is sedated with dexmedetomidine, and Group B (n=25) is sedated with fentanyl. In Group A, the average heart rate is 70 beats per minute (bpm) with a standard error of the mean (SEM) of 2 bpm. In Group B, the average heart rate is 90 bpm with a SEM of 3 bpm. Assuming equal variances, calculate the approximate 95% confidence interval for the difference in mean heart rate (Group B - Group A). Report the upper bound of the confidence interval in bpm, rounded to the nearest whole number. *Given this confidence interval, and considering that both dexmedetomidine and fentanyl can influence sympathetic nervous system activity, which drug appears to have a greater sympatholytic effect on heart rate, and why? Relate this conclusion to the primary receptor targets of each drug.*</question>

4.  <question>A clinical trial investigates the effects of dexmedetomidine on oxygen saturation ($SpO_2$) levels compared to fentanyl during a bronchoscopy procedure. A patient sedated with dexmedetomidine exhibits an initial $SpO_2$ of 98%. Over the 30-minute procedure, their $SpO_2$ decreases linearly at a rate of 0.05% per minute. Another patient, sedated with fentanyl, starts with an initial $SpO_2$ of 95%, and their $SpO_2$ decreases at a rate of 0.15% per minute. Calculate the difference in $SpO_2$ between the two patients after 20 minutes of the procedure (Dexmedetomidine - Fentanyl). Give your answer as percentage rounded to one decimal place. *Assuming that the observed differences in $SpO_2$ decline are primarily driven by changes in respiratory rate and tidal volume, explain the potential mechanism by which fentanyl leads to a more pronounced respiratory depression compared to dexmedetomidine, referencing their impacts on the brainstem respiratory control centers.*</question>

5.  <question>A researcher is studying the effects of different sedative agents on patient stability during a minor surgical procedure. A patient receiving dexmedetomidine maintains an average Ramsay Sedation Score (RSS) of 3 throughout the procedure. The RSS fluctuates according to the formula: $RSS(t) = 3 + 0.2 \cdot sin(\frac{\pi t}{5})$, where *t* is time in minutes. Another patient receiving fentanyl shows an RSS that fluctuates following $RSS(t) = 3 + 0.8 \cdot sin(\frac{\pi t}{5})$. Calculate the difference in the *maximum* RSS value reached by the fentanyl patient compared to the dexmedetomidine patient. Give the answer to one decimal place. *The sinusoidal RSS fluctuations represent variations in the depth of sedation. Based on the amplitudes of these fluctuations (0.2 for dexmedetomidine, 0.8 for fentanyl), infer which drug provides more stable sedation. Describe a potential mechanism by which dexmedetomidine, through its action on alpha-2 adrenergic receptors in the locus coeruleus, contributes to its observed stability in sedation compared to fentanyl's action on opioid receptors.*</question>
=== Turn 1: Critic feedback ===
Here's a critique of each question against your specified guidelines, focusing on actionable feedback for improvement:

---

**General Observation:**
The questions are well-conceived in terms of biological context and complexity, offering unique scenarios. However, the consistent use of a two-part structure (calculation followed by an open-ended biological explanation) directly violates several key guidelines, particularly "Questions must not be multipart" and "Expect answers of single word answer, numerical answer." The explanatory sections, while biologically rich, also fall under "Avoid How based questions" as they ask for mechanisms and interpretations rather than a single calculable quantity.

To meet all guidelines, especially the "single part" and "numerical/single word answer" requirements, the biological reasoning must be intrinsically woven into the problem's setup, leading *unambiguously* to a single numerical or single-word answer. The current format asks for two distinct types of answers: a number and an essay.

---

**Question 1 Critique:**

*   **1. Model a biology Scenario:** **Meets.** Excellent, realistic clinical scenario.
*   **2. Expect answers of single word answer, numerical answer:** **Violates.** The primary answer is a numerical probability, but it's followed by a lengthy explanation.
*   **3. Force Multi-Step Reasoning:** **Meets.** Requires statistical calculation and biological interpretation.
*   **4. Avoid How based questions:** **Violates.** The second part is a "how" and "explain" question.
*   **5. Be Unique:** **Meets.** Novel application of probability in a clinical context.
*   **6. Single Solution:** **Partially Meets.** The numerical calculation has a single solution. The explanation part could have varied acceptable answers.
*   **7. Use rigorous, concise phrasing:** **Meets.** Clear and professional.
*   **8. Units must be consistent; all numerical answers must include correct SI units. Symbols should follow conventional biology notation:** **Meets.**
*   **9. Questions must not be multipart:** **Violates.** Clearly two distinct parts.

**Actionable Feedback:**
Rephrase the second part to require a numerical consequence of the probability, integrating the biological interpretation.
**Example Revision Idea:** "Assuming MAP is normally distributed, calculate the probability that the dexmedetomidine patient's MAP will fall below 75 mmHg during the procedure. Express your answer as a decimal rounded to three significant figures. *Given that a MAP below 75 mmHg during a procedure in patients with pre-existing cardiovascular conditions carries a risk of acute coronary events due to impaired coronary perfusion, if each such event adds an average 0.05 to the patient's overall risk score for the procedure, what is the predicted increase in the patient's overall risk score due to this specific MAP probability? Express as a decimal rounded to three significant figures.*" (This turns the biological implication into a numerical output).

---

**Question 2 Critique:**

*   **1. Model a biology Scenario:** **Meets.** Relevant clinical comparison.
*   **2. Expect answers of single word answer, numerical answer:** **Violates.** Numerical odds ratio, followed by explanation.
*   **3. Force Multi-Step Reasoning:** **Meets.** Requires statistical calculation and biological mechanism.
*   **4. Avoid How based questions:** **Violates.** The second part is a "propose a plausible biological mechanism" question.
*   **5. Be Unique:** **Meets.** Specific criteria and comparison.
*   **6. Single Solution:** **Partially Meets.** Odds ratio is single, explanation is open-ended.
*   **7. Use rigorous, concise phrasing:** **Meets.**
*   **8. Units must be consistent; all numerical answers must include correct SI units. Symbols should follow conventional biology notation:** **Meets.**
*   **9. Questions must not be multipart:** **Violates.**

**Actionable Feedback:**
Integrate the biological reasoning into a numerical calculation based on the odds ratio.
**Example Revision Idea:** "Calculate the odds ratio of achieving successful intubation with fentanyl versus dexmedetomidine. Express your answer as a single number. *Based on this odds ratio, if fentanyl's superior performance is primarily due to its differential effect on upper airway muscle tone (leading to a 10% reduction in airway resistance per unit of odds ratio advantage over dexmedetomidine), what is the calculated percent reduction in airway resistance attributed to fentanyl in this study? Express as a percentage rounded to one decimal place.*" (This forces a numerical answer based on an interpreted biological effect).

---

**Question 3 Critique:**

*   **1. Model a biology Scenario:** **Meets.** Relevant clinical data for drug comparison.
*   **2. Expect answers of single word answer, numerical answer:** **Violates.** Numerical CI, followed by explanation.
*   **3. Force Multi-Step Reasoning:** **Meets.** Requires statistical calculation and biological interpretation.
*   **4. Avoid How based questions:** **Violates.** The second part asks "which drug... and why? Relate this conclusion..."
*   **5. Be Unique:** **Meets.** Specific data set.
*   **6. Single Solution:** **Partially Meets.** CI calculation is single, explanation is open-ended.
*   **7. Use rigorous, concise phrasing:** **Meets.**
*   **8. Units must be consistent; all numerical answers must include correct SI units. Symbols should follow conventional biology notation:** **Meets.**
*   **9. Questions must not be multipart:** **Violates.**

**Actionable Feedback:**
Rephrase the biological interpretation to lead to a single numerical or categorical answer.
**Example Revision Idea:** "Assuming equal variances, calculate the approximate 95% confidence interval for the difference in mean heart rate (Group B - Group A). Report the upper bound of the confidence interval in bpm, rounded to the nearest whole number. *Given that a drug is considered to have a significantly greater sympatholytic effect on heart rate if its mean heart rate is at least 15 bpm lower than the comparator, and considering the primary receptor targets of each drug, what is the minimum mean heart rate Group A would need to achieve for the lower bound of the 95% CI for the difference (Group B - Group A) to exceed 15 bpm? Express as a whole number.*" (Requires manipulating the CI to find a threshold).

---

**Question 4 Critique:**

*   **1. Model a biology Scenario:** **Meets.** Realistic clinical scenario involving physiological parameters.
*   **2. Expect answers of single word answer, numerical answer:** **Violates.** Numerical difference, followed by explanation.
*   **3. Force Multi-Step Reasoning:** **Meets.** Requires calculation based on linear change and biological mechanism.
*   **4. Avoid How based questions:** **Violates.** The second part asks to "explain the potential mechanism."
*   **5. Be Unique:** **Meets.** Uses a linear model for SpO2 decline.
*   **6. Single Solution:** **Partially Meets.** Calculation is single, explanation is open-ended.
*   **7. Use rigorous, concise phrasing:** **Meets.**
*   **8. Units must be consistent; all numerical answers must include correct SI units. Symbols should follow conventional biology notation:** **Meets.**
*   **9. Questions must not be multipart:** **Violates.**

**Actionable Feedback:**
Remove the explanatory part and potentially enhance the biological context within the numerical question itself, or ask for a numerical consequence related to the mechanism.
**Example Revision Idea:** "A clinical trial investigates the effects of dexmedetomidine on oxygen saturation ($SpO_2$) levels compared to fentanyl during a bronchoscopy procedure. A patient sedated with dexmedetomidine exhibits an initial $SpO_2$ of 98%. Over the 30-minute procedure, their $SpO_2$ decreases linearly at a rate of 0.05% per minute. Another patient, sedated with fentanyl, starts with an initial $SpO_2$ of 95%, and their $SpO_2$ decreases at a rate of 0.15% per minute. Calculate the difference in $SpO_2$ between the two patients after 20 minutes of the procedure (Dexmedetomidine - Fentanyl). Give your answer as percentage rounded to one decimal place. *Assuming this difference in $SpO_2$ decline is primarily due to fentanyl's greater impact on respiratory drive, if each 0.1% difference in SpO2 decline per minute equates to a 0.5 unit reduction in a patient's 'Respiratory Stability Index', what is the fentanyl patient's Respiratory Stability Index after 20 minutes, given an initial index of 10.0 for both patients? Report to one decimal place.*" (This links the biological effect to a numerical index).

---

**Question 5 Critique:**

*   **1. Model a biology Scenario:** **Meets.** Excellent model of sedation depth fluctuation.
*   **2. Expect answers of single word answer, numerical answer:** **Violates.** Numerical difference, followed by explanation.
*   **3. Force Multi-Step Reasoning:** **Meets.** Requires calculation (max of sine) and biological interpretation.
*   **4. Avoid How based questions:** **Violates.** The second part asks to "infer which drug provides more stable sedation" and "describe a potential mechanism."
*   **5. Be Unique:** **Meets.** Novel use of a sinusoidal function.
*   **6. Single Solution:** **Partially Meets.** Calculation is single, explanation is open-ended.
*   **7. Use rigorous, concise phrasing:** **Meets.**
*   **8. Units must be consistent; all numerical answers must include correct SI units. Symbols should follow conventional biology notation:** **Meets.**
*   **9. Questions must not be multipart:** **Violates.**

**Actionable Feedback:**
Reformulate the biological interpretation into a numerical answer that quantifies stability.
**Example Revision Idea:** "A researcher is studying the effects of different sedative agents on patient stability during a minor surgical procedure. A patient receiving dexmedetomidine maintains an average Ramsay Sedation Score (RSS) of 3 throughout the procedure. The RSS fluctuates according to the formula: $RSS(t) = 3 + 0.2 \cdot sin(\frac{\pi t}{5})$, where *t* is time in minutes. Another patient receiving fentanyl shows an RSS that fluctuates following $RSS(t) = 3 + 0.8 \cdot sin(\frac{\pi t}{5})$. Calculate the difference in the *maximum* RSS value reached by the fentanyl patient compared to the dexmedetomidine patient. Give the answer to one decimal place. *The sinusoidal RSS fluctuations represent variations in the depth of sedation. Given that dexmedetomidine's action on alpha-2 adrenergic receptors in the locus coeruleus leads to a sedation stability factor (SSF) inversely proportional to the amplitude of RSS fluctuation, calculate the ratio of SSF for dexmedetomidine to fentanyl. Report as a single number rounded to two decimal places.*" (This quantifies stability based on a biological premise).

---
=== Turn 2: Author refines questions ===
Here's the revised list of questions, incorporating the feedback to eliminate the multi-part structure and ensure each question leads to a single numerical or single-word answer. The biological reasoning is now integrated into the setup to guide the calculation.

1.  <question>A research team is evaluating the efficacy of dexmedetomidine versus fentanyl for procedural sedation in patients with pre-existing cardiovascular conditions. During a colonoscopy, a patient receiving dexmedetomidine maintains a stable Ramsay Sedation Score (RSS) of 3. Their Mean Arterial Pressure (MAP) averages 85 mmHg with a standard deviation of 5 mmHg. Assuming MAP is normally distributed, calculate the probability that the dexmedetomidine patient's MAP will fall below 75 mmHg during the procedure. Express your answer as a decimal rounded to three significant figures. Given that a MAP below 75 mmHg during a procedure in patients with pre-existing cardiovascular conditions carries a risk of acute coronary events due to impaired coronary perfusion, if each such event adds an average 0.05 to the patient's overall risk score for the procedure, what is the predicted increase in the patient's overall risk score due to this specific MAP probability? Express as a decimal rounded to three significant figures.</question>

2.  <question>An anesthesiologist is comparing intubation conditions following sedation with either dexmedetomidine or fentanyl. A study involved 50 patients sedated with dexmedetomidine, and 10 achieved successful intubation as defined by a combined cough score + post-intubation sore throat score of ≤ 2. A separate study with 50 patients sedated with fentanyl showed that 30 achieved successful intubation under the same criteria. Calculate the odds ratio of achieving successful intubation with fentanyl versus dexmedetomidine. Express your answer as a single number. Based on this odds ratio, if fentanyl's superior performance is primarily due to its differential effect on upper airway muscle tone (leading to a 10% reduction in airway resistance per unit of odds ratio advantage over dexmedetomidine), what is the calculated percent reduction in airway resistance attributed to fentanyl in this study? Express as a percentage rounded to one decimal place.</question>

3.  <question>Two groups of patients are undergoing mechanical ventilation. Group A (n=25) is sedated with dexmedetomidine, and Group B (n=25) is sedated with fentanyl. In Group A, the average heart rate is 70 beats per minute (bpm) with a standard error of the mean (SEM) of 2 bpm. In Group B, the average heart rate is 90 bpm with a SEM of 3 bpm. Assuming equal variances, calculate the approximate 95% confidence interval for the difference in mean heart rate (Group B - Group A). Report the upper bound of the confidence interval in bpm, rounded to the nearest whole number. Given that a drug is considered to have a significantly greater sympatholytic effect on heart rate if its mean heart rate is at least 15 bpm lower than the comparator, and considering the primary receptor targets of each drug, what is the minimum mean heart rate Group A would need to achieve for the lower bound of the 95% CI for the difference (Group B - Group A) to exceed 15 bpm? Express as a whole number.</question>

4.  <question>A clinical trial investigates the effects of dexmedetomidine on oxygen saturation ($SpO_2$) levels compared to fentanyl during a bronchoscopy procedure. A patient sedated with dexmedetomidine exhibits an initial $SpO_2$ of 98%. Over the 30-minute procedure, their $SpO_2$ decreases linearly at a rate of 0.05% per minute. Another patient, sedated with fentanyl, starts with an initial $SpO_2$ of 95%, and their $SpO_2$ decreases at a rate of 0.15% per minute. Calculate the difference in $SpO_2$ between the two patients after 20 minutes of the procedure (Dexmedetomidine - Fentanyl). Give your answer as percentage rounded to one decimal place. Assuming this difference in $SpO_2$ decline is primarily due to fentanyl's greater impact on respiratory drive, if each 0.1% difference in SpO2 decline per minute equates to a 0.5 unit reduction in a patient's 'Respiratory Stability Index', what is the fentanyl patient's Respiratory Stability Index after 20 minutes, given an initial index of 10.0 for both patients? Report to one decimal place.</question>

5.  <question>A researcher is studying the effects of different sedative agents on patient stability during a minor surgical procedure. A patient receiving dexmedetomidine maintains an average Ramsay Sedation Score (RSS) of 3 throughout the procedure. The RSS fluctuates according to the formula: $RSS(t) = 3 + 0.2 \cdot sin(\frac{\pi t}{5})$, where *t* is time in minutes. Another patient receiving fentanyl shows an RSS that fluctuates following $RSS(t) = 3 + 0.8 \cdot sin(\frac{\pi t}{5})$. Calculate the difference in the *maximum* RSS value reached by the fentanyl patient compared to the dexmedetomidine patient. Give the answer to one decimal place. The sinusoidal RSS fluctuations represent variations in the depth of sedation. Given that dexmedetomidine's action on alpha-2 adrenergic receptors in the locus coeruleus leads to a sedation stability factor (SSF) inversely proportional to the amplitude of RSS fluctuation, calculate the ratio of SSF for dexmedetomidine to fentanyl. Report as a single number rounded to two decimal places.</question>
=== Final questions generated ===
