=== Turn 0: Author generates questions ===
Here are some novel undergraduate-level biology questions based on your specifications:

<question>An anesthesiologist is preparing for an Awake Fiberoptic Intubation (AFOI) on a patient with a history of difficult intubation. The anesthesiologist aims to achieve a Ramsay Sedation Score (RSS) of 3 prior to the procedure. They administer dexmedetomidine, an $\\alpha_2$ adrenergic agonist. Based on pharmacokinetic studies, the drug has a linear relationship between infusion rate and plasma concentration. A plasma concentration of 0.4 ng/mL is known to reliably produce an RSS of 3. The patient has a volume of distribution ($V_d$) of 70 L and the drug's clearance ($CL$) is 40 L/hr. Calculate the required infusion rate in $\\mu g/min$ to maintain a plasma concentration of 0.4 ng/mL, assuming steady state is achieved. </question>

<question>During an AFOI procedure on a patient with severe COPD, despite adequate sedation, the patient's oxygen saturation ($SpO_2$) drops from 96% to 88% due to increased airway resistance and decreased ventilation. The patient's baseline partial pressure of arterial oxygen ($PaO_2$) was 60 mmHg. Given that the normal physiological range for $PaO_2$ is 75-100 mmHg, and assuming a linear relationship between $PaO_2$ and $SpO_2$ within this desaturation range, calculate the approximate drop in $PaO_2$ (in mmHg) that corresponds to the observed $SpO_2$ decrease, assuming the upper physiological bound for SpO2 is 100% and corresponds to 100 mmHg $PaO_2$.</question>

<question>In a clinical trial evaluating a novel sedative for AFOI, researchers are using the Ramsay Sedation Score (RSS) as a primary outcome measure. They observe that patients receiving the novel drug have a mean RSS of 2.5 with a standard deviation of 0.8 at the time of intubation. The control group, receiving standard sedation, has a mean RSS of 3.0 with a standard deviation of 0.7. The trial involves 50 patients in each group. Calculate the pooled standard deviation for the RSS scores across both groups.</question>

<question>An anesthesiologist is performing AFOI on a patient with a known hypersensitivity to propofol. The chosen alternative is dexmedetomidine, targeting an RSS of 2. Dexmedetomidine is supplied as a solution of 100 $\\mu$g/mL. The patient weighs 75 kg, and a loading dose of 1 $\\mu$g/kg is administered over 10 minutes, followed by a maintenance infusion. If the syringe pump delivers the loading dose at a rate of *x* mL/hr, calculate *x*.</question>

<question>A research team is conducting a clinical trial to compare the effectiveness of two different AFOI techniques (Technique A and Technique B) in minimizing airway reflex responses. They are using a composite score that incorporates coughing, gagging, and laryngospasm, with a higher score indicating more intense reflex responses. In Technique A (n=40), the mean composite score is 3.2 with a standard error of 0.5. In Technique B (n=40), the mean composite score is 2.5 with a standard error of 0.4. Calculate the estimated difference in the means, $\\Delta$, plus the combined standard error of the means, $SE_c$ i.e. report $\\Delta + SE_c$.</question>
=== Turn 0: Critic feedback ===
Here's a critique of each question against your guidelines, with concise, actionable feedback for improvement.

---

<question>An anesthesiologist is preparing for an Awake Fiberoptic Intubation (AFOI) on a patient with a history of difficult intubation. The anesthesiologist aims to achieve a Ramsay Sedation Score (RSS) of 3 prior to the procedure. They administer dexmedetomidine, an $\alpha_2$ adrenergic agonist. Based on pharmacokinetic studies, the drug has a linear relationship between infusion rate and plasma concentration. A plasma concentration of 0.4 ng/mL is known to reliably produce an RSS of 3. The patient has a volume of distribution ($V_d$) of 70 L and the drug's clearance ($CL$) is 40 L/hr. Calculate the required infusion rate in $\mu g/min$ to maintain a plasma concentration of 0.4 ng/mL, assuming steady state is achieved. </question>

**Critique:**
*   **1. Model a biology Scenario:** Excellent. Very specific, realistic, and clinically relevant.
*   **2. Expect answers of single word answer, numerical answer:** Yes, asks for a numerical rate.
*   **3. Force Multi-Step Reasoning:** Yes. Requires applying the steady-state infusion rate formula ($CL \times C_{ss}$) and performing multiple unit conversions (ng to $\mu$g, mL to L, hr to min).
*   **4. Avoid How based questions:** Yes, it's a "calculate" question.
*   **5. Be Unique:** Yes, the specific scenario and values are novel.
*   **6. Single Solution:** Yes, there's one correct numerical answer.
*   **7. Use rigorous, concise phrasing:** Excellent. Clear and professional.
*   **9. Units must be consistent; all numerical answers must include correct SI units. Symbols should follow conventional biology notation:** Units are clear and consistent, and the required unit conversion is a good challenge. Symbols ($V_d, CL$) are conventional.
*   **10. Questions must not be multipart:** Yes, single target quantity (infusion rate).
*   **11. Solution Formatting:** Minor LaTeX issue: `$\\alpha_2$` should be `$\alpha_2$`. The double backslash is unnecessary within math mode for standard commands.

**Actionable Feedback:**
*   Correct the LaTeX for the alpha symbol: Change `$\\alpha_2$` to `$\alpha_2$`.

---

<question>During an AFOI procedure on a patient with severe COPD, despite adequate sedation, the patient's oxygen saturation ($SpO_2$) drops from 96% to 88% due to increased airway resistance and decreased ventilation. The patient's baseline partial pressure of arterial oxygen ($PaO_2$) was 60 mmHg. Given that the normal physiological range for $PaO_2$ is 75-100 mmHg, and assuming a linear relationship between $PaO_2$ and $SpO_2$ within this desaturation range, calculate the approximate drop in $PaO_2$ (in mmHg) that corresponds to the observed $SpO_2$ decrease, assuming the upper physiological bound for SpO2 is 100% and corresponds to 100 mmHg $PaO_2$.</question>

**Critique:**
*   **1. Model a biology Scenario:** Excellent. Realistic clinical scenario involving respiratory physiology.
*   **2. Expect answers of single word answer, numerical answer:** Yes, asks for a numerical drop.
*   **3. Force Multi-Step Reasoning:** Yes. Requires calculating a slope from two given points on an assumed linear curve, then using that slope to determine a new $PaO_2$ and finally computing the drop.
*   **4. Avoid How based questions:** Yes, it's a "calculate" question.
*   **5. Be Unique:** Yes, the specific values and clinical context make it unique.
*   **6. Single Solution:** Yes, assuming the stated linearity, there's one correct answer.
*   **7. Use rigorous, concise phrasing:** Good. The explicit assumption of a linear relationship is crucial given the actual non-linear oxygen-hemoglobin dissociation curve.
*   **9. Units must be consistent; all numerical answers must include correct SI units. Symbols should follow conventional biology notation:** Units (%, mmHg) are consistent. Symbols ($SpO_2, PaO_2$) are conventional.
*   **10. Questions must not be multipart:** Yes, single target quantity (drop in $PaO_2$).
*   **11. Solution Formatting:** LaTeX is correct for $SpO_2$ and $PaO_2$.

**Actionable Feedback:**
*   No significant changes needed. The explicit linearity assumption handles the biological simplification well for an undergraduate level problem.

---

<question>In a clinical trial evaluating a novel sedative for AFOI, researchers are using the Ramsay Sedation Score (RSS) as a primary outcome measure. They observe that patients receiving the novel drug have a mean RSS of 2.5 with a standard deviation of 0.8 at the time of intubation. The control group, receiving standard sedation, has a mean RSS of 3.0 with a standard deviation of 0.7. The trial involves 50 patients in each group. Calculate the pooled standard deviation for the RSS scores across both groups.</question>

**Critique:**
*   **1. Model a biology Scenario:** Excellent. Relevant to clinical trials and biostatistics in medicine.
*   **2. Expect answers of single word answer, numerical answer:** Yes, asks for a numerical value.
*   **3. Force Multi-Step Reasoning:** Yes. Requires using the pooled variance formula, involving squaring standard deviations, multiplying by (n-1), summing, dividing, and finally taking the square root.
*   **4. Avoid How based questions:** Yes, it's a "calculate" question.
*   **5. Be Unique:** While the statistical concept is standard, the specific clinical context and data make it unique.
*   **6. Single Solution:** Yes, one correct numerical answer.
*   **7. Use rigorous, concise phrasing:** Excellent. Clear and professional.
*   **9. Units must be consistent; all numerical answers must include correct SI units. Symbols should follow conventional biology notation:** RSS is a score, so SD is dimensionless, which is fine.
*   **10. Questions must not be multipart:** Yes, single target quantity (pooled standard deviation).
*   **11. Solution Formatting:** No specific LaTeX syntax issues.

**Actionable Feedback:**
*   No changes needed. This is a solid question.

---

<question>An anesthesiologist is performing AFOI on a patient with a known hypersensitivity to propofol. The chosen alternative is dexmedetomidine, targeting an RSS of 2. Dexmedetomidine is supplied as a solution of 100 $\mu$g/mL. The patient weighs 75 kg, and a loading dose of 1 $\mu$g/kg is administered over 10 minutes, followed by a maintenance infusion. If the syringe pump delivers the loading dose at a rate of *x* mL/hr, calculate *x*.</question>

**Critique:**
*   **1. Model a biology Scenario:** Excellent. Highly practical and realistic medical scenario involving drug dosage and administration.
*   **2. Expect answers of single word answer, numerical answer:** Yes, asks for a numerical rate.
*   **3. Force Multi-Step Reasoning:** Yes. Requires calculating total dose, then total volume, then converting time to hours, and finally calculating the rate in mL/hr.
*   **4. Avoid How based questions:** Yes, it's a "calculate" question.
*   **5. Be Unique:** Yes, specific values and scenario are novel for a problem.
*   **6. Single Solution:** Yes, one correct numerical answer.
*   **7. Use rigorous, concise phrasing:** Excellent. Clear and professional.
*   **9. Units must be consistent; all numerical answers must include correct SI units. Symbols should follow conventional biology notation:** Units ($\mu$g/mL, kg, $\mu$g/kg, min, mL/hr) are consistent and require appropriate conversions, which is good.
*   **10. Questions must not be multipart:** Yes, single target quantity (*x* mL/hr).
*   **11. Solution Formatting:** LaTeX for units is correct.

**Actionable Feedback:**
*   No changes needed. This is an excellent, practical question.

---

<question>A research team is conducting a clinical trial to compare the effectiveness of two different AFOI techniques (Technique A and Technique B) in minimizing airway reflex responses. They are using a composite score that incorporates coughing, gagging, and laryngospasm, with a higher score indicating more intense reflex responses. In Technique A (n=40), the mean composite score is 3.2 with a standard error of 0.5. In Technique B (n=40), the mean composite score is 2.5 with a standard error of 0.4. Calculate the estimated difference in the means, $\Delta$, plus the combined standard error of the means, $SE_c$ i.e. report $\Delta + SE_c$.</question>

**Critique:**
*   **1. Model a biology Scenario:** Excellent. Realistic clinical trial and statistical comparison scenario.
*   **2. Expect answers of single word answer, numerical answer:** Yes, asks for a numerical value.
*   **3. Force Multi-Step Reasoning:** Yes. Requires calculating the difference between means and calculating the combined standard error (of the difference), then summing these two values.
*   **4. Avoid How based questions:** Yes, it's a "calculate" question.
*   **5. Be Unique:** Yes, the specific scenario and data make it unique.
*   **6. Single Solution:** Yes, one correct numerical answer.
*   **7. Use rigorous, concise phrasing:** Good. The instruction "report $\Delta + SE_c$" is a specific computational request, ensuring both components are calculated. While not a standard statistical reporting method, it effectively tests the desired steps.
*   **9. Units must be consistent; all numerical answers must include correct SI units. Symbols should follow conventional biology notation:** Scores are dimensionless, so are $\Delta$ and $SE_c$. Symbols ($n, \Delta, SE_c$) are conventional.
*   **10. Questions must not be multipart:** Yes, asks for a single combined numerical value.
*   **11. Solution Formatting:** LaTeX for $\Delta$ and $SE_c$ is correct.

**Actionable Feedback:**
*   No significant changes needed. The instruction to sum $\Delta$ and $SE_c$ is unusual statistically but achieves the goal of multi-step calculation.

---

**Overall Summary:**
These are exceptionally well-designed questions that meet almost all your specified guidelines. They are highly relevant to undergraduate biology/medicine, require multi-step quantitative reasoning, are unique, and are phrased rigorously. The only minor points for improvement are a tiny LaTeX correction in Question 1 and the unique statistical output request in Question 5 (which is more of a stylistic choice to force specific calculations).

You have successfully created a strong set of novel undergraduate-level biology assessment questions.
=== Turn 1: Author refines questions ===
Okay, here are the refined questions, incorporating the feedback provided. The only change is the correction of the LaTeX in the first question.

```xml
<question>An anesthesiologist is preparing for an Awake Fiberoptic Intubation (AFOI) on a patient with a history of difficult intubation. The anesthesiologist aims to achieve a Ramsay Sedation Score (RSS) of 3 prior to the procedure. They administer dexmedetomidine, an $\alpha_2$ adrenergic agonist. Based on pharmacokinetic studies, the drug has a linear relationship between infusion rate and plasma concentration. A plasma concentration of 0.4 ng/mL is known to reliably produce an RSS of 3. The patient has a volume of distribution ($V_d$) of 70 L and the drug's clearance ($CL$) is 40 L/hr. Calculate the required infusion rate in $\mu g/min$ to maintain a plasma concentration of 0.4 ng/mL, assuming steady state is achieved. </question>

<question>During an AFOI procedure on a patient with severe COPD, despite adequate sedation, the patient's oxygen saturation ($SpO_2$) drops from 96% to 88% due to increased airway resistance and decreased ventilation. The patient's baseline partial pressure of arterial oxygen ($PaO_2$) was 60 mmHg. Given that the normal physiological range for $PaO_2$ is 75-100 mmHg, and assuming a linear relationship between $PaO_2$ and $SpO_2$ within this desaturation range, calculate the approximate drop in $PaO_2$ (in mmHg) that corresponds to the observed $SpO_2$ decrease, assuming the upper physiological bound for SpO2 is 100% and corresponds to 100 mmHg $PaO_2$.</question>

<question>In a clinical trial evaluating a novel sedative for AFOI, researchers are using the Ramsay Sedation Score (RSS) as a primary outcome measure. They observe that patients receiving the novel drug have a mean RSS of 2.5 with a standard deviation of 0.8 at the time of intubation. The control group, receiving standard sedation, has a mean RSS of 3.0 with a standard deviation of 0.7. The trial involves 50 patients in each group. Calculate the pooled standard deviation for the RSS scores across both groups.</question>

<question>An anesthesiologist is performing AFOI on a patient with a known hypersensitivity to propofol. The chosen alternative is dexmedetomidine, targeting an RSS of 2. Dexmedetomidine is supplied as a solution of 100 $\mu$g/mL. The patient weighs 75 kg, and a loading dose of 1 $\mu$g/kg is administered over 10 minutes, followed by a maintenance infusion. If the syringe pump delivers the loading dose at a rate of *x* mL/hr, calculate *x*.</question>

<question>A research team is conducting a clinical trial to compare the effectiveness of two different AFOI techniques (Technique A and Technique B) in minimizing airway reflex responses. They are using a composite score that incorporates coughing, gagging, and laryngospasm, with a higher score indicating more intense reflex responses. In Technique A (n=40), the mean composite score is 3.2 with a standard error of 0.5. In Technique B (n=40), the mean composite score is 2.5 with a standard error of 0.4. Calculate the estimated difference in the means, $\Delta$, plus the combined standard error of the means, $SE_c$ i.e. report $\Delta + SE_c$.</question>
```
=== Turn 1: Critic feedback ===
Here's a critique of your questions based on the provided guidelines:

---

**Question 1 Critique:**

```xml
<question>An anesthesiologist is preparing for an Awake Fiberoptic Intubation (AFOI) on a patient with a history of difficult intubation. The anesthesiologist aims to achieve a Ramsay Sedation Score (RSS) of 3 prior to the procedure. They administer dexmedetomidine, an $\alpha_2$ adrenergic agonist. Based on pharmacokinetic studies, the drug has a linear relationship between infusion rate and plasma concentration. A plasma concentration of 0.4 ng/mL is known to reliably produce an RSS of 3. The patient has a volume of distribution ($V_d$) of 70 L and the drug's clearance ($CL$) is 40 L/hr. Calculate the required infusion rate in $\mu g/min$ to maintain a plasma concentration of 0.4 ng/mL, assuming steady state is achieved. </question>
```

*   **Strengths:**
    *   **Guideline 1 (Biology Scenario):** Excellent real-world clinical scenario, relevant to pharmacology and patient management.
    *   **Guideline 3 (Multi-Step Reasoning):** Requires understanding steady-state pharmacokinetics ($C_{ss} = \text{Infusion Rate} / CL$) and multiple unit conversions (ng to $\mu$g, mL to L, hr to min). Correctly identifies relevant parameters and includes a plausible distractor ($V_d$, which is not needed for steady-state infusion rate calculation).
    *   **Guideline 4, 5, 6, 10:** Clearly a calculation, unique, single correct solution, and asks for a single target quantity.
    *   **Guideline 7 (Rigorous, Concise Phrasing):** Phrasing is clear, professional, and appropriate for advanced learners.
*   **Area for Improvement:**
    *   **Guideline 9 (Units & Notation):** While `$\alpha_2$` is correctly formatted, the units `ng/mL` and `$\mu g/min$` should ideally use `\text{}` or `\mathrm{}` to prevent the `g` and `mL/min` parts from being italicized in math mode (e.g., `$\text{ng/mL}$`, `$\mu\text{g}/\text{min}$`). This enhances readability and professional typesetting.

---

**Question 2 Critique:**

```xml
<question>During an AFOI procedure on a patient with severe COPD, despite adequate sedation, the patient's oxygen saturation ($SpO_2$) drops from 96% to 88% due to increased airway resistance and decreased ventilation. The patient's baseline partial pressure of arterial oxygen ($PaO_2$) was 60 mmHg. Given that the normal physiological range for $PaO_2$ is 75-100 mmHg, and assuming a linear relationship between $PaO_2$ and $SpO_2$ within this desaturation range, calculate the approximate drop in $PaO_2$ (in mmHg) that corresponds to the observed $SpO_2$ decrease, assuming the upper physiological bound for SpO2 is 100% and corresponds to 100 mmHg $PaO_2$.</question>
```

*   **Strengths:**
    *   **Guideline 1 (Biology Scenario):** Strong clinical context involving respiratory physiology.
    *   **Guideline 3 (Multi-Step Reasoning):** Requires calculating a linear relationship from two points and then using it to find a new value and a difference.
    *   **Guideline 4, 5, 6, 10:** Clearly a calculation, unique, single correct solution, and asks for a single target quantity.
    *   **Guideline 9 (Units & Notation):** `SpO_2` and `PaO_2` are correctly formatted in LaTeX.
*   **Area for Improvement:**
    *   **Guideline 1 (Biology Scenario / Conceptual Understanding):** This is the most significant issue. The core biological flaw is the assumption of a "linear relationship between $PaO_2$ and $SpO_2$" especially in the 88-96% $SpO_2$ range. The oxyhemoglobin dissociation curve is highly non-linear, and this assumption fundamentally misrepresents a key physiological relationship. While the question *states* the assumption, it forces students to apply mathematical concepts in a biologically inaccurate way without explicitly stating this is a simplified model. This could confuse students about true physiological principles.
    *   **Guideline 7 (Rigorous, Concise Phrasing):**
        *   The phrase "assuming a linear relationship between $PaO_2$ and $SpO_2$ within this desaturation range" is slightly ambiguous. Does "this desaturation range" refer to the 96% to 88% $SpO_2$ drop, or a broader range? The subsequent instruction "assuming the upper physiological bound for SpO2 is 100% and corresponds to 100 mmHg $PaO_2$" clarifies the two points for the linear equation (60 mmHg $PaO_2$ @ 96% $SpO_2$, and 100 mmHg $PaO_2$ @ 100% $SpO_2$), but the initial wording could be tightened.
        *   Minor LaTeX: `mmHg` should ideally be `$\text{mmHg}$` to prevent italicization.

---

**Question 3 Critique:**

```xml
<question>In a clinical trial evaluating a novel sedative for AFOI, researchers are using the Ramsay Sedation Score (RSS) as a primary outcome measure. They observe that patients receiving the novel drug have a mean RSS of 2.5 with a standard deviation of 0.8 at the time of intubation. The control group, receiving standard sedation, has a mean RSS of 3.0 with a standard deviation of 0.7. The trial involves 50 patients in each group. Calculate the pooled standard deviation for the RSS scores across both groups.</question>
```

*   **Strengths:**
    *   **Guideline 1 (Biology Scenario):** Excellent integration of statistics into a clinical trial context, highly relevant for biological research.
    *   **Guideline 3 (Multi-Step Reasoning):** Requires application of the pooled standard deviation formula, which is a multi-step calculation.
    *   **Guidelines 2, 4, 5, 6, 7, 9, 10:** Meets all these guidelines well. The phrasing is clear, concise, and professional.
*   **Area for Improvement:**
    *   No significant improvements needed. This question is well-designed.

---

**Question 4 Critique:**

```xml
<question>An anesthesiologist is performing AFOI on a patient with a known hypersensitivity to propofol. The chosen alternative is dexmedetomidine, targeting an RSS of 2. Dexmedetomidine is supplied as a solution of 100 $\mu$g/mL. The patient weighs 75 kg, and a loading dose of 1 $\mu$g/kg is administered over 10 minutes, followed by a maintenance infusion. If the syringe pump delivers the loading dose at a rate of *x* mL/hr, calculate *x*.</question>
```

*   **Strengths:**
    *   **Guideline 1 (Biology Scenario):** Excellent practical clinical scenario involving drug dosing and administration.
    *   **Guideline 3 (Multi-Step Reasoning):** Requires calculating total dose, total volume, and converting infusion rate units (minutes to hours).
    *   **Guidelines 2, 4, 5, 6, 7, 10:** Meets all these guidelines well. The problem is clear, unique, and asks for a single numerical answer.
*   **Area for Improvement:**
    *   **Guideline 9 (Units & Notation):** Similar to Question 1, units like `$\mu g/mL$` and `$\mu g/kg$` should ideally be formatted with `\text{}` or `\mathrm{}` (e.g., `$\mu\text{g}/\text{mL}$`, `$\mu\text{g}/\text{kg}$`) to prevent italicization of the unit symbols.

---

**Question 5 Critique:**

```xml
<question>A research team is conducting a clinical trial to compare the effectiveness of two different AFOI techniques (Technique A and Technique B) in minimizing airway reflex responses. They are using a composite score that incorporates coughing, gagging, and laryngospasm, with a higher score indicating more intense reflex responses. In Technique A (n=40), the mean composite score is 3.2 with a standard error of 0.5. In Technique B (n=40), the mean composite score is 2.5 with a standard error of 0.4. Calculate the estimated difference in the means, $\Delta$, plus the combined standard error of the means, $SE_c$ i.e. report $\Delta + SE_c$.</question>
```

*   **Strengths:**
    *   **Guideline 1 (Biology Scenario):** Excellent integration of statistics into a clinical trial context, highly relevant for biological research.
    *   **Guideline 3 (Multi-Step Reasoning):** Requires calculating the difference in means and the combined standard error of the difference for independent samples, then summing these two results. This is a robust multi-step problem.
    *   **Guidelines 2, 4, 5, 6, 7, 9, 10:** Meets all these guidelines well. The use of `$\Delta$` and `$SE_c$` is conventional. The request for a single final sum (`$\Delta + SE_c$`) respects the "single target quantity" rule.
*   **Area for Improvement:**
    *   No significant improvements needed. This is a very well-designed question.
=== Turn 2: Author refines questions ===
```xml
<question>An anesthesiologist is preparing for an Awake Fiberoptic Intubation (AFOI) on a patient with a history of difficult intubation. The anesthesiologist aims to achieve a Ramsay Sedation Score (RSS) of 3 prior to the procedure. They administer dexmedetomidine, an $\alpha_2$ adrenergic agonist. Based on pharmacokinetic studies, the drug has a linear relationship between infusion rate and plasma concentration. A plasma concentration of 0.4 $\text{ng/mL}$ is known to reliably produce an RSS of 3. The patient has a volume of distribution ($V_d$) of 70 L and the drug's clearance ($CL$) is 40 L/hr. Calculate the required infusion rate in $\mu\text{g/min}$ to maintain a plasma concentration of 0.4 $\text{ng/mL}$, assuming steady state is achieved.</question>

<question>During an AFOI procedure on a patient with severe COPD, despite adequate sedation, the patient's oxygen saturation ($SpO_2$) drops from 96% to 88% due to increased airway resistance and decreased ventilation. The patient's baseline partial pressure of arterial oxygen ($PaO_2$) was 60 $\text{mmHg}$. For the *purposes of this simplified calculation*, assume a linear relationship between $PaO_2$ and $SpO_2$ where 100% $SpO_2$ corresponds to 100 $\text{mmHg}$ $PaO_2$. Calculate the approximate drop in $PaO_2$ (in $\text{mmHg}$) that corresponds to the observed $SpO_2$ decrease.</question>

<question>In a clinical trial evaluating a novel sedative for AFOI, researchers are using the Ramsay Sedation Score (RSS) as a primary outcome measure. They observe that patients receiving the novel drug have a mean RSS of 2.5 with a standard deviation of 0.8 at the time of intubation. The control group, receiving standard sedation, has a mean RSS of 3.0 with a standard deviation of 0.7. The trial involves 50 patients in each group. Calculate the pooled standard deviation for the RSS scores across both groups.</question>

<question>An anesthesiologist is performing AFOI on a patient with a known hypersensitivity to propofol. The chosen alternative is dexmedetomidine, targeting an RSS of 2. Dexmedetomidine is supplied as a solution of 100 $\mu\text{g/mL}$. The patient weighs 75 kg, and a loading dose of 1 $\mu\text{g/kg}$ is administered over 10 minutes, followed by a maintenance infusion. If the syringe pump delivers the loading dose at a rate of *x* mL/hr, calculate *x*.</question>

<question>A research team is conducting a clinical trial to compare the effectiveness of two different AFOI techniques (Technique A and Technique B) in minimizing airway reflex responses. They are using a composite score that incorporates coughing, gagging, and laryngospasm, with a higher score indicating more intense reflex responses. In Technique A (n=40), the mean composite score is 3.2 with a standard error of 0.5. In Technique B (n=40), the mean composite score is 2.5 with a standard error of 0.4. Calculate the estimated difference in the means, $\Delta$, plus the combined standard error of the means, $SE_c$ i.e. report $\Delta + SE_c$.</question>
```
Key changes and explanations:

*   **Question 1: Units:** Added `\text{}` to the units to prevent italicization.
*   **Question 2:  Addressing Linearity Assumption & Units:**
    *   I added the phrase "For the *purposes of this simplified calculation*,". This crucial addition explicitly acknowledges that the linearity assumption is a simplification for the sake of the calculation and doesn't reflect true physiology.  This prevents the question from misleading students about the oxyhemoglobin dissociation curve.
    *   Added `\text{}` to `mmHg` to prevent italicization.
*   **Question 3: No Changes Needed:** This question was already excellent.
*   **Question 4: Units:** Added `\text{}` to the units to prevent italicization.
*   **Question 5: No Changes Needed:** This question was already excellent.

These revisions address the feedback comprehensively, making the questions more accurate and pedagogically sound.  The crucial change is the explicit disclaimer in Question 2 regarding the linearity assumption.
=== Final questions generated ===
