=== Turn 0: Author generates questions ===
Here are some novel undergraduate-level biology questions, formatted as requested:

<question>A physical therapist is designing a combined aquatic and land-based exercise program for elderly patients to improve balance and gait. During an initial assessment using Water-Specific Therapy (WST), a patient's center of buoyancy (COB) is measured to be 10 cm superior to their center of gravity (COG) when fully submerged. The patient has a body mass of 75 kg and a volume of $0.078 m^3$. What is the buoyant force acting on the patient while submerged? (Assume $g = 9.81 m/s^2$ and water density $\rho = 1000 kg/m^3$)</question>

<question>Researchers are comparing the long-term effectiveness of Clinical Ai Chi (CAC) and land-based Tai Chi for balance maintenance in older adults. After 6 months, the group receiving CAC showed a 20% reduction in sway area during a balance test, while the land-based Tai Chi group showed a 12% reduction. Assuming the initial sway area for both groups was $50 cm^2$, what is the absolute difference in sway area between the two groups after the intervention ($cm^2$)?</question>

<question>A rehabilitation center is evaluating the cost-effectiveness of Bad Ragaz Ring Method (BRRM) aquatic therapy versus traditional land-based physiotherapy for improving gait speed in stroke patients. BRRM costs \$75 per session, while land-based physiotherapy costs \$60 per session. If a patient requires 12 sessions of BRRM to achieve a gait speed improvement of $0.3 m/s$, and 15 sessions of land-based physiotherapy to achieve the same improvement, what is the cost per $m/s$ improvement of gait speed for BRRM?</question>

<question>An experiment is conducted to assess the impact of different aquatic therapy modalities on muscle strength in geriatric patients. A group undergoing Water-Specific Therapy (WST) shows an average increase of 15% in quadriceps muscle strength, while a control group shows no significant change. If the initial quadriceps strength of the WST group was 80 N, what is the final average quadriceps strength (in N) of the WST group after the intervention?</question>

<question>During a study comparing aquatic therapy interventions, a researcher observes that patients undergoing Clinical Ai Chi (CAC) experience a heart rate reduction from 85 bpm to 72 bpm during a 30-minute session. Calculate the total number of heartbeats avoided during the session in this group.</question>
=== Turn 0: Critic feedback ===
Here's a critique of each question based on your guidelines, along with concise, actionable feedback for improvement:

---

<question>A physical therapist is designing a combined aquatic and land-based exercise program for elderly patients to improve balance and gait. During an initial assessment using Water-Specific Therapy (WST), a patient's center of buoyancy (COB) is measured to be 10 cm superior to their center of gravity (COG) when fully submerged. The patient has a body mass of 75 kg and a volume of $0.078 m^3$. What is the buoyant force acting on the patient while submerged? (Assume $g = 9.81 m/s^2$ and water density $\rho = 1000 kg/m^3$)</question>

**Critique:**
*   **Guideline 1 (Biology Scenario):** Yes, the scenario is biological (physical therapy, balance, gait). However, the *question asked* is a pure physics calculation (Archimedes' principle) that doesn't inherently require biological understanding.
*   **Guideline 3 (Multi-Step Reasoning):** Fails. Calculating buoyant force ($F_b = \rho \times V \times g$) is a single-step application of a physics formula. It does not involve multiple biological principles or steps. The COB/COG information is a distractor and not used in the calculation.
*   **Guideline 5 (Be Unique):** The scenario is novel, but the calculation of buoyant force is a standard physics textbook problem.

**Actionable Feedback for Improvement:**
To align with biological reasoning:
1.  **Integrate COB/COG into the calculation:** Ask a question that utilizes the COB/COG relationship for stability in water. For example, "Given the patient's COB and COG, what is the net torque acting on the patient when fully submerged and attempting to maintain an upright posture, and what does this imply for stability?" This would make it a biomechanics question requiring understanding of forces and moments, rather than just a simple calculation of buoyant force.
2.  **Focus on biological application of buoyancy:** Ask about the *net force* or *apparent weight* and relate it to the effort needed for specific exercises, connecting it to muscle exertion.

---

<question>Researchers are comparing the long-term effectiveness of Clinical Ai Chi (CAC) and land-based Tai Chi for balance maintenance in older adults. After 6 months, the group receiving CAC showed a 20% reduction in sway area during a balance test, while the land-based Tai Chi group showed a 12% reduction. Assuming the initial sway area for both groups was $50 cm^2$, what is the absolute difference in sway area between the two groups after the intervention ($cm^2$)?</question>

**Critique:**
*   **Guideline 1 (Biology Scenario):** Yes, relevant to clinical research in geriatrics and rehabilitation.
*   **Guideline 3 (Multi-Step Reasoning):** Fails. This question tests basic arithmetic (percentage calculation and subtraction). It does not involve multiple *biological* principles or complex biological reasoning; it's a quantitative data interpretation problem.
*   **Guideline 5 (Be Unique):** The scenario is novel, but the mathematical operation (percentage change and difference) is standard and not conceptually rich for an undergraduate biology level.

**Actionable Feedback for Improvement:**
To increase biological depth:
1.  **Ask for interpretation or relate to thresholds:** Instead of just numerical difference, ask for a calculation that helps interpret biological significance. E.g., "If a sway area below $X cm^2$ indicates a significantly reduced fall risk, how many patients (or what percentage of patients, given group sizes) in the CAC group achieved this threshold, assuming a normal distribution?" (Requires more data but shows the type of thinking).
2.  **Combine metrics or compare beyond simple difference:** "If reduction in sway area correlates with a specific improvement in neural control (e.g., increased proprioceptive efficiency by Y units per $cm^2$ reduction), what is the difference in proprioceptive efficiency improvement between the two groups?" This links the calculated value to another biological outcome.

---

<question>A rehabilitation center is evaluating the cost-effectiveness of Bad Ragaz Ring Method (BRRM) aquatic therapy versus traditional land-based physiotherapy for improving gait speed in stroke patients. BRRM costs \$75 per session, while land-based physiotherapy costs \$60 per session. If a patient requires 12 sessions of BRRM to achieve a gait speed improvement of $0.3 m/s$, and 15 sessions of land-based physiotherapy to achieve the same improvement, what is the cost per $m/s$ improvement of gait speed for BRRM?</question>

**Critique:**
*   **Guideline 1 (Biology Scenario):** Yes, evaluating rehabilitation outcomes and cost-effectiveness in stroke patients.
*   **Guideline 3 (Multi-Step Reasoning):** Fails. This is a basic cost-per-unit calculation (multiplication and division). It does not involve biological principles or complex biological reasoning. The land-based physiotherapy information is a distractor for the specific question asked.
*   **Guideline 5 (Be Unique):** The scenario is practical and unique, but the core calculation is a standard economic/arithmetic problem.

**Actionable Feedback for Improvement:**
To infuse more biological content:
1.  **Ask for a comparison requiring biological rationale:** "Calculate the *difference* in cost-effectiveness (cost per $m/s$ improvement) between BRRM and land-based physiotherapy. Based on your calculation, which method offers a better economic value for achieving the same physiological outcome, and what might be a biological reason one might still be preferred (e.g., lower joint impact)?" (The latter part would make it non-numerical but allows for biological reasoning).
2.  **Relate cost to patient-specific biological factors:** "If a stroke patient with severe spasticity (requiring X% more sessions for the same improvement) underwent BRRM, what would be the cost per $m/s$ improvement for *that specific patient*?" This requires understanding how biological conditions might influence therapy duration.

---

<question>An experiment is conducted to assess the impact of different aquatic therapy modalities on muscle strength in geriatric patients. A group undergoing Water-Specific Therapy (WST) shows an average increase of 15% in quadriceps muscle strength, while a control group shows no significant change. If the initial quadriceps strength of the WST group was 80 N, what is the final average quadriceps strength (in N) of the WST group after the intervention?</question>

**Critique:**
*   **Guideline 1 (Biology Scenario):** Yes, experiment on muscle strength in geriatric patients.
*   **Guideline 3 (Multi-Step Reasoning):** Fails. This is a basic percentage increase calculation (multiplication and addition). It does not involve multiple biological principles or complex biological reasoning. The control group information is a distractor.
*   **Guideline 5 (Be Unique):** The scenario is unique, but the mathematical operation is very standard.

**Actionable Feedback for Improvement:**
To enhance biological significance:
1.  **Connect strength to functional outcomes:** "If a patient requires 90 N of quadriceps strength to stand independently from a chair, how much *additional strength (in N)* would be needed for the WST group to achieve this milestone on average?" This connects the calculated strength to a functional biological threshold.
2.  **Incorporate physiological limits/mechanisms:** "Given the patient's age and initial strength, if sarcopenia typically limits muscle strength gains to a maximum of 25% for this age group over a 6-month period, what percentage of the *maximum possible gain* did the WST group achieve?" (Requires some assumed biological data about sarcopenia limits).

---

<question>During a study comparing aquatic therapy interventions, a researcher observes that patients undergoing Clinical Ai Chi (CAC) experience a heart rate reduction from 85 bpm to 72 bpm during a 30-minute session. Calculate the total number of heartbeats avoided during the session in this group.</question>

**Critique:**
*   **Guideline 1 (Biology Scenario):** Yes, heart rate response to therapy.
*   **Guideline 3 (Multi-Step Reasoning):** Fails. This is a basic rate calculation and subtraction (multiplication and subtraction). It does not involve multiple biological principles or complex biological reasoning. The concept of "heartbeats avoided" is an unusual metric for biological assessment, indicating a focus on arithmetic rather than physiological meaning.
*   **Guideline 5 (Be Unique):** The scenario is unique, but the calculation is very standard rate calculation and difference.

**Actionable Feedback for Improvement:**
To deepen biological relevance:
1.  **Relate to physiological work/cardiac output:** "Assuming stroke volume remained constant at $X mL/beat$, what is the percentage reduction in cardiac output observed during the session?" (Requires knowing CO = HR x SV). This directly relates to a key physiological parameter.
2.  **Connect to exercise intensity zones:** "If the patient's estimated maximum heart rate is 170 bpm, what is the percentage decrease in their relative exercise intensity (as a percentage of max HR) during the session?" This requires understanding of exercise physiology concepts.
=== Turn 1: Author refines questions ===
Here are the improved questions, incorporating the feedback provided, designed to be more biologically relevant and requiring more multi-step reasoning at the undergraduate level:

<question>A physical therapist is designing a combined aquatic and land-based exercise program for elderly patients to improve balance. During an initial assessment using Water-Specific Therapy (WST), a patient's center of buoyancy (COB) is measured to be 8 cm superior to their center of gravity (COG) when fully submerged. The patient has a body mass of 70 kg. When attempting to maintain an upright posture, the patient experiences a rotational displacement from vertical. Assuming the buoyant force acts directly upwards through the COB and the gravitational force acts directly downwards through the COG, calculate the net torque (in Nm) acting on the patient if their body length (approximated as the distance between COB and COG) is 1.7 m, and discuss how this torque would change as the patient ages and loses muscle mass, affecting their ability to stabilize themselves in the water.  Assume $g = 9.81 m/s^2$.</question>

<question>Researchers are comparing the long-term effectiveness of Clinical Ai Chi (CAC) and land-based Tai Chi for balance maintenance in older adults. After 6 months, the group receiving CAC showed a 22% reduction in sway area during a balance test, while the land-based Tai Chi group showed a 14% reduction. Assuming the initial sway area for both groups was $45 cm^2$, and a sway area below $25 cm^2$ is clinically considered to indicate a significantly reduced fall risk, calculate the number of patients in each group who achieved this threshold, given that there were 30 patients in each group and assuming a normal distribution. Justify your answer biologically, explaining how aquatic exercises might result in a greater sway area reduction in a larger number of patients.</question>

<question>A rehabilitation center is evaluating the cost-effectiveness of Bad Ragaz Ring Method (BRRM) aquatic therapy versus traditional land-based physiotherapy for improving gait speed in stroke patients. BRRM costs \$80 per session, while land-based physiotherapy costs \$65 per session. If a patient requires 10 sessions of BRRM to achieve a gait speed improvement of $0.4 m/s$, and 14 sessions of land-based physiotherapy to achieve the same improvement, calculate the difference in cost-effectiveness (cost per $m/s$ improvement) between BRRM and land-based physiotherapy. Based on your calculation, which method offers a better economic value for achieving the same physiological outcome, and what might be a biological reason, such as reduced joint impact or neural plasticity enhancement, that BRRM might still be preferred even if it has a higher cost per session?</question>

<question>An experiment is conducted to assess the impact of different aquatic therapy modalities on muscle strength in geriatric patients. A group undergoing Water-Specific Therapy (WST) shows an average increase of 18% in quadriceps muscle strength, while a control group shows no significant change. If the initial quadriceps strength of the WST group was 75 N, calculate the final average quadriceps strength (in N) of the WST group after the intervention. If a patient requires 95 N of quadriceps strength to stand independently from a chair, how much additional strength (in N) would be needed for the WST group, after intervention, to achieve this functional goal on average? Furthermore, given the average age of the patients is 78, and sarcopenia typically limits muscle strength gains to a maximum of 30% for this age group over a 6-month period, what percentage of the maximum possible gain did the WST group achieve?</question>

<question>During a study comparing aquatic therapy interventions, a researcher observes that patients undergoing Clinical Ai Chi (CAC) experience a heart rate reduction from 88 bpm to 75 bpm during a 30-minute session. Assuming the stroke volume remained relatively constant at 70 mL/beat, calculate the percentage reduction in cardiac output observed during the session. If the patient's estimated maximum heart rate is 165 bpm, what is the percentage decrease in their relative exercise intensity (as a percentage of max HR) during the session?  Explain how hydrostatic pressure and the relaxation induced by CAC might contribute to the observed changes in heart rate and cardiac output.</question>
=== Turn 1: Critic feedback ===
Here's a critique of each question against your guidelines, followed by actionable feedback:

**General Strengths:**
*   **Guideline 1 (Model a biology Scenario):** All questions excel here, providing rich, relevant biological scenarios.
*   **Guideline 3 (Force Multi-Step Reasoning):** Most calculations involve multiple steps, which is good.
*   **Guideline 5 (Be Unique):** The scenarios are novel and not standard textbook problems.
*   **Guideline 7 (Rigorous, concise phrasing):** The language is generally professional and appropriate.
*   **Guideline 9 (Units consistent/SI units):** Units are mostly consistent and specified.

---

**Question 1 Critique:**

*   **Violations:**
    *   **Guideline 2 & 10 (Expect single word/numerical answer & Not multipart):** Asks for a calculation AND a discussion, making it multipart and not yielding a single numerical/word answer.
    *   **Guideline 4 (Avoid How based questions):** The "discuss how this torque would change..." part is a "how" question.
    *   **Guideline 6 (Single Solution):** The calculation itself is problematic due to inconsistent information. The distance between COB and COG is stated as "8 cm superior" *and* "body length (approximated as the distance between COB and COG) is 1.7 m." These are contradictory. Furthermore, for torque, you need a moment arm (perpendicular distance), which is not directly provided by a vertical separation of COB/COG unless an angle of displacement is given. Without an angle or horizontal offset, the torque calculation is undefined.

*   **Actionable Feedback:**
    1.  **Remove discussion:** Eliminate "and discuss how this torque would change...".
    2.  **Clarify moment arm/angle:** Provide a clear angular displacement from vertical (e.g., "if the patient rotates 5 degrees from vertical") to allow for a calculable moment arm, or directly provide the horizontal distance between the lines of action of COB and COG.
    3.  **Resolve inconsistency:** Use *only* one value for the distance between COB and COG, and ensure it's suitable for the torque calculation (i.e., the vertical separation, from which a moment arm can be derived if an angle is given). The 1.7m body length is likely irrelevant for the 8cm COB-COG separation.

---

**Question 2 Critique:**

*   **Violations:**
    *   **Guideline 2 & 10 (Expect single word/numerical answer & Not multipart):** Asks for the "number of patients in each group" (two numbers) AND a biological justification/explanation, making it multipart.
    *   **Guideline 3 & 6 (Force Multi-Step Reasoning & Single Solution):** The "assuming a normal distribution" clause makes the calculation impossible without standard deviations for the sway area changes or initial values. Without this, the question is unsolvable in a statistically meaningful way or requires an unjustified assumption (e.g., all patients achieved exactly the average reduction).
    *   **Guideline 4 (Avoid How based questions):** The "Justify your answer biologically, explaining how..." part is a "how" question.

*   **Actionable Feedback:**
    1.  **Remove discussion:** Eliminate "Justify your answer biologically, explaining how...".
    2.  **Simplify calculation:** Remove the "assuming a normal distribution" clause. Rephrase to ask for the *average* final sway area, or perhaps "if *all* patients achieved the average reduction, how many would fall below the threshold?" This removes the need for complex statistics.
    3.  **Focus on one target:** Ask for only *one* numerical outcome (e.g., "calculate the final average sway area for the CAC group," or "calculate the difference in average final sway area between the groups").

---

**Question 3 Critique:**

*   **Violations:**
    *   **Guideline 2 & 10 (Expect single word/numerical answer & Not multipart):** Asks to "calculate the difference in cost-effectiveness" AND "which method offers a better economic value" AND "what might be a biological reason," making it multipart and including non-numerical/discussion parts.
    *   **Guideline 4 (Avoid How based questions):** The "which method offers a better economic value" and "what might be a biological reason..." parts are "how" questions or require justification beyond a single numerical answer.

*   **Actionable Feedback:**
    1.  **Remove discussion/comparison:** Focus *only* on the calculation. Rephrase to "calculate the difference in cost-effectiveness (cost per $m/s$ improvement) between BRRM and land-based physiotherapy." This will yield a single numerical answer in $/ (m/s)$.

---

**Question 4 Critique:**

*   **Violations:**
    *   **Guideline 2 & 10 (Expect single word/numerical answer & Not multipart):** Asks for three distinct numerical calculations (final strength, additional strength needed, percentage of maximum gain).

*   **Actionable Feedback:**
    1.  **Focus on one target:** Choose *only one* of the three calculations to ask for. For example, "calculate the final average quadriceps strength (in N) of the WST group after the intervention." or "calculate what percentage of the maximum possible gain did the WST group achieve?"

---

**Question 5 Critique:**

*   **Violations:**
    *   **Guideline 2 & 10 (Expect single word/numerical answer & Not multipart):** Asks for two distinct numerical calculations (percentage reduction in cardiac output, percentage decrease in relative exercise intensity) AND an explanation.
    *   **Guideline 4 (Avoid How based questions):** The "Explain how hydrostatic pressure and the relaxation induced by CAC might contribute..." part is a "how" question.

*   **Actionable Feedback:**
    1.  **Remove explanation:** Eliminate the "Explain how..." part.
    2.  **Focus on one target:** Choose *only one* of the two numerical calculations to ask for. For example, "calculate the percentage reduction in cardiac output observed during the session."
=== Turn 2: Author refines questions ===
Okay, here are the refined questions, based on your feedback. Each question now focuses on a single numerical calculation, avoids "how" questions, and ensures that only consistent information is used:

<question>A physical therapist is designing an aquatic exercise program for elderly patients to improve balance. During an initial assessment using Water-Specific Therapy (WST), a patient's center of buoyancy (COB) is measured to be 8 cm superior to their center of gravity (COG) when fully submerged. The patient has a body mass of 70 kg. When attempting to maintain an upright posture, the patient experiences a rotational displacement of 5 degrees from vertical. Assuming the buoyant force acts directly upwards through the COB and the gravitational force acts directly downwards through the COG, and that $g = 9.81 m/s^2$, calculate the net torque (in Nm) acting on the patient.</question>

<question>Researchers are comparing the long-term effectiveness of Clinical Ai Chi (CAC) and land-based Tai Chi for balance maintenance in older adults. After 6 months, the group receiving CAC showed a 22% reduction in sway area during a balance test, while the land-based Tai Chi group showed a 14% reduction. Assuming the initial sway area for both groups was $45 cm^2$, and that *all* patients achieved the average sway area reduction, calculate the difference in average final sway area (in $cm^2$) between the two groups.</question>

<question>A rehabilitation center is evaluating the cost-effectiveness of Bad Ragaz Ring Method (BRRM) aquatic therapy versus traditional land-based physiotherapy for improving gait speed in stroke patients. BRRM costs \$80 per session, while land-based physiotherapy costs \$65 per session. If a patient requires 10 sessions of BRRM to achieve a gait speed improvement of $0.4 m/s$, and 14 sessions of land-based physiotherapy to achieve the same improvement, calculate the difference in cost-effectiveness (cost per $m/s$ improvement) between BRRM and land-based physiotherapy (in $/ (m/s)$).</question>

<question>An experiment is conducted to assess the impact of different aquatic therapy modalities on muscle strength in geriatric patients. A group undergoing Water-Specific Therapy (WST) shows an average increase of 18% in quadriceps muscle strength. If the initial quadriceps strength of the WST group was 75 N, calculate the final average quadriceps strength (in N) of the WST group after the intervention.</question>

<question>During a study comparing aquatic therapy interventions, a researcher observes that patients undergoing Clinical Ai Chi (CAC) experience a heart rate reduction from 88 bpm to 75 bpm during a 30-minute session. Assuming the stroke volume remained relatively constant at 70 mL/beat, calculate the percentage reduction in cardiac output observed during the session.</question>
=== Final questions generated ===
