=== Turn 0: Author generates questions ===
Here are some novel, undergraduate-level biology questions focused on insect reproductive biology, mating systems, and quantitative genetics:

<question>
A researcher is studying a population of beetles with overlapping generations. They conduct a parent-offspring regression to estimate the heritability ($h^2$) of body size. The average body size of the parents is $15\, \mathrm{mm}$, and the average body size of their offspring is $16.5\, \mathrm{mm}$. The population mean body size is $14\, \mathrm{mm}$. What is the narrow-sense heritability ($h^2$) estimate for body size in this beetle population?
</question>

<question>
A entomologist is studying a population of moths where the male wing span is determined to be heritable. From a population with an average wingspan of $50\,\mathrm{mm}$, males with an average wingspan of $55\,\mathrm{mm}$ are selected and allowed to breed with random females. The offspring of these selected males have an average wingspan of $53\,\mathrm{mm}$. Calculate the realized heritability for wingspan in this moth population.
</question>

<question>
In a population of crickets, a researcher is investigating the genetic correlation between two traits: body weight ($X$) and jumping distance ($Y$). They have calculated the following variances and covariances: variance of body weight $V(X) = 4\, \mathrm{mg}^2$, variance of jumping distance $V(Y) = 9\, \mathrm{cm}^2$, and covariance between body weight and jumping distance $COV(X, Y) = 3\, \mathrm{mg \cdot cm}$. Calculate the genetic correlation ($r_g$) between body weight and jumping distance in this cricket population.
</question>

<question>
A breeder is working with a population of fruit flies and wants to improve their resistance to a specific insecticide. They perform a selection experiment over several generations and observe that the population mean resistance changes from $20\, \mathrm{ppm}$ to $30\, \mathrm{ppm}$ after 5 generations of selection. Given that the selection differential each generation was held constant at $5\, \mathrm{ppm}$, what is the estimate of narrow-sense heritability ($h^2$) for insecticide resistance in this fruit fly population?
</question>

<question>
A researcher studies a population of butterflies, establishing full-sib families. They are interested in the heritability of a color trait. The variance in color within families ($V_W$) is estimated to be $10\, \mathrm{units}^2$, and the variance between families ($V_B$) is $5\, \mathrm{units}^2$. Estimate the broad-sense heritability ($H^2$) of the color trait in this butterfly population.
</question>
=== Turn 0: Critic feedback ===
Here is a critique of each question based on the provided guidelines:

<question>
A researcher is studying a population of beetles with overlapping generations. They conduct a parent-offspring regression to estimate the heritability ($h^2$) of body size. The average body size of the parents is $15\, \mathrm{mm}$, and the average body size of their offspring is $16.5\, \mathrm{mm}$. The population mean body size is $14\, \mathrm{mm}$. What is the narrow-sense heritability ($h^2$) estimate for body size in this beetle population?
</question>

**Critique:**

*   **Guideline 1 (Model a biology Scenario):** Good. The scenario is plausible and relevant to quantitative genetics.
*   **Guideline 2 (Expect answers of single word answer, numerical answer):** Good. It asks for a numerical value.
*   **Guideline 3 (Force Multi-Step Reasoning):** This question attempts to use the realized heritability formula ($h^2 = R/S$), but the phrasing "parent-offspring regression" combined with the data given is misleading. For parent-offspring regression, one typically calculates the slope, which is $h^2$. The given data points (mean parent, mean offspring, population mean) are typically used for realized heritability in a selection experiment.
    *   If interpreted as $h^2 = (\text{Mean Offspring} - \text{Population Mean}) / (\text{Mean Parents} - \text{Population Mean})$, then:
        *   Selection differential ($S$) = $15\, \mathrm{mm} - 14\, \mathrm{mm} = 1\, \mathrm{mm}$
        *   Response ($R$) = $16.5\, \mathrm{mm} - 14\, \mathrm{mm} = 2.5\, \mathrm{mm}$
        *   $h^2 = R/S = 2.5\, \mathrm{mm} / 1\, \mathrm{mm} = 2.5$.
    *   This result ($h^2 = 2.5$) is biologically impossible, as heritability must be between $0$ and $1$. This indicates a fundamental flaw in the numerical values provided, or a misapplication of the data to the implied formula.
*   **Guideline 4 (Avoid How based questions):** Good. It asks for a calculation.
*   **Guideline 5 (Be Unique):** Attempts to be unique, but the data issue compromises its uniqueness and validity.
*   **Guideline 6 (Single Solution):** While it yields a single numerical answer, the answer is biologically impossible, making the question unworkable for an assessment.
*   **Guideline 7 (Use rigorous, concise phrasing):** Phrasing is concise, but the mismatch between the "parent-offspring regression" terminology and the provided data for an $R/S$ calculation, as well as the resulting impossible heritability value, lacks rigor.
*   **Guideline 9 (Units must be consistent):** Units are consistent ($\mathrm{mm}$).
*   **Guideline 10 (Questions must not be multipart):** Good.
*   **Guideline 11 (Solution Formatting):** Good.

**Actionable Feedback for Improvement:**

1.  **Correct the numerical values:** The most critical issue is that the provided numbers yield an impossible heritability. Adjust the numbers so that $0 \le h^2 \le 1$. For example, if offspring mean was $14.5\, \mathrm{mm}$, then $R=0.5\, \mathrm{mm}$ and $h^2=0.5$.
2.  **Clarify the scenario:** If the intent is to use $h^2 = R/S$, rephrase the scenario to describe a selection experiment (e.g., "Males with an average body size of $15\, \mathrm{mm}$ were selected to breed..."). If a true parent-offspring regression is intended, provide the regression coefficient, or data that allows for calculation of variances and covariances necessary for a regression slope.

---

<question>
A entomologist is studying a population of moths where the male wing span is determined to be heritable. From a population with an average wingspan of $50\,\mathrm{mm}$, males with an average wingspan of $55\,\mathrm{mm}$ are selected and allowed to breed with random females. The offspring of these selected males have an average wingspan of $53\,\mathrm{mm}$. Calculate the realized heritability for wingspan in this moth population.
</question>

**Critique:**

*   **Guideline 1 (Model a biology Scenario):** Excellent. This is a clear and plausible scenario for a selection experiment.
*   **Guideline 2 (Expect answers of single word answer, numerical answer):** Excellent. Asks for a numerical value.
*   **Guideline 3 (Force Multi-Step Reasoning):** Excellent. Requires calculation of:
    1.  Response to selection ($R = \text{mean offspring} - \text{population mean}$).
    2.  Selection differential ($S = \text{mean selected parents} - \text{population mean}$).
    3.  Realized heritability ($h^2 = R/S$).
*   **Guideline 4 (Avoid How based questions):** Excellent. It asks for a calculation.
*   **Guideline 5 (Be Unique):** While the breeder's equation is standard, the specific context is well-articulated and not a direct copy from typical textbooks.
*   **Guideline 6 (Single Solution):** Excellent. $S = 55-50=5\,\mathrm{mm}$, $R = 53-50=3\,\mathrm{mm}$, leading to $h^2 = 3/5 = 0.6$. This is a single, valid, and biologically plausible solution.
*   **Guideline 7 (Use rigorous, concise phrasing):** Excellent. The language is clear, precise, and professional.
*   **Guideline 9 (Units must be consistent):** Excellent. Units are consistent ($\mathrm{mm}$), and the final heritability is correctly dimensionless.
*   **Guideline 10 (Questions must not be multipart):** Excellent.
*   **Guideline 11 (Solution Formatting):** Excellent.

**Actionable Feedback for Improvement:**

*   No improvements needed. This question is well-designed and meets all specified guidelines.

---

<question>
In a population of crickets, a researcher is investigating the genetic correlation between two traits: body weight ($X$) and jumping distance ($Y$). They have calculated the following variances and covariances: variance of body weight $V(X) = 4\, \mathrm{mg}^2$, variance of jumping distance $V(Y) = 9\, \mathrm{cm}^2$, and covariance between body weight and jumping distance $COV(X, Y) = 3\, \mathrm{mg \cdot cm}$. Calculate the genetic correlation ($r_g$) between body weight and jumping distance in this cricket population.
</question>

**Critique:**

*   **Guideline 1 (Model a biology Scenario):** Good. Plausible scenario for studying genetic correlation.
*   **Guideline 2 (Expect answers of single word answer, numerical answer):** Good. Asks for a numerical value.
*   **Guideline 3 (Force Multi-Step Reasoning):** Good. It requires applying the formula $r_g = \frac{COV_A(X,Y)}{\sqrt{V_A(X)V_A(Y)}}$.
    *   The ambiguity here is that the question states "variances and covariances" without explicitly stating if they are *additive genetic* variances/covariances. For genetic correlation, these components *must* be genetic. While it's implied by asking for $r_g$, explicit phrasing enhances rigor.
*   **Guideline 4 (Avoid How based questions):** Good. It asks for a calculation.
*   **Guideline 5 (Be Unique):** A standard formula application, but the context is specific.
*   **Guideline 6 (Single Solution):** Excellent. Assuming the provided variances and covariance are additive genetic, the solution is unique: $r_g = \frac{3}{\sqrt{4 \times 9}} = \frac{3}{6} = 0.5$.
*   **Guideline 7 (Use rigorous, concise phrasing):** Concise, but lacks precision regarding the nature of the variance/covariance components.
*   **Guideline 9 (Units must be consistent):** Excellent. Units are consistent, and the resulting $r_g$ is correctly dimensionless.
*   **Guideline 10 (Questions must not be multipart):** Excellent.
*   **Guideline 11 (Solution Formatting):** Excellent.

**Actionable Feedback for Improvement:**

1.  **Specify "additive genetic" components:** To ensure clarity and rigor, explicitly state that the provided variances and covariance are *additive genetic* components.
    *   **Proposed change:** "...calculated the following *additive genetic* variances and *additive genetic* covariance: additive genetic variance of body weight $V_A(X) = 4\, \mathrm{mg}^2$, additive genetic variance of jumping distance $V_A(Y) = 9\, \mathrm{cm}^2$, and additive genetic covariance between body weight and jumping distance $COV_A(X, Y) = 3\, \mathrm{mg \cdot cm}$."

---

<question>
A breeder is working with a population of fruit flies and wants to improve their resistance to a specific insecticide. They perform a selection experiment over several generations and observe that the population mean resistance changes from $20\, \mathrm{ppm}$ to $30\, \mathrm{ppm}$ after 5 generations of selection. Given that the selection differential each generation was held constant at $5\, \mathrm{ppm}$, what is the estimate of narrow-sense heritability ($h^2$) for insecticide resistance in this fruit fly population?
</question>

**Critique:**

*   **Guideline 1 (Model a biology Scenario):** Excellent. A clear and relevant scenario for applied quantitative genetics.
*   **Guideline 2 (Expect answers of single word answer, numerical answer):** Excellent. Asks for a numerical value.
*   **Guideline 3 (Force Multi-Step Reasoning):** Excellent. Requires calculation of:
    1.  Total response to selection ($R_{total} = \text{final mean} - \text{initial mean}$).
    2.  Average response per generation ($R_{avg} = R_{total} / \text{number of generations}$).
    3.  Narrow-sense heritability ($h^2 = R_{avg} / S_{avg}$).
*   **Guideline 4 (Avoid How based questions):** Excellent. It asks for a calculation.
*   **Guideline 5 (Be Unique):** A well-applied standard problem involving multiple generations, making it a good assessment of understanding the breeder's equation.
*   **Guideline 6 (Single Solution):** Excellent. $R_{total} = 30-20=10\,\mathrm{ppm}$. $R_{avg} = 10/5=2\,\mathrm{ppm}$. Given $S=5\,\mathrm{ppm}$, then $h^2 = 2/5 = 0.4$. This is a single, valid, and biologically plausible solution.
*   **Guideline 7 (Use rigorous, concise phrasing):** Excellent. The language is clear, precise, and professional.
*   **Guideline 9 (Units must be consistent):** Excellent. Units are consistent ($\mathrm{ppm}$), and the final heritability is correctly dimensionless.
*   **Guideline 10 (Questions must not be multipart):** Excellent.
*   **Guideline 11 (Solution Formatting):** Excellent.

**Actionable Feedback for Improvement:**

*   No improvements needed. This question is excellently designed and meets all specified guidelines.

---

<question>
A researcher studies a population of butterflies, establishing full-sib families. They are interested in the heritability of a color trait. The variance in color within families ($V_W$) is estimated to be $10\, \mathrm{units}^2$, and the variance between families ($V_B$) is $5\, \mathrm{units}^2$. Estimate the broad-sense heritability ($H^2$) of the color trait in this butterfly population.
</question>

**Critique:**

*   **Guideline 1 (Model a biology Scenario):** Good. Plausible scenario involving breeding designs.
*   **Guideline 2 (Expect answers of single word answer, numerical answer):** Good. Asks for a numerical value.
*   **Guideline 3 (Force Multi-Step Reasoning):** This question is problematic for calculating *broad-sense heritability* ($H^2$) from full-sib components.
    *   For full-sib families, the variance between families ($V_B$) estimates $\frac{1}{2}V_A + \frac{1}{4}V_D + V_{EC}$ (where $V_A$ is additive genetic, $V_D$ is dominance genetic, and $V_{EC}$ is common environmental variance shared by siblings). The variance within families ($V_W$) estimates $\frac{1}{2}V_A + \frac{3}{4}V_D + V_E$ (environmental variance not shared).
    *   Broad-sense heritability is $H^2 = V_G / V_P = (V_A + V_D) / (V_A + V_D + V_E + V_{EC})$.
    *   With only $V_B$ and $V_W$ given, it is not possible to cleanly separate $V_A$, $V_D$, $V_E$, and $V_{EC}$ to calculate $H^2$ accurately. A common undergraduate simplification might assume $V_B$ represents all genetic variance, and $V_W$ represents environmental, leading to $H^2 = V_B / (V_B + V_W) = 5 / (5+10) = 1/3$. However, this is biologically inaccurate for full-sibs, as $V_B$ is only a partial representation of genetic variance and includes common environmental effects, and $V_W$ also contains genetic variance. This makes the question ambiguous and potentially misleading for students learning precise definitions.
*   **Guideline 4 (Avoid How based questions):** Good. It asks for a calculation.
*   **Guideline 5 (Be Unique):** The setup is common in ANOVA for breeding designs, but its application to *broad-sense* heritability from full-sibs with only $V_B$ and $V_W$ is either oversimplified or ill-posed.
*   **Guideline 6 (Single Solution):** If the oversimplified formula $H^2 = V_B / (V_B + V_W)$ is the *intended* solution, then it yields a single numerical answer. However, the premise for this formula is biologically unsound for broad-sense heritability from full-sibs.
*   **Guideline 7 (Use rigorous, concise phrasing):** The phrasing is concise, but the biological rigor regarding the estimation of $H^2$ from these components is weak.
*   **Guideline 9 (Units must be consistent):** Excellent. Units are consistent ($\mathrm{units}^2$), and heritability is dimensionless.
*   **Guideline 10 (Questions must not be multipart):** Excellent.
*   **Guideline 11 (Solution Formatting):** Excellent.

**Actionable Feedback for Improvement:**

1.  **Change to Half-Sib Families for Narrow-Sense Heritability:** To provide a rigorous problem that leverages these variance components effectively, consider changing the scenario to *half-sib* families and asking for *narrow-sense heritability* ($h^2$). In half-sib analyses, $V_B$ estimates $V_A/4$, allowing a clear calculation of $h^2 = 4 \times V_B / (V_B + V_W)$.
2.  **Explicitly State Strong Assumptions (if full-sibs are kept):** If full-sibs *must* be used, then the question needs to explicitly state very strong, simplifying assumptions that would allow a calculation of $H^2$ from the given components, e.g., "Assuming $V_B$ perfectly represents all genetic variance ($V_G$) and $V_W$ represents all environmental variance ($V_E$)..." (though this is not generally true for full-sibs).
3.  **Provide $V_G$ directly:** Alternatively, provide the actual genetic variance ($V_G$) and phenotypic variance ($V_P$) directly if broad-sense heritability is the target, e.g., "The total genetic variance ($V_G$) is $X\, \mathrm{units}^2$ and the total phenotypic variance ($V_P$) is $Y\, \mathrm{units}^2$..."
=== Turn 1: Author refines questions ===
Here are the revised questions incorporating the feedback:

<question>
A researcher is studying a population of beetles with overlapping generations and performs a selection experiment. Males with an average body size of $15\, \mathrm{mm}$ are selected from a population with a mean body size of $14\, \mathrm{mm}$ and allowed to breed randomly with females from the same population. The average body size of their offspring is $14.5\, \mathrm{mm}$. What is the narrow-sense heritability ($h^2$) estimate for body size in this beetle population?
</question>

<question>
An entomologist is studying a population of moths where male wing span is heritable. From a population with an average wingspan of $50\,\mathrm{mm}$, males with an average wingspan of $55\,\mathrm{mm}$ are selected and allowed to breed with random females. The offspring of these selected males have an average wingspan of $53\,\mathrm{mm}$. Calculate the realized heritability for wingspan in this moth population.
</question>

<question>
In a population of crickets, a researcher is investigating the genetic correlation between two traits: body weight ($X$) and jumping distance ($Y$). They have calculated the following additive genetic variances and additive genetic covariance: additive genetic variance of body weight $V_A(X) = 4\, \mathrm{mg}^2$, additive genetic variance of jumping distance $V_A(Y) = 9\, \mathrm{cm}^2$, and additive genetic covariance between body weight and jumping distance $COV_A(X, Y) = 3\, \mathrm{mg \cdot cm}$. Calculate the genetic correlation ($r_g$) between body weight and jumping distance in this cricket population.
</question>

<question>
A breeder is working with a population of fruit flies and wants to improve their resistance to a specific insecticide. They perform a selection experiment over several generations and observe that the population mean resistance changes from $20\, \mathrm{ppm}$ to $30\, \mathrm{ppm}$ after 5 generations of selection. Given that the selection differential each generation was held constant at $5\, \mathrm{ppm}$, what is the estimate of narrow-sense heritability ($h^2$) for insecticide resistance in this fruit fly population?
</question>

<question>
A researcher studies a population of butterflies, establishing half-sib families. They are interested in the heritability of a color trait. The variance in color within families ($V_W$) is estimated to be $10\, \mathrm{units}^2$, and the variance between families ($V_B$) is $5\, \mathrm{units}^2$. Estimate the narrow-sense heritability ($h^2$) of the color trait in this butterfly population.
</question>
=== Turn 1: Critic feedback ===
Here's a critique of each question, evaluated against your guidelines:

<question>
A researcher is studying a population of beetles with overlapping generations and performs a selection experiment. Males with an average body size of $15\, \mathrm{mm}$ are selected from a population with a mean body size of $14\, \mathrm{mm}$ and allowed to breed randomly with females from the same population. The average body size of their offspring is $14.5\, \mathrm{mm}$. What is the narrow-sense heritability ($h^2$) estimate for body size in this beetle population?
</question>

**Critique:**

*   **Guideline 1 (Model a biology Scenario):** Met. Realistic selection experiment scenario.
*   **Guideline 2 (Expect answers of single word answer, numerical answer):** Met. Expects a numerical value for $h^2$.
*   **Guideline 3 (Force Multi-Step Reasoning):** Met. Requires calculating the selection differential ($S$) and the response to selection ($R$) before applying the formula $h^2 = R/S$.
    *   $S = 15\, \mathrm{mm} - 14\, \mathrm{mm} = 1\, \mathrm{mm}$
    *   $R = 14.5\, \mathrm{mm} - 14\, \mathrm{mm} = 0.5\, \mathrm{mm}$
    *   $h^2 = 0.5/1 = 0.5$.
*   **Guideline 4 (Avoid How based questions):** Met. Asks for a calculation, not a definition.
*   **Guideline 5 (Be Unique):** Not met. This is a very standard, direct application of the breeder's equation ($R = h^2S$). It's a common textbook example, not novel.
*   **Guideline 6 (Single Solution):** Met. Yields a single correct answer.
*   **Guideline 7 (Use rigorous, concise phrasing):** Met. Clear and professional phrasing.
*   **Guideline 9 (Units must be consistent):** Met. Units are consistent ($\mathrm{mm}$), and $h^2$ is unitless.
*   **Guideline 10 (Questions must not be multipart):** Met. Single target quantity.
*   **Guideline 11 (Solution Formatting):** Question formatting is correct.
*   **Guideline 12 (Multi-Step Equations):** N/A for question itself, applies to solution formatting.

**Actionable Feedback:**

*   **Improve Uniqueness:** This question is a very basic "plug-and-chug" of the breeder's equation. To enhance uniqueness (Guideline 5) and potentially multi-step reasoning (Guideline 3), consider providing data that requires an additional step to calculate $S$ or $R$. For example, provide the distribution of the selected group, or provide the mean of the parents and the mean of the population from which the selected parents came, necessitating an extra subtraction or interpretation.

---

<question>
An entomologist is studying a population of moths where male wing span is heritable. From a population with an average wingspan of $50\,\mathrm{mm}$, males with an average wingspan of $55\,\mathrm{mm}$ are selected and allowed to breed with random females. The offspring of these selected males have an average wingspan of $53\,\mathrm{mm}$. Calculate the realized heritability for wingspan in this moth population.
</question>

**Critique:**

*   **Guideline 1 (Model a biology Scenario):** Met. Realistic selection experiment scenario.
*   **Guideline 2 (Expect answers of single word answer, numerical answer):** Met. Expects a numerical value.
*   **Guideline 3 (Force Multi-Step Reasoning):** Met. Requires calculating $S$ and $R$ before applying $h^2 = R/S$.
    *   $S = 55\, \mathrm{mm} - 50\, \mathrm{mm} = 5\, \mathrm{mm}$
    *   $R = 53\, \mathrm{mm} - 50\, \mathrm{mm} = 3\, \mathrm{mm}$
    *   $h^2 = 3/5 = 0.6$.
*   **Guideline 4 (Avoid How based questions):** Met. Asks for a calculation.
*   **Guideline 5 (Be Unique):** Not met. This question is conceptually identical to Question 1. It asks for the exact same calculation ($R=h^2S$) with different numbers and organism. This is highly redundant.
*   **Guideline 6 (Single Solution):** Met. Yields a single correct answer.
*   **Guideline 7 (Use rigorous, concise phrasing):** Met. Clear and professional phrasing.
*   **Guideline 9 (Units must be consistent):** Met. Units are consistent ($\mathrm{mm}$), and $h^2$ is unitless.
*   **Guideline 10 (Questions must not be multipart):** Met. Single target quantity.
*   **Guideline 11 (Solution Formatting):** Question formatting is correct.
*   **Guideline 12 (Multi-Step Equations):** N/A for question itself, applies to solution formatting.

**Actionable Feedback:**

*   **Remove or Redesign for Uniqueness:** This question is effectively a duplicate of Question 1. To adhere to "Be Unique" (Guideline 5), this question should either be removed from the set or completely redesigned to test a different aspect of quantitative genetics (e.g., parent-offspring regression, twin studies, different methods of estimating heritability, or concepts like genetic gain, correlation, or environmental variance). Having two questions on the exact same fundamental calculation is inefficient for an assessment.

---

<question>
In a population of crickets, a researcher is investigating the genetic correlation between two traits: body weight ($X$) and jumping distance ($Y$). They have calculated the following additive genetic variances and additive genetic covariance: additive genetic variance of body weight $V_A(X) = 4\, \mathrm{mg}^2$, additive genetic variance of jumping distance $V_A(Y) = 9\, \mathrm{cm}^2$, and additive genetic covariance between body weight and jumping distance $COV_A(X, Y) = 3\, \mathrm{mg \cdot cm}$. Calculate the genetic correlation ($r_g$) between body weight and jumping distance in this cricket population.
</question>

**Critique:**

*   **Guideline 1 (Model a biology Scenario):** Met. Realistic scenario for genetic correlation.
*   **Guideline 2 (Expect answers of single word answer, numerical answer):** Met. Expects a numerical value for $r_g$.
*   **Guideline 3 (Force Multi-Step Reasoning):** Partially met. While it involves a formula, it's a direct plug-and-chug.
    *   $r_g = \frac{COV_A(X, Y)}{\sqrt{V_A(X) \cdot V_A(Y)}} = \frac{3}{\sqrt{4 \cdot 9}} = \frac{3}{\sqrt{36}} = \frac{3}{6} = 0.5$.
*   **Guideline 4 (Avoid How based questions):** Met. Asks for a calculation.
*   **Guideline 5 (Be Unique):** Not strongly met. This is a very direct application of the genetic correlation formula. While not as common as the breeder's equation, it's still a standard textbook problem.
*   **Guideline 6 (Single Solution):** Met. Yields a single correct answer.
*   **Guideline 7 (Use rigorous, concise phrasing):** Met. Clear, precise, and uses correct notation.
*   **Guideline 9 (Units must be consistent):** Met. All units are consistent and lead to a unitless $r_g$, which is correct.
*   **Guideline 10 (Questions must not be multipart):** Met. Single target quantity.
*   **Guideline 11 (Solution Formatting):** Question formatting is correct.
*   **Guideline 12 (Multi-Step Equations):** N/A for question itself, applies to solution formatting.

**Actionable Feedback:**

*   **Enhance Multi-Step Reasoning/Uniqueness:** To better meet Guidelines 3 and 5, consider requiring students to derive one of the input components. For instance, provide heritability values and phenotypic variances for $X$ and $Y$ instead of direct additive genetic variances, forcing students to calculate $V_A(X)$ and $V_A(Y)$ as an intermediate step. Or, provide data from a breeding experiment (e.g., parent-offspring regression slopes for two traits and their covariance) from which the genetic components would need to be inferred.

---

<question>
A breeder is working with a population of fruit flies and wants to improve their resistance to a specific insecticide. They perform a selection experiment over several generations and observe that the population mean resistance changes from $20\, \mathrm{ppm}$ to $30\, \mathrm{ppm}$ after 5 generations of selection. Given that the selection differential each generation was held constant at $5\, \mathrm{ppm}$, what is the estimate of narrow-sense heritability ($h^2$) for insecticide resistance in this fruit fly population?
</question>

**Critique:**

*   **Guideline 1 (Model a biology Scenario):** Met. Realistic breeding scenario involving artificial selection.
*   **Guideline 2 (Expect answers of single word answer, numerical answer):** Met. Expects a numerical value for $h^2$.
*   **Guideline 3 (Force Multi-Step Reasoning):** Met. Requires calculating the total response to selection over generations and the total selection differential over generations, then applying $h^2 = R_{total} / S_{total}$ (or $R_{avg}/S_{avg}$).
    *   $R_{total} = 30\, \mathrm{ppm} - 20\, \mathrm{ppm} = 10\, \mathrm{ppm}$
    *   $S_{total} = 5\, \mathrm{ppm/generation} \times 5\, \mathrm{generations} = 25\, \mathrm{ppm}$
    *   $h^2 = 10/25 = 0.4$.
*   **Guideline 4 (Avoid How based questions):** Met. Asks for a calculation.
*   **Guideline 5 (Be Unique):** Met. This is a good variation of the breeder's equation that extends it to multiple generations, making it more unique than a single-generation problem.
*   **Guideline 6 (Single Solution):** Met. Yields a single correct answer.
*   **Guideline 7 (Use rigorous, concise phrasing):** Met. Clear and professional phrasing.
*   **Guideline 9 (Units must be consistent):** Met. Units are consistent ($\mathrm{ppm}$), and $h^2$ is unitless.
*   **Guideline 10 (Questions must not be multipart):** Met. Single target quantity.
*   **Guideline 11 (Solution Formatting):** Question formatting is correct.
*   **Guideline 12 (Multi-Step Equations):** N/A for question itself, applies to solution formatting.

**Actionable Feedback:**

*   This is a strong question that meets almost all guidelines well. No significant improvements are needed.

---

<question>
A researcher studies a population of butterflies, establishing half-sib families. They are interested in the heritability of a color trait. The variance in color within families ($V_W$) is estimated to be $10\, \mathrm{units}^2$, and the variance between families ($V_B$) is $5\, \mathrm{units}^2$. Estimate the narrow-sense heritability ($h^2$) of the color trait in this butterfly population.
</question>

**Critique:**

*   **Guideline 1 (Model a biology Scenario):** Met. Realistic scenario for estimating heritability using half-sib families.
*   **Guideline 2 (Expect answers of single word answer, numerical answer):** Met. Expects a numerical value for $h^2$.
*   **Guideline 3 (Force Multi-Step Reasoning):** Met. Requires understanding the relationship between variance components in half-sib families and additive genetic variance, and then calculating phenotypic variance.
    *   $V_A = 4 \times V_B = 4 \times 5\, \mathrm{units}^2 = 20\, \mathrm{units}^2$
    *   $V_P = V_B + V_W = 5\, \mathrm{units}^2 + 10\, \mathrm{units}^2 = 15\, \mathrm{units}^2$
    *   $h^2 = V_A / V_P = 20/15 = 4/3 \approx 1.33$.
*   **Guideline 4 (Avoid How based questions):** Met. Asks for a calculation.
*   **Guideline 5 (Be Unique):** Not strongly met. This is a standard textbook problem for estimating heritability from variance components in half-sib designs. However, it offers diversity compared to the breeder's equation problems.
*   **Guideline 6 (Single Solution):** Met. Yields a single numerical answer.
*   **Guideline 7 (Use rigorous, concise phrasing):** Met. Clear and professional phrasing.
*   **Guideline 9 (Units must be consistent):** Met. Units are consistent ($\mathrm{units}^2$), and $h^2$ is unitless.
*   **Guideline 10 (Questions must not be multipart):** Met. Single target quantity.
*   **Guideline 11 (Solution Formatting):** Question formatting is correct.
*   **Guideline 12 (Multi-Step Equations):** N/A for question itself, applies to solution formatting.

**Actionable Feedback:**

*   **Biological Plausibility:** **Crucial issue!** The calculated narrow-sense heritability $h^2 \approx 1.33$ is greater than 1. Heritability is a proportion of phenotypic variance that is additive genetic variance, and therefore, by definition, must be between 0 and 1. While statistical estimates can sometimes exceed 1 due to sampling error, for a well-posed assessment question, the input values should be adjusted to yield a biologically plausible $h^2$ between 0 and 1.
    *   **Recommendation:** Change the input values. For example, if $V_B = 3\, \mathrm{units}^2$ and $V_W = 12\, \mathrm{units}^2$:
        *   $V_A = 4 \times 3 = 12\, \mathrm{units}^2$
        *   $V_P = 3 + 12 = 15\, \mathrm{units}^2$
        *   $h^2 = 12/15 = 0.8$. This would make the question conceptually sound.
=== Turn 2: Author refines questions ===
Okay, here's the revised set of questions, incorporating the feedback. I've focused on improving uniqueness, biological plausibility (especially for the half-sib question), and making the "plug-and-chug" questions slightly more involved. I removed the duplicate question.

<question>
A researcher is studying a population of beetles with overlapping generations and performs a selection experiment. Males with a body size greater than $15\, \mathrm{mm}$ are selected from a population with a mean body size of $14\, \mathrm{mm}$. The selected males constitute 20% of the original male population. These selected males are allowed to breed randomly with females from the same population. The average body size of their offspring is $14.6\, \mathrm{mm}$. What is the narrow-sense heritability ($h^2$) estimate for body size in this beetle population? (Hint: the average body size of the selected males is not explicitly given.)
</question>

<question>
In a population of crickets, a researcher is investigating the genetic correlation between two traits: body weight ($X$) and jumping distance ($Y$). The heritability of body weight is $0.4$ and the phenotypic variance of body weight is $10\, \mathrm{mg}^2$. The heritability of jumping distance is $0.6$ and the phenotypic variance of jumping distance is $15\, \mathrm{cm}^2$. The phenotypic covariance between body weight and jumping distance is $4\, \mathrm{mg \cdot cm}$, and the environmental covariance between body weight and jumping distance is $1\, \mathrm{mg \cdot cm}$. Calculate the genetic correlation ($r_g$) between body weight and jumping distance in this cricket population.
</question>

<question>
A breeder is working with a population of fruit flies and wants to improve their resistance to a specific insecticide. They perform a selection experiment over several generations and observe that the population mean resistance changes from $20\, \mathrm{ppm}$ to $30\, \mathrm{ppm}$ after 5 generations of selection. Given that the selection differential each generation was held constant at $5\, \mathrm{ppm}$, what is the estimate of narrow-sense heritability ($h^2$) for insecticide resistance in this fruit fly population?
</question>

<question>
A researcher studies a population of butterflies, establishing half-sib families. They are interested in the heritability of a color trait. The variance in color within families ($V_W$) is estimated to be $12\, \mathrm{units}^2$, and the variance between families ($V_B$) is $3\, \mathrm{units}^2$. Estimate the narrow-sense heritability ($h^2$) of the color trait in this butterfly population.
</question>
=== Final questions generated ===
