=== Turn 0: Author generates questions ===
Here are some novel undergraduate-level biology questions based on the provided topics, key concepts, and guidelines:

<question>
A geriatric rehabilitation center is assessing the long-term effectiveness of aquatic therapy on balance maintenance. Participants were initially treated with a structured Water-Specific Therapy (WST) protocol. At the start of the study, participants exhibited an average sway index of $8.5\,\mathrm{cm}$ during a single-leg stance test. After the WST intervention, the sway index improved to $5.2\,\mathrm{cm}$. Assuming that the sway index regresses linearly back towards the initial value at a rate of 15% per month after the intervention ceases, what is the predicted sway index ($\mathrm{cm}$) 6 months post-intervention, rounded to two decimal places?
</question>

<question>
A study compares the effectiveness of Clinical Ai Chi (CAC) and Bad Ragaz Ring Method (BRRM) in improving gait speed in elderly patients. Group A received CAC and Group B received BRRM. Initially, both groups had an average gait speed of $0.6\,\mathrm{m/s}$. After 8 weeks, Group A’s gait speed increased by 25%, while Group B’s gait speed increased by 35%. If both groups experience a decline in gait speed at a rate of 5% per month after the intervention ends, what is the difference in gait speed ($\mathrm{m/s}$) between the two groups 3 months post-intervention, rounded to three decimal places?
</question>

<question>
An aquatic therapy trial is evaluating the impact of combining aquatic exercises with land-based exercises on muscle strength in older adults. The aquatic group showed an average increase in quadriceps strength of $18\,\mathrm{N}$ after 12 weeks. The land-based group showed an average increase of $14\,\mathrm{N}$ after the same period. If a combined aquatic and land-based group demonstrates an additive effect, but attrition leads to a loss of 10% of the strength gain over the 12 week period, what is the net average increase in quadriceps strength ($\mathrm{N}$) in the combined group after 12 weeks, rounded to one decimal place?
</question>

<question>
A research team is assessing the maintenance of balance improvements after a BRRM intervention. Initially, participants could stand on one leg for an average of 10 seconds. Following the intervention, this increased to 18 seconds. If balance deteriorates at a rate proportional to the difference between their current balance time and their initial balance time, with a proportionality constant $k = 0.08\,\mathrm{month^{-1}}$, how long (in seconds) can participants stand on one leg 4 months after the intervention, rounded to the nearest whole number?
</question>

<question>
A study on geriatric rehabilitation employs aquatic therapy. Participants initially have a walking speed of $0.7 \, \mathrm{m/s}$. After an aquatic therapy intervention, their walking speed increases to $1.1 \, \mathrm{m/s}$. A follow-up shows a linear decrease in the walking speed gain, regressing back towards the original speed at a rate of $0.02 \, \mathrm{m/s}$ per month. After how many months will the participant's walking speed be $1 \, \mathrm{m/s}$?
</question>
=== Turn 0: Critic feedback ===
As a biology assessment expert, I've evaluated your novel undergraduate-level biology questions against the provided guidelines. Overall, these questions demonstrate a strong foundation, presenting relevant biological scenarios that require quantitative reasoning. The focus on rehabilitation and physiological parameters is commendable.

Here's a detailed critique for each question, including concise, actionable feedback for improvement:

---

<question>
A geriatric rehabilitation center is assessing the long-term effectiveness of aquatic therapy on balance maintenance. Participants were initially treated with a structured Water-Specific Therapy (WST) protocol. At the start of the study, participants exhibited an average sway index of $8.5\,\mathrm{cm}$ during a single-leg stance test. After the WST intervention, the sway index improved to $5.2\,\mathrm{cm}$. Assuming that the sway index regresses linearly back towards the initial value at a rate of 15% per month after the intervention ceases, what is the predicted sway index ($\mathrm{cm}$) 6 months post-intervention, rounded to two decimal places?
</question>

**Critique:**

*   **Guideline 1 (Model a biology Scenario):** Pass. The scenario is realistic and biologically relevant to geriatric rehabilitation.
*   **Guideline 2 (Expect numerical answer):** Pass. Expects a numerical value for sway index.
*   **Guideline 3 (Force Multi-Step Reasoning):** Pass. Requires calculating the initial improvement and then applying a decay model over time.
*   **Guideline 4 (Avoid How based questions):** Pass. It's a problem-solving question.
*   **Guideline 5 (Be Unique):** Pass. The specific scenario and parameters are novel.
*   **Guideline 6 (Single Solution):** Partial Pass. The phrasing "regresses linearly back towards the initial value at a rate of 15% per month" introduces slight ambiguity. While common interpretation leads to a linear decay of the *gain*, it could theoretically be misconstrued as a linear change *of the current value* by 15% of *something*, or even an exponential model if "regresses" is strongly associated with typical exponential decay. For clarity, the type of decay and the baseline for the percentage rate should be explicit.
*   **Guideline 7 (Rigorous, concise phrasing):** Partial Pass. The ambiguity in the decay model phrasing (as noted above) could be improved.
*   **Guideline 9 (Units consistent):** Pass. Units are consistent ($\mathrm{cm}$, percent per month).
*   **Guideline 10 (Not multipart):** Pass. Asks for a single target quantity.

**Actionable Feedback:**

Clarify the nature of the "linear regression" or "rate of 15% per month". To ensure a single, unambiguous interpretation (assuming linear decay of the *improvement*), rephrase the decay model description.

**Suggested Improvement:**
"Assuming that the *improvement in sway index* (the reduction from initial to post-intervention values) decreases linearly at a rate of 15% *of this initial improvement* per month after the intervention ceases..." or "Assuming the sway index increases linearly back towards the initial value at a rate of $0.15 \times (\text{initial sway index} - \text{post-intervention sway index})$ per month..."

---

<question>
A study compares the effectiveness of Clinical Ai Chi (CAC) and Bad Ragaz Ring Method (BRRM) in improving gait speed in elderly patients. Group A received CAC and Group B received BRRM. Initially, both groups had an average gait speed of $0.6\,\mathrm{m/s}$. After 8 weeks, Group A’s gait speed increased by 25%, while Group B’s gait speed increased by 35%. If both groups experience a decline in gait speed at a rate of 5% per month after the intervention ends, what is the difference in gait speed ($\mathrm{m/s}$) between the two groups 3 months post-intervention, rounded to three decimal places?
</question>

**Critique:**

*   **Guideline 1 (Model a biology Scenario):** Pass. Compares two therapy methods and their effect on gait speed, a relevant biological scenario.
*   **Guideline 2 (Expect numerical answer):** Pass. Expects a numerical difference in gait speed.
*   **Guideline 3 (Force Multi-Step Reasoning):** Pass. Requires calculating post-intervention speeds for both groups, then applying a decay model for each, and finally finding the difference.
*   **Guideline 4 (Avoid How based questions):** Pass. It's a problem-solving question.
*   **Guideline 5 (Be Unique):** Pass. The comparative aspect and specific therapies make it unique.
*   **Guideline 6 (Single Solution):** Partial Pass. Similar to Question 1, "a decline in gait speed at a rate of 5% per month" is ambiguous. It could mean 5% of the *post-intervention speed* (linear decline) or 5% of the *current speed* (exponential decay). Most biological decay is exponential, so if linear is intended, it should be specified.
*   **Guideline 7 (Rigorous, concise phrasing):** Partial Pass. The ambiguity in the decay model phrasing needs improvement.
*   **Guideline 9 (Units consistent):** Pass. Units are consistent ($\mathrm{m/s}$, percent per month).
*   **Guideline 10 (Not multipart):** Pass. Asks for a single target quantity.

**Actionable Feedback:**

Clarify the nature of the decline. If a linear decay based on the post-intervention value is intended, state it explicitly to avoid misinterpretation as an exponential decay.

**Suggested Improvement:**
"If both groups experience a *linear* decline in gait speed at a rate of 5% *of their respective post-intervention gait speed* per month after the intervention ends..." or "If both groups experience a decline in gait speed at a rate of $0.05 \times (\text{post-intervention gait speed})$ per month after the intervention ends..."

---

<question>
An aquatic therapy trial is evaluating the impact of combining aquatic exercises with land-based exercises on muscle strength in older adults. The aquatic group showed an average increase in quadriceps strength of $18\,\mathrm{N}$ after 12 weeks. The land-based group showed an average increase of $14\,\mathrm{N}$ after the same period. If a combined aquatic and land-based group demonstrates an additive effect, but attrition leads to a loss of 10% of the strength gain over the 12 week period, what is the net average increase in quadriceps strength ($\mathrm{N}$) in the combined group after 12 weeks, rounded to one decimal place?
</question>

**Critique:**

*   **Guideline 1 (Model a biology Scenario):** Pass. Realistic scenario involving combined therapies and muscle strength.
*   **Guideline 2 (Expect numerical answer):** Pass. Expects a numerical value for strength increase.
*   **Guideline 3 (Force Multi-Step Reasoning):** Pass. Requires summing gains and then applying a percentage reduction due to attrition.
*   **Guideline 4 (Avoid How based questions):** Pass. It's a problem-solving question.
*   **Guideline 5 (Be Unique):** Pass. Combines concepts of additive effects and attrition in a single problem.
*   **Guideline 6 (Single Solution):** Pass. The interpretation of "additive effect" as simple summation is standard unless otherwise specified. "Loss of 10% of the strength gain" is straightforward.
*   **Guideline 7 (Rigorous, concise phrasing):** Partial Pass. The phrase "attrition leads to a loss of 10% of the strength gain over the 12 week period" could be slightly clearer about whether this loss is deducted *from* the total gain to arrive at the *net* gain *at* 12 weeks. The word "net" implies this, but being explicit would remove any doubt.
*   **Guideline 9 (Units consistent):** Pass. Units are consistent ($\mathrm{N}$).
*   **Guideline 10 (Not multipart):** Pass. Asks for a single target quantity.

**Actionable Feedback:**

Slightly rephrase the attrition clause to clearly indicate that the 10% loss is accounted for within the 12-week period to determine the final *net* gain.

**Suggested Improvement:**
"If a combined aquatic and land-based group demonstrates an additive effect, what is the net average increase in quadriceps strength ($\mathrm{N}$) in the combined group after 12 weeks, *accounting for a 10% loss of the combined strength gain due to attrition during this period*?"

---

<question>
A research team is assessing the maintenance of balance improvements after a BRRM intervention. Initially, participants could stand on one leg for an average of 10 seconds. Following the intervention, this increased to 18 seconds. If balance deteriorates at a rate proportional to the difference between their current balance time and their initial balance time, with a proportionality constant $k = 0.08\,\mathrm{month^{-1}}$, how long (in seconds) can participants stand on one leg 4 months after the intervention, rounded to the nearest whole number?
</question>

**Critique:**

*   **Guideline 1 (Model a biology Scenario):** Pass. Relates to balance improvement and deterioration, a clear biological scenario.
*   **Guideline 2 (Expect numerical answer):** Pass. Expects a numerical value for balance time.
*   **Guideline 3 (Force Multi-Step Reasoning):** Excellent Pass. This question requires setting up and solving a first-order differential equation (or recognizing its solution form for exponential decay/recovery towards a baseline), which is a significant conceptual and mathematical step. This is a strong example of multi-step reasoning.
*   **Guideline 4 (Avoid How based questions):** Pass. It's a problem-solving question.
*   **Guideline 5 (Be Unique):** Pass. Applies a sophisticated mathematical model to a specific biological context.
*   **Guideline 6 (Single Solution):** Pass. The model is clearly defined, leading to one unique solution.
*   **Guideline 7 (Rigorous, concise phrasing):** Excellent Pass. The phrasing precisely describes the differential equation model, including the proportionality constant and its units.
*   **Guideline 9 (Units consistent):** Pass. Units are consistent ($\mathrm{s}$, $\mathrm{month^{-1}}$).
*   **Guideline 10 (Not multipart):** Pass. Asks for a single target quantity.

**Actionable Feedback:**

This question is very well-formulated and requires strong analytical skills. No significant improvements are needed.

---

<question>
A study on geriatric rehabilitation employs aquatic therapy. Participants initially have a walking speed of $0.7 \, \mathrm{m/s}$. After an aquatic therapy intervention, their walking speed increases to $1.1 \, \mathrm{m/s}$. A follow-up shows a linear decrease in the walking speed gain, regressing back towards the original speed at a rate of $0.02 \, \mathrm{m/s}$ per month. After how many months will the participant's walking speed be $1 \, \mathrm{m/s}$?
</question>

**Critique:**

*   **Guideline 1 (Model a biology Scenario):** Pass. Focuses on walking speed improvement and decline in rehabilitation.
*   **Guideline 2 (Expect numerical answer):** Pass. Expects a numerical value for time.
*   **Guideline 3 (Force Multi-Step Reasoning):** Pass. Requires calculating the initial gain, establishing a linear decay equation for the speed, and then solving for time.
*   **Guideline 4 (Avoid How based questions):** Pass. It's a problem-solving question.
*   **Guideline 5 (Be Unique):** Pass. Unique scenario, solving for time instead of a final value.
*   **Guideline 6 (Single Solution):** Excellent Pass. The decay model is explicitly defined as "linear decrease in the walking speed gain" with an absolute rate ($\mathrm{m/s}$ per month), leaving no ambiguity.
*   **Guideline 7 (Rigorous, concise phrasing):** Excellent Pass. The phrasing of the decay model is exceptionally clear and unambiguous, addressing the issues noted in Questions 1 and 2.
*   **Guideline 9 (Units consistent):** Pass. Units are consistent ($\mathrm{m/s}$, $\mathrm{m/s}$ per month).
*   **Guideline 10 (Not multipart):** Pass. Asks for a single target quantity.

**Actionable Feedback:**

This question is extremely well-structured and clearly articulated, especially regarding the decay model. No significant improvements are needed.

---

**Overall Summary:**

Your questions are strong in their adherence to most guidelines, particularly in modeling realistic biological scenarios, demanding numerical answers, fostering multi-step reasoning, and avoiding "how-based" questions. Questions 4 and 5 stand out for their exceptional clarity in defining the mathematical models for physiological change, especially Question 4's application of a differential equation.

The primary area for improvement lies in consistently articulating the precise nature of "rates of change" or "declines" in physiological parameters. Specifically, for Questions 1 and 2, making it explicitly clear whether a percentage rate applies to the *initial gain*, the *current value*, or if the change is a fixed *absolute* value per unit of time (as perfectly done in Question 5) would eliminate potential ambiguity and ensure a single, intended solution path.

By applying the suggested refinements, these questions will be even stronger assessments for undergraduate-level biology students.
=== Turn 1: Author refines questions ===
```xml
<question>
A geriatric rehabilitation center is assessing the long-term effectiveness of aquatic therapy on balance maintenance. Participants were initially treated with a structured Water-Specific Therapy (WST) protocol. At the start of the study, participants exhibited an average sway index of $8.5\,\mathrm{cm}$ during a single-leg stance test. After the WST intervention, the sway index improved to $5.2\,\mathrm{cm}$. Assuming that the *improvement in sway index* (the reduction from initial to post-intervention values) decreases linearly at a rate of 15% *of this initial improvement* per month after the intervention ceases, what is the predicted sway index ($\mathrm{cm}$) 6 months post-intervention, rounded to two decimal places?
</question>

<question>
A study compares the effectiveness of Clinical Ai Chi (CAC) and Bad Ragaz Ring Method (BRRM) in improving gait speed in elderly patients. Group A received CAC and Group B received BRRM. Initially, both groups had an average gait speed of $0.6\,\mathrm{m/s}$. After 8 weeks, Group A’s gait speed increased by 25%, while Group B’s gait speed increased by 35%. If both groups experience a *linear* decline in gait speed at a rate of 5% *of their respective post-intervention gait speed* per month after the intervention ends, what is the difference in gait speed ($\mathrm{m/s}$) between the two groups 3 months post-intervention, rounded to three decimal places?
</question>

<question>
An aquatic therapy trial is evaluating the impact of combining aquatic exercises with land-based exercises on muscle strength in older adults. The aquatic group showed an average increase in quadriceps strength of $18\,\mathrm{N}$ after 12 weeks. The land-based group showed an average increase of $14\,\mathrm{N}$ after the same period. If a combined aquatic and land-based group demonstrates an additive effect, what is the net average increase in quadriceps strength ($\mathrm{N}$) in the combined group after 12 weeks, *accounting for a 10% loss of the combined strength gain due to attrition during this period*? Round your answer to one decimal place.
</question>

<question>
A research team is assessing the maintenance of balance improvements after a BRRM intervention. Initially, participants could stand on one leg for an average of 10 seconds. Following the intervention, this increased to 18 seconds. If balance deteriorates at a rate proportional to the difference between their current balance time and their initial balance time, with a proportionality constant $k = 0.08\,\mathrm{month^{-1}}$, how long (in seconds) can participants stand on one leg 4 months after the intervention, rounded to the nearest whole number?
</question>

<question>
A study on geriatric rehabilitation employs aquatic therapy. Participants initially have a walking speed of $0.7 \, \mathrm{m/s}$. After an aquatic therapy intervention, their walking speed increases to $1.1 \, \mathrm{m/s}$. A follow-up shows a linear decrease in the walking speed gain, regressing back towards the original speed at a rate of $0.02 \, \mathrm{m/s}$ per month. After how many months will the participant's walking speed be $1 \, \mathrm{m/s}$?
</question>
```
=== Turn 1: Critic feedback ===
The provided questions are well-constructed, demonstrating a strong understanding of quantitative assessment in a biological/health science context. They consistently meet most of the specified guidelines.

Here's a breakdown of each question's evaluation with concise, actionable feedback:

***

### Question 1 Critique:

```xml
<question>
A geriatric rehabilitation center is assessing the long-term effectiveness of aquatic therapy on balance maintenance. Participants were initially treated with a structured Water-Specific Therapy (WST) protocol. At the start of the study, participants exhibited an average sway index of $8.5\,\mathrm{cm}$ during a single-leg stance test. After the WST intervention, the sway index improved to $5.2\,\mathrm{cm}$. Assuming that the *improvement in sway index* (the reduction from initial to post-intervention values) decreases linearly at a rate of 15% *of this initial improvement* per month after the intervention ceases, what is the predicted sway index ($\mathrm{cm}$) 6 months post-intervention, rounded to two decimal places?
</question>
```

**Evaluation:**
*   **1. Model a biology Scenario:** Excellent. Plausible and relevant scenario in rehabilitation.
*   **2. Expect numerical answer:** Yes.
*   **3. Force Multi-Step Reasoning:** Yes, requires calculating initial improvement, monthly decline, total decline, and then the final sway index.
*   **4. Avoid How based questions:** Yes, problem-solving.
*   **5. Be Unique:** Yes, novel numerical setup.
*   **6. Single Solution:** Yes.
*   **7. Use rigorous, concise phrasing:** Very clear and precise, especially regarding the definition of "improvement in sway index" and the nature of the linear decrease.
*   **8/9. Units/Symbols/LaTeX:** Consistent units and correct LaTeX.
*   **10. Questions must not be multipart:** Yes, single target quantity.

**Actionable Feedback:**
*   **Strength:** This is a strong question. It clearly defines the parameters and the type of decay, leading to a straightforward multi-step calculation. The application of quantitative reasoning to physiological data is excellent.
*   **No significant improvements needed for this question.**

***

### Question 2 Critique:

```xml
<question>
A study compares the effectiveness of Clinical Ai Chi (CAC) and Bad Ragaz Ring Method (BRRM) in improving gait speed in elderly patients. Group A received CAC and Group B received BRRM. Initially, both groups had an average gait speed of $0.6\,\mathrm{m/s}$. After 8 weeks, Group A’s gait speed increased by 25%, while Group B’s gait speed increased by 35%. If both groups experience a *linear* decline in gait speed at a rate of 5% *of their respective post-intervention gait speed* per month after the intervention ends, what is the difference in gait speed ($\mathrm{m/s}$) between the two groups 3 months post-intervention, rounded to three decimal places?
</question>
```

**Evaluation:**
*   **1. Model a biology Scenario:** Excellent. Realistic comparison of therapeutic interventions.
*   **2. Expect numerical answer:** Yes.
*   **3. Force Multi-Step Reasoning:** Yes, extensive calculations for two groups, including percentage increases, linear declines, and then finding the difference.
*   **4. Avoid How based questions:** Yes, problem-solving.
*   **5. Be Unique:** Yes, specific scenario and numerical setup.
*   **6. Single Solution:** Yes.
*   **7. Use rigorous, concise phrasing:** Very well-phrased, clearly specifying the basis for the percentage decline ("of their respective post-intervention gait speed").
*   **8/9. Units/Symbols/LaTeX:** Consistent units and correct LaTeX.
*   **10. Questions must not be multipart:** Yes, single target quantity.

**Actionable Feedback:**
*   **Strength:** This is another excellent question. It effectively combines multiple calculations and requires tracking values for two separate groups, then comparing them.
*   **No significant improvements needed for this question.**

***

### Question 3 Critique:

```xml
<question>
An aquatic therapy trial is evaluating the impact of combining aquatic exercises with land-based exercises on muscle strength in older adults. The aquatic group showed an average increase in quadriceps strength of $18\,\mathrm{N}$ after 12 weeks. The land-based group showed an average increase of $14\,\mathrm{N}$ after the same period. If a combined aquatic and land-based group demonstrates an additive effect, what is the net average increase in quadriceps strength ($\mathrm{N}$) in the combined group after 12 weeks, *accounting for a 10% loss of the combined strength gain due to attrition during this period*? Round your answer to one decimal place.
</question>
```

**Evaluation:**
*   **1. Model a biology Scenario:** Excellent. Relevant scenario testing combined effects and real-world complications like "attrition."
*   **2. Expect numerical answer:** Yes.
*   **3. Force Multi-Step Reasoning:** Yes, involves calculating combined gain, then a percentage loss, and finally the net gain.
*   **4. Avoid How based questions:** Yes, problem-solving.
*   **5. Be Unique:** Yes, the inclusion of "additive effect" and "attrition" in this context is unique.
*   **6. Single Solution:** Yes.
*   **7. Use rigorous, concise phrasing:** Mostly clear.
*   **8/9. Units/Symbols/LaTeX:** Consistent units and correct LaTeX.
*   **10. Questions must not be multipart:** Yes, single target quantity.

**Actionable Feedback:**
*   **Strength:** Strong question that introduces the concepts of "additive effect" and a practical "loss" factor.
*   **Minor Improvement:** While the question clearly defines what "10% loss due to attrition" means in this context (a reduction in strength gain), the term "attrition" usually refers to participant dropout. Consider rephrasing for precision, e.g., "accounting for a 10% reduction in the combined strength gain *due to participant non-compliance or other factors*." However, as stated, it's still interpretable.

***

### Question 4 Critique:

```xml
<question>
A research team is assessing the maintenance of balance improvements after a BRRM intervention. Initially, participants could stand on one leg for an average of 10 seconds. Following the intervention, this increased to 18 seconds. If balance deteriorates at a rate proportional to the difference between their current balance time and their initial balance time, with a proportionality constant $k = 0.08\,\mathrm{month^{-1}}$, how long (in seconds) can participants stand on one leg 4 months after the intervention, rounded to the nearest whole number?
</question>
```

**Evaluation:**
*   **1. Model a biology Scenario:** Excellent. Realistic scenario of physiological decline after an intervention.
*   **2. Expect numerical answer:** Yes.
*   **3. Force Multi-Step Reasoning:** Excellent. This question requires understanding and applying an exponential decay model (specifically, decay towards an asymptote, not zero), which is a more advanced and biologically realistic principle. This involves calculating the initial improvement, applying the decay formula, and adding back the baseline.
*   **4. Avoid How based questions:** Yes, problem-solving.
*   **5. Be Unique:** Outstanding. The model of decay towards an initial baseline rather than absolute decay is highly unique and conceptually rich.
*   **6. Single Solution:** Yes.
*   **7. Use rigorous, concise phrasing:** Exceptional. The phrasing precisely describes the mathematical model (differential equation implicitly).
*   **8/9. Units/Symbols/LaTeX:** Consistent units (especially `month^{-1}` for the rate constant) and correct LaTeX.
*   **10. Questions must not be multipart:** Yes, single target quantity.

**Actionable Feedback:**
*   **Strength:** This is the strongest question among the set. It tests a deeper quantitative understanding of biological processes that often follow exponential patterns.
*   **No improvements needed; this question is a model for others.**

***

### Question 5 Critique:

```xml
<question>
A study on geriatric rehabilitation employs aquatic therapy. Participants initially have a walking speed of $0.7 \, \mathrm{m/s}$. After an aquatic therapy intervention, their walking speed increases to $1.1 \, \mathrm{m/s}$. A follow-up shows a linear decrease in the walking speed gain, regressing back towards the original speed at a rate of $0.02 \, \mathrm{m/s}$ per month. After how many months will the participant's walking speed be $1 \, \mathrm{m/s}$?
</question>
```

**Evaluation:**
*   **1. Model a biology Scenario:** Excellent. Plausible rehabilitation scenario.
*   **2. Expect numerical answer:** Yes.
*   **3. Force Multi-Step Reasoning:** Yes, requires calculating initial gain, desired gain, amount to be lost, and then dividing by the rate to find time.
*   **4. Avoid How based questions:** Yes, problem-solving.
*   **5. Be Unique:** Yes, specific numerical setup and asks for time rather than a final value, which is a good variation.
*   **6. Single Solution:** Yes.
*   **7. Use rigorous, concise phrasing:** Clear and concise. "linear decrease in the walking speed gain, regressing back towards the original speed" is well-defined.
*   **8/9. Units/Symbols/LaTeX:** Consistent units and correct LaTeX.
*   **10. Questions must not be multipart:** Yes, single target quantity.

**Actionable Feedback:**
*   **Strength:** Strong question that effectively applies linear decay concepts and asks for time, which adds a slightly different calculation step.
*   **No significant improvements needed for this question.**

***

### Overall Summary:

The questions are uniformly excellent, demonstrating high quality in applying quantitative reasoning to realistic biological/clinical scenarios. They consistently adhere to the guidelines, particularly in forcing multi-step reasoning, clear phrasing, and correct use of units and LaTeX. Question 4 stands out for its incorporation of a more advanced exponential decay model, which adds significant conceptual depth.

These questions would be highly effective in assessing advanced learners' ability to interpret and mathematically model biological data from clinical interventions.
=== Turn 2: Author refines questions ===
```xml
<question>
A geriatric rehabilitation center is assessing the long-term effectiveness of aquatic therapy on balance maintenance. Participants were initially treated with a structured Water-Specific Therapy (WST) protocol. At the start of the study, participants exhibited an average sway index of $8.5\,\mathrm{cm}$ during a single-leg stance test. After the WST intervention, the sway index improved to $5.2\,\mathrm{cm}$. Assuming that the *improvement in sway index* (the reduction from initial to post-intervention values) decreases linearly at a rate of 15% *of this initial improvement* per month after the intervention ceases, what is the predicted sway index ($\mathrm{cm}$) 6 months post-intervention, rounded to two decimal places?
</question>

<question>
A study compares the effectiveness of Clinical Ai Chi (CAC) and Bad Ragaz Ring Method (BRRM) in improving gait speed in elderly patients. Group A received CAC and Group B received BRRM. Initially, both groups had an average gait speed of $0.6\,\mathrm{m/s}$. After 8 weeks, Group A’s gait speed increased by 25%, while Group B’s gait speed increased by 35%. If both groups experience a *linear* decline in gait speed at a rate of 5% *of their respective post-intervention gait speed* per month after the intervention ends, what is the difference in gait speed ($\mathrm{m/s}$) between the two groups 3 months post-intervention, rounded to three decimal places?
</question>

<question>
An aquatic therapy trial is evaluating the impact of combining aquatic exercises with land-based exercises on muscle strength in older adults. The aquatic group showed an average increase in quadriceps strength of $18\,\mathrm{N}$ after 12 weeks. The land-based group showed an average increase of $14\,\mathrm{N}$ after the same period. If a combined aquatic and land-based group demonstrates an additive effect, what is the net average increase in quadriceps strength ($\mathrm{N}$) in the combined group after 12 weeks, *accounting for a 10% reduction in the combined strength gain due to participant non-compliance or other factors*? Round your answer to one decimal place.
</question>

<question>
A research team is assessing the maintenance of balance improvements after a BRRM intervention. Initially, participants could stand on one leg for an average of 10 seconds. Following the intervention, this increased to 18 seconds. If balance deteriorates at a rate proportional to the difference between their current balance time and their initial balance time, with a proportionality constant $k = 0.08\,\mathrm{month^{-1}}$, how long (in seconds) can participants stand on one leg 4 months after the intervention, rounded to the nearest whole number?
</question>

<question>
A study on geriatric rehabilitation employs aquatic therapy. Participants initially have a walking speed of $0.7 \, \mathrm{m/s}$. After an aquatic therapy intervention, their walking speed increases to $1.1 \, \mathrm{m/s}$. A follow-up shows a linear decrease in the walking speed gain, regressing back towards the original speed at a rate of $0.02 \, \mathrm{m/s}$ per month. After how many months will the participant's walking speed be $1 \, \mathrm{m/s}$?
</question>
```
=== Final questions generated ===
