=== Turn 0: Author generates questions ===
Here are some undergraduate-level biology questions based on the provided topics, key concepts, and guidelines:

<question>
A clinical trial investigates the effectiveness of a new counseling strategy on medication adherence in chronic obstructive pulmonary disease (COPD) patients. Initially, 200 patients are enrolled, and their adherence is assessed using the Morisky Medication Adherence Scale (MMAS-8). The mean MMAS-8 score at baseline is 4.0. After six months of the new counseling strategy, the mean MMAS-8 score increases to 6.0. Simultaneously, a control group of 200 patients receives standard care, and their mean MMAS-8 score increases from 4.0 to 4.5. Assuming a linear relationship between MMAS-8 score and the percentage of prescribed medication taken, and that a perfect MMAS-8 score of 8 represents 100% adherence, calculate the percentage increase in medication adherence in the treatment group compared to the control group after six months. Assume baseline adherence corresponds linearly to baseline MMAS score.
</question>

<question>
Researchers are evaluating the impact of an educational intervention on asthma management in children. At the start of the study, the average peak expiratory flow (PEF) rate of children in the intervention group is $300\,\mathrm{L/min}$. After three months of the intervention, which includes tailored counseling and reinforcement techniques, their average PEF rate increases to $360\,\mathrm{L/min}$. In the control group, receiving standard asthma education, the average PEF rate increases from $300\,\mathrm{L/min}$ to $320\,\mathrm{L/min}$ over the same period. If the PEF rate is directly proportional to the forced expiratory volume in 1 second (FEV1), and FEV1 indicates lung function, what is the percentage increase in FEV1 specifically attributable to the educational intervention beyond the standard education provided to the control group?
</question>

<question>
A study assesses the impact of pharmacist-led counseling on adherence to inhaled corticosteroids among individuals with chronic asthma. Before the intervention, the average score on the Adherence Inventory (AI) was 6 (where lower scores indicate better adherence). Following a clinical pharmacological intervention and counseling sessions, the average AI score decreased to 3. Concurrently, the average daily dose of inhaled corticosteroids decreased by 200 $\mu$g. Assuming a direct linear correlation between AI score and daily inhaled corticosteroid usage and that a score of 0 on the AI corresponds to complete cessation of medication usage, calculate the change in daily inhaled corticosteroid usage attributable per one point improvement in AI score ($\mu$g/AI point).
</question>

<question>
Patients with chronic bronchitis were given both medication and counseling over a period of six months. Before the intervention, a group of 100 patients had an average Drug Adherence Index (DAI) score of 4. After the intervention, their average DAI score changed to 6. If the maximum possible DAI score is 10, and each point on the DAI corresponds linearly to a specific improvement in lung capacity (measured as Forced Vital Capacity or FVC), and if 1 point increase is correlated to FVC increasing by 0.2L, calculate the total improvement in FVC (in liters) across all 100 patients that is attributable to the intervention.
</question>

<question>
A research team is investigating the efficacy of a comprehensive educational program designed to improve medication adherence among patients with cystic fibrosis. Before the intervention, the patients exhibit a median MMAS-8 score of 3.0. Following a 12-month intervention period, the median MMAS-8 score increases to 7.0. If perfect adherence (MMAS-8 score of 8) results in a 50% reduction in pulmonary exacerbations, calculate the expected percentage reduction in pulmonary exacerbations for the patients in this study, assuming a linear relationship between MMAS-8 score and reduction in pulmonary exacerbations.
</question>
=== Turn 0: Critic feedback ===
Here's a critique of the provided biology questions, evaluated against your guidelines:

---

<question>
A clinical trial investigates the effectiveness of a new counseling strategy on medication adherence in chronic obstructive pulmonary disease (COPD) patients. Initially, 200 patients are enrolled, and their adherence is assessed using the Morisky Medication Adherence Scale (MMAS-8). The mean MMAS-8 score at baseline is 4.0. After six months of the new counseling strategy, the mean MMAS-8 score increases to 6.0. Simultaneously, a control group of 200 patients receives standard care, and their mean MMAS-8 score increases from 4.0 to 4.5. Assuming a linear relationship between MMAS-8 score and the percentage of prescribed medication taken, and that a perfect MMAS-8 score of 8 represents 100% adherence, calculate the percentage increase in medication adherence in the treatment group compared to the control group after six months. Assume baseline adherence corresponds linearly to baseline MMAS score.
</question>

**Critique:**

*   **Strengths:**
    *   **Guideline 1 (Model a biology Scenario):** Effectively models a real-world clinical trial scenario relevant to health outcomes.
    *   **Guideline 2 (Expect numerical answer):** Seeks a specific numerical percentage.
    *   **Guideline 5 (Be Unique):** Presents a novel problem scenario.
    *   **Guideline 9 (Not multipart):** Asks for a single target quantity.
    *   **Guideline 8 (Units consistent):** All information is consistent.
    *   **Guideline 10 (LaTeX Formatting):** Numerical values are correctly formatted.

*   **Weaknesses:**
    *   **Guideline 3 (Force Multi-Step Reasoning):** While it involves multiple calculation steps, the "biological principles" are limited to applying a given linear relationship and interpreting adherence scores. It's more of a quantitative reasoning problem than one requiring deep biological conceptual understanding.
    *   **Guideline 6 (Single Solution):** The primary weakness. The phrasing "calculate the percentage increase in medication adherence in the treatment group compared to the control group after six months" is ambiguous. It could be interpreted in at least two common ways:
        1.  (Net adherence improvement in treatment group / Adherence improvement in control group) * 100%
        2.  (Final adherence percentage in treatment group - Final adherence percentage in control group) / Final adherence percentage in control group * 100%
        This ambiguity means multiple numerical answers could be considered correct depending on the student's interpretation, violating the single solution rule.
    *   **Guideline 7 (Rigorous, concise phrasing):** The ambiguity in the target calculation makes the phrasing non-rigorous.

*   **Suggestions for Improvement:**
    *   **Clarify Ambiguity:** Explicitly define the comparison sought. For example, "calculate the percentage by which the *net increase in adherence* in the treatment group exceeds the *increase in adherence* observed in the control group" or "calculate the percentage by which the *final adherence level* of the treatment group surpasses that of the control group, assuming initial adherence levels were equal." This addresses Guideline 6 and 7.
    *   **Enhance Biological Depth (Optional):** While not a critical flaw for this type of problem, if stronger biological principles are desired, consider adding a layer that requires understanding underlying physiological impacts or drug mechanisms beyond just adherence scores.

---

<question>
Researchers are evaluating the impact of an educational intervention on asthma management in children. At the start of the study, the average peak expiratory flow (PEF) rate of children in the intervention group is $300\,\mathrm{L/min}$. After three months of the intervention, which includes tailored counseling and reinforcement techniques, their average PEF rate increases to $360\,\mathrm{L/min}$. In the control group, receiving standard asthma education, the average PEF rate increases from $300\,\mathrm{L/min}$ to $320\,\mathrm{L/min}$ over the same period. If the PEF rate is directly proportional to the forced expiratory volume in 1 second (FEV1), and FEV1 indicates lung function, what is the percentage increase in FEV1 specifically attributable to the educational intervention beyond the standard education provided to the control group?
</question>

**Critique:**

*   **Strengths:**
    *   **Guideline 1 (Model a biology Scenario):** Presents a clear and relevant biological scenario.
    *   **Guideline 2 (Expect numerical answer):** Asks for a specific numerical percentage.
    *   **Guideline 3 (Force Multi-Step Reasoning):** Requires calculating individual group changes, then a net change, and converting to a percentage relative to baseline. This demonstrates multi-step reasoning.
    *   **Guideline 5 (Be Unique):** Novel problem scenario.
    *   **Guideline 6 (Single Solution):** The phrasing "specifically attributable to the educational intervention beyond the standard education provided to the control group" points clearly to the net increase relative to the baseline value, leading to a single correct answer.
    *   **Guideline 8 (Units consistent):** Units are consistent and correct ($L/min$).
    *   **Guideline 9 (Not multipart):** Asks for a single target quantity.
    *   **Guideline 10 (LaTeX Formatting):** Units are correctly formatted with LaTeX.

*   **Weaknesses:**
    *   **Guideline 7 (Rigorous, concise phrasing):** While solvable, the phrasing "percentage increase in FEV1 specifically attributable to the educational intervention beyond the standard education provided to the control group" is a bit wordy. It accurately describes the calculation, but could potentially be streamlined for maximum conciseness.
    *   **Guideline 3 (Biological Principles):** Similar to Q1, the biological "principle" is primarily the given proportionality between PEF and FEV1. Deeper conceptual understanding of lung function beyond this proportionality is not directly tested.

*   **Suggestions for Improvement:**
    *   **Streamline Phrasing (Minor):** Consider slightly more concise phrasing while retaining clarity, e.g., "What is the *net percentage increase* in FEV1 attributable to the educational intervention, above the effect of standard education?" This is a minor suggestion, as the current phrasing is functional.

---

<question>
A study assesses the impact of pharmacist-led counseling on adherence to inhaled corticosteroids among individuals with chronic asthma. Before the intervention, the average score on the Adherence Inventory (AI) was 6 (where lower scores indicate better adherence). Following a clinical pharmacological intervention and counseling sessions, the average AI score decreased to 3. Concurrently, the average daily dose of inhaled corticosteroids decreased by 200 $\mu$g. Assuming a direct linear correlation between AI score and daily inhaled corticosteroid usage and that a score of 0 on the AI corresponds to complete cessation of medication usage, calculate the change in daily inhaled corticosteroid usage attributable per one point improvement in AI score ($\mu$g/AI point).
</question>

**Critique:**

*   **Strengths:**
    *   **Guideline 1 (Model a biology Scenario):** Models a relevant clinical scenario involving medication adherence.
    *   **Guideline 2 (Expect numerical answer):** Seeks a specific numerical answer with appropriate units.
    *   **Guideline 5 (Be Unique):** Presents a novel problem scenario.
    *   **Guideline 6 (Single Solution):** The problem is clearly defined and leads to one correct answer.
    *   **Guideline 7 (Rigorous, concise phrasing):** The phrasing is clear and direct.
    *   **Guideline 8 (Units consistent):** Units ($\mu$g/AI point) are correctly specified and consistent.
    *   **Guideline 9 (Not multipart):** Asks for a single target quantity.
    *   **Guideline 10 (LaTeX Formatting):** Units ($\mu$g) are correctly formatted with LaTeX.

*   **Weaknesses:**
    *   **Guideline 3 (Force Multi-Step Reasoning):** This is the weakest point. The question primarily requires a single division operation (200 $\mu$g / 3 AI points) after identifying the change in AI score. The additional information ("score of 0 on the AI corresponds to complete cessation") is extraneous to the calculation requested and does not add a step of reasoning or a biological principle application. It feels more like a data extraction and direct calculation problem rather than multi-step reasoning.

*   **Suggestions for Improvement:**
    *   **Enhance Multi-Step Reasoning:** Add another step that requires deeper inference or the application of an additional concept. For example, after calculating the $\mu$g/AI point, ask for a calculation related to the impact on a different physiological measure, or estimate a total change over a longer period based on a projected adherence improvement, requiring the integration of multiple values. For instance, "If the AI score continued to improve by an additional 2 points in the next 3 months, what would be the total reduction in daily inhaled corticosteroid usage from baseline?"

---

<question>
Patients with chronic bronchitis were given both medication and counseling over a period of six months. Before the intervention, a group of 100 patients had an average Drug Adherence Index (DAI) score of 4. After the intervention, their average DAI score changed to 6. If the maximum possible DAI score is 10, and each point on the DAI corresponds linearly to a specific improvement in lung capacity (measured as Forced Vital Capacity or FVC), and if 1 point increase is correlated to FVC increasing by 0.2L, calculate the total improvement in FVC (in liters) across all 100 patients that is attributable to the intervention.
</question>

**Critique:**

*   **Strengths:**
    *   **Guideline 1 (Model a biology Scenario):** Models a relevant clinical intervention scenario.
    *   **Guideline 2 (Expect numerical answer):** Seeks a specific numerical answer with units.
    *   **Guideline 3 (Force Multi-Step Reasoning):** Requires multiple steps: calculating individual patient improvement, scaling to the total patient group, and then converting the total adherence improvement into a total FVC improvement. This meets the multi-step requirement.
    *   **Guideline 5 (Be Unique):** Presents a novel problem scenario.
    *   **Guideline 6 (Single Solution):** The problem is clearly defined and leads to one correct answer.
    *   **Guideline 7 (Rigorous, concise phrasing):** The phrasing is clear and direct.
    *   **Guideline 8 (Units consistent):** Units (liters) are correctly specified and consistent.
    *   **Guideline 9 (Not multipart):** Asks for a single target quantity.
    *   **Guideline 10 (LaTeX Formatting):** Units (L) are correctly formatted with LaTeX.

*   **Weaknesses:**
    *   **Guideline 3 (Biological Principles):** Similar to previous questions, the "biological principle" is the given linear correlation between DAI and FVC. It tests quantitative application more than deep biological conceptual understanding of lung mechanics or disease progression. The information about the maximum DAI score (10) is also not directly used in the calculation, making it a minor distractor.

*   **Suggestions for Improvement:**
    *   **Integrate Biological Depth (Optional):** To enhance the "biological principles" aspect, one could ask a follow-up question (if multipart questions were allowed) or modify the current question to involve a conceptual understanding of FVC in relation to chronic bronchitis or lung disease severity rather than just a linear relationship. For instance, "If an FVC below X indicates severe impairment, how many patients moved out of the severely impaired category?" (though this would break Guideline 9).
    *   **Remove Distractor (Minor):** The "maximum possible DAI score is 10" is not used in the calculation and could be removed for conciseness, though it's harmless.

---

<question>
A research team is investigating the efficacy of a comprehensive educational program designed to improve medication adherence among patients with cystic fibrosis. Before the intervention, the patients exhibit a median MMAS-8 score of 3.0. Following a 12-month intervention period, the median MMAS-8 score increases to 7.0. If perfect adherence (MMAS-8 score of 8) results in a 50% reduction in pulmonary exacerbations, calculate the expected percentage reduction in pulmonary exacerbations for the patients in this study, assuming a linear relationship between MMAS-8 score and reduction in pulmonary exacerbations.
</question>

**Critique:**

*   **Strengths:**
    *   **Guideline 1 (Model a biology Scenario):** Models a relevant clinical scenario connecting adherence to a specific clinical outcome (pulmonary exacerbations in cystic fibrosis).
    *   **Guideline 2 (Expect numerical answer):** Seeks a specific numerical percentage.
    *   **Guideline 3 (Force Multi-Step Reasoning):** Requires calculating the observed adherence improvement, determining the rate of exacerbation reduction per MMAS-8 point, and then applying this rate to the observed improvement. This demonstrates multi-step reasoning.
    *   **Guideline 5 (Be Unique):** Presents a novel problem scenario.
    *   **Guideline 6 (Single Solution):** The problem is clearly defined and leads to one correct answer.
    *   **Guideline 7 (Rigorous, concise phrasing):** The phrasing is clear and direct.
    *   **Guideline 8 (Units consistent):** Percentage is the required unit.
    *   **Guideline 9 (Not multipart):** Asks for a single target quantity.
    *   **Guideline 10 (LaTeX Formatting):** Numerical values are correctly formatted.

*   **Weaknesses:**
    *   **Guideline 3 (Biological Principles):** As with most questions here, the "biological principle" is the given linear correlation between adherence score and outcome. It tests quantitative application of a given relationship rather than requiring the student to derive or apply complex biological principles about cystic fibrosis or pulmonary exacerbations. The use of "median" rather than "mean" for MMAS-8 scores is a minor stylistic choice; usually, mean is used when calculating changes for a group unless the distribution is highly skewed, but it does not affect the calculation here since only changes are considered.

*   **Suggestions for Improvement:**
    *   **Integrate Biological Depth (Optional):** Similar to other questions, if a deeper test of biological principles is desired, one could integrate a conceptual question about why improved adherence leads to reduced exacerbations in cystic fibrosis, or link the exacerbation reduction to specific physiological changes (though this might push it towards a "how" question or multipart).
    *   **Consistency (Minor):** While "median" is used appropriately if data is skewed, using "mean" would align with standard statistical reporting in clinical trials unless there's a specific reason to emphasize median. However, for the given problem, it doesn't impact the calculation.

---
=== Turn 1: Author refines questions ===
Okay, here's the improved set of biology questions, addressing the feedback and incorporating the suggested improvements:

```xml
<question>
A clinical trial investigates the effectiveness of a new counseling strategy on medication adherence in chronic obstructive pulmonary disease (COPD) patients. Initially, 200 patients are enrolled, and their adherence is assessed using the Morisky Medication Adherence Scale (MMAS-8). The mean MMAS-8 score at baseline is 4.0. After six months of the new counseling strategy, the mean MMAS-8 score increases to 6.0. Simultaneously, a control group of 200 patients receives standard care, and their mean MMAS-8 score increases from 4.0 to 4.5. Assuming a linear relationship between MMAS-8 score and the percentage of prescribed medication taken, and that a perfect MMAS-8 score of 8 represents 100% adherence, calculate the percentage by which the *net increase in adherence* in the treatment group exceeds the *increase in adherence* observed in the control group.
</question>

<question>
Researchers are evaluating the impact of an educational intervention on asthma management in children. At the start of the study, the average peak expiratory flow (PEF) rate of children in the intervention group is $300\,\mathrm{L/min}$. After three months of the intervention, which includes tailored counseling and reinforcement techniques, their average PEF rate increases to $360\,\mathrm{L/min}$. In the control group, receiving standard asthma education, the average PEF rate increases from $300\,\mathrm{L/min}$ to $320\,\mathrm{L/min}$ over the same period. If the PEF rate is directly proportional to the forced expiratory volume in 1 second (FEV1), and FEV1 indicates lung function, what is the *net percentage increase* in FEV1 attributable to the educational intervention, above the effect of standard education?
</question>

<question>
A study assesses the impact of pharmacist-led counseling on adherence to inhaled corticosteroids among individuals with chronic asthma. Before the intervention, the average score on the Adherence Inventory (AI) was 6 (where lower scores indicate better adherence). Following a clinical pharmacological intervention and counseling sessions, the average AI score decreased to 3. Concurrently, the average daily dose of inhaled corticosteroids decreased by 200 $\mu$g. Assuming a direct linear correlation between AI score and daily inhaled corticosteroid usage and that a score of 0 on the AI corresponds to complete cessation of medication usage, calculate the change in daily inhaled corticosteroid usage attributable per one point improvement in AI score ($\mu$g/AI point). If the AI score continued to improve by an additional 2 points in the next 3 months, what would be the total reduction in daily inhaled corticosteroid usage from baseline?
</question>

<question>
Patients with chronic bronchitis were given both medication and counseling over a period of six months. Before the intervention, a group of 100 patients had an average Drug Adherence Index (DAI) score of 4. After the intervention, their average DAI score changed to 6. Each point on the DAI corresponds linearly to a specific improvement in lung capacity (measured as Forced Vital Capacity or FVC), and if 1 point increase is correlated to FVC increasing by 0.2L, calculate the total improvement in FVC (in liters) across all 100 patients that is attributable to the intervention.
</question>

<question>
A research team is investigating the efficacy of a comprehensive educational program designed to improve medication adherence among patients with cystic fibrosis. Before the intervention, the patients exhibit a median MMAS-8 score of 3.0. Following a 12-month intervention period, the median MMAS-8 score increases to 7.0. If perfect adherence (MMAS-8 score of 8) results in a 50% reduction in pulmonary exacerbations, calculate the expected percentage reduction in pulmonary exacerbations for the patients in this study, assuming a linear relationship between MMAS-8 score and reduction in pulmonary exacerbations.
</question>
```
=== Turn 1: Critic feedback ===
Here's a critique of each question against your guidelines, followed by overall feedback.

**General Observations:**
The questions are generally well-structured, use clear language, and are formatted correctly with LaTeX where applicable. They model realistic biological scenarios and largely avoid "how"-based questions. However, the primary area for improvement across most questions is their biological depth and the extent to which they *force* multi-step biological reasoning rather than predominantly quantitative interpretation.

---

**Critique for Question 1:**

```xml
<question>
A clinical trial investigates the effectiveness of a new counseling strategy on medication adherence in chronic obstructive pulmonary disease (COPD) patients. Initially, 200 patients are enrolled, and their adherence is assessed using the Morisky Medication Adherence Scale (MMAS-8). The mean MMAS-8 score at baseline is 4.0. After six months of the new counseling strategy, the mean MMAS-8 score increases to 6.0. Simultaneously, a control group of 200 patients receives standard care, and their mean MMAS-8 score increases from 4.0 to 4.5. Assuming a linear relationship between MMAS-8 score and the percentage of prescribed medication taken, and that a perfect MMAS-8 score of 8 represents 100% adherence, calculate the percentage by which the *net increase in adherence* in the treatment group exceeds the *increase in adherence* observed in the control group.
</question>
```

*   **1. Model a biology Scenario:** **Strong.** Realistic clinical trial setup involving COPD, medication adherence, and a counseling intervention.
*   **2. Expect numerical answer:** **Strong.** Asks for a percentage.
*   **3. Force Multi-Step Reasoning:** **Moderate.** Requires several arithmetic steps (calculate percentage adherence from MMAS-8, calculate increases, calculate net increase, then perform a percentage comparison). The "biological principle" is limited to interpreting the MMAS-8 scale as a measure of adherence, which is explicitly given as a linear relationship. It's more of a quantitative interpretation problem.
*   **4. Avoid How based questions:** **Strong.** Asks for a calculation.
*   **5. Be Unique:** **Strong.** Appears novel.
*   **6. Single Solution:** **Weak.** The phrasing "percentage by which the *net increase in adherence* in the treatment group exceeds the *increase in adherence* observed in the control group" is ambiguous. "Net increase" typically refers to the intervention's effect *above and beyond* the control group's change (Treatment Change - Control Change). The question then asks for the percentage by which this *net effect* exceeds the *control group's change*. This can lead to multiple interpretations.
*   **7. Use rigorous, concise phrasing:** **Weak.** The ambiguity in the final sentence regarding "net increase" and its comparison target makes the phrasing less rigorous and concise.
*   **9. Units must be consistent:** **Strong.** Percentage is the appropriate unit.
*   **10. Questions must not be multipart:** **Strong.** Asks for a single value.
*   **11/12. LaTeX:** **N/A.** No complex equations within the question text.

**Concise, Actionable Feedback:**
1.  **Clarify Phrasing (Guideline 6, 7):** Reword the final calculation request to eliminate ambiguity. For example: "Calculate the percentage by which the *specific improvement in adherence attributable to the counseling strategy* (i.e., the difference between the treatment group's adherence gain and the control group's adherence gain) *exceeds* the adherence improvement observed in the control group." Or, if simpler, just "Calculate the net percentage increase in adherence due to the intervention, accounting for the change in the control group."
2.  **Enhance Biological Depth (Guideline 3):** To elevate beyond pure arithmetic, consider integrating a second biological principle. For instance, tie the adherence percentage to a pharmacokinetic parameter (e.g., "If 100% adherence ensures a minimum therapeutic concentration of drug X, what would be the expected change in a relevant biomarker concentration given the calculated adherence improvements?") or a physiological outcome not directly linear to MMAS-8 score.

---

**Critique for Question 2:**

```xml
<question>
Researchers are evaluating the impact of an educational intervention on asthma management in children. At the start of the study, the average peak expiratory flow (PEF) rate of children in the intervention group is $300\,\mathrm{L/min}$. After three months of the intervention, which includes tailored counseling and reinforcement techniques, their average PEF rate increases to $360\,\mathrm{L/min}$. In the control group, receiving standard asthma education, the average PEF rate increases from $300\,\mathrm{L/min}$ to $320\,\mathrm{L/min}$ over the same period. If the PEF rate is directly proportional to the forced expiratory volume in 1 second (FEV1), and FEV1 indicates lung function, what is the *net percentage increase* in FEV1 attributable to the educational intervention, above the effect of standard education?
</question>
```

*   **1. Model a biology Scenario:** **Strong.** Realistic scenario involving asthma management and lung function measurements.
*   **2. Expect numerical answer:** **Strong.** Asks for a percentage.
*   **3. Force Multi-Step Reasoning:** **Moderate.** Requires calculating percentage changes and then a net difference. The proportionality between PEF and FEV1 simplifies the calculation to percentage changes. Similar to Q1, the "biological principle" is given (proportionality, FEV1 indicates lung function), so the reasoning is primarily quantitative interpretation.
*   **4. Avoid How based questions:** **Strong.** Asks for a calculation.
*   **5. Be Unique:** **Strong.** Appears novel.
*   **6. Single Solution:** **Strong.** The definition of "net percentage increase... above the effect of standard education" is clear (Intervention % increase - Control % increase).
*   **7. Use rigorous, concise phrasing:** **Strong.** Clear and precise.
*   **9. Units must be consistent:** **Strong.** $L/min$ is used correctly, and the final answer is a percentage.
*   **10. Questions must not be multipart:** **Strong.** Asks for a single value.
*   **11/12. LaTeX:** **Strong.** Correct use of LaTeX for units.

**Concise, Actionable Feedback:**
1.  **Enhance Biological Depth (Guideline 3):** To go beyond a direct proportionality calculation, consider adding a step that requires deeper biological insight. For example, relate FEV1 improvement to an expected reduction in asthma exacerbations due to *improved bronchodilation* or *reduced inflammation*, which might be described by a non-linear relationship (e.g., diminishing returns). Or, link FEV1 to cellular processes affected by asthma (e.g., smooth muscle hypertrophy, mucous production) and ask for a quantitative outcome based on *that* connection.

---

**Critique for Question 3:**

```xml
<question>
A study assesses the impact of pharmacist-led counseling on adherence to inhaled corticosteroids among individuals with chronic asthma. Before the intervention, the average score on the Adherence Inventory (AI) was 6 (where lower scores indicate better adherence). Following a clinical pharmacological intervention and counseling sessions, the average AI score decreased to 3. Concurrently, the average daily dose of inhaled corticosteroids decreased by 200 $\mu$g. Assuming a direct linear correlation between AI score and daily inhaled corticosteroid usage and that a score of 0 on the AI corresponds to complete cessation of medication usage, calculate the change in daily inhaled corticosteroid usage attributable per one point improvement in AI score ($\mu$g/AI point). If the AI score continued to improve by an additional 2 points in the next 3 months, what would be the total reduction in daily inhaled corticosteroid usage from baseline?
</question>
```

*   **1. Model a biology Scenario:** **Strong.** Realistic scenario involving medication adherence and dosage for chronic asthma.
*   **2. Expect numerical answer:** **Strong.** Asks for two numerical answers.
*   **3. Force Multi-Step Reasoning:** **Moderate.** Requires calculating change per point and then total change, involving multiple arithmetic steps. The "biological principle" is interpreting the AI score and its inverse relationship to adherence, and its given linear correlation with drug usage.
*   **4. Avoid How based questions:** **Strong.** Asks for calculations.
*   **5. Be Unique:** **Strong.** Appears novel.
*   **6. Single Solution:** **Strong.** Given the linear assumptions, the calculations are straightforward.
*   **7. Use rigorous, concise phrasing:** **Strong.** Clear.
*   **9. Units must be consistent:** **Strong.** $\mu$g and $\mu$g/AI point are consistent.
*   **10. Questions must not be multipart:** **FAILURE.** The question asks for two distinct quantities ("calculate the change...per one point improvement..." AND "If the AI score... what would be the total reduction..."). This violates Guideline 10.
*   **11/12. LaTeX:** **Strong.** Correct use of LaTeX for units.

**Concise, Actionable Feedback:**
1.  **Address Multipart (Guideline 10):** Split this into two separate questions. Each question should focus on solving for a single target quantity.
2.  **Enhance Biological Depth (Guideline 3):** After splitting, consider enhancing the biological context. For example, for the second question, instead of just total reduction in dose, ask how that reduction might *biologically* impact side effects (e.g., oral candidiasis, bone density) or the need for rescue medication, requiring some quantitative conversion from dose reduction to a relevant biological outcome beyond just raw dose.

---

**Critique for Question 4:**

```xml
<question>
Patients with chronic bronchitis were given both medication and counseling over a period of six months. Before the intervention, a group of 100 patients had an average Drug Adherence Index (DAI) score of 4. After the intervention, their average DAI score changed to 6. Each point on the DAI corresponds linearly to a specific improvement in lung capacity (measured as Forced Vital Capacity or FVC), and if 1 point increase is correlated to FVC increasing by 0.2L, calculate the total improvement in FVC (in liters) across all 100 patients that is attributable to the intervention.
</question>
```

*   **1. Model a biology Scenario:** **Strong.** Realistic scenario involving chronic bronchitis, adherence, and lung capacity.
*   **2. Expect numerical answer:** **Strong.** Asks for a total volume in liters.
*   **3. Force Multi-Step Reasoning:** **Moderate.** Requires calculating change in DAI, then multiplying by a given conversion factor, and finally scaling for the number of patients. This is essentially a multi-step arithmetic problem where the conversion factor (DAI to FVC) is directly provided. It lacks a deeper biological reasoning step or integration of multiple distinct biological principles.
*   **4. Avoid How based questions:** **Strong.** Asks for a calculation.
*   **5. Be Unique:** **Strong.** Appears novel.
*   **6. Single Solution:** **Strong.** Clear calculation.
*   **7. Use rigorous, concise phrasing:** **Strong.** Clear and concise.
*   **9. Units must be consistent:** **Strong.** Liters are used correctly and consistently.
*   **10. Questions must not be multipart:** **Strong.** Asks for a single value.
*   **11/12. LaTeX:** **Strong.** LaTeX for liters is handled correctly.

**Concise, Actionable Feedback:**
1.  **Enhance Biological Depth (Guideline 3):** To improve, consider adding a step that requires biological knowledge beyond direct proportionality. For example, instead of a direct DAI-to-FVC correlation, introduce a concept about how adherence influences inflammation, and how reduced inflammation *then* impacts FVC, possibly through a different, quantitatively defined biological relationship. Or, link FVC improvement to gas exchange efficiency or cellular respiration rates, requiring calculations based on those additional biological parameters.

---

**Critique for Question 5:**

```xml
<question>
A research team is investigating the efficacy of a comprehensive educational program designed to improve medication adherence among patients with cystic fibrosis. Before the intervention, the patients exhibit a median MMAS-8 score of 3.0. Following a 12-month intervention period, the median MMAS-8 score increases to 7.0. If perfect adherence (MMAS-8 score of 8) results in a 50% reduction in pulmonary exacerbations, calculate the expected percentage reduction in pulmonary exacerbations for the patients in this study, assuming a linear relationship between MMAS-8 score and reduction in pulmonary exacerbations.
</question>
```

*   **1. Model a biology Scenario:** **Strong.** Realistic scenario involving cystic fibrosis, adherence, and clinical outcomes.
*   **2. Expect numerical answer:** **Strong.** Asks for a percentage.
*   **3. Force Multi-Step Reasoning:** **Moderate.** Requires calculating the change in MMAS-8 score, then using a given linear relationship to convert this into a percentage reduction in exacerbations. Similar to previous questions, the core "biological principle" is the interpretation of a scale and its given linear correlation to an outcome. It's primarily a quantitative scaling problem.
*   **4. Avoid How based questions:** **Strong.** Asks for a calculation.
*   **5. Be Unique:** **Strong.** Appears novel.
*   **6. Single Solution:** **Strong.** The linear relationship, usually implying passage through the origin (0 MMAS-8 score = 0% reduction), leads to a single answer.
*   **7. Use rigorous, concise phrasing:** **Strong.** Clear and precise.
*   **9. Units must be consistent:** **Strong.** Percentages are consistent.
*   **10. Questions must not be multipart:** **Strong.** Asks for a single value.
*   **11/12. LaTeX:** **N/A.** No complex equations within the question text.

**Concise, Actionable Feedback:**
1.  **Enhance Biological Depth (Guideline 3):** To improve, integrate another biological principle. For example, explain *why* perfect adherence leads to a reduction in exacerbations in CF (e.g., targeting specific bacterial loads, reducing inflammation, improving mucociliary clearance). Then, ask a question that ties the calculated reduction in exacerbations to a measurable change in a biological marker (e.g., neutrophil elastase activity, cytokine levels in sputum), requiring a conversion factor or understanding of that relationship.

---

**Overall Feedback on the Set:**

The questions are well-crafted in terms of scenario modeling, clarity, and formatting. However, they share a common limitation in their **biological depth (Guideline 1)** and how they **force multi-step reasoning (Guideline 3)**. Currently, most questions primarily test quantitative data interpretation and linear scaling within a biological context, rather than requiring the student to apply or integrate multiple distinct biological principles or conceptual understandings beyond the directly stated relationships (e.g., "MMAS-8 is linear to adherence," "PEF is proportional to FEV1").

**To significantly improve the set's adherence to "Force Multi-Step Reasoning" and "Model a biology Scenario" (especially the conceptual understanding/physical reasoning part):**

*   **Integrate a Second Biological Principle:** Introduce an additional layer where the output of the first calculation (e.g., adherence percentage, FVC change) then needs to be used with another *biological* concept or mechanism to reach the final answer. This could involve:
    *   **Pharmacodynamics/Pharmacokinetics:** How a change in adherence/dose affects drug concentration, receptor binding, or enzyme activity, leading to a physiological outcome.
    *   **Physiological Cascades:** How an improvement in one biological metric (e.g., lung function) propagates through a physiological system to affect another (e.g., oxygen saturation, cellular metabolism).
    *   **Cellular/Molecular Basis:** Relate the macroscopic change to underlying cellular or molecular events (e.g., reduction in inflammation linked to cytokine levels, cellular proliferation rates, gene expression).
    *   **Disease Progression/Pathophysiology:** Require an understanding of how the intervention impacts disease progression or the underlying pathology, not just a direct linear outcome.
*   **Introduce Non-Linear Relationships (if appropriate):** While linear relationships are common, some biological phenomena are non-linear (e.g., enzyme kinetics, dose-response curves). If a non-linear relationship is stated, it adds complexity beyond simple multiplication.
*   **Require Interpretation of Data beyond Direct Conversion:** Ask what the *implications* of the calculated changes are in a broader biological or clinical context, even if the final answer is still numerical.

By making these changes, the questions will move beyond being primarily quantitative reasoning problems and become more robust assessments of biological understanding and multi-step biological reasoning.
=== Turn 2: Author refines questions ===
Okay, based on your detailed feedback, here's a revised set of questions aimed at increasing the biological depth and forcing multi-step biological reasoning, while also addressing the other points you raised.

```xml
<question>
A clinical trial investigates the effectiveness of a new counseling strategy on medication adherence in chronic obstructive pulmonary disease (COPD) patients. Initially, 200 patients are enrolled, and their adherence is assessed using the Morisky Medication Adherence Scale (MMAS-8). The mean MMAS-8 score at baseline is 4.0. After six months of the new counseling strategy, the mean MMAS-8 score increases to 6.0. Simultaneously, a control group of 200 patients receives standard care, and their mean MMAS-8 score increases from 4.0 to 4.5. Assuming a linear relationship between MMAS-8 score and the percentage of prescribed medication taken, and that a perfect MMAS-8 score of 8 represents 100% adherence, calculate the percentage by which the *specific improvement in adherence attributable to the counseling strategy* (i.e., the difference between the treatment group's adherence gain and the control group's adherence gain) *exceeds* the adherence improvement observed in the control group. Furthermore, if a minimum of 80% adherence is required to maintain therapeutic levels of inhaled corticosteroids known to suppress TNF-$\alpha$, and each 1% increase in adherence above 80% corresponds to a 0.5 pg/mL reduction in TNF-$\alpha$ levels, what would be the expected reduction in TNF-$\alpha$ levels (pg/mL) in the treatment group as a result of the *counseling strategy itself* (i.e., accounting for the control group's change)?
</question>

<question>
Researchers are evaluating the impact of an educational intervention on asthma management in children. At the start of the study, the average peak expiratory flow (PEF) rate of children in the intervention group is $300\,\mathrm{L/min}$. After three months of the intervention, which includes tailored counseling and reinforcement techniques, their average PEF rate increases to $360\,\mathrm{L/min}$. In the control group, receiving standard asthma education, the average PEF rate increases from $300\,\mathrm{L/min}$ to $320\,\mathrm{L/min}$ over the same period. If the PEF rate is directly proportional to the forced expiratory volume in 1 second (FEV1), and FEV1 indicates lung function, what is the *net percentage increase* in FEV1 attributable to the educational intervention, above the effect of standard education?  Assuming that improved bronchodilation (resulting from the FEV1 increase due to the intervention) reduces the need for albuterol rescue inhaler use, and that a 1% increase in FEV1 translates to a 0.5% reduction in albuterol rescue inhaler puffs per week, what is the predicted percentage reduction in weekly albuterol rescue inhaler puffs specifically attributable to the educational intervention's impact on FEV1 *above and beyond the control group's change*?
</question>

<question>
A study assesses the impact of pharmacist-led counseling on adherence to inhaled corticosteroids among individuals with chronic asthma. Before the intervention, the average score on the Adherence Inventory (AI) was 6 (where lower scores indicate better adherence). Following a clinical pharmacological intervention and counseling sessions, the average AI score decreased to 3. Concurrently, the average daily dose of inhaled corticosteroids decreased by 200 $\mu$g. Assuming a direct linear correlation between AI score and daily inhaled corticosteroid usage and that a score of 0 on the AI corresponds to complete cessation of medication usage, calculate the change in daily inhaled corticosteroid usage attributable per one point improvement in AI score ($\mu$g/AI point).
</question>

<question>
A study assesses the impact of pharmacist-led counseling on adherence to inhaled corticosteroids among individuals with chronic asthma.  The average AI score before the intervention was 6. Following the intervention the average AI score continued to improve by an additional 2 points in the next 3 months.  If each 100 $\mu$g reduction in inhaled corticosteroid dose is associated with a 2% decrease in the incidence of oral candidiasis, what is the expected percentage decrease in the incidence of oral candidiasis due to the additional improvement in AI score?  Assume a linear relationship between corticosteroid dose and the incidence of oral candidiasis.
</question>

<question>
Patients with chronic bronchitis were given both medication and counseling over a period of six months. Before the intervention, a group of 100 patients had an average Drug Adherence Index (DAI) score of 4. After the intervention, their average DAI score changed to 6. Each point on the DAI corresponds linearly to a specific impact on inflammatory marker IL-8, and if 1 point increase in DAI correlates to IL-8 levels decreasing by 5 pg/mL, and that each 1 pg/mL decrease in IL-8 is associated with a 0.01L increase in FVC, calculate the total improvement in FVC (in liters) across all 100 patients that is attributable to the intervention.
</question>

<question>
A research team is investigating the efficacy of a comprehensive educational program designed to improve medication adherence among patients with cystic fibrosis. Before the intervention, the patients exhibit a median MMAS-8 score of 3.0. Following a 12-month intervention period, the median MMAS-8 score increases to 7.0. If perfect adherence (MMAS-8 score of 8) results in a 50% reduction in pulmonary exacerbations due to improved mucociliary clearance and reduced bacterial colonization, and the relationship between adherence and reduction in exacerbations is linear, calculate the expected percentage reduction in pulmonary exacerbations for the patients in this study. Furthermore, if each 10% reduction in pulmonary exacerbations correlates with a 0.1 increase in BMI, what is the expected increase in BMI in the patients in this study as a result of improved adherence?
</question>
```
Key Changes and Rationale:

*   **Question 1:** Added TNF-$\alpha$ level calculation.  This requires calculating the adherence improvement attributable to the intervention, comparing it to the 80% threshold, and then using that to calculate the TNF-$\alpha$ reduction. This adds a pharmacodynamic layer. The question uses `Calculate the percentage by which the specific improvement in adherence attributable to the counseling strategy (i.e., the difference between the treatment group's adherence gain and the control group's adherence gain) exceeds the adherence improvement observed in the control group` to clarify what is meant.
*   **Question 2:** Linked FEV1 improvement to albuterol rescue inhaler use reduction.  This introduces a physiological outcome beyond just lung function, requiring a calculation based on the intervention's specific impact.  It also makes it explicit in the last line that the intent is to calculate `above and beyond the control group's change.`
*   **Question 3 & 4:** Question 3 was split into two parts per the feedback. Then question 4 has been edited. It now relates corticosteroid dose reduction to a decrease in oral candidiasis incidence. This adds a clinical outcome linked to medication side effects.
*   **Question 5:**  Now calculates FVC based on the impact on inflammatory marker IL-8, requiring an additional step to calculate the improvement in FVC based on a new DAI to IL-8 correlation.
*   **Question 6:** Links reduction in pulmonary exacerbations to a change in BMI. This requires understanding that reduced exacerbations can lead to improved nutritional status in CF patients and then quantifying that change based on the calculated exacerbation reduction.

These revisions aim to create questions that are more challenging and better reflect the kind of multi-step biological reasoning expected in a more advanced context. They require not just manipulating numbers but also applying an understanding of physiological relationships and disease processes.
=== Final questions generated ===
